device/hisilicon/bigfish/external/dhcp/common/dns.c: In function 'trace_ddns_input_read':
device/hisilicon/bigfish/external/dhcp/common/dns.c:355:37: warning: unused parameter 'ttype' [-Wunused-parameter]
 trace_ddns_input_read(trace_type_t *ttype, unsigned length,
                                     ^
device/hisilicon/bigfish/external/dhcp/common/dns.c: In function 'trace_ddns_input_stop':
device/hisilicon/bigfish/external/dhcp/common/dns.c:410:37: warning: unused parameter 'ttype' [-Wunused-parameter]
 trace_ddns_input_stop(trace_type_t *ttype)
                                     ^
device/hisilicon/bigfish/external/dhcp/common/dns.c: In function 'trace_ddns_output_read':
device/hisilicon/bigfish/external/dhcp/common/dns.c:522:38: warning: unused parameter 'ttype' [-Wunused-parameter]
 trace_ddns_output_read(trace_type_t *ttype, unsigned length,
                                      ^
device/hisilicon/bigfish/external/dhcp/common/dns.c:522:54: warning: unused parameter 'length' [-Wunused-parameter]
 trace_ddns_output_read(trace_type_t *ttype, unsigned length,
                                                      ^
device/hisilicon/bigfish/external/dhcp/common/dns.c:523:14: warning: unused parameter 'buf' [-Wunused-parameter]
        char *buf)
              ^
device/hisilicon/bigfish/external/dhcp/common/dns.c: In function 'trace_ddns_output_stop':
device/hisilicon/bigfish/external/dhcp/common/dns.c:529:38: warning: unused parameter 'ttype' [-Wunused-parameter]
 trace_ddns_output_stop(trace_type_t *ttype)
                                      ^
device/hisilicon/bigfish/external/dhcp/common/dns.c: In function 'find_tsig_key':
device/hisilicon/bigfish/external/dhcp/common/dns.c:613:60: warning: unused parameter 'zname' [-Wunused-parameter]
 isc_result_t find_tsig_key (ns_tsig_key **key, const char *zname,
                                                            ^
device/hisilicon/bigfish/external/dhcp/common/dns.c: In function 'zone_addr_to_ns':
device/hisilicon/bigfish/external/dhcp/common/dns.c:821:39: warning: comparison between signed and unsigned integer expressions [-Wsign-compare]
  if ((ns_cb->ttl == 0) || (ns_cb->ttl > rdataset->ttl))
                                       ^
device/hisilicon/bigfish/external/dhcp/common/dns.c: In function 'find_zone_addrs':
device/hisilicon/bigfish/external/dhcp/common/dns.c:857:29: warning: unused parameter 'taskp' [-Wunused-parameter]
 find_zone_addrs(isc_task_t *taskp,
                             ^
device/hisilicon/bigfish/external/dhcp/common/dns.c: In function 'find_zone_ns':
device/hisilicon/bigfish/external/dhcp/common/dns.c:1025:26: warning: unused parameter 'taskp' [-Wunused-parameter]
 find_zone_ns(isc_task_t *taskp,
                          ^
device/hisilicon/bigfish/external/dhcp/common/dns.c: In function 'find_cached_zone':
device/hisilicon/bigfish/external/dhcp/common/dns.c:1302:16: warning: comparison between signed and unsigned integer expressions [-Wsign-compare]
     if (ip + 4 > nsaddrs.len)
                ^
device/hisilicon/bigfish/external/dhcp/common/dns.c:1324:17: warning: comparison between signed and unsigned integer expressions [-Wsign-compare]
     if (ip + 16 > nsaddrs.len)
                 ^
device/hisilicon/bigfish/external/dhcp/common/dns.c:1346:16: warning: comparison between signed and unsigned integer expressions [-Wsign-compare]
     if (ip + 4 > nsaddrs.len)
                ^
device/hisilicon/bigfish/external/dhcp/common/dns.c:1368:17: warning: comparison between signed and unsigned integer expressions [-Wsign-compare]
     if (ip + 16 > nsaddrs.len)
                 ^
device/hisilicon/bigfish/external/dhcp/common/dns.c: In function 'get_int_dhcid':
device/hisilicon/bigfish/external/dhcp/common/dns.c:1625:16: warning: comparison between signed and unsigned integer expressions [-Wsign-compare]
  for (i = 0; i < ISC_MD5_DIGESTLENGTH; i++) {
                ^
device/hisilicon/bigfish/external/dhcp/common/dns.c: In function 'ddns_interlude':
device/hisilicon/bigfish/external/dhcp/common/dns.c:2042:34: warning: unused parameter 'taskp' [-Wunused-parameter]
 void ddns_interlude(isc_task_t  *taskp,
                                  ^
device/hisilicon/bigfish/external/dhcp/common/dns.c: In function 'ddns_modify_fwd':
device/hisilicon/bigfish/external/dhcp/common/dns.c:2141:54: warning: unused parameter 'file' [-Wunused-parameter]
 ddns_modify_fwd(dhcp_ddns_cb_t *ddns_cb, const char *file, int line)
                                                      ^
device/hisilicon/bigfish/external/dhcp/common/dns.c:2141:64: warning: unused parameter 'line' [-Wunused-parameter]
 ddns_modify_fwd(dhcp_ddns_cb_t *ddns_cb, const char *file, int line)
                                                                ^
device/hisilicon/bigfish/external/dhcp/common/dns.c: In function 'ddns_modify_ptr':
device/hisilicon/bigfish/external/dhcp/common/dns.c:2349:54: warning: unused parameter 'file' [-Wunused-parameter]
 ddns_modify_ptr(dhcp_ddns_cb_t *ddns_cb, const char *file, int line)
                                                      ^
device/hisilicon/bigfish/external/dhcp/common/dns.c:2349:64: warning: unused parameter 'line' [-Wunused-parameter]
 ddns_modify_ptr(dhcp_ddns_cb_t *ddns_cb, const char *file, int line)
                                                                ^
device/hisilicon/bigfish/external/dhcp/common/dns.c: In function 'ddns_cancel':
device/hisilicon/bigfish/external/dhcp/common/dns.c:2568:50: warning: unused parameter 'file' [-Wunused-parameter]
 ddns_cancel(dhcp_ddns_cb_t *ddns_cb, const char *file, int line) {
                                                  ^
device/hisilicon/bigfish/external/dhcp/common/dns.c:2568:60: warning: unused parameter 'line' [-Wunused-parameter]
 ddns_cancel(dhcp_ddns_cb_t *ddns_cb, const char *file, int line) {
                                                            ^
