In file included from component/appman/downloadmanager/downloader/oc/basesdk/workspace/src/../inc/wrapperos_inc.h:7:0,
                 from component/appman/downloadmanager/downloader/oc/basesdk/workspace/src/wrapperos_part02.c:3:
component/appman/downloadmanager/downloader/oc/includeExport/project/project_cfg.h:4:0: warning: ignoring #pragma warning  [-Wunknown-pragmas]
 #pragma warning(disable:4996 4819 4244 4267 4311 4312 4133)
 ^
In file included from component/appman/downloadmanager/downloader/oc/basesdk/workspace/src/../inc/wrapperos_inc.h:28:0,
                 from component/appman/downloadmanager/downloader/oc/basesdk/workspace/src/wrapperos_part02.c:3:
component/appman/downloadmanager/downloader/oc/basesdk/workspace/src/../inc/../../linux/ktx_ipc_linux.c: In function 'ktx_sharedmemory_create':
component/appman/downloadmanager/downloader/oc/basesdk/workspace/src/../inc/../../linux/ktx_ipc_linux.c:49:45: warning: unused parameter 'name' [-Wunused-parameter]
 McHandle ktx_sharedmemory_create(const char*name, ui32 maxSize){
                                             ^
component/appman/downloadmanager/downloader/oc/basesdk/workspace/src/../inc/../../linux/ktx_ipc_linux.c:49:56: warning: unused parameter 'maxSize' [-Wunused-parameter]
 McHandle ktx_sharedmemory_create(const char*name, ui32 maxSize){
                                                        ^
component/appman/downloadmanager/downloader/oc/basesdk/workspace/src/../inc/../../linux/ktx_ipc_linux.c: In function 'ktx_sharedmemory_open':
component/appman/downloadmanager/downloader/oc/basesdk/workspace/src/../inc/../../linux/ktx_ipc_linux.c:55:43: warning: unused parameter 'name' [-Wunused-parameter]
 McHandle ktx_sharedmemory_open(const char*name){
                                           ^
component/appman/downloadmanager/downloader/oc/basesdk/workspace/src/../inc/../../linux/ktx_ipc_linux.c: In function 'ktx_sharedmemory_close':
component/appman/downloadmanager/downloader/oc/basesdk/workspace/src/../inc/../../linux/ktx_ipc_linux.c:61:40: warning: unused parameter 'h' [-Wunused-parameter]
 bool32 ktx_sharedmemory_close(McHandle h){
                                        ^
component/appman/downloadmanager/downloader/oc/basesdk/workspace/src/../inc/../../linux/ktx_ipc_linux.c: In function 'ktx_sharedmemory_map':
component/appman/downloadmanager/downloader/oc/basesdk/workspace/src/../inc/../../linux/ktx_ipc_linux.c:67:37: warning: unused parameter 'h' [-Wunused-parameter]
 void* ktx_sharedmemory_map(McHandle h, void*addr, ui32 access,ui32*length){
                                     ^
component/appman/downloadmanager/downloader/oc/basesdk/workspace/src/../inc/../../linux/ktx_ipc_linux.c:67:45: warning: unused parameter 'addr' [-Wunused-parameter]
 void* ktx_sharedmemory_map(McHandle h, void*addr, ui32 access,ui32*length){
                                             ^
component/appman/downloadmanager/downloader/oc/basesdk/workspace/src/../inc/../../linux/ktx_ipc_linux.c:67:56: warning: unused parameter 'access' [-Wunused-parameter]
 void* ktx_sharedmemory_map(McHandle h, void*addr, ui32 access,ui32*length){
                                                        ^
component/appman/downloadmanager/downloader/oc/basesdk/workspace/src/../inc/../../linux/ktx_ipc_linux.c:67:68: warning: unused parameter 'length' [-Wunused-parameter]
 void* ktx_sharedmemory_map(McHandle h, void*addr, ui32 access,ui32*length){
                                                                    ^
component/appman/downloadmanager/downloader/oc/basesdk/workspace/src/../inc/../../linux/ktx_ipc_linux.c: In function 'ktx_sharedmemory_unmap':
component/appman/downloadmanager/downloader/oc/basesdk/workspace/src/../inc/../../linux/ktx_ipc_linux.c:73:40: warning: unused parameter 'h' [-Wunused-parameter]
 bool32 ktx_sharedmemory_unmap(McHandle h,void*addr){
                                        ^
component/appman/downloadmanager/downloader/oc/basesdk/workspace/src/../inc/../../linux/ktx_ipc_linux.c:73:47: warning: unused parameter 'addr' [-Wunused-parameter]
 bool32 ktx_sharedmemory_unmap(McHandle h,void*addr){
                                               ^
component/appman/downloadmanager/downloader/oc/basesdk/workspace/src/../inc/../../linux/ktx_ipc_linux.c: In function 'ktx_syncevent_create':
component/appman/downloadmanager/downloader/oc/basesdk/workspace/src/../inc/../../linux/ktx_ipc_linux.c:523:42: warning: unused parameter 'name' [-Wunused-parameter]
 McHandle ktx_syncevent_create(const char*name, bool32 manual,bool32 initState){
                                          ^
component/appman/downloadmanager/downloader/oc/basesdk/workspace/src/../inc/../../linux/ktx_ipc_linux.c:523:55: warning: unused parameter 'manual' [-Wunused-parameter]
 McHandle ktx_syncevent_create(const char*name, bool32 manual,bool32 initState){
                                                       ^
component/appman/downloadmanager/downloader/oc/basesdk/workspace/src/../inc/../../linux/ktx_ipc_linux.c:523:69: warning: unused parameter 'initState' [-Wunused-parameter]
 McHandle ktx_syncevent_create(const char*name, bool32 manual,bool32 initState){
                                                                     ^
component/appman/downloadmanager/downloader/oc/basesdk/workspace/src/../inc/../../linux/ktx_ipc_linux.c: In function 'ktx_syncevent_open':
component/appman/downloadmanager/downloader/oc/basesdk/workspace/src/../inc/../../linux/ktx_ipc_linux.c:528:40: warning: unused parameter 'name' [-Wunused-parameter]
 McHandle ktx_syncevent_open(const char*name){
                                        ^
component/appman/downloadmanager/downloader/oc/basesdk/workspace/src/../inc/../../linux/ktx_ipc_linux.c: In function 'ktx_syncevent_close':
component/appman/downloadmanager/downloader/oc/basesdk/workspace/src/../inc/../../linux/ktx_ipc_linux.c:533:37: warning: unused parameter 'h' [-Wunused-parameter]
 bool32 ktx_syncevent_close(McHandle h){
                                     ^
component/appman/downloadmanager/downloader/oc/basesdk/workspace/src/../inc/../../linux/ktx_ipc_linux.c: In function 'ktx_syncevent_set':
component/appman/downloadmanager/downloader/oc/basesdk/workspace/src/../inc/../../linux/ktx_ipc_linux.c:538:35: warning: unused parameter 'h' [-Wunused-parameter]
 bool32 ktx_syncevent_set(McHandle h, bool32 b){
                                   ^
component/appman/downloadmanager/downloader/oc/basesdk/workspace/src/../inc/../../linux/ktx_ipc_linux.c:538:45: warning: unused parameter 'b' [-Wunused-parameter]
 bool32 ktx_syncevent_set(McHandle h, bool32 b){
                                             ^
component/appman/downloadmanager/downloader/oc/basesdk/workspace/src/../inc/../../linux/ktx_ipc_linux.c: In function 'ktx_syncevent_wait':
component/appman/downloadmanager/downloader/oc/basesdk/workspace/src/../inc/../../linux/ktx_ipc_linux.c:543:34: warning: unused parameter 'h' [-Wunused-parameter]
 ui32 ktx_syncevent_wait(McHandle h, ui32 timeout){
                                  ^
component/appman/downloadmanager/downloader/oc/basesdk/workspace/src/../inc/../../linux/ktx_ipc_linux.c:543:42: warning: unused parameter 'timeout' [-Wunused-parameter]
 ui32 ktx_syncevent_wait(McHandle h, ui32 timeout){
                                          ^
component/appman/downloadmanager/downloader/oc/basesdk/workspace/src/../inc/../../linux/ktx_ipc_linux.c: In function 'ktx_semaphore_create':
component/appman/downloadmanager/downloader/oc/basesdk/workspace/src/../inc/../../linux/ktx_ipc_linux.c:548:42: warning: unused parameter 'name' [-Wunused-parameter]
 McHandle ktx_semaphore_create(const char*name, si32 iniCount, si32 maxCount){
                                          ^
component/appman/downloadmanager/downloader/oc/basesdk/workspace/src/../inc/../../linux/ktx_ipc_linux.c:548:53: warning: unused parameter 'iniCount' [-Wunused-parameter]
 McHandle ktx_semaphore_create(const char*name, si32 iniCount, si32 maxCount){
                                                     ^
component/appman/downloadmanager/downloader/oc/basesdk/workspace/src/../inc/../../linux/ktx_ipc_linux.c:548:68: warning: unused parameter 'maxCount' [-Wunused-parameter]
 McHandle ktx_semaphore_create(const char*name, si32 iniCount, si32 maxCount){
                                                                    ^
component/appman/downloadmanager/downloader/oc/basesdk/workspace/src/../inc/../../linux/ktx_ipc_linux.c: In function 'ktx_semaphore_open':
component/appman/downloadmanager/downloader/oc/basesdk/workspace/src/../inc/../../linux/ktx_ipc_linux.c:554:40: warning: unused parameter 'name' [-Wunused-parameter]
 McHandle ktx_semaphore_open(const char*name){
                                        ^
component/appman/downloadmanager/downloader/oc/basesdk/workspace/src/../inc/../../linux/ktx_ipc_linux.c: In function 'ktx_semaphore_close':
component/appman/downloadmanager/downloader/oc/basesdk/workspace/src/../inc/../../linux/ktx_ipc_linux.c:560:37: warning: unused parameter 'h' [-Wunused-parameter]
 bool32 ktx_semaphore_close(McHandle h){
                                     ^
component/appman/downloadmanager/downloader/oc/basesdk/workspace/src/../inc/../../linux/ktx_ipc_linux.c: In function 'ktx_semaphore_reserve':
component/appman/downloadmanager/downloader/oc/basesdk/workspace/src/../inc/../../linux/ktx_ipc_linux.c:566:37: warning: unused parameter 'h' [-Wunused-parameter]
 ui32 ktx_semaphore_reserve(McHandle h, ui32 timeout){
                                     ^
component/appman/downloadmanager/downloader/oc/basesdk/workspace/src/../inc/../../linux/ktx_ipc_linux.c:566:45: warning: unused parameter 'timeout' [-Wunused-parameter]
 ui32 ktx_semaphore_reserve(McHandle h, ui32 timeout){
                                             ^
component/appman/downloadmanager/downloader/oc/basesdk/workspace/src/../inc/../../linux/ktx_ipc_linux.c: In function 'ktx_semaphore_release':
component/appman/downloadmanager/downloader/oc/basesdk/workspace/src/../inc/../../linux/ktx_ipc_linux.c:572:39: warning: unused parameter 'h' [-Wunused-parameter]
 bool32 ktx_semaphore_release(McHandle h, ui32 count){
                                       ^
component/appman/downloadmanager/downloader/oc/basesdk/workspace/src/../inc/../../linux/ktx_ipc_linux.c:572:47: warning: unused parameter 'count' [-Wunused-parameter]
 bool32 ktx_semaphore_release(McHandle h, ui32 count){
                                               ^
In file included from component/appman/downloadmanager/downloader/oc/basesdk/workspace/src/../inc/wrapperos_inc.h:32:0,
                 from component/appman/downloadmanager/downloader/oc/basesdk/workspace/src/wrapperos_part02.c:3:
component/appman/downloadmanager/downloader/oc/basesdk/workspace/src/../inc/../../share/ktx_thread.c: At top level:
component/appman/downloadmanager/downloader/oc/basesdk/workspace/src/../inc/../../share/ktx_thread.c:118:1: warning: missing braces around initializer [-Wmissing-braces]
 static McMutex       thread_sem_mtx[1]  = {0};
 ^
component/appman/downloadmanager/downloader/oc/basesdk/workspace/src/../inc/../../share/ktx_thread.c:118:1: warning: (near initialization for 'thread_sem_mtx[0]') [-Wmissing-braces]
In file included from component/appman/downloadmanager/downloader/oc/basesdk/workspace/src/../inc/wrapperos_inc.h:32:0,
                 from component/appman/downloadmanager/downloader/oc/basesdk/workspace/src/wrapperos_part02.c:3:
component/appman/downloadmanager/downloader/oc/basesdk/workspace/src/../inc/../../share/ktx_thread.c: In function 'ktx_thread_join':
component/appman/downloadmanager/downloader/oc/basesdk/workspace/src/../inc/../../share/ktx_thread.c:378:42: warning: unused parameter 'v' [-Wunused-parameter]
 bool32 ktx_thread_join(McThread h, void**v)
                                          ^
component/appman/downloadmanager/downloader/oc/basesdk/workspace/src/../inc/../../share/ktx_thread.c: In function 'ktx_atomic_init_global':
component/appman/downloadmanager/downloader/oc/basesdk/workspace/src/../inc/../../share/ktx_thread.c:999:19: warning: comparison between signed and unsigned integer expressions [-Wsign-compare]
     for (i = 0; i < SWAP_LOCK_COUNT; i++) {
                   ^
component/appman/downloadmanager/downloader/oc/basesdk/workspace/src/../inc/../../share/ktx_thread.c: In function 'ktx_atomic_uninit_global':
component/appman/downloadmanager/downloader/oc/basesdk/workspace/src/../inc/../../share/ktx_thread.c:1012:19: warning: comparison between signed and unsigned integer expressions [-Wsign-compare]
     for (i = 0; i < SWAP_LOCK_COUNT; i++) {
                   ^
component/appman/downloadmanager/downloader/oc/basesdk/workspace/src/../inc/../../share/ktx_thread.c: In function 'ktx_thread_finalize':
component/appman/downloadmanager/downloader/oc/basesdk/workspace/src/../inc/../../share/ktx_thread.c:1608:44: warning: assignment makes integer from pointer without a cast [enabled by default]
     GET_PTHREADT_VALUE(thread_main_handle) = NULL;
                                            ^
