platform/android/external/javasqlite/src/main/native/sqlite_jni.c: In function 'globrefpop':
platform/android/external/javasqlite/src/main/native/sqlite_jni.c:272:20: warning: unused parameter 'env' [-Wunused-parameter]
 globrefpop(JNIEnv *env, jobject *obj)
                    ^
platform/android/external/javasqlite/src/main/native/sqlite_jni.c: In function 'Java_SQLite_Database_version':
platform/android/external/javasqlite/src/main/native/sqlite_jni.c:917:50: warning: unused parameter 'cls' [-Wunused-parameter]
 Java_SQLite_Database_version(JNIEnv *env, jclass cls)
                                                  ^
platform/android/external/javasqlite/src/main/native/sqlite_jni.c: In function 'Java_SQLite_Database__1complete':
platform/android/external/javasqlite/src/main/native/sqlite_jni.c:1005:53: warning: unused parameter 'cls' [-Wunused-parameter]
 Java_SQLite_Database__1complete(JNIEnv *env, jclass cls, jstring sql)
                                                     ^
platform/android/external/javasqlite/src/main/native/sqlite_jni.c: In function 'Java_SQLite_Database__1open4':
platform/android/external/javasqlite/src/main/native/sqlite_jni.c:1052:75: warning: unused parameter 'mode' [-Wunused-parameter]
 Java_SQLite_Database__1open4(JNIEnv *env, jobject obj, jstring file, jint mode,
                                                                           ^
platform/android/external/javasqlite/src/main/native/sqlite_jni.c:1053:17: warning: unused parameter 'vfs' [-Wunused-parameter]
         jstring vfs, jboolean ver2)
                 ^
platform/android/external/javasqlite/src/main/native/sqlite_jni.c:1053:31: warning: unused parameter 'ver2' [-Wunused-parameter]
         jstring vfs, jboolean ver2)
                               ^
platform/android/external/javasqlite/src/main/native/sqlite_jni.c: In function 'Java_SQLite_Database__1open_1aux_1file':
platform/android/external/javasqlite/src/main/native/sqlite_jni.c:1272:74: warning: unused parameter 'file' [-Wunused-parameter]
 Java_SQLite_Database__1open_1aux_1file(JNIEnv *env, jobject obj, jstring file)
                                                                          ^
platform/android/external/javasqlite/src/main/native/sqlite_jni.c: In function 'Java_SQLite_Database__1function_1type':
platform/android/external/javasqlite/src/main/native/sqlite_jni.c:1967:19: warning: unused parameter 'name' [-Wunused-parameter]
           jstring name, jint type)
                   ^
platform/android/external/javasqlite/src/main/native/sqlite_jni.c:1967:30: warning: unused parameter 'type' [-Wunused-parameter]
           jstring name, jint type)
                              ^
platform/android/external/javasqlite/src/main/native/sqlite_jni.c: In function 'Java_SQLite_FunctionContext_set_1result_1zeroblob':
platform/android/external/javasqlite/src/main/native/sqlite_jni.c:2227:59: warning: unused parameter 'env' [-Wunused-parameter]
 Java_SQLite_FunctionContext_set_1result_1zeroblob(JNIEnv *env, jobject obj,
                                                           ^
platform/android/external/javasqlite/src/main/native/sqlite_jni.c:2227:72: warning: unused parameter 'obj' [-Wunused-parameter]
 Java_SQLite_FunctionContext_set_1result_1zeroblob(JNIEnv *env, jobject obj,
                                                                        ^
platform/android/external/javasqlite/src/main/native/sqlite_jni.c:2228:14: warning: unused parameter 'n' [-Wunused-parameter]
         jint n)
              ^
platform/android/external/javasqlite/src/main/native/sqlite_jni.c: In function 'Java_SQLite_Database_error_1string':
platform/android/external/javasqlite/src/main/native/sqlite_jni.c:2246:56: warning: unused parameter 'c' [-Wunused-parameter]
 Java_SQLite_Database_error_1string(JNIEnv *env, jclass c, jint err)
                                                        ^
platform/android/external/javasqlite/src/main/native/sqlite_jni.c:2246:64: warning: unused parameter 'err' [-Wunused-parameter]
 Java_SQLite_Database_error_1string(JNIEnv *env, jclass c, jint err)
                                                                ^
platform/android/external/javasqlite/src/main/native/sqlite_jni.c: In function 'Java_SQLite_Database__1set_1encoding':
platform/android/external/javasqlite/src/main/native/sqlite_jni.c:2275:72: warning: unused parameter 'enc' [-Wunused-parameter]
 Java_SQLite_Database__1set_1encoding(JNIEnv *env, jobject obj, jstring enc)
                                                                        ^
platform/android/external/javasqlite/src/main/native/sqlite_jni.c: In function 'Java_SQLite_Database_is3':
platform/android/external/javasqlite/src/main/native/sqlite_jni.c:3458:34: warning: unused parameter 'env' [-Wunused-parameter]
 Java_SQLite_Database_is3(JNIEnv *env, jobject obj)
                                  ^
platform/android/external/javasqlite/src/main/native/sqlite_jni.c:3458:47: warning: unused parameter 'obj' [-Wunused-parameter]
 Java_SQLite_Database_is3(JNIEnv *env, jobject obj)
                                               ^
platform/android/external/javasqlite/src/main/native/sqlite_jni.c: In function 'Java_SQLite_Database_stmt_1prepare':
platform/android/external/javasqlite/src/main/native/sqlite_jni.c:3597:15: warning: comparison between signed and unsigned integer expressions [-Wsign-compare]
     if (len16 < sizeof (jchar)) {
               ^
platform/android/external/javasqlite/src/main/native/sqlite_jni.c: In function 'Java_SQLite_Stmt_clear_1bindings':
platform/android/external/javasqlite/src/main/native/sqlite_jni.c:3707:55: warning: unused parameter 'obj' [-Wunused-parameter]
 Java_SQLite_Stmt_clear_1bindings(JNIEnv *env, jobject obj)
                                                       ^
platform/android/external/javasqlite/src/main/native/sqlite_jni.c: In function 'Java_SQLite_Stmt_bind_1zeroblob':
platform/android/external/javasqlite/src/main/native/sqlite_jni.c:3940:54: warning: unused parameter 'obj' [-Wunused-parameter]
 Java_SQLite_Stmt_bind_1zeroblob(JNIEnv *env, jobject obj, jint pos, jint len)
                                                      ^
platform/android/external/javasqlite/src/main/native/sqlite_jni.c:3940:64: warning: unused parameter 'pos' [-Wunused-parameter]
 Java_SQLite_Stmt_bind_1zeroblob(JNIEnv *env, jobject obj, jint pos, jint len)
                                                                ^
platform/android/external/javasqlite/src/main/native/sqlite_jni.c:3940:74: warning: unused parameter 'len' [-Wunused-parameter]
 Java_SQLite_Stmt_bind_1zeroblob(JNIEnv *env, jobject obj, jint pos, jint len)
                                                                          ^
platform/android/external/javasqlite/src/main/native/sqlite_jni.c: In function 'Java_SQLite_Stmt_column_1table_1name':
platform/android/external/javasqlite/src/main/native/sqlite_jni.c:4219:59: warning: unused parameter 'obj' [-Wunused-parameter]
 Java_SQLite_Stmt_column_1table_1name(JNIEnv *env, jobject obj, jint col)
                                                           ^
platform/android/external/javasqlite/src/main/native/sqlite_jni.c:4219:69: warning: unused parameter 'col' [-Wunused-parameter]
 Java_SQLite_Stmt_column_1table_1name(JNIEnv *env, jobject obj, jint col)
                                                                     ^
platform/android/external/javasqlite/src/main/native/sqlite_jni.c: In function 'Java_SQLite_Stmt_column_1database_1name':
platform/android/external/javasqlite/src/main/native/sqlite_jni.c:4246:62: warning: unused parameter 'obj' [-Wunused-parameter]
 Java_SQLite_Stmt_column_1database_1name(JNIEnv *env, jobject obj, jint col)
                                                              ^
platform/android/external/javasqlite/src/main/native/sqlite_jni.c:4246:72: warning: unused parameter 'col' [-Wunused-parameter]
 Java_SQLite_Stmt_column_1database_1name(JNIEnv *env, jobject obj, jint col)
                                                                        ^
platform/android/external/javasqlite/src/main/native/sqlite_jni.c: In function 'Java_SQLite_Stmt_column_1origin_1name':
platform/android/external/javasqlite/src/main/native/sqlite_jni.c:4300:60: warning: unused parameter 'obj' [-Wunused-parameter]
 Java_SQLite_Stmt_column_1origin_1name(JNIEnv *env, jobject obj, jint col)
                                                            ^
platform/android/external/javasqlite/src/main/native/sqlite_jni.c:4300:70: warning: unused parameter 'col' [-Wunused-parameter]
 Java_SQLite_Stmt_column_1origin_1name(JNIEnv *env, jobject obj, jint col)
                                                                      ^
platform/android/external/javasqlite/src/main/native/sqlite_jni.c: In function 'Java_SQLite_Stmt_status':
platform/android/external/javasqlite/src/main/native/sqlite_jni.c:4327:33: warning: unused parameter 'env' [-Wunused-parameter]
 Java_SQLite_Stmt_status(JNIEnv *env, jobject obj, jint op, jboolean flg)
                                 ^
platform/android/external/javasqlite/src/main/native/sqlite_jni.c:4327:46: warning: unused parameter 'obj' [-Wunused-parameter]
 Java_SQLite_Stmt_status(JNIEnv *env, jobject obj, jint op, jboolean flg)
                                              ^
platform/android/external/javasqlite/src/main/native/sqlite_jni.c:4327:56: warning: unused parameter 'op' [-Wunused-parameter]
 Java_SQLite_Stmt_status(JNIEnv *env, jobject obj, jint op, jboolean flg)
                                                        ^
platform/android/external/javasqlite/src/main/native/sqlite_jni.c:4327:69: warning: unused parameter 'flg' [-Wunused-parameter]
 Java_SQLite_Stmt_status(JNIEnv *env, jobject obj, jint op, jboolean flg)
                                                                     ^
platform/android/external/javasqlite/src/main/native/sqlite_jni.c: In function 'Java_SQLite_Database__1open_1blob':
platform/android/external/javasqlite/src/main/native/sqlite_jni.c:4350:56: warning: unused parameter 'obj' [-Wunused-parameter]
 Java_SQLite_Database__1open_1blob(JNIEnv *env, jobject obj,
                                                        ^
platform/android/external/javasqlite/src/main/native/sqlite_jni.c:4351:15: warning: unused parameter 'dbname' [-Wunused-parameter]
       jstring dbname, jstring table,
               ^
platform/android/external/javasqlite/src/main/native/sqlite_jni.c:4351:31: warning: unused parameter 'table' [-Wunused-parameter]
       jstring dbname, jstring table,
                               ^
platform/android/external/javasqlite/src/main/native/sqlite_jni.c:4352:15: warning: unused parameter 'column' [-Wunused-parameter]
       jstring column, jlong row,
               ^
platform/android/external/javasqlite/src/main/native/sqlite_jni.c:4352:29: warning: unused parameter 'row' [-Wunused-parameter]
       jstring column, jlong row,
                             ^
platform/android/external/javasqlite/src/main/native/sqlite_jni.c:4353:16: warning: unused parameter 'rw' [-Wunused-parameter]
       jboolean rw, jobject blobj)
                ^
platform/android/external/javasqlite/src/main/native/sqlite_jni.c:4353:28: warning: unused parameter 'blobj' [-Wunused-parameter]
       jboolean rw, jobject blobj)
                            ^
platform/android/external/javasqlite/src/main/native/sqlite_jni.c: In function 'Java_SQLite_Blob_write':
platform/android/external/javasqlite/src/main/native/sqlite_jni.c:4433:46: warning: unused parameter 'obj' [-Wunused-parameter]
 Java_SQLite_Blob_write(JNIEnv *env , jobject obj, jbyteArray b, jint off,
                                              ^
platform/android/external/javasqlite/src/main/native/sqlite_jni.c:4433:62: warning: unused parameter 'b' [-Wunused-parameter]
 Java_SQLite_Blob_write(JNIEnv *env , jobject obj, jbyteArray b, jint off,
                                                              ^
platform/android/external/javasqlite/src/main/native/sqlite_jni.c:4433:70: warning: unused parameter 'off' [-Wunused-parameter]
 Java_SQLite_Blob_write(JNIEnv *env , jobject obj, jbyteArray b, jint off,
                                                                      ^
platform/android/external/javasqlite/src/main/native/sqlite_jni.c:4434:15: warning: unused parameter 'pos' [-Wunused-parameter]
          jint pos, jint len)
               ^
platform/android/external/javasqlite/src/main/native/sqlite_jni.c:4434:25: warning: unused parameter 'len' [-Wunused-parameter]
          jint pos, jint len)
                         ^
platform/android/external/javasqlite/src/main/native/sqlite_jni.c: In function 'Java_SQLite_Blob_read':
platform/android/external/javasqlite/src/main/native/sqlite_jni.c:4474:45: warning: unused parameter 'obj' [-Wunused-parameter]
 Java_SQLite_Blob_read(JNIEnv *env , jobject obj, jbyteArray b, jint off,
                                             ^
platform/android/external/javasqlite/src/main/native/sqlite_jni.c:4474:61: warning: unused parameter 'b' [-Wunused-parameter]
 Java_SQLite_Blob_read(JNIEnv *env , jobject obj, jbyteArray b, jint off,
                                                             ^
platform/android/external/javasqlite/src/main/native/sqlite_jni.c:4474:69: warning: unused parameter 'off' [-Wunused-parameter]
 Java_SQLite_Blob_read(JNIEnv *env , jobject obj, jbyteArray b, jint off,
                                                                     ^
platform/android/external/javasqlite/src/main/native/sqlite_jni.c:4475:14: warning: unused parameter 'pos' [-Wunused-parameter]
         jint pos, jint len)
              ^
platform/android/external/javasqlite/src/main/native/sqlite_jni.c:4475:24: warning: unused parameter 'len' [-Wunused-parameter]
         jint pos, jint len)
                        ^
platform/android/external/javasqlite/src/main/native/sqlite_jni.c: In function 'Java_SQLite_Blob_close':
platform/android/external/javasqlite/src/main/native/sqlite_jni.c:4515:32: warning: unused parameter 'env' [-Wunused-parameter]
 Java_SQLite_Blob_close(JNIEnv *env, jobject obj)
                                ^
platform/android/external/javasqlite/src/main/native/sqlite_jni.c:4515:45: warning: unused parameter 'obj' [-Wunused-parameter]
 Java_SQLite_Blob_close(JNIEnv *env, jobject obj)
                                             ^
platform/android/external/javasqlite/src/main/native/sqlite_jni.c: In function 'Java_SQLite_Blob_finalize':
platform/android/external/javasqlite/src/main/native/sqlite_jni.c:4523:35: warning: unused parameter 'env' [-Wunused-parameter]
 Java_SQLite_Blob_finalize(JNIEnv *env, jobject obj)
                                   ^
platform/android/external/javasqlite/src/main/native/sqlite_jni.c:4523:48: warning: unused parameter 'obj' [-Wunused-parameter]
 Java_SQLite_Blob_finalize(JNIEnv *env, jobject obj)
                                                ^
platform/android/external/javasqlite/src/main/native/sqlite_jni.c: In function 'Java_SQLite_Database__1key':
platform/android/external/javasqlite/src/main/native/sqlite_jni.c:4531:57: warning: unused parameter 'obj' [-Wunused-parameter]
 JNICALL Java_SQLite_Database__1key(JNIEnv *env, jobject obj, jbyteArray key)
                                                         ^
platform/android/external/javasqlite/src/main/native/sqlite_jni.c: In function 'Java_SQLite_Database__1rekey':
platform/android/external/javasqlite/src/main/native/sqlite_jni.c:4576:51: warning: unused parameter 'obj' [-Wunused-parameter]
 Java_SQLite_Database__1rekey(JNIEnv *env, jobject obj, jbyteArray key)
                                                   ^
platform/android/external/javasqlite/src/main/native/sqlite_jni.c: In function 'Java_SQLite_Database__1enable_1shared_1cache':
platform/android/external/javasqlite/src/main/native/sqlite_jni.c:4621:54: warning: unused parameter 'env' [-Wunused-parameter]
 Java_SQLite_Database__1enable_1shared_1cache(JNIEnv *env, jclass cls,
                                                      ^
platform/android/external/javasqlite/src/main/native/sqlite_jni.c:4621:66: warning: unused parameter 'cls' [-Wunused-parameter]
 Java_SQLite_Database__1enable_1shared_1cache(JNIEnv *env, jclass cls,
                                                                  ^
platform/android/external/javasqlite/src/main/native/sqlite_jni.c:4622:20: warning: unused parameter 'onoff' [-Wunused-parameter]
           jboolean onoff)
                    ^
platform/android/external/javasqlite/src/main/native/sqlite_jni.c: In function 'Java_SQLite_Database__1backup':
platform/android/external/javasqlite/src/main/native/sqlite_jni.c:4634:51: warning: unused parameter 'cls' [-Wunused-parameter]
 Java_SQLite_Database__1backup(JNIEnv *env, jclass cls, jobject bkupj,
                                                   ^
platform/android/external/javasqlite/src/main/native/sqlite_jni.c:4634:64: warning: unused parameter 'bkupj' [-Wunused-parameter]
 Java_SQLite_Database__1backup(JNIEnv *env, jclass cls, jobject bkupj,
                                                                ^
platform/android/external/javasqlite/src/main/native/sqlite_jni.c:4635:18: warning: unused parameter 'dest' [-Wunused-parameter]
          jobject dest, jstring destName,
                  ^
platform/android/external/javasqlite/src/main/native/sqlite_jni.c:4635:32: warning: unused parameter 'destName' [-Wunused-parameter]
          jobject dest, jstring destName,
                                ^
platform/android/external/javasqlite/src/main/native/sqlite_jni.c:4636:18: warning: unused parameter 'src' [-Wunused-parameter]
          jobject src, jstring srcName)
                  ^
platform/android/external/javasqlite/src/main/native/sqlite_jni.c:4636:31: warning: unused parameter 'srcName' [-Wunused-parameter]
          jobject src, jstring srcName)
                               ^
platform/android/external/javasqlite/src/main/native/sqlite_jni.c: In function 'Java_SQLite_Backup__1finalize':
platform/android/external/javasqlite/src/main/native/sqlite_jni.c:4717:39: warning: unused parameter 'env' [-Wunused-parameter]
 Java_SQLite_Backup__1finalize(JNIEnv *env, jobject obj)
                                       ^
platform/android/external/javasqlite/src/main/native/sqlite_jni.c:4717:52: warning: unused parameter 'obj' [-Wunused-parameter]
 Java_SQLite_Backup__1finalize(JNIEnv *env, jobject obj)
                                                    ^
platform/android/external/javasqlite/src/main/native/sqlite_jni.c: In function 'Java_SQLite_Backup__1step':
platform/android/external/javasqlite/src/main/native/sqlite_jni.c:4757:48: warning: unused parameter 'obj' [-Wunused-parameter]
 Java_SQLite_Backup__1step(JNIEnv *env, jobject obj, jint n)
                                                ^
platform/android/external/javasqlite/src/main/native/sqlite_jni.c:4757:58: warning: unused parameter 'n' [-Wunused-parameter]
 Java_SQLite_Backup__1step(JNIEnv *env, jobject obj, jint n)
                                                          ^
platform/android/external/javasqlite/src/main/native/sqlite_jni.c: In function 'Java_SQLite_Backup__1remaining':
platform/android/external/javasqlite/src/main/native/sqlite_jni.c:4791:53: warning: unused parameter 'obj' [-Wunused-parameter]
 Java_SQLite_Backup__1remaining(JNIEnv *env, jobject obj)
                                                     ^
platform/android/external/javasqlite/src/main/native/sqlite_jni.c: In function 'Java_SQLite_Backup__1pagecount':
platform/android/external/javasqlite/src/main/native/sqlite_jni.c:4809:53: warning: unused parameter 'obj' [-Wunused-parameter]
 Java_SQLite_Backup__1pagecount(JNIEnv *env, jobject obj)
                                                     ^
platform/android/external/javasqlite/src/main/native/sqlite_jni.c: In function 'Java_SQLite_Database__1profile':
platform/android/external/javasqlite/src/main/native/sqlite_jni.c:4866:40: warning: unused parameter 'env' [-Wunused-parameter]
 Java_SQLite_Database__1profile(JNIEnv *env, jobject obj, jobject tr)
                                        ^
platform/android/external/javasqlite/src/main/native/sqlite_jni.c:4866:53: warning: unused parameter 'obj' [-Wunused-parameter]
 Java_SQLite_Database__1profile(JNIEnv *env, jobject obj, jobject tr)
                                                     ^
platform/android/external/javasqlite/src/main/native/sqlite_jni.c:4866:66: warning: unused parameter 'tr' [-Wunused-parameter]
 Java_SQLite_Database__1profile(JNIEnv *env, jobject obj, jobject tr)
                                                                  ^
platform/android/external/javasqlite/src/main/native/sqlite_jni.c: In function 'Java_SQLite_Database__1status':
platform/android/external/javasqlite/src/main/native/sqlite_jni.c:4888:39: warning: unused parameter 'env' [-Wunused-parameter]
 Java_SQLite_Database__1status(JNIEnv *env, jclass cls, jint op,
                                       ^
platform/android/external/javasqlite/src/main/native/sqlite_jni.c:4888:51: warning: unused parameter 'cls' [-Wunused-parameter]
 Java_SQLite_Database__1status(JNIEnv *env, jclass cls, jint op,
                                                   ^
platform/android/external/javasqlite/src/main/native/sqlite_jni.c:4888:61: warning: unused parameter 'op' [-Wunused-parameter]
 Java_SQLite_Database__1status(JNIEnv *env, jclass cls, jint op,
                                                             ^
platform/android/external/javasqlite/src/main/native/sqlite_jni.c:4889:20: warning: unused parameter 'info' [-Wunused-parameter]
          jintArray info, jboolean flag)
                    ^
platform/android/external/javasqlite/src/main/native/sqlite_jni.c:4889:35: warning: unused parameter 'flag' [-Wunused-parameter]
          jintArray info, jboolean flag)
                                   ^
platform/android/external/javasqlite/src/main/native/sqlite_jni.c: In function 'Java_SQLite_Database__1db_1status':
platform/android/external/javasqlite/src/main/native/sqlite_jni.c:4908:43: warning: unused parameter 'env' [-Wunused-parameter]
 Java_SQLite_Database__1db_1status(JNIEnv *env, jobject obj, jint op,
                                           ^
platform/android/external/javasqlite/src/main/native/sqlite_jni.c:4908:56: warning: unused parameter 'obj' [-Wunused-parameter]
 Java_SQLite_Database__1db_1status(JNIEnv *env, jobject obj, jint op,
                                                        ^
platform/android/external/javasqlite/src/main/native/sqlite_jni.c:4908:66: warning: unused parameter 'op' [-Wunused-parameter]
 Java_SQLite_Database__1db_1status(JNIEnv *env, jobject obj, jint op,
                                                                  ^
platform/android/external/javasqlite/src/main/native/sqlite_jni.c:4909:17: warning: unused parameter 'info' [-Wunused-parameter]
       jintArray info, jboolean flag)
                 ^
platform/android/external/javasqlite/src/main/native/sqlite_jni.c:4909:32: warning: unused parameter 'flag' [-Wunused-parameter]
       jintArray info, jboolean flag)
                                ^
platform/android/external/javasqlite/src/main/native/sqlite_jni.c: In function 'JNI_OnLoad':
platform/android/external/javasqlite/src/main/native/sqlite_jni.c:5001:30: warning: unused parameter 'reserved' [-Wunused-parameter]
 JNI_OnLoad(JavaVM *vm, void *reserved)
                              ^
platform/android/external/javasqlite/src/main/native/sqlite_jni.c: In function 'JNI_OnUnload':
platform/android/external/javasqlite/src/main/native/sqlite_jni.c:5025:32: warning: unused parameter 'reserved' [-Wunused-parameter]
 JNI_OnUnload(JavaVM *vm, void *reserved)
                                ^
