device/hisilicon/bigfish/external/dhcp/omapip/alloc.c: In function 'dmalloc':
device/hisilicon/bigfish/external/dhcp/omapip/alloc.c:56:36: warning: unused parameter 'file' [-Wunused-parameter]
 dmalloc(unsigned size, const char *file, int line) {
                                    ^
device/hisilicon/bigfish/external/dhcp/omapip/alloc.c:56:46: warning: unused parameter 'line' [-Wunused-parameter]
 dmalloc(unsigned size, const char *file, int line) {
                                              ^
device/hisilicon/bigfish/external/dhcp/omapip/alloc.c: In function 'omapi_object_initialize':
device/hisilicon/bigfish/external/dhcp/omapip/alloc.c:547:18: warning: unused parameter 'usize' [-Wunused-parameter]
           size_t usize, size_t psize,
                  ^
device/hisilicon/bigfish/external/dhcp/omapip/alloc.c: In function 'omapi_object_reference':
device/hisilicon/bigfish/external/dhcp/omapip/alloc.c:559:22: warning: unused parameter 'file' [-Wunused-parameter]
          const char *file, int line)
                      ^
device/hisilicon/bigfish/external/dhcp/omapip/alloc.c:559:32: warning: unused parameter 'line' [-Wunused-parameter]
          const char *file, int line)
                                ^
device/hisilicon/bigfish/external/dhcp/omapip/alloc.c: In function 'omapi_buffer_reference':
device/hisilicon/bigfish/external/dhcp/omapip/alloc.c:732:22: warning: unused parameter 'file' [-Wunused-parameter]
          const char *file, int line)
                      ^
device/hisilicon/bigfish/external/dhcp/omapip/alloc.c:732:32: warning: unused parameter 'line' [-Wunused-parameter]
          const char *file, int line)
                                ^
device/hisilicon/bigfish/external/dhcp/omapip/alloc.c: In function 'omapi_typed_data_reference':
device/hisilicon/bigfish/external/dhcp/omapip/alloc.c:868:19: warning: unused parameter 'file' [-Wunused-parameter]
       const char *file, int line)
                   ^
device/hisilicon/bigfish/external/dhcp/omapip/alloc.c:868:29: warning: unused parameter 'line' [-Wunused-parameter]
       const char *file, int line)
                             ^
device/hisilicon/bigfish/external/dhcp/omapip/alloc.c: In function 'omapi_data_string_reference':
device/hisilicon/bigfish/external/dhcp/omapip/alloc.c:955:20: warning: unused parameter 'file' [-Wunused-parameter]
        const char *file, int line)
                    ^
device/hisilicon/bigfish/external/dhcp/omapip/alloc.c:955:30: warning: unused parameter 'line' [-Wunused-parameter]
        const char *file, int line)
                              ^
device/hisilicon/bigfish/external/dhcp/omapip/alloc.c: In function 'omapi_value_reference':
device/hisilicon/bigfish/external/dhcp/omapip/alloc.c:1026:21: warning: unused parameter 'file' [-Wunused-parameter]
         const char *file, int line)
                     ^
device/hisilicon/bigfish/external/dhcp/omapip/alloc.c:1026:31: warning: unused parameter 'line' [-Wunused-parameter]
         const char *file, int line)
                               ^
device/hisilicon/bigfish/external/dhcp/omapip/alloc.c: In function 'omapi_addr_list_reference':
device/hisilicon/bigfish/external/dhcp/omapip/alloc.c:1108:20: warning: unused parameter 'file' [-Wunused-parameter]
        const char *file, int line)
                    ^
device/hisilicon/bigfish/external/dhcp/omapip/alloc.c:1108:30: warning: unused parameter 'line' [-Wunused-parameter]
        const char *file, int line)
                              ^
