In file included from device/hisilicon/bigfish/HiSTBSDKV6R2/source/msp/drv/include/hi_drv_ao.h:24:0,
                 from device/hisilicon/bigfish/HiSTBSDKV6R2/source/msp/api/ao/render/render_source.c:16:
device/hisilicon/bigfish/HiSTBSDKV6R2/source/common/include/hi_type.h:44:23: warning: ISO C90 does not support 'long long' [-Wlong-long]
 typedef unsigned long long      HI_U64;
                       ^
device/hisilicon/bigfish/HiSTBSDKV6R2/source/common/include/hi_type.h:45:14: warning: ISO C90 does not support 'long long' [-Wlong-long]
 typedef long long               HI_S64;
              ^
device/hisilicon/bigfish/HiSTBSDKV6R2/source/msp/api/ao/render/render_source.c: In function 'SourceSendStream':
device/hisilicon/bigfish/HiSTBSDKV6R2/source/msp/api/ao/render/render_source.c:603:33: warning: comparison between signed and unsigned integer expressions [-Wsign-compare]
     if (RBUFFER_ERR_BUFFER_FULL == s32Ret)
                                 ^
device/hisilicon/bigfish/HiSTBSDKV6R2/source/msp/api/ao/render/render_source.c: In function 'SourceGetBuffer':
device/hisilicon/bigfish/HiSTBSDKV6R2/source/msp/api/ao/render/render_source.c:650:33: warning: comparison between signed and unsigned integer expressions [-Wsign-compare]
     if (RBUFFER_ERR_BUFFER_FULL == s32Ret)
                                 ^
device/hisilicon/bigfish/HiSTBSDKV6R2/source/msp/api/ao/render/render_source.c: In function 'Source_Create':
device/hisilicon/bigfish/HiSTBSDKV6R2/source/msp/api/ao/render/render_source.c:1077:35: warning: unused parameter 'enSound' [-Wunused-parameter]
 HI_S32 Source_Create(HI_UNF_SND_E enSound, const HI_MPI_AO_RENDER_ATTR_S* pstTrackAttr, HI_HANDLE* phTrack)
                                   ^
device/hisilicon/bigfish/HiSTBSDKV6R2/source/msp/api/ao/render/render_source.c: In function 'Source_SendTrackData':
device/hisilicon/bigfish/HiSTBSDKV6R2/source/msp/api/ao/render/render_source.c:1405:33: warning: comparison between signed and unsigned integer expressions [-Wsign-compare]
     if (RBUFFER_ERR_BUFFER_FULL == s32Ret)
                                 ^
