platform/android/packages/inputmethods/OpenWnn/libs/libwnnDictionary/OpenWnnDictionaryImplJni.c: In function 'Java_jp_co_omronsoft_openwnn_OpenWnnDictionaryImplJni_createWnnWork':
platform/android/packages/inputmethods/OpenWnn/libs/libwnnDictionary/OpenWnnDictionaryImplJni.c:206:25: warning: unused parameter 'obj' [-Wunused-parameter]
   (JNIEnv *env, jobject obj, jstring dicLibPathJ)
                         ^
platform/android/packages/inputmethods/OpenWnn/libs/libwnnDictionary/OpenWnnDictionaryImplJni.c: In function 'Java_jp_co_omronsoft_openwnn_OpenWnnDictionaryImplJni_freeWnnWork':
platform/android/packages/inputmethods/OpenWnn/libs/libwnnDictionary/OpenWnnDictionaryImplJni.c:285:12: warning: unused parameter 'env' [-Wunused-parameter]
   (JNIEnv *env, jobject obj, jlong wnnWork)
            ^
platform/android/packages/inputmethods/OpenWnn/libs/libwnnDictionary/OpenWnnDictionaryImplJni.c:285:25: warning: unused parameter 'obj' [-Wunused-parameter]
   (JNIEnv *env, jobject obj, jlong wnnWork)
                         ^
platform/android/packages/inputmethods/OpenWnn/libs/libwnnDictionary/OpenWnnDictionaryImplJni.c: In function 'Java_jp_co_omronsoft_openwnn_OpenWnnDictionaryImplJni_clearDictionaryParameters':
platform/android/packages/inputmethods/OpenWnn/libs/libwnnDictionary/OpenWnnDictionaryImplJni.c:311:12: warning: unused parameter 'env' [-Wunused-parameter]
   (JNIEnv *env, jobject obj, jlong wnnWork)
            ^
platform/android/packages/inputmethods/OpenWnn/libs/libwnnDictionary/OpenWnnDictionaryImplJni.c:311:25: warning: unused parameter 'obj' [-Wunused-parameter]
   (JNIEnv *env, jobject obj, jlong wnnWork)
                         ^
platform/android/packages/inputmethods/OpenWnn/libs/libwnnDictionary/OpenWnnDictionaryImplJni.c: In function 'Java_jp_co_omronsoft_openwnn_OpenWnnDictionaryImplJni_setDictionaryParameter':
platform/android/packages/inputmethods/OpenWnn/libs/libwnnDictionary/OpenWnnDictionaryImplJni.c:341:12: warning: unused parameter 'env' [-Wunused-parameter]
   (JNIEnv *env, jobject obj, jlong wnnWork, jint index, jint base, jint high)
            ^
platform/android/packages/inputmethods/OpenWnn/libs/libwnnDictionary/OpenWnnDictionaryImplJni.c:341:25: warning: unused parameter 'obj' [-Wunused-parameter]
   (JNIEnv *env, jobject obj, jlong wnnWork, jint index, jint base, jint high)
                         ^
platform/android/packages/inputmethods/OpenWnn/libs/libwnnDictionary/OpenWnnDictionaryImplJni.c: In function 'Java_jp_co_omronsoft_openwnn_OpenWnnDictionaryImplJni_searchWord':
platform/android/packages/inputmethods/OpenWnn/libs/libwnnDictionary/OpenWnnDictionaryImplJni.c:385:25: warning: unused parameter 'obj' [-Wunused-parameter]
   (JNIEnv *env, jobject obj, jlong wnnWork, jint operation, jint order, jstring keyString)
                         ^
platform/android/packages/inputmethods/OpenWnn/libs/libwnnDictionary/OpenWnnDictionaryImplJni.c: In function 'Java_jp_co_omronsoft_openwnn_OpenWnnDictionaryImplJni_getNextWord':
platform/android/packages/inputmethods/OpenWnn/libs/libwnnDictionary/OpenWnnDictionaryImplJni.c:453:12: warning: unused parameter 'env' [-Wunused-parameter]
   (JNIEnv *env, jclass obj, jlong wnnWork, jint length)
            ^
platform/android/packages/inputmethods/OpenWnn/libs/libwnnDictionary/OpenWnnDictionaryImplJni.c:453:24: warning: unused parameter 'obj' [-Wunused-parameter]
   (JNIEnv *env, jclass obj, jlong wnnWork, jint length)
                        ^
platform/android/packages/inputmethods/OpenWnn/libs/libwnnDictionary/OpenWnnDictionaryImplJni.c: In function 'Java_jp_co_omronsoft_openwnn_OpenWnnDictionaryImplJni_getStroke':
platform/android/packages/inputmethods/OpenWnn/libs/libwnnDictionary/OpenWnnDictionaryImplJni.c:497:25: warning: unused parameter 'obj' [-Wunused-parameter]
   (JNIEnv *env, jobject obj, jlong wnnWork)
                         ^
platform/android/packages/inputmethods/OpenWnn/libs/libwnnDictionary/OpenWnnDictionaryImplJni.c: In function 'Java_jp_co_omronsoft_openwnn_OpenWnnDictionaryImplJni_getCandidate':
platform/android/packages/inputmethods/OpenWnn/libs/libwnnDictionary/OpenWnnDictionaryImplJni.c:530:25: warning: unused parameter 'obj' [-Wunused-parameter]
   (JNIEnv *env, jobject obj, jlong wnnWork)
                         ^
platform/android/packages/inputmethods/OpenWnn/libs/libwnnDictionary/OpenWnnDictionaryImplJni.c: In function 'Java_jp_co_omronsoft_openwnn_OpenWnnDictionaryImplJni_getFrequency':
platform/android/packages/inputmethods/OpenWnn/libs/libwnnDictionary/OpenWnnDictionaryImplJni.c:563:12: warning: unused parameter 'env' [-Wunused-parameter]
   (JNIEnv *env, jobject obj, jlong wnnWork)
            ^
platform/android/packages/inputmethods/OpenWnn/libs/libwnnDictionary/OpenWnnDictionaryImplJni.c:563:25: warning: unused parameter 'obj' [-Wunused-parameter]
   (JNIEnv *env, jobject obj, jlong wnnWork)
                         ^
platform/android/packages/inputmethods/OpenWnn/libs/libwnnDictionary/OpenWnnDictionaryImplJni.c: In function 'Java_jp_co_omronsoft_openwnn_OpenWnnDictionaryImplJni_clearApproxPatterns':
platform/android/packages/inputmethods/OpenWnn/libs/libwnnDictionary/OpenWnnDictionaryImplJni.c:587:12: warning: unused parameter 'env' [-Wunused-parameter]
   (JNIEnv *env, jobject obj, jlong wnnWork)
            ^
platform/android/packages/inputmethods/OpenWnn/libs/libwnnDictionary/OpenWnnDictionaryImplJni.c:587:25: warning: unused parameter 'obj' [-Wunused-parameter]
   (JNIEnv *env, jobject obj, jlong wnnWork)
                         ^
platform/android/packages/inputmethods/OpenWnn/libs/libwnnDictionary/OpenWnnDictionaryImplJni.c: In function 'Java_jp_co_omronsoft_openwnn_OpenWnnDictionaryImplJni_setApproxPattern__JLjava_lang_String_2Ljava_lang_String_2':
platform/android/packages/inputmethods/OpenWnn/libs/libwnnDictionary/OpenWnnDictionaryImplJni.c:616:25: warning: unused parameter 'obj' [-Wunused-parameter]
   (JNIEnv *env, jobject obj, jlong wnnWork, jstring srcJ, jstring dstJ)
                         ^
platform/android/packages/inputmethods/OpenWnn/libs/libwnnDictionary/OpenWnnDictionaryImplJni.c: In function 'Java_jp_co_omronsoft_openwnn_OpenWnnDictionaryImplJni_setApproxPattern__JI':
platform/android/packages/inputmethods/OpenWnn/libs/libwnnDictionary/OpenWnnDictionaryImplJni.c:668:12: warning: unused parameter 'env' [-Wunused-parameter]
   (JNIEnv *env, jclass obj, jlong wnnWork, jint approxPattern)
            ^
platform/android/packages/inputmethods/OpenWnn/libs/libwnnDictionary/OpenWnnDictionaryImplJni.c:668:24: warning: unused parameter 'obj' [-Wunused-parameter]
   (JNIEnv *env, jclass obj, jlong wnnWork, jint approxPattern)
                        ^
platform/android/packages/inputmethods/OpenWnn/libs/libwnnDictionary/OpenWnnDictionaryImplJni.c: In function 'Java_jp_co_omronsoft_openwnn_OpenWnnDictionaryImplJni_getLeftPartOfSpeech':
platform/android/packages/inputmethods/OpenWnn/libs/libwnnDictionary/OpenWnnDictionaryImplJni.c:727:12: warning: unused parameter 'env' [-Wunused-parameter]
   (JNIEnv *env, jclass obj, jlong wnnWork)
            ^
platform/android/packages/inputmethods/OpenWnn/libs/libwnnDictionary/OpenWnnDictionaryImplJni.c:727:24: warning: unused parameter 'obj' [-Wunused-parameter]
   (JNIEnv *env, jclass obj, jlong wnnWork)
                        ^
platform/android/packages/inputmethods/OpenWnn/libs/libwnnDictionary/OpenWnnDictionaryImplJni.c: In function 'Java_jp_co_omronsoft_openwnn_OpenWnnDictionaryImplJni_getRightPartOfSpeech':
platform/android/packages/inputmethods/OpenWnn/libs/libwnnDictionary/OpenWnnDictionaryImplJni.c:746:12: warning: unused parameter 'env' [-Wunused-parameter]
   (JNIEnv *env, jclass obj, jlong wnnWork)
            ^
platform/android/packages/inputmethods/OpenWnn/libs/libwnnDictionary/OpenWnnDictionaryImplJni.c:746:24: warning: unused parameter 'obj' [-Wunused-parameter]
   (JNIEnv *env, jclass obj, jlong wnnWork)
                        ^
platform/android/packages/inputmethods/OpenWnn/libs/libwnnDictionary/OpenWnnDictionaryImplJni.c: In function 'Java_jp_co_omronsoft_openwnn_OpenWnnDictionaryImplJni_clearResult':
platform/android/packages/inputmethods/OpenWnn/libs/libwnnDictionary/OpenWnnDictionaryImplJni.c:765:12: warning: unused parameter 'env' [-Wunused-parameter]
   (JNIEnv *env, jclass obj, jlong wnnWork)
            ^
platform/android/packages/inputmethods/OpenWnn/libs/libwnnDictionary/OpenWnnDictionaryImplJni.c:765:24: warning: unused parameter 'obj' [-Wunused-parameter]
   (JNIEnv *env, jclass obj, jlong wnnWork)
                        ^
platform/android/packages/inputmethods/OpenWnn/libs/libwnnDictionary/OpenWnnDictionaryImplJni.c: In function 'Java_jp_co_omronsoft_openwnn_OpenWnnDictionaryImplJni_setLeftPartOfSpeech':
platform/android/packages/inputmethods/OpenWnn/libs/libwnnDictionary/OpenWnnDictionaryImplJni.c:786:12: warning: unused parameter 'env' [-Wunused-parameter]
   (JNIEnv *env, jclass obj, jlong wnnWork, jint leftPartOfSpeech)
            ^
platform/android/packages/inputmethods/OpenWnn/libs/libwnnDictionary/OpenWnnDictionaryImplJni.c:786:24: warning: unused parameter 'obj' [-Wunused-parameter]
   (JNIEnv *env, jclass obj, jlong wnnWork, jint leftPartOfSpeech)
                        ^
platform/android/packages/inputmethods/OpenWnn/libs/libwnnDictionary/OpenWnnDictionaryImplJni.c: In function 'Java_jp_co_omronsoft_openwnn_OpenWnnDictionaryImplJni_setRightPartOfSpeech':
platform/android/packages/inputmethods/OpenWnn/libs/libwnnDictionary/OpenWnnDictionaryImplJni.c:820:12: warning: unused parameter 'env' [-Wunused-parameter]
   (JNIEnv *env, jclass obj, jlong wnnWork, jint rightPartOfSpeech)
            ^
platform/android/packages/inputmethods/OpenWnn/libs/libwnnDictionary/OpenWnnDictionaryImplJni.c:820:24: warning: unused parameter 'obj' [-Wunused-parameter]
   (JNIEnv *env, jclass obj, jlong wnnWork, jint rightPartOfSpeech)
                        ^
platform/android/packages/inputmethods/OpenWnn/libs/libwnnDictionary/OpenWnnDictionaryImplJni.c: In function 'Java_jp_co_omronsoft_openwnn_OpenWnnDictionaryImplJni_setStroke':
platform/android/packages/inputmethods/OpenWnn/libs/libwnnDictionary/OpenWnnDictionaryImplJni.c:854:24: warning: unused parameter 'obj' [-Wunused-parameter]
   (JNIEnv *env, jclass obj, jlong wnnWork, jstring stroke)
                        ^
platform/android/packages/inputmethods/OpenWnn/libs/libwnnDictionary/OpenWnnDictionaryImplJni.c: In function 'Java_jp_co_omronsoft_openwnn_OpenWnnDictionaryImplJni_setCandidate':
platform/android/packages/inputmethods/OpenWnn/libs/libwnnDictionary/OpenWnnDictionaryImplJni.c:889:24: warning: unused parameter 'obj' [-Wunused-parameter]
   (JNIEnv *env, jclass obj, jlong wnnWork, jstring candidate)
                        ^
platform/android/packages/inputmethods/OpenWnn/libs/libwnnDictionary/OpenWnnDictionaryImplJni.c: In function 'Java_jp_co_omronsoft_openwnn_OpenWnnDictionaryImplJni_selectWord':
platform/android/packages/inputmethods/OpenWnn/libs/libwnnDictionary/OpenWnnDictionaryImplJni.c:924:12: warning: unused parameter 'env' [-Wunused-parameter]
   (JNIEnv *env, jclass obj, jlong wnnWork)
            ^
platform/android/packages/inputmethods/OpenWnn/libs/libwnnDictionary/OpenWnnDictionaryImplJni.c:924:24: warning: unused parameter 'obj' [-Wunused-parameter]
   (JNIEnv *env, jclass obj, jlong wnnWork)
                        ^
platform/android/packages/inputmethods/OpenWnn/libs/libwnnDictionary/OpenWnnDictionaryImplJni.c: In function 'Java_jp_co_omronsoft_openwnn_OpenWnnDictionaryImplJni_getLeftPartOfSpeechSpecifiedType':
platform/android/packages/inputmethods/OpenWnn/libs/libwnnDictionary/OpenWnnDictionaryImplJni.c:945:12: warning: unused parameter 'env' [-Wunused-parameter]
   (JNIEnv *env, jclass obj, jlong wnnWork, jint type)
            ^
platform/android/packages/inputmethods/OpenWnn/libs/libwnnDictionary/OpenWnnDictionaryImplJni.c:945:24: warning: unused parameter 'obj' [-Wunused-parameter]
   (JNIEnv *env, jclass obj, jlong wnnWork, jint type)
                        ^
platform/android/packages/inputmethods/OpenWnn/libs/libwnnDictionary/OpenWnnDictionaryImplJni.c: In function 'Java_jp_co_omronsoft_openwnn_OpenWnnDictionaryImplJni_getRightPartOfSpeechSpecifiedType':
platform/android/packages/inputmethods/OpenWnn/libs/libwnnDictionary/OpenWnnDictionaryImplJni.c:999:12: warning: unused parameter 'env' [-Wunused-parameter]
   (JNIEnv *env, jclass obj, jlong wnnWork, jint type)
            ^
platform/android/packages/inputmethods/OpenWnn/libs/libwnnDictionary/OpenWnnDictionaryImplJni.c:999:24: warning: unused parameter 'obj' [-Wunused-parameter]
   (JNIEnv *env, jclass obj, jlong wnnWork, jint type)
                        ^
platform/android/packages/inputmethods/OpenWnn/libs/libwnnDictionary/OpenWnnDictionaryImplJni.c: In function 'Java_jp_co_omronsoft_openwnn_OpenWnnDictionaryImplJni_getConnectArray':
platform/android/packages/inputmethods/OpenWnn/libs/libwnnDictionary/OpenWnnDictionaryImplJni.c:1053:24: warning: unused parameter 'obj' [-Wunused-parameter]
   (JNIEnv *env, jclass obj, jlong wnnWork, jint leftPartOfSpeech)
                        ^
platform/android/packages/inputmethods/OpenWnn/libs/libwnnDictionary/OpenWnnDictionaryImplJni.c: In function 'Java_jp_co_omronsoft_openwnn_OpenWnnDictionaryImplJni_getNumberOfLeftPOS':
platform/android/packages/inputmethods/OpenWnn/libs/libwnnDictionary/OpenWnnDictionaryImplJni.c:1122:12: warning: unused parameter 'env' [-Wunused-parameter]
   (JNIEnv *env, jclass obj, jlong wnnWork)
            ^
platform/android/packages/inputmethods/OpenWnn/libs/libwnnDictionary/OpenWnnDictionaryImplJni.c:1122:24: warning: unused parameter 'obj' [-Wunused-parameter]
   (JNIEnv *env, jclass obj, jlong wnnWork)
                        ^
platform/android/packages/inputmethods/OpenWnn/libs/libwnnDictionary/OpenWnnDictionaryImplJni.c: In function 'Java_jp_co_omronsoft_openwnn_OpenWnnDictionaryImplJni_getNumberOfRightPOS':
platform/android/packages/inputmethods/OpenWnn/libs/libwnnDictionary/OpenWnnDictionaryImplJni.c:1149:12: warning: unused parameter 'env' [-Wunused-parameter]
   (JNIEnv *env, jclass obj, jlong wnnWork)
            ^
platform/android/packages/inputmethods/OpenWnn/libs/libwnnDictionary/OpenWnnDictionaryImplJni.c:1149:24: warning: unused parameter 'obj' [-Wunused-parameter]
   (JNIEnv *env, jclass obj, jlong wnnWork)
                        ^
platform/android/packages/inputmethods/OpenWnn/libs/libwnnDictionary/OpenWnnDictionaryImplJni.c: In function 'Java_jp_co_omronsoft_openwnn_OpenWnnDictionaryImplJni_getApproxPattern':
platform/android/packages/inputmethods/OpenWnn/libs/libwnnDictionary/OpenWnnDictionaryImplJni.c:1176:24: warning: unused parameter 'obj' [-Wunused-parameter]
   (JNIEnv *env, jclass obj, jlong wnnWork, jstring srcJ)
                        ^
platform/android/packages/inputmethods/OpenWnn/libs/libwnnDictionary/OpenWnnDictionaryImplJni.c: In function 'Java_jp_co_omronsoft_openwnn_OpenWnnDictionaryImplJni_createBindArray':
platform/android/packages/inputmethods/OpenWnn/libs/libwnnDictionary/OpenWnnDictionaryImplJni.c:1234:24: warning: unused parameter 'obj' [-Wunused-parameter]
   (JNIEnv *env, jclass obj, jlong wnnWork, jstring keyStringJ, jint maxBindsOfQuery, jint maxPatternOfApprox)
                        ^
platform/android/packages/inputmethods/OpenWnn/libs/libwnnDictionary/OpenWnnDictionaryImplJni.c: In function 'Java_jp_co_omronsoft_openwnn_OpenWnnDictionaryImplJni_createQueryStringBase':
platform/android/packages/inputmethods/OpenWnn/libs/libwnnDictionary/OpenWnnDictionaryImplJni.c:1340:24: warning: unused parameter 'obj' [-Wunused-parameter]
   (JNIEnv *env, jclass obj, jlong wnnWork, jint maxBindsOfQuery, jint maxPatternOfApprox, jstring keyColumnNameJ)
                        ^
