device/hisilicon/bigfish/HiSTBSDKV6R2/hal/src/aout/tvos_hal_aout.c: In function 'disable_audio_output':
device/hisilicon/bigfish/HiSTBSDKV6R2/hal/src/aout/tvos_hal_aout.c:291:13: warning: format '%x' expects argument of type 'unsigned int', but argument 5 has type 'S32' [-Wformat=]
             HAL_ERROR("ERR: HI_UNF_SND_GetMute fail! i=%d s32Ret=%x", i, s32Ret);
             ^
device/hisilicon/bigfish/HiSTBSDKV6R2/hal/src/aout/tvos_hal_aout.c:302:13: warning: format '%x' expects argument of type 'unsigned int', but argument 5 has type 'S32' [-Wformat=]
             HAL_ERROR("ERR: HI_UNF_SND_GetMute fail! i=%d s32Ret=%x", i, s32Ret);
             ^
device/hisilicon/bigfish/HiSTBSDKV6R2/hal/src/aout/tvos_hal_aout.c: In function 'restore_audio_output':
device/hisilicon/bigfish/HiSTBSDKV6R2/hal/src/aout/tvos_hal_aout.c:320:13: warning: format '%x' expects argument of type 'unsigned int', but argument 5 has type 'S32' [-Wformat=]
             HAL_ERROR("ERR: HI_UNF_SND_SetMute fail! i=%d s32Ret=%x", i, s32Ret);
             ^
device/hisilicon/bigfish/HiSTBSDKV6R2/hal/src/aout/tvos_hal_aout.c: In function 'track_setparams':
device/hisilicon/bigfish/HiSTBSDKV6R2/hal/src/aout/tvos_hal_aout.c:613:9: warning: format '%x' expects argument of type 'unsigned int', but argument 4 has type 'S32' [-Wformat=]
         HAL_ERROR("HI_UNF_SND_GetTrackAttr failed(0x%x)", s32Ret);
         ^
device/hisilicon/bigfish/HiSTBSDKV6R2/hal/src/aout/tvos_hal_aout.c:628:5: warning: format '%x' expects argument of type 'unsigned int', but argument 4 has type 'S32' [-Wformat=]
     HAL_CHK_RETURN((SUCCESS != s32Ret), ERROR_AO_PARAMETER_INVALID, "set_track_rm failed(0x%x)", s32Ret);
     ^
device/hisilicon/bigfish/HiSTBSDKV6R2/hal/src/aout/tvos_hal_aout.c:633:9: warning: format '%x' expects argument of type 'unsigned int', but argument 4 has type 'S32' [-Wformat=]
         HAL_ERROR("HI_UNF_SND_SetTrackAttr failed(0x%x)", s32Ret);
         ^
device/hisilicon/bigfish/HiSTBSDKV6R2/hal/src/aout/tvos_hal_aout.c: In function 'snd_set_spdif_mode':
device/hisilicon/bigfish/HiSTBSDKV6R2/hal/src/aout/tvos_hal_aout.c:670:9: warning: format '%x' expects argument of type 'unsigned int', but argument 4 has type 'S32' [-Wformat=]
         HAL_ERROR("HI_UNF_SND_SetSpdifMode  failed(0x%x)", s32Ret);
         ^
device/hisilicon/bigfish/HiSTBSDKV6R2/hal/src/aout/tvos_hal_aout.c: In function 'snd_set_hdmi_mode':
device/hisilicon/bigfish/HiSTBSDKV6R2/hal/src/aout/tvos_hal_aout.c:704:9: warning: format '%x' expects argument of type 'unsigned int', but argument 4 has type 'S32' [-Wformat=]
         HAL_ERROR("HI_UNF_SND_SetHdmiMode  failed(0x%x)", s32Ret);
         ^
device/hisilicon/bigfish/HiSTBSDKV6R2/hal/src/aout/tvos_hal_aout.c: In function 'snd_get_spdif_mode':
device/hisilicon/bigfish/HiSTBSDKV6R2/hal/src/aout/tvos_hal_aout.c:720:9: warning: format '%x' expects argument of type 'unsigned int', but argument 4 has type 'S32' [-Wformat=]
         HAL_ERROR("HI_UNF_SND_GetSpdifMode failed(0x%x)", s32Ret);
         ^
device/hisilicon/bigfish/HiSTBSDKV6R2/hal/src/aout/tvos_hal_aout.c: In function 'snd_get_hdmi_mode':
device/hisilicon/bigfish/HiSTBSDKV6R2/hal/src/aout/tvos_hal_aout.c:751:9: warning: format '%x' expects argument of type 'unsigned int', but argument 4 has type 'S32' [-Wformat=]
         HAL_ERROR("HI_UNF_SND_GetHdmiMode failed(0x%x)", s32Ret);
         ^
device/hisilicon/bigfish/HiSTBSDKV6R2/hal/src/aout/tvos_hal_aout.c: In function 'out_open':
device/hisilicon/bigfish/HiSTBSDKV6R2/hal/src/aout/tvos_hal_aout.c:880:9: warning: format '%x' expects argument of type 'unsigned int', but argument 4 has type 'S32' [-Wformat=]
         HAL_ERROR("SND_GetDefaultOpenAttr(0x%x)", s32Ret);
         ^
device/hisilicon/bigfish/HiSTBSDKV6R2/hal/src/aout/tvos_hal_aout.c:894:9: warning: format '%x' expects argument of type 'unsigned int', but argument 4 has type 'S32' [-Wformat=]
         HAL_ERROR("HI_UNF_SND_Open failed(0x%x)", s32Ret);
         ^
device/hisilicon/bigfish/HiSTBSDKV6R2/hal/src/aout/tvos_hal_aout.c: In function 'out_close':
device/hisilicon/bigfish/HiSTBSDKV6R2/hal/src/aout/tvos_hal_aout.c:921:9: warning: format '%x' expects argument of type 'unsigned int', but argument 4 has type 'S32' [-Wformat=]
         HAL_ERROR("HI_UNF_SND_Close failed(0x%x)", s32Ret);
         ^
device/hisilicon/bigfish/HiSTBSDKV6R2/hal/src/aout/tvos_hal_aout.c: In function 'out_set_volume':
device/hisilicon/bigfish/HiSTBSDKV6R2/hal/src/aout/tvos_hal_aout.c:946:5: warning: format '%d' expects argument of type 'int', but argument 4 has type 'S32' [-Wformat=]
     Check_SndVolume(s32IntGain, s32DecGain);
     ^
device/hisilicon/bigfish/HiSTBSDKV6R2/hal/src/aout/tvos_hal_aout.c:946:5: warning: format '%d' expects argument of type 'int', but argument 5 has type 'S32' [-Wformat=]
device/hisilicon/bigfish/HiSTBSDKV6R2/hal/src/aout/tvos_hal_aout.c:966:13: warning: format '%x' expects argument of type 'unsigned int', but argument 4 has type 'S32' [-Wformat=]
             HAL_ERROR("HI_UNF_SND_Set Volume failed(0x%x)", s32Ret);
             ^
device/hisilicon/bigfish/HiSTBSDKV6R2/hal/src/aout/tvos_hal_aout.c:999:17: warning: format '%x' expects argument of type 'unsigned int', but argument 4 has type 'S32' [-Wformat=]
                 HAL_ERROR("HI_UNF_SND_Set Volume failed(0x%x)", s32Ret);
                 ^
device/hisilicon/bigfish/HiSTBSDKV6R2/hal/src/aout/tvos_hal_aout.c: In function 'out_get_volume':
device/hisilicon/bigfish/HiSTBSDKV6R2/hal/src/aout/tvos_hal_aout.c:1062:9: warning: format '%x' expects argument of type 'unsigned int', but argument 4 has type 'S32' [-Wformat=]
         HAL_ERROR("HI_UNF_SND_Get Volume failed(0x%x)", s32Ret);
         ^
device/hisilicon/bigfish/HiSTBSDKV6R2/hal/src/aout/tvos_hal_aout.c: In function 'out_set_mute':
device/hisilicon/bigfish/HiSTBSDKV6R2/hal/src/aout/tvos_hal_aout.c:1186:13: warning: format '%x' expects argument of type 'unsigned int', but argument 4 has type 'S32' [-Wformat=]
             HAL_ERROR("HI_UNF_SND_SetMute failed(0x%x)", s32Ret);
             ^
device/hisilicon/bigfish/HiSTBSDKV6R2/hal/src/aout/tvos_hal_aout.c:1207:17: warning: format '%x' expects argument of type 'unsigned int', but argument 4 has type 'S32' [-Wformat=]
                 HAL_ERROR("HI_UNF_SND_SetMute2 failed(0x%x)", s32Ret);
                 ^
device/hisilicon/bigfish/HiSTBSDKV6R2/hal/src/aout/tvos_hal_aout.c: In function 'out_get_mute':
device/hisilicon/bigfish/HiSTBSDKV6R2/hal/src/aout/tvos_hal_aout.c:1249:9: warning: format '%x' expects argument of type 'unsigned int', but argument 4 has type 'S32' [-Wformat=]
         HAL_ERROR("HI_UNF_SND_GetMute failed(0x%x)", s32Ret);
         ^
device/hisilicon/bigfish/HiSTBSDKV6R2/hal/src/aout/tvos_hal_aout.c: In function 'out_set_channel_mode':
device/hisilicon/bigfish/HiSTBSDKV6R2/hal/src/aout/tvos_hal_aout.c:1306:13: warning: format '%x' expects argument of type 'unsigned int', but argument 4 has type 'S32' [-Wformat=]
             HAL_ERROR("HI_UNF_SND_SetTrackMode failed(0x%x)", s32Ret);
             ^
device/hisilicon/bigfish/HiSTBSDKV6R2/hal/src/aout/tvos_hal_aout.c:1327:17: warning: format '%x' expects argument of type 'unsigned int', but argument 4 has type 'S32' [-Wformat=]
                 HAL_ERROR("HI_UNF_SND_SetTrackMode2 failed(0x%x)", s32Ret);
                 ^
device/hisilicon/bigfish/HiSTBSDKV6R2/hal/src/aout/tvos_hal_aout.c: In function 'out_get_channel_mode':
device/hisilicon/bigfish/HiSTBSDKV6R2/hal/src/aout/tvos_hal_aout.c:1365:9: warning: format '%x' expects argument of type 'unsigned int', but argument 4 has type 'S32' [-Wformat=]
         HAL_ERROR("HI_UNF_SND_GetTrackMode failed(0x%x)", s32Ret);
         ^
device/hisilicon/bigfish/HiSTBSDKV6R2/hal/src/aout/tvos_hal_aout.c: In function 'track_get_default_attr':
device/hisilicon/bigfish/HiSTBSDKV6R2/hal/src/aout/tvos_hal_aout.c:1402:58: warning: unused parameter 'pstDev' [-Wunused-parameter]
 static S32 track_get_default_attr(struct _AOUT_DEVICE_S* pstDev, AOUT_TRACK_PARAMS_S* pstParams)
                                                          ^
device/hisilicon/bigfish/HiSTBSDKV6R2/hal/src/aout/tvos_hal_aout.c: In function 'track_create':
device/hisilicon/bigfish/HiSTBSDKV6R2/hal/src/aout/tvos_hal_aout.c:1442:5: warning: format '%x' expects argument of type 'unsigned int', but argument 4 has type 'S32' [-Wformat=]
     HAL_CHK_RETURN((SUCCESS != s32Ret), ERROR_AO_PARAMETER_INVALID, "HI_UNF_SND_GetDefaultTrackAttr failed(0x%x)", s32Ret);
     ^
device/hisilicon/bigfish/HiSTBSDKV6R2/hal/src/aout/tvos_hal_aout.c:1451:9: warning: format '%x' expects argument of type 'unsigned int', but argument 4 has type 'S32' [-Wformat=]
         HAL_ERROR("HI_UNF_SND_CreateTrack failed(0x%x)", s32Ret);
         ^
device/hisilicon/bigfish/HiSTBSDKV6R2/hal/src/aout/tvos_hal_aout.c:1455:9: warning: format '%x' expects argument of type 'unsigned int', but argument 4 has type 'S32' [-Wformat=]
         HAL_CHK_RETURN((SUCCESS != s32Ret), ERROR_AO_PARAMETER_INVALID, "HI_UNF_SND_GetDefaultTrackAttr failed(0x%x)", s32Ret);
         ^
device/hisilicon/bigfish/HiSTBSDKV6R2/hal/src/aout/tvos_hal_aout.c:1496:9: warning: format '%x' expects argument of type 'unsigned int', but argument 4 has type 'S32' [-Wformat=]
         HAL_ERROR("track_setparams failed(0x%x)", s32Ret);
         ^
device/hisilicon/bigfish/HiSTBSDKV6R2/hal/src/aout/tvos_hal_aout.c:1506:5: warning: format '%x' expects argument of type 'unsigned int', but argument 4 has type 'S32' [-Wformat=]
     HAL_CHK_PRINTF((SUCCESS != s32Ret), "destroy tracj failed(0x%x)", s32Ret);
     ^
device/hisilicon/bigfish/HiSTBSDKV6R2/hal/src/aout/tvos_hal_aout.c: In function 'track_destroy':
device/hisilicon/bigfish/HiSTBSDKV6R2/hal/src/aout/tvos_hal_aout.c:1523:9: warning: format '%x' expects argument of type 'unsigned int', but argument 4 has type 'S32' [-Wformat=]
         HAL_ERROR("fetch_track_rm failed(0x%x)", s32Ret);
         ^
device/hisilicon/bigfish/HiSTBSDKV6R2/hal/src/aout/tvos_hal_aout.c:1554:13: warning: format '%x' expects argument of type 'unsigned int', but argument 4 has type 'S32' [-Wformat=]
             HAL_ERROR("HI_UNF_SND_DestroyTrack failed(0x%x)", s32Ret);
             ^
device/hisilicon/bigfish/HiSTBSDKV6R2/hal/src/aout/tvos_hal_aout.c: In function 'track_attach_input':
device/hisilicon/bigfish/HiSTBSDKV6R2/hal/src/aout/tvos_hal_aout.c:1638:9: warning: format '%x' expects argument of type 'unsigned int', but argument 4 has type 'S32' [-Wformat=]
         HAL_ERROR("fetch_track_rm failed(0x%x)", s32Ret);
         ^
device/hisilicon/bigfish/HiSTBSDKV6R2/hal/src/aout/tvos_hal_aout.c:1656:9: warning: format '%x' expects argument of type 'unsigned int', but argument 4 has type 'S32' [-Wformat=]
         HAL_ERROR("HI_UNF_SND_Attach failed(0x%x)", s32Ret);
         ^
device/hisilicon/bigfish/HiSTBSDKV6R2/hal/src/aout/tvos_hal_aout.c: In function 'track_detach_input':
device/hisilicon/bigfish/HiSTBSDKV6R2/hal/src/aout/tvos_hal_aout.c:1676:9: warning: format '%x' expects argument of type 'unsigned int', but argument 4 has type 'S32' [-Wformat=]
         HAL_ERROR("fetch_track_rm failed(0x%x)", s32Ret);
         ^
device/hisilicon/bigfish/HiSTBSDKV6R2/hal/src/aout/tvos_hal_aout.c:1694:9: warning: format '%x' expects argument of type 'unsigned int', but argument 4 has type 'S32' [-Wformat=]
         HAL_ERROR("HI_UNF_SND_Detach failed(0x%x)", s32Ret);
         ^
device/hisilicon/bigfish/HiSTBSDKV6R2/hal/src/aout/tvos_hal_aout.c: In function 'track_start':
device/hisilicon/bigfish/HiSTBSDKV6R2/hal/src/aout/tvos_hal_aout.c:1713:9: warning: format '%x' expects argument of type 'unsigned int', but argument 4 has type 'S32' [-Wformat=]
         HAL_ERROR("fetch_track_rm failed(0x%x)", s32Ret);
         ^
device/hisilicon/bigfish/HiSTBSDKV6R2/hal/src/aout/tvos_hal_aout.c:1729:13: warning: format '%x' expects argument of type 'unsigned int', but argument 4 has type 'S32' [-Wformat=]
             HAL_ERROR("HI_MPI_AO_Track_Start failed(0x%x)", s32Ret);
             ^
device/hisilicon/bigfish/HiSTBSDKV6R2/hal/src/aout/tvos_hal_aout.c: In function 'track_stop':
device/hisilicon/bigfish/HiSTBSDKV6R2/hal/src/aout/tvos_hal_aout.c:1755:9: warning: format '%x' expects argument of type 'unsigned int', but argument 4 has type 'S32' [-Wformat=]
         HAL_ERROR("fetch_track_rm failed(0x%x)", s32Ret);
         ^
device/hisilicon/bigfish/HiSTBSDKV6R2/hal/src/aout/tvos_hal_aout.c:1773:13: warning: format '%x' expects argument of type 'unsigned int', but argument 4 has type 'S32' [-Wformat=]
             HAL_ERROR("HI_MPI_AO_Track_Stop failed(0x%x)", s32Ret);
             ^
device/hisilicon/bigfish/HiSTBSDKV6R2/hal/src/aout/tvos_hal_aout.c: In function 'track_pause':
device/hisilicon/bigfish/HiSTBSDKV6R2/hal/src/aout/tvos_hal_aout.c:1798:9: warning: format '%x' expects argument of type 'unsigned int', but argument 4 has type 'S32' [-Wformat=]
         HAL_ERROR("fetch_track_rm failed(0x%x)", s32Ret);
         ^
device/hisilicon/bigfish/HiSTBSDKV6R2/hal/src/aout/tvos_hal_aout.c:1816:13: warning: format '%x' expects argument of type 'unsigned int', but argument 4 has type 'S32' [-Wformat=]
             HAL_ERROR("HI_MPI_AO_Track_Pause failed(0x%x)", s32Ret);
             ^
device/hisilicon/bigfish/HiSTBSDKV6R2/hal/src/aout/tvos_hal_aout.c: In function 'track_resume':
device/hisilicon/bigfish/HiSTBSDKV6R2/hal/src/aout/tvos_hal_aout.c:1848:9: warning: format '%x' expects argument of type 'unsigned int', but argument 4 has type 'S32' [-Wformat=]
         HAL_ERROR("fetch_track_rm failed(0x%x)", s32Ret);
         ^
device/hisilicon/bigfish/HiSTBSDKV6R2/hal/src/aout/tvos_hal_aout.c:1866:13: warning: format '%x' expects argument of type 'unsigned int', but argument 4 has type 'S32' [-Wformat=]
             HAL_ERROR("HI_MPI_AO_Track_Resume failed(0x%x)", s32Ret);
             ^
device/hisilicon/bigfish/HiSTBSDKV6R2/hal/src/aout/tvos_hal_aout.c: In function 'track_flush':
device/hisilicon/bigfish/HiSTBSDKV6R2/hal/src/aout/tvos_hal_aout.c:1897:9: warning: format '%x' expects argument of type 'unsigned int', but argument 4 has type 'S32' [-Wformat=]
         HAL_ERROR("fetch_track_rm failed(0x%x)", s32Ret);
         ^
device/hisilicon/bigfish/HiSTBSDKV6R2/hal/src/aout/tvos_hal_aout.c:1914:13: warning: format '%x' expects argument of type 'unsigned int', but argument 4 has type 'S32' [-Wformat=]
             HAL_ERROR("HI_MPI_AO_Track_Flush failed(0x%x)", s32Ret);
             ^
device/hisilicon/bigfish/HiSTBSDKV6R2/hal/src/aout/tvos_hal_aout.c: In function 'track_set_params':
device/hisilicon/bigfish/HiSTBSDKV6R2/hal/src/aout/tvos_hal_aout.c:1946:9: warning: format '%x' expects argument of type 'unsigned int', but argument 4 has type 'S32' [-Wformat=]
         HAL_ERROR("fetch_track_rm failed(0x%x)", s32Ret);
         ^
device/hisilicon/bigfish/HiSTBSDKV6R2/hal/src/aout/tvos_hal_aout.c:1956:9: warning: format '%x' expects argument of type 'unsigned int', but argument 4 has type 'S32' [-Wformat=]
         HAL_ERROR("fetch_track_rm failed(0x%x)", s32Ret);
         ^
device/hisilicon/bigfish/HiSTBSDKV6R2/hal/src/aout/tvos_hal_aout.c: In function 'track_get_params':
device/hisilicon/bigfish/HiSTBSDKV6R2/hal/src/aout/tvos_hal_aout.c:1979:9: warning: format '%x' expects argument of type 'unsigned int', but argument 4 has type 'S32' [-Wformat=]
         HAL_ERROR("fetch_track_rm failed(0x%x)", s32Ret);
         ^
device/hisilicon/bigfish/HiSTBSDKV6R2/hal/src/aout/tvos_hal_aout.c: In function 'track_set_mix_params':
device/hisilicon/bigfish/HiSTBSDKV6R2/hal/src/aout/tvos_hal_aout.c:2002:5: warning: format '%d' expects argument of type 'int', but argument 4 has type 'S32' [-Wformat=]
     Check_TrackVolume(pstParams->s32IntGain, pstParams->s32DecGain);
     ^
device/hisilicon/bigfish/HiSTBSDKV6R2/hal/src/aout/tvos_hal_aout.c:2002:5: warning: format '%d' expects argument of type 'int', but argument 5 has type 'S32' [-Wformat=]
device/hisilicon/bigfish/HiSTBSDKV6R2/hal/src/aout/tvos_hal_aout.c:2008:9: warning: format '%x' expects argument of type 'unsigned int', but argument 4 has type 'S32' [-Wformat=]
         HAL_ERROR("fetch_track_rm failed(0x%x)", s32Ret);
         ^
device/hisilicon/bigfish/HiSTBSDKV6R2/hal/src/aout/tvos_hal_aout.c:2022:9: warning: format '%x' expects argument of type 'unsigned int', but argument 4 has type 'S32' [-Wformat=]
         HAL_ERROR("HI_UNF_SND_SetTrackAbsWeight failed(0x%x)", s32Ret);
         ^
device/hisilicon/bigfish/HiSTBSDKV6R2/hal/src/aout/tvos_hal_aout.c: In function 'track_get_mix_params':
device/hisilicon/bigfish/HiSTBSDKV6R2/hal/src/aout/tvos_hal_aout.c:2071:9: warning: format '%x' expects argument of type 'unsigned int', but argument 4 has type 'S32' [-Wformat=]
         HAL_ERROR("fetch_track_rm failed(0x%x)", s32Ret);
         ^
device/hisilicon/bigfish/HiSTBSDKV6R2/hal/src/aout/tvos_hal_aout.c:2083:9: warning: format '%x' expects argument of type 'unsigned int', but argument 4 has type 'S32' [-Wformat=]
         HAL_ERROR("HI_UNF_SND_GetTrackAbsWeight failed(0x%x)", s32Ret);
         ^
device/hisilicon/bigfish/HiSTBSDKV6R2/hal/src/aout/tvos_hal_aout.c: In function 'track_set_mute':
device/hisilicon/bigfish/HiSTBSDKV6R2/hal/src/aout/tvos_hal_aout.c:2133:9: warning: format '%x' expects argument of type 'unsigned int', but argument 4 has type 'S32' [-Wformat=]
         HAL_ERROR("fetch_track_rm failed(0x%x)", s32Ret);
         ^
device/hisilicon/bigfish/HiSTBSDKV6R2/hal/src/aout/tvos_hal_aout.c:2144:9: warning: format '%x' expects argument of type 'unsigned int', but argument 4 has type 'S32' [-Wformat=]
         HAL_ERROR("HI_UNF_SND_SetTrackMute failed(0x%x)", s32Ret);
         ^
device/hisilicon/bigfish/HiSTBSDKV6R2/hal/src/aout/tvos_hal_aout.c:2122:50: warning: unused parameter 'pstDev' [-Wunused-parameter]
 static S32 track_set_mute(struct _AOUT_DEVICE_S* pstDev, HANDLE hTrack, BOOL bMute)
                                                  ^
device/hisilicon/bigfish/HiSTBSDKV6R2/hal/src/aout/tvos_hal_aout.c: In function 'track_get_mute':
device/hisilicon/bigfish/HiSTBSDKV6R2/hal/src/aout/tvos_hal_aout.c:2163:9: warning: format '%x' expects argument of type 'unsigned int', but argument 4 has type 'S32' [-Wformat=]
         HAL_ERROR("fetch_track_rm failed(0x%x)", s32Ret);
         ^
device/hisilicon/bigfish/HiSTBSDKV6R2/hal/src/aout/tvos_hal_aout.c:2172:9: warning: format '%x' expects argument of type 'unsigned int', but argument 6 has type 'S32' [-Wformat=]
         HAL_ERROR("%s %d HI_UNF_SND_GetTrackMute failed(0x%x)", __func__, __LINE__, s32Ret);
         ^
device/hisilicon/bigfish/HiSTBSDKV6R2/hal/src/aout/tvos_hal_aout.c:2151:50: warning: unused parameter 'pstDev' [-Wunused-parameter]
 static S32 track_get_mute(struct _AOUT_DEVICE_S* pstDev, HANDLE hTrack, BOOL* pbMute)
                                                  ^
device/hisilicon/bigfish/HiSTBSDKV6R2/hal/src/aout/tvos_hal_aout.c: In function 'track_set_channel_mode':
device/hisilicon/bigfish/HiSTBSDKV6R2/hal/src/aout/tvos_hal_aout.c:2192:9: warning: format '%x' expects argument of type 'unsigned int', but argument 4 has type 'S32' [-Wformat=]
         HAL_ERROR("fetch_track_rm failed(0x%x)", s32Ret);
         ^
device/hisilicon/bigfish/HiSTBSDKV6R2/hal/src/aout/tvos_hal_aout.c:2238:9: warning: format '%x' expects argument of type 'unsigned int', but argument 6 has type 'S32' [-Wformat=]
         HAL_ERROR("%s %d HI_UNF_SND_SetTrackChannelMode failed(0x%x)", __func__, __LINE__, s32Ret);
         ^
device/hisilicon/bigfish/HiSTBSDKV6R2/hal/src/aout/tvos_hal_aout.c:2181:58: warning: unused parameter 'pstDev' [-Wunused-parameter]
 static S32 track_set_channel_mode(struct _AOUT_DEVICE_S* pstDev, HANDLE hTrack, TRACK_CHANNEL_MODE_E enMode)
                                                          ^
device/hisilicon/bigfish/HiSTBSDKV6R2/hal/src/aout/tvos_hal_aout.c: In function 'track_get_channel_mode':
device/hisilicon/bigfish/HiSTBSDKV6R2/hal/src/aout/tvos_hal_aout.c:2256:9: warning: format '%x' expects argument of type 'unsigned int', but argument 4 has type 'S32' [-Wformat=]
         HAL_ERROR("fetch_track_rm failed(0x%x)", s32Ret);
         ^
device/hisilicon/bigfish/HiSTBSDKV6R2/hal/src/aout/tvos_hal_aout.c:2265:9: warning: format '%x' expects argument of type 'unsigned int', but argument 4 has type 'S32' [-Wformat=]
         HAL_ERROR("HI_UNF_SND_SetTrackChannelMode failed(0x%x)", s32Ret);
         ^
device/hisilicon/bigfish/HiSTBSDKV6R2/hal/src/aout/tvos_hal_aout.c:2245:58: warning: unused parameter 'pstDev' [-Wunused-parameter]
 static S32 track_get_channel_mode(struct _AOUT_DEVICE_S* pstDev, HANDLE hTrack, TRACK_CHANNEL_MODE_E* penMode)
                                                          ^
device/hisilicon/bigfish/HiSTBSDKV6R2/hal/src/aout/tvos_hal_aout.c: In function 'track_set_weight':
device/hisilicon/bigfish/HiSTBSDKV6R2/hal/src/aout/tvos_hal_aout.c:2281:9: warning: format '%d' expects argument of type 'int', but argument 4 has type 'S32' [-Wformat=]
         Check_TrackGAIN_LINEMODE(stTrackGainAttr.s32Gain, stTrackGainAttr.s32Gain);
         ^
device/hisilicon/bigfish/HiSTBSDKV6R2/hal/src/aout/tvos_hal_aout.c:2281:9: warning: format '%d' expects argument of type 'int', but argument 5 has type 'S32' [-Wformat=]
device/hisilicon/bigfish/HiSTBSDKV6R2/hal/src/aout/tvos_hal_aout.c:2285:9: warning: format '%d' expects argument of type 'int', but argument 4 has type 'S32' [-Wformat=]
         Check_TrackGAIN(stTrackGainAttr.s32Gain, stTrackGainAttr.s32Gain);
         ^
device/hisilicon/bigfish/HiSTBSDKV6R2/hal/src/aout/tvos_hal_aout.c:2285:9: warning: format '%d' expects argument of type 'int', but argument 5 has type 'S32' [-Wformat=]
device/hisilicon/bigfish/HiSTBSDKV6R2/hal/src/aout/tvos_hal_aout.c:2292:9: warning: format '%x' expects argument of type 'unsigned int', but argument 4 has type 'S32' [-Wformat=]
         HAL_ERROR("fetch_track_rm failed(0x%x)", s32Ret);
         ^
device/hisilicon/bigfish/HiSTBSDKV6R2/hal/src/aout/tvos_hal_aout.c:2304:9: warning: format '%x' expects argument of type 'unsigned int', but argument 4 has type 'S32' [-Wformat=]
         HAL_ERROR("HI_UNF_SND_SetTrackWeight failed(0x%x)", s32Ret);
         ^
device/hisilicon/bigfish/HiSTBSDKV6R2/hal/src/aout/tvos_hal_aout.c:2272:52: warning: unused parameter 'pstDev' [-Wunused-parameter]
 static S32 track_set_weight(struct _AOUT_DEVICE_S* pstDev, HANDLE hTrack,
                                                    ^
device/hisilicon/bigfish/HiSTBSDKV6R2/hal/src/aout/tvos_hal_aout.c: In function 'track_get_weight':
device/hisilicon/bigfish/HiSTBSDKV6R2/hal/src/aout/tvos_hal_aout.c:2323:9: warning: format '%x' expects argument of type 'unsigned int', but argument 4 has type 'S32' [-Wformat=]
         HAL_ERROR("fetch_track_rm failed(0x%x)", s32Ret);
         ^
device/hisilicon/bigfish/HiSTBSDKV6R2/hal/src/aout/tvos_hal_aout.c:2333:9: warning: format '%x' expects argument of type 'unsigned int', but argument 6 has type 'S32' [-Wformat=]
         HAL_ERROR("%s %d HI_UNF_SND_GetTrackWeight failed(0x%x)", __func__, __LINE__, s32Ret);
         ^
device/hisilicon/bigfish/HiSTBSDKV6R2/hal/src/aout/tvos_hal_aout.c:2311:52: warning: unused parameter 'pstDev' [-Wunused-parameter]
 static S32 track_get_weight(struct _AOUT_DEVICE_S* pstDev, HANDLE hTrack,
                                                    ^
device/hisilicon/bigfish/HiSTBSDKV6R2/hal/src/aout/tvos_hal_aout.c: In function 'track_get_render_position':
device/hisilicon/bigfish/HiSTBSDKV6R2/hal/src/aout/tvos_hal_aout.c:2356:9: warning: format '%x' expects argument of type 'unsigned int', but argument 4 has type 'S32' [-Wformat=]
         HAL_ERROR("fetch_track_rm failed(0x%x)", s32Ret);
         ^
device/hisilicon/bigfish/HiSTBSDKV6R2/hal/src/aout/tvos_hal_aout.c: In function 'track_get_buf_avail':
device/hisilicon/bigfish/HiSTBSDKV6R2/hal/src/aout/tvos_hal_aout.c:2388:9: warning: format '%x' expects argument of type 'unsigned int', but argument 4 has type 'S32' [-Wformat=]
         HAL_ERROR("fetch_track_rm failed(0x%x)", s32Ret);
         ^
device/hisilicon/bigfish/HiSTBSDKV6R2/hal/src/aout/tvos_hal_aout.c:2405:9: warning: format '%x' expects argument of type 'unsigned int', but argument 6 has type 'S32' [-Wformat=]
         HAL_ERROR("%s %d HI_UNF_SND_GetTrackDelayMs failed(0x%x)", __func__, __LINE__, s32Ret);
         ^
device/hisilicon/bigfish/HiSTBSDKV6R2/hal/src/aout/tvos_hal_aout.c: In function 'track_get_latency':
device/hisilicon/bigfish/HiSTBSDKV6R2/hal/src/aout/tvos_hal_aout.c:2454:9: warning: format '%x' expects argument of type 'unsigned int', but argument 4 has type 'S32' [-Wformat=]
         HAL_ERROR("fetch_track_rm failed(0x%x)", s32Ret);
         ^
device/hisilicon/bigfish/HiSTBSDKV6R2/hal/src/aout/tvos_hal_aout.c:2463:9: warning: format '%x' expects argument of type 'unsigned int', but argument 6 has type 'S32' [-Wformat=]
         HAL_ERROR("%s %d HI_UNF_SND_GetTrackDelayMs failed(0x%x)", __func__, __LINE__, s32Ret);
         ^
device/hisilicon/bigfish/HiSTBSDKV6R2/hal/src/aout/tvos_hal_aout.c: In function 'track_write':
device/hisilicon/bigfish/HiSTBSDKV6R2/hal/src/aout/tvos_hal_aout.c:2495:9: warning: format '%x' expects argument of type 'unsigned int', but argument 6 has type 'S32' [-Wformat=]
         HAL_ERROR("%s %d fetch_track_rm failed(0x%x)", __func__, __LINE__, s32Ret);
         ^
device/hisilicon/bigfish/HiSTBSDKV6R2/hal/src/aout/tvos_hal_aout.c:2549:33: warning: assignment from incompatible pointer type [enabled by default]
         stAOFrame.ps32PcmBuffer = (S32*)(pvbuffer);
                                 ^
device/hisilicon/bigfish/HiSTBSDKV6R2/hal/src/aout/tvos_hal_aout.c: In function 'track_get_pts':
device/hisilicon/bigfish/HiSTBSDKV6R2/hal/src/aout/tvos_hal_aout.c:2563:49: warning: unused parameter 'pstDev' [-Wunused-parameter]
 static S32 track_get_pts(struct _AOUT_DEVICE_S* pstDev, HANDLE hTrack, S64* ps64Pts)
                                                 ^
device/hisilicon/bigfish/HiSTBSDKV6R2/hal/src/aout/tvos_hal_aout.c:2563:64: warning: unused parameter 'hTrack' [-Wunused-parameter]
 static S32 track_get_pts(struct _AOUT_DEVICE_S* pstDev, HANDLE hTrack, S64* ps64Pts)
                                                                ^
device/hisilicon/bigfish/HiSTBSDKV6R2/hal/src/aout/tvos_hal_aout.c: In function 'track_adjust_speed':
device/hisilicon/bigfish/HiSTBSDKV6R2/hal/src/aout/tvos_hal_aout.c:2569:54: warning: unused parameter 'pstDev' [-Wunused-parameter]
 static S32 track_adjust_speed(struct _AOUT_DEVICE_S* pstDev, HANDLE hTrack, S32 s32Speed)
                                                      ^
device/hisilicon/bigfish/HiSTBSDKV6R2/hal/src/aout/tvos_hal_aout.c:2569:69: warning: unused parameter 'hTrack' [-Wunused-parameter]
 static S32 track_adjust_speed(struct _AOUT_DEVICE_S* pstDev, HANDLE hTrack, S32 s32Speed)
                                                                     ^
device/hisilicon/bigfish/HiSTBSDKV6R2/hal/src/aout/tvos_hal_aout.c:2569:81: warning: unused parameter 's32Speed' [-Wunused-parameter]
 static S32 track_adjust_speed(struct _AOUT_DEVICE_S* pstDev, HANDLE hTrack, S32 s32Speed)
                                                                                 ^
