platform/android/external/neven/Embedded/common/src/b_BitFeatureEm/BitParam.c: In function 'bbf_BitParam_init':
platform/android/external/neven/Embedded/common/src/b_BitFeatureEm/BitParam.c:40:45: warning: unused parameter 'cpA' [-Wunused-parameter]
 void bbf_BitParam_init( struct bbs_Context* cpA,
                                             ^
platform/android/external/neven/Embedded/common/src/b_BitFeatureEm/BitParam.c: In function 'bbf_BitParam_exit':
platform/android/external/neven/Embedded/common/src/b_BitFeatureEm/BitParam.c:49:45: warning: unused parameter 'cpA' [-Wunused-parameter]
 void bbf_BitParam_exit( struct bbs_Context* cpA,
                                             ^
platform/android/external/neven/Embedded/common/src/b_BitFeatureEm/BitParam.c: In function 'bbf_BitParam_copy':
platform/android/external/neven/Embedded/common/src/b_BitFeatureEm/BitParam.c:66:45: warning: unused parameter 'cpA' [-Wunused-parameter]
 void bbf_BitParam_copy( struct bbs_Context* cpA,
                                             ^
platform/android/external/neven/Embedded/common/src/b_BitFeatureEm/BitParam.c: In function 'bbf_BitParam_equal':
platform/android/external/neven/Embedded/common/src/b_BitFeatureEm/BitParam.c:76:46: warning: unused parameter 'cpA' [-Wunused-parameter]
 flag bbf_BitParam_equal( struct bbs_Context* cpA,
                                              ^
platform/android/external/neven/Embedded/common/src/b_BitFeatureEm/BitParam.c: In function 'bbf_BitParam_memSize':
platform/android/external/neven/Embedded/common/src/b_BitFeatureEm/BitParam.c:111:50: warning: unused parameter 'cpA' [-Wunused-parameter]
 uint32 bbf_BitParam_memSize( struct bbs_Context* cpA,
                                                  ^
