platform/android/external/neven/Embedded/common/src/b_BasicEm/MemSeg.c: In function 'bbs_MemSeg_init':
platform/android/external/neven/Embedded/common/src/b_BasicEm/MemSeg.c:41:43: warning: unused parameter 'cpA' [-Wunused-parameter]
 void bbs_MemSeg_init( struct bbs_Context* cpA, 
                                           ^
platform/android/external/neven/Embedded/common/src/b_BasicEm/MemSeg.c: In function 'bbs_MemSeg_exit':
platform/android/external/neven/Embedded/common/src/b_BasicEm/MemSeg.c:54:43: warning: unused parameter 'cpA' [-Wunused-parameter]
 void bbs_MemSeg_exit( struct bbs_Context* cpA, 
                                           ^
platform/android/external/neven/Embedded/common/src/b_BasicEm/MemSeg.c: In function 'bbs_MemSeg_availableSize':
platform/android/external/neven/Embedded/common/src/b_BasicEm/MemSeg.c:83:54: warning: unused parameter 'cpA' [-Wunused-parameter]
 uint32 bbs_MemSeg_availableSize( struct bbs_Context* cpA, 
                                                      ^
platform/android/external/neven/Embedded/common/src/b_BasicEm/MemSeg.c: In function 'bbs_MemSeg_blocks':
platform/android/external/neven/Embedded/common/src/b_BasicEm/MemSeg.c:146:47: warning: unused parameter 'cpA' [-Wunused-parameter]
 uint32 bbs_MemSeg_blocks( struct bbs_Context* cpA, 
                                               ^
platform/android/external/neven/Embedded/common/src/b_BasicEm/MemSeg.c: In function 'bbs_MemSeg_usedBlocks':
platform/android/external/neven/Embedded/common/src/b_BasicEm/MemSeg.c:165:51: warning: unused parameter 'cpA' [-Wunused-parameter]
 uint32 bbs_MemSeg_usedBlocks( struct bbs_Context* cpA, 
                                                   ^
platform/android/external/neven/Embedded/common/src/b_BasicEm/MemSeg.c: In function 'bbs_MemSeg_create':
platform/android/external/neven/Embedded/common/src/b_BasicEm/MemSeg.c:208:58: warning: unused parameter 'cpA' [-Wunused-parameter]
 struct bbs_MemSeg bbs_MemSeg_create( struct bbs_Context* cpA,
                                                          ^
platform/android/external/neven/Embedded/common/src/b_BasicEm/MemSeg.c: In function 'bbs_MemSeg_createShared':
platform/android/external/neven/Embedded/common/src/b_BasicEm/MemSeg.c:223:64: warning: unused parameter 'cpA' [-Wunused-parameter]
 struct bbs_MemSeg bbs_MemSeg_createShared( struct bbs_Context* cpA,
                                                                ^
