In file included from device/hisilicon/bigfish/HiSTBSDKV6R2/source/msp/api/adec/mpi_adec_waveform.c:5:0:
device/hisilicon/bigfish/HiSTBSDKV6R2/source/common/include/hi_type.h:44:23: warning: ISO C90 does not support 'long long' [-Wlong-long]
 typedef unsigned long long      HI_U64;
                       ^
device/hisilicon/bigfish/HiSTBSDKV6R2/source/common/include/hi_type.h:45:14: warning: ISO C90 does not support 'long long' [-Wlong-long]
 typedef long long               HI_S64;
              ^
In file included from device/hisilicon/bigfish/HiSTBSDKV6R2/source/msp/api/adec/mpi_adec_waveform.c:6:0:
device/hisilicon/bigfish/HiSTBSDKV6R2/source/msp/api/adec/mpi_adec_assembly.h:585:14: warning: ISO C90 does not support 'long long' [-Wlong-long]
 typedef long long Word64;
              ^
device/hisilicon/bigfish/HiSTBSDKV6R2/source/msp/api/adec/mpi_adec_waveform.c: In function 'FFT':
device/hisilicon/bigfish/HiSTBSDKV6R2/source/msp/api/adec/mpi_adec_waveform.c:296:37: warning: unused parameter 'InverseTransform' [-Wunused-parameter]
 static void FFT(int NumSamples, int InverseTransform, float_t* RealIn, float_t* ImagIn, float_t* RealOut,
                                     ^
device/hisilicon/bigfish/HiSTBSDKV6R2/source/msp/api/adec/mpi_adec_waveform.c:296:64: warning: unused parameter 'RealIn' [-Wunused-parameter]
 static void FFT(int NumSamples, int InverseTransform, float_t* RealIn, float_t* ImagIn, float_t* RealOut,
                                                                ^
device/hisilicon/bigfish/HiSTBSDKV6R2/source/msp/api/adec/mpi_adec_waveform.c:296:81: warning: unused parameter 'ImagIn' [-Wunused-parameter]
 static void FFT(int NumSamples, int InverseTransform, float_t* RealIn, float_t* ImagIn, float_t* RealOut,
                                                                                 ^
device/hisilicon/bigfish/HiSTBSDKV6R2/source/msp/api/adec/mpi_adec_waveform.c: In function 'spectrum_do':
device/hisilicon/bigfish/HiSTBSDKV6R2/source/msp/api/adec/mpi_adec_waveform.c:536:29: warning: ISO C90 does not support 'long long' [-Wlong-long]
         FftOut [i] = ((long long)RealOut[i] * RealOut[i] + (long long)ImagOut[i] * ImagOut[i]) / 8192;
                             ^
device/hisilicon/bigfish/HiSTBSDKV6R2/source/msp/api/adec/mpi_adec_waveform.c:536:66: warning: ISO C90 does not support 'long long' [-Wlong-long]
         FftOut [i] = ((long long)RealOut[i] * RealOut[i] + (long long)ImagOut[i] * ImagOut[i]) / 8192;
                                                                  ^
