In file included from device/hisilicon/bigfish/HiSTBSDKV6R2/source/msp/drv/include/hi_drv_ao.h:24:0,
                 from device/hisilicon/bigfish/HiSTBSDKV6R2/source/msp/api/ao/render/render_proc.c:20:
device/hisilicon/bigfish/HiSTBSDKV6R2/source/common/include/hi_type.h:44:23: warning: ISO C90 does not support 'long long' [-Wlong-long]
 typedef unsigned long long      HI_U64;
                       ^
device/hisilicon/bigfish/HiSTBSDKV6R2/source/common/include/hi_type.h:45:14: warning: ISO C90 does not support 'long long' [-Wlong-long]
 typedef long long               HI_S64;
              ^
device/hisilicon/bigfish/HiSTBSDKV6R2/source/msp/api/ao/render/render_proc.c: In function 'ShowHelpInfo':
device/hisilicon/bigfish/HiSTBSDKV6R2/source/msp/api/ao/render/render_proc.c:67:60: warning: unused parameter 'u32Argc' [-Wunused-parameter]
 HI_VOID ShowHelpInfo(HI_PROC_SHOW_BUFFER_S* pstBuf, HI_U32 u32Argc, HI_U8* pu8Argv[], HI_VOID* pPrivData)
                                                            ^
device/hisilicon/bigfish/HiSTBSDKV6R2/source/msp/api/ao/render/render_proc.c:67:76: warning: unused parameter 'pu8Argv' [-Wunused-parameter]
 HI_VOID ShowHelpInfo(HI_PROC_SHOW_BUFFER_S* pstBuf, HI_U32 u32Argc, HI_U8* pu8Argv[], HI_VOID* pPrivData)
                                                                            ^
device/hisilicon/bigfish/HiSTBSDKV6R2/source/msp/api/ao/render/render_proc.c:67:96: warning: unused parameter 'pPrivData' [-Wunused-parameter]
 HI_VOID ShowHelpInfo(HI_PROC_SHOW_BUFFER_S* pstBuf, HI_U32 u32Argc, HI_U8* pu8Argv[], HI_VOID* pPrivData)
                                                                                                ^
device/hisilicon/bigfish/HiSTBSDKV6R2/source/msp/api/ao/render/render_proc.c: In function 'SaveSourceStream':
device/hisilicon/bigfish/HiSTBSDKV6R2/source/msp/api/ao/render/render_proc.c:79:56: warning: unused parameter 'pstBuf' [-Wunused-parameter]
 static HI_VOID SaveSourceStream(HI_PROC_SHOW_BUFFER_S* pstBuf, HI_U32 u32Argc, HI_U8* pu8Argv[], HI_VOID* pPrivData)
                                                        ^
device/hisilicon/bigfish/HiSTBSDKV6R2/source/msp/api/ao/render/render_proc.c: In function 'SaveSourcePts':
device/hisilicon/bigfish/HiSTBSDKV6R2/source/msp/api/ao/render/render_proc.c:109:53: warning: unused parameter 'pstBuf' [-Wunused-parameter]
 static HI_VOID SaveSourcePts(HI_PROC_SHOW_BUFFER_S* pstBuf, HI_U32 u32Argc, HI_U8* pu8Argv[], HI_VOID* pPrivData)
                                                     ^
device/hisilicon/bigfish/HiSTBSDKV6R2/source/msp/api/ao/render/render_proc.c: In function 'EnableLogModule':
device/hisilicon/bigfish/HiSTBSDKV6R2/source/msp/api/ao/render/render_proc.c:139:55: warning: unused parameter 'pstBuf' [-Wunused-parameter]
 static HI_VOID EnableLogModule(HI_PROC_SHOW_BUFFER_S* pstBuf, HI_U32 u32Argc, HI_U8* pu8Argv[], HI_VOID* pPrivData)
                                                       ^
device/hisilicon/bigfish/HiSTBSDKV6R2/source/msp/api/ao/render/render_proc.c: In function 'SetCommandADBalance':
device/hisilicon/bigfish/HiSTBSDKV6R2/source/msp/api/ao/render/render_proc.c:213:59: warning: unused parameter 'pstBuf' [-Wunused-parameter]
 static HI_VOID SetCommandADBalance(HI_PROC_SHOW_BUFFER_S* pstBuf, HI_U32 u32Argc, HI_U8* pu8Argv[], HI_VOID* pPrivData)
                                                           ^
device/hisilicon/bigfish/HiSTBSDKV6R2/source/msp/api/ao/render/render_proc.c:213:110: warning: unused parameter 'pPrivData' [-Wunused-parameter]
 static HI_VOID SetCommandADBalance(HI_PROC_SHOW_BUFFER_S* pstBuf, HI_U32 u32Argc, HI_U8* pu8Argv[], HI_VOID* pPrivData)
                                                                                                              ^
device/hisilicon/bigfish/HiSTBSDKV6R2/source/msp/api/ao/render/render_proc.c: In function 'SetCommandvolume':
device/hisilicon/bigfish/HiSTBSDKV6R2/source/msp/api/ao/render/render_proc.c:232:56: warning: unused parameter 'pstBuf' [-Wunused-parameter]
 static HI_VOID SetCommandvolume(HI_PROC_SHOW_BUFFER_S* pstBuf, HI_U32 u32Argc, HI_U8* pu8Argv[], HI_VOID* pPrivData)
                                                        ^
device/hisilicon/bigfish/HiSTBSDKV6R2/source/msp/api/ao/render/render_proc.c:232:71: warning: unused parameter 'u32Argc' [-Wunused-parameter]
 static HI_VOID SetCommandvolume(HI_PROC_SHOW_BUFFER_S* pstBuf, HI_U32 u32Argc, HI_U8* pu8Argv[], HI_VOID* pPrivData)
                                                                       ^
device/hisilicon/bigfish/HiSTBSDKV6R2/source/msp/api/ao/render/render_proc.c:232:87: warning: unused parameter 'pu8Argv' [-Wunused-parameter]
 static HI_VOID SetCommandvolume(HI_PROC_SHOW_BUFFER_S* pstBuf, HI_U32 u32Argc, HI_U8* pu8Argv[], HI_VOID* pPrivData)
                                                                                       ^
device/hisilicon/bigfish/HiSTBSDKV6R2/source/msp/api/ao/render/render_proc.c:232:107: warning: unused parameter 'pPrivData' [-Wunused-parameter]
 static HI_VOID SetCommandvolume(HI_PROC_SHOW_BUFFER_S* pstBuf, HI_U32 u32Argc, HI_U8* pu8Argv[], HI_VOID* pPrivData)
                                                                                                           ^
