device/hisilicon/bigfish/HiSTBSDKV6R2/sample/iframe_dec/sample_iframe_dec.c: In function 'prepare_Iframe':
device/hisilicon/bigfish/HiSTBSDKV6R2/sample/iframe_dec/sample_iframe_dec.c:105:17: warning: comparison between signed and unsigned integer expressions [-Wsign-compare]
     if (ReadLen < pIFrame->u32BufSize)
                 ^
device/hisilicon/bigfish/HiSTBSDKV6R2/sample/iframe_dec/sample_iframe_dec.c: In function 'prepare_higo':
device/hisilicon/bigfish/HiSTBSDKV6R2/sample/iframe_dec/sample_iframe_dec.c:332:33: warning: unused parameter 'phLayer' [-Wunused-parameter]
 HI_S32  prepare_higo(HI_HANDLE *phLayer)
                                 ^
device/hisilicon/bigfish/HiSTBSDKV6R2/sample/iframe_dec/sample_iframe_dec.c: In function 'process_picture':
device/hisilicon/bigfish/HiSTBSDKV6R2/sample/iframe_dec/sample_iframe_dec.c:390:35: warning: unused parameter 'hLayer' [-Wunused-parameter]
 HI_S32  process_picture(HI_HANDLE hLayer,HI_UNF_VIDEO_FRAME_INFO_S *pCapPic)
                                   ^
device/hisilicon/bigfish/HiSTBSDKV6R2/sample/iframe_dec/sample_iframe_dec.c: In function 'resume_osd':
device/hisilicon/bigfish/HiSTBSDKV6R2/sample/iframe_dec/sample_iframe_dec.c:487:29: warning: unused parameter 'hLayer' [-Wunused-parameter]
 HI_S32 resume_osd(HI_HANDLE hLayer)
                             ^
device/hisilicon/bigfish/HiSTBSDKV6R2/sample/iframe_dec/sample_iframe_dec.c: In function 'release_higo':
device/hisilicon/bigfish/HiSTBSDKV6R2/sample/iframe_dec/sample_iframe_dec.c:539:32: warning: unused parameter 'hLayer' [-Wunused-parameter]
 HI_S32  release_higo(HI_HANDLE hLayer)
                                ^
