In file included from platform/android/external/libvpx/libvpx/vp9/common/vp9_reconintra.c:11:0:
platform/android/external/libvpx/armv7a-neon/./vpx_config.h:13:0: warning: "ARCH_ARM" redefined [enabled by default]
 #define ARCH_ARM 1
 ^
In file included from <command-line>:0:0:
./platform/android/build/core/combo/include/arch/linux-arm/AndroidConfig.h:241:0: note: this is the location of the previous definition
 #define ARCH_ARM
 ^
In file included from platform/android/external/libvpx/libvpx/vp9/common/vp9_blockd.h:20:0,
                 from platform/android/external/libvpx/libvpx/vp9/common/vp9_reconintra.h:15,
                 from platform/android/external/libvpx/libvpx/vp9/common/vp9_reconintra.c:18:
platform/android/external/libvpx/libvpx/vp9/common/vp9_common.h: In function 'clip_pixel':
platform/android/external/libvpx/libvpx/vp9/common/vp9_common.h:52:46: warning: signed and unsigned type in conditional expression [-Wsign-compare]
   return (val > 255) ? 255u : (val < 0) ? 0u : val;
                                              ^
In file included from platform/android/external/libvpx/libvpx/vp9/common/vp9_seg_common.h:14:0,
                 from platform/android/external/libvpx/libvpx/vp9/common/vp9_blockd.h:26,
                 from platform/android/external/libvpx/libvpx/vp9/common/vp9_reconintra.h:15,
                 from platform/android/external/libvpx/libvpx/vp9/common/vp9_reconintra.c:18:
platform/android/external/libvpx/libvpx/vp9/common/vp9_prob.h: In function 'clip_prob':
platform/android/external/libvpx/libvpx/vp9/common/vp9_prob.h:47:42: warning: signed and unsigned type in conditional expression [-Wsign-compare]
   return (p > 255) ? 255u : (p < 1) ? 1u : p;
                                          ^
In file included from platform/android/external/libvpx/libvpx/vp9/common/vp9_onyxc_int.h:19:0,
                 from platform/android/external/libvpx/libvpx/vp9/common/vp9_reconintra.c:19:
platform/android/external/libvpx/libvpx/vp9/common/vp9_entropy.h: At top level:
platform/android/external/libvpx/libvpx/vp9/common/vp9_entropy.h:176:1: warning: '__inline__' is not at beginning of declaration [-Wold-style-declaration]
 static const INLINE scan_order *get_scan(const MACROBLOCKD *xd, TX_SIZE tx_size,
 ^
platform/android/external/libvpx/libvpx/vp9/common/vp9_reconintra.c: In function 'd207_predictor':
platform/android/external/libvpx/libvpx/vp9/common/vp9_reconintra.c:49:50: warning: unused parameter 'above' [-Wunused-parameter]
                                   const uint8_t *above, const uint8_t *left) {
                                                  ^
platform/android/external/libvpx/libvpx/vp9/common/vp9_reconintra.c: In function 'd63_predictor':
platform/android/external/libvpx/libvpx/vp9/common/vp9_reconintra.c:78:71: warning: unused parameter 'left' [-Wunused-parameter]
                                  const uint8_t *above, const uint8_t *left) {
                                                                       ^
platform/android/external/libvpx/libvpx/vp9/common/vp9_reconintra.c: In function 'd45_predictor':
platform/android/external/libvpx/libvpx/vp9/common/vp9_reconintra.c:93:71: warning: unused parameter 'left' [-Wunused-parameter]
                                  const uint8_t *above, const uint8_t *left) {
                                                                       ^
platform/android/external/libvpx/libvpx/vp9/common/vp9_reconintra.c: In function 'v_predictor':
platform/android/external/libvpx/libvpx/vp9/common/vp9_reconintra.c:185:69: warning: unused parameter 'left' [-Wunused-parameter]
                                const uint8_t *above, const uint8_t *left) {
                                                                     ^
platform/android/external/libvpx/libvpx/vp9/common/vp9_reconintra.c: In function 'h_predictor':
platform/android/external/libvpx/libvpx/vp9/common/vp9_reconintra.c:196:47: warning: unused parameter 'above' [-Wunused-parameter]
                                const uint8_t *above, const uint8_t *left) {
                                               ^
platform/android/external/libvpx/libvpx/vp9/common/vp9_reconintra.c: In function 'dc_128_predictor':
platform/android/external/libvpx/libvpx/vp9/common/vp9_reconintra.c:220:52: warning: unused parameter 'above' [-Wunused-parameter]
                                     const uint8_t *above, const uint8_t *left) {
                                                    ^
platform/android/external/libvpx/libvpx/vp9/common/vp9_reconintra.c:220:74: warning: unused parameter 'left' [-Wunused-parameter]
                                     const uint8_t *above, const uint8_t *left) {
                                                                          ^
platform/android/external/libvpx/libvpx/vp9/common/vp9_reconintra.c: In function 'dc_left_predictor':
platform/android/external/libvpx/libvpx/vp9/common/vp9_reconintra.c:231:53: warning: unused parameter 'above' [-Wunused-parameter]
                                      const uint8_t *above,
                                                     ^
platform/android/external/libvpx/libvpx/vp9/common/vp9_reconintra.c: In function 'dc_top_predictor':
platform/android/external/libvpx/libvpx/vp9/common/vp9_reconintra.c:247:74: warning: unused parameter 'left' [-Wunused-parameter]
                                     const uint8_t *above, const uint8_t *left) {
                                                                          ^
