platform/android/external/sonivox/arm-wt-22k/lib_src/eas_rtttl.c: In function 'RTTTL_Time':
platform/android/external/sonivox/arm-wt-22k/lib_src/eas_rtttl.c:231:43: warning: unused parameter 'pEASData' [-Wunused-parameter]
 static EAS_RESULT RTTTL_Time (S_EAS_DATA *pEASData, EAS_VOID_PTR pInstData, EAS_U32 *pTime)
                                           ^
platform/android/external/sonivox/arm-wt-22k/lib_src/eas_rtttl.c: In function 'RTTTL_State':
platform/android/external/sonivox/arm-wt-22k/lib_src/eas_rtttl.c:518:44: warning: unused parameter 'pEASData' [-Wunused-parameter]
 static EAS_RESULT RTTTL_State (S_EAS_DATA *pEASData, EAS_VOID_PTR pInstData, EAS_I32 *pState)
                                            ^
platform/android/external/sonivox/arm-wt-22k/lib_src/eas_rtttl.c: In function 'RTTTL_Resume':
platform/android/external/sonivox/arm-wt-22k/lib_src/eas_rtttl.c:674:45: warning: unused parameter 'pEASData' [-Wunused-parameter]
 static EAS_RESULT RTTTL_Resume (S_EAS_DATA *pEASData, EAS_VOID_PTR pInstData)
                                             ^
platform/android/external/sonivox/arm-wt-22k/lib_src/eas_rtttl.c: In function 'RTTTL_SetData':
platform/android/external/sonivox/arm-wt-22k/lib_src/eas_rtttl.c:706:46: warning: unused parameter 'pEASData' [-Wunused-parameter]
 static EAS_RESULT RTTTL_SetData (S_EAS_DATA *pEASData, EAS_VOID_PTR pInstData, EAS_I32 param, EAS_I32 value)
                                              ^
platform/android/external/sonivox/arm-wt-22k/lib_src/eas_rtttl.c: In function 'RTTTL_GetData':
platform/android/external/sonivox/arm-wt-22k/lib_src/eas_rtttl.c:744:46: warning: unused parameter 'pEASData' [-Wunused-parameter]
 static EAS_RESULT RTTTL_GetData (S_EAS_DATA *pEASData, EAS_VOID_PTR pInstData, EAS_I32 param, EAS_I32 *pValue)
                                              ^
