platform/android/external/ppp/pppd/auth.c:283:7: warning: missing initializer for field 'addr2' of 'option_t' [-Wmissing-field-initializers]
       "Require authentication from peer", OPT_PRIO | 1 },
       ^
In file included from platform/android/external/ppp/pppd/auth.c:106:0:
platform/android/external/ppp/pppd/pppd.h:112:8: note: 'addr2' declared here
  void *addr2;
        ^
platform/android/external/ppp/pppd/auth.c:286:7: warning: missing initializer for field 'upper_limit' of 'option_t' [-Wmissing-field-initializers]
       &allow_any_ip },
       ^
In file included from platform/android/external/ppp/pppd/auth.c:106:0:
platform/android/external/ppp/pppd/pppd.h:113:6: note: 'upper_limit' declared here
  int upper_limit;
      ^
platform/android/external/ppp/pppd/auth.c:289:7: warning: missing initializer for field 'upper_limit' of 'option_t' [-Wmissing-field-initializers]
       OPT_PRIOSUB | 1, &auth_required },
       ^
In file included from platform/android/external/ppp/pppd/auth.c:106:0:
platform/android/external/ppp/pppd/pppd.h:113:6: note: 'upper_limit' declared here
  int upper_limit;
      ^
platform/android/external/ppp/pppd/auth.c:292:7: warning: missing initializer for field 'upper_limit' of 'option_t' [-Wmissing-field-initializers]
       OPT_ALIAS | OPT_PRIOSUB | 1, &auth_required },
       ^
In file included from platform/android/external/ppp/pppd/auth.c:106:0:
platform/android/external/ppp/pppd/pppd.h:113:6: note: 'upper_limit' declared here
  int upper_limit;
      ^
platform/android/external/ppp/pppd/auth.c:296:7: warning: missing initializer for field 'upper_limit' of 'option_t' [-Wmissing-field-initializers]
       &lcp_wantoptions[0].chap_mdtype },
       ^
In file included from platform/android/external/ppp/pppd/auth.c:106:0:
platform/android/external/ppp/pppd/pppd.h:113:6: note: 'upper_limit' declared here
  int upper_limit;
      ^
platform/android/external/ppp/pppd/auth.c:300:7: warning: missing initializer for field 'upper_limit' of 'option_t' [-Wmissing-field-initializers]
       &lcp_wantoptions[0].chap_mdtype },
       ^
In file included from platform/android/external/ppp/pppd/auth.c:106:0:
platform/android/external/ppp/pppd/pppd.h:113:6: note: 'upper_limit' declared here
  int upper_limit;
      ^
platform/android/external/ppp/pppd/auth.c:305:7: warning: missing initializer for field 'upper_limit' of 'option_t' [-Wmissing-field-initializers]
       &lcp_wantoptions[0].chap_mdtype },
       ^
In file included from platform/android/external/ppp/pppd/auth.c:106:0:
platform/android/external/ppp/pppd/pppd.h:113:6: note: 'upper_limit' declared here
  int upper_limit;
      ^
platform/android/external/ppp/pppd/auth.c:309:7: warning: missing initializer for field 'upper_limit' of 'option_t' [-Wmissing-field-initializers]
       &lcp_wantoptions[0].chap_mdtype },
       ^
In file included from platform/android/external/ppp/pppd/auth.c:106:0:
platform/android/external/ppp/pppd/pppd.h:113:6: note: 'upper_limit' declared here
  int upper_limit;
      ^
platform/android/external/ppp/pppd/auth.c:313:7: warning: missing initializer for field 'upper_limit' of 'option_t' [-Wmissing-field-initializers]
       &lcp_wantoptions[0].chap_mdtype },
       ^
In file included from platform/android/external/ppp/pppd/auth.c:106:0:
platform/android/external/ppp/pppd/pppd.h:113:6: note: 'upper_limit' declared here
  int upper_limit;
      ^
platform/android/external/ppp/pppd/auth.c:317:7: warning: missing initializer for field 'upper_limit' of 'option_t' [-Wmissing-field-initializers]
       &lcp_wantoptions[0].chap_mdtype },
       ^
In file included from platform/android/external/ppp/pppd/auth.c:106:0:
platform/android/external/ppp/pppd/pppd.h:113:6: note: 'upper_limit' declared here
  int upper_limit;
      ^
platform/android/external/ppp/pppd/auth.c:321:7: warning: missing initializer for field 'addr2' of 'option_t' [-Wmissing-field-initializers]
       "Don't agree to auth to peer with PAP", 1 },
       ^
In file included from platform/android/external/ppp/pppd/auth.c:106:0:
platform/android/external/ppp/pppd/pppd.h:112:8: note: 'addr2' declared here
  void *addr2;
        ^
platform/android/external/ppp/pppd/auth.c:323:7: warning: missing initializer for field 'addr2' of 'option_t' [-Wmissing-field-initializers]
       "Don't allow PAP authentication with peer", OPT_ALIAS | 1 },
       ^
In file included from platform/android/external/ppp/pppd/auth.c:106:0:
platform/android/external/ppp/pppd/pppd.h:112:8: note: 'addr2' declared here
  void *addr2;
        ^
platform/android/external/ppp/pppd/auth.c:327:7: warning: missing initializer for field 'upper_limit' of 'option_t' [-Wmissing-field-initializers]
       &lcp_allowoptions[0].chap_mdtype },
       ^
In file included from platform/android/external/ppp/pppd/auth.c:106:0:
platform/android/external/ppp/pppd/pppd.h:113:6: note: 'upper_limit' declared here
  int upper_limit;
      ^
platform/android/external/ppp/pppd/auth.c:331:7: warning: missing initializer for field 'upper_limit' of 'option_t' [-Wmissing-field-initializers]
       &lcp_allowoptions[0].chap_mdtype },
       ^
In file included from platform/android/external/ppp/pppd/auth.c:106:0:
platform/android/external/ppp/pppd/pppd.h:113:6: note: 'upper_limit' declared here
  int upper_limit;
      ^
platform/android/external/ppp/pppd/auth.c:336:7: warning: missing initializer for field 'upper_limit' of 'option_t' [-Wmissing-field-initializers]
       &lcp_allowoptions[0].chap_mdtype },
       ^
In file included from platform/android/external/ppp/pppd/auth.c:106:0:
platform/android/external/ppp/pppd/pppd.h:113:6: note: 'upper_limit' declared here
  int upper_limit;
      ^
platform/android/external/ppp/pppd/auth.c:340:7: warning: missing initializer for field 'upper_limit' of 'option_t' [-Wmissing-field-initializers]
       &lcp_allowoptions[0].chap_mdtype },
       ^
In file included from platform/android/external/ppp/pppd/auth.c:106:0:
platform/android/external/ppp/pppd/pppd.h:113:6: note: 'upper_limit' declared here
  int upper_limit;
      ^
platform/android/external/ppp/pppd/auth.c:344:7: warning: missing initializer for field 'upper_limit' of 'option_t' [-Wmissing-field-initializers]
       &lcp_allowoptions[0].chap_mdtype },
       ^
In file included from platform/android/external/ppp/pppd/auth.c:106:0:
platform/android/external/ppp/pppd/pppd.h:113:6: note: 'upper_limit' declared here
  int upper_limit;
      ^
platform/android/external/ppp/pppd/auth.c:348:7: warning: missing initializer for field 'upper_limit' of 'option_t' [-Wmissing-field-initializers]
       &lcp_allowoptions[0].chap_mdtype },
       ^
In file included from platform/android/external/ppp/pppd/auth.c:106:0:
platform/android/external/ppp/pppd/pppd.h:113:6: note: 'upper_limit' declared here
  int upper_limit;
      ^
platform/android/external/ppp/pppd/auth.c:353:7: warning: missing initializer for field 'upper_limit' of 'option_t' [-Wmissing-field-initializers]
       &auth_required },
       ^
In file included from platform/android/external/ppp/pppd/auth.c:106:0:
platform/android/external/ppp/pppd/pppd.h:113:6: note: 'upper_limit' declared here
  int upper_limit;
      ^
platform/android/external/ppp/pppd/auth.c:355:7: warning: missing initializer for field 'addr2' of 'option_t' [-Wmissing-field-initializers]
       "Don't agree to authenticate to peer with EAP", 1 },
       ^
In file included from platform/android/external/ppp/pppd/auth.c:106:0:
platform/android/external/ppp/pppd/pppd.h:112:8: note: 'addr2' declared here
  void *addr2;
        ^
platform/android/external/ppp/pppd/auth.c:359:7: warning: missing initializer for field 'lower_limit' of 'option_t' [-Wmissing-field-initializers]
       OPT_PRIO | OPT_PRIV | OPT_STATIC, NULL, MAXNAMELEN },
       ^
In file included from platform/android/external/ppp/pppd/auth.c:106:0:
platform/android/external/ppp/pppd/pppd.h:114:6: note: 'lower_limit' declared here
  int lower_limit;
      ^
platform/android/external/ppp/pppd/auth.c:363:7: warning: missing initializer for field 'upper_limit' of 'option_t' [-Wmissing-field-initializers]
       OPT_PRIO | OPT_A2STRVAL, &uafname },
       ^
In file included from platform/android/external/ppp/pppd/auth.c:106:0:
platform/android/external/ppp/pppd/pppd.h:113:6: note: 'upper_limit' declared here
  int upper_limit;
      ^
platform/android/external/ppp/pppd/auth.c:366:7: warning: missing initializer for field 'lower_limit' of 'option_t' [-Wmissing-field-initializers]
       "Set name for auth with peer", OPT_PRIO | OPT_STATIC, NULL, MAXNAMELEN },
       ^
In file included from platform/android/external/ppp/pppd/auth.c:106:0:
platform/android/external/ppp/pppd/pppd.h:114:6: note: 'lower_limit' declared here
  int lower_limit;
      ^
platform/android/external/ppp/pppd/auth.c:370:7: warning: missing initializer for field 'lower_limit' of 'option_t' [-Wmissing-field-initializers]
       OPT_PRIO | OPT_STATIC | OPT_HIDE, NULL, MAXSECRETLEN },
       ^
In file included from platform/android/external/ppp/pppd/auth.c:106:0:
platform/android/external/ppp/pppd/pppd.h:114:6: note: 'lower_limit' declared here
  int lower_limit;
      ^
platform/android/external/ppp/pppd/auth.c:373:7: warning: missing initializer for field 'addr2' of 'option_t' [-Wmissing-field-initializers]
       "Must use hostname for authentication", 1 },
       ^
In file included from platform/android/external/ppp/pppd/auth.c:106:0:
platform/android/external/ppp/pppd/pppd.h:112:8: note: 'addr2' declared here
  void *addr2;
        ^
platform/android/external/ppp/pppd/auth.c:377:7: warning: missing initializer for field 'lower_limit' of 'option_t' [-Wmissing-field-initializers]
       &explicit_remote, MAXNAMELEN },
       ^
In file included from platform/android/external/ppp/pppd/auth.c:106:0:
platform/android/external/ppp/pppd/pppd.h:114:6: note: 'lower_limit' declared here
  int lower_limit;
      ^
platform/android/external/ppp/pppd/auth.c:380:7: warning: missing initializer for field 'addr2' of 'option_t' [-Wmissing-field-initializers]
       "Use system password database for PAP", 1 },
       ^
In file included from platform/android/external/ppp/pppd/auth.c:106:0:
platform/android/external/ppp/pppd/pppd.h:112:8: note: 'addr2' declared here
  void *addr2;
        ^
platform/android/external/ppp/pppd/auth.c:383:7: warning: missing initializer for field 'addr2' of 'option_t' [-Wmissing-field-initializers]
       "PAP passwords are encrypted", 1 },
       ^
In file included from platform/android/external/ppp/pppd/auth.c:106:0:
platform/android/external/ppp/pppd/pppd.h:112:8: note: 'addr2' declared here
  void *addr2;
        ^
platform/android/external/ppp/pppd/auth.c:386:7: warning: missing initializer for field 'addr2' of 'option_t' [-Wmissing-field-initializers]
       "Allow group members to use privileged options", OPT_PRIV | OPT_A2LIST },
       ^
In file included from platform/android/external/ppp/pppd/auth.c:106:0:
platform/android/external/ppp/pppd/pppd.h:112:8: note: 'addr2' declared here
  void *addr2;
        ^
platform/android/external/ppp/pppd/auth.c:390:7: warning: missing initializer for field 'addr2' of 'option_t' [-Wmissing-field-initializers]
       OPT_PRIV | OPT_A2LIST },
       ^
In file included from platform/android/external/ppp/pppd/auth.c:106:0:
platform/android/external/ppp/pppd/pppd.h:112:8: note: 'addr2' declared here
  void *addr2;
        ^
platform/android/external/ppp/pppd/auth.c:394:7: warning: missing initializer for field 'lower_limit' of 'option_t' [-Wmissing-field-initializers]
       NULL, MAXNAMELEN },
       ^
In file included from platform/android/external/ppp/pppd/auth.c:106:0:
platform/android/external/ppp/pppd/pppd.h:114:6: note: 'lower_limit' declared here
  int lower_limit;
      ^
platform/android/external/ppp/pppd/auth.c:398:7: warning: missing initializer for field 'addr2' of 'option_t' [-Wmissing-field-initializers]
       OPT_PRIV | OPT_A2LIST },
       ^
In file included from platform/android/external/ppp/pppd/auth.c:106:0:
platform/android/external/ppp/pppd/pppd.h:112:8: note: 'addr2' declared here
  void *addr2;
        ^
platform/android/external/ppp/pppd/auth.c: In function 'link_required':
platform/android/external/ppp/pppd/auth.c:533:9: warning: unused parameter 'unit' [-Wunused-parameter]
     int unit;
         ^
platform/android/external/ppp/pppd/auth.c: In function 'link_terminated':
platform/android/external/ppp/pppd/auth.c:629:22: warning: suggest braces around empty body in an 'if' statement [-Wempty-body]
      mp_exit_bundle();
                      ^
platform/android/external/ppp/pppd/auth.c:650:28: warning: suggest braces around empty body in an 'else' statement [-Wempty-body]
      mp_bundle_terminated();
                            ^
platform/android/external/ppp/pppd/auth.c:592:9: warning: unused parameter 'unit' [-Wunused-parameter]
     int unit;
         ^
platform/android/external/ppp/pppd/auth.c: In function 'continue_networks':
platform/android/external/ppp/pppd/auth.c:878:9: warning: unused parameter 'unit' [-Wunused-parameter]
     int unit;
         ^
platform/android/external/ppp/pppd/auth.c: In function 'auth_peer_fail':
platform/android/external/ppp/pppd/auth.c:904:15: warning: unused parameter 'protocol' [-Wunused-parameter]
     int unit, protocol;
               ^
platform/android/external/ppp/pppd/auth.c: In function 'auth_peer_success':
platform/android/external/ppp/pppd/auth.c:955:17: warning: comparison between signed and unsigned integer expressions [-Wsign-compare]
     if (namelen > sizeof(peer_authname) - 1)
                 ^
platform/android/external/ppp/pppd/auth.c: In function 'auth_withpeer_fail':
platform/android/external/ppp/pppd/auth.c:977:15: warning: unused parameter 'protocol' [-Wunused-parameter]
     int unit, protocol;
               ^
platform/android/external/ppp/pppd/auth.c: In function 'np_up':
platform/android/external/ppp/pppd/auth.c:1047:9: warning: unused parameter 'unit' [-Wunused-parameter]
     int unit, proto;
         ^
platform/android/external/ppp/pppd/auth.c:1047:15: warning: unused parameter 'proto' [-Wunused-parameter]
     int unit, proto;
               ^
platform/android/external/ppp/pppd/auth.c: In function 'np_down':
platform/android/external/ppp/pppd/auth.c:1092:9: warning: unused parameter 'unit' [-Wunused-parameter]
     int unit, proto;
         ^
platform/android/external/ppp/pppd/auth.c:1092:15: warning: unused parameter 'proto' [-Wunused-parameter]
     int unit, proto;
               ^
platform/android/external/ppp/pppd/auth.c: In function 'np_finished':
platform/android/external/ppp/pppd/auth.c:1109:9: warning: unused parameter 'unit' [-Wunused-parameter]
     int unit, proto;
         ^
platform/android/external/ppp/pppd/auth.c:1109:15: warning: unused parameter 'proto' [-Wunused-parameter]
     int unit, proto;
               ^
platform/android/external/ppp/pppd/auth.c: In function 'check_idle':
platform/android/external/ppp/pppd/auth.c:1161:11: warning: unused parameter 'arg' [-Wunused-parameter]
     void *arg;
           ^
platform/android/external/ppp/pppd/auth.c: In function 'connect_time_expired':
platform/android/external/ppp/pppd/auth.c:1191:11: warning: unused parameter 'arg' [-Wunused-parameter]
     void *arg;
           ^
platform/android/external/ppp/pppd/auth.c: In function 'check_passwd':
platform/android/external/ppp/pppd/auth.c:1345:9: warning: unused parameter 'unit' [-Wunused-parameter]
     int unit;
         ^
platform/android/external/ppp/pppd/auth.c:1346:11: warning: unused parameter 'auser' [-Wunused-parameter]
     char *auser;
           ^
platform/android/external/ppp/pppd/auth.c:1347:9: warning: unused parameter 'userlen' [-Wunused-parameter]
     int userlen;
         ^
platform/android/external/ppp/pppd/auth.c:1348:11: warning: unused parameter 'apasswd' [-Wunused-parameter]
     char *apasswd;
           ^
platform/android/external/ppp/pppd/auth.c:1349:9: warning: unused parameter 'passwdlen' [-Wunused-parameter]
     int passwdlen;
         ^
platform/android/external/ppp/pppd/auth.c:1350:12: warning: unused parameter 'msg' [-Wunused-parameter]
     char **msg;
            ^
platform/android/external/ppp/pppd/auth.c: In function 'plogin':
platform/android/external/ppp/pppd/auth.c:1543:11: warning: unused parameter 'user' [-Wunused-parameter]
     char *user;
           ^
platform/android/external/ppp/pppd/auth.c:1544:11: warning: unused parameter 'passwd' [-Wunused-parameter]
     char *passwd;
           ^
platform/android/external/ppp/pppd/auth.c:1545:12: warning: unused parameter 'msg' [-Wunused-parameter]
     char **msg;
            ^
platform/android/external/ppp/pppd/auth.c: In function 'auth_script_done':
platform/android/external/ppp/pppd/auth.c:2517:11: warning: unused parameter 'arg' [-Wunused-parameter]
     void *arg;
           ^
