device/hisilicon/bigfish/HiSTBSDKV6R2/hal/src/enc/tvos_hal_enc.c: In function 'covert_param_vid_frame_addr_to_unf':
device/hisilicon/bigfish/HiSTBSDKV6R2/hal/src/enc/tvos_hal_enc.c:1193:5: warning: format '%x' expects argument of type 'unsigned int', but argument 6 has type 'S32' [-Wformat=]
     GET_ENC_HANDLE_INDEX(ENC_ENCODE_VIDEO, hEnc, &u32Index);
     ^
device/hisilicon/bigfish/HiSTBSDKV6R2/hal/src/enc/tvos_hal_enc.c: In function 'covert_param_venc_data_to_unf':
device/hisilicon/bigfish/HiSTBSDKV6R2/hal/src/enc/tvos_hal_enc.c:1316:5: warning: format '%x' expects argument of type 'unsigned int', but argument 4 has type 'S32' [-Wformat=]
     HAL_CHK_RETURN((SUCCESS != s32Ret), s32Ret, "covert_param_vid_frame_addr_to_unf error, ret(0x%08x)", s32Ret);
     ^
device/hisilicon/bigfish/HiSTBSDKV6R2/hal/src/enc/tvos_hal_enc.c: In function 'attach_venc_avplay':
device/hisilicon/bigfish/HiSTBSDKV6R2/hal/src/enc/tvos_hal_enc.c:1445:5: warning: format '%x' expects argument of type 'unsigned int', but argument 6 has type 'S32' [-Wformat=]
     GET_ENC_HANDLE_INDEX(ENC_ENCODE_VIDEO, vencHandle, &u32Index);
     ^
device/hisilicon/bigfish/HiSTBSDKV6R2/hal/src/enc/tvos_hal_enc.c: In function 'attach_venc_display':
device/hisilicon/bigfish/HiSTBSDKV6R2/hal/src/enc/tvos_hal_enc.c:1552:5: warning: format '%x' expects argument of type 'unsigned int', but argument 6 has type 'S32' [-Wformat=]
     GET_ENC_HANDLE_INDEX(ENC_ENCODE_VIDEO, vencHandle, &u32Index);
     ^
device/hisilicon/bigfish/HiSTBSDKV6R2/hal/src/enc/tvos_hal_enc.c:1556:5: warning: format '%x' expects argument of type 'unsigned int', but argument 4 has type 'S32' [-Wformat=]
     HAL_CHK_RETURN((SUCCESS != s32Ret), s32Ret, "convert_dispchannel_type error, ret(0x%08x)", s32Ret);
     ^
device/hisilicon/bigfish/HiSTBSDKV6R2/hal/src/enc/tvos_hal_enc.c:1565:5: warning: format '%x' expects argument of type 'unsigned int', but argument 4 has type 'S32' [-Wformat=]
     HAL_CHK_GOTO((SUCCESS != s32Ret), VENC_DESTORY, "cfg_enc_set_default_cast_attr error, ret(0x%08x)", s32Ret);
     ^
device/hisilicon/bigfish/HiSTBSDKV6R2/hal/src/enc/tvos_hal_enc.c: In function 'attach_aenc_avplay':
device/hisilicon/bigfish/HiSTBSDKV6R2/hal/src/enc/tvos_hal_enc.c:1607:5: warning: format '%x' expects argument of type 'unsigned int', but argument 6 has type 'S32' [-Wformat=]
     GET_ENC_HANDLE_INDEX(ENC_ENCODE_AUDIO, aencHandle, &u32Index);
     ^
device/hisilicon/bigfish/HiSTBSDKV6R2/hal/src/enc/tvos_hal_enc.c:1620:5: warning: format '%x' expects argument of type 'unsigned int', but argument 4 has type 'S32' [-Wformat=]
     HAL_CHK_GOTO((SUCCESS != s32Ret), AENC_DESTORY, "cfg_enc_set_default_track_attr error, ret(0x%08x)", s32Ret);
     ^
device/hisilicon/bigfish/HiSTBSDKV6R2/hal/src/enc/tvos_hal_enc.c: In function 'attach_aenc_snd':
device/hisilicon/bigfish/HiSTBSDKV6R2/hal/src/enc/tvos_hal_enc.c:1724:5: warning: format '%x' expects argument of type 'unsigned int', but argument 6 has type 'S32' [-Wformat=]
     GET_ENC_HANDLE_INDEX(ENC_ENCODE_AUDIO, aencHandle, &u32Index);
     ^
device/hisilicon/bigfish/HiSTBSDKV6R2/hal/src/enc/tvos_hal_enc.c: In function 'dettach_venc_avplay':
device/hisilicon/bigfish/HiSTBSDKV6R2/hal/src/enc/tvos_hal_enc.c:1772:5: warning: format '%x' expects argument of type 'unsigned int', but argument 6 has type 'S32' [-Wformat=]
     GET_ENC_HANDLE_INDEX(ENC_ENCODE_VIDEO, vencHandle, &u32Index);
     ^
device/hisilicon/bigfish/HiSTBSDKV6R2/hal/src/enc/tvos_hal_enc.c: In function 'dettach_venc_display':
device/hisilicon/bigfish/HiSTBSDKV6R2/hal/src/enc/tvos_hal_enc.c:1808:5: warning: format '%x' expects argument of type 'unsigned int', but argument 6 has type 'S32' [-Wformat=]
     GET_ENC_HANDLE_INDEX(ENC_ENCODE_VIDEO, vencHandle, &u32Index);
     ^
device/hisilicon/bigfish/HiSTBSDKV6R2/hal/src/enc/tvos_hal_enc.c: In function 'dettach_venc_source':
device/hisilicon/bigfish/HiSTBSDKV6R2/hal/src/enc/tvos_hal_enc.c:1830:5: warning: format '%x' expects argument of type 'unsigned int', but argument 6 has type 'S32' [-Wformat=]
     GET_ENC_HANDLE_INDEX(ENC_ENCODE_VIDEO, vencHandle, &u32Index);
     ^
device/hisilicon/bigfish/HiSTBSDKV6R2/hal/src/enc/tvos_hal_enc.c: In function 'dettach_aenc_avplay':
device/hisilicon/bigfish/HiSTBSDKV6R2/hal/src/enc/tvos_hal_enc.c:1885:5: warning: format '%x' expects argument of type 'unsigned int', but argument 6 has type 'S32' [-Wformat=]
     GET_ENC_HANDLE_INDEX(ENC_ENCODE_AUDIO, aencHandle, &u32Index);
     ^
device/hisilicon/bigfish/HiSTBSDKV6R2/hal/src/enc/tvos_hal_enc.c: In function 'dettach_aenc_snd':
device/hisilicon/bigfish/HiSTBSDKV6R2/hal/src/enc/tvos_hal_enc.c:1918:5: warning: format '%x' expects argument of type 'unsigned int', but argument 6 has type 'S32' [-Wformat=]
     GET_ENC_HANDLE_INDEX(ENC_ENCODE_AUDIO, aencHandle, &u32Index);
     ^
device/hisilicon/bigfish/HiSTBSDKV6R2/hal/src/enc/tvos_hal_enc.c: In function 'dettach_aenc_source':
device/hisilicon/bigfish/HiSTBSDKV6R2/hal/src/enc/tvos_hal_enc.c:1943:5: warning: format '%x' expects argument of type 'unsigned int', but argument 6 has type 'S32' [-Wformat=]
     GET_ENC_HANDLE_INDEX(ENC_ENCODE_AUDIO, aencHandle, &u32Index);
     ^
device/hisilicon/bigfish/HiSTBSDKV6R2/hal/src/enc/tvos_hal_enc.c: In function 'attach_venc_source':
device/hisilicon/bigfish/HiSTBSDKV6R2/hal/src/enc/tvos_hal_enc.c:1998:5: warning: format '%x' expects argument of type 'unsigned int', but argument 6 has type 'S32' [-Wformat=]
     GET_ENC_HANDLE_INDEX(ENC_ENCODE_VIDEO, vencHandle, &u32Index);
     ^
device/hisilicon/bigfish/HiSTBSDKV6R2/hal/src/enc/tvos_hal_enc.c:2005:13: warning: format '%x' expects argument of type 'unsigned int', but argument 4 has type 'S32' [-Wformat=]
             HAL_CHK_RETURN((SUCCESS != s32Ret), s32Ret, "attach_venc_avplay error, ret(0x%08x)", s32Ret);
             ^
device/hisilicon/bigfish/HiSTBSDKV6R2/hal/src/enc/tvos_hal_enc.c:2029:13: warning: format '%x' expects argument of type 'unsigned int', but argument 4 has type 'S32' [-Wformat=]
             HAL_CHK_RETURN((SUCCESS != s32Ret), s32Ret, "attach_venc_display error, ret(0x%08x)", s32Ret);
             ^
device/hisilicon/bigfish/HiSTBSDKV6R2/hal/src/enc/tvos_hal_enc.c: In function 'attach_aenc_source':
device/hisilicon/bigfish/HiSTBSDKV6R2/hal/src/enc/tvos_hal_enc.c:2059:5: warning: format '%x' expects argument of type 'unsigned int', but argument 6 has type 'S32' [-Wformat=]
     GET_ENC_HANDLE_INDEX(ENC_ENCODE_AUDIO, aencHandle, &u32Index);
     ^
device/hisilicon/bigfish/HiSTBSDKV6R2/hal/src/enc/tvos_hal_enc.c:2066:13: warning: format '%x' expects argument of type 'unsigned int', but argument 4 has type 'S32' [-Wformat=]
             HAL_CHK_RETURN((SUCCESS != s32Ret), s32Ret, "attach_aenc_avplay error, ret(0x%08x)", s32Ret);
             ^
device/hisilicon/bigfish/HiSTBSDKV6R2/hal/src/enc/tvos_hal_enc.c:2084:13: warning: format '%x' expects argument of type 'unsigned int', but argument 4 has type 'S32' [-Wformat=]
             HAL_CHK_RETURN((SUCCESS != s32Ret), s32Ret, "attach_aenc_snd error, ret(0x%08x)", s32Ret);
             ^
device/hisilicon/bigfish/HiSTBSDKV6R2/hal/src/enc/tvos_hal_enc.c: In function 'create_venc':
device/hisilicon/bigfish/HiSTBSDKV6R2/hal/src/enc/tvos_hal_enc.c:2129:5: warning: format '%x' expects argument of type 'unsigned int', but argument 4 has type 'S32' [-Wformat=]
     HAL_CHK_GOTO((SUCCESS != s32Ret), VENC_OPEN_FAILED, "find_free_enc_handle_index error, ret(0x%08x)", s32Ret);
     ^
device/hisilicon/bigfish/HiSTBSDKV6R2/hal/src/enc/tvos_hal_enc.c:2133:5: warning: format '%x' expects argument of type 'unsigned int', but argument 4 has type 'S32' [-Wformat=]
     HAL_CHK_GOTO((SUCCESS != s32Ret), VENC_OPEN_FAILED, "covert_param_venc_setting_to_unf error, ret(0x%08x)", s32Ret);
     ^
device/hisilicon/bigfish/HiSTBSDKV6R2/hal/src/enc/tvos_hal_enc.c:2149:5: warning: format '%x' expects argument of type 'unsigned int', but argument 4 has type 'S32' [-Wformat=]
     HAL_CHK_GOTO((SUCCESS != s32Ret), VENC_ATTACH_FAILED, "attach_venc_source error, ret(0x%08x)", s32Ret);
     ^
device/hisilicon/bigfish/HiSTBSDKV6R2/hal/src/enc/tvos_hal_enc.c: In function 'create_aenc':
device/hisilicon/bigfish/HiSTBSDKV6R2/hal/src/enc/tvos_hal_enc.c:2187:5: warning: format '%x' expects argument of type 'unsigned int', but argument 4 has type 'S32' [-Wformat=]
     HAL_CHK_GOTO((SUCCESS != s32Ret), AENC_OPEN_FAILED, "find_free_enc_handle_index error, ret(0x%08x)", s32Ret);
     ^
device/hisilicon/bigfish/HiSTBSDKV6R2/hal/src/enc/tvos_hal_enc.c:2190:5: warning: format '%x' expects argument of type 'unsigned int', but argument 4 has type 'S32' [-Wformat=]
     HAL_CHK_GOTO((SUCCESS != s32Ret), AENC_OPEN_FAILED, "is_audio_type_support error, ret(0x%08x)", s32Ret);
     ^
device/hisilicon/bigfish/HiSTBSDKV6R2/hal/src/enc/tvos_hal_enc.c:2193:5: warning: format '%x' expects argument of type 'unsigned int', but argument 4 has type 'S32' [-Wformat=]
     HAL_CHK_GOTO((SUCCESS != s32Ret), AENC_OPEN_FAILED, "covert_param_aenc_setting_to_unf error, ret(0x%08x)", s32Ret);
     ^
device/hisilicon/bigfish/HiSTBSDKV6R2/hal/src/enc/tvos_hal_enc.c:2208:5: warning: format '%x' expects argument of type 'unsigned int', but argument 4 has type 'S32' [-Wformat=]
     HAL_CHK_GOTO((SUCCESS != s32Ret), AENC_ATTACH_FAILED, "attach_aenc_source error, ret(0x%08x)", s32Ret);
     ^
device/hisilicon/bigfish/HiSTBSDKV6R2/hal/src/enc/tvos_hal_enc.c: In function 'hi_enc_get_capability':
device/hisilicon/bigfish/HiSTBSDKV6R2/hal/src/enc/tvos_hal_enc.c:2343:5: warning: format '%x' expects argument of type 'unsigned int', but argument 4 has type 'S32' [-Wformat=]
     HAL_CHK_RETURN((SUCCESS != s32Ret), s32Ret, "cfg_enc_get_capability error, ret(0x%08x)", s32Ret);
     ^
device/hisilicon/bigfish/HiSTBSDKV6R2/hal/src/enc/tvos_hal_enc.c: In function 'hi_enc_close':
device/hisilicon/bigfish/HiSTBSDKV6R2/hal/src/enc/tvos_hal_enc.c:2405:13: warning: format '%x' expects argument of type 'unsigned int', but argument 4 has type 'S32' [-Wformat=]
             HAL_CHK_RETURN((SUCCESS != s32Ret), s32Ret, "dettach_venc_source error, ret(0x%08x)", s32Ret);
             ^
device/hisilicon/bigfish/HiSTBSDKV6R2/hal/src/enc/tvos_hal_enc.c:2425:13: warning: format '%x' expects argument of type 'unsigned int', but argument 4 has type 'S32' [-Wformat=]
             HAL_CHK_RETURN((SUCCESS != s32Ret), s32Ret, "dettach_aenc_source error, ret(0x%08x)", s32Ret);
             ^
device/hisilicon/bigfish/HiSTBSDKV6R2/hal/src/enc/tvos_hal_enc.c: In function 'hi_enc_set':
device/hisilicon/bigfish/HiSTBSDKV6R2/hal/src/enc/tvos_hal_enc.c:2493:9: warning: format '%x' expects argument of type 'unsigned int', but argument 6 has type 'S32' [-Wformat=]
         GET_ENC_HANDLE_INDEX(ENC_ENCODE_VIDEO, hEnc, &u32Index);
         ^
device/hisilicon/bigfish/HiSTBSDKV6R2/hal/src/enc/tvos_hal_enc.c:2500:9: warning: format '%x' expects argument of type 'unsigned int', but argument 4 has type 'S32' [-Wformat=]
         HAL_CHK_RETURN((SUCCESS != s32Ret), s32Ret, "covert_param_venc_setting_to_unf error, ret(0x%08x)", s32Ret);
         ^
device/hisilicon/bigfish/HiSTBSDKV6R2/hal/src/enc/tvos_hal_enc.c:2520:9: warning: format '%x' expects argument of type 'unsigned int', but argument 6 has type 'S32' [-Wformat=]
         GET_ENC_HANDLE_INDEX(ENC_ENCODE_AUDIO, hEnc, &u32Index);
         ^
device/hisilicon/bigfish/HiSTBSDKV6R2/hal/src/enc/tvos_hal_enc.c:2523:9: warning: format '%x' expects argument of type 'unsigned int', but argument 4 has type 'S32' [-Wformat=]
         HAL_CHK_RETURN((SUCCESS != s32Ret), s32Ret, "is_audio_type_support error, ret(0x%08x)", s32Ret);
         ^
device/hisilicon/bigfish/HiSTBSDKV6R2/hal/src/enc/tvos_hal_enc.c:2526:9: warning: format '%x' expects argument of type 'unsigned int', but argument 4 has type 'S32' [-Wformat=]
         HAL_CHK_RETURN((SUCCESS != s32Ret), s32Ret, "covert_param_aenc_setting_to_unf error, ret(0x%08x)", s32Ret);
         ^
device/hisilicon/bigfish/HiSTBSDKV6R2/hal/src/enc/tvos_hal_enc.c: In function 'hi_enc_get':
device/hisilicon/bigfish/HiSTBSDKV6R2/hal/src/enc/tvos_hal_enc.c:2570:9: warning: format '%x' expects argument of type 'unsigned int', but argument 6 has type 'S32' [-Wformat=]
         GET_ENC_HANDLE_INDEX(ENC_ENCODE_VIDEO, hEnc, &u32Index);
         ^
device/hisilicon/bigfish/HiSTBSDKV6R2/hal/src/enc/tvos_hal_enc.c:2593:9: warning: format '%x' expects argument of type 'unsigned int', but argument 6 has type 'S32' [-Wformat=]
         GET_ENC_HANDLE_INDEX(ENC_ENCODE_AUDIO, hEnc, &u32Index);
         ^
device/hisilicon/bigfish/HiSTBSDKV6R2/hal/src/enc/tvos_hal_enc.c: In function 'hi_enc_inject_data':
device/hisilicon/bigfish/HiSTBSDKV6R2/hal/src/enc/tvos_hal_enc.c:2724:9: warning: format '%x' expects argument of type 'unsigned int', but argument 6 has type 'S32' [-Wformat=]
         GET_ENC_HANDLE_INDEX(ENC_ENCODE_AUDIO, hEnc, &u32Index);
         ^
device/hisilicon/bigfish/HiSTBSDKV6R2/hal/src/enc/tvos_hal_enc.c: In function 'hi_enc_acquire_stream':
device/hisilicon/bigfish/HiSTBSDKV6R2/hal/src/enc/tvos_hal_enc.c:2775:9: warning: format '%x' expects argument of type 'unsigned int', but argument 6 has type 'S32' [-Wformat=]
         GET_ENC_HANDLE_INDEX(ENC_ENCODE_VIDEO, hEnc, &u32Index);
         ^
device/hisilicon/bigfish/HiSTBSDKV6R2/hal/src/enc/tvos_hal_enc.c:2803:9: warning: format '%x' expects argument of type 'unsigned int', but argument 6 has type 'S32' [-Wformat=]
         GET_ENC_HANDLE_INDEX(ENC_ENCODE_AUDIO, hEnc, &u32Index);
         ^
device/hisilicon/bigfish/HiSTBSDKV6R2/hal/src/enc/tvos_hal_enc.c: In function 'hi_enc_release_stream':
device/hisilicon/bigfish/HiSTBSDKV6R2/hal/src/enc/tvos_hal_enc.c:2857:9: warning: format '%x' expects argument of type 'unsigned int', but argument 6 has type 'S32' [-Wformat=]
         GET_ENC_HANDLE_INDEX(ENC_ENCODE_VIDEO, hEnc, &u32Index);
         ^
device/hisilicon/bigfish/HiSTBSDKV6R2/hal/src/enc/tvos_hal_enc.c:2870:9: warning: format '%x' expects argument of type 'unsigned int', but argument 6 has type 'S32' [-Wformat=]
         GET_ENC_HANDLE_INDEX(ENC_ENCODE_AUDIO, hEnc, &u32Index);
         ^
device/hisilicon/bigfish/HiSTBSDKV6R2/hal/src/enc/tvos_hal_enc.c: In function 'hi_enc_abort':
device/hisilicon/bigfish/HiSTBSDKV6R2/hal/src/enc/tvos_hal_enc.c:2927:13: warning: format '%x' expects argument of type 'unsigned int', but argument 6 has type 'S32' [-Wformat=]
             GET_ENC_HANDLE_INDEX(ENC_ENCODE_VIDEO, enc_handle, &u32Index);
             ^
device/hisilicon/bigfish/HiSTBSDKV6R2/hal/src/enc/tvos_hal_enc.c:2934:13: warning: format '%x' expects argument of type 'unsigned int', but argument 6 has type 'S32' [-Wformat=]
             GET_ENC_HANDLE_INDEX(ENC_ENCODE_AUDIO, enc_handle, &u32Index);
             ^
device/hisilicon/bigfish/HiSTBSDKV6R2/hal/src/enc/tvos_hal_enc.c: In function 'hi_enc_queue_frame':
device/hisilicon/bigfish/HiSTBSDKV6R2/hal/src/enc/tvos_hal_enc.c:2968:5: warning: format '%x' expects argument of type 'unsigned int', but argument 6 has type 'S32' [-Wformat=]
     GET_ENC_HANDLE_INDEX(ENC_ENCODE_VIDEO, hEnc, &u32Index);
     ^
device/hisilicon/bigfish/HiSTBSDKV6R2/hal/src/enc/tvos_hal_enc.c:2971:5: warning: format '%x' expects argument of type 'unsigned int', but argument 4 has type 'S32' [-Wformat=]
     HAL_CHK_RETURN((SUCCESS != s32Ret), s32Ret, "hi_enc_get error, ret(0x%08x)", s32Ret);
     ^
device/hisilicon/bigfish/HiSTBSDKV6R2/hal/src/enc/tvos_hal_enc.c:3004:5: warning: format '%x' expects argument of type 'unsigned int', but argument 4 has type 'S32' [-Wformat=]
     HAL_CHK_RETURN((SUCCESS != s32Ret), s32Ret, "covert_param_venc_data_to_unf error, ret(0x%08x)", s32Ret);
     ^
device/hisilicon/bigfish/HiSTBSDKV6R2/hal/src/enc/tvos_hal_enc.c: In function 'hi_enc_dequeue_frame':
device/hisilicon/bigfish/HiSTBSDKV6R2/hal/src/enc/tvos_hal_enc.c:3033:5: warning: format '%x' expects argument of type 'unsigned int', but argument 6 has type 'S32' [-Wformat=]
     GET_ENC_HANDLE_INDEX(ENC_ENCODE_VIDEO, hEnc, &u32Index);
     ^
