platform/android/external/neven/Embedded/common/src/b_BasicEm/Int32Arr.c: In function 'bbs_Int32Arr_init':
platform/android/external/neven/Embedded/common/src/b_BasicEm/Int32Arr.c:40:45: warning: unused parameter 'cpA' [-Wunused-parameter]
 void bbs_Int32Arr_init( struct bbs_Context* cpA,
                                             ^
platform/android/external/neven/Embedded/common/src/b_BasicEm/Int32Arr.c: In function 'bbs_Int32Arr_equal':
platform/android/external/neven/Embedded/common/src/b_BasicEm/Int32Arr.c:89:46: warning: unused parameter 'cpA' [-Wunused-parameter]
 flag bbs_Int32Arr_equal( struct bbs_Context* cpA,
                                              ^
platform/android/external/neven/Embedded/common/src/b_BasicEm/Int32Arr.c: In function 'bbs_Int32Arr_heapSize':
platform/android/external/neven/Embedded/common/src/b_BasicEm/Int32Arr.c:114:51: warning: unused parameter 'cpA' [-Wunused-parameter]
 uint32 bbs_Int32Arr_heapSize( struct bbs_Context* cpA,
                                                   ^
platform/android/external/neven/Embedded/common/src/b_BasicEm/Int32Arr.c:115:37: warning: unused parameter 'ptrA' [-Wunused-parameter]
          const struct bbs_Int32Arr* ptrA, 
                                     ^
platform/android/external/neven/Embedded/common/src/b_BasicEm/Int32Arr.c: In function 'bbs_Int32Arr_memSize':
platform/android/external/neven/Embedded/common/src/b_BasicEm/Int32Arr.c:178:50: warning: unused parameter 'cpA' [-Wunused-parameter]
 uint32 bbs_Int32Arr_memSize( struct bbs_Context* cpA,
                                                  ^
platform/android/external/neven/Embedded/common/src/b_BasicEm/Int32Arr.c: In function 'bbs_Int32Arr_fill':
platform/android/external/neven/Embedded/common/src/b_BasicEm/Int32Arr.c:231:45: warning: unused parameter 'cpA' [-Wunused-parameter]
 void bbs_Int32Arr_fill( struct bbs_Context* cpA,
                                             ^
