platform/android/external/libexif/libexif/pentax/mnote-pentax-entry.c:76:5: warning: implicit conversion from enumeration type 'enum _MnotePentaxTag' to different enumeration type 'ExifTag' [-Wenum-conversion]
  { MNOTE_PENTAX_TAG_MODE,
  ~ ^~~~~~~~~~~~~~~~~~~~~
platform/android/external/libexif/libexif/pentax/mnote-pentax-entry.c:82:5: warning: implicit conversion from enumeration type 'enum _MnotePentaxTag' to different enumeration type 'ExifTag' [-Wenum-conversion]
  { MNOTE_PENTAX_TAG_QUALITY,
  ~ ^~~~~~~~~~~~~~~~~~~~~~~~
platform/android/external/libexif/libexif/pentax/mnote-pentax-entry.c:86:5: warning: implicit conversion from enumeration type 'enum _MnotePentaxTag' to different enumeration type 'ExifTag' [-Wenum-conversion]
  { MNOTE_PENTAX_TAG_FOCUS,
  ~ ^~~~~~~~~~~~~~~~~~~~~~
platform/android/external/libexif/libexif/pentax/mnote-pentax-entry.c:90:5: warning: implicit conversion from enumeration type 'enum _MnotePentaxTag' to different enumeration type 'ExifTag' [-Wenum-conversion]
  { MNOTE_PENTAX_TAG_FLASH,
  ~ ^~~~~~~~~~~~~~~~~~~~~~
platform/android/external/libexif/libexif/pentax/mnote-pentax-entry.c:96:5: warning: implicit conversion from enumeration type 'enum _MnotePentaxTag' to different enumeration type 'ExifTag' [-Wenum-conversion]
  { MNOTE_PENTAX_TAG_WHITE_BALANCE,
  ~ ^~~~~~~~~~~~~~~~~~~~~~~~~~~~~~
platform/android/external/libexif/libexif/pentax/mnote-pentax-entry.c:104:5: warning: implicit conversion from enumeration type 'enum _MnotePentaxTag' to different enumeration type 'ExifTag' [-Wenum-conversion]
  { MNOTE_PENTAX_TAG_SHARPNESS,
  ~ ^~~~~~~~~~~~~~~~~~~~~~~~~~
platform/android/external/libexif/libexif/pentax/mnote-pentax-entry.c:109:5: warning: implicit conversion from enumeration type 'enum _MnotePentaxTag' to different enumeration type 'ExifTag' [-Wenum-conversion]
  { MNOTE_PENTAX_TAG_CONTRAST,
  ~ ^~~~~~~~~~~~~~~~~~~~~~~~~
platform/android/external/libexif/libexif/pentax/mnote-pentax-entry.c:114:5: warning: implicit conversion from enumeration type 'enum _MnotePentaxTag' to different enumeration type 'ExifTag' [-Wenum-conversion]
  { MNOTE_PENTAX_TAG_SATURATION,
  ~ ^~~~~~~~~~~~~~~~~~~~~~~~~~~
platform/android/external/libexif/libexif/pentax/mnote-pentax-entry.c:119:5: warning: implicit conversion from enumeration type 'enum _MnotePentaxTag' to different enumeration type 'ExifTag' [-Wenum-conversion]
  { MNOTE_PENTAX_TAG_ISO_SPEED,
  ~ ^~~~~~~~~~~~~~~~~~~~~~~~~~
platform/android/external/libexif/libexif/pentax/mnote-pentax-entry.c:125:5: warning: implicit conversion from enumeration type 'enum _MnotePentaxTag' to different enumeration type 'ExifTag' [-Wenum-conversion]
  { MNOTE_PENTAX_TAG_COLOR,
  ~ ^~~~~~~~~~~~~~~~~~~~~~
platform/android/external/libexif/libexif/pentax/mnote-pentax-entry.c:130:5: warning: implicit conversion from enumeration type 'enum _MnotePentaxTag' to different enumeration type 'ExifTag' [-Wenum-conversion]
  { MNOTE_PENTAX2_TAG_MODE,
  ~ ^~~~~~~~~~~~~~~~~~~~~~
platform/android/external/libexif/libexif/pentax/mnote-pentax-entry.c:136:5: warning: implicit conversion from enumeration type 'enum _MnotePentaxTag' to different enumeration type 'ExifTag' [-Wenum-conversion]
  { MNOTE_PENTAX2_TAG_QUALITY,
  ~ ^~~~~~~~~~~~~~~~~~~~~~~~~
platform/android/external/libexif/libexif/pentax/mnote-pentax-entry.c:143:5: warning: implicit conversion from enumeration type 'enum _MnotePentaxTag' to different enumeration type 'ExifTag' [-Wenum-conversion]
  { MNOTE_PENTAX2_TAG_IMAGE_SIZE,
  ~ ^~~~~~~~~~~~~~~~~~~~~~~~~~~~
platform/android/external/libexif/libexif/pentax/mnote-pentax-entry.c:162:5: warning: implicit conversion from enumeration type 'enum _MnotePentaxTag' to different enumeration type 'ExifTag' [-Wenum-conversion]
  { MNOTE_PENTAX2_TAG_PICTURE_MODE,
  ~ ^~~~~~~~~~~~~~~~~~~~~~~~~~~~~~
platform/android/external/libexif/libexif/pentax/mnote-pentax-entry.c:193:5: warning: implicit conversion from enumeration type 'enum _MnotePentaxTag' to different enumeration type 'ExifTag' [-Wenum-conversion]
  { MNOTE_PENTAX2_TAG_FLASH_MODE,
  ~ ^~~~~~~~~~~~~~~~~~~~~~~~~~~~
platform/android/external/libexif/libexif/pentax/mnote-pentax-entry.c:207:5: warning: implicit conversion from enumeration type 'enum _MnotePentaxTag' to different enumeration type 'ExifTag' [-Wenum-conversion]
  { MNOTE_PENTAX2_TAG_FOCUS_MODE,
  ~ ^~~~~~~~~~~~~~~~~~~~~~~~~~~~
platform/android/external/libexif/libexif/pentax/mnote-pentax-entry.c:216:5: warning: implicit conversion from enumeration type 'enum _MnotePentaxTag' to different enumeration type 'ExifTag' [-Wenum-conversion]
  { MNOTE_PENTAX2_TAG_AFPOINT_SELECTED,
  ~ ^~~~~~~~~~~~~~~~~~~~~~~~~~~~~~~~~~
platform/android/external/libexif/libexif/pentax/mnote-pentax-entry.c:231:5: warning: implicit conversion from enumeration type 'enum _MnotePentaxTag' to different enumeration type 'ExifTag' [-Wenum-conversion]
  { MNOTE_PENTAX2_TAG_AUTO_AFPOINT,
  ~ ^~~~~~~~~~~~~~~~~~~~~~~~~~~~~~
platform/android/external/libexif/libexif/pentax/mnote-pentax-entry.c:244:5: warning: implicit conversion from enumeration type 'enum _MnotePentaxTag' to different enumeration type 'ExifTag' [-Wenum-conversion]
  { MNOTE_PENTAX2_TAG_WHITE_BALANCE,
  ~ ^~~~~~~~~~~~~~~~~~~~~~~~~~~~~~~
platform/android/external/libexif/libexif/pentax/mnote-pentax-entry.c:259:4: warning: implicit conversion from enumeration type 'enum _MnotePentaxTag' to different enumeration type 'ExifTag' [-Wenum-conversion]
  {MNOTE_CASIO2_TAG_BESTSHOT_MODE, 
  ~^~~~~~~~~~~~~~~~~~~~~~~~~~~~~~
platform/android/external/libexif/libexif/pentax/mnote-pentax-entry.c:276:5: warning: implicit conversion from enumeration type 'enum _MnotePentaxTag' to different enumeration type 'ExifTag' [-Wenum-conversion]
  { MNOTE_PENTAX2_TAG_IMAGE_SIZE,
  ~ ^~~~~~~~~~~~~~~~~~~~~~~~~~~~
platform/android/external/libexif/libexif/pentax/mnote-pentax-entry.c:289:5: warning: implicit conversion from enumeration type 'enum _MnotePentaxTag' to different enumeration type 'ExifTag' [-Wenum-conversion]
  { MNOTE_PENTAX2_TAG_PICTURE_MODE,
  ~ ^~~~~~~~~~~~~~~~~~~~~~~~~~~~~~
22 warnings generated.
