In file included from platform/android/frameworks/wilhelm/src/sles_allinclusive.h:96:0,
                 from platform/android/frameworks/wilhelm/src/itf/IVolume.c:19:
platform/android/frameworks/wilhelm/src/android/android_sles_conversions.h:98:36: warning: unused parameter 'channelMask' [-Wunused-parameter]
 static inline audio_channel_mask_t sles_to_android_channelMaskIn(SLuint32 nbChannels,
                                    ^
platform/android/frameworks/wilhelm/src/android/android_sles_conversions.h:105:36: warning: unused parameter 'channelMask' [-Wunused-parameter]
 static inline audio_channel_mask_t sles_to_android_channelMaskOut(SLuint32 nbChannels,
                                    ^
In file included from platform/android/frameworks/wilhelm/src/classes.h:20:0,
                 from platform/android/frameworks/wilhelm/src/sles_allinclusive.h:283,
                 from platform/android/frameworks/wilhelm/src/itf/IVolume.c:19:
platform/android/frameworks/wilhelm/src/android/android_GenericPlayer.h:81:18: warning: unused parameter 'bufferProducer' [-Wunused-parameter]
     virtual void setVideoSurfaceTexture(const sp<IGraphicBufferProducer> &bufferProducer) {}
                  ^
platform/android/frameworks/wilhelm/src/itf/IVolume.c: In function 'SLresult IVolume_SetVolumeLevel(SLVolumeItf, SLmillibel)':
platform/android/frameworks/wilhelm/src/itf/IVolume.c:26:31: warning: comparison is always true due to limited range of data type [-Wtype-limits]
     if (!((SL_MILLIBEL_MIN <= level) && (level <= PLATFORM_MILLIBEL_MAX_VOLUME))) {
                               ^
platform/android/frameworks/wilhelm/src/itf/IVolume.c: At global scope:
platform/android/frameworks/wilhelm/src/itf/IVolume.c:64:17: warning: unused parameter 'self' [-Wunused-parameter]
 static SLresult IVolume_GetMaxVolumeLevel(SLVolumeItf self, SLmillibel *pMaxLevel)
                 ^
