In file included from device/hisilicon/bigfish/HiSTBSDKV6R2/source/common/include/hi_common.h:21:0,
                 from device/hisilicon/bigfish/HiSTBSDKV6R2/source/msp/api/avplay/mpi_avplay.c:34:
device/hisilicon/bigfish/HiSTBSDKV6R2/source/common/include/hi_type.h:44:23: warning: ISO C90 does not support 'long long' [-Wlong-long]
 typedef unsigned long long      HI_U64;
                       ^
device/hisilicon/bigfish/HiSTBSDKV6R2/source/common/include/hi_type.h:45:14: warning: ISO C90 does not support 'long long' [-Wlong-long]
 typedef long long               HI_S64;
              ^
device/hisilicon/bigfish/HiSTBSDKV6R2/source/msp/api/avplay/mpi_avplay.c: In function 'AVPLAY_RelHDRChnFrame':
device/hisilicon/bigfish/HiSTBSDKV6R2/source/msp/api/avplay/mpi_avplay.c:2545:67: warning: comparison between signed and unsigned integer expressions [-Wsign-compare]
                 if ( (HI_INVALID_HANDLE != pAvplay->hVdec) && (-1 != BlPortId) )
                                                                   ^
device/hisilicon/bigfish/HiSTBSDKV6R2/source/msp/api/avplay/mpi_avplay.c:2555:69: warning: comparison between signed and unsigned integer expressions [-Wsign-compare]
                 if ( (HI_INVALID_HANDLE != pAvplay->hElVdec) && (-1 != ElPortId) )
                                                                     ^
device/hisilicon/bigfish/HiSTBSDKV6R2/source/msp/api/avplay/mpi_avplay.c:2570:62: warning: comparison between signed and unsigned integer expressions [-Wsign-compare]
             if ( (HI_TRUE == pAvplay->bBlFrmProcFlag) && (-1 != BlPortId) )
                                                              ^
device/hisilicon/bigfish/HiSTBSDKV6R2/source/msp/api/avplay/mpi_avplay.c:2582:62: warning: comparison between signed and unsigned integer expressions [-Wsign-compare]
             if ( (HI_TRUE == pAvplay->bElFrmProcFlag) && (-1 != ElPortId) )
                                                              ^
device/hisilicon/bigfish/HiSTBSDKV6R2/source/msp/api/avplay/mpi_avplay.c: In function 'AVPLAY_ReceiveVidFrame':
device/hisilicon/bigfish/HiSTBSDKV6R2/source/msp/api/avplay/mpi_avplay.c:4005:57: warning: unused parameter 'TimeoutMs' [-Wunused-parameter]
 HI_S32 AVPLAY_ReceiveVidFrame(AVPLAY_S *pAvplay, HI_U32 TimeoutMs)
                                                         ^
device/hisilicon/bigfish/HiSTBSDKV6R2/source/msp/api/avplay/mpi_avplay.c: In function 'AVPLAY_CalPreBufThreshold':
device/hisilicon/bigfish/HiSTBSDKV6R2/source/msp/api/avplay/mpi_avplay.c:4596:16: warning: comparison between signed and unsigned integer expressions [-Wsign-compare]
         if (-1 == pAvplay->AudPreSysTime)
                ^
device/hisilicon/bigfish/HiSTBSDKV6R2/source/msp/api/avplay/mpi_avplay.c:4633:16: warning: comparison between signed and unsigned integer expressions [-Wsign-compare]
         if (-1 == pAvplay->VidPreSysTime)
                ^
device/hisilicon/bigfish/HiSTBSDKV6R2/source/msp/api/avplay/mpi_avplay.c: In function 'AVPLAY_CalcAudPreStartWaterLine':
device/hisilicon/bigfish/HiSTBSDKV6R2/source/msp/api/avplay/mpi_avplay.c:4825:14: warning: comparison between signed and unsigned integer expressions [-Wsign-compare]
     if ( (-1 != pAvplay->PreAudPts) && (-1 != pAvplay->PreVidPts) )
              ^
device/hisilicon/bigfish/HiSTBSDKV6R2/source/msp/api/avplay/mpi_avplay.c:4825:44: warning: comparison between signed and unsigned integer expressions [-Wsign-compare]
     if ( (-1 != pAvplay->PreAudPts) && (-1 != pAvplay->PreVidPts) )
                                            ^
device/hisilicon/bigfish/HiSTBSDKV6R2/source/msp/api/avplay/mpi_avplay.c: In function 'AVPLAY_ProcSignal':
device/hisilicon/bigfish/HiSTBSDKV6R2/source/msp/api/avplay/mpi_avplay.c:7902:34: warning: unused parameter 'SignalType' [-Wunused-parameter]
 HI_VOID AVPLAY_ProcSignal(HI_S32 SignalType)
                                  ^
device/hisilicon/bigfish/HiSTBSDKV6R2/source/msp/api/avplay/mpi_avplay.c: In function 'HI_MPI_AVPLAY_PreStop':
device/hisilicon/bigfish/HiSTBSDKV6R2/source/msp/api/avplay/mpi_avplay.c:13332:40: warning: unused parameter 'hAvplay' [-Wunused-parameter]
 HI_S32 HI_MPI_AVPLAY_PreStop(HI_HANDLE hAvplay, HI_UNF_AVPLAY_MEDIA_CHAN_E enChn,const HI_UNF_AVPLAY_PRESTOP_OPT_S *pPreStopOpt)
                                        ^
device/hisilicon/bigfish/HiSTBSDKV6R2/source/msp/api/avplay/mpi_avplay.c:13332:76: warning: unused parameter 'enChn' [-Wunused-parameter]
 HI_S32 HI_MPI_AVPLAY_PreStop(HI_HANDLE hAvplay, HI_UNF_AVPLAY_MEDIA_CHAN_E enChn,const HI_UNF_AVPLAY_PRESTOP_OPT_S *pPreStopOpt)
                                                                            ^
device/hisilicon/bigfish/HiSTBSDKV6R2/source/msp/api/avplay/mpi_avplay.c:13332:117: warning: unused parameter 'pPreStopOpt' [-Wunused-parameter]
 HI_S32 HI_MPI_AVPLAY_PreStop(HI_HANDLE hAvplay, HI_UNF_AVPLAY_MEDIA_CHAN_E enChn,const HI_UNF_AVPLAY_PRESTOP_OPT_S *pPreStopOpt)
                                                                                                                     ^
device/hisilicon/bigfish/HiSTBSDKV6R2/source/msp/api/avplay/mpi_avplay.c: In function 'HI_MPI_AVPLAY_FlushStream':
device/hisilicon/bigfish/HiSTBSDKV6R2/source/msp/api/avplay/mpi_avplay.c:14647:87: warning: unused parameter 'pstFlushOpt' [-Wunused-parameter]
 HI_S32 HI_MPI_AVPLAY_FlushStream(HI_HANDLE hAvplay, HI_UNF_AVPLAY_FLUSH_STREAM_OPT_S *pstFlushOpt)
                                                                                       ^
device/hisilicon/bigfish/HiSTBSDKV6R2/source/msp/api/avplay/mpi_avplay.c: In function 'HI_MPI_AVPLAY_Step':
device/hisilicon/bigfish/HiSTBSDKV6R2/source/msp/api/avplay/mpi_avplay.c:14695:78: warning: unused parameter 'pstStepOpt' [-Wunused-parameter]
 HI_S32 HI_MPI_AVPLAY_Step(HI_HANDLE hAvplay, const HI_UNF_AVPLAY_STEP_OPT_S *pstStepOpt)
                                                                              ^
device/hisilicon/bigfish/HiSTBSDKV6R2/source/msp/api/avplay/mpi_avplay.c: In function 'HI_MPI_AVPLAY_GetLeftStreamFrm':
device/hisilicon/bigfish/HiSTBSDKV6R2/source/msp/api/avplay/mpi_avplay.c:15244:49: warning: unused parameter 'hAvplay' [-Wunused-parameter]
 HI_S32 HI_MPI_AVPLAY_GetLeftStreamFrm(HI_HANDLE hAvplay, HI_U32 *pLeftStreamFrm)
                                                 ^
device/hisilicon/bigfish/HiSTBSDKV6R2/source/msp/api/avplay/mpi_avplay.c:15244:66: warning: unused parameter 'pLeftStreamFrm' [-Wunused-parameter]
 HI_S32 HI_MPI_AVPLAY_GetLeftStreamFrm(HI_HANDLE hAvplay, HI_U32 *pLeftStreamFrm)
                                                                  ^
