In file included from device/hisilicon/bigfish/HiSTBSDKV6R2/source/msp/api/ai/unf_ai.c:33:0:
device/hisilicon/bigfish/HiSTBSDKV6R2/source/common/include/hi_type.h:44:23: warning: ISO C90 does not support 'long long' [-Wlong-long]
 typedef unsigned long long      HI_U64;
                       ^
device/hisilicon/bigfish/HiSTBSDKV6R2/source/common/include/hi_type.h:45:14: warning: ISO C90 does not support 'long long' [-Wlong-long]
 typedef long long               HI_S64;
              ^
device/hisilicon/bigfish/HiSTBSDKV6R2/source/msp/api/ai/unf_ai.c: In function 'HI_UNF_AI_AcquireFrame':
device/hisilicon/bigfish/HiSTBSDKV6R2/source/msp/api/ai/unf_ai.c:92:86: warning: unused parameter 'u32TimeoutMs' [-Wunused-parameter]
 HI_S32 HI_UNF_AI_AcquireFrame(HI_HANDLE hAI, HI_UNF_AO_FRAMEINFO_S *pstFrame, HI_U32 u32TimeoutMs)
                                                                                      ^
device/hisilicon/bigfish/HiSTBSDKV6R2/source/msp/api/ai/unf_ai.c: In function 'HI_UNF_AI_SetDelay':
device/hisilicon/bigfish/HiSTBSDKV6R2/source/msp/api/ai/unf_ai.c:102:37: warning: unused parameter 'hAI' [-Wunused-parameter]
 HI_S32 HI_UNF_AI_SetDelay(HI_HANDLE hAI, const HI_UNF_AI_DELAY_S *pstDelay)
                                     ^
device/hisilicon/bigfish/HiSTBSDKV6R2/source/msp/api/ai/unf_ai.c:102:67: warning: unused parameter 'pstDelay' [-Wunused-parameter]
 HI_S32 HI_UNF_AI_SetDelay(HI_HANDLE hAI, const HI_UNF_AI_DELAY_S *pstDelay)
                                                                   ^
device/hisilicon/bigfish/HiSTBSDKV6R2/source/msp/api/ai/unf_ai.c: In function 'HI_UNF_AI_GetDelay':
device/hisilicon/bigfish/HiSTBSDKV6R2/source/msp/api/ai/unf_ai.c:107:37: warning: unused parameter 'hAI' [-Wunused-parameter]
 HI_S32 HI_UNF_AI_GetDelay(HI_HANDLE hAI, HI_UNF_AI_DELAY_S *pstDelay)
                                     ^
device/hisilicon/bigfish/HiSTBSDKV6R2/source/msp/api/ai/unf_ai.c:107:61: warning: unused parameter 'pstDelay' [-Wunused-parameter]
 HI_S32 HI_UNF_AI_GetDelay(HI_HANDLE hAI, HI_UNF_AI_DELAY_S *pstDelay)
                                                             ^
