device/hisilicon/bigfish/external/dhcp/common/lpf.c: In function 'if_reinitialize_send':
device/hisilicon/bigfish/external/dhcp/common/lpf.c:58:25: warning: unused parameter 'info' [-Wunused-parameter]
  struct interface_info *info;
                         ^
device/hisilicon/bigfish/external/dhcp/common/lpf.c: In function 'if_reinitialize_receive':
device/hisilicon/bigfish/external/dhcp/common/lpf.c:65:25: warning: unused parameter 'info' [-Wunused-parameter]
  struct interface_info *info;
                         ^
device/hisilicon/bigfish/external/dhcp/common/lpf.c: In function 'receive_packet':
device/hisilicon/bigfish/external/dhcp/common/lpf.c:465:13: warning: comparison between signed and unsigned integer expressions [-Wsign-compare]
  if (length < paylen)
             ^
device/hisilicon/bigfish/external/dhcp/common/lpf.c:361:9: warning: unused parameter 'len' [-Wunused-parameter]
  size_t len;
         ^
device/hisilicon/bigfish/external/dhcp/common/lpf.c: In function 'can_unicast_without_arp':
device/hisilicon/bigfish/external/dhcp/common/lpf.c:474:25: warning: unused parameter 'ip' [-Wunused-parameter]
  struct interface_info *ip;
                         ^
device/hisilicon/bigfish/external/dhcp/common/lpf.c: In function 'can_receive_unicast_unconfigured':
device/hisilicon/bigfish/external/dhcp/common/lpf.c:480:25: warning: unused parameter 'ip' [-Wunused-parameter]
  struct interface_info *ip;
                         ^
device/hisilicon/bigfish/external/dhcp/common/lpf.c: In function 'supports_multiple_interfaces':
device/hisilicon/bigfish/external/dhcp/common/lpf.c:486:25: warning: unused parameter 'ip' [-Wunused-parameter]
  struct interface_info *ip;
                         ^
