In file included from component/appman/downloadmanager/downloader/oc/libsdk/workspace/src/sdk_tar_src.c:7:0:
component/appman/downloadmanager/downloader/oc/includeExport/project/project_cfg.h:4:0: warning: ignoring #pragma warning  [-Wunknown-pragmas]
 #pragma warning(disable:4996 4819 4244 4267 4311 4312 4133)
 ^
In file included from component/appman/downloadmanager/downloader/oc/libsdk/workspace/src/../inc/sdk_tar_.h:10:0,
                 from component/appman/downloadmanager/downloader/oc/libsdk/workspace/src/sdk_tar_src.c:23:
component/appman/downloadmanager/downloader/oc/libsdk/workspace/src/../inc/../../lib_tar/basename.c: In function 'openbsd_basename':
component/appman/downloadmanager/downloader/oc/libsdk/workspace/src/../inc/../../lib_tar/basename.c:67:24: warning: comparison between signed and unsigned integer expressions [-Wsign-compare]
  if (endp - startp + 1 > sizeof(bname)) {
                        ^
In file included from component/appman/downloadmanager/downloader/oc/libsdk/workspace/src/../inc/sdk_tar_.h:13:0,
                 from component/appman/downloadmanager/downloader/oc/libsdk/workspace/src/sdk_tar_src.c:23:
component/appman/downloadmanager/downloader/oc/libsdk/workspace/src/../inc/../../lib_tar/decode.c: In function 'th_get_uid':
component/appman/downloadmanager/downloader/oc/libsdk/workspace/src/../inc/../../lib_tar/decode.c:47:17: warning: unused parameter 't' [-Wunused-parameter]
 th_get_uid(TAR *t)
                 ^
component/appman/downloadmanager/downloader/oc/libsdk/workspace/src/../inc/../../lib_tar/decode.c: In function 'th_get_gid':
component/appman/downloadmanager/downloader/oc/libsdk/workspace/src/../inc/../../lib_tar/decode.c:64:17: warning: unused parameter 't' [-Wunused-parameter]
 th_get_gid(TAR *t)
                 ^
component/appman/downloadmanager/downloader/oc/libsdk/workspace/src/../inc/../../lib_tar/decode.c: In function 'th_get_mode':
component/appman/downloadmanager/downloader/oc/libsdk/workspace/src/../inc/../../lib_tar/decode.c:81:18: warning: unused parameter 't' [-Wunused-parameter]
 th_get_mode(TAR *t)
                  ^
In file included from component/appman/downloadmanager/downloader/oc/libsdk/workspace/src/../inc/sdk_tar_.h:14:0,
                 from component/appman/downloadmanager/downloader/oc/libsdk/workspace/src/sdk_tar_src.c:23:
component/appman/downloadmanager/downloader/oc/libsdk/workspace/src/../inc/../../lib_tar/handle.c: In function 'tar_init':
component/appman/downloadmanager/downloader/oc/libsdk/workspace/src/../inc/../../lib_tar/handle.c:35:19: warning: unused parameter 'mode' [-Wunused-parameter]
   int oflags, int mode, int options)
                   ^
In file included from component/appman/downloadmanager/downloader/oc/libsdk/workspace/src/../inc/sdk_tar_.h:21:0,
                 from component/appman/downloadmanager/downloader/oc/libsdk/workspace/src/sdk_tar_src.c:23:
component/appman/downloadmanager/downloader/oc/libsdk/workspace/src/../inc/../../lib_tar/sdk_tar.c: In function 'ss_open':
component/appman/downloadmanager/downloader/oc/libsdk/workspace/src/../inc/../../lib_tar/sdk_tar.c:30:42: warning: unused parameter 'flag' [-Wunused-parameter]
 STATIC int ss_open(const char *name, int flag, int mode)
                                          ^
component/appman/downloadmanager/downloader/oc/libsdk/workspace/src/../inc/../../lib_tar/sdk_tar.c:30:52: warning: unused parameter 'mode' [-Wunused-parameter]
 STATIC int ss_open(const char *name, int flag, int mode)
                                                    ^
component/appman/downloadmanager/downloader/oc/libsdk/workspace/src/../inc/../../lib_tar/sdk_tar.c: In function 'ss_close':
component/appman/downloadmanager/downloader/oc/libsdk/workspace/src/../inc/../../lib_tar/sdk_tar.c:45:25: warning: unused parameter 'fd' [-Wunused-parameter]
 STATIC int ss_close(int fd)
                         ^
