In file included from device/hisilicon/bigfish/HiSTBSDKV6R2/source/common/include/hi_common.h:21:0,
                 from device/hisilicon/bigfish/HiSTBSDKV6R2/source/msp/include/hi_unf_common.h:28,
                 from device/hisilicon/bigfish/HiSTBSDKV6R2/source/msp/include/hi_unf_avplay.h:25,
                 from device/hisilicon/bigfish/HiSTBSDKV6R2/source/msp/api/include/hi_mpi_avplay.h:20,
                 from device/hisilicon/bigfish/HiSTBSDKV6R2/source/msp/api/avplay/unf_avplay.c:23:
device/hisilicon/bigfish/HiSTBSDKV6R2/source/common/include/hi_type.h:44:23: warning: ISO C90 does not support 'long long' [-Wlong-long]
 typedef unsigned long long      HI_U64;
                       ^
device/hisilicon/bigfish/HiSTBSDKV6R2/source/common/include/hi_type.h:45:14: warning: ISO C90 does not support 'long long' [-Wlong-long]
 typedef long long               HI_S64;
              ^
device/hisilicon/bigfish/HiSTBSDKV6R2/source/msp/api/avplay/unf_avplay.c: In function 'HI_UNF_AVPLAY_PreStart':
device/hisilicon/bigfish/HiSTBSDKV6R2/source/msp/api/avplay/unf_avplay.c:209:120: warning: unused parameter 'pstPreStartOpt' [-Wunused-parameter]
 HI_S32 HI_UNF_AVPLAY_PreStart(HI_HANDLE hAvplay, HI_UNF_AVPLAY_MEDIA_CHAN_E enChn, const HI_UNF_AVPLAY_PRESTART_OPT_S *pstPreStartOpt)
                                                                                                                        ^
device/hisilicon/bigfish/HiSTBSDKV6R2/source/msp/api/avplay/unf_avplay.c: In function 'HI_UNF_AVPLAY_Start':
device/hisilicon/bigfish/HiSTBSDKV6R2/source/msp/api/avplay/unf_avplay.c:214:114: warning: unused parameter 'pstStartOpt' [-Wunused-parameter]
 HI_S32 HI_UNF_AVPLAY_Start(HI_HANDLE hAvplay, HI_UNF_AVPLAY_MEDIA_CHAN_E enChn, const HI_UNF_AVPLAY_START_OPT_S *pstStartOpt)
                                                                                                                  ^
device/hisilicon/bigfish/HiSTBSDKV6R2/source/msp/api/avplay/unf_avplay.c: In function 'HI_UNF_AVPLAY_Pause':
device/hisilicon/bigfish/HiSTBSDKV6R2/source/msp/api/avplay/unf_avplay.c:237:80: warning: unused parameter 'pstPauseOpt' [-Wunused-parameter]
 HI_S32 HI_UNF_AVPLAY_Pause(HI_HANDLE hAvplay, const HI_UNF_AVPLAY_PAUSE_OPT_S *pstPauseOpt)
                                                                                ^
device/hisilicon/bigfish/HiSTBSDKV6R2/source/msp/api/avplay/unf_avplay.c: In function 'HI_UNF_AVPLAY_Resume':
device/hisilicon/bigfish/HiSTBSDKV6R2/source/msp/api/avplay/unf_avplay.c:255:82: warning: unused parameter 'pstResumeOpt' [-Wunused-parameter]
 HI_S32 HI_UNF_AVPLAY_Resume(HI_HANDLE hAvplay, const HI_UNF_AVPLAY_RESUME_OPT_S *pstResumeOpt)
                                                                                  ^
