platform/android/external/ppp/pppd/tty.c:169:7: warning: missing initializer for field 'upper_limit' of 'option_t' [-Wmissing-field-initializers]
       devnam},
       ^
In file included from platform/android/external/ppp/pppd/tty.c:96:0:
platform/android/external/ppp/pppd/pppd.h:113:6: note: 'upper_limit' declared here
  int upper_limit;
      ^
platform/android/external/ppp/pppd/tty.c:173:7: warning: missing initializer for field 'upper_limit' of 'option_t' [-Wmissing-field-initializers]
       OPT_PRIO | OPT_NOARG | OPT_A2STRVAL | OPT_STATIC, speed_str },
       ^
In file included from platform/android/external/ppp/pppd/tty.c:96:0:
platform/android/external/ppp/pppd/pppd.h:113:6: note: 'upper_limit' declared here
  int upper_limit;
      ^
platform/android/external/ppp/pppd/tty.c:176:7: warning: missing initializer for field 'addr2' of 'option_t' [-Wmissing-field-initializers]
       "Lock serial device with UUCP-style lock file", OPT_PRIO | 1 },
       ^
In file included from platform/android/external/ppp/pppd/tty.c:96:0:
platform/android/external/ppp/pppd/pppd.h:112:8: note: 'addr2' declared here
  void *addr2;
        ^
platform/android/external/ppp/pppd/tty.c:178:7: warning: missing initializer for field 'addr2' of 'option_t' [-Wmissing-field-initializers]
       "Don't lock serial device", OPT_PRIOSUB | OPT_PRIV },
       ^
In file included from platform/android/external/ppp/pppd/tty.c:96:0:
platform/android/external/ppp/pppd/pppd.h:112:8: note: 'addr2' declared here
  void *addr2;
        ^
platform/android/external/ppp/pppd/tty.c:181:7: warning: missing initializer for field 'addr2' of 'option_t' [-Wmissing-field-initializers]
       "A program to initialize the device", OPT_PRIO | OPT_PRIVFIX },
       ^
In file included from platform/android/external/ppp/pppd/tty.c:96:0:
platform/android/external/ppp/pppd/pppd.h:112:8: note: 'addr2' declared here
  void *addr2;
        ^
platform/android/external/ppp/pppd/tty.c:184:7: warning: missing initializer for field 'addr2' of 'option_t' [-Wmissing-field-initializers]
       "A program to set up a connection", OPT_PRIO | OPT_PRIVFIX },
       ^
In file included from platform/android/external/ppp/pppd/tty.c:96:0:
platform/android/external/ppp/pppd/pppd.h:112:8: note: 'addr2' declared here
  void *addr2;
        ^
platform/android/external/ppp/pppd/tty.c:187:7: warning: missing initializer for field 'addr2' of 'option_t' [-Wmissing-field-initializers]
       "Program to disconnect serial device", OPT_PRIO | OPT_PRIVFIX },
       ^
In file included from platform/android/external/ppp/pppd/tty.c:96:0:
platform/android/external/ppp/pppd/pppd.h:112:8: note: 'addr2' declared here
  void *addr2;
        ^
platform/android/external/ppp/pppd/tty.c:190:7: warning: missing initializer for field 'addr2' of 'option_t' [-Wmissing-field-initializers]
       "Script to welcome client", OPT_PRIO | OPT_PRIVFIX },
       ^
In file included from platform/android/external/ppp/pppd/tty.c:96:0:
platform/android/external/ppp/pppd/pppd.h:112:8: note: 'addr2' declared here
  void *addr2;
        ^
platform/android/external/ppp/pppd/tty.c:194:7: warning: missing initializer for field 'addr2' of 'option_t' [-Wmissing-field-initializers]
       OPT_PRIO | OPT_PRIVFIX | OPT_DEVNAM },
       ^
In file included from platform/android/external/ppp/pppd/tty.c:96:0:
platform/android/external/ppp/pppd/pppd.h:112:8: note: 'addr2' declared here
  void *addr2;
        ^
platform/android/external/ppp/pppd/tty.c:197:7: warning: missing initializer for field 'addr2' of 'option_t' [-Wmissing-field-initializers]
       "Input/output is not a tty", OPT_DEVNAM | 1 },
       ^
In file included from platform/android/external/ppp/pppd/tty.c:96:0:
platform/android/external/ppp/pppd/pppd.h:112:8: note: 'addr2' declared here
  void *addr2;
        ^
platform/android/external/ppp/pppd/tty.c:201:7: warning: missing initializer for field 'addr2' of 'option_t' [-Wmissing-field-initializers]
       OPT_PRIO | OPT_DEVNAM },
       ^
In file included from platform/android/external/ppp/pppd/tty.c:96:0:
platform/android/external/ppp/pppd/pppd.h:112:8: note: 'addr2' declared here
  void *addr2;
        ^
platform/android/external/ppp/pppd/tty.c:204:7: warning: missing initializer for field 'addr2' of 'option_t' [-Wmissing-field-initializers]
       "Record characters sent/received to file", OPT_PRIO },
       ^
In file included from platform/android/external/ppp/pppd/tty.c:96:0:
platform/android/external/ppp/pppd/pppd.h:112:8: note: 'addr2' declared here
  void *addr2;
        ^
platform/android/external/ppp/pppd/tty.c:208:7: warning: missing initializer for field 'addr2' of 'option_t' [-Wmissing-field-initializers]
       OPT_PRIO | OPT_NOARG | OPT_VAL(1) },
       ^
In file included from platform/android/external/ppp/pppd/tty.c:96:0:
platform/android/external/ppp/pppd/pppd.h:112:8: note: 'addr2' declared here
  void *addr2;
        ^
platform/android/external/ppp/pppd/tty.c:211:7: warning: missing initializer for field 'addr2' of 'option_t' [-Wmissing-field-initializers]
       OPT_PRIOSUB | OPT_NOARG | OPT_VAL(2) },
       ^
In file included from platform/android/external/ppp/pppd/tty.c:96:0:
platform/android/external/ppp/pppd/pppd.h:112:8: note: 'addr2' declared here
  void *addr2;
        ^
platform/android/external/ppp/pppd/tty.c:214:7: warning: missing initializer for field 'addr2' of 'option_t' [-Wmissing-field-initializers]
       OPT_PRIOSUB | OPT_NOARG | OPT_VAL(-1) },
       ^
In file included from platform/android/external/ppp/pppd/tty.c:96:0:
platform/android/external/ppp/pppd/pppd.h:112:8: note: 'addr2' declared here
  void *addr2;
        ^
platform/android/external/ppp/pppd/tty.c:217:7: warning: missing initializer for field 'addr2' of 'option_t' [-Wmissing-field-initializers]
       OPT_PRIOSUB | OPT_ALIAS | OPT_NOARG | OPT_VAL(-1) },
       ^
In file included from platform/android/external/ppp/pppd/tty.c:96:0:
platform/android/external/ppp/pppd/pppd.h:112:8: note: 'addr2' declared here
  void *addr2;
        ^
platform/android/external/ppp/pppd/tty.c:220:7: warning: missing initializer for field 'addr2' of 'option_t' [-Wmissing-field-initializers]
       OPT_PRIOSUB | OPT_ALIAS | OPT_NOARG | OPT_VAL(-1) },
       ^
In file included from platform/android/external/ppp/pppd/tty.c:96:0:
platform/android/external/ppp/pppd/pppd.h:112:8: note: 'addr2' declared here
  void *addr2;
        ^
platform/android/external/ppp/pppd/tty.c:222:7: warning: missing initializer for field 'addr2' of 'option_t' [-Wmissing-field-initializers]
       "Set software (XON/XOFF) flow control", OPT_PRIOSUB },
       ^
In file included from platform/android/external/ppp/pppd/tty.c:96:0:
platform/android/external/ppp/pppd/pppd.h:112:8: note: 'addr2' declared here
  void *addr2;
        ^
platform/android/external/ppp/pppd/tty.c:225:7: warning: missing initializer for field 'addr2' of 'option_t' [-Wmissing-field-initializers]
       "Use modem control lines", OPT_PRIO | 1 },
       ^
In file included from platform/android/external/ppp/pppd/tty.c:96:0:
platform/android/external/ppp/pppd/pppd.h:112:8: note: 'addr2' declared here
  void *addr2;
        ^
platform/android/external/ppp/pppd/tty.c:227:7: warning: missing initializer for field 'addr2' of 'option_t' [-Wmissing-field-initializers]
       "Don't use modem control lines", OPT_PRIOSUB | 0 },
       ^
In file included from platform/android/external/ppp/pppd/tty.c:96:0:
platform/android/external/ppp/pppd/pppd.h:112:8: note: 'addr2' declared here
  void *addr2;
        ^
platform/android/external/ppp/pppd/tty.c:230:7: warning: missing initializer for field 'addr2' of 'option_t' [-Wmissing-field-initializers]
       "Use synchronous HDLC serial encoding", 1 },
       ^
In file included from platform/android/external/ppp/pppd/tty.c:96:0:
platform/android/external/ppp/pppd/pppd.h:112:8: note: 'addr2' declared here
  void *addr2;
        ^
platform/android/external/ppp/pppd/tty.c:234:7: warning: missing initializer for field 'addr2' of 'option_t' [-Wmissing-field-initializers]
       OPT_PRIO },
       ^
In file included from platform/android/external/ppp/pppd/tty.c:96:0:
platform/android/external/ppp/pppd/pppd.h:112:8: note: 'addr2' declared here
  void *addr2;
        ^
platform/android/external/ppp/pppd/tty.c:238:7: warning: missing initializer for field 'upper_limit' of 'option_t' [-Wmissing-field-initializers]
       OPT_A2PRINTER, (void *)printescape },
       ^
In file included from platform/android/external/ppp/pppd/tty.c:96:0:
platform/android/external/ppp/pppd/pppd.h:113:6: note: 'upper_limit' declared here
  int upper_limit;
      ^
platform/android/external/ppp/pppd/tty.c: In function 'setspeed':
platform/android/external/ppp/pppd/tty.c:266:12: warning: unused parameter 'argv' [-Wunused-parameter]
     char **argv;
            ^
platform/android/external/ppp/pppd/tty.c: In function 'setdevname':
platform/android/external/ppp/pppd/tty.c:291:12: warning: unused parameter 'argv' [-Wunused-parameter]
     char **argv;
            ^
platform/android/external/ppp/pppd/tty.c: In function 'setxonxoff':
platform/android/external/ppp/pppd/tty.c:332:12: warning: unused parameter 'argv' [-Wunused-parameter]
     char **argv;
            ^
platform/android/external/ppp/pppd/tty.c: In function 'printescape':
platform/android/external/ppp/pppd/tty.c:375:15: warning: unused parameter 'opt' [-Wunused-parameter]
     option_t *opt;
               ^
platform/android/external/ppp/pppd/tty.c: In function 'maybe_relock':
platform/android/external/ppp/pppd/tty.c:856:11: warning: unused parameter 'arg' [-Wunused-parameter]
     void *arg;
           ^
platform/android/external/ppp/pppd/tty.c: In function 'charshunt_done':
platform/android/external/ppp/pppd/tty.c:954:11: warning: unused parameter 'arg' [-Wunused-parameter]
     void *arg;
           ^
platform/android/external/ppp/pppd/tty.c: In function 'stop_charshunt':
platform/android/external/ppp/pppd/tty.c:961:11: warning: unused parameter 'arg' [-Wunused-parameter]
     void *arg;
           ^
In function 'tty_process_extra_options.part.1',
    inlined from 'tty_process_extra_options':
platform/android/external/ppp/pppd/tty.c:418:18: warning: call to 'ttyname' declared with attribute warning: ttyname is not thread-safe; use ttyname_r instead [enabled by default]
   if (!isatty(0) || (p = ttyname(0)) == NULL) {
                  ^
