platform/android/frameworks/av/media/libmedia/IAudioFlinger.cpp: In member function 'virtual android::status_t android::BnAudioFlinger::onTransact(uint32_t, const android::Parcel&, android::Parcel*, uint32_t)':
platform/android/frameworks/av/media/libmedia/IAudioFlinger.cpp:1093:38: warning: missing initializer for member 'audio_config::sample_rate' [-Wmissing-field-initializers]
             audio_config_t config = {};
                                      ^
platform/android/frameworks/av/media/libmedia/IAudioFlinger.cpp:1093:38: warning: missing initializer for member 'audio_config::channel_mask' [-Wmissing-field-initializers]
platform/android/frameworks/av/media/libmedia/IAudioFlinger.cpp:1093:38: warning: missing initializer for member 'audio_config::format' [-Wmissing-field-initializers]
platform/android/frameworks/av/media/libmedia/IAudioFlinger.cpp:1093:38: warning: missing initializer for member 'audio_config::offload_info' [-Wmissing-field-initializers]
platform/android/frameworks/av/media/libmedia/IAudioFlinger.cpp:1093:38: warning: missing initializer for member 'audio_config::frame_count' [-Wmissing-field-initializers]
platform/android/frameworks/av/media/libmedia/IAudioFlinger.cpp:1140:38: warning: missing initializer for member 'audio_config::sample_rate' [-Wmissing-field-initializers]
             audio_config_t config = {};
                                      ^
platform/android/frameworks/av/media/libmedia/IAudioFlinger.cpp:1140:38: warning: missing initializer for member 'audio_config::channel_mask' [-Wmissing-field-initializers]
platform/android/frameworks/av/media/libmedia/IAudioFlinger.cpp:1140:38: warning: missing initializer for member 'audio_config::format' [-Wmissing-field-initializers]
platform/android/frameworks/av/media/libmedia/IAudioFlinger.cpp:1140:38: warning: missing initializer for member 'audio_config::offload_info' [-Wmissing-field-initializers]
platform/android/frameworks/av/media/libmedia/IAudioFlinger.cpp:1140:38: warning: missing initializer for member 'audio_config::frame_count' [-Wmissing-field-initializers]
platform/android/frameworks/av/media/libmedia/IAudioFlinger.cpp:1226:41: warning: missing initializer for member 'effect_descriptor_s::type' [-Wmissing-field-initializers]
             effect_descriptor_t desc = {};
                                         ^
platform/android/frameworks/av/media/libmedia/IAudioFlinger.cpp:1226:41: warning: missing initializer for member 'effect_descriptor_s::uuid' [-Wmissing-field-initializers]
platform/android/frameworks/av/media/libmedia/IAudioFlinger.cpp:1226:41: warning: missing initializer for member 'effect_descriptor_s::apiVersion' [-Wmissing-field-initializers]
platform/android/frameworks/av/media/libmedia/IAudioFlinger.cpp:1226:41: warning: missing initializer for member 'effect_descriptor_s::flags' [-Wmissing-field-initializers]
platform/android/frameworks/av/media/libmedia/IAudioFlinger.cpp:1226:41: warning: missing initializer for member 'effect_descriptor_s::cpuLoad' [-Wmissing-field-initializers]
platform/android/frameworks/av/media/libmedia/IAudioFlinger.cpp:1226:41: warning: missing initializer for member 'effect_descriptor_s::memoryUsage' [-Wmissing-field-initializers]
platform/android/frameworks/av/media/libmedia/IAudioFlinger.cpp:1226:41: warning: missing initializer for member 'effect_descriptor_s::name' [-Wmissing-field-initializers]
platform/android/frameworks/av/media/libmedia/IAudioFlinger.cpp:1226:41: warning: missing initializer for member 'effect_descriptor_s::implementor' [-Wmissing-field-initializers]
platform/android/frameworks/av/media/libmedia/IAudioFlinger.cpp:1238:41: warning: missing initializer for member 'effect_descriptor_s::type' [-Wmissing-field-initializers]
             effect_descriptor_t desc = {};
                                         ^
platform/android/frameworks/av/media/libmedia/IAudioFlinger.cpp:1238:41: warning: missing initializer for member 'effect_descriptor_s::uuid' [-Wmissing-field-initializers]
platform/android/frameworks/av/media/libmedia/IAudioFlinger.cpp:1238:41: warning: missing initializer for member 'effect_descriptor_s::apiVersion' [-Wmissing-field-initializers]
platform/android/frameworks/av/media/libmedia/IAudioFlinger.cpp:1238:41: warning: missing initializer for member 'effect_descriptor_s::flags' [-Wmissing-field-initializers]
platform/android/frameworks/av/media/libmedia/IAudioFlinger.cpp:1238:41: warning: missing initializer for member 'effect_descriptor_s::cpuLoad' [-Wmissing-field-initializers]
platform/android/frameworks/av/media/libmedia/IAudioFlinger.cpp:1238:41: warning: missing initializer for member 'effect_descriptor_s::memoryUsage' [-Wmissing-field-initializers]
platform/android/frameworks/av/media/libmedia/IAudioFlinger.cpp:1238:41: warning: missing initializer for member 'effect_descriptor_s::name' [-Wmissing-field-initializers]
platform/android/frameworks/av/media/libmedia/IAudioFlinger.cpp:1238:41: warning: missing initializer for member 'effect_descriptor_s::implementor' [-Wmissing-field-initializers]
platform/android/frameworks/av/media/libmedia/IAudioFlinger.cpp:1248:41: warning: missing initializer for member 'effect_descriptor_s::type' [-Wmissing-field-initializers]
             effect_descriptor_t desc = {};
                                         ^
platform/android/frameworks/av/media/libmedia/IAudioFlinger.cpp:1248:41: warning: missing initializer for member 'effect_descriptor_s::uuid' [-Wmissing-field-initializers]
platform/android/frameworks/av/media/libmedia/IAudioFlinger.cpp:1248:41: warning: missing initializer for member 'effect_descriptor_s::apiVersion' [-Wmissing-field-initializers]
platform/android/frameworks/av/media/libmedia/IAudioFlinger.cpp:1248:41: warning: missing initializer for member 'effect_descriptor_s::flags' [-Wmissing-field-initializers]
platform/android/frameworks/av/media/libmedia/IAudioFlinger.cpp:1248:41: warning: missing initializer for member 'effect_descriptor_s::cpuLoad' [-Wmissing-field-initializers]
platform/android/frameworks/av/media/libmedia/IAudioFlinger.cpp:1248:41: warning: missing initializer for member 'effect_descriptor_s::memoryUsage' [-Wmissing-field-initializers]
platform/android/frameworks/av/media/libmedia/IAudioFlinger.cpp:1248:41: warning: missing initializer for member 'effect_descriptor_s::name' [-Wmissing-field-initializers]
platform/android/frameworks/av/media/libmedia/IAudioFlinger.cpp:1248:41: warning: missing initializer for member 'effect_descriptor_s::implementor' [-Wmissing-field-initializers]
platform/android/frameworks/av/media/libmedia/IAudioFlinger.cpp:1327:39: warning: missing initializer for member 'audio_port::id' [-Wmissing-field-initializers]
             struct audio_port port = {};
                                       ^
platform/android/frameworks/av/media/libmedia/IAudioFlinger.cpp:1327:39: warning: missing initializer for member 'audio_port::role' [-Wmissing-field-initializers]
platform/android/frameworks/av/media/libmedia/IAudioFlinger.cpp:1327:39: warning: missing initializer for member 'audio_port::type' [-Wmissing-field-initializers]
platform/android/frameworks/av/media/libmedia/IAudioFlinger.cpp:1327:39: warning: missing initializer for member 'audio_port::num_sample_rates' [-Wmissing-field-initializers]
platform/android/frameworks/av/media/libmedia/IAudioFlinger.cpp:1327:39: warning: missing initializer for member 'audio_port::sample_rates' [-Wmissing-field-initializers]
platform/android/frameworks/av/media/libmedia/IAudioFlinger.cpp:1327:39: warning: missing initializer for member 'audio_port::num_channel_masks' [-Wmissing-field-initializers]
platform/android/frameworks/av/media/libmedia/IAudioFlinger.cpp:1327:39: warning: missing initializer for member 'audio_port::channel_masks' [-Wmissing-field-initializers]
platform/android/frameworks/av/media/libmedia/IAudioFlinger.cpp:1327:39: warning: missing initializer for member 'audio_port::num_formats' [-Wmissing-field-initializers]
platform/android/frameworks/av/media/libmedia/IAudioFlinger.cpp:1327:39: warning: missing initializer for member 'audio_port::formats' [-Wmissing-field-initializers]
platform/android/frameworks/av/media/libmedia/IAudioFlinger.cpp:1327:39: warning: missing initializer for member 'audio_port::num_gains' [-Wmissing-field-initializers]
platform/android/frameworks/av/media/libmedia/IAudioFlinger.cpp:1327:39: warning: missing initializer for member 'audio_port::gains' [-Wmissing-field-initializers]
platform/android/frameworks/av/media/libmedia/IAudioFlinger.cpp:1327:39: warning: missing initializer for member 'audio_port::active_config' [-Wmissing-field-initializers]
platform/android/frameworks/av/media/libmedia/IAudioFlinger.cpp:1327:39: warning: missing initializer for member 'audio_port::ext' [-Wmissing-field-initializers]
platform/android/frameworks/av/media/libmedia/IAudioFlinger.cpp:1342:44: warning: extended initializer lists only available with -std=c++11 or -std=gnu++11 [enabled by default]
             audio_patch_handle_t handle = {};
                                            ^
