platform/android/external/speex/libspeex/resample.c: In function 'update_filter':
platform/android/external/speex/libspeex/resample.c:605:20: warning: comparison between signed and unsigned integer expressions [-Wsign-compare]
          for (j=0;j<st->filt_len;j++)
                    ^
platform/android/external/speex/libspeex/resample.c:686:23: warning: comparison between signed and unsigned integer expressions [-Wsign-compare]
             for (j=0;j<st->magic_samples[i];j++)
                       ^
platform/android/external/speex/libspeex/resample.c:694:23: warning: comparison between signed and unsigned integer expressions [-Wsign-compare]
             for (j=0;j<olen-1;j++)
                       ^
platform/android/external/speex/libspeex/resample.c:697:20: warning: comparison between signed and unsigned integer expressions [-Wsign-compare]
             for (;j<st->filt_len-1;j++)
                    ^
platform/android/external/speex/libspeex/resample.c:704:23: warning: comparison between signed and unsigned integer expressions [-Wsign-compare]
             for (j=0;j<st->filt_len-1+st->magic_samples[i];j++)
                       ^
platform/android/external/speex/libspeex/resample.c: In function 'speex_resampler_process_int':
platform/android/external/speex/libspeex/resample.c:870:21: warning: comparison between signed and unsigned integer expressions [-Wsign-compare]
            for(j=0;j<ichunk;++j)
                     ^
platform/android/external/speex/libspeex/resample.c:873:20: warning: comparison between signed and unsigned integer expressions [-Wsign-compare]
           for(j=0;j<ichunk;++j)
                    ^
platform/android/external/speex/libspeex/resample.c: In function 'speex_resampler_process_float':
platform/android/external/speex/libspeex/resample.c:926:19: warning: comparison between signed and unsigned integer expressions [-Wsign-compare]
          for(j=0;j<ichunk;++j)
                   ^
platform/android/external/speex/libspeex/resample.c:933:19: warning: comparison between signed and unsigned integer expressions [-Wsign-compare]
          for(j=0;j<ichunk;++j)
                   ^
platform/android/external/speex/libspeex/resample.c:943:16: warning: comparison between signed and unsigned integer expressions [-Wsign-compare]
      for (j=0;j<ochunk+omagic;++j)
                ^
