platform/android/external/icu/icu4c/source/common/ucnv_cnv.c: In function 'ucnv_getCompleteUnicodeSet_53':
platform/android/external/icu/icu4c/source/common/ucnv_cnv.c:30:46: warning: unused parameter 'cnv' [-Wunused-parameter]
 ucnv_getCompleteUnicodeSet(const UConverter *cnv,
                                              ^
platform/android/external/icu/icu4c/source/common/ucnv_cnv.c:32:41: warning: unused parameter 'which' [-Wunused-parameter]
                    UConverterUnicodeSet which,
                                         ^
platform/android/external/icu/icu4c/source/common/ucnv_cnv.c:33:32: warning: unused parameter 'pErrorCode' [-Wunused-parameter]
                    UErrorCode *pErrorCode) {
                                ^
platform/android/external/icu/icu4c/source/common/ucnv_cnv.c: In function 'ucnv_getNonSurrogateUnicodeSet_53':
platform/android/external/icu/icu4c/source/common/ucnv_cnv.c:38:50: warning: unused parameter 'cnv' [-Wunused-parameter]
 ucnv_getNonSurrogateUnicodeSet(const UConverter *cnv,
                                                  ^
platform/android/external/icu/icu4c/source/common/ucnv_cnv.c:40:53: warning: unused parameter 'which' [-Wunused-parameter]
                                UConverterUnicodeSet which,
                                                     ^
platform/android/external/icu/icu4c/source/common/ucnv_cnv.c:41:44: warning: unused parameter 'pErrorCode' [-Wunused-parameter]
                                UErrorCode *pErrorCode) {
                                            ^
