In file included from component/appman/downloadmanager/downloader/oc/eventManager/workspace/src/../inc/montex_inc.h:2:0,
                 from component/appman/downloadmanager/downloader/oc/eventManager/workspace/src/montex_part01.c:3:
component/appman/downloadmanager/downloader/oc/includeExport/project/project_cfg.h:4:0: warning: ignoring #pragma warning  [-Wunknown-pragmas]
 #pragma warning(disable:4996 4819 4244 4267 4311 4312 4133)
 ^
In file included from component/appman/downloadmanager/downloader/oc/eventManager/workspace/src/../inc/../../montex/mtx_event.c:3:0,
                 from component/appman/downloadmanager/downloader/oc/eventManager/workspace/src/../inc/montex_inc.h:12,
                 from component/appman/downloadmanager/downloader/oc/eventManager/workspace/src/montex_part01.c:3:
component/appman/downloadmanager/downloader/oc/eventManager/workspace/src/../inc/../../montex/mtx_event.c: In function 'mtx_event_loop_threadId':
component/appman/downloadmanager/downloader/oc/includeExport/mc/mc_thread.h:212:25: warning: suggest braces around empty body in an 'if' statement [-Wempty-body]
             CCEAssert(0);                                               \
                         ^
component/appman/downloadmanager/downloader/oc/eventManager/workspace/src/../inc/../../montex/mtx_event.c:167:9: note: in expansion of macro 'McSpinlock_release'
         McSpinlock_release(&(me->glock));                   \
         ^
component/appman/downloadmanager/downloader/oc/eventManager/workspace/src/../inc/../../montex/mtx_event.c:258:5: note: in expansion of macro 'GETLOOP'
     GETLOOP(loopId);
     ^
component/appman/downloadmanager/downloader/oc/includeExport/mc/mc_thread.h:212:25: warning: suggest braces around empty body in an 'if' statement [-Wempty-body]
             CCEAssert(0);                                               \
                         ^
component/appman/downloadmanager/downloader/oc/eventManager/workspace/src/../inc/../../montex/mtx_event.c:170:5: note: in expansion of macro 'McSpinlock_release'
     McSpinlock_release(&(me->glock));                       \
     ^
component/appman/downloadmanager/downloader/oc/eventManager/workspace/src/../inc/../../montex/mtx_event.c:258:5: note: in expansion of macro 'GETLOOP'
     GETLOOP(loopId);
     ^
component/appman/downloadmanager/downloader/oc/includeExport/mc/mc_thread.h:212:25: warning: suggest braces around empty body in an 'if' statement [-Wempty-body]
             CCEAssert(0);                                               \
                         ^
component/appman/downloadmanager/downloader/oc/eventManager/workspace/src/../inc/../../montex/mtx_event.c:173:9: note: in expansion of macro 'McSpinlock_release'
         McSpinlock_release(&(loop->lock));                  \
         ^
component/appman/downloadmanager/downloader/oc/eventManager/workspace/src/../inc/../../montex/mtx_event.c:258:5: note: in expansion of macro 'GETLOOP'
     GETLOOP(loopId);
     ^
component/appman/downloadmanager/downloader/oc/includeExport/mc/mc_thread.h:212:25: warning: suggest braces around empty body in an 'if' statement [-Wempty-body]
             CCEAssert(0);                                               \
                         ^
component/appman/downloadmanager/downloader/oc/eventManager/workspace/src/../inc/../../montex/mtx_event.c:177:5: note: in expansion of macro 'McSpinlock_release'
     McSpinlock_release(&(loop->lock))
     ^
component/appman/downloadmanager/downloader/oc/eventManager/workspace/src/../inc/../../montex/mtx_event.c:258:5: note: in expansion of macro 'GETLOOP'
     GETLOOP(loopId);
     ^
component/appman/downloadmanager/downloader/oc/eventManager/workspace/src/../inc/../../montex/mtx_event.c: In function 'mtx_event_loop_attachThread':
component/appman/downloadmanager/downloader/oc/includeExport/mc/mc_thread.h:212:25: warning: suggest braces around empty body in an 'if' statement [-Wempty-body]
             CCEAssert(0);                                               \
                         ^
component/appman/downloadmanager/downloader/oc/eventManager/workspace/src/../inc/../../montex/mtx_event.c:300:13: note: in expansion of macro 'McSpinlock_release'
             McSpinlock_release(&(me->glock));
             ^
component/appman/downloadmanager/downloader/oc/includeExport/mc/mc_thread.h:212:25: warning: suggest braces around empty body in an 'if' statement [-Wempty-body]
             CCEAssert(0);                                               \
                         ^
component/appman/downloadmanager/downloader/oc/eventManager/workspace/src/../inc/../../montex/mtx_event.c:332:5: note: in expansion of macro 'McSpinlock_release'
     McSpinlock_release(&(me->glock));
     ^
component/appman/downloadmanager/downloader/oc/includeExport/mc/mc_thread.h:212:25: warning: suggest braces around empty body in an 'if' statement [-Wempty-body]
             CCEAssert(0);                                               \
                         ^
component/appman/downloadmanager/downloader/oc/eventManager/workspace/src/../inc/../../montex/mtx_event.c:335:5: note: in expansion of macro 'McSpinlock_release'
     McSpinlock_release(&(me->glock));
     ^
component/appman/downloadmanager/downloader/oc/eventManager/workspace/src/../inc/../../montex/mtx_event.c: In function 'mtx_event_loop_detachThread':
component/appman/downloadmanager/downloader/oc/includeExport/mc/mc_thread.h:212:25: warning: suggest braces around empty body in an 'if' statement [-Wempty-body]
             CCEAssert(0);                                               \
                         ^
component/appman/downloadmanager/downloader/oc/eventManager/workspace/src/../inc/../../montex/mtx_event.c:368:9: note: in expansion of macro 'McSpinlock_release'
         McSpinlock_release(&(loop->lock));
         ^
component/appman/downloadmanager/downloader/oc/includeExport/mc/mc_thread.h:212:25: warning: suggest braces around empty body in an 'if' statement [-Wempty-body]
             CCEAssert(0);                                               \
                         ^
component/appman/downloadmanager/downloader/oc/eventManager/workspace/src/../inc/../../montex/mtx_event.c:372:5: note: in expansion of macro 'McSpinlock_release'
     McSpinlock_release(&(me->glock));
     ^
component/appman/downloadmanager/downloader/oc/eventManager/workspace/src/../inc/../../montex/mtx_event.c: In function 'mtx_event_loop_addHandler':
component/appman/downloadmanager/downloader/oc/includeExport/mc/mc_thread.h:212:25: warning: suggest braces around empty body in an 'if' statement [-Wempty-body]
             CCEAssert(0);                                               \
                         ^
component/appman/downloadmanager/downloader/oc/eventManager/workspace/src/../inc/../../montex/mtx_event.c:167:9: note: in expansion of macro 'McSpinlock_release'
         McSpinlock_release(&(me->glock));                   \
         ^
component/appman/downloadmanager/downloader/oc/eventManager/workspace/src/../inc/../../montex/mtx_event.c:395:5: note: in expansion of macro 'GETLOOP'
     GETLOOP(loopId);
     ^
component/appman/downloadmanager/downloader/oc/includeExport/mc/mc_thread.h:212:25: warning: suggest braces around empty body in an 'if' statement [-Wempty-body]
             CCEAssert(0);                                               \
                         ^
component/appman/downloadmanager/downloader/oc/eventManager/workspace/src/../inc/../../montex/mtx_event.c:170:5: note: in expansion of macro 'McSpinlock_release'
     McSpinlock_release(&(me->glock));                       \
     ^
component/appman/downloadmanager/downloader/oc/eventManager/workspace/src/../inc/../../montex/mtx_event.c:395:5: note: in expansion of macro 'GETLOOP'
     GETLOOP(loopId);
     ^
component/appman/downloadmanager/downloader/oc/includeExport/mc/mc_thread.h:212:25: warning: suggest braces around empty body in an 'if' statement [-Wempty-body]
             CCEAssert(0);                                               \
                         ^
component/appman/downloadmanager/downloader/oc/eventManager/workspace/src/../inc/../../montex/mtx_event.c:173:9: note: in expansion of macro 'McSpinlock_release'
         McSpinlock_release(&(loop->lock));                  \
         ^
component/appman/downloadmanager/downloader/oc/eventManager/workspace/src/../inc/../../montex/mtx_event.c:395:5: note: in expansion of macro 'GETLOOP'
     GETLOOP(loopId);
     ^
component/appman/downloadmanager/downloader/oc/includeExport/mc/mc_thread.h:212:25: warning: suggest braces around empty body in an 'if' statement [-Wempty-body]
             CCEAssert(0);                                               \
                         ^
component/appman/downloadmanager/downloader/oc/eventManager/workspace/src/../inc/../../montex/mtx_event.c:177:5: note: in expansion of macro 'McSpinlock_release'
     McSpinlock_release(&(loop->lock))
     ^
component/appman/downloadmanager/downloader/oc/eventManager/workspace/src/../inc/../../montex/mtx_event.c:395:5: note: in expansion of macro 'GETLOOP'
     GETLOOP(loopId);
     ^
component/appman/downloadmanager/downloader/oc/eventManager/workspace/src/../inc/../../montex/mtx_event.c: In function 'mtx_event_loop_removeHandler':
component/appman/downloadmanager/downloader/oc/includeExport/mc/mc_thread.h:212:25: warning: suggest braces around empty body in an 'if' statement [-Wempty-body]
             CCEAssert(0);                                               \
                         ^
component/appman/downloadmanager/downloader/oc/eventManager/workspace/src/../inc/../../montex/mtx_event.c:167:9: note: in expansion of macro 'McSpinlock_release'
         McSpinlock_release(&(me->glock));                   \
         ^
component/appman/downloadmanager/downloader/oc/eventManager/workspace/src/../inc/../../montex/mtx_event.c:418:5: note: in expansion of macro 'GETLOOP'
     GETLOOP(loopId);
     ^
component/appman/downloadmanager/downloader/oc/includeExport/mc/mc_thread.h:212:25: warning: suggest braces around empty body in an 'if' statement [-Wempty-body]
             CCEAssert(0);                                               \
                         ^
component/appman/downloadmanager/downloader/oc/eventManager/workspace/src/../inc/../../montex/mtx_event.c:170:5: note: in expansion of macro 'McSpinlock_release'
     McSpinlock_release(&(me->glock));                       \
     ^
component/appman/downloadmanager/downloader/oc/eventManager/workspace/src/../inc/../../montex/mtx_event.c:418:5: note: in expansion of macro 'GETLOOP'
     GETLOOP(loopId);
     ^
component/appman/downloadmanager/downloader/oc/includeExport/mc/mc_thread.h:212:25: warning: suggest braces around empty body in an 'if' statement [-Wempty-body]
             CCEAssert(0);                                               \
                         ^
component/appman/downloadmanager/downloader/oc/eventManager/workspace/src/../inc/../../montex/mtx_event.c:173:9: note: in expansion of macro 'McSpinlock_release'
         McSpinlock_release(&(loop->lock));                  \
         ^
component/appman/downloadmanager/downloader/oc/eventManager/workspace/src/../inc/../../montex/mtx_event.c:418:5: note: in expansion of macro 'GETLOOP'
     GETLOOP(loopId);
     ^
component/appman/downloadmanager/downloader/oc/includeExport/mc/mc_thread.h:212:25: warning: suggest braces around empty body in an 'if' statement [-Wempty-body]
             CCEAssert(0);                                               \
                         ^
component/appman/downloadmanager/downloader/oc/eventManager/workspace/src/../inc/../../montex/mtx_event.c:177:5: note: in expansion of macro 'McSpinlock_release'
     McSpinlock_release(&(loop->lock))
     ^
component/appman/downloadmanager/downloader/oc/eventManager/workspace/src/../inc/../../montex/mtx_event.c:418:5: note: in expansion of macro 'GETLOOP'
     GETLOOP(loopId);
     ^
In file included from component/appman/downloadmanager/downloader/oc/eventManager/workspace/src/../inc/montex_inc.h:12:0,
                 from component/appman/downloadmanager/downloader/oc/eventManager/workspace/src/montex_part01.c:3:
component/appman/downloadmanager/downloader/oc/eventManager/workspace/src/../inc/../../montex/mtx_event.c: In function 'mtx_event_loop_post':
component/appman/downloadmanager/downloader/oc/eventManager/workspace/src/../inc/../../montex/mtx_event.c:433:5: warning: missing braces around initializer [-Wmissing-braces]
     MtxPostMsg      msg[1] = {0};
     ^
component/appman/downloadmanager/downloader/oc/eventManager/workspace/src/../inc/../../montex/mtx_event.c:433:5: warning: (near initialization for 'msg[0]') [-Wmissing-braces]
In file included from component/appman/downloadmanager/downloader/oc/eventManager/workspace/src/../inc/../../montex/mtx_event.c:3:0,
                 from component/appman/downloadmanager/downloader/oc/eventManager/workspace/src/../inc/montex_inc.h:12,
                 from component/appman/downloadmanager/downloader/oc/eventManager/workspace/src/montex_part01.c:3:
component/appman/downloadmanager/downloader/oc/includeExport/mc/mc_thread.h:212:25: warning: suggest braces around empty body in an 'if' statement [-Wempty-body]
             CCEAssert(0);                                               \
                         ^
component/appman/downloadmanager/downloader/oc/eventManager/workspace/src/../inc/../../montex/mtx_event.c:167:9: note: in expansion of macro 'McSpinlock_release'
         McSpinlock_release(&(me->glock));                   \
         ^
component/appman/downloadmanager/downloader/oc/eventManager/workspace/src/../inc/../../montex/mtx_event.c:449:5: note: in expansion of macro 'GETLOOP'
     GETLOOP(loopId);
     ^
component/appman/downloadmanager/downloader/oc/includeExport/mc/mc_thread.h:212:25: warning: suggest braces around empty body in an 'if' statement [-Wempty-body]
             CCEAssert(0);                                               \
                         ^
component/appman/downloadmanager/downloader/oc/eventManager/workspace/src/../inc/../../montex/mtx_event.c:170:5: note: in expansion of macro 'McSpinlock_release'
     McSpinlock_release(&(me->glock));                       \
     ^
component/appman/downloadmanager/downloader/oc/eventManager/workspace/src/../inc/../../montex/mtx_event.c:449:5: note: in expansion of macro 'GETLOOP'
     GETLOOP(loopId);
     ^
component/appman/downloadmanager/downloader/oc/includeExport/mc/mc_thread.h:212:25: warning: suggest braces around empty body in an 'if' statement [-Wempty-body]
             CCEAssert(0);                                               \
                         ^
component/appman/downloadmanager/downloader/oc/eventManager/workspace/src/../inc/../../montex/mtx_event.c:173:9: note: in expansion of macro 'McSpinlock_release'
         McSpinlock_release(&(loop->lock));                  \
         ^
component/appman/downloadmanager/downloader/oc/eventManager/workspace/src/../inc/../../montex/mtx_event.c:449:5: note: in expansion of macro 'GETLOOP'
     GETLOOP(loopId);
     ^
component/appman/downloadmanager/downloader/oc/includeExport/mc/mc_thread.h:212:25: warning: suggest braces around empty body in an 'if' statement [-Wempty-body]
             CCEAssert(0);                                               \
                         ^
component/appman/downloadmanager/downloader/oc/eventManager/workspace/src/../inc/../../montex/mtx_event.c:177:5: note: in expansion of macro 'McSpinlock_release'
     McSpinlock_release(&(loop->lock))
     ^
component/appman/downloadmanager/downloader/oc/eventManager/workspace/src/../inc/../../montex/mtx_event.c:449:5: note: in expansion of macro 'GETLOOP'
     GETLOOP(loopId);
     ^
component/appman/downloadmanager/downloader/oc/includeExport/mc/mc_thread.h:212:25: warning: suggest braces around empty body in an 'if' statement [-Wempty-body]
             CCEAssert(0);                                               \
                         ^
component/appman/downloadmanager/downloader/oc/eventManager/workspace/src/../inc/../../montex/mtx_event.c:484:13: note: in expansion of macro 'McSpinlock_release'
             McSpinlock_release(&(loop->lock));
             ^
component/appman/downloadmanager/downloader/oc/eventManager/workspace/src/../inc/../../montex/mtx_event.c: In function 'mtx_event_loop_get_info':
component/appman/downloadmanager/downloader/oc/includeExport/mc/mc_thread.h:212:25: warning: suggest braces around empty body in an 'if' statement [-Wempty-body]
             CCEAssert(0);                                               \
                         ^
component/appman/downloadmanager/downloader/oc/eventManager/workspace/src/../inc/../../montex/mtx_event.c:167:9: note: in expansion of macro 'McSpinlock_release'
         McSpinlock_release(&(me->glock));                   \
         ^
component/appman/downloadmanager/downloader/oc/eventManager/workspace/src/../inc/../../montex/mtx_event.c:495:5: note: in expansion of macro 'GETLOOP'
     GETLOOP(loopId);
     ^
component/appman/downloadmanager/downloader/oc/includeExport/mc/mc_thread.h:212:25: warning: suggest braces around empty body in an 'if' statement [-Wempty-body]
             CCEAssert(0);                                               \
                         ^
component/appman/downloadmanager/downloader/oc/eventManager/workspace/src/../inc/../../montex/mtx_event.c:170:5: note: in expansion of macro 'McSpinlock_release'
     McSpinlock_release(&(me->glock));                       \
     ^
component/appman/downloadmanager/downloader/oc/eventManager/workspace/src/../inc/../../montex/mtx_event.c:495:5: note: in expansion of macro 'GETLOOP'
     GETLOOP(loopId);
     ^
component/appman/downloadmanager/downloader/oc/includeExport/mc/mc_thread.h:212:25: warning: suggest braces around empty body in an 'if' statement [-Wempty-body]
             CCEAssert(0);                                               \
                         ^
component/appman/downloadmanager/downloader/oc/eventManager/workspace/src/../inc/../../montex/mtx_event.c:173:9: note: in expansion of macro 'McSpinlock_release'
         McSpinlock_release(&(loop->lock));                  \
         ^
component/appman/downloadmanager/downloader/oc/eventManager/workspace/src/../inc/../../montex/mtx_event.c:495:5: note: in expansion of macro 'GETLOOP'
     GETLOOP(loopId);
     ^
component/appman/downloadmanager/downloader/oc/includeExport/mc/mc_thread.h:212:25: warning: suggest braces around empty body in an 'if' statement [-Wempty-body]
             CCEAssert(0);                                               \
                         ^
component/appman/downloadmanager/downloader/oc/eventManager/workspace/src/../inc/../../montex/mtx_event.c:177:5: note: in expansion of macro 'McSpinlock_release'
     McSpinlock_release(&(loop->lock))
     ^
component/appman/downloadmanager/downloader/oc/eventManager/workspace/src/../inc/../../montex/mtx_event.c:495:5: note: in expansion of macro 'GETLOOP'
     GETLOOP(loopId);
     ^
component/appman/downloadmanager/downloader/oc/eventManager/workspace/src/../inc/../../montex/mtx_event.c: In function 'mtx_event_set_timer':
component/appman/downloadmanager/downloader/oc/includeExport/mc/mc_thread.h:212:25: warning: suggest braces around empty body in an 'if' statement [-Wempty-body]
             CCEAssert(0);                                               \
                         ^
component/appman/downloadmanager/downloader/oc/eventManager/workspace/src/../inc/../../montex/mtx_event.c:167:9: note: in expansion of macro 'McSpinlock_release'
         McSpinlock_release(&(me->glock));                   \
         ^
component/appman/downloadmanager/downloader/oc/eventManager/workspace/src/../inc/../../montex/mtx_event.c:507:5: note: in expansion of macro 'GETLOOP'
     GETLOOP(loopid);
     ^
component/appman/downloadmanager/downloader/oc/includeExport/mc/mc_thread.h:212:25: warning: suggest braces around empty body in an 'if' statement [-Wempty-body]
             CCEAssert(0);                                               \
                         ^
component/appman/downloadmanager/downloader/oc/eventManager/workspace/src/../inc/../../montex/mtx_event.c:170:5: note: in expansion of macro 'McSpinlock_release'
     McSpinlock_release(&(me->glock));                       \
     ^
component/appman/downloadmanager/downloader/oc/eventManager/workspace/src/../inc/../../montex/mtx_event.c:507:5: note: in expansion of macro 'GETLOOP'
     GETLOOP(loopid);
     ^
component/appman/downloadmanager/downloader/oc/includeExport/mc/mc_thread.h:212:25: warning: suggest braces around empty body in an 'if' statement [-Wempty-body]
             CCEAssert(0);                                               \
                         ^
component/appman/downloadmanager/downloader/oc/eventManager/workspace/src/../inc/../../montex/mtx_event.c:173:9: note: in expansion of macro 'McSpinlock_release'
         McSpinlock_release(&(loop->lock));                  \
         ^
component/appman/downloadmanager/downloader/oc/eventManager/workspace/src/../inc/../../montex/mtx_event.c:507:5: note: in expansion of macro 'GETLOOP'
     GETLOOP(loopid);
     ^
component/appman/downloadmanager/downloader/oc/includeExport/mc/mc_thread.h:212:25: warning: suggest braces around empty body in an 'if' statement [-Wempty-body]
             CCEAssert(0);                                               \
                         ^
component/appman/downloadmanager/downloader/oc/eventManager/workspace/src/../inc/../../montex/mtx_event.c:177:5: note: in expansion of macro 'McSpinlock_release'
     McSpinlock_release(&(loop->lock))
     ^
component/appman/downloadmanager/downloader/oc/eventManager/workspace/src/../inc/../../montex/mtx_event.c:507:5: note: in expansion of macro 'GETLOOP'
     GETLOOP(loopid);
     ^
component/appman/downloadmanager/downloader/oc/includeExport/mc/mc_thread.h:212:25: warning: suggest braces around empty body in an 'if' statement [-Wempty-body]
             CCEAssert(0);                                               \
                         ^
component/appman/downloadmanager/downloader/oc/eventManager/workspace/src/../inc/../../montex/mtx_event.c:512:5: note: in expansion of macro 'McSpinlock_release'
     McSpinlock_release(&(loop->lock));
     ^
component/appman/downloadmanager/downloader/oc/eventManager/workspace/src/../inc/../../montex/mtx_event.c: In function 'mtx_event_loop_send':
component/appman/downloadmanager/downloader/oc/includeExport/mc/mc_thread.h:212:25: warning: suggest braces around empty body in an 'if' statement [-Wempty-body]
             CCEAssert(0);                                               \
                         ^
component/appman/downloadmanager/downloader/oc/eventManager/workspace/src/../inc/../../montex/mtx_event.c:167:9: note: in expansion of macro 'McSpinlock_release'
         McSpinlock_release(&(me->glock));                   \
         ^
component/appman/downloadmanager/downloader/oc/eventManager/workspace/src/../inc/../../montex/mtx_event.c:548:5: note: in expansion of macro 'GETLOOP'
     GETLOOP(loopId);
     ^
component/appman/downloadmanager/downloader/oc/includeExport/mc/mc_thread.h:212:25: warning: suggest braces around empty body in an 'if' statement [-Wempty-body]
             CCEAssert(0);                                               \
                         ^
component/appman/downloadmanager/downloader/oc/eventManager/workspace/src/../inc/../../montex/mtx_event.c:170:5: note: in expansion of macro 'McSpinlock_release'
     McSpinlock_release(&(me->glock));                       \
     ^
component/appman/downloadmanager/downloader/oc/eventManager/workspace/src/../inc/../../montex/mtx_event.c:548:5: note: in expansion of macro 'GETLOOP'
     GETLOOP(loopId);
     ^
component/appman/downloadmanager/downloader/oc/includeExport/mc/mc_thread.h:212:25: warning: suggest braces around empty body in an 'if' statement [-Wempty-body]
             CCEAssert(0);                                               \
                         ^
component/appman/downloadmanager/downloader/oc/eventManager/workspace/src/../inc/../../montex/mtx_event.c:173:9: note: in expansion of macro 'McSpinlock_release'
         McSpinlock_release(&(loop->lock));                  \
         ^
component/appman/downloadmanager/downloader/oc/eventManager/workspace/src/../inc/../../montex/mtx_event.c:548:5: note: in expansion of macro 'GETLOOP'
     GETLOOP(loopId);
     ^
component/appman/downloadmanager/downloader/oc/includeExport/mc/mc_thread.h:212:25: warning: suggest braces around empty body in an 'if' statement [-Wempty-body]
             CCEAssert(0);                                               \
                         ^
component/appman/downloadmanager/downloader/oc/eventManager/workspace/src/../inc/../../montex/mtx_event.c:177:5: note: in expansion of macro 'McSpinlock_release'
     McSpinlock_release(&(loop->lock))
     ^
component/appman/downloadmanager/downloader/oc/eventManager/workspace/src/../inc/../../montex/mtx_event.c:548:5: note: in expansion of macro 'GETLOOP'
     GETLOOP(loopId);
     ^
In file included from component/appman/downloadmanager/downloader/oc/eventManager/workspace/src/../inc/montex_inc.h:12:0,
                 from component/appman/downloadmanager/downloader/oc/eventManager/workspace/src/montex_part01.c:3:
component/appman/downloadmanager/downloader/oc/eventManager/workspace/src/../inc/../../montex/mtx_event.c:555:9: warning: missing braces around initializer [-Wmissing-braces]
         MtxSendMsg         msg[1] = {0};
         ^
component/appman/downloadmanager/downloader/oc/eventManager/workspace/src/../inc/../../montex/mtx_event.c:555:9: warning: (near initialization for 'msg[0]') [-Wmissing-braces]
component/appman/downloadmanager/downloader/oc/eventManager/workspace/src/../inc/../../montex/mtx_event.c:555:9: warning: missing initializer for field 'condv' of 'MtxSendMsg' [-Wmissing-field-initializers]
In file included from component/appman/downloadmanager/downloader/oc/eventManager/workspace/src/../inc/montex_inc.h:12:0,
                 from component/appman/downloadmanager/downloader/oc/eventManager/workspace/src/montex_part01.c:3:
component/appman/downloadmanager/downloader/oc/eventManager/workspace/src/../inc/../../montex/mtx_event.c:99:21: note: 'condv' declared here
     McCondv*        condv;         //  同步条件
                     ^
In file included from component/appman/downloadmanager/downloader/oc/eventManager/workspace/src/../inc/../../montex/mtx_event.c:3:0,
                 from component/appman/downloadmanager/downloader/oc/eventManager/workspace/src/../inc/montex_inc.h:12,
                 from component/appman/downloadmanager/downloader/oc/eventManager/workspace/src/montex_part01.c:3:
component/appman/downloadmanager/downloader/oc/includeExport/mc/mc_thread.h:212:25: warning: suggest braces around empty body in an 'if' statement [-Wempty-body]
             CCEAssert(0);                                               \
                         ^
component/appman/downloadmanager/downloader/oc/eventManager/workspace/src/../inc/../../montex/mtx_event.c:581:9: note: in expansion of macro 'McSpinlock_release'
         McSpinlock_release(&(me->glock));
         ^
component/appman/downloadmanager/downloader/oc/includeExport/mc/mc_thread.h:212:25: warning: suggest braces around empty body in an 'if' statement [-Wempty-body]
             CCEAssert(0);                                               \
                         ^
component/appman/downloadmanager/downloader/oc/eventManager/workspace/src/../inc/../../montex/mtx_event.c:600:13: note: in expansion of macro 'McSpinlock_release'
             McSpinlock_release(&(me->glock));
             ^
In file included from component/appman/downloadmanager/downloader/oc/eventManager/workspace/src/../inc/montex_inc.h:12:0,
                 from component/appman/downloadmanager/downloader/oc/eventManager/workspace/src/montex_part01.c:3:
component/appman/downloadmanager/downloader/oc/eventManager/workspace/src/../inc/../../montex/mtx_event.c: In function 'mtx_event_loop_matrixprocess_post':
component/appman/downloadmanager/downloader/oc/eventManager/workspace/src/../inc/../../montex/mtx_event.c:624:5: warning: missing braces around initializer [-Wmissing-braces]
     MtxMatrixProcessPostMsg msg[1] = {0};
     ^
component/appman/downloadmanager/downloader/oc/eventManager/workspace/src/../inc/../../montex/mtx_event.c:624:5: warning: (near initialization for 'msg[0]') [-Wmissing-braces]
component/appman/downloadmanager/downloader/oc/eventManager/workspace/src/../inc/../../montex/mtx_event.c:624:5: warning: missing initializer for field 'source' of 'MtxMatrixProcessPostMsg' [-Wmissing-field-initializers]
In file included from component/appman/downloadmanager/downloader/oc/eventManager/workspace/src/../inc/montex_inc.h:12:0,
                 from component/appman/downloadmanager/downloader/oc/eventManager/workspace/src/montex_part01.c:3:
component/appman/downloadmanager/downloader/oc/eventManager/workspace/src/../inc/../../montex/mtx_event.c:115:21: note: 'source' declared here
     ui32            source;
                     ^
In file included from component/appman/downloadmanager/downloader/oc/eventManager/workspace/src/../inc/../../montex/mtx_event.c:3:0,
                 from component/appman/downloadmanager/downloader/oc/eventManager/workspace/src/../inc/montex_inc.h:12,
                 from component/appman/downloadmanager/downloader/oc/eventManager/workspace/src/montex_part01.c:3:
component/appman/downloadmanager/downloader/oc/includeExport/mc/mc_thread.h:212:25: warning: suggest braces around empty body in an 'if' statement [-Wempty-body]
             CCEAssert(0);                                               \
                         ^
component/appman/downloadmanager/downloader/oc/eventManager/workspace/src/../inc/../../montex/mtx_event.c:167:9: note: in expansion of macro 'McSpinlock_release'
         McSpinlock_release(&(me->glock));                   \
         ^
component/appman/downloadmanager/downloader/oc/eventManager/workspace/src/../inc/../../montex/mtx_event.c:647:5: note: in expansion of macro 'GETLOOP'
     GETLOOP(loopId);
     ^
component/appman/downloadmanager/downloader/oc/includeExport/mc/mc_thread.h:212:25: warning: suggest braces around empty body in an 'if' statement [-Wempty-body]
             CCEAssert(0);                                               \
                         ^
component/appman/downloadmanager/downloader/oc/eventManager/workspace/src/../inc/../../montex/mtx_event.c:170:5: note: in expansion of macro 'McSpinlock_release'
     McSpinlock_release(&(me->glock));                       \
     ^
component/appman/downloadmanager/downloader/oc/eventManager/workspace/src/../inc/../../montex/mtx_event.c:647:5: note: in expansion of macro 'GETLOOP'
     GETLOOP(loopId);
     ^
component/appman/downloadmanager/downloader/oc/includeExport/mc/mc_thread.h:212:25: warning: suggest braces around empty body in an 'if' statement [-Wempty-body]
             CCEAssert(0);                                               \
                         ^
component/appman/downloadmanager/downloader/oc/eventManager/workspace/src/../inc/../../montex/mtx_event.c:173:9: note: in expansion of macro 'McSpinlock_release'
         McSpinlock_release(&(loop->lock));                  \
         ^
component/appman/downloadmanager/downloader/oc/eventManager/workspace/src/../inc/../../montex/mtx_event.c:647:5: note: in expansion of macro 'GETLOOP'
     GETLOOP(loopId);
     ^
component/appman/downloadmanager/downloader/oc/includeExport/mc/mc_thread.h:212:25: warning: suggest braces around empty body in an 'if' statement [-Wempty-body]
             CCEAssert(0);                                               \
                         ^
component/appman/downloadmanager/downloader/oc/eventManager/workspace/src/../inc/../../montex/mtx_event.c:177:5: note: in expansion of macro 'McSpinlock_release'
     McSpinlock_release(&(loop->lock))
     ^
component/appman/downloadmanager/downloader/oc/eventManager/workspace/src/../inc/../../montex/mtx_event.c:647:5: note: in expansion of macro 'GETLOOP'
     GETLOOP(loopId);
     ^
In file included from component/appman/downloadmanager/downloader/oc/eventManager/workspace/src/../inc/montex_inc.h:12:0,
                 from component/appman/downloadmanager/downloader/oc/eventManager/workspace/src/montex_part01.c:3:
component/appman/downloadmanager/downloader/oc/eventManager/workspace/src/../inc/../../montex/mtx_event.c: In function 'mtx_event_loop_matrixprocess_send':
component/appman/downloadmanager/downloader/oc/eventManager/workspace/src/../inc/../../montex/mtx_event.c:660:5: warning: missing braces around initializer [-Wmissing-braces]
     MtxMatrixProcessSendMsg msg[1] = {0};
     ^
component/appman/downloadmanager/downloader/oc/eventManager/workspace/src/../inc/../../montex/mtx_event.c:660:5: warning: (near initialization for 'msg[0]') [-Wmissing-braces]
component/appman/downloadmanager/downloader/oc/eventManager/workspace/src/../inc/../../montex/mtx_event.c:660:5: warning: missing initializer for field 'source' of 'MtxMatrixProcessSendMsg' [-Wmissing-field-initializers]
In file included from component/appman/downloadmanager/downloader/oc/eventManager/workspace/src/../inc/montex_inc.h:12:0,
                 from component/appman/downloadmanager/downloader/oc/eventManager/workspace/src/montex_part01.c:3:
component/appman/downloadmanager/downloader/oc/eventManager/workspace/src/../inc/../../montex/mtx_event.c:120:21: note: 'source' declared here
     ui32            source;
                     ^
In file included from component/appman/downloadmanager/downloader/oc/eventManager/workspace/src/../inc/../../montex/mtx_event.c:3:0,
                 from component/appman/downloadmanager/downloader/oc/eventManager/workspace/src/../inc/montex_inc.h:12,
                 from component/appman/downloadmanager/downloader/oc/eventManager/workspace/src/montex_part01.c:3:
component/appman/downloadmanager/downloader/oc/includeExport/mc/mc_thread.h:212:25: warning: suggest braces around empty body in an 'if' statement [-Wempty-body]
             CCEAssert(0);                                               \
                         ^
component/appman/downloadmanager/downloader/oc/eventManager/workspace/src/../inc/../../montex/mtx_event.c:167:9: note: in expansion of macro 'McSpinlock_release'
         McSpinlock_release(&(me->glock));                   \
         ^
component/appman/downloadmanager/downloader/oc/eventManager/workspace/src/../inc/../../montex/mtx_event.c:686:5: note: in expansion of macro 'GETLOOP'
     GETLOOP(loopId);
     ^
component/appman/downloadmanager/downloader/oc/includeExport/mc/mc_thread.h:212:25: warning: suggest braces around empty body in an 'if' statement [-Wempty-body]
             CCEAssert(0);                                               \
                         ^
component/appman/downloadmanager/downloader/oc/eventManager/workspace/src/../inc/../../montex/mtx_event.c:170:5: note: in expansion of macro 'McSpinlock_release'
     McSpinlock_release(&(me->glock));                       \
     ^
component/appman/downloadmanager/downloader/oc/eventManager/workspace/src/../inc/../../montex/mtx_event.c:686:5: note: in expansion of macro 'GETLOOP'
     GETLOOP(loopId);
     ^
component/appman/downloadmanager/downloader/oc/includeExport/mc/mc_thread.h:212:25: warning: suggest braces around empty body in an 'if' statement [-Wempty-body]
             CCEAssert(0);                                               \
                         ^
component/appman/downloadmanager/downloader/oc/eventManager/workspace/src/../inc/../../montex/mtx_event.c:173:9: note: in expansion of macro 'McSpinlock_release'
         McSpinlock_release(&(loop->lock));                  \
         ^
component/appman/downloadmanager/downloader/oc/eventManager/workspace/src/../inc/../../montex/mtx_event.c:686:5: note: in expansion of macro 'GETLOOP'
     GETLOOP(loopId);
     ^
component/appman/downloadmanager/downloader/oc/includeExport/mc/mc_thread.h:212:25: warning: suggest braces around empty body in an 'if' statement [-Wempty-body]
             CCEAssert(0);                                               \
                         ^
component/appman/downloadmanager/downloader/oc/eventManager/workspace/src/../inc/../../montex/mtx_event.c:177:5: note: in expansion of macro 'McSpinlock_release'
     McSpinlock_release(&(loop->lock))
     ^
component/appman/downloadmanager/downloader/oc/eventManager/workspace/src/../inc/../../montex/mtx_event.c:686:5: note: in expansion of macro 'GETLOOP'
     GETLOOP(loopId);
     ^
component/appman/downloadmanager/downloader/oc/includeExport/mc/mc_thread.h:212:25: warning: suggest braces around empty body in an 'if' statement [-Wempty-body]
             CCEAssert(0);                                               \
                         ^
component/appman/downloadmanager/downloader/oc/eventManager/workspace/src/../inc/../../montex/mtx_event.c:696:9: note: in expansion of macro 'McSpinlock_release'
         McSpinlock_release(&(loop->lock));
         ^
component/appman/downloadmanager/downloader/oc/eventManager/workspace/src/../inc/../../montex/mtx_event.c: In function 'mtx_event_loop_run':
component/appman/downloadmanager/downloader/oc/includeExport/mc/mc_thread.h:212:25: warning: suggest braces around empty body in an 'if' statement [-Wempty-body]
             CCEAssert(0);                                               \
                         ^
component/appman/downloadmanager/downloader/oc/eventManager/workspace/src/../inc/../../montex/mtx_event.c:719:9: note: in expansion of macro 'McSpinlock_release'
         McSpinlock_release(&(me->glock));
         ^
component/appman/downloadmanager/downloader/oc/includeExport/mc/mc_thread.h:212:25: warning: suggest braces around empty body in an 'if' statement [-Wempty-body]
             CCEAssert(0);                                               \
                         ^
component/appman/downloadmanager/downloader/oc/eventManager/workspace/src/../inc/../../montex/mtx_event.c:722:5: note: in expansion of macro 'McSpinlock_release'
     McSpinlock_release(&(me->glock));
     ^
component/appman/downloadmanager/downloader/oc/includeExport/mc/mc_thread.h:212:25: warning: suggest braces around empty body in an 'if' statement [-Wempty-body]
             CCEAssert(0);                                               \
                         ^
component/appman/downloadmanager/downloader/oc/eventManager/workspace/src/../inc/../../montex/mtx_event.c:729:5: note: in expansion of macro 'McSpinlock_release'
     McSpinlock_release(&(loop->lock));
     ^
component/appman/downloadmanager/downloader/oc/includeExport/mc/mc_thread.h:212:25: warning: suggest braces around empty body in an 'if' statement [-Wempty-body]
             CCEAssert(0);                                               \
                         ^
component/appman/downloadmanager/downloader/oc/eventManager/workspace/src/../inc/../../montex/mtx_event.c:735:9: note: in expansion of macro 'McSpinlock_release'
         McSpinlock_release(&(loop->lock));
         ^
component/appman/downloadmanager/downloader/oc/includeExport/mc/mc_thread.h:212:25: warning: suggest braces around empty body in an 'if' statement [-Wempty-body]
             CCEAssert(0);                                               \
                         ^
component/appman/downloadmanager/downloader/oc/eventManager/workspace/src/../inc/../../montex/mtx_event.c:746:5: note: in expansion of macro 'McSpinlock_release'
     McSpinlock_release(&(loop->lock));
     ^
component/appman/downloadmanager/downloader/oc/eventManager/workspace/src/../inc/../../montex/mtx_event.c: In function 'mtx_event_loop_postQuit':
component/appman/downloadmanager/downloader/oc/includeExport/mc/mc_thread.h:212:25: warning: suggest braces around empty body in an 'if' statement [-Wempty-body]
             CCEAssert(0);                                               \
                         ^
component/appman/downloadmanager/downloader/oc/eventManager/workspace/src/../inc/../../montex/mtx_event.c:764:9: note: in expansion of macro 'McSpinlock_release'
         McSpinlock_release(&(me->glock));
         ^
component/appman/downloadmanager/downloader/oc/includeExport/mc/mc_thread.h:212:25: warning: suggest braces around empty body in an 'if' statement [-Wempty-body]
             CCEAssert(0);                                               \
                         ^
component/appman/downloadmanager/downloader/oc/eventManager/workspace/src/../inc/../../montex/mtx_event.c:768:5: note: in expansion of macro 'McSpinlock_release'
     McSpinlock_release(&(me->glock));
     ^
component/appman/downloadmanager/downloader/oc/includeExport/mc/mc_thread.h:212:25: warning: suggest braces around empty body in an 'if' statement [-Wempty-body]
             CCEAssert(0);                                               \
                         ^
component/appman/downloadmanager/downloader/oc/eventManager/workspace/src/../inc/../../montex/mtx_event.c:779:5: note: in expansion of macro 'McSpinlock_release'
     McSpinlock_release(&(loop->lock));
     ^
In file included from component/appman/downloadmanager/downloader/oc/eventManager/workspace/src/../inc/montex_inc.h:12:0,
                 from component/appman/downloadmanager/downloader/oc/eventManager/workspace/src/montex_part01.c:3:
component/appman/downloadmanager/downloader/oc/eventManager/workspace/src/../inc/../../montex/mtx_event.c:751:52: warning: unused parameter 'flag' [-Wunused-parameter]
 bool32 mtx_event_loop_postQuit(ui16 loopId, bool32 flag)
                                                    ^
component/appman/downloadmanager/downloader/oc/eventManager/workspace/src/../inc/../../montex/mtx_event.c: In function 'MtxEvent_procEventPost':
component/appman/downloadmanager/downloader/oc/eventManager/workspace/src/../inc/../../montex/mtx_event.c:784:89: warning: unused parameter 'msglen' [-Wunused-parameter]
 static int MtxEvent_procEventPost(MtxPostMsg* msg, MtxEventLoop* loop, int loopId, ui32 msglen)
                                                                                         ^
component/appman/downloadmanager/downloader/oc/eventManager/workspace/src/../inc/../../montex/mtx_event.c: In function 'MtxEvent_procEventSend':
component/appman/downloadmanager/downloader/oc/eventManager/workspace/src/../inc/../../montex/mtx_event.c:835:89: warning: unused parameter 'msglen' [-Wunused-parameter]
 static int MtxEvent_procEventSend(MtxSendMsg* msg, MtxEventLoop* loop, int loopId, ui32 msglen)
                                                                                         ^
component/appman/downloadmanager/downloader/oc/eventManager/workspace/src/../inc/../../montex/mtx_event.c: In function 'MtxEvent_procEventMatrixProcessPost':
component/appman/downloadmanager/downloader/oc/eventManager/workspace/src/../inc/../../montex/mtx_event.c:879:114: warning: unused parameter 'msglen' [-Wunused-parameter]
 static int MtxEvent_procEventMatrixProcessPost(MtxMatrixProcessPostMsg* msg, MtxEventLoop* loop, int index, ui32 msglen)
                                                                                                                  ^
component/appman/downloadmanager/downloader/oc/eventManager/workspace/src/../inc/../../montex/mtx_event.c: In function 'MtxEvent_procEventMatrixProcessSend':
component/appman/downloadmanager/downloader/oc/eventManager/workspace/src/../inc/../../montex/mtx_event.c:910:114: warning: unused parameter 'msglen' [-Wunused-parameter]
 static int MtxEvent_procEventMatrixProcessSend(MtxMatrixProcessSendMsg* msg, MtxEventLoop* loop, int index, ui32 msglen)
                                                                                                                  ^
component/appman/downloadmanager/downloader/oc/eventManager/workspace/src/../inc/../../montex/mtx_event.c: In function 'MtxLoop_procEvent':
component/appman/downloadmanager/downloader/oc/eventManager/workspace/src/../inc/../../montex/mtx_event.c:1041:9: warning: missing braces around initializer [-Wmissing-braces]
         MtxPostMsg postTimer[1] = { 0 };
         ^
component/appman/downloadmanager/downloader/oc/eventManager/workspace/src/../inc/../../montex/mtx_event.c:1041:9: warning: (near initialization for 'postTimer[0]') [-Wmissing-braces]
In file included from component/appman/downloadmanager/downloader/oc/eventManager/workspace/src/../inc/../../montex/mtx_event.c:3:0,
                 from component/appman/downloadmanager/downloader/oc/eventManager/workspace/src/../inc/montex_inc.h:12,
                 from component/appman/downloadmanager/downloader/oc/eventManager/workspace/src/montex_part01.c:3:
component/appman/downloadmanager/downloader/oc/includeExport/mc/mc_thread.h:212:25: warning: suggest braces around empty body in an 'if' statement [-Wempty-body]
             CCEAssert(0);                                               \
                         ^
component/appman/downloadmanager/downloader/oc/eventManager/workspace/src/../inc/../../montex/mtx_event.c:1069:13: note: in expansion of macro 'McSpinlock_release'
             McSpinlock_release(&(loop1->lock));
             ^
component/appman/downloadmanager/downloader/oc/includeExport/mc/mc_thread.h:212:25: warning: suggest braces around empty body in an 'if' statement [-Wempty-body]
             CCEAssert(0);                                               \
                         ^
component/appman/downloadmanager/downloader/oc/eventManager/workspace/src/../inc/../../montex/mtx_event.c:1072:9: note: in expansion of macro 'McSpinlock_release'
         McSpinlock_release(&(loop1->lock));
         ^
component/appman/downloadmanager/downloader/oc/includeExport/mc/mc_thread.h:212:25: warning: suggest braces around empty body in an 'if' statement [-Wempty-body]
             CCEAssert(0);                                               \
                         ^
component/appman/downloadmanager/downloader/oc/eventManager/workspace/src/../inc/../../montex/mtx_event.c:1083:13: note: in expansion of macro 'McSpinlock_release'
             McSpinlock_release(&(loop1->lock));
             ^
In file included from component/appman/downloadmanager/downloader/oc/eventManager/workspace/src/../inc/montex_inc.h:12:0,
                 from component/appman/downloadmanager/downloader/oc/eventManager/workspace/src/montex_part01.c:3:
component/appman/downloadmanager/downloader/oc/eventManager/workspace/src/../inc/../../montex/mtx_event.c:957:61: warning: unused parameter 'isExit' [-Wunused-parameter]
 static bool32 MtxLoop_procEvent(MtxEventLoop* loop1, bool32 isExit, int loopId, ui32 timeout)
                                                             ^
component/appman/downloadmanager/downloader/oc/eventManager/workspace/src/../inc/../../montex/mtx_event.c: In function 'MtxCondvMutexPairPool_create':
component/appman/downloadmanager/downloader/oc/eventManager/workspace/src/../inc/../../montex/mtx_event.c:1221:65: warning: unused parameter 'num' [-Wunused-parameter]
 static MtxCondvMutexPairPool* MtxCondvMutexPairPool_create(ui32 num)
                                                                 ^
component/appman/downloadmanager/downloader/oc/eventManager/workspace/src/../inc/../../montex/mtx_event.c: In function 'AsyncSendMsg_NotifyResult':
component/appman/downloadmanager/downloader/oc/eventManager/workspace/src/../inc/../../montex/mtx_event.c:1336:5: warning: missing braces around initializer [-Wmissing-braces]
     MatrixProcessReply  msg[1] = {0};
     ^
component/appman/downloadmanager/downloader/oc/eventManager/workspace/src/../inc/../../montex/mtx_event.c:1336:5: warning: (near initialization for 'msg[0]') [-Wmissing-braces]
