device/hisilicon/bigfish/external/dhcp/omapip/connection.c: In function 'trace_connect_input':
device/hisilicon/bigfish/external/dhcp/omapip/connection.c:394:7: warning: comparison between signed and unsigned integer expressions [-Wsign-compare]
     i < lp->connect_list->count); i++) {
       ^
device/hisilicon/bigfish/external/dhcp/omapip/connection.c:320:48: warning: unused parameter 'ttype' [-Wunused-parameter]
 static void trace_connect_input (trace_type_t *ttype,
                                                ^
device/hisilicon/bigfish/external/dhcp/omapip/connection.c: In function 'trace_connect_stop':
device/hisilicon/bigfish/external/dhcp/omapip/connection.c:420:47: warning: unused parameter 'ttype' [-Wunused-parameter]
 static void trace_connect_stop (trace_type_t *ttype) { }
                                               ^
device/hisilicon/bigfish/external/dhcp/omapip/connection.c: In function 'trace_disconnect_input':
device/hisilicon/bigfish/external/dhcp/omapip/connection.c:435:19: warning: comparison between signed and unsigned integer expressions [-Wsign-compare]
   if (lp -> index == ntohl (*index)) {
                   ^
device/hisilicon/bigfish/external/dhcp/omapip/connection.c:422:51: warning: unused parameter 'ttype' [-Wunused-parameter]
 static void trace_disconnect_input (trace_type_t *ttype,
                                                   ^
device/hisilicon/bigfish/external/dhcp/omapip/connection.c: In function 'trace_disconnect_stop':
device/hisilicon/bigfish/external/dhcp/omapip/connection.c:447:50: warning: unused parameter 'ttype' [-Wunused-parameter]
 static void trace_disconnect_stop (trace_type_t *ttype) { }
                                                  ^
device/hisilicon/bigfish/external/dhcp/omapip/connection.c: In function 'omapi_connection_connect_internal':
device/hisilicon/bigfish/external/dhcp/omapip/connection.c:647:17: warning: comparison between signed and unsigned integer expressions [-Wsign-compare]
   if (c -> cptr >= c -> connect_list -> count) {
                 ^
