platform/android/external/ppp/pppd/ipcp.c:152:7: warning: missing initializer for field 'flags' of 'option_t' [-Wmissing-field-initializers]
       "Disable IP and IPCP" },
       ^
In file included from platform/android/external/ppp/pppd/ipcp.c:66:0:
platform/android/external/ppp/pppd/pppd.h:111:15: note: 'flags' declared here
  unsigned int flags;
               ^
platform/android/external/ppp/pppd/ipcp.c:154:7: warning: missing initializer for field 'addr2' of 'option_t' [-Wmissing-field-initializers]
       "Disable IP and IPCP", OPT_ALIAS },
       ^
In file included from platform/android/external/ppp/pppd/ipcp.c:66:0:
platform/android/external/ppp/pppd/pppd.h:112:8: note: 'addr2' declared here
  void *addr2;
        ^
platform/android/external/ppp/pppd/ipcp.c:157:7: warning: missing initializer for field 'upper_limit' of 'option_t' [-Wmissing-field-initializers]
       "Disable VJ compression", OPT_A2CLR, &ipcp_allowoptions[0].neg_vj },
       ^
In file included from platform/android/external/ppp/pppd/ipcp.c:66:0:
platform/android/external/ppp/pppd/pppd.h:113:6: note: 'upper_limit' declared here
  int upper_limit;
      ^
platform/android/external/ppp/pppd/ipcp.c:160:7: warning: missing initializer for field 'upper_limit' of 'option_t' [-Wmissing-field-initializers]
       &ipcp_allowoptions[0].neg_vj },
       ^
In file included from platform/android/external/ppp/pppd/ipcp.c:66:0:
platform/android/external/ppp/pppd/pppd.h:113:6: note: 'upper_limit' declared here
  int upper_limit;
      ^
platform/android/external/ppp/pppd/ipcp.c:164:7: warning: missing initializer for field 'upper_limit' of 'option_t' [-Wmissing-field-initializers]
       &ipcp_allowoptions[0].cflag },
       ^
In file included from platform/android/external/ppp/pppd/ipcp.c:66:0:
platform/android/external/ppp/pppd/pppd.h:113:6: note: 'upper_limit' declared here
  int upper_limit;
      ^
platform/android/external/ppp/pppd/ipcp.c:167:7: warning: missing initializer for field 'upper_limit' of 'option_t' [-Wmissing-field-initializers]
       &ipcp_allowoptions[0].cflag },
       ^
In file included from platform/android/external/ppp/pppd/ipcp.c:66:0:
platform/android/external/ppp/pppd/pppd.h:113:6: note: 'upper_limit' declared here
  int upper_limit;
      ^
platform/android/external/ppp/pppd/ipcp.c:171:7: warning: missing initializer for field 'upper_limit' of 'option_t' [-Wmissing-field-initializers]
       OPT_PRIO | OPT_A2STRVAL | OPT_STATIC, vj_value },
       ^
In file included from platform/android/external/ppp/pppd/ipcp.c:66:0:
platform/android/external/ppp/pppd/pppd.h:113:6: note: 'upper_limit' declared here
  int upper_limit;
      ^
platform/android/external/ppp/pppd/ipcp.c:174:7: warning: missing initializer for field 'addr2' of 'option_t' [-Wmissing-field-initializers]
       "Accept peer's address for us", 1 },
       ^
In file included from platform/android/external/ppp/pppd/ipcp.c:66:0:
platform/android/external/ppp/pppd/pppd.h:112:8: note: 'addr2' declared here
  void *addr2;
        ^
platform/android/external/ppp/pppd/ipcp.c:176:7: warning: missing initializer for field 'addr2' of 'option_t' [-Wmissing-field-initializers]
       "Accept peer's address for it", 1 },
       ^
In file included from platform/android/external/ppp/pppd/ipcp.c:66:0:
platform/android/external/ppp/pppd/pppd.h:112:8: note: 'addr2' declared here
  void *addr2;
        ^
platform/android/external/ppp/pppd/ipcp.c:179:7: warning: missing initializer for field 'addr2' of 'option_t' [-Wmissing-field-initializers]
       "Set ip script parameter", OPT_PRIO },
       ^
In file included from platform/android/external/ppp/pppd/ipcp.c:66:0:
platform/android/external/ppp/pppd/pppd.h:112:8: note: 'addr2' declared here
  void *addr2;
        ^
platform/android/external/ppp/pppd/ipcp.c:182:7: warning: missing initializer for field 'addr2' of 'option_t' [-Wmissing-field-initializers]
       "Don't use name for default IP adrs", 1 },
       ^
In file included from platform/android/external/ppp/pppd/ipcp.c:66:0:
platform/android/external/ppp/pppd/pppd.h:112:8: note: 'addr2' declared here
  void *addr2;
        ^
platform/android/external/ppp/pppd/ipcp.c:185:7: warning: missing initializer for field 'flags' of 'option_t' [-Wmissing-field-initializers]
       "DNS address for the peer's use" },
       ^
In file included from platform/android/external/ppp/pppd/ipcp.c:66:0:
platform/android/external/ppp/pppd/pppd.h:111:15: note: 'flags' declared here
  unsigned int flags;
               ^
platform/android/external/ppp/pppd/ipcp.c:187:7: warning: missing initializer for field 'flags' of 'option_t' [-Wmissing-field-initializers]
       "Nameserver for SMB over TCP/IP for peer" },
       ^
In file included from platform/android/external/ppp/pppd/ipcp.c:66:0:
platform/android/external/ppp/pppd/pppd.h:111:15: note: 'flags' declared here
  unsigned int flags;
               ^
platform/android/external/ppp/pppd/ipcp.c:190:7: warning: missing initializer for field 'addr2' of 'option_t' [-Wmissing-field-initializers]
       "Set timeout for IPCP", OPT_PRIO },
       ^
In file included from platform/android/external/ppp/pppd/ipcp.c:66:0:
platform/android/external/ppp/pppd/pppd.h:112:8: note: 'addr2' declared here
  void *addr2;
        ^
platform/android/external/ppp/pppd/ipcp.c:192:7: warning: missing initializer for field 'addr2' of 'option_t' [-Wmissing-field-initializers]
       "Set max #xmits for term-reqs", OPT_PRIO },
       ^
In file included from platform/android/external/ppp/pppd/ipcp.c:66:0:
platform/android/external/ppp/pppd/pppd.h:112:8: note: 'addr2' declared here
  void *addr2;
        ^
platform/android/external/ppp/pppd/ipcp.c:194:7: warning: missing initializer for field 'addr2' of 'option_t' [-Wmissing-field-initializers]
       "Set max #xmits for conf-reqs", OPT_PRIO },
       ^
In file included from platform/android/external/ppp/pppd/ipcp.c:66:0:
platform/android/external/ppp/pppd/pppd.h:112:8: note: 'addr2' declared here
  void *addr2;
        ^
platform/android/external/ppp/pppd/ipcp.c:196:7: warning: missing initializer for field 'addr2' of 'option_t' [-Wmissing-field-initializers]
       "Set max #conf-naks for IPCP", OPT_PRIO },
       ^
In file included from platform/android/external/ppp/pppd/ipcp.c:66:0:
platform/android/external/ppp/pppd/pppd.h:112:8: note: 'addr2' declared here
  void *addr2;
        ^
platform/android/external/ppp/pppd/ipcp.c:199:7: warning: missing initializer for field 'upper_limit' of 'option_t' [-Wmissing-field-initializers]
       "Add default route", OPT_ENABLE|1, &ipcp_allowoptions[0].default_route },
       ^
In file included from platform/android/external/ppp/pppd/ipcp.c:66:0:
platform/android/external/ppp/pppd/pppd.h:113:6: note: 'upper_limit' declared here
  int upper_limit;
      ^
platform/android/external/ppp/pppd/ipcp.c:202:7: warning: missing initializer for field 'upper_limit' of 'option_t' [-Wmissing-field-initializers]
       &ipcp_wantoptions[0].default_route },
       ^
In file included from platform/android/external/ppp/pppd/ipcp.c:66:0:
platform/android/external/ppp/pppd/pppd.h:113:6: note: 'upper_limit' declared here
  int upper_limit;
      ^
platform/android/external/ppp/pppd/ipcp.c:205:7: warning: missing initializer for field 'upper_limit' of 'option_t' [-Wmissing-field-initializers]
       &ipcp_wantoptions[0].default_route },
       ^
In file included from platform/android/external/ppp/pppd/ipcp.c:66:0:
platform/android/external/ppp/pppd/pppd.h:113:6: note: 'upper_limit' declared here
  int upper_limit;
      ^
platform/android/external/ppp/pppd/ipcp.c:208:7: warning: missing initializer for field 'upper_limit' of 'option_t' [-Wmissing-field-initializers]
       "Add proxy ARP entry", OPT_ENABLE|1, &ipcp_allowoptions[0].proxy_arp },
       ^
In file included from platform/android/external/ppp/pppd/ipcp.c:66:0:
platform/android/external/ppp/pppd/pppd.h:113:6: note: 'upper_limit' declared here
  int upper_limit;
      ^
platform/android/external/ppp/pppd/ipcp.c:211:7: warning: missing initializer for field 'upper_limit' of 'option_t' [-Wmissing-field-initializers]
       &ipcp_wantoptions[0].proxy_arp },
       ^
In file included from platform/android/external/ppp/pppd/ipcp.c:66:0:
platform/android/external/ppp/pppd/pppd.h:113:6: note: 'upper_limit' declared here
  int upper_limit;
      ^
platform/android/external/ppp/pppd/ipcp.c:214:7: warning: missing initializer for field 'upper_limit' of 'option_t' [-Wmissing-field-initializers]
       &ipcp_wantoptions[0].proxy_arp },
       ^
In file included from platform/android/external/ppp/pppd/ipcp.c:66:0:
platform/android/external/ppp/pppd/pppd.h:113:6: note: 'upper_limit' declared here
  int upper_limit;
      ^
platform/android/external/ppp/pppd/ipcp.c:217:7: warning: missing initializer for field 'addr2' of 'option_t' [-Wmissing-field-initializers]
       "Ask peer for DNS address(es)", 1 },
       ^
In file included from platform/android/external/ppp/pppd/ipcp.c:66:0:
platform/android/external/ppp/pppd/pppd.h:112:8: note: 'addr2' declared here
  void *addr2;
        ^
platform/android/external/ppp/pppd/ipcp.c:220:7: warning: missing initializer for field 'upper_limit' of 'option_t' [-Wmissing-field-initializers]
       "set netmask", OPT_PRIO | OPT_A2STRVAL | OPT_STATIC, netmask_str },
       ^
In file included from platform/android/external/ppp/pppd/ipcp.c:66:0:
platform/android/external/ppp/pppd/pppd.h:113:6: note: 'upper_limit' declared here
  int upper_limit;
      ^
platform/android/external/ppp/pppd/ipcp.c:224:7: warning: missing initializer for field 'upper_limit' of 'option_t' [-Wmissing-field-initializers]
       &ipcp_allowoptions[0].old_addrs },
       ^
In file included from platform/android/external/ppp/pppd/ipcp.c:66:0:
platform/android/external/ppp/pppd/pppd.h:113:6: note: 'upper_limit' declared here
  int upper_limit;
      ^
platform/android/external/ppp/pppd/ipcp.c:227:7: warning: missing initializer for field 'upper_limit' of 'option_t' [-Wmissing-field-initializers]
       &ipcp_allowoptions[0].neg_addr },
       ^
In file included from platform/android/external/ppp/pppd/ipcp.c:66:0:
platform/android/external/ppp/pppd/pppd.h:113:6: note: 'upper_limit' declared here
  int upper_limit;
      ^
platform/android/external/ppp/pppd/ipcp.c:231:7: warning: missing initializer for field 'upper_limit' of 'option_t' [-Wmissing-field-initializers]
       OPT_NOARG | OPT_A2PRINTER, (void *) &printipaddr },
       ^
In file included from platform/android/external/ppp/pppd/ipcp.c:66:0:
platform/android/external/ppp/pppd/pppd.h:113:6: note: 'upper_limit' declared here
  int upper_limit;
      ^
platform/android/external/ppp/pppd/ipcp.c: In function 'setipaddr':
platform/android/external/ppp/pppd/ipcp.c:417:12: warning: unused parameter 'argv' [-Wunused-parameter]
     char **argv;
            ^
platform/android/external/ppp/pppd/ipcp.c: In function 'printipaddr':
platform/android/external/ppp/pppd/ipcp.c:483:15: warning: unused parameter 'opt' [-Wunused-parameter]
     option_t *opt;
               ^
platform/android/external/ppp/pppd/ipcp.c: In function 'ipcp_script_done':
platform/android/external/ppp/pppd/ipcp.c:2027:11: warning: unused parameter 'arg' [-Wunused-parameter]
     void *arg;
           ^
platform/android/external/ppp/pppd/ipcp.c: In function 'create_resolv':
platform/android/external/ppp/pppd/ipcp.c:2078:15: warning: unused parameter 'peerdns1' [-Wunused-parameter]
     u_int32_t peerdns1, peerdns2;
               ^
platform/android/external/ppp/pppd/ipcp.c:2078:25: warning: unused parameter 'peerdns2' [-Wunused-parameter]
     u_int32_t peerdns1, peerdns2;
                         ^
platform/android/external/ppp/pppd/ipcp.c: In function 'ipcp_printpkt':
platform/android/external/ppp/pppd/ipcp.c:2131:27: warning: comparison between signed and unsigned integer expressions [-Wsign-compare]
     if (code >= 1 && code <= sizeof(ipcp_codenames) / sizeof(char *))
                           ^
