platform/android/frameworks/base/media/jni/android_media_MediaDrm.cpp:669:17: warning: unused parameter 'thiz' [-Wunused-parameter]
 static jboolean android_media_MediaDrm_isCryptoSchemeSupportedNative(
                 ^
platform/android/frameworks/base/media/jni/android_media_MediaDrm.cpp:1175:13: warning: unused parameter 'thiz' [-Wunused-parameter]
 static void android_media_MediaDrm_setCipherAlgorithmNative(
             ^
platform/android/frameworks/base/media/jni/android_media_MediaDrm.cpp:1199:13: warning: unused parameter 'thiz' [-Wunused-parameter]
 static void android_media_MediaDrm_setMacAlgorithmNative(
             ^
platform/android/frameworks/base/media/jni/android_media_MediaDrm.cpp:1224:19: warning: unused parameter 'thiz' [-Wunused-parameter]
 static jbyteArray android_media_MediaDrm_encryptNative(
                   ^
platform/android/frameworks/base/media/jni/android_media_MediaDrm.cpp:1255:19: warning: unused parameter 'thiz' [-Wunused-parameter]
 static jbyteArray android_media_MediaDrm_decryptNative(
                   ^
platform/android/frameworks/base/media/jni/android_media_MediaDrm.cpp:1285:19: warning: unused parameter 'thiz' [-Wunused-parameter]
 static jbyteArray android_media_MediaDrm_signNative(
                   ^
platform/android/frameworks/base/media/jni/android_media_MediaDrm.cpp:1315:17: warning: unused parameter 'thiz' [-Wunused-parameter]
 static jboolean android_media_MediaDrm_verifyNative(
                 ^
platform/android/frameworks/base/media/jni/android_media_MediaDrm.cpp:1344:19: warning: unused parameter 'thiz' [-Wunused-parameter]
 static jbyteArray android_media_MediaDrm_signRSANative(
                   ^
