device/hisilicon/bigfish/HiSTBSDKV6R2/sample/tuner/sample_tuner_dvbc.c: In function 'set_pin_mux':
device/hisilicon/bigfish/HiSTBSDKV6R2/sample/tuner/sample_tuner_dvbc.c:202:41: warning: unused parameter 'stTunerAttr' [-Wunused-parameter]
 HI_VOID set_pin_mux(HI_UNF_TUNER_ATTR_S stTunerAttr)
                                         ^
device/hisilicon/bigfish/HiSTBSDKV6R2/sample/tuner/sample_tuner_dvbc.c: In function 'hi_tuner_getsignalinfo':
device/hisilicon/bigfish/HiSTBSDKV6R2/sample/tuner/sample_tuner_dvbc.c:1215:39: warning: unused parameter 'para' [-Wunused-parameter]
 HI_VOID hi_tuner_getsignalinfo(char * para)
                                       ^
device/hisilicon/bigfish/HiSTBSDKV6R2/sample/tuner/sample_tuner_dvbc.c: In function 'hi_tuner_diseqc_set':
device/hisilicon/bigfish/HiSTBSDKV6R2/sample/tuner/sample_tuner_dvbc.c:1515:36: warning: unused parameter 'u32TunerId' [-Wunused-parameter]
 HI_VOID hi_tuner_diseqc_set(HI_U32 u32TunerId, HI_UNF_TUNER_FE_POLARIZATION_E enPolar,
                                    ^
device/hisilicon/bigfish/HiSTBSDKV6R2/sample/tuner/sample_tuner_dvbc.c:1515:79: warning: unused parameter 'enPolar' [-Wunused-parameter]
 HI_VOID hi_tuner_diseqc_set(HI_U32 u32TunerId, HI_UNF_TUNER_FE_POLARIZATION_E enPolar,
                                                                               ^
device/hisilicon/bigfish/HiSTBSDKV6R2/sample/tuner/sample_tuner_dvbc.c:1516:87: warning: unused parameter 'enLNB22K' [-Wunused-parameter]
                                                             HI_UNF_TUNER_FE_LNB_22K_E enLNB22K)
                                                                                       ^
device/hisilicon/bigfish/HiSTBSDKV6R2/sample/tuner/sample_tuner_dvbc.c: In function 'hi_tuner_blindscan_notify':
device/hisilicon/bigfish/HiSTBSDKV6R2/sample/tuner/sample_tuner_dvbc.c:1929:23: warning: comparison between signed and unsigned integer expressions [-Wsign-compare]
         if(s_s32TPNum < sizeof(s_astTP) / sizeof(HI_UNF_TUNER_SAT_TPINFO_S))
                       ^
device/hisilicon/bigfish/HiSTBSDKV6R2/sample/tuner/sample_tuner_dvbc.c:1893:42: warning: unused parameter 'u32TunerId' [-Wunused-parameter]
 HI_VOID hi_tuner_blindscan_notify(HI_U32 u32TunerId, HI_UNF_TUNER_BLINDSCAN_EVT_E enEVT, HI_UNF_TUNER_BLINDSCAN_NOTIFY_U* punNotify)
                                          ^
device/hisilicon/bigfish/HiSTBSDKV6R2/sample/tuner/sample_tuner_dvbc.c: In function 'tcprcv':
device/hisilicon/bigfish/HiSTBSDKV6R2/sample/tuner/sample_tuner_dvbc.c:2102:21: warning: unused parameter 'arg' [-Wunused-parameter]
 void * tcprcv(void *arg)
                     ^
device/hisilicon/bigfish/HiSTBSDKV6R2/sample/tuner/sample_tuner_dvbc.c: In function 'main':
device/hisilicon/bigfish/HiSTBSDKV6R2/sample/tuner/sample_tuner_dvbc.c:2148:20: warning: unused parameter 'argc' [-Wunused-parameter]
 HI_S32 main(HI_S32 argc, char *argv[])
                    ^
device/hisilicon/bigfish/HiSTBSDKV6R2/sample/tuner/sample_tuner_dvbc.c:2148:32: warning: unused parameter 'argv' [-Wunused-parameter]
 HI_S32 main(HI_S32 argc, char *argv[])
                                ^
