platform/android/external/ppp/pppd/options.c:186:7: warning: missing initializer for field 'addr2' of 'option_t' [-Wmissing-field-initializers]
       "Increase debugging level", OPT_INC | OPT_NOARG | 1 },
       ^
In file included from platform/android/external/ppp/pppd/options.c:71:0:
platform/android/external/ppp/pppd/pppd.h:112:8: note: 'addr2' declared here
  void *addr2;
        ^
platform/android/external/ppp/pppd/options.c:189:7: warning: missing initializer for field 'addr2' of 'option_t' [-Wmissing-field-initializers]
       OPT_ALIAS | OPT_INC | OPT_NOARG | 1 },
       ^
In file included from platform/android/external/ppp/pppd/options.c:71:0:
platform/android/external/ppp/pppd/pppd.h:112:8: note: 'addr2' declared here
  void *addr2;
        ^
platform/android/external/ppp/pppd/options.c:192:7: warning: missing initializer for field 'addr2' of 'option_t' [-Wmissing-field-initializers]
       "Set kernel driver debug level", OPT_PRIO },
       ^
In file included from platform/android/external/ppp/pppd/options.c:71:0:
platform/android/external/ppp/pppd/pppd.h:112:8: note: 'addr2' declared here
  void *addr2;
        ^
platform/android/external/ppp/pppd/options.c:195:7: warning: missing initializer for field 'addr2' of 'option_t' [-Wmissing-field-initializers]
       "Don't detach from controlling tty", OPT_PRIO | 1 },
       ^
In file included from platform/android/external/ppp/pppd/options.c:71:0:
platform/android/external/ppp/pppd/pppd.h:112:8: note: 'addr2' declared here
  void *addr2;
        ^
platform/android/external/ppp/pppd/options.c:197:7: warning: missing initializer for field 'addr2' of 'option_t' [-Wmissing-field-initializers]
       "Don't detach from controlling tty", OPT_ALIAS | OPT_PRIOSUB | 1 },
       ^
In file included from platform/android/external/ppp/pppd/options.c:71:0:
platform/android/external/ppp/pppd/pppd.h:112:8: note: 'addr2' declared here
  void *addr2;
        ^
platform/android/external/ppp/pppd/options.c:200:7: warning: missing initializer for field 'upper_limit' of 'option_t' [-Wmissing-field-initializers]
       OPT_PRIOSUB | OPT_A2CLR | 1, &nodetach },
       ^
In file included from platform/android/external/ppp/pppd/options.c:71:0:
platform/android/external/ppp/pppd/pppd.h:113:6: note: 'upper_limit' declared here
  int upper_limit;
      ^
platform/android/external/ppp/pppd/options.c:204:7: warning: missing initializer for field 'upper_limit' of 'option_t' [-Wmissing-field-initializers]
       OPT_PRIO, &holdoff_specified },
       ^
In file included from platform/android/external/ppp/pppd/options.c:71:0:
platform/android/external/ppp/pppd/pppd.h:113:6: note: 'upper_limit' declared here
  int upper_limit;
      ^
platform/android/external/ppp/pppd/options.c:207:7: warning: missing initializer for field 'addr2' of 'option_t' [-Wmissing-field-initializers]
       "Set time in seconds before disconnecting idle link", OPT_PRIO },
       ^
In file included from platform/android/external/ppp/pppd/options.c:71:0:
platform/android/external/ppp/pppd/pppd.h:112:8: note: 'addr2' declared here
  void *addr2;
        ^
platform/android/external/ppp/pppd/options.c:211:7: warning: missing initializer for field 'addr2' of 'option_t' [-Wmissing-field-initializers]
       OPT_PRIO | OPT_LLIMIT | OPT_NOINCR | OPT_ZEROINF },
       ^
In file included from platform/android/external/ppp/pppd/options.c:71:0:
platform/android/external/ppp/pppd/pppd.h:112:8: note: 'addr2' declared here
  void *addr2;
        ^
platform/android/external/ppp/pppd/options.c:215:7: warning: missing initializer for field 'upper_limit' of 'option_t' [-Wmissing-field-initializers]
       OPT_PRIO | OPT_PRIV | OPT_A2STRVAL, &domain },
       ^
In file included from platform/android/external/ppp/pppd/options.c:71:0:
platform/android/external/ppp/pppd/pppd.h:113:6: note: 'upper_limit' declared here
  int upper_limit;
      ^
platform/android/external/ppp/pppd/options.c:218:7: warning: missing initializer for field 'addr2' of 'option_t' [-Wmissing-field-initializers]
       "Take options from a file", OPT_NOPRINT },
       ^
In file included from platform/android/external/ppp/pppd/options.c:71:0:
platform/android/external/ppp/pppd/pppd.h:112:8: note: 'addr2' declared here
  void *addr2;
        ^
platform/android/external/ppp/pppd/options.c:220:7: warning: missing initializer for field 'addr2' of 'option_t' [-Wmissing-field-initializers]
       "Take options from a privileged file", OPT_NOPRINT },
       ^
In file included from platform/android/external/ppp/pppd/options.c:71:0:
platform/android/external/ppp/pppd/pppd.h:112:8: note: 'addr2' declared here
  void *addr2;
        ^
platform/android/external/ppp/pppd/options.c:223:7: warning: missing initializer for field 'addr2' of 'option_t' [-Wmissing-field-initializers]
       "Keep on reopening connection after close", OPT_PRIO | 1 },
       ^
In file included from platform/android/external/ppp/pppd/options.c:71:0:
platform/android/external/ppp/pppd/pppd.h:112:8: note: 'addr2' declared here
  void *addr2;
        ^
platform/android/external/ppp/pppd/options.c:225:7: warning: missing initializer for field 'addr2' of 'option_t' [-Wmissing-field-initializers]
       "Turn off persist option", OPT_PRIOSUB },
       ^
In file included from platform/android/external/ppp/pppd/options.c:71:0:
platform/android/external/ppp/pppd/pppd.h:112:8: note: 'addr2' declared here
  void *addr2;
        ^
platform/android/external/ppp/pppd/options.c:228:7: warning: missing initializer for field 'upper_limit' of 'option_t' [-Wmissing-field-initializers]
       "Dial on demand", OPT_INITONLY | 1, &persist },
       ^
In file included from platform/android/external/ppp/pppd/options.c:71:0:
platform/android/external/ppp/pppd/pppd.h:113:6: note: 'upper_limit' declared here
  int upper_limit;
      ^
platform/android/external/ppp/pppd/options.c:231:7: warning: missing initializer for field 'flags' of 'option_t' [-Wmissing-field-initializers]
       "Show version number" },
       ^
In file included from platform/android/external/ppp/pppd/options.c:71:0:
platform/android/external/ppp/pppd/pppd.h:111:15: note: 'flags' declared here
  unsigned int flags;
               ^
platform/android/external/ppp/pppd/options.c:233:7: warning: missing initializer for field 'flags' of 'option_t' [-Wmissing-field-initializers]
       "Show brief listing of options" },
       ^
In file included from platform/android/external/ppp/pppd/options.c:71:0:
platform/android/external/ppp/pppd/pppd.h:111:15: note: 'flags' declared here
  unsigned int flags;
               ^
platform/android/external/ppp/pppd/options.c:235:7: warning: missing initializer for field 'addr2' of 'option_t' [-Wmissing-field-initializers]
       "Show brief listing of options", OPT_ALIAS },
       ^
In file included from platform/android/external/ppp/pppd/options.c:71:0:
platform/android/external/ppp/pppd/pppd.h:112:8: note: 'addr2' declared here
  void *addr2;
        ^
platform/android/external/ppp/pppd/options.c:239:7: warning: missing initializer for field 'upper_limit' of 'option_t' [-Wmissing-field-initializers]
       OPT_PRIO | OPT_A2STRVAL | OPT_STATIC, &logfile_name },
       ^
In file included from platform/android/external/ppp/pppd/options.c:71:0:
platform/android/external/ppp/pppd/pppd.h:113:6: note: 'upper_limit' declared here
  int upper_limit;
      ^
platform/android/external/ppp/pppd/options.c:242:7: warning: missing initializer for field 'upper_limit' of 'option_t' [-Wmissing-field-initializers]
       OPT_PRIOSUB | OPT_A2CLR, &log_default },
       ^
In file included from platform/android/external/ppp/pppd/options.c:71:0:
platform/android/external/ppp/pppd/pppd.h:113:6: note: 'upper_limit' declared here
  int upper_limit;
      ^
platform/android/external/ppp/pppd/options.c:245:7: warning: missing initializer for field 'addr2' of 'option_t' [-Wmissing-field-initializers]
       OPT_PRIOSUB | OPT_NOARG | OPT_VAL(-1) },
       ^
In file included from platform/android/external/ppp/pppd/options.c:71:0:
platform/android/external/ppp/pppd/pppd.h:112:8: note: 'addr2' declared here
  void *addr2;
        ^
platform/android/external/ppp/pppd/options.c:248:7: warning: missing initializer for field 'addr2' of 'option_t' [-Wmissing-field-initializers]
       OPT_PRIOSUB | OPT_ALIAS | OPT_NOARG | OPT_VAL(-1) },
       ^
In file included from platform/android/external/ppp/pppd/options.c:71:0:
platform/android/external/ppp/pppd/pppd.h:112:8: note: 'addr2' declared here
  void *addr2;
        ^
platform/android/external/ppp/pppd/options.c:252:7: warning: missing initializer for field 'lower_limit' of 'option_t' [-Wmissing-field-initializers]
       OPT_PRIO | OPT_PRIV | OPT_STATIC, NULL, MAXPATHLEN },
       ^
In file included from platform/android/external/ppp/pppd/options.c:71:0:
platform/android/external/ppp/pppd/pppd.h:114:6: note: 'lower_limit' declared here
  int lower_limit;
      ^
platform/android/external/ppp/pppd/options.c:256:7: warning: missing initializer for field 'addr2' of 'option_t' [-Wmissing-field-initializers]
       OPT_PRIO },
       ^
In file included from platform/android/external/ppp/pppd/options.c:71:0:
platform/android/external/ppp/pppd/pppd.h:112:8: note: 'addr2' declared here
  void *addr2;
        ^
platform/android/external/ppp/pppd/options.c:259:7: warning: missing initializer for field 'addr2' of 'option_t' [-Wmissing-field-initializers]
       "Alter kernel settings as necessary", OPT_PRIO | 1 },
       ^
In file included from platform/android/external/ppp/pppd/options.c:71:0:
platform/android/external/ppp/pppd/pppd.h:112:8: note: 'addr2' declared here
  void *addr2;
        ^
platform/android/external/ppp/pppd/options.c:261:7: warning: missing initializer for field 'addr2' of 'option_t' [-Wmissing-field-initializers]
       "Don't alter kernel settings", OPT_PRIOSUB },
       ^
In file included from platform/android/external/ppp/pppd/options.c:71:0:
platform/android/external/ppp/pppd/pppd.h:112:8: note: 'addr2' declared here
  void *addr2;
        ^
platform/android/external/ppp/pppd/options.c:265:7: warning: missing initializer for field 'addr2' of 'option_t' [-Wmissing-field-initializers]
       OPT_PRIO },
       ^
In file included from platform/android/external/ppp/pppd/options.c:71:0:
platform/android/external/ppp/pppd/pppd.h:112:8: note: 'addr2' declared here
  void *addr2;
        ^
platform/android/external/ppp/pppd/options.c:269:7: warning: missing initializer for field 'lower_limit' of 'option_t' [-Wmissing-field-initializers]
       OPT_PRIO | OPT_LLIMIT, 0, 0 },
       ^
In file included from platform/android/external/ppp/pppd/options.c:71:0:
platform/android/external/ppp/pppd/pppd.h:114:6: note: 'lower_limit' declared here
  int lower_limit;
      ^
platform/android/external/ppp/pppd/options.c:272:7: warning: missing initializer for field 'addr2' of 'option_t' [-Wmissing-field-initializers]
       "Print out option values after parsing all options", 1 },
       ^
In file included from platform/android/external/ppp/pppd/options.c:71:0:
platform/android/external/ppp/pppd/pppd.h:112:8: note: 'addr2' declared here
  void *addr2;
        ^
platform/android/external/ppp/pppd/options.c:274:7: warning: missing initializer for field 'addr2' of 'option_t' [-Wmissing-field-initializers]
       "Stop after parsing, printing, and checking options", 1 },
       ^
In file included from platform/android/external/ppp/pppd/options.c:71:0:
platform/android/external/ppp/pppd/pppd.h:112:8: note: 'addr2' declared here
  void *addr2;
        ^
platform/android/external/ppp/pppd/options.c:278:7: warning: missing initializer for field 'addr2' of 'option_t' [-Wmissing-field-initializers]
       OPT_PRIO },
       ^
In file included from platform/android/external/ppp/pppd/options.c:71:0:
platform/android/external/ppp/pppd/pppd.h:112:8: note: 'addr2' declared here
  void *addr2;
        ^
platform/android/external/ppp/pppd/options.c: In function 'showhelp':
platform/android/external/ppp/pppd/options.c:1023:12: warning: unused parameter 'argv' [-Wunused-parameter]
     char **argv;
            ^
platform/android/external/ppp/pppd/options.c: In function 'showversion':
platform/android/external/ppp/pppd/options.c:1037:12: warning: unused parameter 'argv' [-Wunused-parameter]
     char **argv;
            ^
