device/hisilicon/bigfish/external/dhcp/common/parse.c: In function 'find_enumeration':
device/hisilicon/bigfish/external/dhcp/common/parse.c:48:26: warning: comparison between signed and unsigned integer expressions [-Wsign-compare]
   if (strlen (e -> name) == length &&
                          ^
device/hisilicon/bigfish/external/dhcp/common/parse.c: In function 'parse_ip6_addr':
device/hisilicon/bigfish/external/dhcp/common/parse.c:396:27: warning: comparison between signed and unsigned integer expressions [-Wsign-compare]
    if ((v6_len + val_len) >= sizeof(v6)) {
                           ^
device/hisilicon/bigfish/external/dhcp/common/parse.c: In function 'parse_ip_addr_with_subnet':
device/hisilicon/bigfish/external/dhcp/common/parse.c:514:18: warning: comparison between signed and unsigned integer expressions [-Wsign-compare]
        prefixlen > (match->addr.len * 8)) {
                  ^
device/hisilicon/bigfish/external/dhcp/common/parse.c:534:13: warning: comparison between signed and unsigned integer expressions [-Wsign-compare]
   if (fflen < match->mask.len) {
             ^
device/hisilicon/bigfish/external/dhcp/common/parse.c:551:21: warning: comparison between signed and unsigned integer expressions [-Wsign-compare]
    } while (++fflen < match->mask.len);
                     ^
device/hisilicon/bigfish/external/dhcp/common/parse.c: In function 'parse_numeric_aggregate':
device/hisilicon/bigfish/external/dhcp/common/parse.c:722:14: warning: comparison between signed and unsigned integer expressions [-Wsign-compare]
    if (token != separator) {
              ^
device/hisilicon/bigfish/external/dhcp/common/parse.c: In function 'convert_num':
device/hisilicon/bigfish/external/dhcp/common/parse.c:862:10: warning: comparison between signed and unsigned integer expressions [-Wsign-compare]
  if (val > max) {
          ^
device/hisilicon/bigfish/external/dhcp/common/parse.c: In function 'parse_option_code_definition':
device/hisilicon/bigfish/external/dhcp/common/parse.c:1760:14: warning: comparison between signed and unsigned integer expressions [-Wsign-compare]
   if (arrayp > recordp) {
              ^
device/hisilicon/bigfish/external/dhcp/common/parse.c:1810:24: warning: comparison between signed and unsigned integer expressions [-Wsign-compare]
   s[tokix++] = (arrayp > recordp) ? 'a' : 'A';
                        ^
device/hisilicon/bigfish/external/dhcp/common/parse.c: In function 'parse_warn':
device/hisilicon/bigfish/external/dhcp/common/parse.c:5582:36: warning: comparison between signed and unsigned integer expressions [-Wsign-compare]
       cfile -> token_line [i] && i < (cfile -> lexchar - 1); i++) {
                                    ^
