In file included from platform/android/frameworks/wilhelm/src/sles_allinclusive.h:96:0,
                 from platform/android/frameworks/wilhelm/src/android/OutputMix_to_android.cpp:17:
platform/android/frameworks/wilhelm/src/android/android_sles_conversions.h:98:36: warning: unused parameter 'channelMask' [-Wunused-parameter]
 static inline audio_channel_mask_t sles_to_android_channelMaskIn(SLuint32 nbChannels,
                                    ^
platform/android/frameworks/wilhelm/src/android/android_sles_conversions.h:105:36: warning: unused parameter 'channelMask' [-Wunused-parameter]
 static inline audio_channel_mask_t sles_to_android_channelMaskOut(SLuint32 nbChannels,
                                    ^
In file included from platform/android/frameworks/wilhelm/src/classes.h:20:0,
                 from platform/android/frameworks/wilhelm/src/sles_allinclusive.h:283,
                 from platform/android/frameworks/wilhelm/src/android/OutputMix_to_android.cpp:17:
platform/android/frameworks/wilhelm/src/android/android_GenericPlayer.h:81:18: warning: unused parameter 'bufferProducer' [-Wunused-parameter]
     virtual void setVideoSurfaceTexture(const sp<IGraphicBufferProducer> &bufferProducer) {}
                  ^
platform/android/frameworks/wilhelm/src/android/OutputMix_to_android.cpp:23:10: warning: unused parameter 'om' [-Wunused-parameter]
 SLresult android_outputMix_create(COutputMix *om) {
          ^
platform/android/frameworks/wilhelm/src/android/OutputMix_to_android.cpp:29:10: warning: unused parameter 'async' [-Wunused-parameter]
 SLresult android_outputMix_realize(COutputMix *om, SLboolean async) {
          ^
platform/android/frameworks/wilhelm/src/android/OutputMix_to_android.cpp:66:10: warning: unused parameter 'om' [-Wunused-parameter]
 SLresult android_outputMix_destroy(COutputMix *om) {
          ^
