In file included from platform/android/external/harfbuzz_ng/src/hb-ot-shape-complex-arabic.cc:199:0:
platform/android/external/harfbuzz_ng/src/hb-ot-shape-complex-arabic-fallback.hh:205:65: warning: missing initializer for member 'arabic_fallback_plan_t::mask_array' [-Wmissing-field-initializers]
 static const arabic_fallback_plan_t arabic_fallback_plan_nil = {};
                                                                 ^
platform/android/external/harfbuzz_ng/src/hb-ot-shape-complex-arabic-fallback.hh:205:65: warning: missing initializer for member 'arabic_fallback_plan_t::lookup_array' [-Wmissing-field-initializers]
platform/android/external/harfbuzz_ng/src/hb-ot-shape-complex-arabic-fallback.hh:205:65: warning: missing initializer for member 'arabic_fallback_plan_t::accel_array' [-Wmissing-field-initializers]
In file included from platform/android/external/harfbuzz_ng/src/hb-ot-layout-common-private.hh:33:0,
                 from platform/android/external/harfbuzz_ng/src/hb-ot-layout-gdef-table.hh:32,
                 from platform/android/external/harfbuzz_ng/src/hb-ot-layout-gsubgpos-private.hh:33,
                 from platform/android/external/harfbuzz_ng/src/hb-ot-layout-gsub-table.hh:32,
                 from platform/android/external/harfbuzz_ng/src/hb-ot-shape-complex-arabic-fallback.hh:33,
                 from platform/android/external/harfbuzz_ng/src/hb-ot-shape-complex-arabic.cc:199:
platform/android/external/harfbuzz_ng/src/hb-open-type-private.hh: In function 'OT::SubstLookup* _ZL40arabic_fallback_synthesize_lookup_singlePK18hb_ot_shape_plan_tP9hb_font_tj.isra.34(hb_font_t*, unsigned int)':
platform/android/external/harfbuzz_ng/src/hb-open-type-private.hh:536:48: warning: 'delta' may be used uninitialized in this function [-Wmaybe-uninitialized]
   inline void set (Type i) { hb_be_uint16_put (v,i); }
                                                ^
In file included from platform/android/external/harfbuzz_ng/src/hb-ot-shape-complex-arabic-fallback.hh:33:0,
                 from platform/android/external/harfbuzz_ng/src/hb-ot-shape-complex-arabic.cc:199:
platform/android/external/harfbuzz_ng/src/hb-ot-layout-gsub-table.hh:203:9: note: 'delta' was declared here
     int delta;
         ^
