platform/android/external/neven/Embedded/common/src/b_TensorEm/Cluster3D.c: In function 'bts_Cluster3D_init':
platform/android/external/neven/Embedded/common/src/b_TensorEm/Cluster3D.c:42:46: warning: unused parameter 'cpA' [-Wunused-parameter]
 void bts_Cluster3D_init( struct bbs_Context* cpA,
                                              ^
platform/android/external/neven/Embedded/common/src/b_TensorEm/Cluster3D.c: In function 'bts_Cluster3D_copy':
platform/android/external/neven/Embedded/common/src/b_TensorEm/Cluster3D.c:75:46: warning: unused parameter 'cpA' [-Wunused-parameter]
 void bts_Cluster3D_copy( struct bbs_Context* cpA,
                                              ^
platform/android/external/neven/Embedded/common/src/b_TensorEm/Cluster3D.c: In function 'bts_Cluster3D_equal':
platform/android/external/neven/Embedded/common/src/b_TensorEm/Cluster3D.c:95:47: warning: unused parameter 'cpA' [-Wunused-parameter]
 flag bts_Cluster3D_equal( struct bbs_Context* cpA,
                                               ^
platform/android/external/neven/Embedded/common/src/b_TensorEm/Cluster3D.c: In function 'bts_Cluster3D_center':
platform/android/external/neven/Embedded/common/src/b_TensorEm/Cluster3D.c:128:65: warning: unused parameter 'cpA' [-Wunused-parameter]
 struct bts_Flt16Vec3D bts_Cluster3D_center( struct bbs_Context* cpA,
                                                                 ^
platform/android/external/neven/Embedded/common/src/b_TensorEm/Cluster3D.c: In function 'bts_Cluster3D_boundingBox':
platform/android/external/neven/Embedded/common/src/b_TensorEm/Cluster3D.c:156:69: warning: unused parameter 'cpA' [-Wunused-parameter]
 struct bts_Int16Rect bts_Cluster3D_boundingBox( struct bbs_Context* cpA,
                                                                     ^
platform/android/external/neven/Embedded/common/src/b_TensorEm/Cluster3D.c: In function 'bts_Cluster3D_int32X':
platform/android/external/neven/Embedded/common/src/b_TensorEm/Cluster3D.c:182:49: warning: unused parameter 'cpA' [-Wunused-parameter]
 int32 bts_Cluster3D_int32X( struct bbs_Context* cpA,
                                                 ^
platform/android/external/neven/Embedded/common/src/b_TensorEm/Cluster3D.c: In function 'bts_Cluster3D_int32Y':
platform/android/external/neven/Embedded/common/src/b_TensorEm/Cluster3D.c:209:49: warning: unused parameter 'cpA' [-Wunused-parameter]
 int32 bts_Cluster3D_int32Y( struct bbs_Context* cpA,
                                                 ^
platform/android/external/neven/Embedded/common/src/b_TensorEm/Cluster3D.c: In function 'bts_Cluster3D_int32Z':
platform/android/external/neven/Embedded/common/src/b_TensorEm/Cluster3D.c:237:49: warning: unused parameter 'cpA' [-Wunused-parameter]
 int32 bts_Cluster3D_int32Z( struct bbs_Context* cpA,
                                                 ^
platform/android/external/neven/Embedded/common/src/b_TensorEm/Cluster3D.c: In function 'bts_Cluster3D_transform':
platform/android/external/neven/Embedded/common/src/b_TensorEm/Cluster3D.c:321:51: warning: unused parameter 'cpA' [-Wunused-parameter]
 void bts_Cluster3D_transform( struct bbs_Context* cpA,
                                                   ^
platform/android/external/neven/Embedded/common/src/b_TensorEm/Cluster3D.c: In function 'bts_Cluster3D_memSize':
platform/android/external/neven/Embedded/common/src/b_TensorEm/Cluster3D.c:396:51: warning: unused parameter 'cpA' [-Wunused-parameter]
 uint32 bts_Cluster3D_memSize( struct bbs_Context* cpA,
                                                   ^
