In file included from device/hisilicon/bigfish/HiSTBSDKV6R2/source/msp/api/omx/omx_venc/omx_venc.c:27:0:
device/hisilicon/bigfish/hardware/gpu/utgard/android/gralloc/gralloc_priv.h:133:3: warning: declaration does not declare anything [enabled by default]
  };
   ^
device/hisilicon/bigfish/hardware/gpu/utgard/android/gralloc/gralloc_priv.h:155:3: warning: declaration does not declare anything [enabled by default]
  };
   ^
device/hisilicon/bigfish/hardware/gpu/utgard/android/gralloc/gralloc_priv.h:163:3: warning: declaration does not declare anything [enabled by default]
  };
   ^
device/hisilicon/bigfish/HiSTBSDKV6R2/source/msp/api/omx/omx_venc/omx_venc.c: In function 'conver_format_forMetaData':
device/hisilicon/bigfish/HiSTBSDKV6R2/source/msp/api/omx/omx_venc/omx_venc.c:653:13: warning: format '%x' expects a matching 'unsigned int' argument [-Wformat=]
             DEBUG_PRINT_ERROR("the MetaData format(0x%x) can't found!! use the format = HAL_PIXEL_FORMAT_RGBA_8888!");
             ^
device/hisilicon/bigfish/HiSTBSDKV6R2/source/msp/api/omx/omx_venc/omx_venc.c: In function 'omxvenc_extractGrallocData':
device/hisilicon/bigfish/HiSTBSDKV6R2/source/msp/api/omx/omx_venc/omx_venc.c:678:5: warning: missing braces around initializer [-Wmissing-braces]
     HI_MMZ_BUF_S stBuf = {0};
     ^
device/hisilicon/bigfish/HiSTBSDKV6R2/source/msp/api/omx/omx_venc/omx_venc.c:678:5: warning: (near initialization for 'stBuf.bufname') [-Wmissing-braces]
device/hisilicon/bigfish/HiSTBSDKV6R2/source/msp/api/omx/omx_venc/omx_venc.c:678:5: warning: missing initializer for field 'phyaddr' of 'HI_MMZ_BUF_S' [-Wmissing-field-initializers]
In file included from device/hisilicon/bigfish/HiSTBSDKV6R2/source/msp/include/hi_unf_common.h:28:0,
                 from device/hisilicon/bigfish/HiSTBSDKV6R2/source/msp/include/hi_unf_venc.h:25,
                 from device/hisilicon/bigfish/HiSTBSDKV6R2/source/msp/api/omx/omx_venc/../../../drv/include/hi_drv_venc.h:21,
                 from device/hisilicon/bigfish/HiSTBSDKV6R2/source/msp/api/omx/omx_venc/omx_venc.h:16,
                 from device/hisilicon/bigfish/HiSTBSDKV6R2/source/msp/api/omx/omx_venc/omx_venc.c:21:
device/hisilicon/bigfish/HiSTBSDKV6R2/source/common/include/hi_common.h:143:13: note: 'phyaddr' declared here
     HI_U32  phyaddr;                /**<Physical address of an MMZ buffer*/ /**<CNcomment:  MMZ bufferÎïÀíµØÖ· */
             ^
device/hisilicon/bigfish/HiSTBSDKV6R2/source/msp/api/omx/omx_venc/omx_venc.c:713:44: warning: comparison between signed and unsigned integer expressions [-Wsign-compare]
         if (p_private_handle->ion_phy_addr == -1)   /*the rgb buffer not continuous*/
                                            ^
device/hisilicon/bigfish/HiSTBSDKV6R2/source/msp/api/omx/omx_venc/omx_venc.c:729:13: warning: large integer implicitly truncated to unsigned type [-Woverflow]
             return OMX_ErrorUndefined;
             ^
device/hisilicon/bigfish/HiSTBSDKV6R2/source/msp/api/omx/omx_venc/omx_venc.c:739:13: warning: format '%ld' expects argument of type 'long int', but argument 5 has type 'HI_S32' [-Wformat=]
             DEBUG_PRINT_ERROR("%s:ERROR: HI_MMZ_Malloc Failed!! Ret:%ld\n", __func__, s32Ret);
             ^
device/hisilicon/bigfish/HiSTBSDKV6R2/source/msp/api/omx/omx_venc/omx_venc.c:759:69: warning: comparison between signed and unsigned integer expressions [-Wsign-compare]
         stForeGround.u32PhyAddr   = (p_private_handle->ion_phy_addr != -1)?
                                                                     ^
device/hisilicon/bigfish/HiSTBSDKV6R2/source/msp/api/omx/omx_venc/omx_venc.c:789:13: warning: format '%d' expects a matching 'int' argument [-Wformat=]
             DEBUG_PRINT_ERROR("%s,TDE failed to get Handle(ret = 0x%x)%d\n", __func__, pcom_priv->hTDE);
             ^
device/hisilicon/bigfish/HiSTBSDKV6R2/source/msp/api/omx/omx_venc/omx_venc.c:790:13: warning: large integer implicitly truncated to unsigned type [-Woverflow]
             return OMX_ErrorHardware;
             ^
device/hisilicon/bigfish/HiSTBSDKV6R2/source/msp/api/omx/omx_venc/omx_venc.c: In function 'use_android_native_buffer_internal':
device/hisilicon/bigfish/HiSTBSDKV6R2/source/msp/api/omx/omx_venc/omx_venc.c:1105:33: warning: comparison between 'enum venc_port_dir' and 'enum <anonymous>' [-Wenum-compare]
     if (pvenc_buf->user_buf.dir == INPUT_PORT_INDEX)
                                 ^
device/hisilicon/bigfish/HiSTBSDKV6R2/source/msp/api/omx/omx_venc/omx_venc.c: In function 'OMX_Convert_PIX_Format_StoreType':
device/hisilicon/bigfish/HiSTBSDKV6R2/source/msp/api/omx/omx_venc/omx_venc.c:1721:86: warning: unused parameter 'flag' [-Wunused-parameter]
 static OMX_U32 OMX_Convert_PIX_Format_StoreType(OMX_COLOR_FORMATTYPE Format, OMX_U32 flag)
                                                                                      ^
device/hisilicon/bigfish/HiSTBSDKV6R2/source/msp/api/omx/omx_venc/omx_venc.c: In function 'OMX_Convert_PIX_Format_SampleType':
device/hisilicon/bigfish/HiSTBSDKV6R2/source/msp/api/omx/omx_venc/omx_venc.c:1771:87: warning: unused parameter 'flag' [-Wunused-parameter]
 static OMX_U32 OMX_Convert_PIX_Format_SampleType(OMX_COLOR_FORMATTYPE Format, OMX_U32 flag)
                                                                                       ^
device/hisilicon/bigfish/HiSTBSDKV6R2/source/msp/api/omx/omx_venc/omx_venc.c: In function 'OMX_Convert_PIX_Format_PackageSel':
device/hisilicon/bigfish/HiSTBSDKV6R2/source/msp/api/omx/omx_venc/omx_venc.c:1821:87: warning: unused parameter 'flag' [-Wunused-parameter]
 static OMX_U32 OMX_Convert_PIX_Format_PackageSel(OMX_COLOR_FORMATTYPE Format, OMX_U32 flag)
                                                                                       ^
device/hisilicon/bigfish/HiSTBSDKV6R2/source/msp/api/omx/omx_venc/omx_venc.c: In function 'empty_this_buffer_proxy':
device/hisilicon/bigfish/HiSTBSDKV6R2/source/msp/api/omx/omx_venc/omx_venc.c:2056:41: warning: comparison between 'OMX_BOOL' and 'enum <anonymous>' [-Wenum-compare]
     if (pcom_priv->m_store_metadata_buf == HI_TRUE)
                                         ^
device/hisilicon/bigfish/HiSTBSDKV6R2/source/msp/api/omx/omx_venc/omx_venc.c: In function 'handle_command_state_set_loaded':
device/hisilicon/bigfish/HiSTBSDKV6R2/source/msp/api/omx/omx_venc/omx_venc.c:2485:35: warning: unused parameter 'sem_posted' [-Wunused-parameter]
     OMX_STATETYPE state, OMX_U32 *sem_posted, OMX_U32 *pflag)
                                   ^
device/hisilicon/bigfish/HiSTBSDKV6R2/source/msp/api/omx/omx_venc/omx_venc.c: In function 'handle_command_state_set_idle':
device/hisilicon/bigfish/HiSTBSDKV6R2/source/msp/api/omx/omx_venc/omx_venc.c:2574:35: warning: unused parameter 'sem_posted' [-Wunused-parameter]
     OMX_STATETYPE state, OMX_U32 *sem_posted, OMX_U32 *pflag)
                                   ^
device/hisilicon/bigfish/HiSTBSDKV6R2/source/msp/api/omx/omx_venc/omx_venc.c: In function 'handle_command_state_set_executing':
device/hisilicon/bigfish/HiSTBSDKV6R2/source/msp/api/omx/omx_venc/omx_venc.c:2679:35: warning: unused parameter 'sem_posted' [-Wunused-parameter]
     OMX_STATETYPE state, OMX_U32 *sem_posted, OMX_U32 *pflag)
                                   ^
device/hisilicon/bigfish/HiSTBSDKV6R2/source/msp/api/omx/omx_venc/omx_venc.c: In function 'handle_command_state_set_resources':
device/hisilicon/bigfish/HiSTBSDKV6R2/source/msp/api/omx/omx_venc/omx_venc.c:2817:35: warning: unused parameter 'sem_posted' [-Wunused-parameter]
     OMX_STATETYPE state, OMX_U32 *sem_posted)
                                   ^
device/hisilicon/bigfish/HiSTBSDKV6R2/source/msp/api/omx/omx_venc/omx_venc.c: In function 'handle_command_flush':
device/hisilicon/bigfish/HiSTBSDKV6R2/source/msp/api/omx/omx_venc/omx_venc.c:2921:28: warning: unused parameter 'sem_posted' [-Wunused-parameter]
     OMX_U32 port, OMX_U32* sem_posted)
                            ^
device/hisilicon/bigfish/HiSTBSDKV6R2/source/msp/api/omx/omx_venc/omx_venc.c: In function 'handle_command_port_enable':
device/hisilicon/bigfish/HiSTBSDKV6R2/source/msp/api/omx/omx_venc/omx_venc.c:3062:28: warning: unused parameter 'sem_posted' [-Wunused-parameter]
     OMX_U32 port, OMX_U32* sem_posted)
                            ^
device/hisilicon/bigfish/HiSTBSDKV6R2/source/msp/api/omx/omx_venc/omx_venc.c: In function 'send_command_proxy':
device/hisilicon/bigfish/HiSTBSDKV6R2/source/msp/api/omx/omx_venc/omx_venc.c:3140:43: warning: unused parameter 'cmd_data' [-Wunused-parameter]
     OMX_IN OMX_U32 param1, OMX_IN OMX_PTR cmd_data)
                                           ^
device/hisilicon/bigfish/HiSTBSDKV6R2/source/msp/api/omx/omx_venc/omx_venc.c: In function 'event_process_case_ebd':
device/hisilicon/bigfish/HiSTBSDKV6R2/source/msp/api/omx/omx_venc/omx_venc.c:3249:78: warning: unused parameter 'id' [-Wunused-parameter]
 static void event_process_case_ebd(OMX_COMPONENT_PRIVATE *pcom_priv, OMX_U32 id, OMX_U32 p1, OMX_U32 p2)
                                                                              ^
device/hisilicon/bigfish/HiSTBSDKV6R2/source/msp/api/omx/omx_venc/omx_venc.c: In function 'event_process_case_fbd':
device/hisilicon/bigfish/HiSTBSDKV6R2/source/msp/api/omx/omx_venc/omx_venc.c:3269:78: warning: unused parameter 'id' [-Wunused-parameter]
 static void event_process_case_fbd(OMX_COMPONENT_PRIVATE *pcom_priv, OMX_U32 id, OMX_U32 p1, OMX_U32 p2)
                                                                              ^
device/hisilicon/bigfish/HiSTBSDKV6R2/source/msp/api/omx/omx_venc/omx_venc.c: In function 'event_process_case_flush_input_done':
device/hisilicon/bigfish/HiSTBSDKV6R2/source/msp/api/omx/omx_venc/omx_venc.c:3289:91: warning: unused parameter 'id' [-Wunused-parameter]
 static void event_process_case_flush_input_done(OMX_COMPONENT_PRIVATE *pcom_priv, OMX_U32 id, OMX_U32 p2)
                                                                                           ^
device/hisilicon/bigfish/HiSTBSDKV6R2/source/msp/api/omx/omx_venc/omx_venc.c: In function 'event_process_case_flush_output_done':
device/hisilicon/bigfish/HiSTBSDKV6R2/source/msp/api/omx/omx_venc/omx_venc.c:3326:92: warning: unused parameter 'id' [-Wunused-parameter]
 static void event_process_case_flush_output_done(OMX_COMPONENT_PRIVATE *pcom_priv, OMX_U32 id, OMX_U32 p2)
                                                                                            ^
device/hisilicon/bigfish/HiSTBSDKV6R2/source/msp/api/omx/omx_venc/omx_venc.c: In function 'event_process_case_start_done':
device/hisilicon/bigfish/HiSTBSDKV6R2/source/msp/api/omx/omx_venc/omx_venc.c:3360:85: warning: unused parameter 'id' [-Wunused-parameter]
 static void event_process_case_start_done(OMX_COMPONENT_PRIVATE *pcom_priv, OMX_U32 id, OMX_U32 p2)
                                                                                     ^
device/hisilicon/bigfish/HiSTBSDKV6R2/source/msp/api/omx/omx_venc/omx_venc.c: In function 'event_process_case_pause_done':
device/hisilicon/bigfish/HiSTBSDKV6R2/source/msp/api/omx/omx_venc/omx_venc.c:3388:85: warning: unused parameter 'id' [-Wunused-parameter]
 static void event_process_case_pause_done(OMX_COMPONENT_PRIVATE *pcom_priv, OMX_U32 id, OMX_U32 p2)
                                                                                     ^
device/hisilicon/bigfish/HiSTBSDKV6R2/source/msp/api/omx/omx_venc/omx_venc.c: In function 'event_process_case_resume_done':
device/hisilicon/bigfish/HiSTBSDKV6R2/source/msp/api/omx/omx_venc/omx_venc.c:3409:86: warning: unused parameter 'id' [-Wunused-parameter]
 static void event_process_case_resume_done(OMX_COMPONENT_PRIVATE *pcom_priv, OMX_U32 id, OMX_U32 p2)
                                                                                      ^
device/hisilicon/bigfish/HiSTBSDKV6R2/source/msp/api/omx/omx_venc/omx_venc.c: In function 'event_process_case_stop_done':
device/hisilicon/bigfish/HiSTBSDKV6R2/source/msp/api/omx/omx_venc/omx_venc.c:3429:84: warning: unused parameter 'id' [-Wunused-parameter]
 static void event_process_case_stop_done(OMX_COMPONENT_PRIVATE *pcom_priv, OMX_U32 id, OMX_U32 p2)
                                                                                    ^
device/hisilicon/bigfish/HiSTBSDKV6R2/source/msp/api/omx/omx_venc/omx_venc.c: In function 'event_process':
device/hisilicon/bigfish/HiSTBSDKV6R2/source/msp/api/omx/omx_venc/omx_venc.c:3460:62: warning: comparison between signed and unsigned integer expressions [-Wsign-compare]
     if(event_process_get_event_para(pcom_priv, id, &p1, &p2) == HI_FAILURE)
                                                              ^
device/hisilicon/bigfish/HiSTBSDKV6R2/source/msp/api/omx/omx_venc/omx_venc.c: In function 'send_command':
device/hisilicon/bigfish/HiSTBSDKV6R2/source/msp/api/omx/omx_venc/omx_venc.c:3755:20: warning: unused parameter 'cmd_data' [-Wunused-parameter]
     OMX_IN OMX_PTR cmd_data)
                    ^
device/hisilicon/bigfish/HiSTBSDKV6R2/source/msp/api/omx/omx_venc/omx_venc.c: In function 'get_parameter_VideoPortFormat':
device/hisilicon/bigfish/HiSTBSDKV6R2/source/msp/api/omx/omx_venc/omx_venc.c:3864:105: warning: unused parameter 'pcomp_priv' [-Wunused-parameter]
 static OMX_ERRORTYPE get_parameter_VideoPortFormat(OMX_INOUT OMX_PTR param_data, OMX_COMPONENT_PRIVATE *pcomp_priv)
                                                                                                         ^
device/hisilicon/bigfish/HiSTBSDKV6R2/source/msp/api/omx/omx_venc/omx_venc.c: In function 'get_parameter':
device/hisilicon/bigfish/HiSTBSDKV6R2/source/msp/api/omx/omx_venc/omx_venc.c:4142:9: warning: case value '2130706444' not in enumerated type 'OMX_INDEXTYPE' [-Wswitch]
         case OMX_GoogleIndexPrependSPSPPSToIDRFrames:
         ^
device/hisilicon/bigfish/HiSTBSDKV6R2/source/msp/api/omx/omx_venc/omx_venc.c:4112:9: warning: case value '2130706445' not in enumerated type 'OMX_INDEXTYPE' [-Wswitch]
         case OMX_HisiIndexGetParameterSet:
         ^
device/hisilicon/bigfish/HiSTBSDKV6R2/source/msp/api/omx/omx_venc/omx_venc.c:4131:9: warning: case value '2130706446' not in enumerated type 'OMX_INDEXTYPE' [-Wswitch]
         case OMX_HisiIndexAutoRequestIFrm:
         ^
device/hisilicon/bigfish/HiSTBSDKV6R2/source/msp/api/omx/omx_venc/omx_venc.c: In function 'set_parameter':
device/hisilicon/bigfish/HiSTBSDKV6R2/source/msp/api/omx/omx_venc/omx_venc.c:4566:9: warning: case value '2130706434' not in enumerated type 'OMX_INDEXTYPE' [-Wswitch]
         case OMX_GoogleIndexEnableAndroidNativeBuffers:
         ^
device/hisilicon/bigfish/HiSTBSDKV6R2/source/msp/api/omx/omx_venc/omx_venc.c:4585:9: warning: case value '2130706443' not in enumerated type 'OMX_INDEXTYPE' [-Wswitch]
         case OMX_GoogleIndexStoreMetaDataInBuffers:
         ^
device/hisilicon/bigfish/HiSTBSDKV6R2/source/msp/api/omx/omx_venc/omx_venc.c:4604:9: warning: case value '2130706444' not in enumerated type 'OMX_INDEXTYPE' [-Wswitch]
         case OMX_GoogleIndexPrependSPSPPSToIDRFrames:
         ^
device/hisilicon/bigfish/HiSTBSDKV6R2/source/msp/api/omx/omx_venc/omx_venc.c:4625:9: warning: case value '2130706446' not in enumerated type 'OMX_INDEXTYPE' [-Wswitch]
         case OMX_HisiIndexAutoRequestIFrm:
         ^
device/hisilicon/bigfish/HiSTBSDKV6R2/source/msp/api/omx/omx_venc/omx_venc.c: In function 'component_tunnel_request':
device/hisilicon/bigfish/HiSTBSDKV6R2/source/msp/api/omx/omx_venc/omx_venc.c:5035:27: warning: unused parameter 'phandle' [-Wunused-parameter]
     OMX_IN OMX_HANDLETYPE phandle,
                           ^
device/hisilicon/bigfish/HiSTBSDKV6R2/source/msp/api/omx/omx_venc/omx_venc.c:5036:20: warning: unused parameter 'port' [-Wunused-parameter]
     OMX_IN OMX_U32 port,
                    ^
device/hisilicon/bigfish/HiSTBSDKV6R2/source/msp/api/omx/omx_venc/omx_venc.c:5037:27: warning: unused parameter 'peerComponent' [-Wunused-parameter]
     OMX_IN OMX_HANDLETYPE peerComponent,
                           ^
device/hisilicon/bigfish/HiSTBSDKV6R2/source/msp/api/omx/omx_venc/omx_venc.c:5038:20: warning: unused parameter 'peerPort' [-Wunused-parameter]
     OMX_IN OMX_U32 peerPort,
                    ^
device/hisilicon/bigfish/HiSTBSDKV6R2/source/msp/api/omx/omx_venc/omx_venc.c:5039:36: warning: unused parameter 'tunnelSetup' [-Wunused-parameter]
     OMX_INOUT OMX_TUNNELSETUPTYPE* tunnelSetup)
                                    ^
