In file included from device/hisilicon/bigfish/HiSTBSDKV6R2/source/msp/api/demux/demux_v2/unf_demux.c:13:0:
device/hisilicon/bigfish/HiSTBSDKV6R2/source/common/include/hi_type.h:44:23: warning: ISO C90 does not support 'long long' [-Wlong-long]
 typedef unsigned long long      HI_U64;
                       ^
device/hisilicon/bigfish/HiSTBSDKV6R2/source/common/include/hi_type.h:45:14: warning: ISO C90 does not support 'long long' [-Wlong-long]
 typedef long long               HI_S64;
              ^
device/hisilicon/bigfish/HiSTBSDKV6R2/source/msp/api/demux/demux_v2/unf_demux.c: In function 'HI_UNF_DMX_CreateChannelWithPID':
device/hisilicon/bigfish/HiSTBSDKV6R2/source/msp/api/demux/demux_v2/unf_demux.c:170:47: warning: unused parameter 'u32DmxId' [-Wunused-parameter]
 HI_S32 HI_UNF_DMX_CreateChannelWithPID(HI_U32 u32DmxId, HI_U32 u32Pid, const HI_UNF_DMX_CHAN_ATTR_S *pstChAttr, HI_HANDLE *phChannel)
                                               ^
device/hisilicon/bigfish/HiSTBSDKV6R2/source/msp/api/demux/demux_v2/unf_demux.c:170:64: warning: unused parameter 'u32Pid' [-Wunused-parameter]
 HI_S32 HI_UNF_DMX_CreateChannelWithPID(HI_U32 u32DmxId, HI_U32 u32Pid, const HI_UNF_DMX_CHAN_ATTR_S *pstChAttr, HI_HANDLE *phChannel)
                                                                ^
device/hisilicon/bigfish/HiSTBSDKV6R2/source/msp/api/demux/demux_v2/unf_demux.c:170:102: warning: unused parameter 'pstChAttr' [-Wunused-parameter]
 HI_S32 HI_UNF_DMX_CreateChannelWithPID(HI_U32 u32DmxId, HI_U32 u32Pid, const HI_UNF_DMX_CHAN_ATTR_S *pstChAttr, HI_HANDLE *phChannel)
                                                                                                      ^
device/hisilicon/bigfish/HiSTBSDKV6R2/source/msp/api/demux/demux_v2/unf_demux.c:170:124: warning: unused parameter 'phChannel' [-Wunused-parameter]
 HI_S32 HI_UNF_DMX_CreateChannelWithPID(HI_U32 u32DmxId, HI_U32 u32Pid, const HI_UNF_DMX_CHAN_ATTR_S *pstChAttr, HI_HANDLE *phChannel)
                                                                                                                            ^
