In file included from platform/android/frameworks/wilhelm/src/sles_allinclusive.h:96:0,
                 from platform/android/frameworks/wilhelm/src/itf/IDynamicInterfaceManagement.c:19:
platform/android/frameworks/wilhelm/src/android/android_sles_conversions.h:98:36: warning: unused parameter 'channelMask' [-Wunused-parameter]
 static inline audio_channel_mask_t sles_to_android_channelMaskIn(SLuint32 nbChannels,
                                    ^
platform/android/frameworks/wilhelm/src/android/android_sles_conversions.h:105:36: warning: unused parameter 'channelMask' [-Wunused-parameter]
 static inline audio_channel_mask_t sles_to_android_channelMaskOut(SLuint32 nbChannels,
                                    ^
In file included from platform/android/frameworks/wilhelm/src/classes.h:20:0,
                 from platform/android/frameworks/wilhelm/src/sles_allinclusive.h:283,
                 from platform/android/frameworks/wilhelm/src/itf/IDynamicInterfaceManagement.c:19:
platform/android/frameworks/wilhelm/src/android/android_GenericPlayer.h:81:18: warning: unused parameter 'bufferProducer' [-Wunused-parameter]
     virtual void setVideoSurfaceTexture(const sp<IGraphicBufferProducer> &bufferProducer) {}
                  ^
platform/android/frameworks/wilhelm/src/itf/IDynamicInterfaceManagement.c:25:13: warning: unused parameter 'ignored' [-Wunused-parameter]
 static void HandleAdd(void *self, void *ignored, int MPH)
             ^
platform/android/frameworks/wilhelm/src/itf/IDynamicInterfaceManagement.c:200:17: warning: unused parameter 'self' [-Wunused-parameter]
 static SLresult IDynamicInterfaceManagement_RemoveInterface(
                 ^
platform/android/frameworks/wilhelm/src/itf/IDynamicInterfaceManagement.c:200:17: warning: unused parameter 'iid' [-Wunused-parameter]
platform/android/frameworks/wilhelm/src/itf/IDynamicInterfaceManagement.c:281:13: warning: unused parameter 'ignored' [-Wunused-parameter]
 static void HandleResume(void *self, void *ignored, int MPH)
             ^
