device/hisilicon/bigfish/hardware/liboverlay/overlay.cpp:20:0: warning: "LOG_TAG" redefined [enabled by default]
 #define LOG_TAG "Overlay"
 ^
In file included from platform/android/system/core/include/cutils/log.h:1:0,
                 from device/hisilicon/bigfish/hardware/liboverlay/overlay.cpp:2:
platform/android/system/core/include/log/log.h:67:0: note: this is the location of the previous definition
 #define LOG_TAG NULL
 ^
device/hisilicon/bigfish/hardware/liboverlay/overlay.cpp: In function 'int checkBuffer(const overlay_device_t*, buffer_handle_t)':
device/hisilicon/bigfish/hardware/liboverlay/overlay.cpp:658:73: warning: format '%lx' expects argument of type 'long unsigned int', but argument 4 has type 'uint32_t {aka unsigned int}' [-Wformat=]
     snprintf(name, sizeof(name), "Check buffer 0x%lx", hnd->ion_phy_addr);
                                                                         ^
device/hisilicon/bigfish/hardware/liboverlay/overlay.cpp: In function 'int prepareOverlayLayers(const overlay_device_t*, int, overlay_layer_t*)':
device/hisilicon/bigfish/hardware/liboverlay/overlay.cpp:750:60: warning: comparison between signed and unsigned integer expressions [-Wsign-compare]
         if (hnd->ion_phy_addr != ov->window[i].stLastFrame.frame_buf_addr)
                                                            ^
device/hisilicon/bigfish/hardware/liboverlay/overlay.cpp: At global scope:
device/hisilicon/bigfish/hardware/liboverlay/overlay.cpp:818:6: warning: unused parameter 'module' [-Wunused-parameter]
 void setCrop(struct overlay_device_t const* module,
      ^
device/hisilicon/bigfish/hardware/liboverlay/overlay.cpp:818:6: warning: unused parameter 'handle' [-Wunused-parameter]
device/hisilicon/bigfish/hardware/liboverlay/overlay.cpp:818:6: warning: unused parameter 'sourceCrop' [-Wunused-parameter]
device/hisilicon/bigfish/hardware/liboverlay/overlay.cpp:887:6: warning: unused parameter 'module' [-Wunused-parameter]
 void setTransform(struct overlay_device_t const* module,
      ^
device/hisilicon/bigfish/hardware/liboverlay/overlay.cpp:887:6: warning: unused parameter 'handle' [-Wunused-parameter]
device/hisilicon/bigfish/hardware/liboverlay/overlay.cpp:887:6: warning: unused parameter 'transform' [-Wunused-parameter]
device/hisilicon/bigfish/hardware/liboverlay/overlay.cpp: In function 'int overlay_open(const hw_module_t*, const char*, hw_device_t**)':
device/hisilicon/bigfish/hardware/liboverlay/overlay.cpp:957:33: warning: extended initializer lists only available with -std=c++11 or -std=gnu++11 [enabled by default]
     ovdev->mutex                = PTHREAD_MUTEX_INITIALIZER;
                                 ^
