platform/android/external/sqlite/dist/sqlite3.c: In function 'pcache1Fetch':
platform/android/external/sqlite/dist/sqlite3.c:39395:51: warning: suggest braces around empty body in an 'if' statement [-Wempty-body]
     if( createFlag==1 ) sqlite3BeginBenignMalloc();
                                                   ^
platform/android/external/sqlite/dist/sqlite3.c:39397:49: warning: suggest braces around empty body in an 'if' statement [-Wempty-body]
     if( createFlag==1 ) sqlite3EndBenignMalloc();
                                                 ^
platform/android/external/sqlite/dist/sqlite3.c: In function 'sqlite3TempInMemory':
platform/android/external/sqlite/dist/sqlite3.c:124070:55: warning: unused parameter 'db' [-Wunused-parameter]
 SQLITE_PRIVATE int sqlite3TempInMemory(const sqlite3 *db){
                                                       ^
platform/android/external/sqlite/dist/sqlite3.c: In function 'sqlite3_test_control':
platform/android/external/sqlite/dist/sqlite3.c:125297:41: warning: unused parameter 'op' [-Wunused-parameter]
 SQLITE_API int sqlite3_test_control(int op, ...){
                                         ^
platform/android/external/sqlite/dist/sqlite3.c: In function 'icuLoadCollation':
platform/android/external/sqlite/dist/sqlite3.c:148617:7: warning: unused parameter 'nArg' [-Wunused-parameter]
   int nArg, 
       ^
platform/android/external/sqlite/dist/sqlite3.c: At top level:
platform/android/external/sqlite/dist/sqlite3.c:148957:1: warning: missing initializer for field 'xLanguageid' of 'sqlite3_tokenizer_module' [-Wmissing-field-initializers]
 };
 ^
platform/android/external/sqlite/dist/sqlite3.c:126498:9: note: 'xLanguageid' declared here
   int (*xLanguageid)(sqlite3_tokenizer_cursor *pCsr, int iLangid);
         ^
platform/android/external/sqlite/dist/sqlite3.c: In function 'fts3SnippetFunc':
platform/android/external/sqlite/dist/sqlite3.c:143708:11: warning: 'iS' may be used uninitialized in this function [-Wmaybe-uninitialized]
         if( iS>iBestScore ){
           ^
platform/android/external/sqlite/dist/sqlite3.c:143700:13: note: 'iS' was declared here
         int iS;
             ^
platform/android/external/sqlite/dist/sqlite3.c: In function 'fts3InitVtab':
platform/android/external/sqlite/dist/sqlite3.c:128256:3: warning: 'nIndex' may be used uninitialized in this function [-Wmaybe-uninitialized]
   for(i=0; i<nIndex; i++){
   ^
