device/hisilicon/bigfish/HiSTBSDKV6R2/hal/src/vout/tvos_hal_vout.c: In function 'disable_display_output':
device/hisilicon/bigfish/HiSTBSDKV6R2/hal/src/vout/tvos_hal_vout.c:156:9: warning: format '%x' expects argument of type 'unsigned int', but argument 4 has type 'S32' [-Wformat=]
         HAL_ERROR("vout_open display1 attachintf failed!!. Ret=%#x.", s32Ret);
         ^
device/hisilicon/bigfish/HiSTBSDKV6R2/hal/src/vout/tvos_hal_vout.c:166:9: warning: format '%x' expects argument of type 'unsigned int', but argument 4 has type 'S32' [-Wformat=]
         HAL_ERROR("vout_open display0 attachintf failed!!. Ret=%#x.", s32Ret);
         ^
device/hisilicon/bigfish/HiSTBSDKV6R2/hal/src/vout/tvos_hal_vout.c: In function 'enable_display_output':
device/hisilicon/bigfish/HiSTBSDKV6R2/hal/src/vout/tvos_hal_vout.c:191:9: warning: format '%x' expects argument of type 'unsigned int', but argument 4 has type 'S32' [-Wformat=]
         HAL_ERROR("vout_open display1 attachintf failed!!. Ret=%#x.", s32Ret);
         ^
device/hisilicon/bigfish/HiSTBSDKV6R2/hal/src/vout/tvos_hal_vout.c:203:9: warning: format '%x' expects argument of type 'unsigned int', but argument 4 has type 'S32' [-Wformat=]
         HAL_ERROR("vout_open display0 attachintf failed!!. Ret=%#x.", s32Ret);
         ^
device/hisilicon/bigfish/HiSTBSDKV6R2/hal/src/vout/tvos_hal_vout.c: In function 'HDMI_HotPlug_Proc':
device/hisilicon/bigfish/HiSTBSDKV6R2/hal/src/vout/tvos_hal_vout.c:305:9: warning: format '%x' expects argument of type 'unsigned int', but argument 4 has type 'S32' [-Wformat=]
         HAL_ERROR("set HDMI attributes failed:%#x\n", s32Ret);
         ^
device/hisilicon/bigfish/HiSTBSDKV6R2/hal/src/vout/tvos_hal_vout.c:312:9: warning: format '%x' expects argument of type 'unsigned int', but argument 4 has type 'S32' [-Wformat=]
         HAL_ERROR("HDMI start failed:%#x\n", s32Ret);
         ^
device/hisilicon/bigfish/HiSTBSDKV6R2/hal/src/vout/tvos_hal_vout.c: In function 'HIADP_HDMI_Init':
device/hisilicon/bigfish/HiSTBSDKV6R2/hal/src/vout/tvos_hal_vout.c:427:9: warning: format '%x' expects argument of type 'unsigned int', but argument 4 has type 'S32' [-Wformat=]
         HAL_ERROR("HI_UNF_HDMI_Init failed:%#x\n", s32Ret);
         ^
device/hisilicon/bigfish/HiSTBSDKV6R2/hal/src/vout/tvos_hal_vout.c:461:9: warning: format '%x' expects argument of type 'unsigned int', but argument 4 has type 'S32' [-Wformat=]
         HAL_ERROR("HI_UNF_HDMI_Open failed:%#x\n", s32Ret);
         ^
device/hisilicon/bigfish/HiSTBSDKV6R2/hal/src/vout/tvos_hal_vout.c:415:65: warning: unused parameter 'enWantFmt' [-Wunused-parameter]
 S32 HIADP_HDMI_Init(HI_UNF_HDMI_ID_E enHDMIId, HI_UNF_ENC_FMT_E enWantFmt)
                                                                 ^
device/hisilicon/bigfish/HiSTBSDKV6R2/hal/src/vout/tvos_hal_vout.c: In function 'check_vout_init_param':
device/hisilicon/bigfish/HiSTBSDKV6R2/hal/src/vout/tvos_hal_vout.c:642:34: warning: unused parameter 'hVout' [-Wunused-parameter]
 S32 check_vout_init_param(HANDLE hVout)
                                  ^
device/hisilicon/bigfish/HiSTBSDKV6R2/hal/src/vout/tvos_hal_vout.c: In function 'vout_init':
device/hisilicon/bigfish/HiSTBSDKV6R2/hal/src/vout/tvos_hal_vout.c:680:9: warning: format '%x' expects argument of type 'unsigned int', but argument 4 has type 'S32' [-Wformat=]
         HAL_ERROR("HI_UNF_DISP_Init failed. ret(0x%08x)", s32Ret);
         ^
device/hisilicon/bigfish/HiSTBSDKV6R2/hal/src/vout/tvos_hal_vout.c:688:9: warning: format '%x' expects argument of type 'unsigned int', but argument 4 has type 'S32' [-Wformat=]
         HAL_ERROR("call HI_UNF_VO_Init error!!.  ret(0x%08x)", s32Ret);
         ^
device/hisilicon/bigfish/HiSTBSDKV6R2/hal/src/vout/tvos_hal_vout.c:664:38: warning: unused parameter 'pstDev' [-Wunused-parameter]
 S32 vout_init(struct _VOUT_DEVICE_S* pstDev, const VOUT_INIT_PARAMS_S * const pstInitParams)
                                      ^
device/hisilicon/bigfish/HiSTBSDKV6R2/hal/src/vout/tvos_hal_vout.c:664:79: warning: unused parameter 'pstInitParams' [-Wunused-parameter]
 S32 vout_init(struct _VOUT_DEVICE_S* pstDev, const VOUT_INIT_PARAMS_S * const pstInitParams)
                                                                               ^
device/hisilicon/bigfish/HiSTBSDKV6R2/hal/src/vout/tvos_hal_vout.c: In function 'vout_open_channel':
device/hisilicon/bigfish/HiSTBSDKV6R2/hal/src/vout/tvos_hal_vout.c:742:9: warning: format '%d' expects argument of type 'int', but argument 4 has type 'S32' [-Wformat=]
         HAL_ERROR("open new channle, instCout is %d ", s_s32VoutInstCount);
         ^
device/hisilicon/bigfish/HiSTBSDKV6R2/hal/src/vout/tvos_hal_vout.c:771:5: warning: format '%x' expects argument of type 'unsigned int', but argument 4 has type 'S32' [-Wformat=]
     HAL_CHK_GOTO((SUCCESS != s32Ret), VOUT_DISP_GET_FORMAT_FAIL, "vout_open display attach failed!!. Ret=%#x.", s32Ret);
     ^
device/hisilicon/bigfish/HiSTBSDKV6R2/hal/src/vout/tvos_hal_vout.c:795:5: warning: format '%x' expects argument of type 'unsigned int', but argument 4 has type 'S32' [-Wformat=]
     HAL_CHK_GOTO((SUCCESS != s32Ret), VOUT_DISP_GET_FORMAT_FAIL,
     ^
device/hisilicon/bigfish/HiSTBSDKV6R2/hal/src/vout/tvos_hal_vout.c:804:9: warning: format '%x' expects argument of type 'unsigned int', but argument 4 has type 'S32' [-Wformat=]
         HAL_ERROR("vout_open display1 open failed!!. Ret=%#x.", s32Ret);
         ^
device/hisilicon/bigfish/HiSTBSDKV6R2/hal/src/vout/tvos_hal_vout.c:814:9: warning: format '%x' expects argument of type 'unsigned int', but argument 4 has type 'S32' [-Wformat=]
         HAL_ERROR("vout_open display0 open failed!!. Ret=%#x.", s32Ret);
         ^
device/hisilicon/bigfish/HiSTBSDKV6R2/hal/src/vout/tvos_hal_vout.c:820:5: warning: format '%x' expects argument of type 'unsigned int', but argument 4 has type 'S32' [-Wformat=]
     HAL_CHK_GOTO((SUCCESS != s32Ret), VOUT_DISP_GET_FORMAT_FAIL,
     ^
device/hisilicon/bigfish/HiSTBSDKV6R2/hal/src/vout/tvos_hal_vout.c:826:5: warning: format '%x' expects argument of type 'unsigned int', but argument 4 has type 'S32' [-Wformat=]
     HAL_CHK_GOTO((SUCCESS != s32Ret), VOUT_DISP_HDMI_FAIL,
     ^
device/hisilicon/bigfish/HiSTBSDKV6R2/hal/src/vout/tvos_hal_vout.c:838:5: warning: format '%d' expects argument of type 'int', but argument 4 has type 'S32' [-Wformat=]
     HAL_ERROR("open new channle, instCout is %d ", s_s32VoutInstCount);
     ^
device/hisilicon/bigfish/HiSTBSDKV6R2/hal/src/vout/tvos_hal_vout.c:717:46: warning: unused parameter 'pstVoutDev' [-Wunused-parameter]
 S32 vout_open_channel(struct _VOUT_DEVICE_S* pstVoutDev,
                                              ^
device/hisilicon/bigfish/HiSTBSDKV6R2/hal/src/vout/tvos_hal_vout.c:719:55: warning: unused parameter 'pstOpenParams' [-Wunused-parameter]
                       const VOUT_OPEN_PARAMS_S* const pstOpenParams)
                                                       ^
device/hisilicon/bigfish/HiSTBSDKV6R2/hal/src/vout/tvos_hal_vout.c: In function 'vout_close_channel':
device/hisilicon/bigfish/HiSTBSDKV6R2/hal/src/vout/tvos_hal_vout.c:903:9: warning: format '%d' expects argument of type 'int', but argument 4 has type 'S32' [-Wformat=]
         HAL_ERROR("instant no empty, should not free this handle, instcount [%d] ",
         ^
device/hisilicon/bigfish/HiSTBSDKV6R2/hal/src/vout/tvos_hal_vout.c:911:5: warning: format '%d' expects argument of type 'int', but argument 4 has type 'S32' [-Wformat=]
     HAL_ERROR("release channle, instCout is %d ", s_s32VoutInstCount);
     ^
device/hisilicon/bigfish/HiSTBSDKV6R2/hal/src/vout/tvos_hal_vout.c:918:9: warning: format '%x' expects argument of type 'unsigned int', but argument 4 has type 'S32' [-Wformat=]
         HAL_ERROR("HI_UNF_DISP0_Close failed. ret(0x%08x)", s32Ret);
         ^
device/hisilicon/bigfish/HiSTBSDKV6R2/hal/src/vout/tvos_hal_vout.c:925:9: warning: format '%x' expects argument of type 'unsigned int', but argument 4 has type 'S32' [-Wformat=]
         HAL_ERROR("HI_UNF_DISP1_Close failed. ret(0x%08x)", s32Ret);
         ^
device/hisilicon/bigfish/HiSTBSDKV6R2/hal/src/vout/tvos_hal_vout.c:933:9: warning: format '%x' expects argument of type 'unsigned int', but argument 4 has type 'S32' [-Wformat=]
         HAL_ERROR("HI_UNF_DISP_Detach failed. ret(0x%08x)", s32Ret);
         ^
device/hisilicon/bigfish/HiSTBSDKV6R2/hal/src/vout/tvos_hal_vout.c:941:9: warning: format '%x' expects argument of type 'unsigned int', but argument 4 has type 'S32' [-Wformat=]
         HAL_ERROR("HI_UNF_DISP1_Detach failed. ret(0x%08x)", s32Ret);
         ^
device/hisilicon/bigfish/HiSTBSDKV6R2/hal/src/vout/tvos_hal_vout.c:878:47: warning: unused parameter 'pstVoutDev' [-Wunused-parameter]
 S32 vout_close_channel(struct _VOUT_DEVICE_S* pstVoutDev,
                                               ^
device/hisilicon/bigfish/HiSTBSDKV6R2/hal/src/vout/tvos_hal_vout.c:879:37: warning: unused parameter 'hVout' [-Wunused-parameter]
                        const HANDLE hVout,
                                     ^
device/hisilicon/bigfish/HiSTBSDKV6R2/hal/src/vout/tvos_hal_vout.c:880:57: warning: unused parameter 'pstCloseParams' [-Wunused-parameter]
                        const VOUT_CLOSE_PARAMS_S* const pstCloseParams)
                                                         ^
device/hisilicon/bigfish/HiSTBSDKV6R2/hal/src/vout/tvos_hal_vout.c: In function 'vout_term':
device/hisilicon/bigfish/HiSTBSDKV6R2/hal/src/vout/tvos_hal_vout.c:976:9: warning: format '%x' expects argument of type 'unsigned int', but argument 4 has type 'S32' [-Wformat=]
         HAL_ERROR("HI_UNF_VO_DeInit failed. ret(0x%08x)", s32Ret);
         ^
device/hisilicon/bigfish/HiSTBSDKV6R2/hal/src/vout/tvos_hal_vout.c:984:9: warning: format '%x' expects argument of type 'unsigned int', but argument 4 has type 'S32' [-Wformat=]
         HAL_ERROR("HI_UNF_DISP_DeInit failed. ret(0x%08x)", s32Ret);
         ^
device/hisilicon/bigfish/HiSTBSDKV6R2/hal/src/vout/tvos_hal_vout.c:990:9: warning: format '%x' expects argument of type 'unsigned int', but argument 4 has type 'S32' [-Wformat=]
         HAL_ERROR("call HI_UNF_PQ_DeInit error!!, cann't set PQ value.  ret(0x%08x)", s32Ret);
         ^
device/hisilicon/bigfish/HiSTBSDKV6R2/hal/src/vout/tvos_hal_vout.c:960:38: warning: unused parameter 'pstVoutDev' [-Wunused-parameter]
 S32 vout_term(struct _VOUT_DEVICE_S* pstVoutDev, const VOUT_TERM_PARAM_S* const  pstTermParams)
                                      ^
device/hisilicon/bigfish/HiSTBSDKV6R2/hal/src/vout/tvos_hal_vout.c:960:82: warning: unused parameter 'pstTermParams' [-Wunused-parameter]
 S32 vout_term(struct _VOUT_DEVICE_S* pstVoutDev, const VOUT_TERM_PARAM_S* const  pstTermParams)
                                                                                  ^
device/hisilicon/bigfish/HiSTBSDKV6R2/hal/src/vout/tvos_hal_vout.c: In function 'vout_get_capability':
device/hisilicon/bigfish/HiSTBSDKV6R2/hal/src/vout/tvos_hal_vout.c:1005:48: warning: unused parameter 'pstVoutDev' [-Wunused-parameter]
 S32 vout_get_capability(struct _VOUT_DEVICE_S* pstVoutDev, VOUT_CAPABILITY_S* const pstCapability)
                                                ^
device/hisilicon/bigfish/HiSTBSDKV6R2/hal/src/vout/tvos_hal_vout.c: In function 'vout_evt_config':
device/hisilicon/bigfish/HiSTBSDKV6R2/hal/src/vout/tvos_hal_vout.c:1044:44: warning: unused parameter 'pstVoutDev' [-Wunused-parameter]
 S32 vout_evt_config(struct _VOUT_DEVICE_S* pstVoutDev,
                                            ^
device/hisilicon/bigfish/HiSTBSDKV6R2/hal/src/vout/tvos_hal_vout.c:1045:34: warning: unused parameter 'hVout' [-Wunused-parameter]
                     const HANDLE hVout,
                                  ^
device/hisilicon/bigfish/HiSTBSDKV6R2/hal/src/vout/tvos_hal_vout.c:1046:59: warning: unused parameter 'pstCfg' [-Wunused-parameter]
                     const VOUT_EVT_CONFIG_PARAMS_S* const pstCfg)
                                                           ^
device/hisilicon/bigfish/HiSTBSDKV6R2/hal/src/vout/tvos_hal_vout.c: In function 'vout_get_evt_config':
device/hisilicon/bigfish/HiSTBSDKV6R2/hal/src/vout/tvos_hal_vout.c:1051:48: warning: unused parameter 'pstVoutDev' [-Wunused-parameter]
 S32 vout_get_evt_config(struct _VOUT_DEVICE_S* pstVoutDev,
                                                ^
device/hisilicon/bigfish/HiSTBSDKV6R2/hal/src/vout/tvos_hal_vout.c:1052:38: warning: unused parameter 'hVout' [-Wunused-parameter]
                         const HANDLE hVout,
                                      ^
device/hisilicon/bigfish/HiSTBSDKV6R2/hal/src/vout/tvos_hal_vout.c:1053:42: warning: unused parameter 'enEvt' [-Wunused-parameter]
                         const VOUT_EVT_E enEvt,
                                          ^
device/hisilicon/bigfish/HiSTBSDKV6R2/hal/src/vout/tvos_hal_vout.c:1054:57: warning: unused parameter 'pstCfg' [-Wunused-parameter]
                         VOUT_EVT_CONFIG_PARAMS_S* const pstCfg)
                                                         ^
device/hisilicon/bigfish/HiSTBSDKV6R2/hal/src/vout/tvos_hal_vout.c: In function 'vout_outputchannel_mute':
device/hisilicon/bigfish/HiSTBSDKV6R2/hal/src/vout/tvos_hal_vout.c:1062:52: warning: unused parameter 'pstVoutDev' [-Wunused-parameter]
 S32 vout_outputchannel_mute(struct _VOUT_DEVICE_S* pstVoutDev,
                                                    ^
device/hisilicon/bigfish/HiSTBSDKV6R2/hal/src/vout/tvos_hal_vout.c:1063:42: warning: unused parameter 'hVout' [-Wunused-parameter]
                             const HANDLE hVout,
                                          ^
device/hisilicon/bigfish/HiSTBSDKV6R2/hal/src/vout/tvos_hal_vout.c:1064:54: warning: unused parameter 'enOutChannel' [-Wunused-parameter]
                             const VOUT_OUTPUT_TYPE_E enOutChannel)
                                                      ^
device/hisilicon/bigfish/HiSTBSDKV6R2/hal/src/vout/tvos_hal_vout.c: In function 'vout_outputchannel_unmute':
device/hisilicon/bigfish/HiSTBSDKV6R2/hal/src/vout/tvos_hal_vout.c:1073:54: warning: unused parameter 'pstVoutDev' [-Wunused-parameter]
 S32 vout_outputchannel_unmute(struct _VOUT_DEVICE_S* pstVoutDev,
                                                      ^
device/hisilicon/bigfish/HiSTBSDKV6R2/hal/src/vout/tvos_hal_vout.c:1074:44: warning: unused parameter 'hVout' [-Wunused-parameter]
                               const HANDLE hVout,
                                            ^
device/hisilicon/bigfish/HiSTBSDKV6R2/hal/src/vout/tvos_hal_vout.c:1075:56: warning: unused parameter 'enOutChannel' [-Wunused-parameter]
                               const VOUT_OUTPUT_TYPE_E enOutChannel)
                                                        ^
device/hisilicon/bigfish/HiSTBSDKV6R2/hal/src/vout/tvos_hal_vout.c: In function 'get_display_format':
device/hisilicon/bigfish/HiSTBSDKV6R2/hal/src/vout/tvos_hal_vout.c:1090:9: warning: format '%x' expects argument of type 'unsigned int', but argument 4 has type 'S32' [-Wformat=]
         HAL_ERROR("HI_UNF_DISP_GetFormat failed. ret(0x%08x)", s32Ret);
         ^
device/hisilicon/bigfish/HiSTBSDKV6R2/hal/src/vout/tvos_hal_vout.c:1104:9: warning: format '%x' expects argument of type 'unsigned int', but argument 4 has type 'S32' [-Wformat=]
         HAL_ERROR("convert_unf_disp_format_to_hal failed. ret(0x%08x)", s32Ret);
         ^
device/hisilicon/bigfish/HiSTBSDKV6R2/hal/src/vout/tvos_hal_vout.c: In function 'vout_display_get':
device/hisilicon/bigfish/HiSTBSDKV6R2/hal/src/vout/tvos_hal_vout.c:1148:5: warning: format '%x' expects argument of type 'unsigned int', but argument 4 has type 'S32' [-Wformat=]
     HAL_CHK_RETURN((SUCCESS != s32Ret), ERROR_DISPLAY_OP_FAILED, "HI_UNF_DISP_SetAspectRatio failed. ret(0x%08x)", s32Ret);
     ^
device/hisilicon/bigfish/HiSTBSDKV6R2/hal/src/vout/tvos_hal_vout.c:1153:5: warning: format '%x' expects argument of type 'unsigned int', but argument 4 has type 'S32' [-Wformat=]
     HAL_CHK_RETURN((SUCCESS != s32Ret), ERROR_DISPLAY_OP_FAILED, "HI_UNF_PQ_GetBrightness failed. ret(0x%08x)", s32Ret);
     ^
device/hisilicon/bigfish/HiSTBSDKV6R2/hal/src/vout/tvos_hal_vout.c:1156:5: warning: format '%x' expects argument of type 'unsigned int', but argument 4 has type 'S32' [-Wformat=]
     HAL_CHK_RETURN((SUCCESS != s32Ret), ERROR_DISPLAY_OP_FAILED, "HI_UNF_PQ_GetContrast failed. ret(0x%08x)", s32Ret);
     ^
device/hisilicon/bigfish/HiSTBSDKV6R2/hal/src/vout/tvos_hal_vout.c:1159:5: warning: format '%x' expects argument of type 'unsigned int', but argument 4 has type 'S32' [-Wformat=]
     HAL_CHK_RETURN((SUCCESS != s32Ret), ERROR_DISPLAY_OP_FAILED, "HI_UNF_PQ_GetSaturation failed. ret(0x%08x)", s32Ret);
     ^
device/hisilicon/bigfish/HiSTBSDKV6R2/hal/src/vout/tvos_hal_vout.c:1162:5: warning: format '%x' expects argument of type 'unsigned int', but argument 4 has type 'S32' [-Wformat=]
     HAL_CHK_RETURN((SUCCESS != s32Ret), ERROR_DISPLAY_OP_FAILED, "HI_UNF_PQ_GetHue failed. ret(0x%08x)", s32Ret);
     ^
device/hisilicon/bigfish/HiSTBSDKV6R2/hal/src/vout/tvos_hal_vout.c:1169:5: warning: format '%x' expects argument of type 'unsigned int', but argument 4 has type 'S32' [-Wformat=]
     HAL_CHK_RETURN((SUCCESS != s32Ret), ERROR_DISPLAY_OP_FAILED, "HI_UNF_DISP_GetScreenOffset failed. ret(0x%08x)", s32Ret);
     ^
device/hisilicon/bigfish/HiSTBSDKV6R2/hal/src/vout/tvos_hal_vout.c:1178:5: warning: format '%x' expects argument of type 'unsigned int', but argument 4 has type 'S32' [-Wformat=]
     HAL_CHK_RETURN((SUCCESS != s32Ret), ERROR_DISPLAY_OP_FAILED, "HI_UNF_HDMI_GetSinkCapability failed. ret(0x%08x)", s32Ret);
     ^
device/hisilicon/bigfish/HiSTBSDKV6R2/hal/src/vout/tvos_hal_vout.c:1182:5: warning: format '%x' expects argument of type 'unsigned int', but argument 4 has type 'S32' [-Wformat=]
     HAL_CHK_RETURN((SUCCESS != s32Ret), ERROR_DISPLAY_OP_FAILED, "convert_unf_disp_format_to_hal failed. ret(0x%08x)", s32Ret);
     ^
device/hisilicon/bigfish/HiSTBSDKV6R2/hal/src/vout/tvos_hal_vout.c:1118:45: warning: unused parameter 'pstVoutDev' [-Wunused-parameter]
 S32 vout_display_get(struct _VOUT_DEVICE_S* pstVoutDev,
                                             ^
device/hisilicon/bigfish/HiSTBSDKV6R2/hal/src/vout/tvos_hal_vout.c: In function 'set_display_format':
device/hisilicon/bigfish/HiSTBSDKV6R2/hal/src/vout/tvos_hal_vout.c:1241:5: warning: format '%x' expects argument of type 'unsigned int', but argument 4 has type 'S32' [-Wformat=]
     HAL_CHK_RETURN((SUCCESS != s32Ret), ERROR_DISPLAY_OP_FAILED, "HI_UNF_DISP_SetFormat failed. ret(0x%08x)", s32Ret);
     ^
device/hisilicon/bigfish/HiSTBSDKV6R2/hal/src/vout/tvos_hal_vout.c:1244:5: warning: format '%x' expects argument of type 'unsigned int', but argument 4 has type 'S32' [-Wformat=]
     HAL_CHK_RETURN((SUCCESS != s32Ret), s32Ret, "ERR: HI_UNF_PDM_GetBaseParam, Ret = %#x\n", s32Ret);
     ^
device/hisilicon/bigfish/HiSTBSDKV6R2/hal/src/vout/tvos_hal_vout.c:1248:5: warning: format '%x' expects argument of type 'unsigned int', but argument 4 has type 'S32' [-Wformat=]
     HAL_CHK_RETURN((HI_SUCCESS != s32Ret), s32Ret, "ERR: HI_UNF_PDM_UpdateBaseParam, Ret = %#x\n", s32Ret);
     ^
device/hisilicon/bigfish/HiSTBSDKV6R2/hal/src/vout/tvos_hal_vout.c: In function 'vout_display_set':
device/hisilicon/bigfish/HiSTBSDKV6R2/hal/src/vout/tvos_hal_vout.c:1283:5: warning: format '%x' expects argument of type 'unsigned int', but argument 4 has type 'S32' [-Wformat=]
     HAL_CHK_RETURN((SUCCESS != s32Ret), ERROR_DISPLAY_OP_FAILED, "HI_UNF_DISP_SetAspectRatio failed. ret(0x%08x)", s32Ret);
     ^
device/hisilicon/bigfish/HiSTBSDKV6R2/hal/src/vout/tvos_hal_vout.c:1288:9: warning: format '%x' expects argument of type 'unsigned int', but argument 4 has type 'S32' [-Wformat=]
         HAL_CHK_RETURN((HI_SUCCESS != s32Ret), s32Ret, "HI_UNF_DISP_SetFormat failed. ret(0x%08x)", s32Ret);
         ^
device/hisilicon/bigfish/HiSTBSDKV6R2/hal/src/vout/tvos_hal_vout.c:1296:9: warning: format '%x' expects argument of type 'unsigned int', but argument 4 has type 'S32' [-Wformat=]
         HAL_CHK_RETURN((SUCCESS != s32Ret), ERROR_DISPLAY_OP_FAILED, "HI_UNF_DISP_SetAspectRatio failed. ret(0x%08x)", s32Ret);
         ^
device/hisilicon/bigfish/HiSTBSDKV6R2/hal/src/vout/tvos_hal_vout.c:1301:5: warning: format '%x' expects argument of type 'unsigned int', but argument 4 has type 'S32' [-Wformat=]
     HAL_CHK_RETURN((SUCCESS != s32Ret), ERROR_DISPLAY_OP_FAILED, "HI_UNF_PQ_SetBrightness failed. ret(0x%08x)", s32Ret);
     ^
device/hisilicon/bigfish/HiSTBSDKV6R2/hal/src/vout/tvos_hal_vout.c:1304:5: warning: format '%x' expects argument of type 'unsigned int', but argument 4 has type 'S32' [-Wformat=]
     HAL_CHK_RETURN((SUCCESS != s32Ret), ERROR_DISPLAY_OP_FAILED, "HI_UNF_PQ_SetBrightness failed. ret(0x%08x)", s32Ret);
     ^
device/hisilicon/bigfish/HiSTBSDKV6R2/hal/src/vout/tvos_hal_vout.c:1307:5: warning: format '%x' expects argument of type 'unsigned int', but argument 4 has type 'S32' [-Wformat=]
     HAL_CHK_RETURN((SUCCESS != s32Ret), ERROR_DISPLAY_OP_FAILED, "HI_UNF_PQ_SetSaturation failed. ret(0x%08x)", s32Ret);
     ^
device/hisilicon/bigfish/HiSTBSDKV6R2/hal/src/vout/tvos_hal_vout.c:1310:5: warning: format '%x' expects argument of type 'unsigned int', but argument 4 has type 'S32' [-Wformat=]
     HAL_CHK_RETURN((SUCCESS != s32Ret), ERROR_DISPLAY_OP_FAILED, "HI_UNF_PQ_SetHue failed. ret(0x%08x)", s32Ret);
     ^
device/hisilicon/bigfish/HiSTBSDKV6R2/hal/src/vout/tvos_hal_vout.c:1322:9: warning: format '%x' expects argument of type 'unsigned int', but argument 4 has type 'S32' [-Wformat=]
         HAL_CHK_RETURN((SUCCESS != s32Ret), ERROR_DISPLAY_OP_FAILED, "HI_UNF_DISP_SetScreenOffset failed. ret(0x%08x)", s32Ret);
         ^
device/hisilicon/bigfish/HiSTBSDKV6R2/hal/src/vout/tvos_hal_vout.c: In function 'vout_vbi_cgms_start':
device/hisilicon/bigfish/HiSTBSDKV6R2/hal/src/vout/tvos_hal_vout.c:1333:48: warning: unused parameter 'pstVoutDev' [-Wunused-parameter]
 S32 vout_vbi_cgms_start(struct _VOUT_DEVICE_S* pstVoutDev,
                                                ^
device/hisilicon/bigfish/HiSTBSDKV6R2/hal/src/vout/tvos_hal_vout.c: In function 'vout_vbi_cgms_stop':
device/hisilicon/bigfish/HiSTBSDKV6R2/hal/src/vout/tvos_hal_vout.c:1399:47: warning: unused parameter 'pstVoutDev' [-Wunused-parameter]
 S32 vout_vbi_cgms_stop(struct _VOUT_DEVICE_S* pstVoutDev, HANDLE hVout)
                                               ^
device/hisilicon/bigfish/HiSTBSDKV6R2/hal/src/vout/tvos_hal_vout.c: In function 'vout_get_bg_color':
device/hisilicon/bigfish/HiSTBSDKV6R2/hal/src/vout/tvos_hal_vout.c:1421:46: warning: unused parameter 'pstVoutDev' [-Wunused-parameter]
 S32 vout_get_bg_color(struct _VOUT_DEVICE_S* pstVoutDev,
                                              ^
device/hisilicon/bigfish/HiSTBSDKV6R2/hal/src/vout/tvos_hal_vout.c: In function 'vout_set_bg_color':
device/hisilicon/bigfish/HiSTBSDKV6R2/hal/src/vout/tvos_hal_vout.c:1460:46: warning: unused parameter 'pstVoutDev' [-Wunused-parameter]
 S32 vout_set_bg_color(struct _VOUT_DEVICE_S* pstVoutDev,
                                              ^
device/hisilicon/bigfish/HiSTBSDKV6R2/hal/src/vout/tvos_hal_vout.c: In function 'vout_get_3dmode':
device/hisilicon/bigfish/HiSTBSDKV6R2/hal/src/vout/tvos_hal_vout.c:1496:44: warning: unused parameter 'pstVoutDev' [-Wunused-parameter]
 S32 vout_get_3dmode(struct _VOUT_DEVICE_S* pstVoutDev,
                                            ^
device/hisilicon/bigfish/HiSTBSDKV6R2/hal/src/vout/tvos_hal_vout.c: In function 'vout_window_create':
device/hisilicon/bigfish/HiSTBSDKV6R2/hal/src/vout/tvos_hal_vout.c:1660:9: warning: format '%x' expects argument of type 'unsigned int', but argument 4 has type 'S32' [-Wformat=]
         HAL_ERROR("vout HI_UNF_VO_CreateWindow fail:%#x.\n", s32Ret);
         ^
device/hisilicon/bigfish/HiSTBSDKV6R2/hal/src/vout/tvos_hal_vout.c:1615:47: warning: unused parameter 'pstVoutDev' [-Wunused-parameter]
 S32 vout_window_create(struct _VOUT_DEVICE_S* pstVoutDev,
                                               ^
device/hisilicon/bigfish/HiSTBSDKV6R2/hal/src/vout/tvos_hal_vout.c: In function 'vout_window_destroy':
device/hisilicon/bigfish/HiSTBSDKV6R2/hal/src/vout/tvos_hal_vout.c:1689:9: warning: format '%x' expects argument of type 'unsigned int', but argument 4 has type 'S32' [-Wformat=]
         HAL_ERROR("vout_window_destroy HI_UNF_VO_DestroyWindow failed:%#x.\n", s32Ret);
         ^
device/hisilicon/bigfish/HiSTBSDKV6R2/hal/src/vout/tvos_hal_vout.c:1671:48: warning: unused parameter 'pstVoutDev' [-Wunused-parameter]
 S32 vout_window_destroy(struct _VOUT_DEVICE_S* pstVoutDev,
                                                ^
device/hisilicon/bigfish/HiSTBSDKV6R2/hal/src/vout/tvos_hal_vout.c:1674:66: warning: unused parameter 'pstDestroyParams' [-Wunused-parameter]
                         const VOUT_WINDOW_DESTROY_PARAM_S* const pstDestroyParams)
                                                                  ^
device/hisilicon/bigfish/HiSTBSDKV6R2/hal/src/vout/tvos_hal_vout.c: In function 'vout_window_set':
device/hisilicon/bigfish/HiSTBSDKV6R2/hal/src/vout/tvos_hal_vout.c:1727:9: warning: format '%x' expects argument of type 'unsigned int', but argument 4 has type 'S32' [-Wformat=]
         HAL_ERROR("vout_window_set HI_UNF_VO_GetWindowAttr failed:%#x.\n", s32Ret);
         ^
device/hisilicon/bigfish/HiSTBSDKV6R2/hal/src/vout/tvos_hal_vout.c:1754:9: warning: format '%x' expects argument of type 'unsigned int', but argument 4 has type 'S32' [-Wformat=]
         HAL_ERROR("vout_window_set HI_UNF_VO_SetWindowAttr failed:%#x.\n", s32Ret);
         ^
device/hisilicon/bigfish/HiSTBSDKV6R2/hal/src/vout/tvos_hal_vout.c:1697:44: warning: unused parameter 'pstVoutDev' [-Wunused-parameter]
 S32 vout_window_set(struct _VOUT_DEVICE_S* pstVoutDev,
                                            ^
device/hisilicon/bigfish/HiSTBSDKV6R2/hal/src/vout/tvos_hal_vout.c: In function 'vout_window_get':
device/hisilicon/bigfish/HiSTBSDKV6R2/hal/src/vout/tvos_hal_vout.c:1779:5: warning: format '%x' expects argument of type 'unsigned int', but argument 4 has type 'S32' [-Wformat=]
     HAL_CHK_RETURN((SUCCESS != s32Ret), ERROR_VO_PARAMETER_INVALID, "vout_window_get HI_UNF_VO_GetWindowAttr failed:%#x.\n", s32Ret);
     ^
device/hisilicon/bigfish/HiSTBSDKV6R2/hal/src/vout/tvos_hal_vout.c:1807:5: warning: format '%x' expects argument of type 'unsigned int', but argument 4 has type 'S32' [-Wformat=]
     HAL_CHK_RETURN((SUCCESS != s32Ret), ERROR_DISPLAY_OP_FAILED, "HI_UNF_PQ_GetBrightness failed. ret(0x%08x)", s32Ret);
     ^
device/hisilicon/bigfish/HiSTBSDKV6R2/hal/src/vout/tvos_hal_vout.c:1811:5: warning: format '%x' expects argument of type 'unsigned int', but argument 4 has type 'S32' [-Wformat=]
     HAL_CHK_RETURN((SUCCESS != s32Ret), ERROR_DISPLAY_OP_FAILED, "HI_UNF_PQ_GetContrast failed. ret(0x%08x)", s32Ret);
     ^
device/hisilicon/bigfish/HiSTBSDKV6R2/hal/src/vout/tvos_hal_vout.c:1815:5: warning: format '%x' expects argument of type 'unsigned int', but argument 4 has type 'S32' [-Wformat=]
     HAL_CHK_RETURN((SUCCESS != s32Ret), ERROR_DISPLAY_OP_FAILED, "HI_UNF_PQ_GetSaturation failed. ret(0x%08x)", s32Ret);
     ^
device/hisilicon/bigfish/HiSTBSDKV6R2/hal/src/vout/tvos_hal_vout.c:1763:44: warning: unused parameter 'pstVoutDev' [-Wunused-parameter]
 S32 vout_window_get(struct _VOUT_DEVICE_S* pstVoutDev,
                                            ^
device/hisilicon/bigfish/HiSTBSDKV6R2/hal/src/vout/tvos_hal_vout.c: In function 'vout_window_set_input_rect':
device/hisilicon/bigfish/HiSTBSDKV6R2/hal/src/vout/tvos_hal_vout.c:1846:9: warning: format '%x' expects argument of type 'unsigned int', but argument 4 has type 'S32' [-Wformat=]
         HAL_ERROR("vout_window_set HI_UNF_VO_GetWindowAttr failed:%#x.\n", s32Ret);
         ^
device/hisilicon/bigfish/HiSTBSDKV6R2/hal/src/vout/tvos_hal_vout.c:1860:9: warning: format '%x' expects argument of type 'unsigned int', but argument 4 has type 'S32' [-Wformat=]
         HAL_ERROR("vout_window_set HI_UNF_VO_SetWindowAttr failed:%#x.\n", s32Ret);
         ^
device/hisilicon/bigfish/HiSTBSDKV6R2/hal/src/vout/tvos_hal_vout.c:1825:55: warning: unused parameter 'pstVoutDev' [-Wunused-parameter]
 S32 vout_window_set_input_rect(struct _VOUT_DEVICE_S* pstVoutDev,
                                                       ^
device/hisilicon/bigfish/HiSTBSDKV6R2/hal/src/vout/tvos_hal_vout.c: In function 'vout_window_get_input_rect':
device/hisilicon/bigfish/HiSTBSDKV6R2/hal/src/vout/tvos_hal_vout.c:1892:9: warning: format '%x' expects argument of type 'unsigned int', but argument 4 has type 'S32' [-Wformat=]
         HAL_ERROR("vout_window_set HI_UNF_VO_GetWindowAttr failed:%#x.\n", s32Ret);
         ^
device/hisilicon/bigfish/HiSTBSDKV6R2/hal/src/vout/tvos_hal_vout.c:1870:55: warning: unused parameter 'pstVoutDev' [-Wunused-parameter]
 S32 vout_window_get_input_rect(struct _VOUT_DEVICE_S* pstVoutDev,
                                                       ^
device/hisilicon/bigfish/HiSTBSDKV6R2/hal/src/vout/tvos_hal_vout.c: In function 'vout_window_set_output_rect':
device/hisilicon/bigfish/HiSTBSDKV6R2/hal/src/vout/tvos_hal_vout.c:1927:9: warning: format '%x' expects argument of type 'unsigned int', but argument 4 has type 'S32' [-Wformat=]
         HAL_ERROR("vout_window_set HI_UNF_VO_GetWindowAttr failed:%#x.\n", s32Ret);
         ^
device/hisilicon/bigfish/HiSTBSDKV6R2/hal/src/vout/tvos_hal_vout.c:1939:9: warning: format '%x' expects argument of type 'unsigned int', but argument 4 has type 'S32' [-Wformat=]
         HAL_ERROR("vout_window_set HI_UNF_VO_SetWindowAttr failed:%#x.\n", s32Ret);
         ^
device/hisilicon/bigfish/HiSTBSDKV6R2/hal/src/vout/tvos_hal_vout.c:1906:56: warning: unused parameter 'pstVoutDev' [-Wunused-parameter]
 S32 vout_window_set_output_rect(struct _VOUT_DEVICE_S* pstVoutDev,
                                                        ^
device/hisilicon/bigfish/HiSTBSDKV6R2/hal/src/vout/tvos_hal_vout.c: In function 'vout_window_get_output_rect':
device/hisilicon/bigfish/HiSTBSDKV6R2/hal/src/vout/tvos_hal_vout.c:1969:9: warning: format '%x' expects argument of type 'unsigned int', but argument 4 has type 'S32' [-Wformat=]
         HAL_ERROR("vout_window_set HI_UNF_VO_GetWindowAttr failed:%#x.\n", s32Ret);
         ^
device/hisilicon/bigfish/HiSTBSDKV6R2/hal/src/vout/tvos_hal_vout.c:1948:56: warning: unused parameter 'pstVoutDev' [-Wunused-parameter]
 S32 vout_window_get_output_rect(struct _VOUT_DEVICE_S* pstVoutDev,
                                                        ^
device/hisilicon/bigfish/HiSTBSDKV6R2/hal/src/vout/tvos_hal_vout.c: In function 'vout_window_get_status':
device/hisilicon/bigfish/HiSTBSDKV6R2/hal/src/vout/tvos_hal_vout.c:1983:51: warning: unused parameter 'pstVoutDev' [-Wunused-parameter]
 S32 vout_window_get_status(struct _VOUT_DEVICE_S* pstVoutDev,
                                                   ^
device/hisilicon/bigfish/HiSTBSDKV6R2/hal/src/vout/tvos_hal_vout.c:1984:41: warning: unused parameter 'hVoutWindow' [-Wunused-parameter]
                            const HANDLE hVoutWindow,
                                         ^
device/hisilicon/bigfish/HiSTBSDKV6R2/hal/src/vout/tvos_hal_vout.c:1985:57: warning: unused parameter 'pstStatus' [-Wunused-parameter]
                            VOUT_WINDOW_STATUS_S* const  pstStatus)
                                                         ^
device/hisilicon/bigfish/HiSTBSDKV6R2/hal/src/vout/tvos_hal_vout.c: In function 'vout_window_freeze':
device/hisilicon/bigfish/HiSTBSDKV6R2/hal/src/vout/tvos_hal_vout.c:2007:9: warning: format '%x' expects argument of type 'unsigned int', but argument 4 has type 'S32' [-Wformat=]
         HAL_ERROR("vout_window_freeze vout_window_freeze failed:%#x.\n", s32Ret);
         ^
device/hisilicon/bigfish/HiSTBSDKV6R2/hal/src/vout/tvos_hal_vout.c:1993:47: warning: unused parameter 'pstVoutDev' [-Wunused-parameter]
 S32 vout_window_freeze(struct _VOUT_DEVICE_S* pstVoutDev, const HANDLE hVoutWindow)
                                               ^
device/hisilicon/bigfish/HiSTBSDKV6R2/hal/src/vout/tvos_hal_vout.c: In function 'vout_window_unfreeze':
device/hisilicon/bigfish/HiSTBSDKV6R2/hal/src/vout/tvos_hal_vout.c:2029:9: warning: format '%x' expects argument of type 'unsigned int', but argument 4 has type 'S32' [-Wformat=]
         HAL_ERROR("vout_window_unfreeze HI_UNF_VO_FreezeWindow failed:%#x.\n", s32Ret);
         ^
device/hisilicon/bigfish/HiSTBSDKV6R2/hal/src/vout/tvos_hal_vout.c:2015:49: warning: unused parameter 'pstVoutDev' [-Wunused-parameter]
 S32 vout_window_unfreeze(struct _VOUT_DEVICE_S* pstVoutDev, const HANDLE hVoutWindow)
                                                 ^
device/hisilicon/bigfish/HiSTBSDKV6R2/hal/src/vout/tvos_hal_vout.c: In function 'vout_window_mute':
device/hisilicon/bigfish/HiSTBSDKV6R2/hal/src/vout/tvos_hal_vout.c:2047:9: warning: format '%x' expects argument of type 'unsigned int', but argument 4 has type 'long int' [-Wformat=]
         HAL_ERROR("vout_window_mute failed:%#x.\n", ERROR_VO_PARAMETER_INVALID);
         ^
device/hisilicon/bigfish/HiSTBSDKV6R2/hal/src/vout/tvos_hal_vout.c:2037:45: warning: unused parameter 'pstVoutDev' [-Wunused-parameter]
 S32 vout_window_mute(struct _VOUT_DEVICE_S* pstVoutDev, const HANDLE hVoutWindow)
                                             ^
device/hisilicon/bigfish/HiSTBSDKV6R2/hal/src/vout/tvos_hal_vout.c: In function 'vout_window_unmute':
device/hisilicon/bigfish/HiSTBSDKV6R2/hal/src/vout/tvos_hal_vout.c:2066:9: warning: format '%x' expects argument of type 'unsigned int', but argument 4 has type 'long int' [-Wformat=]
         HAL_ERROR("vout_window_unmute failed:%#x.\n", ERROR_VO_PARAMETER_INVALID);
         ^
device/hisilicon/bigfish/HiSTBSDKV6R2/hal/src/vout/tvos_hal_vout.c:2056:47: warning: unused parameter 'pstVoutDev' [-Wunused-parameter]
 S32 vout_window_unmute(struct _VOUT_DEVICE_S* pstVoutDev, const HANDLE hVoutWindow)
                                               ^
device/hisilicon/bigfish/HiSTBSDKV6R2/hal/src/vout/tvos_hal_vout.c: In function 'vout_window_attach_input':
device/hisilicon/bigfish/HiSTBSDKV6R2/hal/src/vout/tvos_hal_vout.c:2099:9: warning: format '%x' expects argument of type 'unsigned int', but argument 4 has type 'long int' [-Wformat=]
         HAL_ERROR("vout_window_attach_input HI_UNF_VO_AttachWindow failed:%#x.\n", ERROR_VO_PARAMETER_INVALID);
         ^
device/hisilicon/bigfish/HiSTBSDKV6R2/hal/src/vout/tvos_hal_vout.c:2076:53: warning: unused parameter 'pstVoutDev' [-Wunused-parameter]
 S32 vout_window_attach_input(struct _VOUT_DEVICE_S* pstVoutDev,
                                                     ^
device/hisilicon/bigfish/HiSTBSDKV6R2/hal/src/vout/tvos_hal_vout.c: In function 'vout_window_detach_input':
device/hisilicon/bigfish/HiSTBSDKV6R2/hal/src/vout/tvos_hal_vout.c:2129:9: warning: format '%x' expects argument of type 'unsigned int', but argument 4 has type 'long int' [-Wformat=]
         HAL_ERROR("vout_window_detach_input HI_UNF_VO_DetachWindow failed:%#x.\n", ERROR_VO_PARAMETER_INVALID);
         ^
device/hisilicon/bigfish/HiSTBSDKV6R2/hal/src/vout/tvos_hal_vout.c:2107:53: warning: unused parameter 'pstVoutDev' [-Wunused-parameter]
 S32 vout_window_detach_input(struct _VOUT_DEVICE_S* pstVoutDev,
                                                     ^
device/hisilicon/bigfish/HiSTBSDKV6R2/hal/src/vout/tvos_hal_vout.c: In function 'vout_window_set_colortemperature':
device/hisilicon/bigfish/HiSTBSDKV6R2/hal/src/vout/tvos_hal_vout.c:2138:61: warning: unused parameter 'pstVoutDev' [-Wunused-parameter]
 S32 vout_window_set_colortemperature(struct _VOUT_DEVICE_S* pstVoutDev,
                                                             ^
device/hisilicon/bigfish/HiSTBSDKV6R2/hal/src/vout/tvos_hal_vout.c:2139:51: warning: unused parameter 'hVoutWindow' [-Wunused-parameter]
                                      const HANDLE hVoutWindow,
                                                   ^
device/hisilicon/bigfish/HiSTBSDKV6R2/hal/src/vout/tvos_hal_vout.c:2140:71: warning: unused parameter 'pstColorTemperature' [-Wunused-parameter]
                                      VOUT_WINDOW_COLOR_TEMPERATURE_S* pstColorTemperature)
                                                                       ^
device/hisilicon/bigfish/HiSTBSDKV6R2/hal/src/vout/tvos_hal_vout.c: In function 'vout_window_set_zorder':
device/hisilicon/bigfish/HiSTBSDKV6R2/hal/src/vout/tvos_hal_vout.c:2171:9: warning: format '%x' expects argument of type 'unsigned int', but argument 4 has type 'long int' [-Wformat=]
         HAL_ERROR("vout_window_set_zorder HI_UNF_VO_SetWindowZorder failed:%#x.\n", ERROR_VO_PARAMETER_INVALID);
         ^
device/hisilicon/bigfish/HiSTBSDKV6R2/hal/src/vout/tvos_hal_vout.c:2147:51: warning: unused parameter 'pstVoutDev' [-Wunused-parameter]
 S32 vout_window_set_zorder(struct _VOUT_DEVICE_S* pstVoutDev,
                                                   ^
device/hisilicon/bigfish/HiSTBSDKV6R2/hal/src/vout/tvos_hal_vout.c: In function 'convert_vout_video_format_to_unf':
device/hisilicon/bigfish/HiSTBSDKV6R2/hal/src/vout/tvos_hal_vout.c:2217:2: warning: format '%x' expects argument of type 'unsigned int', but argument 4 has type 'long int' [-Wformat=]
  HAL_ERROR("convert_vout_videoformat_to_unf failed:%#x.\n", ERROR_VO_PARAMETER_INVALID);
  ^
device/hisilicon/bigfish/HiSTBSDKV6R2/hal/src/vout/tvos_hal_vout.c: In function 'convert_unf_video_format_to_vout':
device/hisilicon/bigfish/HiSTBSDKV6R2/hal/src/vout/tvos_hal_vout.c:2233:5: warning: format '%x' expects argument of type 'unsigned int', but argument 4 has type 'long int' [-Wformat=]
     HAL_ERROR("convert_unf_videoformat_to_vout failed:%#x.\n", ERROR_VO_PARAMETER_INVALID);
     ^
device/hisilicon/bigfish/HiSTBSDKV6R2/hal/src/vout/tvos_hal_vout.c: In function 'convert_vout_video_mode_to_unf':
device/hisilicon/bigfish/HiSTBSDKV6R2/hal/src/vout/tvos_hal_vout.c:2260:5: warning: format '%x' expects argument of type 'unsigned int', but argument 4 has type 'long int' [-Wformat=]
     HAL_ERROR("convert_vout_video_mode_to_unf failed:%#x.\n", ERROR_VO_PARAMETER_INVALID);
     ^
device/hisilicon/bigfish/HiSTBSDKV6R2/hal/src/vout/tvos_hal_vout.c: In function 'convert_unf_video_mode_to_vout':
device/hisilicon/bigfish/HiSTBSDKV6R2/hal/src/vout/tvos_hal_vout.c:2277:5: warning: format '%x' expects argument of type 'unsigned int', but argument 4 has type 'long int' [-Wformat=]
     HAL_ERROR("convert_unf_video_fmode_to_vout failed:%#x.\n", ERROR_VO_PARAMETER_INVALID);
     ^
device/hisilicon/bigfish/HiSTBSDKV6R2/hal/src/vout/tvos_hal_vout.c: In function 'convert_vout_video_frame_to_unf':
device/hisilicon/bigfish/HiSTBSDKV6R2/hal/src/vout/tvos_hal_vout.c:2309:5: warning: format '%x' expects argument of type 'unsigned int', but argument 4 has type 'long int' [-Wformat=]
     HAL_ERROR("convert_vout_video_frame_to_unf failed:%#x.\n", ERROR_VO_PARAMETER_INVALID);
     ^
device/hisilicon/bigfish/HiSTBSDKV6R2/hal/src/vout/tvos_hal_vout.c: In function 'convert_unf_video_frame_to_vout':
device/hisilicon/bigfish/HiSTBSDKV6R2/hal/src/vout/tvos_hal_vout.c:2326:5: warning: format '%x' expects argument of type 'unsigned int', but argument 4 has type 'long int' [-Wformat=]
     HAL_ERROR("convert_unf_video_frame_to_vout failed:%#x.\n", ERROR_VO_PARAMETER_INVALID);
     ^
device/hisilicon/bigfish/HiSTBSDKV6R2/hal/src/vout/tvos_hal_vout.c: In function 'vout_trans_phy_to_virtual':
device/hisilicon/bigfish/HiSTBSDKV6R2/hal/src/vout/tvos_hal_vout.c:2377:16: warning: assignment makes integer from pointer without a cast [enabled by default]
     u32VirAddr = HI_MMZ_Map(u32PhysAddr, 0);
                ^
device/hisilicon/bigfish/HiSTBSDKV6R2/hal/src/vout/tvos_hal_vout.c: In function 'vout_trans_virtual_to_phy':
device/hisilicon/bigfish/HiSTBSDKV6R2/hal/src/vout/tvos_hal_vout.c:2394:5: warning: passing argument 1 of 'HI_MMZ_GetPhyaddr' makes pointer from integer without a cast [enabled by default]
     s32Ret = HI_MMZ_GetPhyaddr(u32VirAddr, &u32PhyAddr, &u32Size);
     ^
In file included from device/hisilicon/bigfish/HiSTBSDKV6R2/source/msp/include/hi_unf_common.h:28:0,
                 from device/hisilicon/bigfish/HiSTBSDKV6R2/source/msp/include/hi_unf_vo.h:25,
                 from device/hisilicon/bigfish/HiSTBSDKV6R2/hal/src/vout/tvos_hal_vout.c:6:
device/hisilicon/bigfish/HiSTBSDKV6R2/source/common/include/hi_common.h:590:8: note: expected 'void *' but argument is of type 'HI_U32'
 HI_S32 HI_MMZ_GetPhyaddr(HI_VOID * pVir, HI_U32 *pu32Phyaddr, HI_U32 *pu32Size);
        ^
device/hisilicon/bigfish/HiSTBSDKV6R2/hal/src/vout/tvos_hal_vout.c: In function 'vout_4k_dequeue_free_frame':
device/hisilicon/bigfish/HiSTBSDKV6R2/hal/src/vout/tvos_hal_vout.c:2421:9: warning: implicit declaration of function 'HI_MPI_VDEC_GlobalRelFrm' [-Wimplicit-function-declaration]
         s32Ret = HI_MPI_VDEC_GlobalRelFrm((HI_DRV_VIDEO_FRAME_S *)vout_trans_phy_to_virtual(gs_Queue4kPhyAddr[i].u32PhyAddr));
         ^
device/hisilicon/bigfish/HiSTBSDKV6R2/hal/src/vout/tvos_hal_vout.c:2424:13: warning: format '%d' expects argument of type 'int', but argument 5 has type 'S32' [-Wformat=]
             HAL_ERROR("vout_4k_dequeue_free_frame failed index=%d s32Ret=%d ", i, s32Ret);
             ^
device/hisilicon/bigfish/HiSTBSDKV6R2/hal/src/vout/tvos_hal_vout.c: In function 'vout_queue_4kframe_address':
device/hisilicon/bigfish/HiSTBSDKV6R2/hal/src/vout/tvos_hal_vout.c:2585:9: warning: format '%ld' expects argument of type 'long int', but argument 4 has type 'U32' [-Wformat=]
         HAL_ERROR("vout_window_queue_frame have not array u32FrameIndex=%ld phyAddr=0x%x\n",u32FrameIndex,u32PhyAddr);
         ^
device/hisilicon/bigfish/HiSTBSDKV6R2/hal/src/vout/tvos_hal_vout.c: In function 'vout_dequeue_4kframe_address':
device/hisilicon/bigfish/HiSTBSDKV6R2/hal/src/vout/tvos_hal_vout.c:2616:9: warning: format '%ld' expects argument of type 'long int', but argument 4 has type 'U32' [-Wformat=]
         HAL_ERROR("vout_dequeue_4kframe_address have not array u32FrameIndex=%ld phyAddr=0x%x\n",u32FrameIndex,u32PhyAddr);
         ^
device/hisilicon/bigfish/HiSTBSDKV6R2/hal/src/vout/tvos_hal_vout.c: In function 'vout_window_queue_frame':
device/hisilicon/bigfish/HiSTBSDKV6R2/hal/src/vout/tvos_hal_vout.c:2669:13: warning: format '%x' expects argument of type 'unsigned int', but argument 4 has type 'S32' [-Wformat=]
             HAL_ERROR("VOUT HI_MPI_WIN_QueueFrame =====failed:%#x.\n", s32Ret);
             ^
device/hisilicon/bigfish/HiSTBSDKV6R2/hal/src/vout/tvos_hal_vout.c:2689:9: warning: format '%x' expects argument of type 'unsigned int', but argument 4 has type 'S32' [-Wformat=]
         HAL_ERROR("vout_window_queue_frame failed:%#x.\n", s32Ret);
         ^
device/hisilicon/bigfish/HiSTBSDKV6R2/hal/src/vout/tvos_hal_vout.c:2624:52: warning: unused parameter 'pstVoutDev' [-Wunused-parameter]
 S32 vout_window_queue_frame(struct _VOUT_DEVICE_S* pstVoutDev, const HANDLE hVoutWindow, VOUT_FRAME_INFO_S *pstFrameInfo)
                                                    ^
device/hisilicon/bigfish/HiSTBSDKV6R2/hal/src/vout/tvos_hal_vout.c: In function 'vout_window_dequeue_frame':
device/hisilicon/bigfish/HiSTBSDKV6R2/hal/src/vout/tvos_hal_vout.c:2735:23: warning: comparison between signed and unsigned integer expressions [-Wsign-compare]
         if(u32PhyAddr != -1)
                       ^
device/hisilicon/bigfish/HiSTBSDKV6R2/hal/src/vout/tvos_hal_vout.c:2747:17: warning: format '%d' expects argument of type 'int', but argument 4 has type 'S32' [-Wformat=]
                 HAL_ERROR("HI_MPI_VDEC_GlobalRelFrm failed s32Ret=%d phyaddr : %p", s32Ret ,u32PhyAddr);
                 ^
device/hisilicon/bigfish/HiSTBSDKV6R2/hal/src/vout/tvos_hal_vout.c:2747:17: warning: format '%p' expects argument of type 'void *', but argument 5 has type 'U32' [-Wformat=]
device/hisilicon/bigfish/HiSTBSDKV6R2/hal/src/vout/tvos_hal_vout.c:2697:54: warning: unused parameter 'pstVoutDev' [-Wunused-parameter]
 S32 vout_window_dequeue_frame(struct _VOUT_DEVICE_S* pstVoutDev,
                                                      ^
device/hisilicon/bigfish/HiSTBSDKV6R2/hal/src/vout/tvos_hal_vout.c: In function 'vout_window_reset':
device/hisilicon/bigfish/HiSTBSDKV6R2/hal/src/vout/tvos_hal_vout.c:2801:9: warning: format '%x' expects argument of type 'unsigned int', but argument 4 has type 'long int' [-Wformat=]
         HAL_ERROR("vout_window_reset failed:%#x.\n", ERROR_VO_PARAMETER_INVALID);
         ^
device/hisilicon/bigfish/HiSTBSDKV6R2/hal/src/vout/tvos_hal_vout.c:2787:46: warning: unused parameter 'pstVoutDev' [-Wunused-parameter]
 S32 vout_window_reset(struct _VOUT_DEVICE_S* pstVoutDev,
                                              ^
device/hisilicon/bigfish/HiSTBSDKV6R2/hal/src/vout/tvos_hal_vout.c: In function 'vout_window_get_virtual_size':
device/hisilicon/bigfish/HiSTBSDKV6R2/hal/src/vout/tvos_hal_vout.c:2838:9: warning: format '%x' expects argument of type 'unsigned int', but argument 4 has type 'S32' [-Wformat=]
         HAL_ERROR("vout_window_set HI_UNF_VO_GetWindowAttr failed:%#x.\n", s32Ret);
         ^
device/hisilicon/bigfish/HiSTBSDKV6R2/hal/src/vout/tvos_hal_vout.c:2846:9: warning: format '%x' expects argument of type 'unsigned int', but argument 6 has type 'S32' [-Wformat=]
         HAL_ERROR("Get Virtual Screen W&H is %d, %d, failed:%#x.\n", u32VirScrW, u32VirScrH, s32Ret);
         ^
device/hisilicon/bigfish/HiSTBSDKV6R2/hal/src/vout/tvos_hal_vout.c:2809:57: warning: unused parameter 'pstVoutDev' [-Wunused-parameter]
 S32 vout_window_get_virtual_size(struct _VOUT_DEVICE_S* pstVoutDev,
                                                         ^
device/hisilicon/bigfish/HiSTBSDKV6R2/hal/src/vout/tvos_hal_vout.c: In function 'vout_window_get_playinfo':
device/hisilicon/bigfish/HiSTBSDKV6R2/hal/src/vout/tvos_hal_vout.c:2883:9: warning: format '%x' expects argument of type 'unsigned int', but argument 4 has type 'S32' [-Wformat=]
         HAL_ERROR("vout_window_get_playinfo failed:%#x.\n", s32Ret);
         ^
device/hisilicon/bigfish/HiSTBSDKV6R2/hal/src/vout/tvos_hal_vout.c:2859:53: warning: unused parameter 'pstVoutDev' [-Wunused-parameter]
 S32 vout_window_get_playinfo(struct _VOUT_DEVICE_S* pstVoutDev, const HANDLE hVoutWindow,
                                                     ^
