In file included from platform/android/external/libxml2/libxml.h:38:0,
                 from platform/android/external/libxml2/xpointer.c:18:
platform/android/external/libxml2/include/libxml/xmlversion.h:151:0: warning: "LIBXML_PATTERN_ENABLED" redefined [enabled by default]
 #define LIBXML_PATTERN_ENABLED
 ^
<command-line>:0:0: note: this is the location of the previous definition
In file included from platform/android/external/libxml2/libxml.h:38:0,
                 from platform/android/external/libxml2/xpointer.c:18:
platform/android/external/libxml2/include/libxml/xmlversion.h:196:0: warning: "LIBXML_VALID_ENABLED" redefined [enabled by default]
 #define LIBXML_VALID_ENABLED
 ^
<command-line>:0:0: note: this is the location of the previous definition
In file included from platform/android/external/libxml2/libxml.h:38:0,
                 from platform/android/external/libxml2/xpointer.c:18:
platform/android/external/libxml2/include/libxml/xmlversion.h:331:0: warning: "LIBXML_UNICODE_ENABLED" redefined [enabled by default]
 #define LIBXML_UNICODE_ENABLED
 ^
<command-line>:0:0: note: this is the location of the previous definition
In file included from platform/android/external/libxml2/libxml.h:38:0,
                 from platform/android/external/libxml2/xpointer.c:18:
platform/android/external/libxml2/include/libxml/xmlversion.h:340:0: warning: "LIBXML_REGEXP_ENABLED" redefined [enabled by default]
 #define LIBXML_REGEXP_ENABLED
 ^
<command-line>:0:0: note: this is the location of the previous definition
In file included from platform/android/external/libxml2/libxml.h:38:0,
                 from platform/android/external/libxml2/xpointer.c:18:
platform/android/external/libxml2/include/libxml/xmlversion.h:349:0: warning: "LIBXML_AUTOMATA_ENABLED" redefined [enabled by default]
 #define LIBXML_AUTOMATA_ENABLED
 ^
<command-line>:0:0: note: this is the location of the previous definition
In file included from platform/android/external/libxml2/libxml.h:38:0,
                 from platform/android/external/libxml2/xpointer.c:18:
platform/android/external/libxml2/include/libxml/xmlversion.h:367:0: warning: "LIBXML_SCHEMAS_ENABLED" redefined [enabled by default]
 #define LIBXML_SCHEMAS_ENABLED
 ^
<command-line>:0:0: note: this is the location of the previous definition
platform/android/external/libxml2/xpointer.c: In function 'xmlXPtrNewRangeNodePoint':
platform/android/external/libxml2/xpointer.c:451:21: warning: comparison between 'xmlElementType' and 'enum <anonymous>' [-Wenum-compare]
     if (start->type != XPATH_POINT)
                     ^
