In file included from platform/android/frameworks/wilhelm/src/sles_allinclusive.h:96:0,
                 from platform/android/frameworks/wilhelm/src/itf/IStreamInformation.c:19,
                 from platform/android/frameworks/wilhelm/src/itf/IStreamInformation.cpp:18:
platform/android/frameworks/wilhelm/src/android/android_sles_conversions.h:98:36: warning: unused parameter 'channelMask' [-Wunused-parameter]
 static inline audio_channel_mask_t sles_to_android_channelMaskIn(SLuint32 nbChannels,
                                    ^
platform/android/frameworks/wilhelm/src/android/android_sles_conversions.h:105:36: warning: unused parameter 'channelMask' [-Wunused-parameter]
 static inline audio_channel_mask_t sles_to_android_channelMaskOut(SLuint32 nbChannels,
                                    ^
In file included from platform/android/frameworks/wilhelm/src/classes.h:20:0,
                 from platform/android/frameworks/wilhelm/src/sles_allinclusive.h:283,
                 from platform/android/frameworks/wilhelm/src/itf/IStreamInformation.c:19,
                 from platform/android/frameworks/wilhelm/src/itf/IStreamInformation.cpp:18:
platform/android/frameworks/wilhelm/src/android/android_GenericPlayer.h:81:18: warning: unused parameter 'bufferProducer' [-Wunused-parameter]
     virtual void setVideoSurfaceTexture(const sp<IGraphicBufferProducer> &bufferProducer) {}
                  ^
In file included from platform/android/frameworks/wilhelm/src/itf/IStreamInformation.cpp:18:0:
platform/android/frameworks/wilhelm/src/itf/IStreamInformation.c: In function 'XAresult IStreamInformation_QueryActiveStreams(XAStreamInformationItf, XAuint32*, XAboolean*)':
platform/android/frameworks/wilhelm/src/itf/IStreamInformation.c:233:17: warning: parameter 'activeStreams' set but not used [-Wunused-but-set-parameter]
 static XAresult IStreamInformation_QueryActiveStreams( XAStreamInformationItf self,
                 ^
platform/android/frameworks/wilhelm/src/itf/IStreamInformation.c: At global scope:
platform/android/frameworks/wilhelm/src/itf/IStreamInformation.c:261:17: warning: unused parameter 'self' [-Wunused-parameter]
 static XAresult IStreamInformation_SetActiveStream( XAStreamInformationItf self,
                 ^
platform/android/frameworks/wilhelm/src/itf/IStreamInformation.c:261:17: warning: unused parameter 'streamNum' [-Wunused-parameter]
platform/android/frameworks/wilhelm/src/itf/IStreamInformation.c:261:17: warning: unused parameter 'active' [-Wunused-parameter]
platform/android/frameworks/wilhelm/src/itf/IStreamInformation.c:261:17: warning: unused parameter 'commitNow' [-Wunused-parameter]
