In file included from device/hisilicon/bigfish/external/alsa-lib/src/pcm/pcm_params.c:22:0:
device/hisilicon/bigfish/external/alsa-lib/src/pcm/pcm_local.h: In function 'gettimestamp':
device/hisilicon/bigfish/external/alsa-lib/src/pcm/pcm_local.h:952:63: warning: unused parameter 'monotonic' [-Wunused-parameter]
 static inline void gettimestamp(snd_htimestamp_t *tstamp, int monotonic)
                                                               ^
device/hisilicon/bigfish/external/alsa-lib/src/pcm/pcm_params.c: In function 'dump_hw_params':
device/hisilicon/bigfish/external/alsa-lib/src/pcm/pcm_params.c:59:56: warning: unused parameter 'params' [-Wunused-parameter]
 static inline void dump_hw_params(snd_pcm_hw_params_t *params, const char *type,
                                                        ^
device/hisilicon/bigfish/external/alsa-lib/src/pcm/pcm_params.c:59:76: warning: unused parameter 'type' [-Wunused-parameter]
 static inline void dump_hw_params(snd_pcm_hw_params_t *params, const char *type,
                                                                            ^
device/hisilicon/bigfish/external/alsa-lib/src/pcm/pcm_params.c:60:26: warning: unused parameter 'var' [-Wunused-parameter]
       snd_pcm_hw_param_t var, unsigned int val, int err)
                          ^
device/hisilicon/bigfish/external/alsa-lib/src/pcm/pcm_params.c:60:44: warning: unused parameter 'val' [-Wunused-parameter]
       snd_pcm_hw_param_t var, unsigned int val, int err)
                                            ^
device/hisilicon/bigfish/external/alsa-lib/src/pcm/pcm_params.c:60:53: warning: unused parameter 'err' [-Wunused-parameter]
       snd_pcm_hw_param_t var, unsigned int val, int err)
                                                     ^
