In file included from platform/android/frameworks/wilhelm/src/sles_allinclusive.h:96:0,
                 from platform/android/frameworks/wilhelm/src/android/android_GenericPlayer.cpp:19:
platform/android/frameworks/wilhelm/src/android/android_sles_conversions.h:98:36: warning: unused parameter 'channelMask' [-Wunused-parameter]
 static inline audio_channel_mask_t sles_to_android_channelMaskIn(SLuint32 nbChannels,
                                    ^
platform/android/frameworks/wilhelm/src/android/android_sles_conversions.h:105:36: warning: unused parameter 'channelMask' [-Wunused-parameter]
 static inline audio_channel_mask_t sles_to_android_channelMaskOut(SLuint32 nbChannels,
                                    ^
In file included from platform/android/frameworks/wilhelm/src/classes.h:20:0,
                 from platform/android/frameworks/wilhelm/src/sles_allinclusive.h:283,
                 from platform/android/frameworks/wilhelm/src/android/android_GenericPlayer.cpp:19:
platform/android/frameworks/wilhelm/src/android/android_GenericPlayer.h:81:18: warning: unused parameter 'bufferProducer' [-Wunused-parameter]
     virtual void setVideoSurfaceTexture(const sp<IGraphicBufferProducer> &bufferProducer) {}
                  ^
platform/android/frameworks/wilhelm/src/android/android_GenericPlayer.cpp:474:6: warning: unused parameter 'msg' [-Wunused-parameter]
 void GenericPlayer::onSeek(const sp<AMessage> &msg) {
      ^
platform/android/frameworks/wilhelm/src/android/android_GenericPlayer.cpp:479:6: warning: unused parameter 'msg' [-Wunused-parameter]
 void GenericPlayer::onLoop(const sp<AMessage> &msg) {
      ^
platform/android/frameworks/wilhelm/src/android/android_GenericPlayer.cpp:499:6: warning: unused parameter 'msg' [-Wunused-parameter]
 void GenericPlayer::onBufferingUpdate(const sp<AMessage> &msg) {
      ^
platform/android/frameworks/wilhelm/src/android/android_GenericPlayer.cpp:514:6: warning: unused parameter 'msg' [-Wunused-parameter]
 void GenericPlayer::onAttachAuxEffect(const sp<AMessage> &msg) {
      ^
platform/android/frameworks/wilhelm/src/android/android_GenericPlayer.cpp:519:6: warning: unused parameter 'msg' [-Wunused-parameter]
 void GenericPlayer::onSetAuxEffectSendLevel(const sp<AMessage> &msg) {
      ^
