In file included from platform/android/external/pdfium/core/src/fpdftext/fpdf_text_int.cpp:13:0:
platform/android/external/pdfium/core/src/fpdftext/text_int.h: In constructor 'CPDF_TextPage::CPDF_TextPage(const CPDF_Page*, int)':
platform/android/external/pdfium/core/src/fpdftext/text_int.h:129:19: warning: 'CPDF_TextPage::m_IsParsered' will be initialized after [-Wreorder]
     FX_BOOL       m_IsParsered;
                   ^
platform/android/external/pdfium/core/src/fpdftext/text_int.h:122:27: warning:   'PAGECHAR_InfoArray CPDF_TextPage::m_charList' [-Wreorder]
     PAGECHAR_InfoArray    m_charList;
                           ^
platform/android/external/pdfium/core/src/fpdftext/fpdf_text_int.cpp:70:1: warning:   when initialized here [-Wreorder]
 CPDF_TextPage::CPDF_TextPage(const CPDF_Page* pPage, int flags)
 ^
In file included from platform/android/external/pdfium/core/src/fpdftext/fpdf_text_int.cpp:13:0:
platform/android/external/pdfium/core/src/fpdftext/text_int.h: In constructor 'CPDF_TextPage::CPDF_TextPage(const CPDF_Page*, CPDFText_ParseOptions)':
platform/android/external/pdfium/core/src/fpdftext/text_int.h:129:19: warning: 'CPDF_TextPage::m_IsParsered' will be initialized after [-Wreorder]
     FX_BOOL       m_IsParsered;
                   ^
platform/android/external/pdfium/core/src/fpdftext/text_int.h:122:27: warning:   'PAGECHAR_InfoArray CPDF_TextPage::m_charList' [-Wreorder]
     PAGECHAR_InfoArray    m_charList;
                           ^
platform/android/external/pdfium/core/src/fpdftext/fpdf_text_int.cpp:83:1: warning:   when initialized here [-Wreorder]
 CPDF_TextPage::CPDF_TextPage(const CPDF_Page* pPage, CPDFText_ParseOptions ParserOptions)
 ^
In file included from platform/android/external/pdfium/core/src/fpdftext/fpdf_text_int.cpp:13:0:
platform/android/external/pdfium/core/src/fpdftext/text_int.h:136:23: warning: 'CPDF_TextPage::m_CurlineRect' will be initialized after [-Wreorder]
     CFX_FloatRect     m_CurlineRect;
                       ^
platform/android/external/pdfium/core/src/fpdftext/text_int.h:119:29: warning:   'CPDFText_ParseOptions CPDF_TextPage::m_ParseOptions' [-Wreorder]
     CPDFText_ParseOptions   m_ParseOptions;
                             ^
platform/android/external/pdfium/core/src/fpdftext/fpdf_text_int.cpp:83:1: warning:   when initialized here [-Wreorder]
 CPDF_TextPage::CPDF_TextPage(const CPDF_Page* pPage, CPDFText_ParseOptions ParserOptions)
 ^
In file included from platform/android/external/pdfium/core/src/fpdftext/fpdf_text_int.cpp:13:0:
platform/android/external/pdfium/core/src/fpdftext/text_int.h: In constructor 'CPDF_TextPage::CPDF_TextPage(const CPDF_PageObjects*, int)':
platform/android/external/pdfium/core/src/fpdftext/text_int.h:129:19: warning: 'CPDF_TextPage::m_IsParsered' will be initialized after [-Wreorder]
     FX_BOOL       m_IsParsered;
                   ^
platform/android/external/pdfium/core/src/fpdftext/text_int.h:122:27: warning:   'PAGECHAR_InfoArray CPDF_TextPage::m_charList' [-Wreorder]
     PAGECHAR_InfoArray    m_charList;
                           ^
platform/android/external/pdfium/core/src/fpdftext/fpdf_text_int.cpp:97:1: warning:   when initialized here [-Wreorder]
 CPDF_TextPage::CPDF_TextPage(const CPDF_PageObjects* pPage, int flags)
 ^
platform/android/external/pdfium/core/src/fpdftext/fpdf_text_int.cpp: In member function 'int CPDF_TextPage::GetCharWidth(FX_DWORD, CPDF_Font*) const':
platform/android/external/pdfium/core/src/fpdftext/fpdf_text_int.cpp:1097:21: warning: comparison between signed and unsigned integer expressions [-Wsign-compare]
     if(charCode == -1) {
                     ^
platform/android/external/pdfium/core/src/fpdftext/fpdf_text_int.cpp: In member function 'FX_INT32 CPDF_TextPage::PreMarkedContent(PDFTEXT_Obj)':
platform/android/external/pdfium/core/src/fpdftext/fpdf_text_int.cpp:1475:51: warning: comparison between signed and unsigned integer expressions [-Wsign-compare]
         if (-1 == pFont->CharCodeFromUnicode(wChar)) {
                                                   ^
platform/android/external/pdfium/core/src/fpdftext/fpdf_text_int.cpp: In member function 'void CPDF_TextPage::ProcessTextObject(PDFTEXT_Obj)':
platform/android/external/pdfium/core/src/fpdftext/fpdf_text_int.cpp:1729:36: warning: comparison between signed and unsigned integer expressions [-Wsign-compare]
             if (space_charcode != -1) {
                                    ^
platform/android/external/pdfium/core/src/fpdftext/fpdf_text_int.cpp: In member function 'FX_BOOL CPDF_TextPage::GenerateCharInfo(FX_WCHAR, PAGECHAR_INFO&)':
platform/android/external/pdfium/core/src/fpdftext/fpdf_text_int.cpp:2144:66: warning: comparison between signed and unsigned integer expressions [-Wsign-compare]
     if (preChar.m_pTextObj && preChar.m_CharCode != (FX_DWORD) - 1) {
                                                                  ^
In file included from platform/android/external/pdfium/core/src/fpdftext/fpdf_text_int.cpp:13:0:
platform/android/external/pdfium/core/src/fpdftext/text_int.h: In constructor 'CPDF_TextPageFind::CPDF_TextPageFind(const IPDF_TextPage*)':
platform/android/external/pdfium/core/src/fpdftext/text_int.h:173:19: warning: 'CPDF_TextPageFind::m_IsFind' will be initialized after [-Wreorder]
     FX_BOOL       m_IsFind;
                   ^
platform/android/external/pdfium/core/src/fpdftext/text_int.h:161:28: warning:   'const IPDF_TextPage* CPDF_TextPageFind::m_pTextPage' [-Wreorder]
     const IPDF_TextPage*   m_pTextPage;
                            ^
platform/android/external/pdfium/core/src/fpdftext/fpdf_text_int.cpp:2182:1: warning:   when initialized here [-Wreorder]
 CPDF_TextPageFind::CPDF_TextPageFind(const IPDF_TextPage* pTextPage)
 ^
platform/android/external/pdfium/core/src/fpdftext/fpdf_text_int.cpp: In member function 'FX_BOOL CPDF_TextPageFind::IsMatchWholeWord(CFX_WideString, int, int)':
platform/android/external/pdfium/core/src/fpdftext/fpdf_text_int.cpp:2518:102: warning: comparison between signed and unsigned integer expressions [-Wsign-compare]
         if (csPageText.GetAt(startPos) >= L'0' && csPageText.GetAt(startPos) <= L'9' && char_left >= L'0' && char_left <= L'9') {
                                                                                                      ^
platform/android/external/pdfium/core/src/fpdftext/fpdf_text_int.cpp:2518:123: warning: comparison between signed and unsigned integer expressions [-Wsign-compare]
         if (csPageText.GetAt(startPos) >= L'0' && csPageText.GetAt(startPos) <= L'9' && char_left >= L'0' && char_left <= L'9') {
                                                                                                                           ^
platform/android/external/pdfium/core/src/fpdftext/fpdf_text_int.cpp:2521:99: warning: comparison between signed and unsigned integer expressions [-Wsign-compare]
         if (csPageText.GetAt(endPos) >= L'0' && csPageText.GetAt(endPos) <= L'9' && char_right >= L'0' && char_right <= L'9') {
                                                                                                   ^
platform/android/external/pdfium/core/src/fpdftext/fpdf_text_int.cpp:2521:121: warning: comparison between signed and unsigned integer expressions [-Wsign-compare]
         if (csPageText.GetAt(endPos) >= L'0' && csPageText.GetAt(endPos) <= L'9' && char_right >= L'0' && char_right <= L'9') {
                                                                                                                         ^
