framework/ngb-j/jni/impl_ngb_broadcast_dvb_si_SIDataProxy.cpp: In function '_jobject* android::create_network(JNIEnv*, jint, DVBNetwork_t*)':
framework/ngb-j/jni/impl_ngb_broadcast_dvb_si_SIDataProxy.cpp:510:39: warning: missing initializer for member 'DVBDescriptor_match_t::m_mask' [-Wmissing-field-initializers]
    DVBDescriptor_match_t match[1] = {0};
                                       ^
framework/ngb-j/jni/impl_ngb_broadcast_dvb_si_SIDataProxy.cpp:510:39: warning: missing initializer for member 'DVBDescriptor_match_t::m_match' [-Wmissing-field-initializers]
framework/ngb-j/jni/impl_ngb_broadcast_dvb_si_SIDataProxy.cpp: At global scope:
framework/ngb-j/jni/impl_ngb_broadcast_dvb_si_SIDataProxy.cpp:775:1: warning: unused parameter 'clazz' [-Wunused-parameter]
 si_SIDataProxy_getTunerIDs(JNIEnv *env, jclass clazz)
 ^
framework/ngb-j/jni/impl_ngb_broadcast_dvb_si_SIDataProxy.cpp:791:1: warning: unused parameter 'clazz' [-Wunused-parameter]
 si_SIDataProxy_getNetwork(JNIEnv *env, jclass clazz, jint _tunerID, jint _networkID)
 ^
framework/ngb-j/jni/impl_ngb_broadcast_dvb_si_SIDataProxy.cpp:816:1: warning: unused parameter 'clazz' [-Wunused-parameter]
 si_SIDataProxy_getService(JNIEnv *env, jclass clazz, jint _tunerID, jint _networkID, 
 ^
framework/ngb-j/jni/impl_ngb_broadcast_dvb_si_SIDataProxy.cpp:846:1: warning: unused parameter 'clazz' [-Wunused-parameter]
 si_SIDataProxy_getTransportStream(JNIEnv *env, jclass clazz, jint _tunerID, jint _networkID, 
 ^
framework/ngb-j/jni/impl_ngb_broadcast_dvb_si_SIDataProxy.cpp: In function '_jobject* android::si_SIDataProxy_getBouquets(JNIEnv*, jclass, jint, jint, jint, jint, jint)':
framework/ngb-j/jni/impl_ngb_broadcast_dvb_si_SIDataProxy.cpp:895:47: warning: missing initializer for member 'DVBSi_get_descriptor_config_t::timeout' [-Wmissing-field-initializers]
   DVBSi_get_descriptor_config_t config[1] = {0};
                                               ^
framework/ngb-j/jni/impl_ngb_broadcast_dvb_si_SIDataProxy.cpp:895:47: warning: missing initializer for member 'DVBSi_get_descriptor_config_t::mask' [-Wmissing-field-initializers]
framework/ngb-j/jni/impl_ngb_broadcast_dvb_si_SIDataProxy.cpp:895:47: warning: missing initializer for member 'DVBSi_get_descriptor_config_t::tableID' [-Wmissing-field-initializers]
framework/ngb-j/jni/impl_ngb_broadcast_dvb_si_SIDataProxy.cpp:895:47: warning: missing initializer for member 'DVBSi_get_descriptor_config_t::descTag' [-Wmissing-field-initializers]
framework/ngb-j/jni/impl_ngb_broadcast_dvb_si_SIDataProxy.cpp:895:47: warning: missing initializer for member 'DVBSi_get_descriptor_config_t::tableExt' [-Wmissing-field-initializers]
framework/ngb-j/jni/impl_ngb_broadcast_dvb_si_SIDataProxy.cpp:895:47: warning: missing initializer for member 'DVBSi_get_descriptor_config_t::tableExt2' [-Wmissing-field-initializers]
framework/ngb-j/jni/impl_ngb_broadcast_dvb_si_SIDataProxy.cpp:895:47: warning: missing initializer for member 'DVBSi_get_descriptor_config_t::tableExt3' [-Wmissing-field-initializers]
framework/ngb-j/jni/impl_ngb_broadcast_dvb_si_SIDataProxy.cpp: At global scope:
framework/ngb-j/jni/impl_ngb_broadcast_dvb_si_SIDataProxy.cpp:874:1: warning: unused parameter 'clazz' [-Wunused-parameter]
 si_SIDataProxy_getBouquets(JNIEnv *env, jclass clazz, jint _tunerID, jint _networkID, 
 ^
framework/ngb-j/jni/impl_ngb_broadcast_dvb_si_SIDataProxy.cpp:930:1: warning: unused parameter 'clazz' [-Wunused-parameter]
 si_SIDataProxy_getServices(JNIEnv *env, jclass clazz, jint _tunerID, jint _networkID, 
 ^
framework/ngb-j/jni/impl_ngb_broadcast_dvb_si_SIDataProxy.cpp: In function '_jobject* android::si_SIDataProxy_retrieveBouquets(JNIEnv*, jobject, jint, jint)':
framework/ngb-j/jni/impl_ngb_broadcast_dvb_si_SIDataProxy.cpp:1131:47: warning: missing initializer for member 'DVBSi_get_descriptor_config_t::timeout' [-Wmissing-field-initializers]
   DVBSi_get_descriptor_config_t config[1] = {0};
                                               ^
framework/ngb-j/jni/impl_ngb_broadcast_dvb_si_SIDataProxy.cpp:1131:47: warning: missing initializer for member 'DVBSi_get_descriptor_config_t::mask' [-Wmissing-field-initializers]
framework/ngb-j/jni/impl_ngb_broadcast_dvb_si_SIDataProxy.cpp:1131:47: warning: missing initializer for member 'DVBSi_get_descriptor_config_t::tableID' [-Wmissing-field-initializers]
framework/ngb-j/jni/impl_ngb_broadcast_dvb_si_SIDataProxy.cpp:1131:47: warning: missing initializer for member 'DVBSi_get_descriptor_config_t::descTag' [-Wmissing-field-initializers]
framework/ngb-j/jni/impl_ngb_broadcast_dvb_si_SIDataProxy.cpp:1131:47: warning: missing initializer for member 'DVBSi_get_descriptor_config_t::tableExt' [-Wmissing-field-initializers]
framework/ngb-j/jni/impl_ngb_broadcast_dvb_si_SIDataProxy.cpp:1131:47: warning: missing initializer for member 'DVBSi_get_descriptor_config_t::tableExt2' [-Wmissing-field-initializers]
framework/ngb-j/jni/impl_ngb_broadcast_dvb_si_SIDataProxy.cpp:1131:47: warning: missing initializer for member 'DVBSi_get_descriptor_config_t::tableExt3' [-Wmissing-field-initializers]
framework/ngb-j/jni/impl_ngb_broadcast_dvb_si_SIDataProxy.cpp: In function '_jobject* android::si_SIDataProxy_retrieveDescriptors(JNIEnv*, jobject, jint, jint, jint, jint, jint, jint, jint, jint, jint)':
framework/ngb-j/jni/impl_ngb_broadcast_dvb_si_SIDataProxy.cpp:1272:38: warning: missing initializer for member 'DVBDescriptor_match_t::m_mask' [-Wmissing-field-initializers]
   DVBDescriptor_match_t match[1] = {0};
                                      ^
framework/ngb-j/jni/impl_ngb_broadcast_dvb_si_SIDataProxy.cpp:1272:38: warning: missing initializer for member 'DVBDescriptor_match_t::m_match' [-Wmissing-field-initializers]
framework/ngb-j/jni/impl_ngb_broadcast_dvb_si_SIDataProxy.cpp:1282:48: warning: missing initializer for member 'DVBSi_get_descriptor_config_t::timeout' [-Wmissing-field-initializers]
    DVBSi_get_descriptor_config_t config[1] = {0};
                                                ^
framework/ngb-j/jni/impl_ngb_broadcast_dvb_si_SIDataProxy.cpp:1282:48: warning: missing initializer for member 'DVBSi_get_descriptor_config_t::mask' [-Wmissing-field-initializers]
framework/ngb-j/jni/impl_ngb_broadcast_dvb_si_SIDataProxy.cpp:1282:48: warning: missing initializer for member 'DVBSi_get_descriptor_config_t::tableID' [-Wmissing-field-initializers]
framework/ngb-j/jni/impl_ngb_broadcast_dvb_si_SIDataProxy.cpp:1282:48: warning: missing initializer for member 'DVBSi_get_descriptor_config_t::descTag' [-Wmissing-field-initializers]
framework/ngb-j/jni/impl_ngb_broadcast_dvb_si_SIDataProxy.cpp:1282:48: warning: missing initializer for member 'DVBSi_get_descriptor_config_t::tableExt' [-Wmissing-field-initializers]
framework/ngb-j/jni/impl_ngb_broadcast_dvb_si_SIDataProxy.cpp:1282:48: warning: missing initializer for member 'DVBSi_get_descriptor_config_t::tableExt2' [-Wmissing-field-initializers]
framework/ngb-j/jni/impl_ngb_broadcast_dvb_si_SIDataProxy.cpp:1282:48: warning: missing initializer for member 'DVBSi_get_descriptor_config_t::tableExt3' [-Wmissing-field-initializers]
framework/ngb-j/jni/impl_ngb_broadcast_dvb_si_SIDataProxy.cpp:1294:39: warning: missing initializer for member 'DVBDescriptor_match_t::m_mask' [-Wmissing-field-initializers]
    DVBDescriptor_match_t match[1] = {0};
                                       ^
framework/ngb-j/jni/impl_ngb_broadcast_dvb_si_SIDataProxy.cpp:1294:39: warning: missing initializer for member 'DVBDescriptor_match_t::m_match' [-Wmissing-field-initializers]
framework/ngb-j/jni/impl_ngb_broadcast_dvb_si_SIDataProxy.cpp:1306:48: warning: missing initializer for member 'DVBSi_get_descriptor_config_t::timeout' [-Wmissing-field-initializers]
    DVBSi_get_descriptor_config_t config[1] = {0};
                                                ^
framework/ngb-j/jni/impl_ngb_broadcast_dvb_si_SIDataProxy.cpp:1306:48: warning: missing initializer for member 'DVBSi_get_descriptor_config_t::mask' [-Wmissing-field-initializers]
framework/ngb-j/jni/impl_ngb_broadcast_dvb_si_SIDataProxy.cpp:1306:48: warning: missing initializer for member 'DVBSi_get_descriptor_config_t::tableID' [-Wmissing-field-initializers]
framework/ngb-j/jni/impl_ngb_broadcast_dvb_si_SIDataProxy.cpp:1306:48: warning: missing initializer for member 'DVBSi_get_descriptor_config_t::descTag' [-Wmissing-field-initializers]
framework/ngb-j/jni/impl_ngb_broadcast_dvb_si_SIDataProxy.cpp:1306:48: warning: missing initializer for member 'DVBSi_get_descriptor_config_t::tableExt' [-Wmissing-field-initializers]
framework/ngb-j/jni/impl_ngb_broadcast_dvb_si_SIDataProxy.cpp:1306:48: warning: missing initializer for member 'DVBSi_get_descriptor_config_t::tableExt2' [-Wmissing-field-initializers]
framework/ngb-j/jni/impl_ngb_broadcast_dvb_si_SIDataProxy.cpp:1306:48: warning: missing initializer for member 'DVBSi_get_descriptor_config_t::tableExt3' [-Wmissing-field-initializers]
framework/ngb-j/jni/impl_ngb_broadcast_dvb_si_SIDataProxy.cpp:1322:39: warning: missing initializer for member 'DVBDescriptor_match_t::m_mask' [-Wmissing-field-initializers]
    DVBDescriptor_match_t match[1] = {0};
                                       ^
framework/ngb-j/jni/impl_ngb_broadcast_dvb_si_SIDataProxy.cpp:1322:39: warning: missing initializer for member 'DVBDescriptor_match_t::m_match' [-Wmissing-field-initializers]
framework/ngb-j/jni/impl_ngb_broadcast_dvb_si_SIDataProxy.cpp:1332:38: warning: missing initializer for member 'DVBDescriptor_match_t::m_mask' [-Wmissing-field-initializers]
   DVBDescriptor_match_t match[1] = {0};
                                      ^
framework/ngb-j/jni/impl_ngb_broadcast_dvb_si_SIDataProxy.cpp:1332:38: warning: missing initializer for member 'DVBDescriptor_match_t::m_match' [-Wmissing-field-initializers]
framework/ngb-j/jni/impl_ngb_broadcast_dvb_si_SIDataProxy.cpp:1344:38: warning: missing initializer for member 'DVBDescriptor_match_t::m_mask' [-Wmissing-field-initializers]
   DVBDescriptor_match_t match[1] = {0};
                                      ^
framework/ngb-j/jni/impl_ngb_broadcast_dvb_si_SIDataProxy.cpp:1344:38: warning: missing initializer for member 'DVBDescriptor_match_t::m_match' [-Wmissing-field-initializers]
framework/ngb-j/jni/impl_ngb_broadcast_dvb_si_SIDataProxy.cpp: At global scope:
framework/ngb-j/jni/impl_ngb_broadcast_dvb_si_SIDataProxy.cpp:1262:1: warning: unused parameter '_bouquetID' [-Wunused-parameter]
 si_SIDataProxy_retrieveDescriptors(JNIEnv *env, jobject object, jint type,jint _bouquetID,jint _networkID,jint _originalNetworkID, jint _transportStreamID,jint pmtPID, jint _serviceID,jint _eventID,jint _esPID)
 ^
