component/OAM/agent/master/proc_master.c: In function 'TimeNow':
component/OAM/agent/master/proc_master.c:153:3: warning: implicit declaration of function 'times' [-Wimplicit-function-declaration]
   nTickCount = times(NULL);
   ^
component/OAM/agent/master/proc_master.c:153:3: warning: nested extern declaration of 'times' [-Wnested-externs]
component/OAM/agent/master/proc_master.c:155:3: warning: format '%x' expects argument of type 'unsigned int', but argument 2 has type 'clock_t' [-Wformat=]
   DebugOutString(TR069_DEBUG_OUT, "times read first value : 0x%x , HZ : %u\n", nTickCount, nTickPerSec); 
   ^
component/OAM/agent/master/proc_master.c:155:3: warning: format '%u' expects argument of type 'unsigned int', but argument 3 has type 'long int' [-Wformat=]
component/OAM/agent/master/proc_master.c:161:3: warning: format '%d' expects argument of type 'int', but argument 2 has type 'clock_t' [-Wformat=]
   DebugOutString(TR069_ERROR_OUT, "times error: %d, errno:%d, lastTick:0x%x\n", nTickCount, errno, lastTick);
   ^
component/OAM/agent/master/proc_master.c:161:3: warning: format '%x' expects argument of type 'unsigned int', but argument 4 has type 'long int' [-Wformat=]
component/OAM/agent/master/proc_master.c: In function 'master_fetch_evt':
component/OAM/agent/master/proc_master.c:371:17: warning: implicit declaration of function 'PingCfg' [-Wimplicit-function-declaration]
                 nRet = PingCfg();
                 ^
component/OAM/agent/master/proc_master.c:371:17: warning: nested extern declaration of 'PingCfg' [-Wnested-externs]
component/OAM/agent/master/proc_master.c:379:17: warning: implicit declaration of function 'Tr069DispRegMsgProc' [-Wimplicit-function-declaration]
                 Tr069DispRegMsgProc();               
                 ^
component/OAM/agent/master/proc_master.c:379:17: warning: nested extern declaration of 'Tr069DispRegMsgProc' [-Wnested-externs]
component/OAM/agent/master/proc_master.c:387:4: warning: implicit declaration of function 'GetXmlFilePath' [-Wimplicit-function-declaration]
    nRet = GetXmlFilePath();
    ^
component/OAM/agent/master/proc_master.c:387:4: warning: nested extern declaration of 'GetXmlFilePath' [-Wnested-externs]
component/OAM/agent/master/proc_master.c:394:4: warning: implicit declaration of function 'Tr069Initialize' [-Wimplicit-function-declaration]
    Tr069Initialize();
    ^
component/OAM/agent/master/proc_master.c:394:4: warning: nested extern declaration of 'Tr069Initialize' [-Wnested-externs]
component/OAM/agent/master/proc_master.c:419:13: warning: implicit declaration of function 'LaunchRegisterToAcs' [-Wimplicit-function-declaration]
             LaunchRegisterToAcs();
             ^
component/OAM/agent/master/proc_master.c:419:13: warning: nested extern declaration of 'LaunchRegisterToAcs' [-Wnested-externs]
component/OAM/agent/master/proc_master.c:430:5: warning: format '%x' expects argument of type 'unsigned int', but argument 2 has type 'struct master_event *' [-Wformat=]
     DebugOutString(TR069_ERROR_OUT, "Fetch timer pevt:0x%08x, pevt->handle:0x%08x, cb:%p, time:%u\n", 
     ^
component/OAM/agent/master/proc_master.c:470:13: warning: format '%d' expects argument of type 'int', but argument 2 has type '__kernel_suseconds_t' [-Wformat=]
             DebugOutString(TR069_DEBUG_OUT,"master_fetch_evt: select pwait->tv_secis %d \n",pwait->tv_usec);
             ^
arm-linux-androideabi-gcc: warning: component/OAM/agent/master: linker input file unused because linking not done
