platform/android/external/libpcap/pcap-netfilter-linux.c: In function 'netfilter_read_linux':
platform/android/external/libpcap/pcap-netfilter-linux.c:109:13: warning: comparison between signed and unsigned integer expressions [-Wsign-compare]
  while (len >= NLMSG_SPACE(0)) {
             ^
platform/android/external/libpcap/pcap-netfilter-linux.c:114:55: warning: comparison between signed and unsigned integer expressions [-Wsign-compare]
   if (nlh->nlmsg_len < sizeof(struct nlmsghdr) || len < nlh->nlmsg_len) {
                                                       ^
platform/android/external/libpcap/pcap-netfilter-linux.c:203:15: warning: comparison between signed and unsigned integer expressions [-Wsign-compare]
   if (msg_len > len)
               ^
platform/android/external/libpcap/pcap-netfilter-linux.c:87:42: warning: unused parameter 'max_packets' [-Wunused-parameter]
 netfilter_read_linux(pcap_t *handle, int max_packets, pcap_handler callback, u_char *user)
                                          ^
platform/android/external/libpcap/pcap-netfilter-linux.c: In function 'netfilter_inject_linux':
platform/android/external/libpcap/pcap-netfilter-linux.c:231:52: warning: unused parameter 'buf' [-Wunused-parameter]
 netfilter_inject_linux(pcap_t *handle, const void *buf, size_t size)
                                                    ^
platform/android/external/libpcap/pcap-netfilter-linux.c:231:64: warning: unused parameter 'size' [-Wunused-parameter]
 netfilter_inject_linux(pcap_t *handle, const void *buf, size_t size)
                                                                ^
platform/android/external/libpcap/pcap-netfilter-linux.c: In function 'netfilter_send_config_msg':
platform/android/external/libpcap/pcap-netfilter-linux.c:308:14: warning: comparison between signed and unsigned integer expressions [-Wsign-compare]
   while (len >= NLMSG_SPACE(0) && NLMSG_OK(nlh, len)) {
              ^
