device/hisilicon/bigfish/external/dhcp/common/alloc.c: In function 'free_pair':
device/hisilicon/bigfish/external/dhcp/common/alloc.c:403:14: warning: unused parameter 'file' [-Wunused-parameter]
  const char *file;
              ^
device/hisilicon/bigfish/external/dhcp/common/alloc.c:404:6: warning: unused parameter 'line' [-Wunused-parameter]
  int line;
      ^
device/hisilicon/bigfish/external/dhcp/common/alloc.c: In function 'free_expression':
device/hisilicon/bigfish/external/dhcp/common/alloc.c:477:14: warning: unused parameter 'file' [-Wunused-parameter]
  const char *file;
              ^
device/hisilicon/bigfish/external/dhcp/common/alloc.c:478:6: warning: unused parameter 'line' [-Wunused-parameter]
  int line;
      ^
device/hisilicon/bigfish/external/dhcp/common/alloc.c: In function 'free_binding_value':
device/hisilicon/bigfish/external/dhcp/common/alloc.c:551:14: warning: unused parameter 'file' [-Wunused-parameter]
  const char *file;
              ^
device/hisilicon/bigfish/external/dhcp/common/alloc.c:552:6: warning: unused parameter 'line' [-Wunused-parameter]
  int line;
      ^
device/hisilicon/bigfish/external/dhcp/common/alloc.c: In function 'data_string_truncate':
device/hisilicon/bigfish/external/dhcp/common/alloc.c:1358:10: warning: comparison between signed and unsigned integer expressions [-Wsign-compare]
  if (len < dp -> len) {
          ^
