platform/android/external/ipsec-tools/setup.c: In function 'getpskbyaddr':
platform/android/external/ipsec-tools/setup.c:519:40: warning: unused parameter 'addr' [-Wunused-parameter]
 vchar_t *getpskbyaddr(struct sockaddr *addr)
                                        ^
platform/android/external/ipsec-tools/setup.c: In function 'getpskbyname':
platform/android/external/ipsec-tools/setup.c:524:32: warning: unused parameter 'name' [-Wunused-parameter]
 vchar_t *getpskbyname(vchar_t *name)
                                ^
platform/android/external/ipsec-tools/setup.c: In function 'getpathname':
platform/android/external/ipsec-tools/setup.c:529:46: warning: unused parameter 'type' [-Wunused-parameter]
 void getpathname(char *path, int length, int type, const char *name)
                                              ^
platform/android/external/ipsec-tools/setup.c: In function 'myaddr_getsport':
platform/android/external/ipsec-tools/setup.c:541:38: warning: unused parameter 'addr' [-Wunused-parameter]
 int myaddr_getsport(struct sockaddr *addr)
                                      ^
platform/android/external/ipsec-tools/setup.c: In function 'privsep_accounting_system':
platform/android/external/ipsec-tools/setup.c:627:35: warning: unused parameter 'port' [-Wunused-parameter]
 int privsep_accounting_system(int port, struct sockaddr *addr,
                                   ^
platform/android/external/ipsec-tools/setup.c:627:58: warning: unused parameter 'addr' [-Wunused-parameter]
 int privsep_accounting_system(int port, struct sockaddr *addr,
                                                          ^
platform/android/external/ipsec-tools/setup.c:628:15: warning: unused parameter 'user' [-Wunused-parameter]
         char *user, int status)
               ^
platform/android/external/ipsec-tools/setup.c:628:25: warning: unused parameter 'status' [-Wunused-parameter]
         char *user, int status)
                         ^
platform/android/external/ipsec-tools/setup.c: In function 'privsep_xauth_login_system':
platform/android/external/ipsec-tools/setup.c:633:38: warning: unused parameter 'user' [-Wunused-parameter]
 int privsep_xauth_login_system(char *user, char *password)
                                      ^
platform/android/external/ipsec-tools/setup.c:633:50: warning: unused parameter 'password' [-Wunused-parameter]
 int privsep_xauth_login_system(char *user, char *password)
                                                  ^
platform/android/external/ipsec-tools/setup.c: In function 'racoon_hexdump':
platform/android/external/ipsec-tools/setup.c:640:26: warning: unused parameter 'data' [-Wunused-parameter]
 int racoon_hexdump(void *data, size_t length)
                          ^
platform/android/external/ipsec-tools/setup.c:640:39: warning: unused parameter 'length' [-Wunused-parameter]
 int racoon_hexdump(void *data, size_t length)
                                       ^
platform/android/external/ipsec-tools/setup.c: In function 'getsainfo':
platform/android/external/ipsec-tools/setup.c:647:41: warning: unused parameter 'src' [-Wunused-parameter]
 struct sainfo *getsainfo(const vchar_t *src, const vchar_t *dst,
                                         ^
platform/android/external/ipsec-tools/setup.c:647:61: warning: unused parameter 'dst' [-Wunused-parameter]
 struct sainfo *getsainfo(const vchar_t *src, const vchar_t *dst,
                                                             ^
platform/android/external/ipsec-tools/setup.c:648:24: warning: unused parameter 'peer' [-Wunused-parameter]
         const vchar_t *peer, int remoteid)
                        ^
platform/android/external/ipsec-tools/setup.c:648:34: warning: unused parameter 'remoteid' [-Wunused-parameter]
         const vchar_t *peer, int remoteid)
                                  ^
platform/android/external/ipsec-tools/setup.c: In function 'sainfo2str':
platform/android/external/ipsec-tools/setup.c:653:45: warning: unused parameter 'si' [-Wunused-parameter]
 const char *sainfo2str(const struct sainfo *si)
                                             ^
platform/android/external/ipsec-tools/setup.c: In function 'throttle_host':
platform/android/external/ipsec-tools/setup.c:660:36: warning: unused parameter 'addr' [-Wunused-parameter]
 int throttle_host(struct sockaddr *addr, int fail)
                                    ^
platform/android/external/ipsec-tools/setup.c:660:46: warning: unused parameter 'fail' [-Wunused-parameter]
 int throttle_host(struct sockaddr *addr, int fail)
                                              ^
