component/dtv/service/src/mid/epg/mid_epg.c: In function 'CHMID_EPG_PF_SectionCaptureCallbackForActual':
component/dtv/service/src/mid/epg/mid_epg.c:162:66: warning: unused parameter 'sec_len' [-Wunused-parameter]
 void CHMID_EPG_PF_SectionCaptureCallbackForActual(S32 reqID, int sec_len)
                                                                  ^
component/dtv/service/src/mid/epg/mid_epg.c: In function 'CHMID_EPG_PF_SectionCaptureCallbackForOther':
component/dtv/service/src/mid/epg/mid_epg.c:211:65: warning: unused parameter 'sec_len' [-Wunused-parameter]
 void CHMID_EPG_PF_SectionCaptureCallbackForOther(S32 reqID, int sec_len)
                                                                 ^
component/dtv/service/src/mid/epg/mid_epg.c: In function 'CHMID_EPG_Sch_SectionCaptureCallbackForActual':
component/dtv/service/src/mid/epg/mid_epg.c:261:67: warning: unused parameter 'sec_len' [-Wunused-parameter]
 void CHMID_EPG_Sch_SectionCaptureCallbackForActual(S32 reqID, int sec_len)
                                                                   ^
component/dtv/service/src/mid/epg/mid_epg.c: In function 'CHMID_EPG_Sch_SectionCaptureCallbackForOther':
component/dtv/service/src/mid/epg/mid_epg.c:309:66: warning: unused parameter 'sec_len' [-Wunused-parameter]
 void CHMID_EPG_Sch_SectionCaptureCallbackForOther(S32 reqID, int sec_len)
                                                                  ^
component/dtv/service/src/mid/epg/mid_epg.c: In function 'CHMID_EPG_CheckAndMallocMem':
component/dtv/service/src/mid/epg/mid_epg.c:484:22: warning: comparison between signed and unsigned integer expressions [-Wsign-compare]
   if (gui_MaxMemSize <= rpi_Size)
                      ^
component/dtv/service/src/mid/epg/mid_epg.c: In function 'CH_time_printDate':
component/dtv/service/src/mid/epg/mid_epg.c:904:2: warning: format '%d' expects argument of type 'int', but argument 4 has type 'long unsigned int' [-Wformat=]
  LOGI("xyk-->CH_time_printDate-->us_mjd:%d-%d:%d:%d",
  ^
component/dtv/service/src/mid/epg/mid_epg.c: In function 'CHMID_EPG_ReFresh':
component/dtv/service/src/mid/epg/mid_epg.c:983:41: warning: unused parameter 'ruc_Type' [-Wunused-parameter]
 CHMID_EPG_RESULT_e CHMID_EPG_ReFresh(U8 ruc_Type)
                                         ^
component/dtv/service/src/mid/epg/mid_epg.c: In function 'CHMID_EPG_ControlTask':
component/dtv/service/src/mid/epg/mid_epg.c:1179:34: warning: unused parameter 'argv' [-Wunused-parameter]
 void CHMID_EPG_ControlTask(void *argv)
                                  ^
component/dtv/service/src/mid/epg/mid_epg.c: In function 'CHMID_EPG_ParsePfTask':
component/dtv/service/src/mid/epg/mid_epg.c:1488:34: warning: unused parameter 'argv' [-Wunused-parameter]
 void CHMID_EPG_ParsePfTask(void *argv)
                                  ^
component/dtv/service/src/mid/epg/mid_epg.c: In function 'CHMID_EPG_ParseSchTask':
component/dtv/service/src/mid/epg/mid_epg.c:1674:35: warning: unused parameter 'argv' [-Wunused-parameter]
 void CHMID_EPG_ParseSchTask(void *argv)
                                   ^
component/dtv/service/src/mid/epg/mid_epg.c: In function 'CHMID_EPG_GetEventNum':
component/dtv/service/src/mid/epg/mid_epg.c:2708:97: warning: unused parameter 'rui_Language' [-Wunused-parameter]
 CHMID_EPG_RESULT_e CHMID_EPG_GetEventNum(U16 rus_OrgNetId, U16 rus_TsID, U16 rus_ServiceID, U32 rui_Language, U16 *rpus_EventNum)
                                                                                                 ^
component/dtv/service/src/mid/epg/mid_epg.c: In function 'CHMID_EPG_GetPfInfo':
component/dtv/service/src/mid/epg/mid_epg.c:2827:95: warning: unused parameter 'rui_Language' [-Wunused-parameter]
 CHMID_EPG_RESULT_e CHMID_EPG_GetPfInfo(U16 rus_TsID, U16 rus_OrgNetId, U16 rus_ServiceID, U32 rui_Language, CHMID_EPG_PFEVENTCONTAINER_t **rppstru_PfList)
                                                                                               ^
component/dtv/service/src/mid/epg/mid_epg.c: In function 'CHMID_EPG_GetSchInfo':
component/dtv/service/src/mid/epg/mid_epg.c:2879:96: warning: unused parameter 'rui_Language' [-Wunused-parameter]
 CHMID_EPG_RESULT_e CHMID_EPG_GetSchInfo(U16 rus_TsID, U16 rus_OrgNetId, U16 rus_ServiceID, U32 rui_Language, CHMID_EPG_SCHEVENTCONTAINER_t **rppstru_SchList)
                                                                                                ^
component/dtv/service/src/mid/epg/mid_epg.c: In function 'CHMID_EPG_GetPfExtendText':
component/dtv/service/src/mid/epg/mid_epg.c:3011:50: warning: unused parameter 'ri_DeMux' [-Wunused-parameter]
 CHMID_EPG_RESULT_e CHMID_EPG_GetPfExtendText(S32 ri_DeMux, S32 ri_Timeout, U16 rus_TsID, U16 rus_OrgNetId, U16 rus_ServiceID, U16 rus_EventID, U32 rui_Language, U32 *rpui_TextBytes, U8 *rpuc_Text)
                                                  ^
component/dtv/service/src/mid/epg/mid_epg.c:3011:64: warning: unused parameter 'ri_Timeout' [-Wunused-parameter]
 CHMID_EPG_RESULT_e CHMID_EPG_GetPfExtendText(S32 ri_DeMux, S32 ri_Timeout, U16 rus_TsID, U16 rus_OrgNetId, U16 rus_ServiceID, U16 rus_EventID, U32 rui_Language, U32 *rpui_TextBytes, U8 *rpuc_Text)
                                                                ^
component/dtv/service/src/mid/epg/mid_epg.c:3011:148: warning: unused parameter 'rui_Language' [-Wunused-parameter]
 CHMID_EPG_RESULT_e CHMID_EPG_GetPfExtendText(S32 ri_DeMux, S32 ri_Timeout, U16 rus_TsID, U16 rus_OrgNetId, U16 rus_ServiceID, U16 rus_EventID, U32 rui_Language, U32 *rpui_TextBytes, U8 *rpuc_Text)
                                                                                                                                                    ^
component/dtv/service/src/mid/epg/mid_epg.c: In function 'CHMID_EPG_GetPfExtendDes':
component/dtv/service/src/mid/epg/mid_epg.c:3065:49: warning: unused parameter 'ri_DeMux' [-Wunused-parameter]
 CHMID_EPG_RESULT_e CHMID_EPG_GetPfExtendDes(S32 ri_DeMux, S32 ri_Timeout, U16 rus_TsID, U16 rus_OrgNetId, U16 rus_ServiceID, U16 rus_EventID, U32 rui_Language, U32 *rpui_TextBytes, U32 *rpui_ElemNum, CHMID_EPG_EXTENDEVENT_t *rpStru_EIT_PfExtendDes)
                                                 ^
component/dtv/service/src/mid/epg/mid_epg.c:3065:63: warning: unused parameter 'ri_Timeout' [-Wunused-parameter]
 CHMID_EPG_RESULT_e CHMID_EPG_GetPfExtendDes(S32 ri_DeMux, S32 ri_Timeout, U16 rus_TsID, U16 rus_OrgNetId, U16 rus_ServiceID, U16 rus_EventID, U32 rui_Language, U32 *rpui_TextBytes, U32 *rpui_ElemNum, CHMID_EPG_EXTENDEVENT_t *rpStru_EIT_PfExtendDes)
                                                               ^
component/dtv/service/src/mid/epg/mid_epg.c:3065:147: warning: unused parameter 'rui_Language' [-Wunused-parameter]
 CHMID_EPG_RESULT_e CHMID_EPG_GetPfExtendDes(S32 ri_DeMux, S32 ri_Timeout, U16 rus_TsID, U16 rus_OrgNetId, U16 rus_ServiceID, U16 rus_EventID, U32 rui_Language, U32 *rpui_TextBytes, U32 *rpui_ElemNum, CHMID_EPG_EXTENDEVENT_t *rpStru_EIT_PfExtendDes)
                                                                                                                                                   ^
component/dtv/service/src/mid/epg/mid_epg.c: In function 'CHMID_EPG_GetPfExtendItemDes':
component/dtv/service/src/mid/epg/mid_epg.c:3149:53: warning: unused parameter 'ri_DeMux' [-Wunused-parameter]
 CHMID_EPG_RESULT_e CHMID_EPG_GetPfExtendItemDes(S32 ri_DeMux, S32 ri_Timeout, U16 rus_TsID, U16 rus_OrgNetId, U16 rus_ServiceID, U16 rus_EventID, U32 rui_Language, U32 *rpui_ElemNum, CHMID_EPG_EXTENDEVENT_t *rpStru_EventItem)
                                                     ^
component/dtv/service/src/mid/epg/mid_epg.c:3149:67: warning: unused parameter 'ri_Timeout' [-Wunused-parameter]
 CHMID_EPG_RESULT_e CHMID_EPG_GetPfExtendItemDes(S32 ri_DeMux, S32 ri_Timeout, U16 rus_TsID, U16 rus_OrgNetId, U16 rus_ServiceID, U16 rus_EventID, U32 rui_Language, U32 *rpui_ElemNum, CHMID_EPG_EXTENDEVENT_t *rpStru_EventItem)
                                                                   ^
component/dtv/service/src/mid/epg/mid_epg.c:3149:151: warning: unused parameter 'rui_Language' [-Wunused-parameter]
 CHMID_EPG_RESULT_e CHMID_EPG_GetPfExtendItemDes(S32 ri_DeMux, S32 ri_Timeout, U16 rus_TsID, U16 rus_OrgNetId, U16 rus_ServiceID, U16 rus_EventID, U32 rui_Language, U32 *rpui_ElemNum, CHMID_EPG_EXTENDEVENT_t *rpStru_EventItem)
                                                                                                                                                       ^
component/dtv/service/src/mid/epg/mid_epg.c: In function 'CHMID_EPG_GetSchExtendDes':
component/dtv/service/src/mid/epg/mid_epg.c:3218:50: warning: unused parameter 'ri_DeMux' [-Wunused-parameter]
 CHMID_EPG_RESULT_e CHMID_EPG_GetSchExtendDes(S32 ri_DeMux, S32 ri_TimeOut, U16 rus_TsID, U16 rus_OrgNetId, U16 rus_ServiceID, U16 rus_EventID, U32 rui_Language, U32 *rpui_TextBytes, U32 *rpui_ElemNum, CHMID_EPG_EXTENDEVENT_t *rpStru_EIT_SchExtendDes)
                                                  ^
component/dtv/service/src/mid/epg/mid_epg.c:3218:64: warning: unused parameter 'ri_TimeOut' [-Wunused-parameter]
 CHMID_EPG_RESULT_e CHMID_EPG_GetSchExtendDes(S32 ri_DeMux, S32 ri_TimeOut, U16 rus_TsID, U16 rus_OrgNetId, U16 rus_ServiceID, U16 rus_EventID, U32 rui_Language, U32 *rpui_TextBytes, U32 *rpui_ElemNum, CHMID_EPG_EXTENDEVENT_t *rpStru_EIT_SchExtendDes)
                                                                ^
component/dtv/service/src/mid/epg/mid_epg.c:3218:148: warning: unused parameter 'rui_Language' [-Wunused-parameter]
 CHMID_EPG_RESULT_e CHMID_EPG_GetSchExtendDes(S32 ri_DeMux, S32 ri_TimeOut, U16 rus_TsID, U16 rus_OrgNetId, U16 rus_ServiceID, U16 rus_EventID, U32 rui_Language, U32 *rpui_TextBytes, U32 *rpui_ElemNum, CHMID_EPG_EXTENDEVENT_t *rpStru_EIT_SchExtendDes)
                                                                                                                                                    ^
component/dtv/service/src/mid/epg/mid_epg.c: In function 'CHMID_EPG_GetSchExtendText':
component/dtv/service/src/mid/epg/mid_epg.c:3301:51: warning: unused parameter 'ri_DeMux' [-Wunused-parameter]
 CHMID_EPG_RESULT_e CHMID_EPG_GetSchExtendText(S32 ri_DeMux, S32 ri_TimeOut, U16 rus_TsID, U16 rus_OrgNetId, U16 rus_ServiceID, U16 rus_EventID, U32 rui_Language, U32 *rpui_TextBytes, U8 *rpuc_Text)
                                                   ^
component/dtv/service/src/mid/epg/mid_epg.c:3301:65: warning: unused parameter 'ri_TimeOut' [-Wunused-parameter]
 CHMID_EPG_RESULT_e CHMID_EPG_GetSchExtendText(S32 ri_DeMux, S32 ri_TimeOut, U16 rus_TsID, U16 rus_OrgNetId, U16 rus_ServiceID, U16 rus_EventID, U32 rui_Language, U32 *rpui_TextBytes, U8 *rpuc_Text)
                                                                 ^
component/dtv/service/src/mid/epg/mid_epg.c:3301:149: warning: unused parameter 'rui_Language' [-Wunused-parameter]
 CHMID_EPG_RESULT_e CHMID_EPG_GetSchExtendText(S32 ri_DeMux, S32 ri_TimeOut, U16 rus_TsID, U16 rus_OrgNetId, U16 rus_ServiceID, U16 rus_EventID, U32 rui_Language, U32 *rpui_TextBytes, U8 *rpuc_Text)
                                                                                                                                                     ^
component/dtv/service/src/mid/epg/mid_epg.c: In function 'CHMID_EPG_GetSchExtendItemDes':
component/dtv/service/src/mid/epg/mid_epg.c:3354:54: warning: unused parameter 'ri_DeMux' [-Wunused-parameter]
 CHMID_EPG_RESULT_e CHMID_EPG_GetSchExtendItemDes(S32 ri_DeMux, S32 ri_TimeOut, U16 rus_TsID, U16 rus_OrgNetId, U16 rus_ServiceID, U16 rus_EventID, U32 rui_Language, U32 *rpui_ElemNum, CHMID_EPG_EXTENDEVENT_t *rpStru_EventItem)
                                                      ^
component/dtv/service/src/mid/epg/mid_epg.c:3354:68: warning: unused parameter 'ri_TimeOut' [-Wunused-parameter]
 CHMID_EPG_RESULT_e CHMID_EPG_GetSchExtendItemDes(S32 ri_DeMux, S32 ri_TimeOut, U16 rus_TsID, U16 rus_OrgNetId, U16 rus_ServiceID, U16 rus_EventID, U32 rui_Language, U32 *rpui_ElemNum, CHMID_EPG_EXTENDEVENT_t *rpStru_EventItem)
                                                                    ^
component/dtv/service/src/mid/epg/mid_epg.c:3354:152: warning: unused parameter 'rui_Language' [-Wunused-parameter]
 CHMID_EPG_RESULT_e CHMID_EPG_GetSchExtendItemDes(S32 ri_DeMux, S32 ri_TimeOut, U16 rus_TsID, U16 rus_OrgNetId, U16 rus_ServiceID, U16 rus_EventID, U32 rui_Language, U32 *rpui_ElemNum, CHMID_EPG_EXTENDEVENT_t *rpStru_EventItem)
                                                                                                                                                        ^
