In file included from device/hisilicon/bigfish/HiSTBSDKV6R2/source/common/include/hi_flash.h:29:0,
                 from device/hisilicon/bigfish/HiSTBSDKV6R2/source/common/api/./flash/src/nand.c:12:
device/hisilicon/bigfish/HiSTBSDKV6R2/source/common/include/hi_type.h:44:23: warning: ISO C90 does not support 'long long' [-Wlong-long]
 typedef unsigned long long      HI_U64;
                       ^
device/hisilicon/bigfish/HiSTBSDKV6R2/source/common/include/hi_type.h:45:14: warning: ISO C90 does not support 'long long' [-Wlong-long]
 typedef long long               HI_S64;
              ^
In file included from device/hisilicon/bigfish/HiSTBSDKV6R2/source/common/api/./flash/src/nand.c:12:0:
device/hisilicon/bigfish/HiSTBSDKV6R2/source/common/include/hi_flash.h:87:43: warning: ISO C90 does not support 'long long' [-Wlong-long]
     int (*raw_read)(int fd, unsigned long long *startaddr, unsigned char *buffer,
                                           ^
device/hisilicon/bigfish/HiSTBSDKV6R2/source/common/include/hi_flash.h:88:45: warning: ISO C90 does not support 'long long' [-Wlong-long]
         unsigned long length, unsigned long long openaddr, unsigned long long limit_leng, int read_oob, int skip_badblock);
                                             ^
device/hisilicon/bigfish/HiSTBSDKV6R2/source/common/include/hi_flash.h:88:74: warning: ISO C90 does not support 'long long' [-Wlong-long]
         unsigned long length, unsigned long long openaddr, unsigned long long limit_leng, int read_oob, int skip_badblock);
                                                                          ^
device/hisilicon/bigfish/HiSTBSDKV6R2/source/common/include/hi_flash.h:89:44: warning: ISO C90 does not support 'long long' [-Wlong-long]
     int (*raw_write)(int fd, unsigned long long *startaddr, unsigned char *buffer,
                                            ^
device/hisilicon/bigfish/HiSTBSDKV6R2/source/common/include/hi_flash.h:90:45: warning: ISO C90 does not support 'long long' [-Wlong-long]
         unsigned long length, unsigned long long openaddr, unsigned long long limit_leng, int write_oob);
                                             ^
device/hisilicon/bigfish/HiSTBSDKV6R2/source/common/include/hi_flash.h:90:74: warning: ISO C90 does not support 'long long' [-Wlong-long]
         unsigned long length, unsigned long long openaddr, unsigned long long limit_leng, int write_oob);
                                                                          ^
device/hisilicon/bigfish/HiSTBSDKV6R2/source/common/include/hi_flash.h:91:10: warning: ISO C90 does not support 'long long' [-Wlong-long]
     long long (*raw_erase)(int fd, unsigned long long startaddr,
          ^
device/hisilicon/bigfish/HiSTBSDKV6R2/source/common/include/hi_flash.h:91:50: warning: ISO C90 does not support 'long long' [-Wlong-long]
     long long (*raw_erase)(int fd, unsigned long long startaddr,
                                                  ^
device/hisilicon/bigfish/HiSTBSDKV6R2/source/common/include/hi_flash.h:92:23: warning: ISO C90 does not support 'long long' [-Wlong-long]
         unsigned long long length, unsigned long long openaddr, unsigned long long limit_leng);
                       ^
device/hisilicon/bigfish/HiSTBSDKV6R2/source/common/include/hi_flash.h:92:50: warning: ISO C90 does not support 'long long' [-Wlong-long]
         unsigned long long length, unsigned long long openaddr, unsigned long long limit_leng);
                                                  ^
device/hisilicon/bigfish/HiSTBSDKV6R2/source/common/include/hi_flash.h:92:79: warning: ISO C90 does not support 'long long' [-Wlong-long]
         unsigned long long length, unsigned long long openaddr, unsigned long long limit_leng);
                                                                               ^
In file included from device/hisilicon/bigfish/HiSTBSDKV6R2/source/common/api/./flash/src/nand.c:13:0:
device/hisilicon/bigfish/HiSTBSDKV6R2/source/common/api/flash/include/nand.h:27:18: warning: ISO C90 does not support 'long long' [-Wlong-long]
     typedef long long   __kernel_loff_t;
                  ^
device/hisilicon/bigfish/HiSTBSDKV6R2/source/common/api/flash/include/nand.h:134:33: warning: ISO C90 does not support 'long long' [-Wlong-long]
 char *int_to_size(unsigned long long size);
                                 ^
device/hisilicon/bigfish/HiSTBSDKV6R2/source/common/api/flash/include/nand.h:144:15: warning: ISO C90 does not support 'long long' [-Wlong-long]
 unsigned long long get_flash_total_size(HI_FLASH_TYPE_E FlashType);
               ^
device/hisilicon/bigfish/HiSTBSDKV6R2/source/common/api/./flash/src/nand.c:17:33: warning: ISO C90 does not support 'long long' [-Wlong-long]
 char *int_to_size(unsigned long long size)
                                 ^
device/hisilicon/bigfish/HiSTBSDKV6R2/source/common/api/./flash/src/nand.c: In function 'flash_partition_info_init':
device/hisilicon/bigfish/HiSTBSDKV6R2/source/common/api/./flash/src/nand.c:208:23: warning: ISO C90 does not support 'long long' [-Wlong-long]
         unsigned long long u64StartAddr[HI_FLASH_TYPE_BUTT];
                       ^
device/hisilicon/bigfish/HiSTBSDKV6R2/source/common/api/./flash/src/nand.c: At top level:
device/hisilicon/bigfish/HiSTBSDKV6R2/source/common/api/./flash/src/nand.c:283:15: warning: ISO C90 does not support 'long long' [-Wlong-long]
 unsigned long long get_flash_total_size(HI_FLASH_TYPE_E FlashType)
               ^
device/hisilicon/bigfish/HiSTBSDKV6R2/source/common/api/./flash/src/nand.c: In function 'get_flash_total_size':
device/hisilicon/bigfish/HiSTBSDKV6R2/source/common/api/./flash/src/nand.c:286:19: warning: ISO C90 does not support 'long long' [-Wlong-long]
     unsigned long long totalsize=0;
                   ^
