In file included from component/dcas/server/./src/DCASUtilsManagerService.h:13:0,
                 from component/dcas/server/./src/DCASUtilsManagerService.cpp:19:
component/dcas/server/../include/tee/tee_client_api.h:21:0: warning: "LOG_NDEBUG" redefined [enabled by default]
 #define LOG_NDEBUG 0
 ^
In file included from platform/android/system/core/include/cutils/log.h:1:0,
                 from platform/android/system/core/include/utils/Vector.h:24,
                 from platform/android/frameworks/native/include/binder/Parcel.h:24,
                 from component/dcas/server/../../dtv/client/CHDTVClient.h:7,
                 from component/dcas/server/./src/DCASUtilsManagerService.cpp:2:
platform/android/system/core/include/log/log.h:55:0: note: this is the location of the previous definition
 #define LOG_NDEBUG 1
 ^
In file included from component/dcas/server/./src/DCASUtilsManagerService.h:13:0,
                 from component/dcas/server/./src/DCASUtilsManagerService.cpp:19:
component/dcas/server/../include/tee/tee_client_api.h:22:0: warning: "LOG_TAG" redefined [enabled by default]
 #define LOG_TAG "libteec"
 ^
In file included from platform/android/system/core/include/cutils/log.h:1:0,
                 from platform/android/system/core/include/utils/Vector.h:24,
                 from platform/android/frameworks/native/include/binder/Parcel.h:24,
                 from component/dcas/server/../../dtv/client/CHDTVClient.h:7,
                 from component/dcas/server/./src/DCASUtilsManagerService.cpp:2:
platform/android/system/core/include/log/log.h:67:0: note: this is the location of the previous definition
 #define LOG_TAG NULL
 ^
In file included from component/dcas/server/../../dtv/client/CHDTVClient.h:9:0,
                 from component/dcas/server/./src/DCASUtilsManagerService.cpp:2:
component/dcas/server/../../dtv/com/chdtvdata.h:1030:15: warning: unused parameter 'outData' [-Wunused-parameter]
  virtual void writeToParcel(Parcel* outData){};
               ^
component/dcas/server/../../dtv/com/chdtvdata.h:1031:15: warning: unused parameter 'inData' [-Wunused-parameter]
  virtual void readFromParcel(const Parcel* inData){};
               ^
component/dcas/server/./src/DCASUtilsManagerService.cpp:105:9: warning: unused parameter 'uuidLen' [-Wunused-parameter]
     int DCASUtilsManagerService::initTeeContext(unsigned char *uuid, unsigned int uuidLen)
         ^
component/dcas/server/./src/DCASUtilsManagerService.cpp:147:6: warning: unused parameter 'casID' [-Wunused-parameter]
  int DCASUtilsManagerService::sendDatatoTee(unsigned int casID, 
      ^
component/dcas/server/./src/DCASUtilsManagerService.cpp:147:6: warning: unused parameter 'uuidLen' [-Wunused-parameter]
