In file included from platform/android/external/pdfium/fpdfsdk/src/fpdfview.cpp:7:0:
platform/android/external/pdfium/fpdfsdk/src/../include/fsdk_define.h: In member function 'virtual void CPDF_CustomAccess::Release()':
platform/android/external/pdfium/fpdfsdk/src/../include/fsdk_define.h:115:35: warning: deleting object of polymorphic class type 'CPDF_CustomAccess' which has non-virtual destructor might cause undefined behaviour [-Wdelete-non-virtual-dtor]
  virtual void  Release() { delete this; }
                                   ^
platform/android/external/pdfium/fpdfsdk/src/fpdfview.cpp: In function 'void* FPDF_LoadDocument(FPDF_STRING, FPDF_BYTESTRING)':
platform/android/external/pdfium/fpdfsdk/src/fpdfview.cpp:277:11: warning: deleting object of polymorphic class type 'CPDF_Parser' which has non-virtual destructor might cause undefined behaviour [-Wdelete-non-virtual-dtor]
    delete pParser;
           ^
platform/android/external/pdfium/fpdfsdk/src/fpdfview.cpp:283:10: warning: deleting object of polymorphic class type 'CPDF_Parser' which has non-virtual destructor might cause undefined behaviour [-Wdelete-non-virtual-dtor]
   delete pParser;
          ^
platform/android/external/pdfium/fpdfsdk/src/fpdfview.cpp: In member function 'virtual void CMemFile::Release()':
platform/android/external/pdfium/fpdfsdk/src/fpdfview.cpp:297:35: warning: deleting object of polymorphic class type 'CMemFile' which has non-virtual destructor might cause undefined behaviour [-Wdelete-non-virtual-dtor]
  virtual void   Release() {delete this;}
                                   ^
platform/android/external/pdfium/fpdfsdk/src/fpdfview.cpp: In function 'void* FPDF_LoadMemDocument(const void*, int, FPDF_BYTESTRING)':
platform/android/external/pdfium/fpdfsdk/src/fpdfview.cpp:317:11: warning: deleting object of polymorphic class type 'CPDF_Parser' which has non-virtual destructor might cause undefined behaviour [-Wdelete-non-virtual-dtor]
    delete pParser;
           ^
platform/android/external/pdfium/fpdfsdk/src/fpdfview.cpp:326:10: warning: deleting object of polymorphic class type 'CPDF_Parser' which has non-virtual destructor might cause undefined behaviour [-Wdelete-non-virtual-dtor]
   delete pParser;
          ^
platform/android/external/pdfium/fpdfsdk/src/fpdfview.cpp: In function 'void* FPDF_LoadCustomDocument(FPDF_FILEACCESS*, FPDF_BYTESTRING)':
platform/android/external/pdfium/fpdfsdk/src/fpdfview.cpp:341:11: warning: deleting object of polymorphic class type 'CPDF_Parser' which has non-virtual destructor might cause undefined behaviour [-Wdelete-non-virtual-dtor]
    delete pParser;
           ^
platform/android/external/pdfium/fpdfsdk/src/fpdfview.cpp:350:10: warning: deleting object of polymorphic class type 'CPDF_Parser' which has non-virtual destructor might cause undefined behaviour [-Wdelete-non-virtual-dtor]
   delete pParser;
          ^
platform/android/external/pdfium/fpdfsdk/src/fpdfview.cpp: In function 'void FPDF_CloseDocument(FPDF_DOCUMENT)':
platform/android/external/pdfium/fpdfsdk/src/fpdfview.cpp:660:9: warning: deleting object of polymorphic class type 'CPDF_Parser' which has non-virtual destructor might cause undefined behaviour [-Wdelete-non-virtual-dtor]
  delete pParser;
         ^
