In file included from platform/android/frameworks/av/drm/libdrmframework/plugins/forward-lock/FwdLockEngine/include/FwdLockEngine.h:20:0,
                 from platform/android/frameworks/av/drm/libdrmframework/plugins/forward-lock/FwdLockEngine/src/FwdLockEngine.cpp:18:
platform/android/frameworks/av/drm/libdrmframework/plugins/common/include/DrmEngineBase.h:400:22: warning: unused parameter 'uniqueId' [-Wunused-parameter]
     virtual status_t onOpenDecryptSession(
                      ^
platform/android/frameworks/av/drm/libdrmframework/plugins/common/include/DrmEngineBase.h:400:22: warning: unused parameter 'decryptHandle' [-Wunused-parameter]
platform/android/frameworks/av/drm/libdrmframework/plugins/common/include/DrmEngineBase.h:400:22: warning: unused parameter 'fd' [-Wunused-parameter]
platform/android/frameworks/av/drm/libdrmframework/plugins/common/include/DrmEngineBase.h:400:22: warning: unused parameter 'offset' [-Wunused-parameter]
platform/android/frameworks/av/drm/libdrmframework/plugins/common/include/DrmEngineBase.h:400:22: warning: unused parameter 'length' [-Wunused-parameter]
platform/android/frameworks/av/drm/libdrmframework/plugins/common/include/DrmEngineBase.h:400:22: warning: unused parameter 'mime' [-Wunused-parameter]
platform/android/frameworks/av/drm/libdrmframework/plugins/common/include/DrmEngineBase.h:432:22: warning: unused parameter 'uniqueId' [-Wunused-parameter]
     virtual status_t onOpenDecryptSession(
                      ^
platform/android/frameworks/av/drm/libdrmframework/plugins/common/include/DrmEngineBase.h:432:22: warning: unused parameter 'decryptHandle' [-Wunused-parameter]
platform/android/frameworks/av/drm/libdrmframework/plugins/common/include/DrmEngineBase.h:432:22: warning: unused parameter 'uri' [-Wunused-parameter]
platform/android/frameworks/av/drm/libdrmframework/plugins/common/include/DrmEngineBase.h:432:22: warning: unused parameter 'mime' [-Wunused-parameter]
platform/android/frameworks/av/drm/libdrmframework/plugins/common/include/DrmEngineBase.h:449:22: warning: unused parameter 'uniqueId' [-Wunused-parameter]
     virtual status_t onOpenDecryptSession(int uniqueId, DecryptHandle* decryptHandle,
                      ^
platform/android/frameworks/av/drm/libdrmframework/plugins/common/include/DrmEngineBase.h:449:22: warning: unused parameter 'decryptHandle' [-Wunused-parameter]
platform/android/frameworks/av/drm/libdrmframework/plugins/common/include/DrmEngineBase.h:449:22: warning: unused parameter 'buf' [-Wunused-parameter]
platform/android/frameworks/av/drm/libdrmframework/plugins/common/include/DrmEngineBase.h:449:22: warning: unused parameter 'mimeType' [-Wunused-parameter]
platform/android/frameworks/av/drm/libdrmframework/plugins/forward-lock/FwdLockEngine/src/FwdLockEngine.cpp:122:14: warning: unused parameter 'uniqueId' [-Wunused-parameter]
 DrmMetadata* FwdLockEngine::onGetMetadata(int uniqueId, const String8* path) {
              ^
platform/android/frameworks/av/drm/libdrmframework/plugins/forward-lock/FwdLockEngine/src/FwdLockEngine.cpp:135:19: warning: unused parameter 'uniqueId' [-Wunused-parameter]
 android::status_t FwdLockEngine::onInitialize(int uniqueId) {
                   ^
platform/android/frameworks/av/drm/libdrmframework/plugins/forward-lock/FwdLockEngine/src/FwdLockEngine.cpp:149:1: warning: unused parameter 'uniqueId' [-Wunused-parameter]
 FwdLockEngine::onSetOnInfoListener(int uniqueId, const IDrmEngine::OnInfoListener* infoListener) {
 ^
platform/android/frameworks/av/drm/libdrmframework/plugins/forward-lock/FwdLockEngine/src/FwdLockEngine.cpp:149:1: warning: unused parameter 'infoListener' [-Wunused-parameter]
platform/android/frameworks/av/drm/libdrmframework/plugins/forward-lock/FwdLockEngine/src/FwdLockEngine.cpp:156:19: warning: unused parameter 'uniqueId' [-Wunused-parameter]
 android::status_t FwdLockEngine::onTerminate(int uniqueId) {
                   ^
platform/android/frameworks/av/drm/libdrmframework/plugins/forward-lock/FwdLockEngine/src/FwdLockEngine.cpp:210:17: warning: unused parameter 'uniqueId' [-Wunused-parameter]
 DrmSupportInfo* FwdLockEngine::onGetSupportInfo(int uniqueId) {
                 ^
platform/android/frameworks/av/drm/libdrmframework/plugins/forward-lock/FwdLockEngine/src/FwdLockEngine.cpp:225:6: warning: unused parameter 'uniqueId' [-Wunused-parameter]
 bool FwdLockEngine::onCanHandle(int uniqueId, const String8& path) {
      ^
platform/android/frameworks/av/drm/libdrmframework/plugins/forward-lock/FwdLockEngine/src/FwdLockEngine.cpp:232:16: warning: unused parameter 'uniqueId' [-Wunused-parameter]
 DrmInfoStatus* FwdLockEngine::onProcessDrmInfo(int uniqueId, const DrmInfo* drmInfo) {
                ^
platform/android/frameworks/av/drm/libdrmframework/plugins/forward-lock/FwdLockEngine/src/FwdLockEngine.cpp:232:16: warning: unused parameter 'drmInfo' [-Wunused-parameter]
platform/android/frameworks/av/drm/libdrmframework/plugins/forward-lock/FwdLockEngine/src/FwdLockEngine.cpp:244:10: warning: unused parameter 'uniqueId' [-Wunused-parameter]
 status_t FwdLockEngine::onSaveRights(
          ^
platform/android/frameworks/av/drm/libdrmframework/plugins/forward-lock/FwdLockEngine/src/FwdLockEngine.cpp:244:10: warning: unused parameter 'drmRights' [-Wunused-parameter]
platform/android/frameworks/av/drm/libdrmframework/plugins/forward-lock/FwdLockEngine/src/FwdLockEngine.cpp:244:10: warning: unused parameter 'rightsPath' [-Wunused-parameter]
platform/android/frameworks/av/drm/libdrmframework/plugins/forward-lock/FwdLockEngine/src/FwdLockEngine.cpp:244:10: warning: unused parameter 'contentPath' [-Wunused-parameter]
platform/android/frameworks/av/drm/libdrmframework/plugins/forward-lock/FwdLockEngine/src/FwdLockEngine.cpp:254:10: warning: unused parameter 'uniqueId' [-Wunused-parameter]
 DrmInfo* FwdLockEngine::onAcquireDrmInfo(int uniqueId, const DrmInfoRequest* drmInfoRequest) {
          ^
platform/android/frameworks/av/drm/libdrmframework/plugins/forward-lock/FwdLockEngine/src/FwdLockEngine.cpp:254:10: warning: unused parameter 'drmInfoRequest' [-Wunused-parameter]
platform/android/frameworks/av/drm/libdrmframework/plugins/forward-lock/FwdLockEngine/src/FwdLockEngine.cpp:293:10: warning: unused parameter 'uniqueId' [-Wunused-parameter]
 status_t FwdLockEngine::onConsumeRights(int uniqueId,
          ^
platform/android/frameworks/av/drm/libdrmframework/plugins/forward-lock/FwdLockEngine/src/FwdLockEngine.cpp:293:10: warning: unused parameter 'decryptHandle' [-Wunused-parameter]
platform/android/frameworks/av/drm/libdrmframework/plugins/forward-lock/FwdLockEngine/src/FwdLockEngine.cpp:293:10: warning: unused parameter 'action' [-Wunused-parameter]
platform/android/frameworks/av/drm/libdrmframework/plugins/forward-lock/FwdLockEngine/src/FwdLockEngine.cpp:293:10: warning: unused parameter 'reserve' [-Wunused-parameter]
platform/android/frameworks/av/drm/libdrmframework/plugins/forward-lock/FwdLockEngine/src/FwdLockEngine.cpp:302:6: warning: unused parameter 'description' [-Wunused-parameter]
 bool FwdLockEngine::onValidateAction(int uniqueId,
      ^
platform/android/frameworks/av/drm/libdrmframework/plugins/forward-lock/FwdLockEngine/src/FwdLockEngine.cpp:312:9: warning: unused parameter 'uniqueId' [-Wunused-parameter]
 String8 FwdLockEngine::onGetOriginalMimeType(int uniqueId, const String8& path, int fd) {
         ^
platform/android/frameworks/av/drm/libdrmframework/plugins/forward-lock/FwdLockEngine/src/FwdLockEngine.cpp:312:9: warning: unused parameter 'path' [-Wunused-parameter]
platform/android/frameworks/av/drm/libdrmframework/plugins/forward-lock/FwdLockEngine/src/FwdLockEngine.cpp:357:10: warning: unused parameter 'uniqueId' [-Wunused-parameter]
 status_t FwdLockEngine::onRemoveRights(int uniqueId, const String8& path) {
          ^
platform/android/frameworks/av/drm/libdrmframework/plugins/forward-lock/FwdLockEngine/src/FwdLockEngine.cpp:357:10: warning: unused parameter 'path' [-Wunused-parameter]
platform/android/frameworks/av/drm/libdrmframework/plugins/forward-lock/FwdLockEngine/src/FwdLockEngine.cpp:363:10: warning: unused parameter 'uniqueId' [-Wunused-parameter]
 status_t FwdLockEngine::onRemoveAllRights(int uniqueId) {
          ^
platform/android/frameworks/av/drm/libdrmframework/plugins/forward-lock/FwdLockEngine/src/FwdLockEngine.cpp:370:10: warning: unused parameter 'uniqueId' [-Wunused-parameter]
 status_t FwdLockEngine::onSetPlaybackStatus(int uniqueId, DecryptHandle* decryptHandle,
          ^
platform/android/frameworks/av/drm/libdrmframework/plugins/forward-lock/FwdLockEngine/src/FwdLockEngine.cpp:370:10: warning: unused parameter 'decryptHandle' [-Wunused-parameter]
platform/android/frameworks/av/drm/libdrmframework/plugins/forward-lock/FwdLockEngine/src/FwdLockEngine.cpp:370:10: warning: unused parameter 'playbackStatus' [-Wunused-parameter]
platform/android/frameworks/av/drm/libdrmframework/plugins/forward-lock/FwdLockEngine/src/FwdLockEngine.cpp:370:10: warning: unused parameter 'position' [-Wunused-parameter]
platform/android/frameworks/av/drm/libdrmframework/plugins/forward-lock/FwdLockEngine/src/FwdLockEngine.cpp:381:10: warning: unused parameter 'uniqueId' [-Wunused-parameter]
 status_t FwdLockEngine::onOpenConvertSession(int uniqueId,
          ^
platform/android/frameworks/av/drm/libdrmframework/plugins/forward-lock/FwdLockEngine/src/FwdLockEngine.cpp:399:21: warning: unused parameter 'uniqueId' [-Wunused-parameter]
 DrmConvertedStatus* FwdLockEngine::onConvertData(int uniqueId,
                     ^
platform/android/frameworks/av/drm/libdrmframework/plugins/forward-lock/FwdLockEngine/src/FwdLockEngine.cpp:435:21: warning: unused parameter 'uniqueId' [-Wunused-parameter]
 DrmConvertedStatus* FwdLockEngine::onCloseConvertSession(int uniqueId,
                     ^
platform/android/frameworks/av/drm/libdrmframework/plugins/forward-lock/FwdLockEngine/src/FwdLockEngine.cpp:467:10: warning: unused parameter 'uniqueId' [-Wunused-parameter]
 status_t FwdLockEngine::onOpenDecryptSession(int uniqueId,
          ^
platform/android/frameworks/av/drm/libdrmframework/plugins/forward-lock/FwdLockEngine/src/FwdLockEngine.cpp:467:10: warning: unused parameter 'length' [-Wunused-parameter]
platform/android/frameworks/av/drm/libdrmframework/plugins/forward-lock/FwdLockEngine/src/FwdLockEngine.cpp:555:10: warning: unused parameter 'uniqueId' [-Wunused-parameter]
 status_t FwdLockEngine::onCloseDecryptSession(int uniqueId,
          ^
platform/android/frameworks/av/drm/libdrmframework/plugins/forward-lock/FwdLockEngine/src/FwdLockEngine.cpp:587:10: warning: unused parameter 'uniqueId' [-Wunused-parameter]
 status_t FwdLockEngine::onInitializeDecryptUnit(int uniqueId,
          ^
platform/android/frameworks/av/drm/libdrmframework/plugins/forward-lock/FwdLockEngine/src/FwdLockEngine.cpp:587:10: warning: unused parameter 'decryptHandle' [-Wunused-parameter]
platform/android/frameworks/av/drm/libdrmframework/plugins/forward-lock/FwdLockEngine/src/FwdLockEngine.cpp:587:10: warning: unused parameter 'decryptUnitId' [-Wunused-parameter]
platform/android/frameworks/av/drm/libdrmframework/plugins/forward-lock/FwdLockEngine/src/FwdLockEngine.cpp:587:10: warning: unused parameter 'headerInfo' [-Wunused-parameter]
platform/android/frameworks/av/drm/libdrmframework/plugins/forward-lock/FwdLockEngine/src/FwdLockEngine.cpp:595:10: warning: unused parameter 'uniqueId' [-Wunused-parameter]
 status_t FwdLockEngine::onDecrypt(int uniqueId, DecryptHandle* decryptHandle, int decryptUnitId,
          ^
platform/android/frameworks/av/drm/libdrmframework/plugins/forward-lock/FwdLockEngine/src/FwdLockEngine.cpp:595:10: warning: unused parameter 'decryptHandle' [-Wunused-parameter]
platform/android/frameworks/av/drm/libdrmframework/plugins/forward-lock/FwdLockEngine/src/FwdLockEngine.cpp:595:10: warning: unused parameter 'decryptUnitId' [-Wunused-parameter]
platform/android/frameworks/av/drm/libdrmframework/plugins/forward-lock/FwdLockEngine/src/FwdLockEngine.cpp:595:10: warning: unused parameter 'encBuffer' [-Wunused-parameter]
platform/android/frameworks/av/drm/libdrmframework/plugins/forward-lock/FwdLockEngine/src/FwdLockEngine.cpp:595:10: warning: unused parameter 'decBuffer' [-Wunused-parameter]
platform/android/frameworks/av/drm/libdrmframework/plugins/forward-lock/FwdLockEngine/src/FwdLockEngine.cpp:595:10: warning: unused parameter 'IV' [-Wunused-parameter]
platform/android/frameworks/av/drm/libdrmframework/plugins/forward-lock/FwdLockEngine/src/FwdLockEngine.cpp:601:10: warning: unused parameter 'uniqueId' [-Wunused-parameter]
 status_t FwdLockEngine::onDecrypt(int uniqueId,
          ^
platform/android/frameworks/av/drm/libdrmframework/plugins/forward-lock/FwdLockEngine/src/FwdLockEngine.cpp:601:10: warning: unused parameter 'decryptHandle' [-Wunused-parameter]
platform/android/frameworks/av/drm/libdrmframework/plugins/forward-lock/FwdLockEngine/src/FwdLockEngine.cpp:601:10: warning: unused parameter 'decryptUnitId' [-Wunused-parameter]
platform/android/frameworks/av/drm/libdrmframework/plugins/forward-lock/FwdLockEngine/src/FwdLockEngine.cpp:601:10: warning: unused parameter 'encBuffer' [-Wunused-parameter]
platform/android/frameworks/av/drm/libdrmframework/plugins/forward-lock/FwdLockEngine/src/FwdLockEngine.cpp:601:10: warning: unused parameter 'decBuffer' [-Wunused-parameter]
platform/android/frameworks/av/drm/libdrmframework/plugins/forward-lock/FwdLockEngine/src/FwdLockEngine.cpp:610:10: warning: unused parameter 'uniqueId' [-Wunused-parameter]
 status_t FwdLockEngine::onFinalizeDecryptUnit(int uniqueId,
          ^
platform/android/frameworks/av/drm/libdrmframework/plugins/forward-lock/FwdLockEngine/src/FwdLockEngine.cpp:610:10: warning: unused parameter 'decryptHandle' [-Wunused-parameter]
platform/android/frameworks/av/drm/libdrmframework/plugins/forward-lock/FwdLockEngine/src/FwdLockEngine.cpp:610:10: warning: unused parameter 'decryptUnitId' [-Wunused-parameter]
platform/android/frameworks/av/drm/libdrmframework/plugins/forward-lock/FwdLockEngine/src/FwdLockEngine.cpp:617:9: warning: unused parameter 'uniqueId' [-Wunused-parameter]
 ssize_t FwdLockEngine::onRead(int uniqueId,
         ^
platform/android/frameworks/av/drm/libdrmframework/plugins/forward-lock/FwdLockEngine/src/FwdLockEngine.cpp:643:9: warning: unused parameter 'uniqueId' [-Wunused-parameter]
 off64_t FwdLockEngine::onLseek(int uniqueId, DecryptHandle* decryptHandle,
         ^
