device/hisilicon/bigfish/frameworks/hisysmanager/libs/hinetutils.c: In function 'addRoute':
device/hisilicon/bigfish/frameworks/hisysmanager/libs/hinetutils.c:16:26: warning: unused parameter 'interface' [-Wunused-parameter]
 int addRoute(const char *interface, const char *dst, int prefix_length, const char *gw)
                          ^
device/hisilicon/bigfish/frameworks/hisysmanager/libs/hinetutils.c:16:49: warning: unused parameter 'dst' [-Wunused-parameter]
 int addRoute(const char *interface, const char *dst, int prefix_length, const char *gw)
                                                 ^
device/hisilicon/bigfish/frameworks/hisysmanager/libs/hinetutils.c:16:58: warning: unused parameter 'prefix_length' [-Wunused-parameter]
 int addRoute(const char *interface, const char *dst, int prefix_length, const char *gw)
                                                          ^
device/hisilicon/bigfish/frameworks/hisysmanager/libs/hinetutils.c:16:85: warning: unused parameter 'gw' [-Wunused-parameter]
 int addRoute(const char *interface, const char *dst, int prefix_length, const char *gw)
                                                                                     ^
device/hisilicon/bigfish/frameworks/hisysmanager/libs/hinetutils.c: In function 'setDefaultRoute':
device/hisilicon/bigfish/frameworks/hisysmanager/libs/hinetutils.c:22:33: warning: unused parameter 'interface' [-Wunused-parameter]
 int setDefaultRoute(const char *interface, int gw)
                                 ^
device/hisilicon/bigfish/frameworks/hisysmanager/libs/hinetutils.c:22:48: warning: unused parameter 'gw' [-Wunused-parameter]
 int setDefaultRoute(const char *interface, int gw)
                                                ^
device/hisilicon/bigfish/frameworks/hisysmanager/libs/hinetutils.c: In function 'removeNetRoute':
device/hisilicon/bigfish/frameworks/hisysmanager/libs/hinetutils.c:33:32: warning: unused parameter 'interface' [-Wunused-parameter]
 int removeNetRoute(const char *interface)
                                ^
device/hisilicon/bigfish/frameworks/hisysmanager/libs/hinetutils.c: In function 'removeRoute':
device/hisilicon/bigfish/frameworks/hisysmanager/libs/hinetutils.c:39:29: warning: unused parameter 'interface' [-Wunused-parameter]
 int removeRoute(const char *interface, const char *dst, int prefix_length, const char *gw)
                             ^
device/hisilicon/bigfish/frameworks/hisysmanager/libs/hinetutils.c:39:52: warning: unused parameter 'dst' [-Wunused-parameter]
 int removeRoute(const char *interface, const char *dst, int prefix_length, const char *gw)
                                                    ^
device/hisilicon/bigfish/frameworks/hisysmanager/libs/hinetutils.c:39:61: warning: unused parameter 'prefix_length' [-Wunused-parameter]
 int removeRoute(const char *interface, const char *dst, int prefix_length, const char *gw)
                                                             ^
device/hisilicon/bigfish/frameworks/hisysmanager/libs/hinetutils.c:39:88: warning: unused parameter 'gw' [-Wunused-parameter]
 int removeRoute(const char *interface, const char *dst, int prefix_length, const char *gw)
                                                                                        ^
