platform/android/external/libnl/lib/addr.c: In function 'nl_addr_parse':
platform/android/external/libnl/lib/addr.c:363:32: warning: comparison between signed and unsigned integer expressions [-Wsign-compare]
    if (s == p || l > 0xff || i >= sizeof(buf)) {
                                ^
platform/android/external/libnl/lib/addr.c: In function 'nl_addr_iszero':
platform/android/external/libnl/lib/addr.c:553:16: warning: comparison between signed and unsigned integer expressions [-Wsign-compare]
  for (i = 0; i < addr->a_len; i++)
                ^
platform/android/external/libnl/lib/addr.c: In function 'nl_addr_fill_sockaddr':
platform/android/external/libnl/lib/addr.c:635:14: warning: comparison between signed and unsigned integer expressions [-Wsign-compare]
   if (*salen < sizeof(*sai))
              ^
platform/android/external/libnl/lib/addr.c:647:14: warning: comparison between signed and unsigned integer expressions [-Wsign-compare]
   if (*salen < sizeof(*sa6))
              ^
platform/android/external/libnl/lib/addr.c: In function 'nl_addr2str':
platform/android/external/libnl/lib/addr.c:860:18: warning: comparison between signed and unsigned integer expressions [-Wsign-compare]
    for (i = 1; i < addr->a_len; i++) {
                  ^
platform/android/external/libnl/lib/addr.c:869:24: warning: comparison between signed and unsigned integer expressions [-Wsign-compare]
  if (addr->a_prefixlen != (8 * addr->a_len)) {
                        ^
