In file included from platform/android/external/libvpx/libvpx/vp9/encoder/vp9_onyx_if.c:15:0:
platform/android/external/libvpx/armv7a-neon/./vpx_config.h:13:0: warning: "ARCH_ARM" redefined [enabled by default]
 #define ARCH_ARM 1
 ^
In file included from <command-line>:0:0:
./platform/android/build/core/combo/include/arch/linux-arm/AndroidConfig.h:241:0: note: this is the location of the previous definition
 #define ARCH_ARM
 ^
In file included from platform/android/external/libvpx/libvpx/vp9/common/vp9_idct.h:18:0,
                 from platform/android/external/libvpx/libvpx/vp9/encoder/vp9_onyx_if.c:22:
platform/android/external/libvpx/libvpx/vp9/common/vp9_common.h: In function 'clip_pixel':
platform/android/external/libvpx/libvpx/vp9/common/vp9_common.h:52:46: warning: signed and unsigned type in conditional expression [-Wsign-compare]
   return (val > 255) ? 255u : (val < 0) ? 0u : val;
                                              ^
In file included from platform/android/external/libvpx/libvpx/vp9/common/vp9_seg_common.h:14:0,
                 from platform/android/external/libvpx/libvpx/vp9/common/vp9_blockd.h:26,
                 from platform/android/external/libvpx/libvpx/vp9/common/vp9_loopfilter.h:17,
                 from platform/android/external/libvpx/libvpx/vp9/common/vp9_onyxc_int.h:17,
                 from platform/android/external/libvpx/libvpx/vp9/common/vp9_reconinter.h:15,
                 from platform/android/external/libvpx/libvpx/vp9/encoder/vp9_onyx_if.c:26:
platform/android/external/libvpx/libvpx/vp9/common/vp9_prob.h: In function 'clip_prob':
platform/android/external/libvpx/libvpx/vp9/common/vp9_prob.h:47:42: warning: signed and unsigned type in conditional expression [-Wsign-compare]
   return (p > 255) ? 255u : (p < 1) ? 1u : p;
                                          ^
In file included from platform/android/external/libvpx/libvpx/vp9/common/vp9_onyxc_int.h:19:0,
                 from platform/android/external/libvpx/libvpx/vp9/common/vp9_reconinter.h:15,
                 from platform/android/external/libvpx/libvpx/vp9/encoder/vp9_onyx_if.c:26:
platform/android/external/libvpx/libvpx/vp9/common/vp9_entropy.h: At top level:
platform/android/external/libvpx/libvpx/vp9/common/vp9_entropy.h:176:1: warning: '__inline__' is not at beginning of declaration [-Wold-style-declaration]
 static const INLINE scan_order *get_scan(const MACROBLOCKD *xd, TX_SIZE tx_size,
 ^
platform/android/external/libvpx/libvpx/vp9/encoder/vp9_onyx_if.c: In function 'vp9_create_compressor':
platform/android/external/libvpx/libvpx/vp9/encoder/vp9_onyx_if.c:1173:17: warning: comparison between signed and unsigned integer expressions [-Wsign-compare]
   for (i = 0; i < (sizeof(cpi->mbgraph_stats) /
                 ^
platform/android/external/libvpx/libvpx/vp9/encoder/vp9_onyx_if.c: In function 'vp9_remove_compressor':
platform/android/external/libvpx/libvpx/vp9/encoder/vp9_onyx_if.c:1544:17: warning: comparison between signed and unsigned integer expressions [-Wsign-compare]
   for (i = 0; i < sizeof(cpi->mbgraph_stats) /
                 ^
platform/android/external/libvpx/libvpx/vp9/encoder/vp9_onyx_if.c: In function 'encode_without_recode_loop':
platform/android/external/libvpx/libvpx/vp9/encoder/vp9_onyx_if.c:2162:48: warning: unused parameter 'size' [-Wunused-parameter]
                                        size_t *size,
                                                ^
platform/android/external/libvpx/libvpx/vp9/encoder/vp9_onyx_if.c:2163:49: warning: unused parameter 'dest' [-Wunused-parameter]
                                        uint8_t *dest,
                                                 ^
platform/android/external/libvpx/libvpx/vp9/encoder/vp9_onyx_if.c: In function 'vp9_get_preview_raw_frame':
platform/android/external/libvpx/libvpx/vp9/encoder/vp9_onyx_if.c:3238:46: warning: unused parameter 'flags' [-Wunused-parameter]
                               vp9_ppflags_t *flags) {
                                              ^
platform/android/external/libvpx/libvpx/vp9/encoder/vp9_onyx_if.c: In function 'vp9_set_roimap':
platform/android/external/libvpx/libvpx/vp9/encoder/vp9_onyx_if.c:3274:27: warning: comparison between signed and unsigned integer expressions [-Wsign-compare]
   if (cpi->common.mb_rows != rows || cpi->common.mb_cols != cols)
                           ^
platform/android/external/libvpx/libvpx/vp9/encoder/vp9_onyx_if.c:3274:58: warning: comparison between signed and unsigned integer expressions [-Wsign-compare]
   if (cpi->common.mb_rows != rows || cpi->common.mb_cols != cols)
                                                          ^
platform/android/external/libvpx/libvpx/vp9/encoder/vp9_onyx_if.c: In function 'vp9_set_active_map':
platform/android/external/libvpx/libvpx/vp9/encoder/vp9_onyx_if.c:3317:12: warning: comparison between signed and unsigned integer expressions [-Wsign-compare]
   if (rows == cpi->common.mb_rows && cols == cpi->common.mb_cols) {
            ^
platform/android/external/libvpx/libvpx/vp9/encoder/vp9_onyx_if.c:3317:43: warning: comparison between signed and unsigned integer expressions [-Wsign-compare]
   if (rows == cpi->common.mb_rows && cols == cpi->common.mb_cols) {
                                           ^
