platform/android/external/icu/icu4c/source/common/ucnv_u16.c: In function '_UTF16BEOpen':
platform/android/external/icu/icu4c/source/common/ucnv_u16.c:586:34: warning: unused parameter 'pArgs' [-Wunused-parameter]
              UConverterLoadArgs *pArgs,
                                  ^
platform/android/external/icu/icu4c/source/common/ucnv_u16.c: At top level:
platform/android/external/icu/icu4c/source/common/ucnv_u16.c:625:1: warning: missing initializer for field 'toUTF8' of 'UConverterImpl' [-Wmissing-field-initializers]
 };
 ^
In file included from platform/android/external/icu/icu4c/source/common/ucnv_bld.h:27:0,
                 from platform/android/external/icu/icu4c/source/common/ucnv_u16.c:22:
platform/android/external/icu/icu4c/source/common/ucnv_cnv.h:252:23: note: 'toUTF8' declared here
     UConverterConvert toUTF8;
                       ^
platform/android/external/icu/icu4c/source/common/ucnv_u16.c:642:1: warning: missing initializer for field 'mbcs' of 'UConverterSharedData' [-Wmissing-field-initializers]
 };
 ^
In file included from platform/android/external/icu/icu4c/source/common/ucnv_u16.c:22:0:
platform/android/external/icu/icu4c/source/common/ucnv_bld.h:125:25: note: 'mbcs' declared here
     UConverterMBCSTable mbcs;
                         ^
platform/android/external/icu/icu4c/source/common/ucnv_u16.c: In function '_UTF16LEOpen':
platform/android/external/icu/icu4c/source/common/ucnv_u16.c:1185:34: warning: unused parameter 'pArgs' [-Wunused-parameter]
              UConverterLoadArgs *pArgs,
                                  ^
platform/android/external/icu/icu4c/source/common/ucnv_u16.c: At top level:
platform/android/external/icu/icu4c/source/common/ucnv_u16.c:1224:1: warning: missing initializer for field 'toUTF8' of 'UConverterImpl' [-Wmissing-field-initializers]
 };
 ^
In file included from platform/android/external/icu/icu4c/source/common/ucnv_bld.h:27:0,
                 from platform/android/external/icu/icu4c/source/common/ucnv_u16.c:22:
platform/android/external/icu/icu4c/source/common/ucnv_cnv.h:252:23: note: 'toUTF8' declared here
     UConverterConvert toUTF8;
                       ^
platform/android/external/icu/icu4c/source/common/ucnv_u16.c:1242:1: warning: missing initializer for field 'mbcs' of 'UConverterSharedData' [-Wmissing-field-initializers]
 };
 ^
In file included from platform/android/external/icu/icu4c/source/common/ucnv_u16.c:22:0:
platform/android/external/icu/icu4c/source/common/ucnv_bld.h:125:25: note: 'mbcs' declared here
     UConverterMBCSTable mbcs;
                         ^
platform/android/external/icu/icu4c/source/common/ucnv_u16.c:1496:1: warning: missing initializer for field 'toUTF8' of 'UConverterImpl' [-Wmissing-field-initializers]
 };
 ^
In file included from platform/android/external/icu/icu4c/source/common/ucnv_bld.h:27:0,
                 from platform/android/external/icu/icu4c/source/common/ucnv_u16.c:22:
platform/android/external/icu/icu4c/source/common/ucnv_cnv.h:252:23: note: 'toUTF8' declared here
     UConverterConvert toUTF8;
                       ^
platform/android/external/icu/icu4c/source/common/ucnv_u16.c:1518:1: warning: missing initializer for field 'mbcs' of 'UConverterSharedData' [-Wmissing-field-initializers]
 };
 ^
In file included from platform/android/external/icu/icu4c/source/common/ucnv_u16.c:22:0:
platform/android/external/icu/icu4c/source/common/ucnv_bld.h:125:25: note: 'mbcs' declared here
     UConverterMBCSTable mbcs;
                         ^
platform/android/external/icu/icu4c/source/common/ucnv_u16.c:1541:1: warning: missing initializer for field 'toUTF8' of 'UConverterImpl' [-Wmissing-field-initializers]
 };
 ^
In file included from platform/android/external/icu/icu4c/source/common/ucnv_bld.h:27:0,
                 from platform/android/external/icu/icu4c/source/common/ucnv_u16.c:22:
platform/android/external/icu/icu4c/source/common/ucnv_cnv.h:252:23: note: 'toUTF8' declared here
     UConverterConvert toUTF8;
                       ^
platform/android/external/icu/icu4c/source/common/ucnv_u16.c:1559:1: warning: missing initializer for field 'mbcs' of 'UConverterSharedData' [-Wmissing-field-initializers]
 };
 ^
In file included from platform/android/external/icu/icu4c/source/common/ucnv_u16.c:22:0:
platform/android/external/icu/icu4c/source/common/ucnv_bld.h:125:25: note: 'mbcs' declared here
     UConverterMBCSTable mbcs;
                         ^
