In file included from device/hisilicon/bigfish/HiSTBSDKV6R2/source/common/include/hi_flash.h:29:0,
                 from device/hisilicon/bigfish/HiSTBSDKV6R2/source/common/api/./flash/src/nand_raw.c:13:
device/hisilicon/bigfish/HiSTBSDKV6R2/source/common/include/hi_type.h:44:23: warning: ISO C90 does not support 'long long' [-Wlong-long]
 typedef unsigned long long      HI_U64;
                       ^
device/hisilicon/bigfish/HiSTBSDKV6R2/source/common/include/hi_type.h:45:14: warning: ISO C90 does not support 'long long' [-Wlong-long]
 typedef long long               HI_S64;
              ^
In file included from device/hisilicon/bigfish/HiSTBSDKV6R2/source/common/api/./flash/src/nand_raw.c:13:0:
device/hisilicon/bigfish/HiSTBSDKV6R2/source/common/include/hi_flash.h:87:43: warning: ISO C90 does not support 'long long' [-Wlong-long]
     int (*raw_read)(int fd, unsigned long long *startaddr, unsigned char *buffer,
                                           ^
device/hisilicon/bigfish/HiSTBSDKV6R2/source/common/include/hi_flash.h:88:45: warning: ISO C90 does not support 'long long' [-Wlong-long]
         unsigned long length, unsigned long long openaddr, unsigned long long limit_leng, int read_oob, int skip_badblock);
                                             ^
device/hisilicon/bigfish/HiSTBSDKV6R2/source/common/include/hi_flash.h:88:74: warning: ISO C90 does not support 'long long' [-Wlong-long]
         unsigned long length, unsigned long long openaddr, unsigned long long limit_leng, int read_oob, int skip_badblock);
                                                                          ^
device/hisilicon/bigfish/HiSTBSDKV6R2/source/common/include/hi_flash.h:89:44: warning: ISO C90 does not support 'long long' [-Wlong-long]
     int (*raw_write)(int fd, unsigned long long *startaddr, unsigned char *buffer,
                                            ^
device/hisilicon/bigfish/HiSTBSDKV6R2/source/common/include/hi_flash.h:90:45: warning: ISO C90 does not support 'long long' [-Wlong-long]
         unsigned long length, unsigned long long openaddr, unsigned long long limit_leng, int write_oob);
                                             ^
device/hisilicon/bigfish/HiSTBSDKV6R2/source/common/include/hi_flash.h:90:74: warning: ISO C90 does not support 'long long' [-Wlong-long]
         unsigned long length, unsigned long long openaddr, unsigned long long limit_leng, int write_oob);
                                                                          ^
device/hisilicon/bigfish/HiSTBSDKV6R2/source/common/include/hi_flash.h:91:10: warning: ISO C90 does not support 'long long' [-Wlong-long]
     long long (*raw_erase)(int fd, unsigned long long startaddr,
          ^
device/hisilicon/bigfish/HiSTBSDKV6R2/source/common/include/hi_flash.h:91:50: warning: ISO C90 does not support 'long long' [-Wlong-long]
     long long (*raw_erase)(int fd, unsigned long long startaddr,
                                                  ^
device/hisilicon/bigfish/HiSTBSDKV6R2/source/common/include/hi_flash.h:92:23: warning: ISO C90 does not support 'long long' [-Wlong-long]
         unsigned long long length, unsigned long long openaddr, unsigned long long limit_leng);
                       ^
device/hisilicon/bigfish/HiSTBSDKV6R2/source/common/include/hi_flash.h:92:50: warning: ISO C90 does not support 'long long' [-Wlong-long]
         unsigned long long length, unsigned long long openaddr, unsigned long long limit_leng);
                                                  ^
device/hisilicon/bigfish/HiSTBSDKV6R2/source/common/include/hi_flash.h:92:79: warning: ISO C90 does not support 'long long' [-Wlong-long]
         unsigned long long length, unsigned long long openaddr, unsigned long long limit_leng);
                                                                               ^
In file included from device/hisilicon/bigfish/HiSTBSDKV6R2/source/common/api/./flash/src/nand_raw.c:14:0:
device/hisilicon/bigfish/HiSTBSDKV6R2/source/common/api/flash/include/nand.h:27:18: warning: ISO C90 does not support 'long long' [-Wlong-long]
     typedef long long   __kernel_loff_t;
                  ^
device/hisilicon/bigfish/HiSTBSDKV6R2/source/common/api/flash/include/nand.h:134:33: warning: ISO C90 does not support 'long long' [-Wlong-long]
 char *int_to_size(unsigned long long size);
                                 ^
device/hisilicon/bigfish/HiSTBSDKV6R2/source/common/api/flash/include/nand.h:144:15: warning: ISO C90 does not support 'long long' [-Wlong-long]
 unsigned long long get_flash_total_size(HI_FLASH_TYPE_E FlashType);
               ^
In file included from device/hisilicon/bigfish/HiSTBSDKV6R2/source/common/api/./flash/src/nand_raw.c:15:0:
device/hisilicon/bigfish/HiSTBSDKV6R2/source/common/api/flash/include/nand_raw.h:30:41: warning: ISO C90 does not support 'long long' [-Wlong-long]
 int nand_raw_read(int fd, unsigned long long *startaddr, unsigned char *buffer,
                                         ^
device/hisilicon/bigfish/HiSTBSDKV6R2/source/common/api/flash/include/nand_raw.h:31:41: warning: ISO C90 does not support 'long long' [-Wlong-long]
     unsigned long length, unsigned long long openaddr, unsigned long long limit_leng, int read_oob, int skip_badblock);
                                         ^
device/hisilicon/bigfish/HiSTBSDKV6R2/source/common/api/flash/include/nand_raw.h:31:70: warning: ISO C90 does not support 'long long' [-Wlong-long]
     unsigned long length, unsigned long long openaddr, unsigned long long limit_leng, int read_oob, int skip_badblock);
                                                                      ^
device/hisilicon/bigfish/HiSTBSDKV6R2/source/common/api/flash/include/nand_raw.h:33:42: warning: ISO C90 does not support 'long long' [-Wlong-long]
 int nand_raw_write(int fd, unsigned long long *startaddr, unsigned char *buffer,
                                          ^
device/hisilicon/bigfish/HiSTBSDKV6R2/source/common/api/flash/include/nand_raw.h:34:41: warning: ISO C90 does not support 'long long' [-Wlong-long]
     unsigned long length, unsigned long long openaddr, unsigned long long limit_leng, int write_oob);
                                         ^
device/hisilicon/bigfish/HiSTBSDKV6R2/source/common/api/flash/include/nand_raw.h:34:70: warning: ISO C90 does not support 'long long' [-Wlong-long]
     unsigned long length, unsigned long long openaddr, unsigned long long limit_leng, int write_oob);
                                                                      ^
device/hisilicon/bigfish/HiSTBSDKV6R2/source/common/api/flash/include/nand_raw.h:36:6: warning: ISO C90 does not support 'long long' [-Wlong-long]
 long long nand_raw_erase(int fd, unsigned long long startaddr,
      ^
device/hisilicon/bigfish/HiSTBSDKV6R2/source/common/api/flash/include/nand_raw.h:36:48: warning: ISO C90 does not support 'long long' [-Wlong-long]
 long long nand_raw_erase(int fd, unsigned long long startaddr,
                                                ^
device/hisilicon/bigfish/HiSTBSDKV6R2/source/common/api/flash/include/nand_raw.h:37:19: warning: ISO C90 does not support 'long long' [-Wlong-long]
     unsigned long long length, unsigned long long openaddr, unsigned long long limit_leng);
                   ^
device/hisilicon/bigfish/HiSTBSDKV6R2/source/common/api/flash/include/nand_raw.h:37:46: warning: ISO C90 does not support 'long long' [-Wlong-long]
     unsigned long long length, unsigned long long openaddr, unsigned long long limit_leng);
                                              ^
device/hisilicon/bigfish/HiSTBSDKV6R2/source/common/api/flash/include/nand_raw.h:37:75: warning: ISO C90 does not support 'long long' [-Wlong-long]
     unsigned long long length, unsigned long long openaddr, unsigned long long limit_leng);
                                                                           ^
device/hisilicon/bigfish/HiSTBSDKV6R2/source/common/api/flash/include/nand_raw.h:39:40: warning: ISO C90 does not support 'long long' [-Wlong-long]
 int nand_raw_force_erase(unsigned long long offset);
                                        ^
device/hisilicon/bigfish/HiSTBSDKV6R2/source/common/api/flash/include/nand_raw.h:41:38: warning: ISO C90 does not support 'long long' [-Wlong-long]
 int nand_mark_badblock(unsigned long long offset, unsigned long long length);
                                      ^
device/hisilicon/bigfish/HiSTBSDKV6R2/source/common/api/flash/include/nand_raw.h:41:65: warning: ISO C90 does not support 'long long' [-Wlong-long]
 int nand_mark_badblock(unsigned long long offset, unsigned long long length);
                                                                 ^
device/hisilicon/bigfish/HiSTBSDKV6R2/source/common/api/flash/include/nand_raw.h:43:38: warning: ISO C90 does not support 'long long' [-Wlong-long]
 int nand_show_badblock(unsigned long long offset, unsigned long long length);
                                      ^
device/hisilicon/bigfish/HiSTBSDKV6R2/source/common/api/flash/include/nand_raw.h:43:65: warning: ISO C90 does not support 'long long' [-Wlong-long]
 int nand_show_badblock(unsigned long long offset, unsigned long long length);
                                                                 ^
device/hisilicon/bigfish/HiSTBSDKV6R2/source/common/api/flash/include/nand_raw.h:51:15: warning: ISO C90 does not support 'long long' [-Wlong-long]
 unsigned long long nand_raw_get_start_addr(const char *dev_name, unsigned long blocksize, int *value_valid);
               ^
device/hisilicon/bigfish/HiSTBSDKV6R2/source/common/api/flash/include/nand_raw.h:53:38: warning: ISO C90 does not support 'long long' [-Wlong-long]
 void nand_raw_get_info(unsigned long long *totalsize, unsigned int *pagesize, unsigned int *blocksize,
                                      ^
device/hisilicon/bigfish/HiSTBSDKV6R2/source/common/api/flash/include/nand_raw.h:56:48: warning: ISO C90 does not support 'long long' [-Wlong-long]
 int  nand_raw_get_physical_index(unsigned long long startaddr, int *blockindex, int blocksize);
                                                ^
device/hisilicon/bigfish/HiSTBSDKV6R2/source/common/api/./flash/src/nand_raw.c:160:19: warning: ISO C90 does not support 'long long' [-Wlong-long]
     unsigned long long *totalsize,
                   ^
device/hisilicon/bigfish/HiSTBSDKV6R2/source/common/api/./flash/src/nand_raw.c:183:15: warning: ISO C90 does not support 'long long' [-Wlong-long]
 unsigned long long nand_raw_get_start_addr(const char *dev_name, unsigned long blocksize, int *value_valid)
               ^
device/hisilicon/bigfish/HiSTBSDKV6R2/source/common/api/./flash/src/nand_raw.c:236:19: warning: ISO C90 does not support 'long long' [-Wlong-long]
     unsigned long long *startaddr, /* this address maybe change when meet bad block */
                   ^
device/hisilicon/bigfish/HiSTBSDKV6R2/source/common/api/./flash/src/nand_raw.c:239:19: warning: ISO C90 does not support 'long long' [-Wlong-long]
     unsigned long long  openaddr,
                   ^
device/hisilicon/bigfish/HiSTBSDKV6R2/source/common/api/./flash/src/nand_raw.c:240:19: warning: ISO C90 does not support 'long long' [-Wlong-long]
     unsigned long long  limit_leng,
                   ^
device/hisilicon/bigfish/HiSTBSDKV6R2/source/common/api/./flash/src/nand_raw.c: In function 'nand_raw_read':
device/hisilicon/bigfish/HiSTBSDKV6R2/source/common/api/./flash/src/nand_raw.c:249:19: warning: ISO C90 does not support 'long long' [-Wlong-long]
     unsigned long long offset = *startaddr;
                   ^
device/hisilicon/bigfish/HiSTBSDKV6R2/source/common/api/./flash/src/nand_raw.c: At top level:
device/hisilicon/bigfish/HiSTBSDKV6R2/source/common/api/./flash/src/nand_raw.c:365:6: warning: ISO C90 does not support 'long long' [-Wlong-long]
 long long nand_raw_erase
      ^
device/hisilicon/bigfish/HiSTBSDKV6R2/source/common/api/./flash/src/nand_raw.c:368:19: warning: ISO C90 does not support 'long long' [-Wlong-long]
     unsigned long long startaddr,
                   ^
device/hisilicon/bigfish/HiSTBSDKV6R2/source/common/api/./flash/src/nand_raw.c:369:19: warning: ISO C90 does not support 'long long' [-Wlong-long]
     unsigned long long length,
                   ^
device/hisilicon/bigfish/HiSTBSDKV6R2/source/common/api/./flash/src/nand_raw.c:370:19: warning: ISO C90 does not support 'long long' [-Wlong-long]
     unsigned long long openaddr,
                   ^
device/hisilicon/bigfish/HiSTBSDKV6R2/source/common/api/./flash/src/nand_raw.c:371:19: warning: ISO C90 does not support 'long long' [-Wlong-long]
     unsigned long long limit_leng)
                   ^
device/hisilicon/bigfish/HiSTBSDKV6R2/source/common/api/./flash/src/nand_raw.c: In function 'nand_raw_erase':
device/hisilicon/bigfish/HiSTBSDKV6R2/source/common/api/./flash/src/nand_raw.c:375:10: warning: ISO C90 does not support 'long long' [-Wlong-long]
     long long totalerase = 0;
          ^
device/hisilicon/bigfish/HiSTBSDKV6R2/source/common/api/./flash/src/nand_raw.c:376:19: warning: ISO C90 does not support 'long long' [-Wlong-long]
     unsigned long long offset = startaddr;
                   ^
device/hisilicon/bigfish/HiSTBSDKV6R2/source/common/api/./flash/src/nand_raw.c:433:51: warning: ISO C90 does not support 'long long' [-Wlong-long]
                 eraseinfo.start  = (unsigned long long)(offset - ptn->start);
                                                   ^
device/hisilicon/bigfish/HiSTBSDKV6R2/source/common/api/./flash/src/nand_raw.c:434:51: warning: ISO C90 does not support 'long long' [-Wlong-long]
                 eraseinfo.length = (unsigned long long)(nandraw_ctrl->blocksize);
                                                   ^
device/hisilicon/bigfish/HiSTBSDKV6R2/source/common/api/./flash/src/nand_raw.c:442:74: warning: ISO C90 does not support 'long long' [-Wlong-long]
                     if ((rel = nand_mark_badblock(offset, (unsigned long long)nandraw_ctrl->blocksize)) != 0)
                                                                          ^
device/hisilicon/bigfish/HiSTBSDKV6R2/source/common/api/./flash/src/nand_raw.c: At top level:
device/hisilicon/bigfish/HiSTBSDKV6R2/source/common/api/./flash/src/nand_raw.c:469:40: warning: ISO C90 does not support 'long long' [-Wlong-long]
 int nand_raw_force_erase(unsigned long long offset)
                                        ^
device/hisilicon/bigfish/HiSTBSDKV6R2/source/common/api/./flash/src/nand_raw.c:528:19: warning: ISO C90 does not support 'long long' [-Wlong-long]
     unsigned long long *startaddr,
                   ^
device/hisilicon/bigfish/HiSTBSDKV6R2/source/common/api/./flash/src/nand_raw.c:531:19: warning: ISO C90 does not support 'long long' [-Wlong-long]
     unsigned long long openaddr,
                   ^
device/hisilicon/bigfish/HiSTBSDKV6R2/source/common/api/./flash/src/nand_raw.c:532:19: warning: ISO C90 does not support 'long long' [-Wlong-long]
     unsigned long long limit_leng,
                   ^
device/hisilicon/bigfish/HiSTBSDKV6R2/source/common/api/./flash/src/nand_raw.c: In function 'nand_raw_write':
device/hisilicon/bigfish/HiSTBSDKV6R2/source/common/api/./flash/src/nand_raw.c:546:19: warning: ISO C90 does not support 'long long' [-Wlong-long]
     unsigned long long start;
                   ^
device/hisilicon/bigfish/HiSTBSDKV6R2/source/common/api/./flash/src/nand_raw.c:547:19: warning: ISO C90 does not support 'long long' [-Wlong-long]
     unsigned long long datalen;
                   ^
device/hisilicon/bigfish/HiSTBSDKV6R2/source/common/api/./flash/src/nand_raw.c:548:19: warning: ISO C90 does not support 'long long' [-Wlong-long]
     unsigned long long ooblen;
                   ^
device/hisilicon/bigfish/HiSTBSDKV6R2/source/common/api/./flash/src/nand_raw.c:553:19: warning: ISO C90 does not support 'long long' [-Wlong-long]
     unsigned long long offset = *startaddr;
                   ^
device/hisilicon/bigfish/HiSTBSDKV6R2/source/common/api/./flash/src/nand_raw.c:718:57: warning: ISO C90 does not support 'long long' [-Wlong-long]
                 write_req_buf.usr_data = (unsigned long long)(unsigned long)data_ptr;
                                                         ^
device/hisilicon/bigfish/HiSTBSDKV6R2/source/common/api/./flash/src/nand_raw.c:720:56: warning: ISO C90 does not support 'long long' [-Wlong-long]
                 write_req_buf.usr_oob = (unsigned long long)(unsigned long)oob_ptr;
                                                        ^
device/hisilicon/bigfish/HiSTBSDKV6R2/source/common/api/./flash/src/nand_raw.c: At top level:
device/hisilicon/bigfish/HiSTBSDKV6R2/source/common/api/./flash/src/nand_raw.c:753:38: warning: ISO C90 does not support 'long long' [-Wlong-long]
 int nand_mark_badblock(unsigned long long offset, unsigned long long length)
                                      ^
device/hisilicon/bigfish/HiSTBSDKV6R2/source/common/api/./flash/src/nand_raw.c:753:65: warning: ISO C90 does not support 'long long' [-Wlong-long]
 int nand_mark_badblock(unsigned long long offset, unsigned long long length)
                                                                 ^
device/hisilicon/bigfish/HiSTBSDKV6R2/source/common/api/./flash/src/nand_raw.c: In function 'nand_mark_badblock':
device/hisilicon/bigfish/HiSTBSDKV6R2/source/common/api/./flash/src/nand_raw.c:756:19: warning: ISO C90 does not support 'long long' [-Wlong-long]
     unsigned long long blockoffset;
                   ^
device/hisilicon/bigfish/HiSTBSDKV6R2/source/common/api/./flash/src/nand_raw.c: At top level:
device/hisilicon/bigfish/HiSTBSDKV6R2/source/common/api/./flash/src/nand_raw.c:814:38: warning: ISO C90 does not support 'long long' [-Wlong-long]
 int nand_show_badblock(unsigned long long offset, unsigned long long length)
                                      ^
device/hisilicon/bigfish/HiSTBSDKV6R2/source/common/api/./flash/src/nand_raw.c:814:65: warning: ISO C90 does not support 'long long' [-Wlong-long]
 int nand_show_badblock(unsigned long long offset, unsigned long long length)
                                                                 ^
device/hisilicon/bigfish/HiSTBSDKV6R2/source/common/api/./flash/src/nand_raw.c: In function 'nand_show_badblock':
device/hisilicon/bigfish/HiSTBSDKV6R2/source/common/api/./flash/src/nand_raw.c:818:19: warning: ISO C90 does not support 'long long' [-Wlong-long]
     unsigned long long blockoffset;
                   ^
device/hisilicon/bigfish/HiSTBSDKV6R2/source/common/api/./flash/src/nand_raw.c:862:77: warning: ISO C90 does not support 'long long' [-Wlong-long]
                     (unsigned long)blockoffset, ptn->mtddev, (unsigned long long)offset);
                                                                             ^
device/hisilicon/bigfish/HiSTBSDKV6R2/source/common/api/./flash/src/nand_raw.c: In function 'check_skip_badblock':
device/hisilicon/bigfish/HiSTBSDKV6R2/source/common/api/./flash/src/nand_raw.c:968:19: warning: ISO C90 does not support 'long long' [-Wlong-long]
     unsigned long long size = (ptn->end - ptn->start) + 1;
                   ^
device/hisilicon/bigfish/HiSTBSDKV6R2/source/common/api/./flash/src/nand_raw.c:983:32: warning: ISO C90 does not support 'long long' [-Wlong-long]
                 (unsigned long long)offset, ptn->mtddev, ((unsigned long long)offset + ptn->start));
                                ^
device/hisilicon/bigfish/HiSTBSDKV6R2/source/common/api/./flash/src/nand_raw.c:983:74: warning: ISO C90 does not support 'long long' [-Wlong-long]
                 (unsigned long long)offset, ptn->mtddev, ((unsigned long long)offset + ptn->start));
                                                                          ^
device/hisilicon/bigfish/HiSTBSDKV6R2/source/common/api/./flash/src/nand_raw.c: At top level:
device/hisilicon/bigfish/HiSTBSDKV6R2/source/common/api/./flash/src/nand_raw.c:995:47: warning: ISO C90 does not support 'long long' [-Wlong-long]
 int nand_raw_get_physical_index(unsigned long long startaddr, int *blockindex, int blocksize)
                                               ^
device/hisilicon/bigfish/HiSTBSDKV6R2/source/common/api/./flash/src/nand_raw.c: In function 'nand_raw_get_physical_index':
device/hisilicon/bigfish/HiSTBSDKV6R2/source/common/api/./flash/src/nand_raw.c:1002:19: warning: ISO C90 does not support 'long long' [-Wlong-long]
     unsigned long long offset_addr = startaddr;
                   ^
