platform/android/external/e2fsprogs/lib/ext2fs/tdb.c: In function '_tdb_lock':
platform/android/external/e2fsprogs/lib/ext2fs/tdb.c:411:13: warning: comparison between signed and unsigned integer expressions [-Wsign-compare]
platform/android/external/e2fsprogs/lib/ext2fs/tdb.c: In function 'tdb_unlock':
platform/android/external/e2fsprogs/lib/ext2fs/tdb.c:506:13: warning: comparison between signed and unsigned integer expressions [-Wsign-compare]
platform/android/external/e2fsprogs/lib/ext2fs/tdb.c: In function '_tdb_lockall':
platform/android/external/e2fsprogs/lib/ext2fs/tdb.c:627:55: warning: comparison between signed and unsigned integer expressions [-Wsign-compare]
platform/android/external/e2fsprogs/lib/ext2fs/tdb.c: In function '_tdb_unlockall':
platform/android/external/e2fsprogs/lib/ext2fs/tdb.c:671:29: warning: comparison between signed and unsigned integer expressions [-Wsign-compare]
platform/android/external/e2fsprogs/lib/ext2fs/tdb.c: In function 'transaction_oob':
platform/android/external/e2fsprogs/lib/ext2fs/tdb.c:1535:72: warning: unused parameter 'probe' [-Wunused-parameter]
platform/android/external/e2fsprogs/lib/ext2fs/tdb.c: In function 'transaction_brlock':
platform/android/external/e2fsprogs/lib/ext2fs/tdb.c:1561:51: warning: unused parameter 'tdb' [-Wunused-parameter]
platform/android/external/e2fsprogs/lib/ext2fs/tdb.c:1561:66: warning: unused parameter 'offset' [-Wunused-parameter]
platform/android/external/e2fsprogs/lib/ext2fs/tdb.c:1562:14: warning: unused parameter 'rw_type' [-Wunused-parameter]
platform/android/external/e2fsprogs/lib/ext2fs/tdb.c:1562:27: warning: unused parameter 'lck_type' [-Wunused-parameter]
platform/android/external/e2fsprogs/lib/ext2fs/tdb.c:1562:41: warning: unused parameter 'probe' [-Wunused-parameter]
platform/android/external/e2fsprogs/lib/ext2fs/tdb.c:1562:55: warning: unused parameter 'len' [-Wunused-parameter]
platform/android/external/e2fsprogs/lib/ext2fs/tdb.c: In function 'transaction_sync':
platform/android/external/e2fsprogs/lib/ext2fs/tdb.c:1743:64: warning: unused parameter 'offset' [-Wunused-parameter]
platform/android/external/e2fsprogs/lib/ext2fs/tdb.c:1743:82: warning: unused parameter 'length' [-Wunused-parameter]
platform/android/external/e2fsprogs/lib/ext2fs/tdb.c: In function 'ext2fs_tdb_dump_all':
platform/android/external/e2fsprogs/lib/ext2fs/tdb.c:3004:12: warning: comparison between signed and unsigned integer expressions [-Wsign-compare]
platform/android/external/e2fsprogs/lib/ext2fs/tdb.c: In function 'tdb_key_compare':
platform/android/external/e2fsprogs/lib/ext2fs/tdb.c:3097:63: warning: unused parameter 'private_data' [-Wunused-parameter]
platform/android/external/e2fsprogs/lib/ext2fs/tdb.c: In function 'null_log_fn':
platform/android/external/e2fsprogs/lib/ext2fs/tdb.c:3801:45: warning: unused parameter 'tdb' [-Wunused-parameter]
platform/android/external/e2fsprogs/lib/ext2fs/tdb.c:3801:71: warning: unused parameter 'level' [-Wunused-parameter]
platform/android/external/e2fsprogs/lib/ext2fs/tdb.c:3801:90: warning: unused parameter 'fmt' [-Wunused-parameter]
