platform/android/external/icu/icu4c/source/common/ucnvmbcs.c: In function '_extFromU':
platform/android/external/icu/icu4c/source/common/ucnvmbcs.c:990:19: warning: comparison between signed and unsigned integer expressions [-Wsign-compare]
         for(i=0; i<sizeof(gb18030Ranges)/sizeof(gb18030Ranges[0]); range+=4, ++i) {
                   ^
platform/android/external/icu/icu4c/source/common/ucnvmbcs.c: In function '_extToU':
platform/android/external/icu/icu4c/source/common/ucnvmbcs.c:1057:19: warning: comparison between signed and unsigned integer expressions [-Wsign-compare]
         for(i=0; i<sizeof(gb18030Ranges)/sizeof(gb18030Ranges[0]); range+=4, ++i) {
                   ^
platform/android/external/icu/icu4c/source/common/ucnvmbcs.c: In function 'reconstituteData':
platform/android/external/icu/icu4c/source/common/ucnvmbcs.c:1377:19: warning: comparison between signed and unsigned integer expressions [-Wsign-compare]
             if(st2!=stage1Length/2) {
                   ^
platform/android/external/icu/icu4c/source/common/ucnvmbcs.c: In function 'ucnv_MBCSGetStarters':
platform/android/external/icu/icu4c/source/common/ucnvmbcs.c:5482:30: warning: unused parameter 'pErrorCode' [-Wunused-parameter]
                  UErrorCode *pErrorCode) {
                              ^
platform/android/external/icu/icu4c/source/common/ucnvmbcs.c: At top level:
platform/android/external/icu/icu4c/source/common/ucnvmbcs.c:5648:1: warning: missing initializer for field 'toUTF8' of 'UConverterImpl' [-Wmissing-field-initializers]
 };
 ^
In file included from platform/android/external/icu/icu4c/source/common/ucnv_bld.h:27:0,
                 from platform/android/external/icu/icu4c/source/common/ucnvmbcs.c:53:
platform/android/external/icu/icu4c/source/common/ucnv_cnv.h:252:23: note: 'toUTF8' declared here
     UConverterConvert toUTF8;
                       ^
platform/android/external/icu/icu4c/source/common/ucnvmbcs.c:5659:1: warning: missing initializer for field 'mbcs' of 'UConverterSharedData' [-Wmissing-field-initializers]
 };
 ^
In file included from platform/android/external/icu/icu4c/source/common/ucnvmbcs.c:53:0:
platform/android/external/icu/icu4c/source/common/ucnv_bld.h:125:25: note: 'mbcs' declared here
     UConverterMBCSTable mbcs;
                         ^
