component/dtv/service/src/mid/psi/mid_dataengine.c:11:0: warning: "LOG_TAG" redefined [enabled by default]
 #define LOG_TAG "mid_psi.c"
 ^
In file included from platform/android/system/core/include/cutils/log.h:1:0,
                 from platform/android/system/core/include/utils/Log.h:31,
                 from component/dtv/service/src/drv/include/com_debug.h:11,
                 from component/dtv/service/src/mid/psi/mid_dataengine.c:2:
platform/android/system/core/include/log/log.h:67:0: note: this is the location of the previous definition
 #define LOG_TAG NULL
 ^
component/dtv/service/src/mid/psi/mid_dataengine.c: In function 'CHMID_DataEngine_GetTable':
component/dtv/service/src/mid/psi/mid_dataengine.c:216:153: warning: unused parameter 'ri_TableRequireID' [-Wunused-parameter]
 CHMID_PSI_RESULT_e CHMID_DataEngine_GetTable(S32 ri_Demux, U16 rus_Pid, U8 ruc_TableID, U16 rus_TableIDEx, U16 rus_TableIDEx2, U16 rus_TableIDEx3, S32 *ri_TableRequireID, S32 rus_TimeOut, CHMID_PSI_TABLE_CONTAINER_t **rppstru_tablecontainer)
                                                                                                                                                         ^
component/dtv/service/src/mid/psi/mid_dataengine.c: In function 'CHMID_DataEngine_SectionCapture':
component/dtv/service/src/mid/psi/mid_dataengine.c:786:41: warning: comparison between pointer and integer [enabled by default]
  if ((ruc_Data && ruc_mask && ruc_mode) == NULL)
                                         ^
component/dtv/service/src/mid/psi/mid_dataengine.c: In function 'CHMID_DataEngine_ReadSectionData':
component/dtv/service/src/mid/psi/mid_dataengine.c:865:57: warning: unused parameter 'ri_secionRequireID' [-Wunused-parameter]
 CHMID_PSI_RESULT_e CHMID_DataEngine_ReadSectionData(S32 ri_secionRequireID, U8 *rpuc_DataBuffer, U16 *rpus_DataLength)
                                                         ^
component/dtv/service/src/mid/psi/mid_dataengine.c: In function 'CHMID_DataEngine_DeleteSectionCapture':
component/dtv/service/src/mid/psi/mid_dataengine.c:985:3: warning: format '%d' expects argument of type 'int', but argument 7 has type 'U32' [-Wformat=]
   LOGE("FILTER--%s:%d--[reqid:%x]--%d--ERROR",__FUNCTION__,__LINE__,SectionReauireID,pFilter->UseCount);
   ^
component/dtv/service/src/mid/psi/mid_dataengine.c: In function 'CHMID_DataEngine_GetSectionData':
component/dtv/service/src/mid/psi/mid_dataengine.c:1143:56: warning: unused parameter 'ri_secionRequireID' [-Wunused-parameter]
 CHMID_PSI_RESULT_e CHMID_DataEngine_GetSectionData(S32 ri_secionRequireID, U8 **rppuc_DataBuffer, U16 *rpus_DataLength)
                                                        ^
