device/hisilicon/bigfish/HiSTBSDKV6R2/hal/src/system/tvos_hal_system.c: In function 'system_init':
device/hisilicon/bigfish/HiSTBSDKV6R2/hal/src/system/tvos_hal_system.c:76:5: warning: format '%x' expects argument of type 'unsigned int', but argument 4 has type 'S32' [-Wformat=]
     HAL_CHK_PRINTF((SUCCESS != s32Ret), "i2c init error!! ret(0x%08x)", s32Ret);
     ^
device/hisilicon/bigfish/HiSTBSDKV6R2/hal/src/system/tvos_hal_system.c:79:5: warning: format '%x' expects argument of type 'unsigned int', but argument 4 has type 'S32' [-Wformat=]
     HAL_CHK_PRINTF((SUCCESS != s32Ret), "pmoc init error!! ret(0x%08x)", s32Ret);
     ^
device/hisilicon/bigfish/HiSTBSDKV6R2/hal/src/system/tvos_hal_system.c: In function 'system_term':
device/hisilicon/bigfish/HiSTBSDKV6R2/hal/src/system/tvos_hal_system.c:99:5: warning: format '%x' expects argument of type 'unsigned int', but argument 4 has type 'S32' [-Wformat=]
     HAL_CHK_PRINTF((SUCCESS != s32Ret), "pmoc deinit error!! ret(0x%08x)", s32Ret);
     ^
device/hisilicon/bigfish/HiSTBSDKV6R2/hal/src/system/tvos_hal_system.c:103:5: warning: format '%x' expects argument of type 'unsigned int', but argument 4 has type 'S32' [-Wformat=]
     HAL_CHK_PRINTF((SUCCESS != s32Ret), "i2c deinit error!! ret(0x%08x)", s32Ret);
     ^
device/hisilicon/bigfish/HiSTBSDKV6R2/hal/src/system/tvos_hal_system.c:107:5: warning: format '%x' expects argument of type 'unsigned int', but argument 4 has type 'S32' [-Wformat=]
     HAL_CHK_PRINTF((SUCCESS != s32Ret), "i2c deinit error!! ret(0x%08x)", s32Ret);
     ^
device/hisilicon/bigfish/HiSTBSDKV6R2/hal/src/system/tvos_hal_system.c: In function 'enter_true_standby':
device/hisilicon/bigfish/HiSTBSDKV6R2/hal/src/system/tvos_hal_system.c:238:5: warning: format '%x' expects argument of type 'unsigned int', but argument 4 has type 'S32' [-Wformat=]
     HAL_CHK_RETURN((SUCCESS != s32Ret), ERROR_SYSTEM_STANDBY_FAILED, "error!! ret(0x%08x)", s32Ret);
     ^
device/hisilicon/bigfish/HiSTBSDKV6R2/hal/src/system/tvos_hal_system.c:291:5: warning: format '%x' expects argument of type 'unsigned int', but argument 4 has type 'S32' [-Wformat=]
     HAL_CHK_RETURN((SUCCESS != s32Ret), ERROR_SYSTEM_STANDBY_FAILED, "error!! ret(0x%08x)", s32Ret);
     ^
device/hisilicon/bigfish/HiSTBSDKV6R2/hal/src/system/tvos_hal_system.c:297:5: warning: format '%x' expects argument of type 'unsigned int', but argument 4 has type 'S32' [-Wformat=]
     HAL_CHK_RETURN((SUCCESS != s32Ret), ERROR_SYSTEM_STANDBY_FAILED, "error!! ret(0x%08x)", s32Ret);
     ^
device/hisilicon/bigfish/HiSTBSDKV6R2/hal/src/system/tvos_hal_system.c:338:13: warning: format '%x' expects argument of type 'unsigned int', but argument 6 has type 'S32' [-Wformat=]
             HAL_ERROR("%s,%d error!! ret(0x%08x)", __func__, __LINE__, s32Ret);
             ^
