platform/android/external/ltrace/ltrace-elf.c: In function 'elf_read_u8':
platform/android/external/ltrace/ltrace-elf.c:297:29: warning: pointer of type 'void *' used in arithmetic [-Wpointer-arith]
   memcpy(u.buf, data->d_buf + offset, sizeof(u.dst)); \
                             ^
platform/android/external/ltrace/ltrace-elf.c:302:1: note: in expansion of macro 'DEF_READER'
 DEF_READER(elf_read_u8, 8)
 ^
platform/android/external/ltrace/ltrace-elf.c: In function 'elf_read_u16':
platform/android/external/ltrace/ltrace-elf.c:297:29: warning: pointer of type 'void *' used in arithmetic [-Wpointer-arith]
   memcpy(u.buf, data->d_buf + offset, sizeof(u.dst)); \
                             ^
platform/android/external/ltrace/ltrace-elf.c:303:1: note: in expansion of macro 'DEF_READER'
 DEF_READER(elf_read_u16, 16)
 ^
platform/android/external/ltrace/ltrace-elf.c: In function 'elf_read_u32':
platform/android/external/ltrace/ltrace-elf.c:297:29: warning: pointer of type 'void *' used in arithmetic [-Wpointer-arith]
   memcpy(u.buf, data->d_buf + offset, sizeof(u.dst)); \
                             ^
platform/android/external/ltrace/ltrace-elf.c:304:1: note: in expansion of macro 'DEF_READER'
 DEF_READER(elf_read_u32, 32)
 ^
platform/android/external/ltrace/ltrace-elf.c: In function 'elf_read_u64':
platform/android/external/ltrace/ltrace-elf.c:297:29: warning: pointer of type 'void *' used in arithmetic [-Wpointer-arith]
   memcpy(u.buf, data->d_buf + offset, sizeof(u.dst)); \
                             ^
platform/android/external/ltrace/ltrace-elf.c:305:1: note: in expansion of macro 'DEF_READER'
 DEF_READER(elf_read_u64, 64)
 ^
