platform/android/external/libpcap/pcap-usb-linux.c: In function 'usb_read_linux':
platform/android/external/libpcap/pcap-usb-linux.c:636:62: warning: comparison between signed and unsigned integer expressions [-Wsign-compare]
  while ((string[0] != 0) && (string[1] != 0) && (pkth.caplen < handle->snapshot))
                                                              ^
platform/android/external/libpcap/pcap-usb-linux.c:649:18: warning: comparison between signed and unsigned integer expressions [-Wsign-compare]
  if (pkth.caplen > handle->snapshot)
                  ^
platform/android/external/libpcap/pcap-usb-linux.c:465:36: warning: unused parameter 'max_packets' [-Wunused-parameter]
 usb_read_linux(pcap_t *handle, int max_packets, pcap_handler callback, u_char *user)
                                    ^
platform/android/external/libpcap/pcap-usb-linux.c: In function 'usb_inject_linux':
platform/android/external/libpcap/pcap-usb-linux.c:663:46: warning: unused parameter 'buf' [-Wunused-parameter]
 usb_inject_linux(pcap_t *handle, const void *buf, size_t size)
                                              ^
platform/android/external/libpcap/pcap-usb-linux.c:663:58: warning: unused parameter 'size' [-Wunused-parameter]
 usb_inject_linux(pcap_t *handle, const void *buf, size_t size)
                                                          ^
platform/android/external/libpcap/pcap-usb-linux.c: In function 'usb_read_linux_bin':
platform/android/external/libpcap/pcap-usb-linux.c:813:25: warning: comparison between signed and unsigned integer expressions [-Wsign-compare]
  if (info.hdr->data_len < clen)
                         ^
platform/android/external/libpcap/pcap-usb-linux.c:779:40: warning: unused parameter 'max_packets' [-Wunused-parameter]
 usb_read_linux_bin(pcap_t *handle, int max_packets, pcap_handler callback, u_char *user)
                                        ^
platform/android/external/libpcap/pcap-usb-linux.c: In function 'usb_read_linux_mmap':
platform/android/external/libpcap/pcap-usb-linux.c:893:22: warning: comparison between signed and unsigned integer expressions [-Wsign-compare]
    if (hdr->data_len < clen)
                      ^
