platform/android/external/icu/icu4c/source/common/ucnvisci.c: In function 'UConverter_toUnicode_ISCII_OFFSETS_LOGIC':
platform/android/external/icu/icu4c/source/common/ucnvisci.c:1433:106: warning: comparison between signed and unsigned integer expressions [-Wsign-compare]
                         (*toUnicodeStatus + PNJ_DELTA) == PNJ_SIGN_VIRAMA && (targetUniChar + PNJ_DELTA) == data->prevToUnicodeStatus) {
                                                                                                          ^
platform/android/external/icu/icu4c/source/common/ucnvisci.c: In function '_ISCIIGetUnicodeSet':
platform/android/external/icu/icu4c/source/common/ucnvisci.c:1552:39: warning: unused parameter 'cnv' [-Wunused-parameter]
 _ISCIIGetUnicodeSet(const UConverter *cnv,
                                       ^
platform/android/external/icu/icu4c/source/common/ucnvisci.c:1554:42: warning: unused parameter 'which' [-Wunused-parameter]
                     UConverterUnicodeSet which,
                                          ^
platform/android/external/icu/icu4c/source/common/ucnvisci.c:1555:33: warning: unused parameter 'pErrorCode' [-Wunused-parameter]
                     UErrorCode *pErrorCode)
                                 ^
platform/android/external/icu/icu4c/source/common/ucnvisci.c: At top level:
platform/android/external/icu/icu4c/source/common/ucnvisci.c:1600:1: warning: missing initializer for field 'toUTF8' of 'UConverterImpl' [-Wmissing-field-initializers]
 };
 ^
In file included from platform/android/external/icu/icu4c/source/common/ucnv_bld.h:27:0,
                 from platform/android/external/icu/icu4c/source/common/ucnvisci.c:26:
platform/android/external/icu/icu4c/source/common/ucnv_cnv.h:252:23: note: 'toUTF8' declared here
     UConverterConvert toUTF8;
                       ^
platform/android/external/icu/icu4c/source/common/ucnvisci.c:1629:1: warning: missing initializer for field 'mbcs' of 'UConverterSharedData' [-Wmissing-field-initializers]
 };
 ^
In file included from platform/android/external/icu/icu4c/source/common/ucnvisci.c:26:0:
platform/android/external/icu/icu4c/source/common/ucnv_bld.h:125:25: note: 'mbcs' declared here
     UConverterMBCSTable mbcs;
                         ^
