In file included from component/appman/downloadmanager/downloader/oc/eventManager/workspace/src/../inc/share_inc.h:2:0,
                 from component/appman/downloadmanager/downloader/oc/eventManager/workspace/src/share_part.c:3:
component/appman/downloadmanager/downloader/oc/includeExport/project/project_cfg.h:4:0: warning: ignoring #pragma warning  [-Wunknown-pragmas]
 #pragma warning(disable:4996 4819 4244 4267 4311 4312 4133)
 ^
In file included from component/appman/downloadmanager/downloader/oc/eventManager/workspace/src/../inc/../../share/ktx_queue.c:1:0,
                 from component/appman/downloadmanager/downloader/oc/eventManager/workspace/src/../inc/share_inc.h:11,
                 from component/appman/downloadmanager/downloader/oc/eventManager/workspace/src/share_part.c:3:
component/appman/downloadmanager/downloader/oc/eventManager/workspace/src/../inc/../../share/ktx_queue.c: In function 'share_queue_create':
component/appman/downloadmanager/downloader/oc/includeExport/mc/mc_thread.h:212:25: warning: suggest braces around empty body in an 'if' statement [-Wempty-body]
             CCEAssert(0);                                               \
                         ^
component/appman/downloadmanager/downloader/oc/eventManager/workspace/src/../inc/../../share/ktx_queue.c:98:13: note: in expansion of macro 'McSpinlock_release'
             McSpinlock_release(&(me->islock));
             ^
component/appman/downloadmanager/downloader/oc/includeExport/mc/mc_thread.h:212:25: warning: suggest braces around empty body in an 'if' statement [-Wempty-body]
             CCEAssert(0);                                               \
                         ^
component/appman/downloadmanager/downloader/oc/eventManager/workspace/src/../inc/../../share/ktx_queue.c:124:5: note: in expansion of macro 'McSpinlock_release'
     McSpinlock_release(&(me->islock));
     ^
component/appman/downloadmanager/downloader/oc/includeExport/mc/mc_thread.h:212:25: warning: suggest braces around empty body in an 'if' statement [-Wempty-body]
             CCEAssert(0);                                               \
                         ^
component/appman/downloadmanager/downloader/oc/eventManager/workspace/src/../inc/../../share/ktx_queue.c:127:5: note: in expansion of macro 'McSpinlock_release'
     McSpinlock_release(&(me->islock));
     ^
component/appman/downloadmanager/downloader/oc/eventManager/workspace/src/../inc/../../share/ktx_queue.c: In function 'share_queue_destroy':
component/appman/downloadmanager/downloader/oc/includeExport/mc/mc_thread.h:212:25: warning: suggest braces around empty body in an 'if' statement [-Wempty-body]
             CCEAssert(0);                                               \
                         ^
component/appman/downloadmanager/downloader/oc/eventManager/workspace/src/../inc/../../share/ktx_queue.c:149:9: note: in expansion of macro 'McSpinlock_release'
         McSpinlock_release(&(me->islock));
         ^
component/appman/downloadmanager/downloader/oc/includeExport/mc/mc_thread.h:212:25: warning: suggest braces around empty body in an 'if' statement [-Wempty-body]
             CCEAssert(0);                                               \
                         ^
component/appman/downloadmanager/downloader/oc/eventManager/workspace/src/../inc/../../share/ktx_queue.c:158:5: note: in expansion of macro 'McSpinlock_release'
     McSpinlock_release(&(me->islock));
     ^
component/appman/downloadmanager/downloader/oc/eventManager/workspace/src/../inc/../../share/ktx_queue.c: In function 'share_queue_capacity':
component/appman/downloadmanager/downloader/oc/includeExport/mc/mc_thread.h:212:25: warning: suggest braces around empty body in an 'if' statement [-Wempty-body]
             CCEAssert(0);                                               \
                         ^
component/appman/downloadmanager/downloader/oc/eventManager/workspace/src/../inc/../../share/ktx_queue.c:178:5: note: in expansion of macro 'McSpinlock_release'
     McSpinlock_release(&(me->islock));
     ^
component/appman/downloadmanager/downloader/oc/includeExport/mc/mc_thread.h:212:25: warning: suggest braces around empty body in an 'if' statement [-Wempty-body]
             CCEAssert(0);                                               \
                         ^
component/appman/downloadmanager/downloader/oc/eventManager/workspace/src/../inc/../../share/ktx_queue.c:184:9: note: in expansion of macro 'McSpinlock_release'
         McSpinlock_release(&(me->islock));
         ^
component/appman/downloadmanager/downloader/oc/eventManager/workspace/src/../inc/../../share/ktx_queue.c: In function 'share_queue_size':
component/appman/downloadmanager/downloader/oc/includeExport/mc/mc_thread.h:212:25: warning: suggest braces around empty body in an 'if' statement [-Wempty-body]
             CCEAssert(0);                                               \
                         ^
component/appman/downloadmanager/downloader/oc/eventManager/workspace/src/../inc/../../share/ktx_queue.c:208:5: note: in expansion of macro 'McSpinlock_release'
     McSpinlock_release(&(me->islock));
     ^
component/appman/downloadmanager/downloader/oc/includeExport/mc/mc_thread.h:212:25: warning: suggest braces around empty body in an 'if' statement [-Wempty-body]
             CCEAssert(0);                                               \
                         ^
component/appman/downloadmanager/downloader/oc/eventManager/workspace/src/../inc/../../share/ktx_queue.c:213:9: note: in expansion of macro 'McSpinlock_release'
         McSpinlock_release(&(me->islock));
         ^
component/appman/downloadmanager/downloader/oc/eventManager/workspace/src/../inc/../../share/ktx_queue.c: In function 'share_queue_info':
component/appman/downloadmanager/downloader/oc/includeExport/mc/mc_thread.h:212:25: warning: suggest braces around empty body in an 'if' statement [-Wempty-body]
             CCEAssert(0);                                               \
                         ^
component/appman/downloadmanager/downloader/oc/eventManager/workspace/src/../inc/../../share/ktx_queue.c:236:5: note: in expansion of macro 'McSpinlock_release'
     McSpinlock_release(&(me->islock));
     ^
component/appman/downloadmanager/downloader/oc/includeExport/mc/mc_thread.h:212:25: warning: suggest braces around empty body in an 'if' statement [-Wempty-body]
             CCEAssert(0);                                               \
                         ^
component/appman/downloadmanager/downloader/oc/eventManager/workspace/src/../inc/../../share/ktx_queue.c:254:9: note: in expansion of macro 'McSpinlock_release'
         McSpinlock_release(&(me->islock));
         ^
component/appman/downloadmanager/downloader/oc/eventManager/workspace/src/../inc/../../share/ktx_queue.c: In function 'share_queue_sendEx':
component/appman/downloadmanager/downloader/oc/includeExport/mc/mc_thread.h:212:25: warning: suggest braces around empty body in an 'if' statement [-Wempty-body]
             CCEAssert(0);                                               \
                         ^
component/appman/downloadmanager/downloader/oc/eventManager/workspace/src/../inc/../../share/ktx_queue.c:281:5: note: in expansion of macro 'McSpinlock_release'
     McSpinlock_release(&(me->islock));
     ^
component/appman/downloadmanager/downloader/oc/includeExport/mc/mc_thread.h:212:25: warning: suggest braces around empty body in an 'if' statement [-Wempty-body]
             CCEAssert(0);                                               \
                         ^
component/appman/downloadmanager/downloader/oc/eventManager/workspace/src/../inc/../../share/ktx_queue.c:286:9: note: in expansion of macro 'McSpinlock_release'
         McSpinlock_release(&(me->islock));
         ^
component/appman/downloadmanager/downloader/oc/eventManager/workspace/src/../inc/../../share/ktx_queue.c: In function 'share_queue_recv':
component/appman/downloadmanager/downloader/oc/includeExport/mc/mc_thread.h:212:25: warning: suggest braces around empty body in an 'if' statement [-Wempty-body]
             CCEAssert(0);                                               \
                         ^
component/appman/downloadmanager/downloader/oc/eventManager/workspace/src/../inc/../../share/ktx_queue.c:309:5: note: in expansion of macro 'McSpinlock_release'
     McSpinlock_release(&(me->islock));
     ^
component/appman/downloadmanager/downloader/oc/includeExport/mc/mc_thread.h:212:25: warning: suggest braces around empty body in an 'if' statement [-Wempty-body]
             CCEAssert(0);                                               \
                         ^
component/appman/downloadmanager/downloader/oc/eventManager/workspace/src/../inc/../../share/ktx_queue.c:314:9: note: in expansion of macro 'McSpinlock_release'
         McSpinlock_release(&(me->islock));
         ^
component/appman/downloadmanager/downloader/oc/eventManager/workspace/src/../inc/../../share/ktx_queue.c: In function 'share_queue_batchedSend':
component/appman/downloadmanager/downloader/oc/includeExport/mc/mc_thread.h:212:25: warning: suggest braces around empty body in an 'if' statement [-Wempty-body]
             CCEAssert(0);                                               \
                         ^
component/appman/downloadmanager/downloader/oc/eventManager/workspace/src/../inc/../../share/ktx_queue.c:341:5: note: in expansion of macro 'McSpinlock_release'
     McSpinlock_release(&(me->islock));
     ^
component/appman/downloadmanager/downloader/oc/includeExport/mc/mc_thread.h:212:25: warning: suggest braces around empty body in an 'if' statement [-Wempty-body]
             CCEAssert(0);                                               \
                         ^
component/appman/downloadmanager/downloader/oc/eventManager/workspace/src/../inc/../../share/ktx_queue.c:346:9: note: in expansion of macro 'McSpinlock_release'
         McSpinlock_release(&(me->islock));
         ^
component/appman/downloadmanager/downloader/oc/eventManager/workspace/src/../inc/../../share/ktx_queue.c: In function 'share_queue_batchedRecv':
component/appman/downloadmanager/downloader/oc/includeExport/mc/mc_thread.h:212:25: warning: suggest braces around empty body in an 'if' statement [-Wempty-body]
             CCEAssert(0);                                               \
                         ^
component/appman/downloadmanager/downloader/oc/eventManager/workspace/src/../inc/../../share/ktx_queue.c:373:5: note: in expansion of macro 'McSpinlock_release'
     McSpinlock_release(&(me->islock));
     ^
component/appman/downloadmanager/downloader/oc/includeExport/mc/mc_thread.h:212:25: warning: suggest braces around empty body in an 'if' statement [-Wempty-body]
             CCEAssert(0);                                               \
                         ^
component/appman/downloadmanager/downloader/oc/eventManager/workspace/src/../inc/../../share/ktx_queue.c:383:9: note: in expansion of macro 'McSpinlock_release'
         McSpinlock_release(&(me->islock));
         ^
component/appman/downloadmanager/downloader/oc/eventManager/workspace/src/../inc/../../share/ktx_queue.c: In function 'share_queue_interruptWait':
component/appman/downloadmanager/downloader/oc/includeExport/mc/mc_thread.h:212:25: warning: suggest braces around empty body in an 'if' statement [-Wempty-body]
             CCEAssert(0);                                               \
                         ^
component/appman/downloadmanager/downloader/oc/eventManager/workspace/src/../inc/../../share/ktx_queue.c:422:5: note: in expansion of macro 'McSpinlock_release'
     McSpinlock_release(&(me->islock));
     ^
In file included from component/appman/downloadmanager/downloader/oc/eventManager/workspace/src/../inc/share_inc.h:11:0,
                 from component/appman/downloadmanager/downloader/oc/eventManager/workspace/src/share_part.c:3:
component/appman/downloadmanager/downloader/oc/eventManager/workspace/src/../inc/../../share/ktx_queue.c: In function 'ShareQueue_keep':
component/appman/downloadmanager/downloader/oc/eventManager/workspace/src/../inc/../../share/ktx_queue.c:533:13: warning: comparison between signed and unsigned integer expressions [-Wsign-compare]
     if (cap != queue->capacity) {
             ^
In file included from component/appman/downloadmanager/downloader/oc/eventManager/workspace/src/../inc/../../share/ktx_queue.c:1:0,
                 from component/appman/downloadmanager/downloader/oc/eventManager/workspace/src/../inc/share_inc.h:11,
                 from component/appman/downloadmanager/downloader/oc/eventManager/workspace/src/share_part.c:3:
component/appman/downloadmanager/downloader/oc/eventManager/workspace/src/../inc/../../share/ktx_queue.c: In function 'share_queue_interruptRead':
component/appman/downloadmanager/downloader/oc/includeExport/mc/mc_thread.h:212:25: warning: suggest braces around empty body in an 'if' statement [-Wempty-body]
             CCEAssert(0);                                               \
                         ^
component/appman/downloadmanager/downloader/oc/eventManager/workspace/src/../inc/../../share/ktx_queue.c:876:5: note: in expansion of macro 'McSpinlock_release'
     McSpinlock_release(&(me->islock));
     ^
component/appman/downloadmanager/downloader/oc/includeExport/mc/mc_thread.h:212:25: warning: suggest braces around empty body in an 'if' statement [-Wempty-body]
             CCEAssert(0);                                               \
                         ^
component/appman/downloadmanager/downloader/oc/eventManager/workspace/src/../inc/../../share/ktx_queue.c:881:9: note: in expansion of macro 'McSpinlock_release'
         McSpinlock_release(&(me->islock));
         ^
In file included from component/appman/downloadmanager/downloader/oc/eventManager/workspace/src/../inc/../../share/ktx_timer.c:1:0,
                 from component/appman/downloadmanager/downloader/oc/eventManager/workspace/src/../inc/share_inc.h:12,
                 from component/appman/downloadmanager/downloader/oc/eventManager/workspace/src/share_part.c:3:
component/appman/downloadmanager/downloader/oc/eventManager/workspace/src/../inc/../../share/ktx_timer.h: At top level:
component/appman/downloadmanager/downloader/oc/eventManager/workspace/src/../inc/../../share/ktx_timer.h:19:1: warning: useless storage class specifier in empty declaration [enabled by default]
 };
 ^
