In file included from device/hisilicon/bigfish/HiSTBSDKV6R2/source/common/include/hi_debug.h:22:0,
                 from device/hisilicon/bigfish/HiSTBSDKV6R2/source/msp/api/aenc/mpi_aenc_core.c:26:
device/hisilicon/bigfish/HiSTBSDKV6R2/source/common/include/hi_type.h:44:23: warning: ISO C90 does not support 'long long' [-Wlong-long]
 typedef unsigned long long      HI_U64;
                       ^
device/hisilicon/bigfish/HiSTBSDKV6R2/source/common/include/hi_type.h:45:14: warning: ISO C90 does not support 'long long' [-Wlong-long]
 typedef long long               HI_S64;
              ^
In file included from device/hisilicon/bigfish/HiSTBSDKV6R2/source/msp/api/aenc/mpi_aenc_core.c:35:0:
device/hisilicon/bigfish/HiSTBSDKV6R2/source/msp/api/adec/mpi_adec_assembly.h:585:14: warning: ISO C90 does not support 'long long' [-Wlong-long]
 typedef long long Word64;
              ^
device/hisilicon/bigfish/HiSTBSDKV6R2/source/msp/api/aenc/mpi_aenc_core.c: In function 'AENCSentInputData':
device/hisilicon/bigfish/HiSTBSDKV6R2/source/msp/api/aenc/mpi_aenc_core.c:1625:34: warning: comparison between signed and unsigned integer expressions [-Wsign-compare]
             if (u32RealFrameSize != s32Len)
                                  ^
device/hisilicon/bigfish/HiSTBSDKV6R2/source/msp/api/aenc/mpi_aenc_core.c: In function 'AENC_ReceiveStream':
device/hisilicon/bigfish/HiSTBSDKV6R2/source/msp/api/aenc/mpi_aenc_core.c:2350:36: warning: comparison between signed and unsigned integer expressions [-Wsign-compare]
            if (pstStream->u32Bytes != s32Len)
                                    ^
