In file included from device/hisilicon/bigfish/packages/apps/HiPinyinIME/jni/share/../include/matrixsearch.h:22:0,
                 from device/hisilicon/bigfish/packages/apps/HiPinyinIME/jni/share/matrixsearch.cpp:22:
device/hisilicon/bigfish/packages/apps/HiPinyinIME/jni/share/../include/./dicttrie.h:39:3: warning: 'typedef' was ignored in this declaration [enabled by default]
   };
   ^
device/hisilicon/bigfish/packages/apps/HiPinyinIME/jni/share/../include/./dicttrie.h:203:15: warning: unused parameter 'lemma_str' [-Wunused-parameter]
   LemmaIdType put_lemma(char16 lemma_str[], uint16 splids[],
               ^
device/hisilicon/bigfish/packages/apps/HiPinyinIME/jni/share/../include/./dicttrie.h:203:15: warning: unused parameter 'splids' [-Wunused-parameter]
device/hisilicon/bigfish/packages/apps/HiPinyinIME/jni/share/../include/./dicttrie.h:203:15: warning: unused parameter 'lemma_len' [-Wunused-parameter]
device/hisilicon/bigfish/packages/apps/HiPinyinIME/jni/share/../include/./dicttrie.h:203:15: warning: unused parameter 'count' [-Wunused-parameter]
device/hisilicon/bigfish/packages/apps/HiPinyinIME/jni/share/../include/./dicttrie.h:206:15: warning: unused parameter 'lemma_id' [-Wunused-parameter]
   LemmaIdType update_lemma(LemmaIdType lemma_id, int16 delta_count,
               ^
device/hisilicon/bigfish/packages/apps/HiPinyinIME/jni/share/../include/./dicttrie.h:206:15: warning: unused parameter 'delta_count' [-Wunused-parameter]
device/hisilicon/bigfish/packages/apps/HiPinyinIME/jni/share/../include/./dicttrie.h:206:15: warning: unused parameter 'selected' [-Wunused-parameter]
device/hisilicon/bigfish/packages/apps/HiPinyinIME/jni/share/../include/./dicttrie.h:209:15: warning: unused parameter 'lemma_str' [-Wunused-parameter]
   LemmaIdType get_lemma_id(char16 lemma_str[], uint16 splids[],
               ^
device/hisilicon/bigfish/packages/apps/HiPinyinIME/jni/share/../include/./dicttrie.h:209:15: warning: unused parameter 'splids' [-Wunused-parameter]
device/hisilicon/bigfish/packages/apps/HiPinyinIME/jni/share/../include/./dicttrie.h:209:15: warning: unused parameter 'lemma_len' [-Wunused-parameter]
device/hisilicon/bigfish/packages/apps/HiPinyinIME/jni/share/../include/./dicttrie.h:212:16: warning: unused parameter 'lemma_id' [-Wunused-parameter]
   LmaScoreType get_lemma_score(LemmaIdType lemma_id) {return 0;}
                ^
device/hisilicon/bigfish/packages/apps/HiPinyinIME/jni/share/../include/./dicttrie.h:214:16: warning: unused parameter 'lemma_str' [-Wunused-parameter]
   LmaScoreType get_lemma_score(char16 lemma_str[], uint16 splids[],
                ^
device/hisilicon/bigfish/packages/apps/HiPinyinIME/jni/share/../include/./dicttrie.h:214:16: warning: unused parameter 'splids' [-Wunused-parameter]
device/hisilicon/bigfish/packages/apps/HiPinyinIME/jni/share/../include/./dicttrie.h:214:16: warning: unused parameter 'lemma_len' [-Wunused-parameter]
device/hisilicon/bigfish/packages/apps/HiPinyinIME/jni/share/../include/./dicttrie.h:217:8: warning: unused parameter 'lemma_id' [-Wunused-parameter]
   bool remove_lemma(LemmaIdType lemma_id) {return false;}
        ^
device/hisilicon/bigfish/packages/apps/HiPinyinIME/jni/share/matrixsearch.cpp:652:6: warning: unused parameter 'score' [-Wunused-parameter]
 bool MatrixSearch::add_lma_to_userdict(uint16 lma_fr, uint16 lma_to,
      ^
device/hisilicon/bigfish/packages/apps/HiPinyinIME/jni/share/matrixsearch.cpp:949:6: warning: unused parameter 'node_num' [-Wunused-parameter]
 void MatrixSearch::fill_dmi(DictMatchInfo *dmi, MileStoneHandle *handles,
      ^
