component/dtv/service/src/drv/tuner/chdrv_tuner.c:8:0: warning: "LOG_NDEBUG" redefined [enabled by default]
 #define LOG_NDEBUG 0
 ^
In file included from platform/android/system/core/include/cutils/log.h:1:0,
                 from platform/android/system/core/include/utils/Log.h:31,
                 from component/dtv/service/src/drv/include/chdrv_platform.h:36,
                 from component/dtv/service/src/drv/include/chdrv_include.h:10,
                 from component/dtv/service/src/drv/tuner/chdrv_tuner.c:4:
platform/android/system/core/include/log/log.h:55:0: note: this is the location of the previous definition
 #define LOG_NDEBUG 1
 ^
component/dtv/service/src/drv/tuner/chdrv_tuner.c:9:0: warning: "LOG_TAG" redefined [enabled by default]
 #define LOG_TAG "chdrv_tuner.c"
 ^
In file included from platform/android/system/core/include/cutils/log.h:1:0,
                 from platform/android/system/core/include/utils/Log.h:31,
                 from component/dtv/service/src/drv/include/chdrv_platform.h:36,
                 from component/dtv/service/src/drv/include/chdrv_include.h:10,
                 from component/dtv/service/src/drv/tuner/chdrv_tuner.c:4:
platform/android/system/core/include/log/log.h:67:0: note: this is the location of the previous definition
 #define LOG_TAG NULL
 ^
component/dtv/service/src/drv/tuner/chdrv_tuner.c:46:1: warning: 'static' is not at beginning of declaration [-Wold-style-declaration]
 void static CHDRV_SetAndAttachTsPort(S32 ri_Device);
 ^
component/dtv/service/src/drv/tuner/chdrv_tuner.c:376:1: warning: 'static' is not at beginning of declaration [-Wold-style-declaration]
 void static CHDRV_SetAndAttachTsPort(S32 ri_Device)
 ^
component/dtv/service/src/drv/tuner/chdrv_tuner.c: In function 'CHDRV_TUNER_QAM_SetIF':
component/dtv/service/src/drv/tuner/chdrv_tuner.c:796:163: warning: unused parameter 'rpenm_IQSpectrum' [-Wunused-parameter]
 CHDRV_TUNER_RESULT_e CHDRV_TUNER_QAM_SetIF(S32 ri_Device, S32 ri_InterFreqKHz, S32 ri_SymbolRateKbps, CHDRV_TUNER_QAM_MODE_e renm_QAMMode, CHDRV_TUNER_IQ_TYPE_e *rpenm_IQSpectrum, CH_BOOL *rpb_IfLock)
                                                                                                                                                                   ^
component/dtv/service/src/drv/tuner/chdrv_tuner.c: In function 'CHDRV_TUNER_QAM_GetCarrierParams':
component/dtv/service/src/drv/tuner/chdrv_tuner.c:877:98: warning: unused parameter 'rpi_SymbolRateKbps' [-Wunused-parameter]
 CHDRV_TUNER_RESULT_e CHDRV_TUNER_QAM_GetCarrierParams(S32 ri_Device, S32 *rpi_InterFreqKHz, S32 *rpi_SymbolRateKbps, CHDRV_TUNER_QAM_MODE_e *rpenm_QAMMode, S16 *rps_FreqOffsetKHz, CHDRV_TUNER_IQ_TYPE_e *rpenm_IQType)
                                                                                                  ^
