component/DAS/agent/main.c:26:6: warning: no previous prototype for 'sigHandler' [-Wmissing-prototypes]
 void sigHandler(int sig)
      ^
component/DAS/agent/main.c:42:6: warning: no previous prototype for 'signalSetup' [-Wmissing-prototypes]
 void signalSetup(void)
      ^
component/DAS/agent/main.c:58:15: warning: no previous prototype for 'CreatDataFolder' [-Wmissing-prototypes]
 unsigned char CreatDataFolder(void)
               ^
component/DAS/agent/main.c: In function 'CreatDataFolder':
component/DAS/agent/main.c:62:9: warning: implicit declaration of function 'mkdir' [-Wimplicit-function-declaration]
         if (0 != mkdir("/data/data/DAS/", 0660))
         ^
component/DAS/agent/main.c:62:9: warning: nested extern declaration of 'mkdir' [-Wnested-externs]
component/DAS/agent/main.c: In function 'main':
component/DAS/agent/main.c:86:9: warning: passing argument 1 of 'pthread_create' from incompatible pointer type [enabled by default]
         if (0 == pthread_create(&g_Isstart_Socket_Server, NULL, DASSocketServerProcess, NULL))
         ^
In file included from component/DAS/agent/main.c:5:0:
platform/android/bionic/libc/include/pthread.h:177:5: note: expected 'pthread_t *' but argument is of type 'unsigned int *'
 int pthread_create(pthread_t*, pthread_attr_t const*, void *(*)(void*), void*) __nonnull((1, 3));
     ^
