platform/android/external/ppp/pppd/ecp.c:72:7: warning: missing initializer for field 'flags' of 'option_t' [-Wmissing-field-initializers]
       "Disable ECP negotiation" },
       ^
In file included from platform/android/external/ppp/pppd/ecp.c:66:0:
platform/android/external/ppp/pppd/pppd.h:111:15: note: 'flags' declared here
  unsigned int flags;
               ^
platform/android/external/ppp/pppd/ecp.c:74:7: warning: missing initializer for field 'addr2' of 'option_t' [-Wmissing-field-initializers]
       "Disable ECP negotiation", OPT_ALIAS },
       ^
In file included from platform/android/external/ppp/pppd/ecp.c:66:0:
platform/android/external/ppp/pppd/pppd.h:112:8: note: 'addr2' declared here
  void *addr2;
        ^
platform/android/external/ppp/pppd/ecp.c: In function 'ecp_printpkt':
platform/android/external/ppp/pppd/ecp.c:166:13: warning: unused parameter 'p' [-Wunused-parameter]
     u_char *p;
             ^
platform/android/external/ppp/pppd/ecp.c:167:9: warning: unused parameter 'plen' [-Wunused-parameter]
     int plen;
         ^
platform/android/external/ppp/pppd/ecp.c:168:12: warning: unused parameter 'printer' [-Wunused-parameter]
     void (*printer) __P((void *, char *, ...));
            ^
platform/android/external/ppp/pppd/ecp.c:169:11: warning: unused parameter 'arg' [-Wunused-parameter]
     void *arg;
           ^
