device/hisilicon/bigfish/frameworks/hisysmanager/libs/flashInfo.c: In function 'get_flash_info':
device/hisilicon/bigfish/frameworks/hisysmanager/libs/flashInfo.c:21:5: warning: passing argument 1 of 'HI_Flash_OpenByName' discards 'const' qualifier from pointer target type [enabled by default]
     HI_HANDLE mtdfd = HI_Flash_OpenByName(mtdname);
     ^
In file included from device/hisilicon/bigfish/frameworks/hisysmanager/libs/flashInfo.c:9:0:
./device/hisilicon/bigfish/HiSTBSDKV6R2/source/common/include/hi_flash.h:139:11: note: expected 'HI_CHAR *' but argument is of type 'const char *'
 HI_HANDLE HI_Flash_OpenByName(HI_CHAR *pPartitionName);
           ^
device/hisilicon/bigfish/frameworks/hisysmanager/libs/flashInfo.c:22:19: warning: comparison between signed and unsigned integer expressions [-Wsign-compare]
     if(INVALID_FD == mtdfd)
                   ^
device/hisilicon/bigfish/frameworks/hisysmanager/libs/flashInfo.c:41:9: warning: format '%d' expects argument of type 'int', but argument 4 has type 'long unsigned int' [-Wformat=]
         ALOGE("tmp_mtdinfo malloc error, offset+offlen +1=[%d]", offset+offlen +1);
         ^
device/hisilicon/bigfish/frameworks/hisysmanager/libs/flashInfo.c:45:5: warning: pointer targets in passing argument 3 of 'HI_Flash_Read' differ in signedness [-Wpointer-sign]
     Ret = HI_Flash_Read(mtdfd, ((offset/pagesize) * pagesize) , tmp_mtdinfo, totalsize, HI_FLASH_RW_FLAG_RAW);
     ^
In file included from device/hisilicon/bigfish/frameworks/hisysmanager/libs/flashInfo.c:9:0:
./device/hisilicon/bigfish/HiSTBSDKV6R2/source/common/include/hi_flash.h:201:8: note: expected 'HI_U8 *' but argument is of type 'char *'
 HI_S32 HI_Flash_Read(HI_HANDLE hFlash, HI_U64 u64Address, HI_U8 *pBuf,
        ^
device/hisilicon/bigfish/frameworks/hisysmanager/libs/flashInfo.c: In function 'set_flash_info':
device/hisilicon/bigfish/frameworks/hisysmanager/libs/flashInfo.c:73:5: warning: passing argument 1 of 'HI_Flash_OpenByName' discards 'const' qualifier from pointer target type [enabled by default]
     HI_HANDLE mtdfd = HI_Flash_OpenByName(mtdname);
     ^
In file included from device/hisilicon/bigfish/frameworks/hisysmanager/libs/flashInfo.c:9:0:
./device/hisilicon/bigfish/HiSTBSDKV6R2/source/common/include/hi_flash.h:139:11: note: expected 'HI_CHAR *' but argument is of type 'const char *'
 HI_HANDLE HI_Flash_OpenByName(HI_CHAR *pPartitionName);
           ^
device/hisilicon/bigfish/frameworks/hisysmanager/libs/flashInfo.c:74:19: warning: comparison between signed and unsigned integer expressions [-Wsign-compare]
     if(INVALID_FD == mtdfd)
                   ^
device/hisilicon/bigfish/frameworks/hisysmanager/libs/flashInfo.c: In function 'set_HDMI_HDCP_Key':
device/hisilicon/bigfish/frameworks/hisysmanager/libs/flashInfo.c:204:5: warning: implicit declaration of function 'HI_SYS_Init' [-Wimplicit-function-declaration]
     HI_SYS_Init();
     ^
device/hisilicon/bigfish/frameworks/hisysmanager/libs/flashInfo.c:205:5: warning: implicit declaration of function 'HI_UNF_CIPHER_Init' [-Wimplicit-function-declaration]
     HI_UNF_CIPHER_Init();
     ^
device/hisilicon/bigfish/frameworks/hisysmanager/libs/flashInfo.c:211:9: warning: implicit declaration of function 'HI_UNF_CIPHER_DeInit' [-Wimplicit-function-declaration]
         HI_UNF_CIPHER_DeInit();
         ^
device/hisilicon/bigfish/frameworks/hisysmanager/libs/flashInfo.c:212:9: warning: implicit declaration of function 'HI_SYS_DeInit' [-Wimplicit-function-declaration]
         HI_SYS_DeInit();
         ^
device/hisilicon/bigfish/frameworks/hisysmanager/libs/flashInfo.c:192:96: warning: unused parameter 'uBufferSize' [-Wunused-parameter]
 int set_HDMI_HDCP_Key(const char *mtdname, unsigned long offset, HI_U8 *pBuffer, unsigned long uBufferSize)
                                                                                                ^
device/hisilicon/bigfish/frameworks/hisysmanager/libs/flashInfo.c: In function 'set_HDCP2x_Key':
device/hisilicon/bigfish/frameworks/hisysmanager/libs/flashInfo.c:351:55: warning: unused parameter 'offset' [-Wunused-parameter]
 int set_HDCP2x_Key(const char *mtdname, unsigned long offset, char *pBuffer, unsigned long uBufferSize)
                                                       ^
