In file included from platform/android/external/icu/icu4c/source/i18n/../common/unicode/platform.h:23:0,
                 from platform/android/external/icu/icu4c/source/i18n/../common/unicode/ptypes.h:50,
                 from platform/android/external/icu/icu4c/source/i18n/../common/unicode/umachine.h:44,
                 from platform/android/external/icu/icu4c/source/i18n/../common/unicode/utypes.h:36,
                 from platform/android/external/icu/icu4c/source/i18n/../common/unicode/ustring.h:19,
                 from platform/android/external/icu/icu4c/source/i18n/ucol_sit.cpp:16:
platform/android/external/icu/icu4c/source/i18n/ucol_sit.cpp: In function 'UCollator* ucol_openFromShortString_53(const char*, UBool, UParseError*, UErrorCode*)':
platform/android/external/icu/icu4c/source/i18n/../common/unicode/urename.h:751:54: warning: 'uint32_t ucol_setVariableTop_53(UCollator*, const UChar*, int32_t, UErrorCode*)' is deprecated (declared at platform/android/external/icu/icu4c/source/i18n/unicode/ucol.h:1231) [-Wdeprecated-declarations]
 #define ucol_setVariableTop U_ICU_ENTRY_POINT_RENAME(ucol_setVariableTop)
                                                      ^
platform/android/external/icu/icu4c/source/i18n/../common/unicode/uvernum.h:112:43: note: in definition of macro 'U_DEF_ICU_ENTRY_POINT_RENAME'
 #define U_DEF_ICU_ENTRY_POINT_RENAME(x,y) x ## y
                                           ^
platform/android/external/icu/icu4c/source/i18n/../common/unicode/uvernum.h:114:40: note: in expansion of macro 'U_DEF2_ICU_ENTRY_POINT_RENAME'
 #define U_ICU_ENTRY_POINT_RENAME(x)    U_DEF2_ICU_ENTRY_POINT_RENAME(x,U_ICU_VERSION_SUFFIX)
                                        ^
platform/android/external/icu/icu4c/source/i18n/../common/unicode/urename.h:751:29: note: in expansion of macro 'U_ICU_ENTRY_POINT_RENAME'
 #define ucol_setVariableTop U_ICU_ENTRY_POINT_RENAME(ucol_setVariableTop)
                             ^
platform/android/external/icu/icu4c/source/i18n/ucol_sit.cpp:543:13: note: in expansion of macro 'ucol_setVariableTop'
             ucol_setVariableTop(result, s.variableTopString, s.variableTopStringLen, status);
             ^
platform/android/external/icu/icu4c/source/i18n/ucol_sit.cpp:543:92: warning: 'uint32_t ucol_setVariableTop_53(UCollator*, const UChar*, int32_t, UErrorCode*)' is deprecated (declared at platform/android/external/icu/icu4c/source/i18n/unicode/ucol.h:1231) [-Wdeprecated-declarations]
             ucol_setVariableTop(result, s.variableTopString, s.variableTopStringLen, status);
                                                                                            ^
In file included from platform/android/external/icu/icu4c/source/i18n/../common/unicode/platform.h:23:0,
                 from platform/android/external/icu/icu4c/source/i18n/../common/unicode/ptypes.h:50,
                 from platform/android/external/icu/icu4c/source/i18n/../common/unicode/umachine.h:44,
                 from platform/android/external/icu/icu4c/source/i18n/../common/unicode/utypes.h:36,
                 from platform/android/external/icu/icu4c/source/i18n/../common/unicode/ustring.h:19,
                 from platform/android/external/icu/icu4c/source/i18n/ucol_sit.cpp:16:
platform/android/external/icu/icu4c/source/i18n/../common/unicode/urename.h:742:58: warning: 'void ucol_restoreVariableTop_53(UCollator*, uint32_t, UErrorCode*)' is deprecated (declared at platform/android/external/icu/icu4c/source/i18n/unicode/ucol.h:1262) [-Wdeprecated-declarations]
 #define ucol_restoreVariableTop U_ICU_ENTRY_POINT_RENAME(ucol_restoreVariableTop)
                                                          ^
platform/android/external/icu/icu4c/source/i18n/../common/unicode/uvernum.h:112:43: note: in definition of macro 'U_DEF_ICU_ENTRY_POINT_RENAME'
 #define U_DEF_ICU_ENTRY_POINT_RENAME(x,y) x ## y
                                           ^
platform/android/external/icu/icu4c/source/i18n/../common/unicode/uvernum.h:114:40: note: in expansion of macro 'U_DEF2_ICU_ENTRY_POINT_RENAME'
 #define U_ICU_ENTRY_POINT_RENAME(x)    U_DEF2_ICU_ENTRY_POINT_RENAME(x,U_ICU_VERSION_SUFFIX)
                                        ^
platform/android/external/icu/icu4c/source/i18n/../common/unicode/urename.h:742:33: note: in expansion of macro 'U_ICU_ENTRY_POINT_RENAME'
 #define ucol_restoreVariableTop U_ICU_ENTRY_POINT_RENAME(ucol_restoreVariableTop)
                                 ^
platform/android/external/icu/icu4c/source/i18n/ucol_sit.cpp:545:13: note: in expansion of macro 'ucol_restoreVariableTop'
             ucol_restoreVariableTop(result, s.variableTopValue, status);
             ^
platform/android/external/icu/icu4c/source/i18n/ucol_sit.cpp:545:71: warning: 'void ucol_restoreVariableTop_53(UCollator*, uint32_t, UErrorCode*)' is deprecated (declared at platform/android/external/icu/icu4c/source/i18n/unicode/ucol.h:1262) [-Wdeprecated-declarations]
             ucol_restoreVariableTop(result, s.variableTopValue, status);
                                                                       ^
