In file included from component/DAS/agent/../eventmaster/event_master.h:26:0,
                 from component/DAS/agent/DASsession.c:8:
component/DAS/agent/../eventmaster/master.h:87:0: warning: "NFDBITS" redefined [enabled by default]
 #define NFDBITS (sizeof(int) * NBBY) /* bits per mask (power of 2!)*/
 ^
In file included from platform/android/bionic/libc/include/unistd.h:34:0,
                 from component/DAS/agent/DASsession.c:2:
platform/android/bionic/libc/include/sys/select.h:41:0: note: this is the location of the previous definition
 #define NFDBITS (8 * sizeof(unsigned long))
 ^
In file included from component/DAS/agent/../eventmaster/event_master.h:26:0,
                 from component/DAS/agent/DASsession.c:8:
component/DAS/agent/../eventmaster/master.h:88:0: warning: "FD_CLR" redefined [enabled by default]
 #define FD_CLR(n, p) (*(p) &= ~(1 << ((n) % NFDBITS)))
 ^
In file included from platform/android/bionic/libc/include/unistd.h:34:0,
                 from component/DAS/agent/DASsession.c:2:
platform/android/bionic/libc/include/sys/select.h:59:0: note: this is the location of the previous definition
 #define FD_CLR(fd, set) __FD_CLR_chk(fd, set, __bos(set))
 ^
In file included from component/DAS/agent/../eventmaster/event_master.h:26:0,
                 from component/DAS/agent/DASsession.c:8:
component/DAS/agent/../eventmaster/master.h:89:0: warning: "FD_ISSET" redefined [enabled by default]
 #define FD_ISSET(n, p) (*(p) & (1 << ((n) % NFDBITS)))
 ^
In file included from platform/android/bionic/libc/include/unistd.h:34:0,
                 from component/DAS/agent/DASsession.c:2:
platform/android/bionic/libc/include/sys/select.h:61:0: note: this is the location of the previous definition
 #define FD_ISSET(fd, set) __FD_ISSET_chk(fd, set, __bos(set))
 ^
In file included from component/DAS/agent/../eventmaster/event_master.h:26:0,
                 from component/DAS/agent/DASsession.c:8:
component/DAS/agent/../eventmaster/master.h:90:0: warning: "FD_SET" redefined [enabled by default]
 #define FD_SET(n, p) (*(p) |= (1 << ((n) % NFDBITS)))
 ^
In file included from platform/android/bionic/libc/include/unistd.h:34:0,
                 from component/DAS/agent/DASsession.c:2:
platform/android/bionic/libc/include/sys/select.h:60:0: note: this is the location of the previous definition
 #define FD_SET(fd, set) __FD_SET_chk(fd, set, __bos(set))
 ^
component/DAS/agent/DASsession.c:35:5: warning: no previous prototype for 'DASessionCreate' [-Wmissing-prototypes]
 int DASessionCreate()
     ^
component/DAS/agent/DASsession.c: In function 'DASessionCreate':
component/DAS/agent/DASsession.c:67:3: warning: format '%d' expects argument of type 'int', but argument 2 has type 'pthread_t' [-Wformat=]
   DebugOutString(DAS_ERROR_OUT,"DA--- DASessionCreate Failed![pid=%d],fd:%d\n", pthread_self(),fd);
   ^
