In file included from device/hisilicon/bigfish/frameworks/hidisplaymanager/hal/../../../HiSTBSDKV6R2/source/common/include/hi_common.h:21:0,
                 from device/hisilicon/bigfish/frameworks/hidisplaymanager/hal/../../../HiSTBSDKV6R2/source/msp/include/hi_unf_common.h:28,
                 from device/hisilicon/bigfish/frameworks/hidisplaymanager/hal/../../../HiSTBSDKV6R2/source/msp/include/hi_unf_hdmi.h:23,
                 from device/hisilicon/bigfish/frameworks/hidisplaymanager/hal/hi_adp_hdmi.c:12:
device/hisilicon/bigfish/frameworks/hidisplaymanager/hal/../../../HiSTBSDKV6R2/source/common/include/hi_type.h:44:23: warning: ISO C90 does not support 'long long' [-Wlong-long]
 typedef unsigned long long      HI_U64;
                       ^
device/hisilicon/bigfish/frameworks/hidisplaymanager/hal/../../../HiSTBSDKV6R2/source/common/include/hi_type.h:45:14: warning: ISO C90 does not support 'long long' [-Wlong-long]
 typedef long long               HI_S64;
              ^
In file included from device/hisilicon/bigfish/frameworks/hidisplaymanager/hal/hi_adp_hdmi.c:21:0:
device/hisilicon/bigfish/frameworks/hidisplaymanager/hal/../../../HiSTBSDKV6R2/source/common/include/hi_flash.h:87:43: warning: ISO C90 does not support 'long long' [-Wlong-long]
     int (*raw_read)(int fd, unsigned long long *startaddr, unsigned char *buffer,
                                           ^
device/hisilicon/bigfish/frameworks/hidisplaymanager/hal/../../../HiSTBSDKV6R2/source/common/include/hi_flash.h:88:45: warning: ISO C90 does not support 'long long' [-Wlong-long]
         unsigned long length, unsigned long long openaddr, unsigned long long limit_leng, int read_oob, int skip_badblock);
                                             ^
device/hisilicon/bigfish/frameworks/hidisplaymanager/hal/../../../HiSTBSDKV6R2/source/common/include/hi_flash.h:88:74: warning: ISO C90 does not support 'long long' [-Wlong-long]
         unsigned long length, unsigned long long openaddr, unsigned long long limit_leng, int read_oob, int skip_badblock);
                                                                          ^
device/hisilicon/bigfish/frameworks/hidisplaymanager/hal/../../../HiSTBSDKV6R2/source/common/include/hi_flash.h:89:44: warning: ISO C90 does not support 'long long' [-Wlong-long]
     int (*raw_write)(int fd, unsigned long long *startaddr, unsigned char *buffer,
                                            ^
device/hisilicon/bigfish/frameworks/hidisplaymanager/hal/../../../HiSTBSDKV6R2/source/common/include/hi_flash.h:90:45: warning: ISO C90 does not support 'long long' [-Wlong-long]
         unsigned long length, unsigned long long openaddr, unsigned long long limit_leng, int write_oob);
                                             ^
device/hisilicon/bigfish/frameworks/hidisplaymanager/hal/../../../HiSTBSDKV6R2/source/common/include/hi_flash.h:90:74: warning: ISO C90 does not support 'long long' [-Wlong-long]
         unsigned long length, unsigned long long openaddr, unsigned long long limit_leng, int write_oob);
                                                                          ^
device/hisilicon/bigfish/frameworks/hidisplaymanager/hal/../../../HiSTBSDKV6R2/source/common/include/hi_flash.h:91:10: warning: ISO C90 does not support 'long long' [-Wlong-long]
     long long (*raw_erase)(int fd, unsigned long long startaddr,
          ^
device/hisilicon/bigfish/frameworks/hidisplaymanager/hal/../../../HiSTBSDKV6R2/source/common/include/hi_flash.h:91:50: warning: ISO C90 does not support 'long long' [-Wlong-long]
     long long (*raw_erase)(int fd, unsigned long long startaddr,
                                                  ^
device/hisilicon/bigfish/frameworks/hidisplaymanager/hal/../../../HiSTBSDKV6R2/source/common/include/hi_flash.h:92:23: warning: ISO C90 does not support 'long long' [-Wlong-long]
         unsigned long long length, unsigned long long openaddr, unsigned long long limit_leng);
                       ^
device/hisilicon/bigfish/frameworks/hidisplaymanager/hal/../../../HiSTBSDKV6R2/source/common/include/hi_flash.h:92:50: warning: ISO C90 does not support 'long long' [-Wlong-long]
         unsigned long long length, unsigned long long openaddr, unsigned long long limit_leng);
                                                  ^
device/hisilicon/bigfish/frameworks/hidisplaymanager/hal/../../../HiSTBSDKV6R2/source/common/include/hi_flash.h:92:79: warning: ISO C90 does not support 'long long' [-Wlong-long]
         unsigned long long length, unsigned long long openaddr, unsigned long long limit_leng);
                                                                               ^
device/hisilicon/bigfish/frameworks/hidisplaymanager/hal/hi_adp_hdmi.c: In function 'HDMI_CEC_Resume':
device/hisilicon/bigfish/frameworks/hidisplaymanager/hal/hi_adp_hdmi.c:359:31: warning: unused parameter 'pPrivateData' [-Wunused-parameter]
 void HDMI_CEC_Resume(HI_VOID *pPrivateData,HI_UNF_HDMI_ID_E  ehdmi){
                               ^
device/hisilicon/bigfish/frameworks/hidisplaymanager/hal/hi_adp_hdmi.c: In function 'HDMI_CEC_RESPONSE_CEC_DEVICE_VENDOR_ID':
device/hisilicon/bigfish/frameworks/hidisplaymanager/hal/hi_adp_hdmi.c:457:95: warning: unused parameter 'pstCECCmd' [-Wunused-parameter]
 HI_VOID HDMI_CEC_RESPONSE_CEC_DEVICE_VENDOR_ID(HI_UNF_HDMI_ID_E enHdmi,HI_UNF_HDMI_CEC_CMD_S *pstCECCmd)
                                                                                               ^
device/hisilicon/bigfish/frameworks/hidisplaymanager/hal/hi_adp_hdmi.c: In function 'HDMI_CEC_RESPONSE_CEC_OSD_NAME':
device/hisilicon/bigfish/frameworks/hidisplaymanager/hal/hi_adp_hdmi.c:469:87: warning: unused parameter 'pstCECCmd' [-Wunused-parameter]
 HI_VOID HDMI_CEC_RESPONSE_CEC_OSD_NAME(HI_UNF_HDMI_ID_E enHdmi,HI_UNF_HDMI_CEC_CMD_S *pstCECCmd)
                                                                                       ^
device/hisilicon/bigfish/frameworks/hidisplaymanager/hal/hi_adp_hdmi.c: In function 'HDMI_CEC_RESPONSE_VENDOR_COMMAND_WITH_ID':
device/hisilicon/bigfish/frameworks/hidisplaymanager/hal/hi_adp_hdmi.c:510:97: warning: unused parameter 'pstCECCmd' [-Wunused-parameter]
 HI_VOID HDMI_CEC_RESPONSE_VENDOR_COMMAND_WITH_ID(HI_UNF_HDMI_ID_E enHdmi,HI_UNF_HDMI_CEC_CMD_S *pstCECCmd)
                                                                                                 ^
device/hisilicon/bigfish/frameworks/hidisplaymanager/hal/hi_adp_hdmi.c: In function 'HDMI_CEC_RESPONSE_CONTROL_PRESSED':
device/hisilicon/bigfish/frameworks/hidisplaymanager/hal/hi_adp_hdmi.c:529:13: warning: implicit declaration of function 'HDMI_Suspend_ReportKeyEvent' [-Wimplicit-function-declaration]
             HDMI_Suspend_ReportKeyEvent(KEY_ENTER, KPC_EV_KEY_PRESS);
             ^
device/hisilicon/bigfish/frameworks/hidisplaymanager/hal/hi_adp_hdmi.c:522:60: warning: unused parameter 'enHdmi' [-Wunused-parameter]
 HI_VOID HDMI_CEC_RESPONSE_CONTROL_PRESSED(HI_UNF_HDMI_ID_E enHdmi,HI_UNF_HDMI_CEC_CMD_S *pstCECCmd)
                                                            ^
device/hisilicon/bigfish/frameworks/hidisplaymanager/hal/hi_adp_hdmi.c: In function 'HDMI_CEC_RESPONSE_CONTROL_RELEASED':
device/hisilicon/bigfish/frameworks/hidisplaymanager/hal/hi_adp_hdmi.c:642:61: warning: unused parameter 'enHdmi' [-Wunused-parameter]
 HI_VOID HDMI_CEC_RESPONSE_CONTROL_RELEASED(HI_UNF_HDMI_ID_E enHdmi,HI_UNF_HDMI_CEC_CMD_S *pstCECCmd)
                                                             ^
device/hisilicon/bigfish/frameworks/hidisplaymanager/hal/hi_adp_hdmi.c:642:91: warning: unused parameter 'pstCECCmd' [-Wunused-parameter]
 HI_VOID HDMI_CEC_RESPONSE_CONTROL_RELEASED(HI_UNF_HDMI_ID_E enHdmi,HI_UNF_HDMI_CEC_CMD_S *pstCECCmd)
                                                                                           ^
device/hisilicon/bigfish/frameworks/hidisplaymanager/hal/hi_adp_hdmi.c: In function 'HDMI_CEC_RESPONSE_TV_RESUME_BOX':
device/hisilicon/bigfish/frameworks/hidisplaymanager/hal/hi_adp_hdmi.c:649:5: warning: implicit declaration of function 'get_HDMI_CEC_Suspend_Status' [-Wimplicit-function-declaration]
     if(cecStatuss.bEnable == HI_TRUE&&get_HDMI_CEC_Suspend_Status() == 1)
     ^
device/hisilicon/bigfish/frameworks/hidisplaymanager/hal/hi_adp_hdmi.c:647:58: warning: unused parameter 'enHdmi' [-Wunused-parameter]
 HI_VOID HDMI_CEC_RESPONSE_TV_RESUME_BOX(HI_UNF_HDMI_ID_E enHdmi,HI_UNF_HDMI_CEC_STATUS_S cecStatuss,HI_U8 opcode)
                                                          ^
device/hisilicon/bigfish/frameworks/hidisplaymanager/hal/hi_adp_hdmi.c: In function 'HDMI_CEC_Proc':
device/hisilicon/bigfish/frameworks/hidisplaymanager/hal/hi_adp_hdmi.c:656:91: warning: unused parameter 'pData' [-Wunused-parameter]
 HI_VOID HDMI_CEC_Proc(HI_UNF_HDMI_ID_E enHdmi, HI_UNF_HDMI_CEC_CMD_S *pstCECCmd, HI_VOID *pData)
                                                                                           ^
device/hisilicon/bigfish/frameworks/hidisplaymanager/hal/hi_adp_hdmi.c: In function 'HDMI_HotPlug_Proc':
device/hisilicon/bigfish/frameworks/hidisplaymanager/hal/hi_adp_hdmi.c:892:17: warning: implicit declaration of function 'is_support_hdr10_chip' [-Wimplicit-function-declaration]
                 if(stSinkCap.bDolbySupport == HI_TRUE && stSinkCap.bHdrSupport == HI_TRUE && is_support_hdr10_chip() == HI_SUCCESS)
                 ^
device/hisilicon/bigfish/frameworks/hidisplaymanager/hal/hi_adp_hdmi.c:896:90: warning: comparison between pointer and integer [enabled by default]
                 else if(stSinkCap.bDolbySupport == HI_TRUE && check_chip_dolby_capablity == HI_TRUE)
                                                                                          ^
device/hisilicon/bigfish/frameworks/hidisplaymanager/hal/hi_adp_hdmi.c:923:82: warning: comparison between pointer and integer [enabled by default]
         else if(stSinkCap.bDolbySupport == HI_TRUE && check_chip_dolby_capablity == HI_TRUE)
                                                                                  ^
device/hisilicon/bigfish/frameworks/hidisplaymanager/hal/hi_adp_hdmi.c:1197:36: warning: comparison between signed and unsigned integer expressions [-Wsign-compare]
                     if(last_format != -1)
                                    ^
device/hisilicon/bigfish/frameworks/hidisplaymanager/hal/hi_adp_hdmi.c:1230:40: warning: comparison between signed and unsigned integer expressions [-Wsign-compare]
                         if(last_format != -1) {
                                        ^
device/hisilicon/bigfish/frameworks/hidisplaymanager/hal/hi_adp_hdmi.c:1237:1: warning: unknown escape sequence: '\040' [enabled by default]
                         ALOGE("\ tv: current format not ok,set native format \n");
 ^
device/hisilicon/bigfish/frameworks/hidisplaymanager/hal/hi_adp_hdmi.c:1356:5: warning: implicit declaration of function 'set_size_and_refreshrate' [-Wimplicit-function-declaration]
     set_size_and_refreshrate(format);
     ^
device/hisilicon/bigfish/frameworks/hidisplaymanager/hal/hi_adp_hdmi.c: In function 'isCapabilityChanged':
device/hisilicon/bigfish/frameworks/hidisplaymanager/hal/hi_adp_hdmi.c:1528:33: warning: assignment from incompatible pointer type [enabled by default]
             stHdmiParam.pu8EDID = &(hdmiEDIDBuf);
                                 ^
device/hisilicon/bigfish/frameworks/hidisplaymanager/hal/hi_adp_hdmi.c:1536:13: warning: pointer targets in passing argument 1 of 'strcmp' differ in signedness [-Wpointer-sign]
             int cmpRet = strcmp(hdmiEDIDBuf,buffer);
             ^
In file included from platform/android/bionic/libc/include/stdlib.h:34:0,
                 from device/hisilicon/bigfish/frameworks/hidisplaymanager/hal/hi_adp_hdmi.c:2:
platform/android/bionic/libc/include/string.h:55:15: note: expected 'const char *' but argument is of type 'HI_U8 *'
 extern int    strcmp(const char *, const char *) __purefunc;
               ^
device/hisilicon/bigfish/frameworks/hidisplaymanager/hal/hi_adp_hdmi.c:1539:37: warning: assignment from incompatible pointer type [enabled by default]
                 stHdmiParam.pu8EDID = &(buffer);
                                     ^
device/hisilicon/bigfish/frameworks/hidisplaymanager/hal/hi_adp_hdmi.c:1541:41: warning: pointer targets in assignment differ in signedness [-Wpointer-sign]
                 stHdmiParam.pu32EDIDLen = &bufferLen;
                                         ^
device/hisilicon/bigfish/frameworks/hidisplaymanager/hal/hi_adp_hdmi.c:1556:33: warning: assignment from incompatible pointer type [enabled by default]
             stHdmiParam.pu8EDID = &(hdmiEDIDBuf);
                                 ^
device/hisilicon/bigfish/frameworks/hidisplaymanager/hal/hi_adp_hdmi.c: In function 'HDMI_Suspend_Timeout':
device/hisilicon/bigfish/frameworks/hidisplaymanager/hal/hi_adp_hdmi.c:1779:31: warning: unused parameter 'sig' [-Wunused-parameter]
 void HDMI_Suspend_Timeout(int sig)
                               ^
device/hisilicon/bigfish/frameworks/hidisplaymanager/hal/hi_adp_hdmi.c: In function 'HDMI_Suspend_Callback':
device/hisilicon/bigfish/frameworks/hidisplaymanager/hal/hi_adp_hdmi.c:1807:72: warning: unused parameter 'pPrivateData' [-Wunused-parameter]
 HI_VOID HDMI_Suspend_Callback(HI_UNF_HDMI_EVENT_TYPE_E event, HI_VOID *pPrivateData)
                                                                        ^
device/hisilicon/bigfish/frameworks/hidisplaymanager/hal/hi_adp_hdmi.c: In function 'HDMI_HdcpFail_Proc':
device/hisilicon/bigfish/frameworks/hidisplaymanager/hal/hi_adp_hdmi.c:1871:37: warning: unused parameter 'pPrivateData' [-Wunused-parameter]
 HI_VOID HDMI_HdcpFail_Proc(HI_VOID *pPrivateData)
                                     ^
device/hisilicon/bigfish/frameworks/hidisplaymanager/hal/hi_adp_hdmi.c: In function 'HDMI_HdcpSuccess_Proc':
device/hisilicon/bigfish/frameworks/hidisplaymanager/hal/hi_adp_hdmi.c:1892:40: warning: unused parameter 'pPrivateData' [-Wunused-parameter]
 HI_VOID HDMI_HdcpSuccess_Proc(HI_VOID *pPrivateData)
                                        ^
device/hisilicon/bigfish/frameworks/hidisplaymanager/hal/hi_adp_hdmi.c: In function 'HIADP_HDMI_Init':
device/hisilicon/bigfish/frameworks/hidisplaymanager/hal/hi_adp_hdmi.c:2120:68: warning: unused parameter 'enWantFmt' [-Wunused-parameter]
 HI_S32 HIADP_HDMI_Init(HI_UNF_HDMI_ID_E enHDMIId, HI_UNF_ENC_FMT_E enWantFmt)
                                                                    ^
