device/hisilicon/bigfish/external/dhcp/common/inet.c: In function 'subnet_number':
device/hisilicon/bigfish/external/dhcp/common/inet.c:56:16: warning: comparison between signed and unsigned integer expressions [-Wsign-compare]
  for (i = 0; i < rv.len; i++)
                ^
device/hisilicon/bigfish/external/dhcp/common/inet.c: In function 'broadcast_addr':
device/hisilicon/bigfish/external/dhcp/common/inet.c:132:16: warning: comparison between signed and unsigned integer expressions [-Wsign-compare]
  for (i = 0; i < subnet.len; i++) {
                ^
device/hisilicon/bigfish/external/dhcp/common/inet.c: In function 'host_addr':
device/hisilicon/bigfish/external/dhcp/common/inet.c:158:16: warning: comparison between signed and unsigned integer expressions [-Wsign-compare]
  for (i = 0; i < rv.len; i++)
                ^
device/hisilicon/bigfish/external/dhcp/common/inet.c: In function 'addr_match':
device/hisilicon/bigfish/external/dhcp/common/inet.c:195:17: warning: comparison between signed and unsigned integer expressions [-Wsign-compare]
  for (i = 0 ; i < addr->len ; i++) {
                 ^
device/hisilicon/bigfish/external/dhcp/common/inet.c: In function 'addr_cmp':
device/hisilicon/bigfish/external/dhcp/common/inet.c:220:13: warning: comparison between signed and unsigned integer expressions [-Wsign-compare]
  for (i=0; i<a1->len; i++) {
             ^
device/hisilicon/bigfish/external/dhcp/common/inet.c: In function 'addr_or':
device/hisilicon/bigfish/external/dhcp/common/inet.c:251:13: warning: comparison between signed and unsigned integer expressions [-Wsign-compare]
  for (i=0; i<a1->len; i++) {
             ^
device/hisilicon/bigfish/external/dhcp/common/inet.c: In function 'addr_and':
device/hisilicon/bigfish/external/dhcp/common/inet.c:280:13: warning: comparison between signed and unsigned integer expressions [-Wsign-compare]
  for (i=0; i<a1->len; i++) {
             ^
device/hisilicon/bigfish/external/dhcp/common/inet.c: In function 'is_cidr_mask_valid':
device/hisilicon/bigfish/external/dhcp/common/inet.c:318:11: warning: comparison between signed and unsigned integer expressions [-Wsign-compare]
  if (bits > (addr->len * 8)) {
           ^
