In file included from device/hisilicon/bigfish/HiSTBSDKV6R2/source/msp/drv/include/hi_drv_disp.h:20:0,
                 from device/hisilicon/bigfish/HiSTBSDKV6R2/source/msp/drv/include/hi_drv_win.h:21,
                 from device/hisilicon/bigfish/HiSTBSDKV6R2/source/msp/api/include/hi_mpi_win.h:22,
                 from device/hisilicon/bigfish/HiSTBSDKV6R2/source/msp/api/vo/unf_vo.c:24:
device/hisilicon/bigfish/HiSTBSDKV6R2/source/common/include/hi_type.h:44:23: warning: ISO C90 does not support 'long long' [-Wlong-long]
 typedef unsigned long long      HI_U64;
                       ^
device/hisilicon/bigfish/HiSTBSDKV6R2/source/common/include/hi_type.h:45:14: warning: ISO C90 does not support 'long long' [-Wlong-long]
 typedef long long               HI_S64;
              ^
device/hisilicon/bigfish/HiSTBSDKV6R2/source/msp/api/vo/unf_vo.c: In function 'HI_UNF_VO_SetWindowFieldMode':
device/hisilicon/bigfish/HiSTBSDKV6R2/source/msp/api/vo/unf_vo.c:537:47: warning: unused parameter 'hWindow' [-Wunused-parameter]
 HI_S32 HI_UNF_VO_SetWindowFieldMode(HI_HANDLE hWindow, HI_BOOL bEnable)
                                               ^
device/hisilicon/bigfish/HiSTBSDKV6R2/source/msp/api/vo/unf_vo.c:537:64: warning: unused parameter 'bEnable' [-Wunused-parameter]
 HI_S32 HI_UNF_VO_SetWindowFieldMode(HI_HANDLE hWindow, HI_BOOL bEnable)
                                                                ^
device/hisilicon/bigfish/HiSTBSDKV6R2/source/msp/api/vo/unf_vo.c: In function 'HI_UNF_VO_GetWindowFieldMode':
device/hisilicon/bigfish/HiSTBSDKV6R2/source/msp/api/vo/unf_vo.c:542:47: warning: unused parameter 'hWindow' [-Wunused-parameter]
 HI_S32 HI_UNF_VO_GetWindowFieldMode(HI_HANDLE hWindow, HI_BOOL *pbEnable)
                                               ^
device/hisilicon/bigfish/HiSTBSDKV6R2/source/msp/api/vo/unf_vo.c:542:65: warning: unused parameter 'pbEnable' [-Wunused-parameter]
 HI_S32 HI_UNF_VO_GetWindowFieldMode(HI_HANDLE hWindow, HI_BOOL *pbEnable)
                                                                 ^
device/hisilicon/bigfish/HiSTBSDKV6R2/source/msp/api/vo/unf_vo.c: In function 'HI_UNF_VO_SetStereoDetpth':
device/hisilicon/bigfish/HiSTBSDKV6R2/source/msp/api/vo/unf_vo.c:704:44: warning: unused parameter 'hWindow' [-Wunused-parameter]
 HI_S32 HI_UNF_VO_SetStereoDetpth(HI_HANDLE hWindow, HI_S32 s32Depth)
                                            ^
device/hisilicon/bigfish/HiSTBSDKV6R2/source/msp/api/vo/unf_vo.c:704:60: warning: unused parameter 's32Depth' [-Wunused-parameter]
 HI_S32 HI_UNF_VO_SetStereoDetpth(HI_HANDLE hWindow, HI_S32 s32Depth)
                                                            ^
device/hisilicon/bigfish/HiSTBSDKV6R2/source/msp/api/vo/unf_vo.c: In function 'HI_UNF_VO_GetStereoDetpth':
device/hisilicon/bigfish/HiSTBSDKV6R2/source/msp/api/vo/unf_vo.c:709:44: warning: unused parameter 'hWindow' [-Wunused-parameter]
 HI_S32 HI_UNF_VO_GetStereoDetpth(HI_HANDLE hWindow, HI_S32 *ps32Depth)
                                            ^
device/hisilicon/bigfish/HiSTBSDKV6R2/source/msp/api/vo/unf_vo.c:709:61: warning: unused parameter 'ps32Depth' [-Wunused-parameter]
 HI_S32 HI_UNF_VO_GetStereoDetpth(HI_HANDLE hWindow, HI_S32 *ps32Depth)
                                                             ^
