In file included from component/dcas/server/./src/IDCASModuleManagerServer.h:18:0,
                 from component/dcas/server/./src/IDCASModuleManagerServer.cpp:1:
component/dcas/server/./src/DataCenter.h:132:14: warning: unused parameter 'moduleType' [-Wunused-parameter]
  static bool Bytes2EMMParam(int moduleType, int& casId, int& emmPid, char* abyData, int aiLength)
              ^
component/dcas/server/./src/IDCASModuleManagerServer.cpp:26:10: warning: unused parameter 'aModule' [-Wunused-parameter]
     void BpDCASModuleManagerServer::registerCASModule(CASModuleInfoS aModule) {}
          ^
component/dcas/server/./src/IDCASModuleManagerServer.cpp:27:10: warning: unused parameter 'aModule' [-Wunused-parameter]
     void BpDCASModuleManagerServer::unregisterCASModule(CASModuleInfoS aModule) {}
          ^
component/dcas/server/./src/IDCASModuleManagerServer.cpp:28:10: warning: unused parameter 'oldcasId' [-Wunused-parameter]
     void BpDCASModuleManagerServer::updateCASystemId(int oldcasId, CASModuleInfoS aModule) {}
          ^
component/dcas/server/./src/IDCASModuleManagerServer.cpp:28:10: warning: unused parameter 'aModule' [-Wunused-parameter]
component/dcas/server/./src/IDCASModuleManagerServer.cpp:30:10: warning: unused parameter 'pdcasdata' [-Wunused-parameter]
     void BpDCASModuleManagerServer::startDescrambling(DCAS_NOTIFY_DATA *pdcasdata) {}
          ^
component/dcas/server/./src/IDCASModuleManagerServer.cpp:31:10: warning: unused parameter 'polddcasdata' [-Wunused-parameter]
     void BpDCASModuleManagerServer::updateDescrambling(DCAS_NOTIFY_DATA *polddcasdata, DCAS_NOTIFY_DATA *pnewdcasdata) {}
          ^
component/dcas/server/./src/IDCASModuleManagerServer.cpp:31:10: warning: unused parameter 'pnewdcasdata' [-Wunused-parameter]
component/dcas/server/./src/IDCASModuleManagerServer.cpp:32:10: warning: unused parameter 'pdcasdata' [-Wunused-parameter]
     void BpDCASModuleManagerServer::stopDescrambling(DCAS_NOTIFY_DATA *pdcasdata) {}
          ^
component/dcas/server/./src/IDCASModuleManagerServer.cpp:33:10: warning: unused parameter 'param' [-Wunused-parameter]
     void BpDCASModuleManagerServer::loadCW(CallbackParams *param) {}
          ^
component/dcas/server/./src/IDCASModuleManagerServer.cpp:34:10: warning: unused parameter 'castatus' [-Wunused-parameter]
     void BpDCASModuleManagerServer::sendCaStatus(CASStatus_t *castatus) {}
          ^
component/dcas/server/./src/IDCASModuleManagerServer.cpp:37:10: warning: unused parameter 'casid' [-Wunused-parameter]
     void BpDCASModuleManagerServer::QueryCAInfo(int casid, int querytype, void *params) {}
          ^
component/dcas/server/./src/IDCASModuleManagerServer.cpp:37:10: warning: unused parameter 'querytype' [-Wunused-parameter]
component/dcas/server/./src/IDCASModuleManagerServer.cpp:37:10: warning: unused parameter 'params' [-Wunused-parameter]
component/dcas/server/./src/IDCASModuleManagerServer.cpp:39:10: warning: unused parameter 'datalen' [-Wunused-parameter]
     void BpDCASModuleManagerServer::LoadQueryCAResultInfo(int datalen, char *data) {}
          ^
component/dcas/server/./src/IDCASModuleManagerServer.cpp:39:10: warning: unused parameter 'data' [-Wunused-parameter]
component/dcas/server/./src/IDCASModuleManagerServer.cpp:40:10: warning: unused parameter 'reply' [-Wunused-parameter]
     void BpDCASModuleManagerServer::GetCasidList(Parcel *reply) {}
          ^
component/dcas/server/./src/IDCASModuleManagerServer.cpp:42:6: warning: unused parameter 'casId' [-Wunused-parameter]
  int BpDCASModuleManagerServer::GetData(int casId, int cmdId, int& type, unsigned char *data, int& length){return 0;}
      ^
component/dcas/server/./src/IDCASModuleManagerServer.cpp:42:6: warning: unused parameter 'cmdId' [-Wunused-parameter]
component/dcas/server/./src/IDCASModuleManagerServer.cpp:42:6: warning: unused parameter 'type' [-Wunused-parameter]
component/dcas/server/./src/IDCASModuleManagerServer.cpp:42:6: warning: unused parameter 'data' [-Wunused-parameter]
component/dcas/server/./src/IDCASModuleManagerServer.cpp:42:6: warning: unused parameter 'length' [-Wunused-parameter]
component/dcas/server/./src/IDCASModuleManagerServer.cpp:43:6: warning: unused parameter 'casId' [-Wunused-parameter]
  int BpDCASModuleManagerServer::SetData(int casId, int cmdId, int type, unsigned char *data, int length){return 0;}
      ^
component/dcas/server/./src/IDCASModuleManagerServer.cpp:43:6: warning: unused parameter 'cmdId' [-Wunused-parameter]
component/dcas/server/./src/IDCASModuleManagerServer.cpp:43:6: warning: unused parameter 'type' [-Wunused-parameter]
component/dcas/server/./src/IDCASModuleManagerServer.cpp:43:6: warning: unused parameter 'data' [-Wunused-parameter]
component/dcas/server/./src/IDCASModuleManagerServer.cpp:43:6: warning: unused parameter 'length' [-Wunused-parameter]
component/dcas/server/./src/IDCASModuleManagerServer.cpp:46:9: warning: unused parameter 'casId' [-Wunused-parameter]
     int BpDCASModuleManagerServer::GetCAInfo(int casId, int cmdId, unsigned char* dataIn, int dataInLen,unsigned char* dataOut,int* dataOutLen){return 0;}
         ^
component/dcas/server/./src/IDCASModuleManagerServer.cpp:46:9: warning: unused parameter 'cmdId' [-Wunused-parameter]
component/dcas/server/./src/IDCASModuleManagerServer.cpp:46:9: warning: unused parameter 'dataIn' [-Wunused-parameter]
component/dcas/server/./src/IDCASModuleManagerServer.cpp:46:9: warning: unused parameter 'dataInLen' [-Wunused-parameter]
component/dcas/server/./src/IDCASModuleManagerServer.cpp:46:9: warning: unused parameter 'dataOut' [-Wunused-parameter]
component/dcas/server/./src/IDCASModuleManagerServer.cpp:46:9: warning: unused parameter 'dataOutLen' [-Wunused-parameter]
component/dcas/server/./src/IDCASModuleManagerServer.cpp:47:6: warning: unused parameter 'casId' [-Wunused-parameter]
  int BpDCASModuleManagerServer::SetCAInfo(int casId, int cmdId, unsigned char* dataIn, int dataInLen,unsigned char* dataOut,int* dataOutLen){return 0;}
      ^
component/dcas/server/./src/IDCASModuleManagerServer.cpp:47:6: warning: unused parameter 'cmdId' [-Wunused-parameter]
component/dcas/server/./src/IDCASModuleManagerServer.cpp:47:6: warning: unused parameter 'dataIn' [-Wunused-parameter]
component/dcas/server/./src/IDCASModuleManagerServer.cpp:47:6: warning: unused parameter 'dataInLen' [-Wunused-parameter]
component/dcas/server/./src/IDCASModuleManagerServer.cpp:47:6: warning: unused parameter 'dataOut' [-Wunused-parameter]
component/dcas/server/./src/IDCASModuleManagerServer.cpp:47:6: warning: unused parameter 'dataOutLen' [-Wunused-parameter]
component/dcas/server/./src/IDCASModuleManagerServer.cpp:72:14: warning: unused parameter 'flags' [-Wunused-parameter]
     status_t BnDCASModuleManagerServer::onTransact(uint32_t code, const Parcel &data, Parcel *reply, uint32_t flags)
              ^
component/dcas/server/./src/IDCASModuleManagerServer.cpp: In member function 'virtual void android::BnDCASModuleManagerServer::startDescrambling(DCAS_NOTIFY_DATA*)':
component/dcas/server/./src/IDCASModuleManagerServer.cpp:633:29: warning: comparison between signed and unsigned integer expressions [-Wsign-compare]
     if(casid == g_casession.casid){
                             ^
component/dcas/server/./src/IDCASModuleManagerServer.cpp:637:40: warning: comparison between signed and unsigned integer expressions [-Wsign-compare]
      for(int i= 0;i<m_datapidlist.size();i++){
                                        ^
component/dcas/server/./src/IDCASModuleManagerServer.cpp: At global scope:
component/dcas/server/./src/IDCASModuleManagerServer.cpp:656:10: warning: unused parameter 'polddcasdata' [-Wunused-parameter]
     void BnDCASModuleManagerServer::updateDescrambling(DCAS_NOTIFY_DATA *polddcasdata, DCAS_NOTIFY_DATA *pnewdcasdata)
          ^
component/dcas/server/./src/IDCASModuleManagerServer.cpp:656:10: warning: unused parameter 'pnewdcasdata' [-Wunused-parameter]
component/dcas/server/./src/IDCASModuleManagerServer.cpp: In member function 'virtual void android::BnDCASModuleManagerServer::stopDescrambling(DCAS_NOTIFY_DATA*)':
component/dcas/server/./src/IDCASModuleManagerServer.cpp:678:29: warning: comparison between signed and unsigned integer expressions [-Wsign-compare]
     if(casid == g_casession.casid)
                             ^
component/dcas/server/./src/IDCASModuleManagerServer.cpp:683:40: warning: comparison between signed and unsigned integer expressions [-Wsign-compare]
      for(int i= 0;i<m_datapidlist.size();i++){
                                        ^
component/dcas/server/./src/IDCASModuleManagerServer.cpp: At global scope:
component/dcas/server/./src/IDCASModuleManagerServer.cpp:848:10: warning: unused parameter 'datalen' [-Wunused-parameter]
     void BnDCASModuleManagerServer::LoadQueryCAResultInfo(int datalen, char *data)
          ^
component/dcas/server/./src/IDCASModuleManagerServer.cpp:848:10: warning: unused parameter 'data' [-Wunused-parameter]
component/dcas/server/./src/IDCASModuleManagerServer.cpp:906:10: warning: unused parameter 'who' [-Wunused-parameter]
     void BnDCASModuleManagerServer::DeathNotifier::binderDied(const wp<IBinder> &who)
          ^
