device/hisilicon/bigfish/external/dhcp/common/options.c: In function 'find_option_universe':
device/hisilicon/bigfish/external/dhcp/common/options.c:300:39: warning: comparison between signed and unsigned integer expressions [-Wsign-compare]
    if (strlen (universes [i] -> name) == t - s &&
                                       ^
device/hisilicon/bigfish/external/dhcp/common/options.c: In function 'parse_encapsulated_suboptions':
device/hisilicon/bigfish/external/dhcp/common/options.c:319:39: warning: unused parameter 'eu' [-Wunused-parameter]
        unsigned len, struct universe *eu,
                                       ^
device/hisilicon/bigfish/external/dhcp/common/options.c: In function 'fqdn_universe_decode':
device/hisilicon/bigfish/external/dhcp/common/options.c:347:40: warning: unused parameter 'u' [-Wunused-parameter]
      unsigned length, struct universe *u)
                                        ^
device/hisilicon/bigfish/external/dhcp/common/options.c: In function 'cons_options':
device/hisilicon/bigfish/external/dhcp/common/options.c:674:17: warning: comparison between signed and unsigned integer expressions [-Wsign-compare]
   for (i = 0; i < prl->len; i++) {
                 ^
device/hisilicon/bigfish/external/dhcp/common/options.c:736:26: warning: comparison between signed and unsigned integer expressions [-Wsign-compare]
     if (op->option->code <
                          ^
device/hisilicon/bigfish/external/dhcp/common/options.c:757:26: warning: comparison between signed and unsigned integer expressions [-Wsign-compare]
     if (op->option->code >=
                          ^
device/hisilicon/bigfish/external/dhcp/common/options.c: In function 'vsio_options':
device/hisilicon/bigfish/external/dhcp/common/options.c:867:21: warning: unused parameter 'dummy_lease' [-Wunused-parameter]
       struct lease *dummy_lease, 
                     ^
device/hisilicon/bigfish/external/dhcp/common/options.c:868:28: warning: unused parameter 'dummy_client_state' [-Wunused-parameter]
       struct client_state *dummy_client_state,
                            ^
device/hisilicon/bigfish/external/dhcp/common/options.c:869:28: warning: unused parameter 'dummy_opt_state' [-Wunused-parameter]
       struct option_state *dummy_opt_state,
                            ^
device/hisilicon/bigfish/external/dhcp/common/options.c:871:30: warning: unused parameter 'dummy_binding_scope' [-Wunused-parameter]
       struct binding_scope **dummy_binding_scope,
                              ^
device/hisilicon/bigfish/external/dhcp/common/options.c: In function 'store_options6':
device/hisilicon/bigfish/external/dhcp/common/options.c:981:23: warning: comparison between signed and unsigned integer expressions [-Wsign-compare]
      if ((ds.len + 4) <=
                       ^
device/hisilicon/bigfish/external/dhcp/common/options.c:1050:22: warning: comparison between signed and unsigned integer expressions [-Wsign-compare]
     if ((ds.len + 4) <= (buflen - bufpos)) {
                      ^
device/hisilicon/bigfish/external/dhcp/common/options.c: In function 'store_options':
device/hisilicon/bigfish/external/dhcp/common/options.c:1160:28: warning: comparison between signed and unsigned integer expressions [-Wsign-compare]
          if (second_cutoff >= buflen)
                            ^
device/hisilicon/bigfish/external/dhcp/common/options.c:1166:24: warning: comparison between signed and unsigned integer expressions [-Wsign-compare]
      if (second_cutoff >= buflen)
                        ^
device/hisilicon/bigfish/external/dhcp/common/options.c:1235:15: warning: comparison between signed and unsigned integer expressions [-Wsign-compare]
      if (code >= cfg_options -> site_code_min)
               ^
device/hisilicon/bigfish/external/dhcp/common/options.c:1404:26: warning: comparison between signed and unsigned integer expressions [-Wsign-compare]
      (bufix + 2 + length < bufend)) ||
                          ^
device/hisilicon/bigfish/external/dhcp/common/options.c:1405:25: warning: comparison between signed and unsigned integer expressions [-Wsign-compare]
     (bufix + 5 + length < bufend))) {
                         ^
device/hisilicon/bigfish/external/dhcp/common/options.c:1410:44: warning: comparison between signed and unsigned integer expressions [-Wsign-compare]
           (first_cutoff + six + 3 + length < sbufend)) {
                                            ^
device/hisilicon/bigfish/external/dhcp/common/options.c:1429:32: warning: comparison between signed and unsigned integer expressions [-Wsign-compare]
        (first_cutoff + six + 4 < sbufend)) {
                                ^
device/hisilicon/bigfish/external/dhcp/common/options.c:1435:33: warning: comparison between signed and unsigned integer expressions [-Wsign-compare]
        (second_cutoff + tix + 4 < buflen)) {
                                 ^
device/hisilicon/bigfish/external/dhcp/common/options.c:1477:35: warning: comparison between signed and unsigned integer expressions [-Wsign-compare]
      if ((first_cutoff + six + 1) < sbufend)
                                   ^
device/hisilicon/bigfish/external/dhcp/common/options.c:1480:34: warning: comparison between signed and unsigned integer expressions [-Wsign-compare]
      else if (first_cutoff + six >= sbufend)
                                  ^
device/hisilicon/bigfish/external/dhcp/common/options.c:1489:34: warning: comparison between signed and unsigned integer expressions [-Wsign-compare]
      if (second_cutoff + tix + 1 < buflen) {
                                  ^
device/hisilicon/bigfish/external/dhcp/common/options.c:1492:37: warning: comparison between signed and unsigned integer expressions [-Wsign-compare]
      } else if (second_cutoff + tix >= buflen)
                                     ^
device/hisilicon/bigfish/external/dhcp/common/options.c: In function 'format_min_length':
device/hisilicon/bigfish/external/dhcp/common/options.c:1575:23: warning: unused parameter 'oc' [-Wunused-parameter]
  struct option_cache *oc;
                       ^
device/hisilicon/bigfish/external/dhcp/common/options.c: In function 'pretty_print_option':
device/hisilicon/bigfish/external/dhcp/common/options.c:1707:9: warning: comparison between signed and unsigned integer expressions [-Wsign-compare]
   if (l >= sizeof(fmtbuf) - 1)
         ^
device/hisilicon/bigfish/external/dhcp/common/options.c:1735:18: warning: comparison between signed and unsigned integer expressions [-Wsign-compare]
    for (k = 0; k < len; k++) {
                  ^
device/hisilicon/bigfish/external/dhcp/common/options.c:1743:10: warning: comparison between signed and unsigned integer expressions [-Wsign-compare]
    if (k == len || (k + 1 == len && data [k] == 0)) {
          ^
device/hisilicon/bigfish/external/dhcp/common/options.c:1743:27: warning: comparison between signed and unsigned integer expressions [-Wsign-compare]
    if (k == len || (k + 1 == len && data [k] == 0)) {
                           ^
device/hisilicon/bigfish/external/dhcp/common/options.c:1833:25: warning: comparison between signed and unsigned integer expressions [-Wsign-compare]
  if (hunksize - opthunk > len) {
                         ^
device/hisilicon/bigfish/external/dhcp/common/options.c:1840:32: warning: comparison between signed and unsigned integer expressions [-Wsign-compare]
  if (numhunk == -1 && hunksize < len)
                                ^
device/hisilicon/bigfish/external/dhcp/common/options.c:1885:16: warning: comparison between signed and unsigned integer expressions [-Wsign-compare]
   if (len_used < len) {
                ^
device/hisilicon/bigfish/external/dhcp/common/options.c:2064:14: warning: comparison between signed and unsigned integer expressions [-Wsign-compare]
     if (tval == -1)
              ^
device/hisilicon/bigfish/external/dhcp/common/options.c: In function 'prepare_option_buffer':
device/hisilicon/bigfish/external/dhcp/common/options.c:2499:24: warning: comparison between signed and unsigned integer expressions [-Wsign-compare]
   while ((op->data.len > min_len) &&
                        ^
device/hisilicon/bigfish/external/dhcp/common/options.c: In function 'count_options':
device/hisilicon/bigfish/external/dhcp/common/options.c:2516:36: warning: unused parameter 'dummy_oc' [-Wunused-parameter]
 count_options(struct option_cache *dummy_oc,
                                    ^
device/hisilicon/bigfish/external/dhcp/common/options.c:2517:23: warning: unused parameter 'dummy_packet' [-Wunused-parameter]
        struct packet *dummy_packet,
                       ^
device/hisilicon/bigfish/external/dhcp/common/options.c:2518:22: warning: unused parameter 'dummy_lease' [-Wunused-parameter]
        struct lease *dummy_lease, 
                      ^
device/hisilicon/bigfish/external/dhcp/common/options.c:2519:29: warning: unused parameter 'dummy_client_state' [-Wunused-parameter]
        struct client_state *dummy_client_state,
                             ^
device/hisilicon/bigfish/external/dhcp/common/options.c:2520:29: warning: unused parameter 'dummy_opt_state' [-Wunused-parameter]
        struct option_state *dummy_opt_state,
                             ^
device/hisilicon/bigfish/external/dhcp/common/options.c:2521:29: warning: unused parameter 'opt_state' [-Wunused-parameter]
        struct option_state *opt_state,
                             ^
device/hisilicon/bigfish/external/dhcp/common/options.c:2522:31: warning: unused parameter 'dummy_binding_scope' [-Wunused-parameter]
        struct binding_scope **dummy_binding_scope,
                               ^
device/hisilicon/bigfish/external/dhcp/common/options.c:2523:25: warning: unused parameter 'dummy_universe' [-Wunused-parameter]
        struct universe *dummy_universe, 
                         ^
device/hisilicon/bigfish/external/dhcp/common/options.c: In function 'collect_oro':
device/hisilicon/bigfish/external/dhcp/common/options.c:2532:21: warning: unused parameter 'dummy_packet' [-Wunused-parameter]
      struct packet *dummy_packet,
                     ^
device/hisilicon/bigfish/external/dhcp/common/options.c:2533:20: warning: unused parameter 'dummy_lease' [-Wunused-parameter]
      struct lease *dummy_lease, 
                    ^
device/hisilicon/bigfish/external/dhcp/common/options.c:2534:27: warning: unused parameter 'dummy_client_state' [-Wunused-parameter]
      struct client_state *dummy_client_state,
                           ^
device/hisilicon/bigfish/external/dhcp/common/options.c:2535:27: warning: unused parameter 'dummy_opt_state' [-Wunused-parameter]
      struct option_state *dummy_opt_state,
                           ^
device/hisilicon/bigfish/external/dhcp/common/options.c:2536:27: warning: unused parameter 'opt_state' [-Wunused-parameter]
      struct option_state *opt_state,
                           ^
device/hisilicon/bigfish/external/dhcp/common/options.c:2537:29: warning: unused parameter 'dummy_binding_scope' [-Wunused-parameter]
      struct binding_scope **dummy_binding_scope,
                             ^
device/hisilicon/bigfish/external/dhcp/common/options.c:2538:23: warning: unused parameter 'dummy_universe' [-Wunused-parameter]
      struct universe *dummy_universe, 
                       ^
device/hisilicon/bigfish/external/dhcp/common/options.c: In function 'build_server_oro':
device/hisilicon/bigfish/external/dhcp/common/options.c:2553:16: warning: unused parameter 'file' [-Wunused-parameter]
    const char *file, int line) {
                ^
device/hisilicon/bigfish/external/dhcp/common/options.c:2553:26: warning: unused parameter 'line' [-Wunused-parameter]
    const char *file, int line) {
                          ^
device/hisilicon/bigfish/external/dhcp/common/options.c: In function 'delete_hashed_option':
device/hisilicon/bigfish/external/dhcp/common/options.c:2733:7: warning: comparison between signed and unsigned integer expressions [-Wsign-compare]
       == code)
       ^
device/hisilicon/bigfish/external/dhcp/common/options.c: In function 'fqdn_option_space_encapsulate':
device/hisilicon/bigfish/external/dhcp/common/options.c:3224:19: warning: unused parameter 'universe' [-Wunused-parameter]
  struct universe *universe;
                   ^
device/hisilicon/bigfish/external/dhcp/common/options.c: In function 'lookup_fqdn6_option':
device/hisilicon/bigfish/external/dhcp/common/options.c:3333:38: warning: unused parameter 'universe' [-Wunused-parameter]
 lookup_fqdn6_option(struct universe *universe, struct option_state *options,
                                      ^
device/hisilicon/bigfish/external/dhcp/common/options.c:3333:69: warning: unused parameter 'options' [-Wunused-parameter]
 lookup_fqdn6_option(struct universe *universe, struct option_state *options,
                                                                     ^
device/hisilicon/bigfish/external/dhcp/common/options.c:3334:16: warning: unused parameter 'code' [-Wunused-parameter]
       unsigned code)
                ^
device/hisilicon/bigfish/external/dhcp/common/options.c: In function 'save_fqdn6_option':
device/hisilicon/bigfish/external/dhcp/common/options.c:3344:36: warning: unused parameter 'universe' [-Wunused-parameter]
 save_fqdn6_option(struct universe *universe, struct option_state *options,
                                    ^
device/hisilicon/bigfish/external/dhcp/common/options.c:3344:67: warning: unused parameter 'options' [-Wunused-parameter]
 save_fqdn6_option(struct universe *universe, struct option_state *options,
                                                                   ^
device/hisilicon/bigfish/external/dhcp/common/options.c:3345:26: warning: unused parameter 'oc' [-Wunused-parameter]
     struct option_cache *oc, isc_boolean_t appendp)
                          ^
device/hisilicon/bigfish/external/dhcp/common/options.c:3345:44: warning: unused parameter 'appendp' [-Wunused-parameter]
     struct option_cache *oc, isc_boolean_t appendp)
                                            ^
device/hisilicon/bigfish/external/dhcp/common/options.c: In function 'delete_fqdn6_option':
device/hisilicon/bigfish/external/dhcp/common/options.c:3354:38: warning: unused parameter 'universe' [-Wunused-parameter]
 delete_fqdn6_option(struct universe *universe, struct option_state *options,
                                      ^
device/hisilicon/bigfish/external/dhcp/common/options.c:3354:69: warning: unused parameter 'options' [-Wunused-parameter]
 delete_fqdn6_option(struct universe *universe, struct option_state *options,
                                                                     ^
device/hisilicon/bigfish/external/dhcp/common/options.c:3355:11: warning: unused parameter 'code' [-Wunused-parameter]
       int code)
           ^
device/hisilicon/bigfish/external/dhcp/common/options.c: In function 'fqdn6_option_space_foreach':
device/hisilicon/bigfish/external/dhcp/common/options.c:3368:43: warning: unused parameter 'packet' [-Wunused-parameter]
 fqdn6_option_space_foreach(struct packet *packet, struct lease *lease,
                                           ^
device/hisilicon/bigfish/external/dhcp/common/options.c:3368:65: warning: unused parameter 'lease' [-Wunused-parameter]
 fqdn6_option_space_foreach(struct packet *packet, struct lease *lease,
                                                                 ^
device/hisilicon/bigfish/external/dhcp/common/options.c:3369:28: warning: unused parameter 'client_state' [-Wunused-parameter]
       struct client_state *client_state,
                            ^
device/hisilicon/bigfish/external/dhcp/common/options.c:3370:28: warning: unused parameter 'in_options' [-Wunused-parameter]
       struct option_state *in_options,
                            ^
device/hisilicon/bigfish/external/dhcp/common/options.c:3371:28: warning: unused parameter 'cfg_options' [-Wunused-parameter]
       struct option_state *cfg_options,
                            ^
device/hisilicon/bigfish/external/dhcp/common/options.c:3372:30: warning: unused parameter 'scope' [-Wunused-parameter]
       struct binding_scope **scope,
                              ^
device/hisilicon/bigfish/external/dhcp/common/options.c:3373:24: warning: unused parameter 'u' [-Wunused-parameter]
       struct universe *u, void *stuff,
                        ^
device/hisilicon/bigfish/external/dhcp/common/options.c:3373:33: warning: unused parameter 'stuff' [-Wunused-parameter]
       struct universe *u, void *stuff,
                                 ^
device/hisilicon/bigfish/external/dhcp/common/options.c:3374:14: warning: unused parameter 'func' [-Wunused-parameter]
       void (*func)(struct option_cache *,
              ^
device/hisilicon/bigfish/external/dhcp/common/options.c: In function 'fqdn6_option_space_encapsulate':
device/hisilicon/bigfish/external/dhcp/common/options.c:3396:28: warning: unused parameter 'universe' [-Wunused-parameter]
           struct universe *universe)
                            ^
device/hisilicon/bigfish/external/dhcp/common/options.c: In function 'fqdn6_universe_decode':
device/hisilicon/bigfish/external/dhcp/common/options.c:3492:26: warning: unused parameter 'u' [-Wunused-parameter]
         struct universe *u)
                          ^
device/hisilicon/bigfish/external/dhcp/common/options.c: In function 'suboption_foreach':
device/hisilicon/bigfish/external/dhcp/common/options.c:3609:21: warning: unused parameter 'u' [-Wunused-parameter]
    struct universe *u, void *stuff,
                     ^
device/hisilicon/bigfish/external/dhcp/common/options.c: In function 'delete_linked_option':
device/hisilicon/bigfish/external/dhcp/common/options.c:3761:12: warning: comparison between signed and unsigned integer expressions [-Wsign-compare]
   if (code ==
            ^
device/hisilicon/bigfish/external/dhcp/common/options.c: In function 'linked_option_state_dereference':
device/hisilicon/bigfish/external/dhcp/common/options.c:3802:14: warning: unused parameter 'file' [-Wunused-parameter]
  const char *file;
              ^
device/hisilicon/bigfish/external/dhcp/common/options.c:3803:6: warning: unused parameter 'line' [-Wunused-parameter]
  int line;
      ^
device/hisilicon/bigfish/external/dhcp/common/options.c: In function 'packet6_len_okay':
device/hisilicon/bigfish/external/dhcp/common/options.c:3936:11: warning: comparison between signed and unsigned integer expressions [-Wsign-compare]
   if (len >= offsetof(struct dhcpv6_relay_packet, options)) {
           ^
device/hisilicon/bigfish/external/dhcp/common/options.c:3942:11: warning: comparison between signed and unsigned integer expressions [-Wsign-compare]
   if (len >= offsetof(struct dhcpv6_packet, options)) {
           ^
