In file included from platform/android/external/libgsm/src/preprocess.c:12:0:
platform/android/external/libgsm/src/preprocess.c: In function 'Gsm_Preprocess':
platform/android/external/libgsm/inc/private.h:107:12: warning: signed and unsigned type in conditional expression [-Wsign-compare]
            : (utmp = (ulongword)(a) + (ulongword)(b)) >= MAX_LONGWORD \
            ^
platform/android/external/libgsm/src/preprocess.c:96:12: note: in expansion of macro 'GSM_L_ADD'
   L_z2   = GSM_L_ADD( L_temp, L_s2 );
            ^
platform/android/external/libgsm/inc/private.h:106:2: warning: signed and unsigned type in conditional expression [-Wsign-compare]
  : ((b) <= 0 ? (a) + (b)   \
  ^
platform/android/external/libgsm/src/preprocess.c:96:12: note: in expansion of macro 'GSM_L_ADD'
   L_z2   = GSM_L_ADD( L_temp, L_s2 );
            ^
platform/android/external/libgsm/inc/private.h:107:12: warning: signed and unsigned type in conditional expression [-Wsign-compare]
            : (utmp = (ulongword)(a) + (ulongword)(b)) >= MAX_LONGWORD \
            ^
platform/android/external/libgsm/src/preprocess.c:100:12: note: in expansion of macro 'GSM_L_ADD'
   L_temp = GSM_L_ADD( L_z2, 16384 );
            ^
platform/android/external/libgsm/inc/private.h:106:2: warning: signed and unsigned type in conditional expression [-Wsign-compare]
  : ((b) <= 0 ? (a) + (b)   \
  ^
platform/android/external/libgsm/src/preprocess.c:100:12: note: in expansion of macro 'GSM_L_ADD'
   L_temp = GSM_L_ADD( L_z2, 16384 );
            ^
