In file included from platform/android/external/fio/fio.h:42:0,
                 from platform/android/external/fio/backend.c:39:
platform/android/external/fio/backend.c: In function 'cleanup_pending_aio':
platform/android/external/fio/io_u_queue.h:32:16: warning: comparison between signed and unsigned integer expressions [-Wsign-compare]
  for (i = 0; i < (q)->nr && (io_u = (q)->io_us[i]); i++)
                ^
platform/android/external/fio/backend.c:265:3: note: in expansion of macro 'io_u_qiter'
   io_u_qiter(&td->io_u_all, io_u, i) {
   ^
platform/android/external/fio/backend.c: In function 'do_verify':
platform/android/external/fio/backend.c:551:20: warning: pointer of type 'void *' used in arithmetic [-Wpointer-arith]
     io_u->xfer_buf += bytes;
                    ^
platform/android/external/fio/backend.c: In function 'do_io':
platform/android/external/fio/backend.c:804:20: warning: pointer of type 'void *' used in arithmetic [-Wpointer-arith]
     io_u->xfer_buf += bytes;
                    ^
platform/android/external/fio/backend.c: In function 'fork_main':
platform/android/external/fio/backend.c:1598:12: warning: pointer of type 'void *' used in arithmetic [-Wpointer-arith]
  td = data + offset * sizeof(struct thread_data);
            ^
In file included from platform/android/external/fio/backend.c:39:0:
platform/android/external/fio/backend.c: In function 'run_threads':
platform/android/external/fio/fio.h:519:40: warning: comparison between signed and unsigned integer expressions [-Wsign-compare]
  for ((i) = 0, (td) = &threads[0]; (i) < (int) thread_number; (i)++, (td)++)
                                        ^
platform/android/external/fio/backend.c:1727:2: note: in expansion of macro 'for_each_td'
  for_each_td(td, i) {
  ^
platform/android/external/fio/fio.h:519:40: warning: comparison between signed and unsigned integer expressions [-Wsign-compare]
  for ((i) = 0, (td) = &threads[0]; (i) < (int) thread_number; (i)++, (td)++)
                                        ^
platform/android/external/fio/backend.c:1754:2: note: in expansion of macro 'for_each_td'
  for_each_td(td, i) {
  ^
platform/android/external/fio/fio.h:519:40: warning: comparison between signed and unsigned integer expressions [-Wsign-compare]
  for ((i) = 0, (td) = &threads[0]; (i) < (int) thread_number; (i)++, (td)++)
                                        ^
platform/android/external/fio/backend.c:1801:3: note: in expansion of macro 'for_each_td'
   for_each_td(td, i) {
   ^
platform/android/external/fio/backend.c:1890:18: warning: comparison between signed and unsigned integer expressions [-Wsign-compare]
    for (i = 0; i < this_jobs; i++) {
                  ^
platform/android/external/fio/backend.c:1909:18: warning: comparison between signed and unsigned integer expressions [-Wsign-compare]
    for (i = 0; i < this_jobs; i++) {
                  ^
In file included from platform/android/external/fio/backend.c:39:0:
platform/android/external/fio/fio.h:519:40: warning: comparison between signed and unsigned integer expressions [-Wsign-compare]
  for ((i) = 0, (td) = &threads[0]; (i) < (int) thread_number; (i)++, (td)++)
                                        ^
platform/android/external/fio/backend.c:1921:3: note: in expansion of macro 'for_each_td'
   for_each_td(td, i) {
   ^
