device/hisilicon/bigfish/HiSTBSDKV6R2/sample/venc/sample_venc.c: In function 'SampleVencRoutine':
device/hisilicon/bigfish/HiSTBSDKV6R2/sample/venc/sample_venc.c:117:25: warning: comparison between signed and unsigned integer expressions [-Wsign-compare]
                 if (ret != vencStream.u32SlcLen)
                         ^
device/hisilicon/bigfish/HiSTBSDKV6R2/sample/venc/sample_venc.c: In function 'SampleVencRoutine_mjpge':
device/hisilicon/bigfish/HiSTBSDKV6R2/sample/venc/sample_venc.c:167:25: warning: comparison between signed and unsigned integer expressions [-Wsign-compare]
                 if (ret != vencStream0.u32SlcLen)
                         ^
device/hisilicon/bigfish/HiSTBSDKV6R2/sample/venc/sample_venc.c: In function 'SampleVencRoutine_jpge':
device/hisilicon/bigfish/HiSTBSDKV6R2/sample/venc/sample_venc.c:219:25: warning: comparison between signed and unsigned integer expressions [-Wsign-compare]
                 if (ret != vencStream0.u32SlcLen)
                         ^
device/hisilicon/bigfish/HiSTBSDKV6R2/sample/venc/sample_venc.c: In function 'main':
device/hisilicon/bigfish/HiSTBSDKV6R2/sample/venc/sample_venc.c:1381:27: warning: comparison between signed and unsigned integer expressions [-Wsign-compare]
             for (i = 0; i < chn_num; i++ )
                           ^
device/hisilicon/bigfish/HiSTBSDKV6R2/sample/venc/sample_venc.c:1548:19: warning: comparison between signed and unsigned integer expressions [-Wsign-compare]
     for (i = 0; i < chn_num; i++)
                   ^
device/hisilicon/bigfish/HiSTBSDKV6R2/sample/venc/sample_venc.c:1622:19: warning: comparison between signed and unsigned integer expressions [-Wsign-compare]
     for (i = 0; i < chn_num; i++)
                   ^
In file included from device/hisilicon/bigfish/HiSTBSDKV6R2/sample/venc/sample_venc.c:6:0:
In function 'snprintf',
    inlined from 'SampleVencRoutine_jpge' at device/hisilicon/bigfish/HiSTBSDKV6R2/sample/venc/sample_venc.c:209:17:
platform/android/bionic/libc/include/stdio.h:387:5: warning: call to __builtin___snprintf_chk will always overflow destination buffer [enabled by default]
     return __builtin___snprintf_chk(dest, size, 0,
     ^
