framework/ngb-j/jni/org_ngb_interact_FrontPanel.cpp:19:18: warning: unused parameter 'env' [-Wunused-parameter]
  static jboolean native_clear(JNIEnv *env, jclass clazz) {
                  ^
framework/ngb-j/jni/org_ngb_interact_FrontPanel.cpp:19:18: warning: unused parameter 'clazz' [-Wunused-parameter]
framework/ngb-j/jni/org_ngb_interact_FrontPanel.cpp:23:18: warning: unused parameter 'env' [-Wunused-parameter]
  static jboolean native_displayDate(JNIEnv* env, jobject clazz, jint year,
                  ^
framework/ngb-j/jni/org_ngb_interact_FrontPanel.cpp:23:18: warning: unused parameter 'clazz' [-Wunused-parameter]
framework/ngb-j/jni/org_ngb_interact_FrontPanel.cpp:23:18: warning: unused parameter 'hour' [-Wunused-parameter]
framework/ngb-j/jni/org_ngb_interact_FrontPanel.cpp:23:18: warning: unused parameter 'minute' [-Wunused-parameter]
framework/ngb-j/jni/org_ngb_interact_FrontPanel.cpp:23:18: warning: unused parameter 'second' [-Wunused-parameter]
framework/ngb-j/jni/org_ngb_interact_FrontPanel.cpp:23:18: warning: unused parameter 'weekday' [-Wunused-parameter]
framework/ngb-j/jni/org_ngb_interact_FrontPanel.cpp:29:18: warning: unused parameter 'clazz' [-Wunused-parameter]
  static jboolean native_displayText(JNIEnv* env, jobject clazz, jstring str, jint align) {
                  ^
framework/ngb-j/jni/org_ngb_interact_FrontPanel.cpp:66:14: warning: unused parameter 'env' [-Wunused-parameter]
  static jint native_getStatus(JNIEnv* env, jobject clazz, jint type) {
              ^
framework/ngb-j/jni/org_ngb_interact_FrontPanel.cpp:66:14: warning: unused parameter 'clazz' [-Wunused-parameter]
framework/ngb-j/jni/org_ngb_interact_FrontPanel.cpp:70:18: warning: unused parameter 'env' [-Wunused-parameter]
  static jboolean native_setStatus(JNIEnv* env, jobject clazz, jint type, jint value) {
                  ^
framework/ngb-j/jni/org_ngb_interact_FrontPanel.cpp:70:18: warning: unused parameter 'clazz' [-Wunused-parameter]
framework/ngb-j/jni/org_ngb_interact_FrontPanel.cpp:74:14: warning: unused parameter 'env' [-Wunused-parameter]
  static jint native_getMaxChars(JNIEnv *env, jclass cls) {
              ^
framework/ngb-j/jni/org_ngb_interact_FrontPanel.cpp:74:14: warning: unused parameter 'cls' [-Wunused-parameter]
