In file included from platform/android/frameworks/av/include/media/mediaplayer.h:24:0,
                 from platform/android/frameworks/av/include/media/TvosMediaListener.h:11,
                 from platform/android/frameworks/av/media/TvosMedia/TvosMediaPlayerListener.cpp:10:
platform/android/frameworks/av/include/media/IMediaPlayer.h:101:29: warning: unused parameter 'msec' [-Wunused-parameter]
     virtual status_t        getAbsoluteTimePosition(long *msec){return 0;};
                             ^
platform/android/frameworks/av/include/media/IMediaPlayer.h:102:29: warning: unused parameter 'eMode' [-Wunused-parameter]
     virtual status_t        setDisplayMode(int eMode){return 0;};
                             ^
platform/android/frameworks/av/include/media/IMediaPlayer.h:103:29: warning: unused parameter 'eRatio' [-Wunused-parameter]
     virtual status_t        setDisplayRatio(int eRatio){return 0;};
                             ^
platform/android/frameworks/av/media/TvosMedia/TvosMediaPlayerListener.cpp:34:6: warning: unused parameter 'mp' [-Wunused-parameter]
 void TvosMediaPlayerListener:: onBufferingUpdate(TvosMediaPlayer * mp, int percent){
      ^
platform/android/frameworks/av/media/TvosMedia/TvosMediaPlayerListener.cpp:34:6: warning: unused parameter 'percent' [-Wunused-parameter]
platform/android/frameworks/av/media/TvosMedia/TvosMediaPlayerListener.cpp:38:6: warning: unused parameter 'mp' [-Wunused-parameter]
 void TvosMediaPlayerListener::onCompletion(TvosMediaPlayer * mp){
      ^
platform/android/frameworks/av/media/TvosMedia/TvosMediaPlayerListener.cpp:42:6: warning: unused parameter 'mp' [-Wunused-parameter]
 bool TvosMediaPlayerListener::onError(TvosMediaPlayer * mp,int what,int extra){
      ^
platform/android/frameworks/av/media/TvosMedia/TvosMediaPlayerListener.cpp:42:6: warning: unused parameter 'what' [-Wunused-parameter]
platform/android/frameworks/av/media/TvosMedia/TvosMediaPlayerListener.cpp:42:6: warning: unused parameter 'extra' [-Wunused-parameter]
platform/android/frameworks/av/media/TvosMedia/TvosMediaPlayerListener.cpp:47:6: warning: unused parameter 'mp' [-Wunused-parameter]
 bool TvosMediaPlayerListener::onInfo(TvosMediaPlayer * mp,int what,int extra){
      ^
platform/android/frameworks/av/media/TvosMedia/TvosMediaPlayerListener.cpp:47:6: warning: unused parameter 'what' [-Wunused-parameter]
platform/android/frameworks/av/media/TvosMedia/TvosMediaPlayerListener.cpp:47:6: warning: unused parameter 'extra' [-Wunused-parameter]
platform/android/frameworks/av/media/TvosMedia/TvosMediaPlayerListener.cpp:52:6: warning: unused parameter 'mp' [-Wunused-parameter]
 void TvosMediaPlayerListener::onPrepared(TvosMediaPlayer * mp){
      ^
platform/android/frameworks/av/media/TvosMedia/TvosMediaPlayerListener.cpp:56:6: warning: unused parameter 'mp' [-Wunused-parameter]
 void TvosMediaPlayerListener::onSeekComplete(TvosMediaPlayer * mp){
      ^
platform/android/frameworks/av/media/TvosMedia/TvosMediaPlayerListener.cpp:60:6: warning: unused parameter 'mp' [-Wunused-parameter]
 void TvosMediaPlayerListener::onVideoSizeChanged(TvosMediaPlayer * mp,int width,int height){
      ^
platform/android/frameworks/av/media/TvosMedia/TvosMediaPlayerListener.cpp:65:6: warning: unused parameter 'mp' [-Wunused-parameter]
 void TvosMediaPlayerListener::onTvosStartSuccess(TvosMediaPlayer * mp){
      ^
platform/android/frameworks/av/media/TvosMedia/TvosMediaPlayerListener.cpp:69:6: warning: unused parameter 'mp' [-Wunused-parameter]
 void TvosMediaPlayerListener::onTvosStartFailed(TvosMediaPlayer * mp){
      ^
platform/android/frameworks/av/media/TvosMedia/TvosMediaPlayerListener.cpp:73:6: warning: unused parameter 'mp' [-Wunused-parameter]
 void TvosMediaPlayerListener::onTvosSetPaceSuccess(TvosMediaPlayer * mp){
      ^
platform/android/frameworks/av/media/TvosMedia/TvosMediaPlayerListener.cpp:77:6: warning: unused parameter 'mp' [-Wunused-parameter]
 void TvosMediaPlayerListener::onTvosSetPaceFailed(TvosMediaPlayer * mp){
      ^
platform/android/frameworks/av/media/TvosMedia/TvosMediaPlayerListener.cpp:81:6: warning: unused parameter 'mp' [-Wunused-parameter]
 void TvosMediaPlayerListener::onTvosSeekSuccess(TvosMediaPlayer * mp){
      ^
platform/android/frameworks/av/media/TvosMedia/TvosMediaPlayerListener.cpp:85:6: warning: unused parameter 'mp' [-Wunused-parameter]
 void TvosMediaPlayerListener::onTvosSeekFailed(TvosMediaPlayer * mp){
      ^
platform/android/frameworks/av/media/TvosMedia/TvosMediaPlayerListener.cpp:89:6: warning: unused parameter 'mp' [-Wunused-parameter]
 void TvosMediaPlayerListener::onTvosPauseSuccess(TvosMediaPlayer * mp){
      ^
platform/android/frameworks/av/media/TvosMedia/TvosMediaPlayerListener.cpp:93:6: warning: unused parameter 'mp' [-Wunused-parameter]
 void TvosMediaPlayerListener::onTvosPauseFailed(TvosMediaPlayer * mp){
      ^
platform/android/frameworks/av/media/TvosMedia/TvosMediaPlayerListener.cpp:97:6: warning: unused parameter 'mp' [-Wunused-parameter]
 void TvosMediaPlayerListener::onTvosResumeSuccess(TvosMediaPlayer * mp){
      ^
platform/android/frameworks/av/media/TvosMedia/TvosMediaPlayerListener.cpp:101:6: warning: unused parameter 'mp' [-Wunused-parameter]
 void TvosMediaPlayerListener::onTvosResumeFailed(TvosMediaPlayer * mp){
      ^
platform/android/frameworks/av/media/TvosMedia/TvosMediaPlayerListener.cpp:105:6: warning: unused parameter 'mp' [-Wunused-parameter]
 void TvosMediaPlayerListener::onTvosStopSuccess(TvosMediaPlayer * mp){
      ^
platform/android/frameworks/av/media/TvosMedia/TvosMediaPlayerListener.cpp:109:6: warning: unused parameter 'mp' [-Wunused-parameter]
 void TvosMediaPlayerListener::onTvosStopFailed(TvosMediaPlayer * mp){
      ^
platform/android/frameworks/av/media/TvosMedia/TvosMediaPlayerListener.cpp:113:6: warning: unused parameter 'mp' [-Wunused-parameter]
 void TvosMediaPlayerListener::onTvosURLVALID(TvosMediaPlayer * mp){
      ^
platform/android/frameworks/av/media/TvosMedia/TvosMediaPlayerListener.cpp:117:6: warning: unused parameter 'mp' [-Wunused-parameter]
 void TvosMediaPlayerListener::onTvosURLINVALID(TvosMediaPlayer * mp){
      ^
platform/android/frameworks/av/media/TvosMedia/TvosMediaPlayerListener.cpp:121:6: warning: unused parameter 'mp' [-Wunused-parameter]
 void TvosMediaPlayerListener::onTvosAudioDecodeSuccess(TvosMediaPlayer * mp){
      ^
platform/android/frameworks/av/media/TvosMedia/TvosMediaPlayerListener.cpp:125:6: warning: unused parameter 'mp' [-Wunused-parameter]
 void TvosMediaPlayerListener::onTvosAudioDecodeFailed(TvosMediaPlayer * mp){
      ^
platform/android/frameworks/av/media/TvosMedia/TvosMediaPlayerListener.cpp:129:6: warning: unused parameter 'mp' [-Wunused-parameter]
 void TvosMediaPlayerListener::onTvosVideoDecodeSuccess(TvosMediaPlayer * mp){
      ^
platform/android/frameworks/av/media/TvosMedia/TvosMediaPlayerListener.cpp:133:6: warning: unused parameter 'mp' [-Wunused-parameter]
 void TvosMediaPlayerListener::onTvosVideoDecodeFailed(TvosMediaPlayer * mp){
      ^
platform/android/frameworks/av/media/TvosMedia/TvosMediaPlayerListener.cpp:137:6: warning: unused parameter 'mp' [-Wunused-parameter]
 void TvosMediaPlayerListener::onTvosPaceChanged(TvosMediaPlayer * mp){
      ^
platform/android/frameworks/av/media/TvosMedia/TvosMediaPlayerListener.cpp:141:6: warning: unused parameter 'mp' [-Wunused-parameter]
 void TvosMediaPlayerListener::onTvosVodMessage(TvosMediaPlayer* mp, int msg, int extra){
      ^
platform/android/frameworks/av/media/TvosMedia/TvosMediaPlayerListener.cpp:141:6: warning: unused parameter 'msg' [-Wunused-parameter]
platform/android/frameworks/av/media/TvosMedia/TvosMediaPlayerListener.cpp:141:6: warning: unused parameter 'extra' [-Wunused-parameter]
platform/android/frameworks/av/media/TvosMedia/TvosMediaPlayerListener.cpp:144:6: warning: unused parameter 'mp' [-Wunused-parameter]
 void TvosMediaPlayerListener::onTvosHaveNoStream(TvosMediaPlayer * mp){
      ^
platform/android/frameworks/av/media/TvosMedia/TvosMediaPlayerListener.cpp:148:6: warning: unused parameter 'mp' [-Wunused-parameter]
 void TvosMediaPlayerListener::onTvosStreamRecover(TvosMediaPlayer * mp){
      ^
