platform/android/external/fio/verify.c: In function 'fill_pattern_headers':
platform/android/external/fio/verify.c:113:23: warning: pointer of type 'void *' used in arithmetic [-Wpointer-arith]
  for (; p < io_u->buf + io_u->buflen; p += hdr_inc) {
                       ^
platform/android/external/fio/verify.c:113:41: warning: pointer of type 'void *' used in arithmetic [-Wpointer-arith]
  for (; p < io_u->buf + io_u->buflen; p += hdr_inc) {
                                         ^
platform/android/external/fio/verify.c: In function 'hdr_priv':
platform/android/external/fio/verify.c:205:14: warning: pointer of type 'void *' used in arithmetic [-Wpointer-arith]
  return priv + sizeof(struct verify_header);
              ^
platform/android/external/fio/verify.c: In function 'dump_verify_buffers':
platform/android/external/fio/verify.c:299:21: warning: pointer of type 'void *' used in arithmetic [-Wpointer-arith]
  dump_buf(io_u->buf + hdr_offset, hdr->len, io_u->offset + hdr_offset,
                     ^
platform/android/external/fio/verify.c:314:15: warning: pointer of type 'void *' used in arithmetic [-Wpointer-arith]
  dump_buf(buf + hdr_offset, hdr->len, io_u->offset + hdr_offset,
               ^
platform/android/external/fio/verify.c: In function 'io_u_verify_off':
platform/android/external/fio/verify.c:343:23: warning: pointer of type 'void *' used in arithmetic [-Wpointer-arith]
  return vc->io_u->buf + vc->hdr_num * hdr->len + hdr_size(hdr);
                       ^
platform/android/external/fio/verify.c:343:48: warning: pointer of type 'void *' used in arithmetic [-Wpointer-arith]
  return vc->io_u->buf + vc->hdr_num * hdr->len + hdr_size(hdr);
                                                ^
platform/android/external/fio/verify.c: In function 'verify_io_u_pattern':
platform/android/external/fio/verify.c:358:21: warning: pointer of type 'void *' used in arithmetic [-Wpointer-arith]
  buf = (void *) hdr + header_size;
                     ^
platform/android/external/fio/verify.c: In function 'verify_trimmed_io_u':
platform/android/external/fio/verify.c:699:5: warning: pointer of type 'void *' used in arithmetic [-Wpointer-arith]
   p += this_len;
     ^
platform/android/external/fio/verify.c:708:23: warning: pointer of type 'void *' used in subtraction [-Wpointer-arith]
    (unsigned long) (p - io_u->buf));
                       ^
platform/android/external/fio/verify.c: In function 'verify_io_u':
platform/android/external/fio/verify.c:748:36: warning: pointer of type 'void *' used in arithmetic [-Wpointer-arith]
  for (p = io_u->buf; p < io_u->buf + io_u->buflen;
                                    ^
platform/android/external/fio/verify.c:749:9: warning: pointer of type 'void *' used in arithmetic [-Wpointer-arith]
       p += hdr_inc, hdr_num++) {
         ^
platform/android/external/fio/verify.c:762:16: warning: pointer of type 'void *' used in arithmetic [-Wpointer-arith]
    memswp(p, p + td->o.verify_offset, header_size);
                ^
platform/android/external/fio/verify.c: In function 'populate_hdr':
platform/android/external/fio/verify.c:990:11: warning: pointer of type 'void *' used in arithmetic [-Wpointer-arith]
  data = p + hdr_size(hdr);
           ^
platform/android/external/fio/verify.c:1056:15: warning: pointer of type 'void *' used in arithmetic [-Wpointer-arith]
   memswp(p, p + td->o.verify_offset, hdr_size(hdr));
               ^
platform/android/external/fio/verify.c: In function 'verify_async_init':
platform/android/external/fio/verify.c:1245:16: warning: comparison between signed and unsigned integer expressions [-Wsign-compare]
  for (i = 0; i < td->o.verify_async; i++) {
                ^
platform/android/external/fio/verify.c:1264:8: warning: comparison between signed and unsigned integer expressions [-Wsign-compare]
  if (i != td->o.verify_async) {
        ^
