In file included from platform/android/external/netperf/netlib.c:167:0:
platform/android/external/netperf/netlib.h:608:0: warning: "bcopy" redefined [enabled by default]
 #define bcopy(s,d,h) memcpy((d),(s),(h))
 ^
In file included from platform/android/bionic/libc/include/stdlib.h:36:0,
                 from platform/android/external/netperf/netlib.c:69:
platform/android/bionic/libc/include/strings.h:47:0: note: this is the location of the previous definition
 #define bcopy(b1, b2, len) \
 ^
platform/android/external/netperf/netlib.c: In function 'set_sock_buffer':
platform/android/external/netperf/netlib.c:2535:4: warning: pointer targets in passing argument 5 of 'getsockopt' differ in signedness [-Wpointer-sign]
    &sock_opt_len) < 0) {
    ^
In file included from platform/android/external/netperf/netlib.c:90:0:
platform/android/bionic/libc/include/sys/socket.h:277:18: note: expected 'socklen_t *' but argument is of type 'size_t *'
 __socketcall int getsockopt(int, int, int, void*, socklen_t*);
                  ^
platform/android/external/netperf/netlib.c: In function 'establish_control_internal':
platform/android/external/netperf/netlib.c:2633:10: warning: 'control_sock' may be used uninitialized in this function [-Wmaybe-uninitialized]
   SOCKET control_sock;
          ^
