component/OAM/agent/expat/xmltok/xmlrole.c: In function 'prolog2':
component/OAM/agent/expat/xmltok/xmlrole.c:149:18: warning: unused parameter 'ptr' [-Wunused-parameter]
      const char *ptr,
                  ^
component/OAM/agent/expat/xmltok/xmlrole.c:150:18: warning: unused parameter 'end' [-Wunused-parameter]
      const char *end,
                  ^
component/OAM/agent/expat/xmltok/xmlrole.c:151:22: warning: unused parameter 'enc' [-Wunused-parameter]
      const ENCODING *enc)
                      ^
component/OAM/agent/expat/xmltok/xmlrole.c: In function 'doctype0':
component/OAM/agent/expat/xmltok/xmlrole.c:169:19: warning: unused parameter 'ptr' [-Wunused-parameter]
       const char *ptr,
                   ^
component/OAM/agent/expat/xmltok/xmlrole.c:170:19: warning: unused parameter 'end' [-Wunused-parameter]
       const char *end,
                   ^
component/OAM/agent/expat/xmltok/xmlrole.c:171:23: warning: unused parameter 'enc' [-Wunused-parameter]
       const ENCODING *enc)
                       ^
component/OAM/agent/expat/xmltok/xmlrole.c: In function 'doctype2':
component/OAM/agent/expat/xmltok/xmlrole.c:217:19: warning: unused parameter 'ptr' [-Wunused-parameter]
       const char *ptr,
                   ^
component/OAM/agent/expat/xmltok/xmlrole.c:218:19: warning: unused parameter 'end' [-Wunused-parameter]
       const char *end,
                   ^
component/OAM/agent/expat/xmltok/xmlrole.c:219:23: warning: unused parameter 'enc' [-Wunused-parameter]
       const ENCODING *enc)
                       ^
component/OAM/agent/expat/xmltok/xmlrole.c: In function 'doctype3':
component/OAM/agent/expat/xmltok/xmlrole.c:234:19: warning: unused parameter 'ptr' [-Wunused-parameter]
       const char *ptr,
                   ^
component/OAM/agent/expat/xmltok/xmlrole.c:235:19: warning: unused parameter 'end' [-Wunused-parameter]
       const char *end,
                   ^
component/OAM/agent/expat/xmltok/xmlrole.c:236:23: warning: unused parameter 'enc' [-Wunused-parameter]
       const ENCODING *enc)
                       ^
component/OAM/agent/expat/xmltok/xmlrole.c: In function 'doctype4':
component/OAM/agent/expat/xmltok/xmlrole.c:251:19: warning: unused parameter 'ptr' [-Wunused-parameter]
       const char *ptr,
                   ^
component/OAM/agent/expat/xmltok/xmlrole.c:252:19: warning: unused parameter 'end' [-Wunused-parameter]
       const char *end,
                   ^
component/OAM/agent/expat/xmltok/xmlrole.c:253:23: warning: unused parameter 'enc' [-Wunused-parameter]
       const ENCODING *enc)
                       ^
component/OAM/agent/expat/xmltok/xmlrole.c: In function 'doctype5':
component/OAM/agent/expat/xmltok/xmlrole.c:271:19: warning: unused parameter 'ptr' [-Wunused-parameter]
       const char *ptr,
                   ^
component/OAM/agent/expat/xmltok/xmlrole.c:272:19: warning: unused parameter 'end' [-Wunused-parameter]
       const char *end,
                   ^
component/OAM/agent/expat/xmltok/xmlrole.c:273:23: warning: unused parameter 'enc' [-Wunused-parameter]
       const ENCODING *enc)
                       ^
component/OAM/agent/expat/xmltok/xmlrole.c: In function 'entity0':
component/OAM/agent/expat/xmltok/xmlrole.c:387:18: warning: unused parameter 'ptr' [-Wunused-parameter]
      const char *ptr,
                  ^
component/OAM/agent/expat/xmltok/xmlrole.c:388:18: warning: unused parameter 'end' [-Wunused-parameter]
      const char *end,
                  ^
component/OAM/agent/expat/xmltok/xmlrole.c:389:22: warning: unused parameter 'enc' [-Wunused-parameter]
      const ENCODING *enc)
                      ^
component/OAM/agent/expat/xmltok/xmlrole.c: In function 'entity1':
component/OAM/agent/expat/xmltok/xmlrole.c:407:18: warning: unused parameter 'ptr' [-Wunused-parameter]
      const char *ptr,
                  ^
component/OAM/agent/expat/xmltok/xmlrole.c:408:18: warning: unused parameter 'end' [-Wunused-parameter]
      const char *end,
                  ^
component/OAM/agent/expat/xmltok/xmlrole.c:409:22: warning: unused parameter 'enc' [-Wunused-parameter]
      const ENCODING *enc)
                      ^
component/OAM/agent/expat/xmltok/xmlrole.c: In function 'entity3':
component/OAM/agent/expat/xmltok/xmlrole.c:451:18: warning: unused parameter 'ptr' [-Wunused-parameter]
      const char *ptr,
                  ^
component/OAM/agent/expat/xmltok/xmlrole.c:452:18: warning: unused parameter 'end' [-Wunused-parameter]
      const char *end,
                  ^
component/OAM/agent/expat/xmltok/xmlrole.c:453:22: warning: unused parameter 'enc' [-Wunused-parameter]
      const ENCODING *enc)
                      ^
component/OAM/agent/expat/xmltok/xmlrole.c: In function 'entity4':
component/OAM/agent/expat/xmltok/xmlrole.c:469:18: warning: unused parameter 'ptr' [-Wunused-parameter]
      const char *ptr,
                  ^
component/OAM/agent/expat/xmltok/xmlrole.c:470:18: warning: unused parameter 'end' [-Wunused-parameter]
      const char *end,
                  ^
component/OAM/agent/expat/xmltok/xmlrole.c:471:22: warning: unused parameter 'enc' [-Wunused-parameter]
      const ENCODING *enc)
                      ^
component/OAM/agent/expat/xmltok/xmlrole.c: In function 'entity6':
component/OAM/agent/expat/xmltok/xmlrole.c:509:18: warning: unused parameter 'ptr' [-Wunused-parameter]
      const char *ptr,
                  ^
component/OAM/agent/expat/xmltok/xmlrole.c:510:18: warning: unused parameter 'end' [-Wunused-parameter]
      const char *end,
                  ^
component/OAM/agent/expat/xmltok/xmlrole.c:511:22: warning: unused parameter 'enc' [-Wunused-parameter]
      const ENCODING *enc)
                      ^
component/OAM/agent/expat/xmltok/xmlrole.c: In function 'entity8':
component/OAM/agent/expat/xmltok/xmlrole.c:553:18: warning: unused parameter 'ptr' [-Wunused-parameter]
      const char *ptr,
                  ^
component/OAM/agent/expat/xmltok/xmlrole.c:554:18: warning: unused parameter 'end' [-Wunused-parameter]
      const char *end,
                  ^
component/OAM/agent/expat/xmltok/xmlrole.c:555:22: warning: unused parameter 'enc' [-Wunused-parameter]
      const ENCODING *enc)
                      ^
component/OAM/agent/expat/xmltok/xmlrole.c: In function 'entity9':
component/OAM/agent/expat/xmltok/xmlrole.c:570:18: warning: unused parameter 'ptr' [-Wunused-parameter]
      const char *ptr,
                  ^
component/OAM/agent/expat/xmltok/xmlrole.c:571:18: warning: unused parameter 'end' [-Wunused-parameter]
      const char *end,
                  ^
component/OAM/agent/expat/xmltok/xmlrole.c:572:22: warning: unused parameter 'enc' [-Wunused-parameter]
      const ENCODING *enc)
                      ^
component/OAM/agent/expat/xmltok/xmlrole.c: In function 'notation0':
component/OAM/agent/expat/xmltok/xmlrole.c:587:20: warning: unused parameter 'ptr' [-Wunused-parameter]
        const char *ptr,
                    ^
component/OAM/agent/expat/xmltok/xmlrole.c:588:20: warning: unused parameter 'end' [-Wunused-parameter]
        const char *end,
                    ^
component/OAM/agent/expat/xmltok/xmlrole.c:589:24: warning: unused parameter 'enc' [-Wunused-parameter]
        const ENCODING *enc)
                        ^
component/OAM/agent/expat/xmltok/xmlrole.c: In function 'notation2':
component/OAM/agent/expat/xmltok/xmlrole.c:628:20: warning: unused parameter 'ptr' [-Wunused-parameter]
        const char *ptr,
                    ^
component/OAM/agent/expat/xmltok/xmlrole.c:629:20: warning: unused parameter 'end' [-Wunused-parameter]
        const char *end,
                    ^
component/OAM/agent/expat/xmltok/xmlrole.c:630:24: warning: unused parameter 'enc' [-Wunused-parameter]
        const ENCODING *enc)
                        ^
component/OAM/agent/expat/xmltok/xmlrole.c: In function 'notation3':
component/OAM/agent/expat/xmltok/xmlrole.c:645:20: warning: unused parameter 'ptr' [-Wunused-parameter]
        const char *ptr,
                    ^
component/OAM/agent/expat/xmltok/xmlrole.c:646:20: warning: unused parameter 'end' [-Wunused-parameter]
        const char *end,
                    ^
component/OAM/agent/expat/xmltok/xmlrole.c:647:24: warning: unused parameter 'enc' [-Wunused-parameter]
        const ENCODING *enc)
                        ^
component/OAM/agent/expat/xmltok/xmlrole.c: In function 'notation4':
component/OAM/agent/expat/xmltok/xmlrole.c:662:20: warning: unused parameter 'ptr' [-Wunused-parameter]
        const char *ptr,
                    ^
component/OAM/agent/expat/xmltok/xmlrole.c:663:20: warning: unused parameter 'end' [-Wunused-parameter]
        const char *end,
                    ^
component/OAM/agent/expat/xmltok/xmlrole.c:664:24: warning: unused parameter 'enc' [-Wunused-parameter]
        const ENCODING *enc)
                        ^
component/OAM/agent/expat/xmltok/xmlrole.c: In function 'attlist0':
component/OAM/agent/expat/xmltok/xmlrole.c:682:19: warning: unused parameter 'ptr' [-Wunused-parameter]
       const char *ptr,
                   ^
component/OAM/agent/expat/xmltok/xmlrole.c:683:19: warning: unused parameter 'end' [-Wunused-parameter]
       const char *end,
                   ^
component/OAM/agent/expat/xmltok/xmlrole.c:684:23: warning: unused parameter 'enc' [-Wunused-parameter]
       const ENCODING *enc)
                       ^
component/OAM/agent/expat/xmltok/xmlrole.c: In function 'attlist1':
component/OAM/agent/expat/xmltok/xmlrole.c:700:19: warning: unused parameter 'ptr' [-Wunused-parameter]
       const char *ptr,
                   ^
component/OAM/agent/expat/xmltok/xmlrole.c:701:19: warning: unused parameter 'end' [-Wunused-parameter]
       const char *end,
                   ^
component/OAM/agent/expat/xmltok/xmlrole.c:702:23: warning: unused parameter 'enc' [-Wunused-parameter]
       const ENCODING *enc)
                       ^
component/OAM/agent/expat/xmltok/xmlrole.c: In function 'attlist3':
component/OAM/agent/expat/xmltok/xmlrole.c:762:19: warning: unused parameter 'ptr' [-Wunused-parameter]
       const char *ptr,
                   ^
component/OAM/agent/expat/xmltok/xmlrole.c:763:19: warning: unused parameter 'end' [-Wunused-parameter]
       const char *end,
                   ^
component/OAM/agent/expat/xmltok/xmlrole.c:764:23: warning: unused parameter 'enc' [-Wunused-parameter]
       const ENCODING *enc)
                       ^
component/OAM/agent/expat/xmltok/xmlrole.c: In function 'attlist4':
component/OAM/agent/expat/xmltok/xmlrole.c:781:19: warning: unused parameter 'ptr' [-Wunused-parameter]
       const char *ptr,
                   ^
component/OAM/agent/expat/xmltok/xmlrole.c:782:19: warning: unused parameter 'end' [-Wunused-parameter]
       const char *end,
                   ^
component/OAM/agent/expat/xmltok/xmlrole.c:783:23: warning: unused parameter 'enc' [-Wunused-parameter]
       const ENCODING *enc)
                       ^
component/OAM/agent/expat/xmltok/xmlrole.c: In function 'attlist5':
component/OAM/agent/expat/xmltok/xmlrole.c:801:19: warning: unused parameter 'ptr' [-Wunused-parameter]
       const char *ptr,
                   ^
component/OAM/agent/expat/xmltok/xmlrole.c:802:19: warning: unused parameter 'end' [-Wunused-parameter]
       const char *end,
                   ^
component/OAM/agent/expat/xmltok/xmlrole.c:803:23: warning: unused parameter 'enc' [-Wunused-parameter]
       const ENCODING *enc)
                       ^
component/OAM/agent/expat/xmltok/xmlrole.c: In function 'attlist6':
component/OAM/agent/expat/xmltok/xmlrole.c:819:19: warning: unused parameter 'ptr' [-Wunused-parameter]
       const char *ptr,
                   ^
component/OAM/agent/expat/xmltok/xmlrole.c:820:19: warning: unused parameter 'end' [-Wunused-parameter]
       const char *end,
                   ^
component/OAM/agent/expat/xmltok/xmlrole.c:821:23: warning: unused parameter 'enc' [-Wunused-parameter]
       const ENCODING *enc)
                       ^
component/OAM/agent/expat/xmltok/xmlrole.c: In function 'attlist7':
component/OAM/agent/expat/xmltok/xmlrole.c:836:19: warning: unused parameter 'ptr' [-Wunused-parameter]
       const char *ptr,
                   ^
component/OAM/agent/expat/xmltok/xmlrole.c:837:19: warning: unused parameter 'end' [-Wunused-parameter]
       const char *end,
                   ^
component/OAM/agent/expat/xmltok/xmlrole.c:838:23: warning: unused parameter 'enc' [-Wunused-parameter]
       const ENCODING *enc)
                       ^
component/OAM/agent/expat/xmltok/xmlrole.c: In function 'attlist9':
component/OAM/agent/expat/xmltok/xmlrole.c:897:19: warning: unused parameter 'ptr' [-Wunused-parameter]
       const char *ptr,
                   ^
component/OAM/agent/expat/xmltok/xmlrole.c:898:19: warning: unused parameter 'end' [-Wunused-parameter]
       const char *end,
                   ^
component/OAM/agent/expat/xmltok/xmlrole.c:899:23: warning: unused parameter 'enc' [-Wunused-parameter]
       const ENCODING *enc)
                       ^
component/OAM/agent/expat/xmltok/xmlrole.c: In function 'element0':
component/OAM/agent/expat/xmltok/xmlrole.c:914:19: warning: unused parameter 'ptr' [-Wunused-parameter]
       const char *ptr,
                   ^
component/OAM/agent/expat/xmltok/xmlrole.c:915:19: warning: unused parameter 'end' [-Wunused-parameter]
       const char *end,
                   ^
component/OAM/agent/expat/xmltok/xmlrole.c:916:23: warning: unused parameter 'enc' [-Wunused-parameter]
       const ENCODING *enc)
                       ^
component/OAM/agent/expat/xmltok/xmlrole.c: In function 'element3':
component/OAM/agent/expat/xmltok/xmlrole.c:1000:19: warning: unused parameter 'ptr' [-Wunused-parameter]
       const char *ptr,
                   ^
component/OAM/agent/expat/xmltok/xmlrole.c:1001:19: warning: unused parameter 'end' [-Wunused-parameter]
       const char *end,
                   ^
component/OAM/agent/expat/xmltok/xmlrole.c:1002:23: warning: unused parameter 'enc' [-Wunused-parameter]
       const ENCODING *enc)
                       ^
component/OAM/agent/expat/xmltok/xmlrole.c: In function 'element4':
component/OAM/agent/expat/xmltok/xmlrole.c:1021:19: warning: unused parameter 'ptr' [-Wunused-parameter]
       const char *ptr,
                   ^
component/OAM/agent/expat/xmltok/xmlrole.c:1022:19: warning: unused parameter 'end' [-Wunused-parameter]
       const char *end,
                   ^
component/OAM/agent/expat/xmltok/xmlrole.c:1023:23: warning: unused parameter 'enc' [-Wunused-parameter]
       const ENCODING *enc)
                       ^
component/OAM/agent/expat/xmltok/xmlrole.c: In function 'element5':
component/OAM/agent/expat/xmltok/xmlrole.c:1039:19: warning: unused parameter 'ptr' [-Wunused-parameter]
       const char *ptr,
                   ^
component/OAM/agent/expat/xmltok/xmlrole.c:1040:19: warning: unused parameter 'end' [-Wunused-parameter]
       const char *end,
                   ^
component/OAM/agent/expat/xmltok/xmlrole.c:1041:23: warning: unused parameter 'enc' [-Wunused-parameter]
       const ENCODING *enc)
                       ^
component/OAM/agent/expat/xmltok/xmlrole.c: In function 'element6':
component/OAM/agent/expat/xmltok/xmlrole.c:1059:19: warning: unused parameter 'ptr' [-Wunused-parameter]
       const char *ptr,
                   ^
component/OAM/agent/expat/xmltok/xmlrole.c:1060:19: warning: unused parameter 'end' [-Wunused-parameter]
       const char *end,
                   ^
component/OAM/agent/expat/xmltok/xmlrole.c:1061:23: warning: unused parameter 'enc' [-Wunused-parameter]
       const ENCODING *enc)
                       ^
component/OAM/agent/expat/xmltok/xmlrole.c: In function 'element7':
component/OAM/agent/expat/xmltok/xmlrole.c:1089:19: warning: unused parameter 'ptr' [-Wunused-parameter]
       const char *ptr,
                   ^
component/OAM/agent/expat/xmltok/xmlrole.c:1090:19: warning: unused parameter 'end' [-Wunused-parameter]
       const char *end,
                   ^
component/OAM/agent/expat/xmltok/xmlrole.c:1091:23: warning: unused parameter 'enc' [-Wunused-parameter]
       const ENCODING *enc)
                       ^
component/OAM/agent/expat/xmltok/xmlrole.c: In function 'declClose':
component/OAM/agent/expat/xmltok/xmlrole.c:1192:20: warning: unused parameter 'ptr' [-Wunused-parameter]
        const char *ptr,
                    ^
component/OAM/agent/expat/xmltok/xmlrole.c:1193:20: warning: unused parameter 'end' [-Wunused-parameter]
        const char *end,
                    ^
component/OAM/agent/expat/xmltok/xmlrole.c:1194:24: warning: unused parameter 'enc' [-Wunused-parameter]
        const ENCODING *enc)
                        ^
component/OAM/agent/expat/xmltok/xmlrole.c: In function 'error':
component/OAM/agent/expat/xmltok/xmlrole.c:1227:25: warning: unused parameter 'state' [-Wunused-parameter]
 int error(PROLOG_STATE *state,
                         ^
component/OAM/agent/expat/xmltok/xmlrole.c:1228:8: warning: unused parameter 'tok' [-Wunused-parameter]
    int tok,
        ^
component/OAM/agent/expat/xmltok/xmlrole.c:1229:16: warning: unused parameter 'ptr' [-Wunused-parameter]
    const char *ptr,
                ^
component/OAM/agent/expat/xmltok/xmlrole.c:1230:16: warning: unused parameter 'end' [-Wunused-parameter]
    const char *end,
                ^
component/OAM/agent/expat/xmltok/xmlrole.c:1231:20: warning: unused parameter 'enc' [-Wunused-parameter]
    const ENCODING *enc)
                    ^
component/OAM/agent/expat/xmltok/xmlrole.c: In function 'common':
component/OAM/agent/expat/xmltok/xmlrole.c:1237:37: warning: unused parameter 'tok' [-Wunused-parameter]
 int common(PROLOG_STATE *state, int tok)
                                     ^
