platform/android/external/pdfium/core/src/fxge/dib/fx_dib_main.cpp: In member function 'FX_BOOL CFX_DIBitmap::ConvertColorScale(FX_DWORD, FX_DWORD)':
platform/android/external/pdfium/core/src/fxge/dib/fx_dib_main.cpp:1281:48: warning: 'bb' may be used uninitialized in this function [-Wmaybe-uninitialized]
                                             bb + (fb - bb) * gray / 255);
                                                ^
platform/android/external/pdfium/core/src/fxge/dib/fx_dib_main.cpp:1280:83: warning: 'bg' may be used uninitialized in this function [-Wmaybe-uninitialized]
                 m_pPalette[i] = FXARGB_MAKE(0xff, br + (fr - br) * gray / 255, bg + (fg - bg) * gray / 255,
                                                                                   ^
platform/android/external/pdfium/core/src/fxge/dib/fx_dib_main.cpp:1280:54: warning: 'br' may be used uninitialized in this function [-Wmaybe-uninitialized]
                 m_pPalette[i] = FXARGB_MAKE(0xff, br + (fr - br) * gray / 255, bg + (fg - bg) * gray / 255,
                                                      ^
platform/android/external/pdfium/core/src/fxge/dib/fx_dib_main.cpp:1237:17: warning: 'fb' may be used uninitialized in this function [-Wmaybe-uninitialized]
     int fr, fg, fb, br, bg, bb;
                 ^
platform/android/external/pdfium/core/src/fxge/dib/fx_dib_main.cpp:1237:13: warning: 'fg' may be used uninitialized in this function [-Wmaybe-uninitialized]
     int fr, fg, fb, br, bg, bb;
             ^
platform/android/external/pdfium/core/src/fxge/dib/fx_dib_main.cpp:1237:9: warning: 'fr' may be used uninitialized in this function [-Wmaybe-uninitialized]
     int fr, fg, fb, br, bg, bb;
         ^
platform/android/external/pdfium/core/src/fxge/dib/fx_dib_main.cpp:1236:37: warning: 'bk' may be used uninitialized in this function [-Wmaybe-uninitialized]
     int fc, fm, fy, fk, bc, bm, by, bk;
                                     ^
platform/android/external/pdfium/core/src/fxge/dib/fx_dib_main.cpp:1236:33: warning: 'by' may be used uninitialized in this function [-Wmaybe-uninitialized]
     int fc, fm, fy, fk, bc, bm, by, bk;
                                 ^
platform/android/external/pdfium/core/src/fxge/dib/fx_dib_main.cpp:1236:29: warning: 'bm' may be used uninitialized in this function [-Wmaybe-uninitialized]
     int fc, fm, fy, fk, bc, bm, by, bk;
                             ^
platform/android/external/pdfium/core/src/fxge/dib/fx_dib_main.cpp:1236:25: warning: 'bc' may be used uninitialized in this function [-Wmaybe-uninitialized]
     int fc, fm, fy, fk, bc, bm, by, bk;
                         ^
platform/android/external/pdfium/core/src/fxge/dib/fx_dib_main.cpp:1236:21: warning: 'fk' may be used uninitialized in this function [-Wmaybe-uninitialized]
     int fc, fm, fy, fk, bc, bm, by, bk;
                     ^
platform/android/external/pdfium/core/src/fxge/dib/fx_dib_main.cpp:1236:17: warning: 'fy' may be used uninitialized in this function [-Wmaybe-uninitialized]
     int fc, fm, fy, fk, bc, bm, by, bk;
                 ^
platform/android/external/pdfium/core/src/fxge/dib/fx_dib_main.cpp:1236:13: warning: 'fm' may be used uninitialized in this function [-Wmaybe-uninitialized]
     int fc, fm, fy, fk, bc, bm, by, bk;
             ^
platform/android/external/pdfium/core/src/fxge/dib/fx_dib_main.cpp:1236:9: warning: 'fc' may be used uninitialized in this function [-Wmaybe-uninitialized]
     int fc, fm, fy, fk, bc, bm, by, bk;
         ^
