platform/android/external/icu/icu4c/source/common/ucnv_lmb.c: In function '_LMBCSOpenWorker':
platform/android/external/icu/icu4c/source/common/ucnv_lmb.c:640:9: warning: missing initializer for field 'nestedLoads' of 'UConverterLoadArgs' [-Wmissing-field-initializers]
         UConverterLoadArgs stackArgs={ (int32_t)sizeof(UConverterLoadArgs) };
         ^
In file included from platform/android/external/icu/icu4c/source/common/ucnv_bld.h:27:0,
                 from platform/android/external/icu/icu4c/source/common/ucnv_imp.h:28,
                 from platform/android/external/icu/icu4c/source/common/ucnv_lmb.c:36:
platform/android/external/icu/icu4c/source/common/ucnv_cnv.h:51:13: note: 'nestedLoads' declared here
     int32_t nestedLoads;        /* count nested ucnv_load() calls */
             ^
platform/android/external/icu/icu4c/source/common/ucnv_lmb.c: In function '_LMBCSSafeClone':
platform/android/external/icu/icu4c/source/common/ucnv_lmb.c:696:29: warning: unused parameter 'status' [-Wunused-parameter]
                 UErrorCode *status) {
                             ^
platform/android/external/icu/icu4c/source/common/ucnv_lmb.c: At top level:
platform/android/external/icu/icu4c/source/common/ucnv_lmb.c:1364:1: warning: missing initializer for field 'toUTF8' of 'UConverterImpl' [-Wmissing-field-initializers]
 DECLARE_LMBCS_DATA(1)
 ^
In file included from platform/android/external/icu/icu4c/source/common/ucnv_bld.h:27:0,
                 from platform/android/external/icu/icu4c/source/common/ucnv_imp.h:28,
                 from platform/android/external/icu/icu4c/source/common/ucnv_lmb.c:36:
platform/android/external/icu/icu4c/source/common/ucnv_cnv.h:252:23: note: 'toUTF8' declared here
     UConverterConvert toUTF8;
                       ^
platform/android/external/icu/icu4c/source/common/ucnv_lmb.c:1364:1: warning: missing initializer for field 'mbcs' of 'UConverterSharedData' [-Wmissing-field-initializers]
 DECLARE_LMBCS_DATA(1)
 ^
In file included from platform/android/external/icu/icu4c/source/common/ucnv_imp.h:28:0,
                 from platform/android/external/icu/icu4c/source/common/ucnv_lmb.c:36:
platform/android/external/icu/icu4c/source/common/ucnv_bld.h:125:25: note: 'mbcs' declared here
     UConverterMBCSTable mbcs;
                         ^
platform/android/external/icu/icu4c/source/common/ucnv_lmb.c:1365:1: warning: missing initializer for field 'toUTF8' of 'UConverterImpl' [-Wmissing-field-initializers]
 DECLARE_LMBCS_DATA(2)
 ^
In file included from platform/android/external/icu/icu4c/source/common/ucnv_bld.h:27:0,
                 from platform/android/external/icu/icu4c/source/common/ucnv_imp.h:28,
                 from platform/android/external/icu/icu4c/source/common/ucnv_lmb.c:36:
platform/android/external/icu/icu4c/source/common/ucnv_cnv.h:252:23: note: 'toUTF8' declared here
     UConverterConvert toUTF8;
                       ^
platform/android/external/icu/icu4c/source/common/ucnv_lmb.c:1365:1: warning: missing initializer for field 'mbcs' of 'UConverterSharedData' [-Wmissing-field-initializers]
 DECLARE_LMBCS_DATA(2)
 ^
In file included from platform/android/external/icu/icu4c/source/common/ucnv_imp.h:28:0,
                 from platform/android/external/icu/icu4c/source/common/ucnv_lmb.c:36:
platform/android/external/icu/icu4c/source/common/ucnv_bld.h:125:25: note: 'mbcs' declared here
     UConverterMBCSTable mbcs;
                         ^
platform/android/external/icu/icu4c/source/common/ucnv_lmb.c:1366:1: warning: missing initializer for field 'toUTF8' of 'UConverterImpl' [-Wmissing-field-initializers]
 DECLARE_LMBCS_DATA(3)
 ^
In file included from platform/android/external/icu/icu4c/source/common/ucnv_bld.h:27:0,
                 from platform/android/external/icu/icu4c/source/common/ucnv_imp.h:28,
                 from platform/android/external/icu/icu4c/source/common/ucnv_lmb.c:36:
platform/android/external/icu/icu4c/source/common/ucnv_cnv.h:252:23: note: 'toUTF8' declared here
     UConverterConvert toUTF8;
                       ^
platform/android/external/icu/icu4c/source/common/ucnv_lmb.c:1366:1: warning: missing initializer for field 'mbcs' of 'UConverterSharedData' [-Wmissing-field-initializers]
 DECLARE_LMBCS_DATA(3)
 ^
In file included from platform/android/external/icu/icu4c/source/common/ucnv_imp.h:28:0,
                 from platform/android/external/icu/icu4c/source/common/ucnv_lmb.c:36:
platform/android/external/icu/icu4c/source/common/ucnv_bld.h:125:25: note: 'mbcs' declared here
     UConverterMBCSTable mbcs;
                         ^
platform/android/external/icu/icu4c/source/common/ucnv_lmb.c:1367:1: warning: missing initializer for field 'toUTF8' of 'UConverterImpl' [-Wmissing-field-initializers]
 DECLARE_LMBCS_DATA(4)
 ^
In file included from platform/android/external/icu/icu4c/source/common/ucnv_bld.h:27:0,
                 from platform/android/external/icu/icu4c/source/common/ucnv_imp.h:28,
                 from platform/android/external/icu/icu4c/source/common/ucnv_lmb.c:36:
platform/android/external/icu/icu4c/source/common/ucnv_cnv.h:252:23: note: 'toUTF8' declared here
     UConverterConvert toUTF8;
                       ^
platform/android/external/icu/icu4c/source/common/ucnv_lmb.c:1367:1: warning: missing initializer for field 'mbcs' of 'UConverterSharedData' [-Wmissing-field-initializers]
 DECLARE_LMBCS_DATA(4)
 ^
In file included from platform/android/external/icu/icu4c/source/common/ucnv_imp.h:28:0,
                 from platform/android/external/icu/icu4c/source/common/ucnv_lmb.c:36:
platform/android/external/icu/icu4c/source/common/ucnv_bld.h:125:25: note: 'mbcs' declared here
     UConverterMBCSTable mbcs;
                         ^
platform/android/external/icu/icu4c/source/common/ucnv_lmb.c:1368:1: warning: missing initializer for field 'toUTF8' of 'UConverterImpl' [-Wmissing-field-initializers]
 DECLARE_LMBCS_DATA(5)
 ^
In file included from platform/android/external/icu/icu4c/source/common/ucnv_bld.h:27:0,
                 from platform/android/external/icu/icu4c/source/common/ucnv_imp.h:28,
                 from platform/android/external/icu/icu4c/source/common/ucnv_lmb.c:36:
platform/android/external/icu/icu4c/source/common/ucnv_cnv.h:252:23: note: 'toUTF8' declared here
     UConverterConvert toUTF8;
                       ^
platform/android/external/icu/icu4c/source/common/ucnv_lmb.c:1368:1: warning: missing initializer for field 'mbcs' of 'UConverterSharedData' [-Wmissing-field-initializers]
 DECLARE_LMBCS_DATA(5)
 ^
In file included from platform/android/external/icu/icu4c/source/common/ucnv_imp.h:28:0,
                 from platform/android/external/icu/icu4c/source/common/ucnv_lmb.c:36:
platform/android/external/icu/icu4c/source/common/ucnv_bld.h:125:25: note: 'mbcs' declared here
     UConverterMBCSTable mbcs;
                         ^
platform/android/external/icu/icu4c/source/common/ucnv_lmb.c:1369:1: warning: missing initializer for field 'toUTF8' of 'UConverterImpl' [-Wmissing-field-initializers]
 DECLARE_LMBCS_DATA(6)
 ^
In file included from platform/android/external/icu/icu4c/source/common/ucnv_bld.h:27:0,
                 from platform/android/external/icu/icu4c/source/common/ucnv_imp.h:28,
                 from platform/android/external/icu/icu4c/source/common/ucnv_lmb.c:36:
platform/android/external/icu/icu4c/source/common/ucnv_cnv.h:252:23: note: 'toUTF8' declared here
     UConverterConvert toUTF8;
                       ^
platform/android/external/icu/icu4c/source/common/ucnv_lmb.c:1369:1: warning: missing initializer for field 'mbcs' of 'UConverterSharedData' [-Wmissing-field-initializers]
 DECLARE_LMBCS_DATA(6)
 ^
In file included from platform/android/external/icu/icu4c/source/common/ucnv_imp.h:28:0,
                 from platform/android/external/icu/icu4c/source/common/ucnv_lmb.c:36:
platform/android/external/icu/icu4c/source/common/ucnv_bld.h:125:25: note: 'mbcs' declared here
     UConverterMBCSTable mbcs;
                         ^
platform/android/external/icu/icu4c/source/common/ucnv_lmb.c:1370:1: warning: missing initializer for field 'toUTF8' of 'UConverterImpl' [-Wmissing-field-initializers]
 DECLARE_LMBCS_DATA(8)
 ^
In file included from platform/android/external/icu/icu4c/source/common/ucnv_bld.h:27:0,
                 from platform/android/external/icu/icu4c/source/common/ucnv_imp.h:28,
                 from platform/android/external/icu/icu4c/source/common/ucnv_lmb.c:36:
platform/android/external/icu/icu4c/source/common/ucnv_cnv.h:252:23: note: 'toUTF8' declared here
     UConverterConvert toUTF8;
                       ^
platform/android/external/icu/icu4c/source/common/ucnv_lmb.c:1370:1: warning: missing initializer for field 'mbcs' of 'UConverterSharedData' [-Wmissing-field-initializers]
 DECLARE_LMBCS_DATA(8)
 ^
In file included from platform/android/external/icu/icu4c/source/common/ucnv_imp.h:28:0,
                 from platform/android/external/icu/icu4c/source/common/ucnv_lmb.c:36:
platform/android/external/icu/icu4c/source/common/ucnv_bld.h:125:25: note: 'mbcs' declared here
     UConverterMBCSTable mbcs;
                         ^
platform/android/external/icu/icu4c/source/common/ucnv_lmb.c:1371:1: warning: missing initializer for field 'toUTF8' of 'UConverterImpl' [-Wmissing-field-initializers]
 DECLARE_LMBCS_DATA(11)
 ^
In file included from platform/android/external/icu/icu4c/source/common/ucnv_bld.h:27:0,
                 from platform/android/external/icu/icu4c/source/common/ucnv_imp.h:28,
                 from platform/android/external/icu/icu4c/source/common/ucnv_lmb.c:36:
platform/android/external/icu/icu4c/source/common/ucnv_cnv.h:252:23: note: 'toUTF8' declared here
     UConverterConvert toUTF8;
                       ^
platform/android/external/icu/icu4c/source/common/ucnv_lmb.c:1371:1: warning: missing initializer for field 'mbcs' of 'UConverterSharedData' [-Wmissing-field-initializers]
 DECLARE_LMBCS_DATA(11)
 ^
In file included from platform/android/external/icu/icu4c/source/common/ucnv_imp.h:28:0,
                 from platform/android/external/icu/icu4c/source/common/ucnv_lmb.c:36:
platform/android/external/icu/icu4c/source/common/ucnv_bld.h:125:25: note: 'mbcs' declared here
     UConverterMBCSTable mbcs;
                         ^
platform/android/external/icu/icu4c/source/common/ucnv_lmb.c:1372:1: warning: missing initializer for field 'toUTF8' of 'UConverterImpl' [-Wmissing-field-initializers]
 DECLARE_LMBCS_DATA(16)
 ^
In file included from platform/android/external/icu/icu4c/source/common/ucnv_bld.h:27:0,
                 from platform/android/external/icu/icu4c/source/common/ucnv_imp.h:28,
                 from platform/android/external/icu/icu4c/source/common/ucnv_lmb.c:36:
platform/android/external/icu/icu4c/source/common/ucnv_cnv.h:252:23: note: 'toUTF8' declared here
     UConverterConvert toUTF8;
                       ^
platform/android/external/icu/icu4c/source/common/ucnv_lmb.c:1372:1: warning: missing initializer for field 'mbcs' of 'UConverterSharedData' [-Wmissing-field-initializers]
 DECLARE_LMBCS_DATA(16)
 ^
In file included from platform/android/external/icu/icu4c/source/common/ucnv_imp.h:28:0,
                 from platform/android/external/icu/icu4c/source/common/ucnv_lmb.c:36:
platform/android/external/icu/icu4c/source/common/ucnv_bld.h:125:25: note: 'mbcs' declared here
     UConverterMBCSTable mbcs;
                         ^
platform/android/external/icu/icu4c/source/common/ucnv_lmb.c:1373:1: warning: missing initializer for field 'toUTF8' of 'UConverterImpl' [-Wmissing-field-initializers]
 DECLARE_LMBCS_DATA(17)
 ^
In file included from platform/android/external/icu/icu4c/source/common/ucnv_bld.h:27:0,
                 from platform/android/external/icu/icu4c/source/common/ucnv_imp.h:28,
                 from platform/android/external/icu/icu4c/source/common/ucnv_lmb.c:36:
platform/android/external/icu/icu4c/source/common/ucnv_cnv.h:252:23: note: 'toUTF8' declared here
     UConverterConvert toUTF8;
                       ^
platform/android/external/icu/icu4c/source/common/ucnv_lmb.c:1373:1: warning: missing initializer for field 'mbcs' of 'UConverterSharedData' [-Wmissing-field-initializers]
 DECLARE_LMBCS_DATA(17)
 ^
In file included from platform/android/external/icu/icu4c/source/common/ucnv_imp.h:28:0,
                 from platform/android/external/icu/icu4c/source/common/ucnv_lmb.c:36:
platform/android/external/icu/icu4c/source/common/ucnv_bld.h:125:25: note: 'mbcs' declared here
     UConverterMBCSTable mbcs;
                         ^
platform/android/external/icu/icu4c/source/common/ucnv_lmb.c:1374:1: warning: missing initializer for field 'toUTF8' of 'UConverterImpl' [-Wmissing-field-initializers]
 DECLARE_LMBCS_DATA(18)
 ^
In file included from platform/android/external/icu/icu4c/source/common/ucnv_bld.h:27:0,
                 from platform/android/external/icu/icu4c/source/common/ucnv_imp.h:28,
                 from platform/android/external/icu/icu4c/source/common/ucnv_lmb.c:36:
platform/android/external/icu/icu4c/source/common/ucnv_cnv.h:252:23: note: 'toUTF8' declared here
     UConverterConvert toUTF8;
                       ^
platform/android/external/icu/icu4c/source/common/ucnv_lmb.c:1374:1: warning: missing initializer for field 'mbcs' of 'UConverterSharedData' [-Wmissing-field-initializers]
 DECLARE_LMBCS_DATA(18)
 ^
In file included from platform/android/external/icu/icu4c/source/common/ucnv_imp.h:28:0,
                 from platform/android/external/icu/icu4c/source/common/ucnv_lmb.c:36:
platform/android/external/icu/icu4c/source/common/ucnv_bld.h:125:25: note: 'mbcs' declared here
     UConverterMBCSTable mbcs;
                         ^
platform/android/external/icu/icu4c/source/common/ucnv_lmb.c:1375:1: warning: missing initializer for field 'toUTF8' of 'UConverterImpl' [-Wmissing-field-initializers]
 DECLARE_LMBCS_DATA(19)
 ^
In file included from platform/android/external/icu/icu4c/source/common/ucnv_bld.h:27:0,
                 from platform/android/external/icu/icu4c/source/common/ucnv_imp.h:28,
                 from platform/android/external/icu/icu4c/source/common/ucnv_lmb.c:36:
platform/android/external/icu/icu4c/source/common/ucnv_cnv.h:252:23: note: 'toUTF8' declared here
     UConverterConvert toUTF8;
                       ^
platform/android/external/icu/icu4c/source/common/ucnv_lmb.c:1375:1: warning: missing initializer for field 'mbcs' of 'UConverterSharedData' [-Wmissing-field-initializers]
 DECLARE_LMBCS_DATA(19)
 ^
In file included from platform/android/external/icu/icu4c/source/common/ucnv_imp.h:28:0,
                 from platform/android/external/icu/icu4c/source/common/ucnv_lmb.c:36:
platform/android/external/icu/icu4c/source/common/ucnv_bld.h:125:25: note: 'mbcs' declared here
     UConverterMBCSTable mbcs;
                         ^
