In file included from component/appman/downloadmanager/downloader/oc/eventManager/workspace/src/../inc/montex_inc.h:2:0,
                 from component/appman/downloadmanager/downloader/oc/eventManager/workspace/src/montex_part02.c:3:
component/appman/downloadmanager/downloader/oc/includeExport/project/project_cfg.h:4:0: warning: ignoring #pragma warning  [-Wunknown-pragmas]
 #pragma warning(disable:4996 4819 4244 4267 4311 4312 4133)
 ^
In file included from component/appman/downloadmanager/downloader/oc/eventManager/workspace/src/../inc/montex_inc.h:16:0,
                 from component/appman/downloadmanager/downloader/oc/eventManager/workspace/src/montex_part02.c:3:
component/appman/downloadmanager/downloader/oc/eventManager/workspace/src/../inc/../../montex/bootstrap.c: In function 'event_manager_initialize':
component/appman/downloadmanager/downloader/oc/eventManager/workspace/src/../inc/../../montex/bootstrap.c:9:32: warning: unused parameter 'print' [-Wunused-parameter]
 event_manager_initialize(void* print, void* time, void* ini_option)
                                ^
component/appman/downloadmanager/downloader/oc/eventManager/workspace/src/../inc/../../montex/bootstrap.c:9:45: warning: unused parameter 'time' [-Wunused-parameter]
 event_manager_initialize(void* print, void* time, void* ini_option)
                                             ^
component/appman/downloadmanager/downloader/oc/eventManager/workspace/src/../inc/../../montex/bootstrap.c:9:57: warning: unused parameter 'ini_option' [-Wunused-parameter]
 event_manager_initialize(void* print, void* time, void* ini_option)
                                                         ^
In file included from component/appman/downloadmanager/downloader/oc/eventManager/workspace/src/../inc/../../montex/mb_event.c:3:0,
                 from component/appman/downloadmanager/downloader/oc/eventManager/workspace/src/../inc/montex_inc.h:17,
                 from component/appman/downloadmanager/downloader/oc/eventManager/workspace/src/montex_part02.c:3:
component/appman/downloadmanager/downloader/oc/eventManager/workspace/src/../inc/../../montex/mbs_event.c: In function 'mb_event_addListener':
component/appman/downloadmanager/downloader/oc/eventManager/workspace/src/../inc/../../montex/mbs_event.c:10:5: warning: missing braces around initializer [-Wmissing-braces]
     MaEvtAddListenerRet ret[1] = { 0 };
     ^
component/appman/downloadmanager/downloader/oc/eventManager/workspace/src/../inc/../../montex/mbs_event.c:10:5: warning: (near initialization for 'ret[0]') [-Wmissing-braces]
component/appman/downloadmanager/downloader/oc/eventManager/workspace/src/../inc/../../montex/mbs_event.c: In function 'mb_event_removeListener':
component/appman/downloadmanager/downloader/oc/eventManager/workspace/src/../inc/../../montex/mbs_event.c:31:5: warning: missing braces around initializer [-Wmissing-braces]
     MaEvtRemoveListenerRet ret[1] = { 0 };
     ^
component/appman/downloadmanager/downloader/oc/eventManager/workspace/src/../inc/../../montex/mbs_event.c:31:5: warning: (near initialization for 'ret[0]') [-Wmissing-braces]
component/appman/downloadmanager/downloader/oc/eventManager/workspace/src/../inc/../../montex/mbs_event.c: In function 'mb_event_addTimerTask':
component/appman/downloadmanager/downloader/oc/eventManager/workspace/src/../inc/../../montex/mbs_event.c:48:5: warning: missing braces around initializer [-Wmissing-braces]
     MaEvtAddTimerTaskArg arg[1] = { 0 };
     ^
component/appman/downloadmanager/downloader/oc/eventManager/workspace/src/../inc/../../montex/mbs_event.c:48:5: warning: (near initialization for 'arg[0]') [-Wmissing-braces]
component/appman/downloadmanager/downloader/oc/eventManager/workspace/src/../inc/../../montex/mbs_event.c:49:5: warning: missing braces around initializer [-Wmissing-braces]
     MaEvtAddTimerTaskRet ret[1] = { 0 };
     ^
component/appman/downloadmanager/downloader/oc/eventManager/workspace/src/../inc/../../montex/mbs_event.c:49:5: warning: (near initialization for 'ret[0]') [-Wmissing-braces]
component/appman/downloadmanager/downloader/oc/eventManager/workspace/src/../inc/../../montex/mbs_event.c: In function 'mb_event_removeTimerTask':
component/appman/downloadmanager/downloader/oc/eventManager/workspace/src/../inc/../../montex/mbs_event.c:67:5: warning: missing braces around initializer [-Wmissing-braces]
     MaEvtRemoveTimerTaskArg arg[1] = { 0 };
     ^
component/appman/downloadmanager/downloader/oc/eventManager/workspace/src/../inc/../../montex/mbs_event.c:67:5: warning: (near initialization for 'arg[0]') [-Wmissing-braces]
component/appman/downloadmanager/downloader/oc/eventManager/workspace/src/../inc/../../montex/mbs_event.c:68:5: warning: missing braces around initializer [-Wmissing-braces]
     MaEvtRemoveTimerTaskRet ret[1] = { 0 };
     ^
component/appman/downloadmanager/downloader/oc/eventManager/workspace/src/../inc/../../montex/mbs_event.c:68:5: warning: (near initialization for 'ret[0]') [-Wmissing-braces]
component/appman/downloadmanager/downloader/oc/eventManager/workspace/src/../inc/../../montex/mbs_event.c: In function 'mb_event_addKeyFilter':
component/appman/downloadmanager/downloader/oc/eventManager/workspace/src/../inc/../../montex/mbs_event.c:83:5: warning: missing braces around initializer [-Wmissing-braces]
     MaEvtAddKeyFilterArg arg[1] = { 0 };
     ^
component/appman/downloadmanager/downloader/oc/eventManager/workspace/src/../inc/../../montex/mbs_event.c:83:5: warning: (near initialization for 'arg[0]') [-Wmissing-braces]
component/appman/downloadmanager/downloader/oc/eventManager/workspace/src/../inc/../../montex/mbs_event.c:84:5: warning: missing braces around initializer [-Wmissing-braces]
     MaEvtAddKeyFilterRet ret[1] = { 0 };
     ^
component/appman/downloadmanager/downloader/oc/eventManager/workspace/src/../inc/../../montex/mbs_event.c:84:5: warning: (near initialization for 'ret[0]') [-Wmissing-braces]
component/appman/downloadmanager/downloader/oc/eventManager/workspace/src/../inc/../../montex/mbs_event.c: In function 'mb_event_removeKeyFilter':
component/appman/downloadmanager/downloader/oc/eventManager/workspace/src/../inc/../../montex/mbs_event.c:101:5: warning: missing braces around initializer [-Wmissing-braces]
     MaEvtRemoveKeyFilterArg arg[1] = { 0 };
     ^
component/appman/downloadmanager/downloader/oc/eventManager/workspace/src/../inc/../../montex/mbs_event.c:101:5: warning: (near initialization for 'arg[0]') [-Wmissing-braces]
component/appman/downloadmanager/downloader/oc/eventManager/workspace/src/../inc/../../montex/mbs_event.c:102:5: warning: missing braces around initializer [-Wmissing-braces]
     MaEvtRemoveKeyFilterRet ret[1] = { 0 };
     ^
component/appman/downloadmanager/downloader/oc/eventManager/workspace/src/../inc/../../montex/mbs_event.c:102:5: warning: (near initialization for 'ret[0]') [-Wmissing-braces]
component/appman/downloadmanager/downloader/oc/eventManager/workspace/src/../inc/../../montex/mbs_event.c: In function 'mb_event_restrictKeyInput':
component/appman/downloadmanager/downloader/oc/eventManager/workspace/src/../inc/../../montex/mbs_event.c:117:5: warning: missing braces around initializer [-Wmissing-braces]
     MaEvtRestrictArg arg[1] = { 0 };
     ^
component/appman/downloadmanager/downloader/oc/eventManager/workspace/src/../inc/../../montex/mbs_event.c:117:5: warning: (near initialization for 'arg[0]') [-Wmissing-braces]
component/appman/downloadmanager/downloader/oc/eventManager/workspace/src/../inc/../../montex/mbs_event.c:118:5: warning: missing braces around initializer [-Wmissing-braces]
     MaEvtRestrictRet ret[1] = { 0 };
     ^
component/appman/downloadmanager/downloader/oc/eventManager/workspace/src/../inc/../../montex/mbs_event.c:118:5: warning: (near initialization for 'ret[0]') [-Wmissing-braces]
component/appman/downloadmanager/downloader/oc/eventManager/workspace/src/../inc/../../montex/mbs_event.c: In function 'mb_event_routeMessage':
component/appman/downloadmanager/downloader/oc/eventManager/workspace/src/../inc/../../montex/mbs_event.c:155:45: warning: unused parameter 'pkt' [-Wunused-parameter]
 erro32 mb_event_routeMessage(McEventPacket* pkt)
                                             ^
component/appman/downloadmanager/downloader/oc/eventManager/workspace/src/../inc/../../montex/mbs_event.c: In function 'mb_event_getKeySource':
component/appman/downloadmanager/downloader/oc/eventManager/workspace/src/../inc/../../montex/mbs_event.c:162:5: warning: missing braces around initializer [-Wmissing-braces]
     MaEvtKeySourceArg arg[1] = {0};
     ^
component/appman/downloadmanager/downloader/oc/eventManager/workspace/src/../inc/../../montex/mbs_event.c:162:5: warning: (near initialization for 'arg[0]') [-Wmissing-braces]
component/appman/downloadmanager/downloader/oc/eventManager/workspace/src/../inc/../../montex/mbs_event.c:163:5: warning: missing braces around initializer [-Wmissing-braces]
     MaEvtKeySourceRet ret[1] = {0};
     ^
component/appman/downloadmanager/downloader/oc/eventManager/workspace/src/../inc/../../montex/mbs_event.c:163:5: warning: (near initialization for 'ret[0]') [-Wmissing-braces]
