platform/android/external/pdfium/core/src/fxcodec/jbig2/JBig2_Context.cpp: In member function 'FX_BOOL CJBig2_Context::parseTextRegion(CJBig2_Segment*)':
platform/android/external/pdfium/core/src/fxcodec/jbig2/JBig2_Context.cpp:1150:9: warning: 'cSBHUFFRSIZE' may be used uninitialized in this function [-Wmaybe-uninitialized]
         if(cSBHUFFRSIZE == 0) {
         ^
platform/android/external/pdfium/core/src/fxcodec/jbig2/JBig2_Context.cpp:1129:9: warning: 'cSBHUFFRDY' may be used uninitialized in this function [-Wmaybe-uninitialized]
         if(cSBHUFFRDY == 0) {
         ^
platform/android/external/pdfium/core/src/fxcodec/jbig2/JBig2_Context.cpp:1108:9: warning: 'cSBHUFFRDX' may be used uninitialized in this function [-Wmaybe-uninitialized]
         if(cSBHUFFRDX == 0) {
         ^
platform/android/external/pdfium/core/src/fxcodec/jbig2/JBig2_Context.cpp:1093:16: warning: 'cSBHUFFRDH' may be used uninitialized in this function [-Wmaybe-uninitialized]
         } else if(cSBHUFFRDH == 1) {
                ^
platform/android/external/pdfium/core/src/fxcodec/jbig2/JBig2_Context.cpp:1074:16: warning: 'cSBHUFFRDW' may be used uninitialized in this function [-Wmaybe-uninitialized]
         } else if(cSBHUFFRDW == 1) {
                ^
platform/android/external/pdfium/core/src/fxcodec/jbig2/JBig2_Context.cpp:1057:16: warning: 'cSBHUFFDT' may be used uninitialized in this function [-Wmaybe-uninitialized]
         } else if(cSBHUFFDT == 2) {
                ^
platform/android/external/pdfium/core/src/fxcodec/jbig2/JBig2_Context.cpp:1036:16: warning: 'cSBHUFFDS' may be used uninitialized in this function [-Wmaybe-uninitialized]
         } else if(cSBHUFFDS == 2) {
                ^
platform/android/external/pdfium/core/src/fxcodec/jbig2/JBig2_Context.cpp:1015:16: warning: 'cSBHUFFFS' may be used uninitialized in this function [-Wmaybe-uninitialized]
         } else if(cSBHUFFFS == 1) {
                ^
platform/android/external/pdfium/core/src/fxcodec/jbig2/JBig2_Context.cpp: In member function 'FX_INT32 CJBig2_Context::Continue(IFX_Pause*)':
platform/android/external/pdfium/core/src/fxcodec/jbig2/JBig2_Context.cpp:294:5: warning: 'nRet' may be used uninitialized in this function [-Wmaybe-uninitialized]
     if(nRet == JBIG2_SUCCESS) {
     ^
