component/OAM/agent/libneon/ne_socket.c:971:5: warning: no previous prototype for 'asyn_connect' [-Wmissing-prototypes]
 int asyn_connect(int sockfd, struct sockaddr *pServerAddr, socklen_t salen)
     ^
component/OAM/agent/libneon/ne_socket.c:1085:5: warning: no previous prototype for 'my_connect' [-Wmissing-prototypes]
 int my_connect(int sockfd, const struct sockaddr_in *saptr, socklen_t salen)
     ^
component/OAM/agent/libneon/ne_socket.c: In function 'my_connect':
component/OAM/agent/libneon/ne_socket.c:1088:5: warning: passing argument 2 of 'asyn_connect' from incompatible pointer type [enabled by default]
     return asyn_connect(sockfd, saptr, salen);
     ^
component/OAM/agent/libneon/ne_socket.c:971:5: note: expected 'struct sockaddr *' but argument is of type 'const struct sockaddr_in *'
 int asyn_connect(int sockfd, struct sockaddr *pServerAddr, socklen_t salen)
     ^
component/OAM/agent/libneon/ne_socket.c: In function 'raw_connect':
component/OAM/agent/libneon/ne_socket.c:1106:36: warning: passing argument 2 of 'my_connect' from incompatible pointer type [enabled by default]
      return my_connect(fd, (struct sockaddr *)&in6, sizeof in6);
                                    ^
component/OAM/agent/libneon/ne_socket.c:1085:5: note: expected 'const struct sockaddr_in *' but argument is of type 'struct sockaddr *'
 int my_connect(int sockfd, const struct sockaddr_in *saptr, socklen_t salen)
     ^
component/OAM/agent/libneon/ne_socket.c:1116:36: warning: passing argument 2 of 'my_connect' from incompatible pointer type [enabled by default]
      return my_connect(fd, (struct sockaddr *)&in, sizeof in);
                                    ^
component/OAM/agent/libneon/ne_socket.c:1085:5: note: expected 'const struct sockaddr_in *' but argument is of type 'struct sockaddr *'
 int my_connect(int sockfd, const struct sockaddr_in *saptr, socklen_t salen)
     ^
