In file included from component/appman/downloadmanager/downloader/oc/libsdk/workspace/src/../inc/sdk_stream_src.h:1:0,
                 from component/appman/downloadmanager/downloader/oc/libsdk/workspace/src/sdk_src3.c:1:
component/appman/downloadmanager/downloader/oc/includeExport/project/project_cfg.h:4:0: warning: ignoring #pragma warning  [-Wunknown-pragmas]
 #pragma warning(disable:4996 4819 4244 4267 4311 4312 4133)
 ^
In file included from component/appman/downloadmanager/downloader/oc/libsdk/workspace/src/../inc/sdk_stream_src.h:7:0,
                 from component/appman/downloadmanager/downloader/oc/libsdk/workspace/src/sdk_src3.c:1:
component/appman/downloadmanager/downloader/oc/libsdk/workspace/src/../inc/../../lib_stream/DataStream.c: In function 'DataStream_newDynamicStream':
component/appman/downloadmanager/downloader/oc/libsdk/workspace/src/../inc/../../lib_stream/DataStream.c:69:5: warning: missing braces around initializer [-Wmissing-braces]
     DataStream_newTemplateStart(DataStreamDynamic);
     ^
component/appman/downloadmanager/downloader/oc/libsdk/workspace/src/../inc/../../lib_stream/DataStream.c:69:5: warning: (near initialization for 'param[0]') [-Wmissing-braces]
component/appman/downloadmanager/downloader/oc/libsdk/workspace/src/../inc/../../lib_stream/DataStream.c: In function 'DataStream_new':
component/appman/downloadmanager/downloader/oc/libsdk/workspace/src/../inc/../../lib_stream/DataStream.c:74:32: warning: unused parameter 'chunk_size' [-Wunused-parameter]
 DataStream* DataStream_new(int chunk_size)
                                ^
component/appman/downloadmanager/downloader/oc/libsdk/workspace/src/../inc/../../lib_stream/DataStream.c: In function 'DataStream_new2':
component/appman/downloadmanager/downloader/oc/libsdk/workspace/src/../inc/../../lib_stream/DataStream.c:79:33: warning: unused parameter 'chunk_size' [-Wunused-parameter]
 DataStream* DataStream_new2(int chunk_size, int flags)
                                 ^
component/appman/downloadmanager/downloader/oc/libsdk/workspace/src/../inc/../../lib_stream/DataStream.c: In function 'DataStream_newBase64Stream':
component/appman/downloadmanager/downloader/oc/libsdk/workspace/src/../inc/../../lib_stream/DataStream.c:94:5: warning: missing braces around initializer [-Wmissing-braces]
     DataStream_newTemplateStart(DataStreamBase64);
     ^
component/appman/downloadmanager/downloader/oc/libsdk/workspace/src/../inc/../../lib_stream/DataStream.c:94:5: warning: (near initialization for 'param[0]') [-Wmissing-braces]
component/appman/downloadmanager/downloader/oc/libsdk/workspace/src/../inc/../../lib_stream/DataStream.c: In function 'DataStream_newBufferStream':
component/appman/downloadmanager/downloader/oc/libsdk/workspace/src/../inc/../../lib_stream/DataStream.c:101:5: warning: missing braces around initializer [-Wmissing-braces]
     DataStream_newTemplateStart(DataStreamBuffer);
     ^
component/appman/downloadmanager/downloader/oc/libsdk/workspace/src/../inc/../../lib_stream/DataStream.c:101:5: warning: (near initialization for 'param[0]') [-Wmissing-braces]
component/appman/downloadmanager/downloader/oc/libsdk/workspace/src/../inc/../../lib_stream/DataStream.c: In function 'DataStream_newCloneStream':
component/appman/downloadmanager/downloader/oc/libsdk/workspace/src/../inc/../../lib_stream/DataStream.c:109:5: warning: missing braces around initializer [-Wmissing-braces]
     DataStream_newTemplateStart(DataStreamClone);
     ^
component/appman/downloadmanager/downloader/oc/libsdk/workspace/src/../inc/../../lib_stream/DataStream.c:109:5: warning: (near initialization for 'param[0]') [-Wmissing-braces]
component/appman/downloadmanager/downloader/oc/libsdk/workspace/src/../inc/../../lib_stream/DataStream.c: In function 'DataStream_newInterfaceStream':
component/appman/downloadmanager/downloader/oc/libsdk/workspace/src/../inc/../../lib_stream/DataStream.c:116:5: warning: missing braces around initializer [-Wmissing-braces]
     DataStream_newTemplateStart(DataStreamInterface);
     ^
component/appman/downloadmanager/downloader/oc/libsdk/workspace/src/../inc/../../lib_stream/DataStream.c:116:5: warning: (near initialization for 'param[0]') [-Wmissing-braces]
component/appman/downloadmanager/downloader/oc/libsdk/workspace/src/../inc/../../lib_stream/DataStream.c: In function 'DataStream_turnToBufferStream':
component/appman/downloadmanager/downloader/oc/libsdk/workspace/src/../inc/../../lib_stream/DataStream.c:162:5: warning: missing braces around initializer [-Wmissing-braces]
     DataStreamBufferParam param[1] = {0};
     ^
component/appman/downloadmanager/downloader/oc/libsdk/workspace/src/../inc/../../lib_stream/DataStream.c:162:5: warning: (near initialization for 'param[0]') [-Wmissing-braces]
In file included from component/appman/downloadmanager/downloader/oc/libsdk/workspace/src/../inc/sdk_stream_src.h:9:0,
                 from component/appman/downloadmanager/downloader/oc/libsdk/workspace/src/sdk_src3.c:1:
component/appman/downloadmanager/downloader/oc/libsdk/workspace/src/../inc/../../lib_stream/datastreambase64.c: In function 'DataStreamBase64_write':
component/appman/downloadmanager/downloader/oc/libsdk/workspace/src/../inc/../../lib_stream/datastreambase64.c:133:53: warning: unused parameter 'me' [-Wunused-parameter]
 static int DataStreamBase64_write(DataStreamBase64* me, const char* buf, int len)
                                                     ^
component/appman/downloadmanager/downloader/oc/libsdk/workspace/src/../inc/../../lib_stream/datastreambase64.c:133:69: warning: unused parameter 'buf' [-Wunused-parameter]
 static int DataStreamBase64_write(DataStreamBase64* me, const char* buf, int len)
                                                                     ^
component/appman/downloadmanager/downloader/oc/libsdk/workspace/src/../inc/../../lib_stream/datastreambase64.c:133:78: warning: unused parameter 'len' [-Wunused-parameter]
 static int DataStreamBase64_write(DataStreamBase64* me, const char* buf, int len)
                                                                              ^
component/appman/downloadmanager/downloader/oc/libsdk/workspace/src/../inc/../../lib_stream/datastreambase64.c: In function 'DataStreamBase64_truncate':
component/appman/downloadmanager/downloader/oc/libsdk/workspace/src/../inc/../../lib_stream/datastreambase64.c:191:56: warning: unused parameter 'me' [-Wunused-parameter]
 static int DataStreamBase64_truncate(DataStreamBase64* me, int size)
                                                        ^
component/appman/downloadmanager/downloader/oc/libsdk/workspace/src/../inc/../../lib_stream/datastreambase64.c:191:64: warning: unused parameter 'size' [-Wunused-parameter]
 static int DataStreamBase64_truncate(DataStreamBase64* me, int size)
                                                                ^
component/appman/downloadmanager/downloader/oc/libsdk/workspace/src/../inc/../../lib_stream/datastreambase64.c: In function 'DataStreamBase64_removeData':
component/appman/downloadmanager/downloader/oc/libsdk/workspace/src/../inc/../../lib_stream/datastreambase64.c:198:58: warning: unused parameter 'me' [-Wunused-parameter]
 static int DataStreamBase64_removeData(DataStreamBase64* me, int size)
                                                          ^
component/appman/downloadmanager/downloader/oc/libsdk/workspace/src/../inc/../../lib_stream/datastreambase64.c:198:66: warning: unused parameter 'size' [-Wunused-parameter]
 static int DataStreamBase64_removeData(DataStreamBase64* me, int size)
                                                                  ^
component/appman/downloadmanager/downloader/oc/libsdk/workspace/src/../inc/../../lib_stream/datastreambase64.c: In function 'DataStreamBase64_readBuffer':
component/appman/downloadmanager/downloader/oc/libsdk/workspace/src/../inc/../../lib_stream/datastreambase64.c:205:58: warning: unused parameter 'me' [-Wunused-parameter]
 static int DataStreamBase64_readBuffer(DataStreamBase64* me, char** pbuf, int len)
                                                          ^
component/appman/downloadmanager/downloader/oc/libsdk/workspace/src/../inc/../../lib_stream/datastreambase64.c:205:69: warning: unused parameter 'pbuf' [-Wunused-parameter]
 static int DataStreamBase64_readBuffer(DataStreamBase64* me, char** pbuf, int len)
                                                                     ^
component/appman/downloadmanager/downloader/oc/libsdk/workspace/src/../inc/../../lib_stream/datastreambase64.c:205:79: warning: unused parameter 'len' [-Wunused-parameter]
 static int DataStreamBase64_readBuffer(DataStreamBase64* me, char** pbuf, int len)
                                                                               ^
In file included from component/appman/downloadmanager/downloader/oc/libsdk/workspace/src/../inc/sdk_stream_src.h:10:0,
                 from component/appman/downloadmanager/downloader/oc/libsdk/workspace/src/sdk_src3.c:1:
component/appman/downloadmanager/downloader/oc/libsdk/workspace/src/../inc/../../lib_stream/DataStreamBuffer.c: In function 'DataStreamBuffer_write':
component/appman/downloadmanager/downloader/oc/libsdk/workspace/src/../inc/../../lib_stream/DataStreamBuffer.c:101:53: warning: unused parameter 'me' [-Wunused-parameter]
 static int DataStreamBuffer_write(DataStreamBuffer* me, const char* buf, int len)
                                                     ^
component/appman/downloadmanager/downloader/oc/libsdk/workspace/src/../inc/../../lib_stream/DataStreamBuffer.c:101:69: warning: unused parameter 'buf' [-Wunused-parameter]
 static int DataStreamBuffer_write(DataStreamBuffer* me, const char* buf, int len)
                                                                     ^
component/appman/downloadmanager/downloader/oc/libsdk/workspace/src/../inc/../../lib_stream/DataStreamBuffer.c:101:78: warning: unused parameter 'len' [-Wunused-parameter]
 static int DataStreamBuffer_write(DataStreamBuffer* me, const char* buf, int len)
                                                                              ^
In file included from component/appman/downloadmanager/downloader/oc/libsdk/workspace/src/../inc/sdk_stream_src.h:11:0,
                 from component/appman/downloadmanager/downloader/oc/libsdk/workspace/src/sdk_src3.c:1:
component/appman/downloadmanager/downloader/oc/libsdk/workspace/src/../inc/../../lib_stream/DataStreamDynamic2.c: In function 'DataStreamDynamic_readBuffer':
component/appman/downloadmanager/downloader/oc/libsdk/workspace/src/../inc/../../lib_stream/DataStreamDynamic2.c:468:60: warning: unused parameter 'me' [-Wunused-parameter]
 static int DataStreamDynamic_readBuffer(DataStreamDynamic* me, char** pbuf, int len)
                                                            ^
component/appman/downloadmanager/downloader/oc/libsdk/workspace/src/../inc/../../lib_stream/DataStreamDynamic2.c:468:81: warning: unused parameter 'len' [-Wunused-parameter]
 static int DataStreamDynamic_readBuffer(DataStreamDynamic* me, char** pbuf, int len)
                                                                                 ^
In file included from component/appman/downloadmanager/downloader/oc/libsdk/workspace/src/../inc/sdk_stream_src.h:12:0,
                 from component/appman/downloadmanager/downloader/oc/libsdk/workspace/src/sdk_src3.c:1:
component/appman/downloadmanager/downloader/oc/libsdk/workspace/src/../inc/../../lib_stream/DataStreamClone.c: In function 'DataStreamClone_write':
component/appman/downloadmanager/downloader/oc/libsdk/workspace/src/../inc/../../lib_stream/DataStreamClone.c:83:51: warning: unused parameter 'me' [-Wunused-parameter]
 static int DataStreamClone_write(DataStreamClone* me, const char* buf, int len)
                                                   ^
component/appman/downloadmanager/downloader/oc/libsdk/workspace/src/../inc/../../lib_stream/DataStreamClone.c:83:67: warning: unused parameter 'buf' [-Wunused-parameter]
 static int DataStreamClone_write(DataStreamClone* me, const char* buf, int len)
                                                                   ^
component/appman/downloadmanager/downloader/oc/libsdk/workspace/src/../inc/../../lib_stream/DataStreamClone.c:83:76: warning: unused parameter 'len' [-Wunused-parameter]
 static int DataStreamClone_write(DataStreamClone* me, const char* buf, int len)
                                                                            ^
component/appman/downloadmanager/downloader/oc/libsdk/workspace/src/../inc/../../lib_stream/DataStreamClone.c: In function 'DataStreamClone_removeData':
component/appman/downloadmanager/downloader/oc/libsdk/workspace/src/../inc/../../lib_stream/DataStreamClone.c:107:56: warning: unused parameter 'me' [-Wunused-parameter]
 static int DataStreamClone_removeData(DataStreamClone* me, int size)
                                                        ^
component/appman/downloadmanager/downloader/oc/libsdk/workspace/src/../inc/../../lib_stream/DataStreamClone.c:107:64: warning: unused parameter 'size' [-Wunused-parameter]
 static int DataStreamClone_removeData(DataStreamClone* me, int size)
                                                                ^
In file included from component/appman/downloadmanager/downloader/oc/libsdk/workspace/src/../inc/sdk_stream_src.h:13:0,
                 from component/appman/downloadmanager/downloader/oc/libsdk/workspace/src/sdk_src3.c:1:
component/appman/downloadmanager/downloader/oc/libsdk/workspace/src/../inc/../../lib_stream/datastreaminterface.c: In function 'DataStreamInterface_removeData':
component/appman/downloadmanager/downloader/oc/libsdk/workspace/src/../inc/../../lib_stream/datastreaminterface.c:81:64: warning: unused parameter 'me' [-Wunused-parameter]
 static int DataStreamInterface_removeData(DataStreamInterface* me, int size)
                                                                ^
component/appman/downloadmanager/downloader/oc/libsdk/workspace/src/../inc/../../lib_stream/datastreaminterface.c:81:72: warning: unused parameter 'size' [-Wunused-parameter]
 static int DataStreamInterface_removeData(DataStreamInterface* me, int size)
                                                                        ^
component/appman/downloadmanager/downloader/oc/libsdk/workspace/src/../inc/../../lib_stream/datastreaminterface.c: In function 'DataStreamInterface_readBuffer':
component/appman/downloadmanager/downloader/oc/libsdk/workspace/src/../inc/../../lib_stream/datastreaminterface.c:88:64: warning: unused parameter 'me' [-Wunused-parameter]
 static int DataStreamInterface_readBuffer(DataStreamInterface* me, char** pbuf, int len)
                                                                ^
component/appman/downloadmanager/downloader/oc/libsdk/workspace/src/../inc/../../lib_stream/datastreaminterface.c:88:75: warning: unused parameter 'pbuf' [-Wunused-parameter]
 static int DataStreamInterface_readBuffer(DataStreamInterface* me, char** pbuf, int len)
                                                                           ^
component/appman/downloadmanager/downloader/oc/libsdk/workspace/src/../inc/../../lib_stream/datastreaminterface.c:88:85: warning: unused parameter 'len' [-Wunused-parameter]
 static int DataStreamInterface_readBuffer(DataStreamInterface* me, char** pbuf, int len)
                                                                                     ^
