platform/android/external/pdfium/core/src/fpdfapi/fpdf_parser/fpdf_parser_parser.cpp: In function 'FX_INT32 GetHeaderOffset(IFX_FileRead*)':
platform/android/external/pdfium/core/src/fpdfapi/fpdf_parser/fpdf_parser_parser.cpp:116:25: warning: dereferencing type-punned pointer will break strict-aliasing rules [-Wstrict-aliasing]
         if (*(FX_DWORD*)buf == tag) {
                         ^
platform/android/external/pdfium/core/src/fpdfapi/fpdf_parser/fpdf_parser_parser.cpp: In member function 'FX_BOOL CPDF_DataAvail::CheckAllCrossRefStream(IFX_DownloadHints*)':
platform/android/external/pdfium/core/src/fpdfapi/fpdf_parser/fpdf_parser_parser.cpp:3714:26: warning: comparison between signed and unsigned integer expressions [-Wsign-compare]
     } else if (dwRet == -1) {
                          ^
platform/android/external/pdfium/core/src/fpdfapi/fpdf_parser/fpdf_parser_parser.cpp: In member function 'CPDF_Object* CPDF_SyntaxParser::GetObject(CPDF_IndirectObjects*, FX_DWORD, FX_DWORD, FX_INT32, PARSE_CONTEXT*, FX_BOOL)':
platform/android/external/pdfium/core/src/fpdfapi/fpdf_parser/fpdf_parser_parser.cpp:2184:101: warning: offset outside bounds of constant string [enabled by default]
                     pDict->AddValue(CFX_ByteStringC(((FX_LPCSTR)key) + 1, key.GetLength() - 1), pObj);
                                                                                                     ^
platform/android/external/pdfium/core/src/fpdfapi/fpdf_parser/fpdf_parser_parser.cpp: In member function 'FX_BOOL CPDF_Parser::RebuildCrossRef()':
platform/android/external/pdfium/core/src/fpdfapi/fpdf_parser/fpdf_parser_parser.cpp:767:65: warning: 'start_pos' may be used uninitialized in this function [-Wmaybe-uninitialized]
                                 FX_FILESIZE obj_pos = start_pos - m_Syntax.m_HeaderOffset;
                                                                 ^
platform/android/external/pdfium/core/src/fpdfapi/fpdf_parser/fpdf_parser_parser.cpp:823:84: warning: 'gennum' may be used uninitialized in this function [-Wmaybe-uninitialized]
                                     m_ObjVersion.SetAtGrow(objnum, (FX_SHORT)gennum);
                                                                                    ^
platform/android/external/pdfium/core/src/fpdfapi/fpdf_parser/fpdf_parser_parser.cpp:774:130: warning: 'objnum' may be used uninitialized in this function [-Wmaybe-uninitialized]
                                 CPDF_Object *pObject = ParseIndirectObjectAtByStrict(m_pDocument, obj_pos, objnum, NULL, &obj_end);
                                                                                                                                  ^
