device/hisilicon/bigfish/HiSTBSDKV6R2/sample/tuner/sample_tuner_dvbt.c: In function 'set_pin_mux':
device/hisilicon/bigfish/HiSTBSDKV6R2/sample/tuner/sample_tuner_dvbt.c:249:41: warning: unused parameter 'stTunerAttr' [-Wunused-parameter]
 HI_VOID set_pin_mux(HI_UNF_TUNER_ATTR_S stTunerAttr)
                                         ^
device/hisilicon/bigfish/HiSTBSDKV6R2/sample/tuner/sample_tuner_dvbt.c: In function 'hi_tuner_getsignalinfo':
device/hisilicon/bigfish/HiSTBSDKV6R2/sample/tuner/sample_tuner_dvbt.c:1575:39: warning: unused parameter 'para' [-Wunused-parameter]
 HI_VOID hi_tuner_getsignalinfo(char * para)
                                       ^
device/hisilicon/bigfish/HiSTBSDKV6R2/sample/tuner/sample_tuner_dvbt.c: In function 'hi_tuner_sample_data':
device/hisilicon/bigfish/HiSTBSDKV6R2/sample/tuner/sample_tuner_dvbt.c:2326:27: warning: comparison between signed and unsigned integer expressions [-Wsign-compare]
             for (i = 0; i < u32Len; i++)
                           ^
device/hisilicon/bigfish/HiSTBSDKV6R2/sample/tuner/sample_tuner_dvbt.c:2370:27: warning: comparison between signed and unsigned integer expressions [-Wsign-compare]
             for (i = 0; i < u32Len; i++)
                           ^
device/hisilicon/bigfish/HiSTBSDKV6R2/sample/tuner/sample_tuner_dvbt.c: In function 'hi_tuner_diseqc_set':
device/hisilicon/bigfish/HiSTBSDKV6R2/sample/tuner/sample_tuner_dvbt.c:2670:36: warning: unused parameter 'u32TunerId' [-Wunused-parameter]
 HI_VOID hi_tuner_diseqc_set(HI_U32 u32TunerId, HI_UNF_TUNER_FE_POLARIZATION_E enPolar,
                                    ^
device/hisilicon/bigfish/HiSTBSDKV6R2/sample/tuner/sample_tuner_dvbt.c:2670:79: warning: unused parameter 'enPolar' [-Wunused-parameter]
 HI_VOID hi_tuner_diseqc_set(HI_U32 u32TunerId, HI_UNF_TUNER_FE_POLARIZATION_E enPolar,
                                                                               ^
device/hisilicon/bigfish/HiSTBSDKV6R2/sample/tuner/sample_tuner_dvbt.c:2671:87: warning: unused parameter 'enLNB22K' [-Wunused-parameter]
                                                             HI_UNF_TUNER_FE_LNB_22K_E enLNB22K)
                                                                                       ^
device/hisilicon/bigfish/HiSTBSDKV6R2/sample/tuner/sample_tuner_dvbt.c: In function 'hi_tuner_blindscan_notify':
device/hisilicon/bigfish/HiSTBSDKV6R2/sample/tuner/sample_tuner_dvbt.c:2715:23: warning: comparison between signed and unsigned integer expressions [-Wsign-compare]
         if(s_s32TPNum < sizeof(s_astTP) / sizeof(HI_UNF_TUNER_SAT_TPINFO_S))
                       ^
device/hisilicon/bigfish/HiSTBSDKV6R2/sample/tuner/sample_tuner_dvbt.c:2679:42: warning: unused parameter 'u32TunerId' [-Wunused-parameter]
 HI_VOID hi_tuner_blindscan_notify(HI_U32 u32TunerId, HI_UNF_TUNER_BLINDSCAN_EVT_E enEVT, HI_UNF_TUNER_BLINDSCAN_NOTIFY_U* punNotify)
                                          ^
device/hisilicon/bigfish/HiSTBSDKV6R2/sample/tuner/sample_tuner_dvbt.c: In function 'tcprcv':
device/hisilicon/bigfish/HiSTBSDKV6R2/sample/tuner/sample_tuner_dvbt.c:2898:21: warning: unused parameter 'arg' [-Wunused-parameter]
 void * tcprcv(void *arg)
                     ^
device/hisilicon/bigfish/HiSTBSDKV6R2/sample/tuner/sample_tuner_dvbt.c: In function 'main':
device/hisilicon/bigfish/HiSTBSDKV6R2/sample/tuner/sample_tuner_dvbt.c:2944:20: warning: unused parameter 'argc' [-Wunused-parameter]
 HI_S32 main(HI_S32 argc, char *argv[])
                    ^
device/hisilicon/bigfish/HiSTBSDKV6R2/sample/tuner/sample_tuner_dvbt.c:2944:32: warning: unused parameter 'argv' [-Wunused-parameter]
 HI_S32 main(HI_S32 argc, char *argv[])
                                ^
