component/OAM/midinterface/GetParamTimerProcess.c:19:1: warning: missing braces around initializer [-Wmissing-braces]
 Parameter g_Parameter = {0};
 ^
component/OAM/midinterface/GetParamTimerProcess.c:19:1: warning: (near initialization for 'g_Parameter.Manufacturer') [-Wmissing-braces]
component/OAM/midinterface/GetParamTimerProcess.c:19:1: warning: missing initializer for field 'ModelName' of 'Parameter' [-Wmissing-field-initializers]
In file included from component/OAM/midinterface/GetParamTimerProcess.c:1:0:
component/OAM/midinterface/GetParamTimerProcess.h:39:10: note: 'ModelName' declared here
     char ModelName[64];
          ^
component/OAM/midinterface/GetParamTimerProcess.c: In function 'GetAllParam':
component/OAM/midinterface/GetParamTimerProcess.c:243:5: warning: implicit declaration of function 'getUsbState' [-Wimplicit-function-declaration]
     getUsbState();
     ^
component/OAM/midinterface/GetParamTimerProcess.c:243:5: warning: nested extern declaration of 'getUsbState' [-Wnested-externs]
component/OAM/midinterface/GetParamTimerProcess.c:262:54: warning: dereferencing type-punned pointer might break strict-aliasing rules [-Wstrict-aliasing]
     if(-1 == my_asyn_connect(socketclientfd, (struct sockaddr *)&address, sizeof(struct sockaddr)))
                                                      ^
component/OAM/midinterface/GetParamTimerProcess.c:322:13: warning: 'return' with a value, in function returning void [enabled by default]
             return -1;
             ^
component/OAM/midinterface/GetParamTimerProcess.c:359:58: warning: dereferencing type-punned pointer might break strict-aliasing rules [-Wstrict-aliasing]
         if(-1 == my_asyn_connect(socketclientfd, (struct sockaddr *)&address, sizeof(struct sockaddr)))
                                                          ^
component/OAM/midinterface/GetParamTimerProcess.c: In function 'GetIPByServerIPAndPort':
component/OAM/midinterface/GetParamTimerProcess.c:788:5: warning: implicit declaration of function 'ne_uri_parse' [-Wimplicit-function-declaration]
     if (-1 == ne_uri_parse(Value, &uri))
     ^
component/OAM/midinterface/GetParamTimerProcess.c:788:5: warning: nested extern declaration of 'ne_uri_parse' [-Wnested-externs]
component/OAM/midinterface/GetParamTimerProcess.c:806:35: warning: dereferencing type-punned pointer might break strict-aliasing rules [-Wstrict-aliasing]
     ret = connect(mySock, (struct sockaddr*)&addrDest, sizeof(addrDest));
                                   ^
component/OAM/midinterface/GetParamTimerProcess.c:815:39: warning: dereferencing type-punned pointer might break strict-aliasing rules [-Wstrict-aliasing]
     ret = getsockname(mySock, (struct sockaddr*)&addrMy, &len);
                                       ^
component/OAM/midinterface/GetParamTimerProcess.c: In function 'GetDeviceInfoByIP':
component/OAM/midinterface/GetParamTimerProcess.c:836:12: warning: braces around scalar initializer [enabled by default]
     struct ifconf ifConf = {{0}};
            ^
component/OAM/midinterface/GetParamTimerProcess.c:836:12: warning: (near initialization for 'ifConf.ifc_len') [enabled by default]
component/OAM/midinterface/GetParamTimerProcess.c:896:48: warning: dereferencing type-punned pointer might break strict-aliasing rules [-Wstrict-aliasing]
                     (char *)inet_ntoa(((struct sockaddr_in *)&(bufifreq.ifr_netmask))->sin_addr));
                                                ^
component/OAM/midinterface/GetParamTimerProcess.c: In function 'netmanagerProcessInfo':
component/OAM/midinterface/GetParamTimerProcess.c:1089:13: warning: format '%s' expects argument of type 'char *', but argument 5 has type 'char (*)[10]' [-Wformat=]
             sscanf( buf, " %lu %lu %s %s %lu %s %s %s %s %[^\n ]",&pid,&pr,&cpuRate,&s,&thr,&vss,&rss,&pcy,&uid,name );
             ^
component/OAM/midinterface/GetParamTimerProcess.c:1089:13: warning: format '%s' expects argument of type 'char *', but argument 6 has type 'char (*)[10]' [-Wformat=]
component/OAM/midinterface/GetParamTimerProcess.c:1089:13: warning: format '%s' expects argument of type 'char *', but argument 8 has type 'char (*)[10]' [-Wformat=]
component/OAM/midinterface/GetParamTimerProcess.c:1089:13: warning: format '%s' expects argument of type 'char *', but argument 9 has type 'char (*)[10]' [-Wformat=]
component/OAM/midinterface/GetParamTimerProcess.c:1089:13: warning: format '%s' expects argument of type 'char *', but argument 10 has type 'char (*)[10]' [-Wformat=]
component/OAM/midinterface/GetParamTimerProcess.c:1089:13: warning: format '%s' expects argument of type 'char *', but argument 11 has type 'char (*)[10]' [-Wformat=]
component/OAM/midinterface/GetParamTimerProcess.c: In function 'netmanagerPriority':
component/OAM/midinterface/GetParamTimerProcess.c:1124:5: warning: format '%d' expects argument of type 'int', but argument 3 has type 'long unsigned int' [-Wformat=]
     sprintf( cmd, "/proc/%d/stat",pid);
     ^
component/OAM/midinterface/GetParamTimerProcess.c: At top level:
component/OAM/midinterface/GetParamTimerProcess.c:1311:6: warning: no previous prototype for 'getUsbState' [-Wmissing-prototypes]
 void getUsbState()
      ^
component/OAM/midinterface/GetParamTimerProcess.c:1311:6: warning: conflicting types for 'getUsbState' [enabled by default]
component/OAM/midinterface/GetParamTimerProcess.c:243:5: note: previous implicit declaration of 'getUsbState' was here
     getUsbState();
     ^
