component/dtv/service/src/dtv/epg/dtv_epg.c: In function 'DTV_EPG_GetPfExtendText':
component/dtv/service/src/dtv/epg/dtv_epg.c:195:153: warning: unused parameter 'rpi_TextBytes' [-Wunused-parameter]
 CH_RESULT_e DTV_EPG_GetPfExtendText(int ri_DeMux, int ri_Timeout, int ri_TsID, int ri_OrgNetId, int ri_ServiceID, int ri_EventID, int ri_Language, int *rpi_TextBytes, unsigned char *rpuc_Text)
                                                                                                                                                         ^
component/dtv/service/src/dtv/epg/dtv_epg.c: In function 'DTV_EPG_GetPresentInfoByName':
component/dtv/service/src/dtv/epg/dtv_epg.c:300:55: warning: unused parameter 'rui_Language' [-Wunused-parameter]
 CH_RESULT_e DTV_EPG_GetPresentInfoByName(unsigned int rui_Language, char* rpc_EventName, int * rpi_Numb, DTV_EPG_EventList_t **rppstru_EventList,  CHANGE_FUNCTION changfun)
                                                       ^
component/dtv/service/src/dtv/epg/dtv_epg.c: In function 'DTV_EPG_GetFollowInfoByName':
component/dtv/service/src/dtv/epg/dtv_epg.c:379:54: warning: unused parameter 'rui_Language' [-Wunused-parameter]
 CH_RESULT_e DTV_EPG_GetFollowInfoByName(unsigned int rui_Language, char* rpc_EventName, int * rpi_Numb, DTV_EPG_EventList_t **rppstru_EventList,  CHANGE_FUNCTION changfun)
                                                      ^
component/dtv/service/src/dtv/epg/dtv_epg.c: In function 'DTV_EPG_GetEventListByName':
component/dtv/service/src/dtv/epg/dtv_epg.c:451:53: warning: unused parameter 'rui_Language' [-Wunused-parameter]
 CH_RESULT_e DTV_EPG_GetEventListByName(unsigned int rui_Language, char* rpc_EventName, int * rpi_Numb, DTV_EPG_EventList_t **rppstru_EventList,  CHANGE_FUNCTION changfun)
                                                     ^
component/dtv/service/src/dtv/epg/dtv_epg.c: In function 'DTV_EPG_GetSchExtendText':
component/dtv/service/src/dtv/epg/dtv_epg.c:948:154: warning: unused parameter 'rpi_TextBytes' [-Wunused-parameter]
 CH_RESULT_e DTV_EPG_GetSchExtendText(int ri_DeMux, int ri_Timeout, int ri_TsID, int ri_OrgNetId, int ri_ServiceID, int ri_EventID, int ri_Language, int *rpi_TextBytes, unsigned char *rpuc_Text)
                                                                                                                                                          ^
