device/hisilicon/bigfish/external/dhcp/client/dhc6.c: In function 'do_init6':
device/hisilicon/bigfish/external/dhcp/client/dhc6.c:1856:15: warning: comparison between signed and unsigned integer expressions [-Wsign-compare]
  if (send_ret != ds.len) {
               ^
device/hisilicon/bigfish/external/dhcp/client/dhc6.c: In function 'do_info_request6':
device/hisilicon/bigfish/external/dhcp/client/dhc6.c:1911:15: warning: comparison between signed and unsigned integer expressions [-Wsign-compare]
  if (send_ret != ds.len) {
               ^
device/hisilicon/bigfish/external/dhcp/client/dhc6.c: In function 'do_confirm6':
device/hisilicon/bigfish/external/dhcp/client/dhc6.c:2000:15: warning: comparison between signed and unsigned integer expressions [-Wsign-compare]
  if (send_ret != ds.len) {
               ^
device/hisilicon/bigfish/external/dhcp/client/dhc6.c: In function 'do_release6':
device/hisilicon/bigfish/external/dhcp/client/dhc6.c:2112:15: warning: comparison between signed and unsigned integer expressions [-Wsign-compare]
  if (send_ret != ds.len) {
               ^
device/hisilicon/bigfish/external/dhcp/client/dhc6.c: In function 'dhc6_init_action':
device/hisilicon/bigfish/external/dhcp/client/dhc6.c:2319:13: warning: unused parameter 'code' [-Wunused-parameter]
    unsigned code)
             ^
device/hisilicon/bigfish/external/dhcp/client/dhc6.c: In function 'do_select6':
device/hisilicon/bigfish/external/dhcp/client/dhc6.c:3212:15: warning: comparison between signed and unsigned integer expressions [-Wsign-compare]
  if (send_ret != ds.len) {
               ^
device/hisilicon/bigfish/external/dhcp/client/dhc6.c: In function 'bound_handler':
device/hisilicon/bigfish/external/dhcp/client/dhc6.c:4351:30: warning: unused parameter 'packet' [-Wunused-parameter]
 bound_handler(struct packet *packet, struct client_state *client)
                              ^
device/hisilicon/bigfish/external/dhcp/client/dhc6.c:4351:59: warning: unused parameter 'client' [-Wunused-parameter]
 bound_handler(struct packet *packet, struct client_state *client)
                                                           ^
device/hisilicon/bigfish/external/dhcp/client/dhc6.c: In function 'do_refresh6':
device/hisilicon/bigfish/external/dhcp/client/dhc6.c:4529:15: warning: comparison between signed and unsigned integer expressions [-Wsign-compare]
  if (send_ret != ds.len) {
               ^
device/hisilicon/bigfish/external/dhcp/client/dhc6.c: In function 'do_depref':
device/hisilicon/bigfish/external/dhcp/client/dhc6.c:4606:44: warning: comparison between signed and unsigned integer expressions [-Wsign-compare]
    if (addr->starts + addr->preferred_life <= cur_time) {
                                            ^
device/hisilicon/bigfish/external/dhcp/client/dhc6.c: In function 'do_expire':
device/hisilicon/bigfish/external/dhcp/client/dhc6.c:4660:38: warning: comparison between signed and unsigned integer expressions [-Wsign-compare]
    if (addr->starts + addr->max_life <= cur_time) {
                                      ^
device/hisilicon/bigfish/external/dhcp/client/dhc6.c: In function 'dhc6_check_irt':
device/hisilicon/bigfish/external/dhcp/client/dhc6.c:4806:15: warning: comparison between signed and unsigned integer expressions [-Wsign-compare]
    if (expire == 0xffffffff)
               ^
device/hisilicon/bigfish/external/dhcp/client/dhc6.c: In function 'informed_handler':
device/hisilicon/bigfish/external/dhcp/client/dhc6.c:4856:33: warning: unused parameter 'packet' [-Wunused-parameter]
 informed_handler(struct packet *packet, struct client_state *client)
                                 ^
device/hisilicon/bigfish/external/dhcp/client/dhc6.c:4856:62: warning: unused parameter 'client' [-Wunused-parameter]
 informed_handler(struct packet *packet, struct client_state *client)
                                                              ^
