In file included from component/appman/downloadmanager/downloader/oc/eventManager/workspace/src/../inc/matrix_inc.h:2:0,
                 from component/appman/downloadmanager/downloader/oc/eventManager/workspace/src/matrix_part01.c:3:
component/appman/downloadmanager/downloader/oc/includeExport/project/project_cfg.h:4:0: warning: ignoring #pragma warning  [-Wunknown-pragmas]
 #pragma warning(disable:4996 4819 4244 4267 4311 4312 4133)
 ^
In file included from component/appman/downloadmanager/downloader/oc/eventManager/workspace/src/../inc/matrix_inc.h:7:0,
                 from component/appman/downloadmanager/downloader/oc/eventManager/workspace/src/matrix_part01.c:3:
component/appman/downloadmanager/downloader/oc/eventManager/workspace/src/../inc/../../matrix/icls_event.c: In function 'icls_event_getKeySource':
component/appman/downloadmanager/downloader/oc/eventManager/workspace/src/../inc/../../matrix/icls_event.c:85:42: warning: unused parameter 'processId' [-Wunused-parameter]
 static void icls_event_getKeySource(ui32 processId, MaEvtKeySourceArg* a, ui32 alen, MaEvtKeySourceRet* r, ui32 rlen)
                                          ^
component/appman/downloadmanager/downloader/oc/eventManager/workspace/src/../inc/../../matrix/icls_event.c: In function 'icls_event_restrictKeyInput':
component/appman/downloadmanager/downloader/oc/eventManager/workspace/src/../inc/../../matrix/icls_event.c:98:46: warning: unused parameter 'processId' [-Wunused-parameter]
 static void icls_event_restrictKeyInput(ui32 processId, MaEvtRestrictArg* a, ui32 alen, MaEvtRestrictRet* r, ui32 rlen)
                                              ^
component/appman/downloadmanager/downloader/oc/eventManager/workspace/src/../inc/../../matrix/icls_event.c: In function 'icls_event_addTimerTask':
component/appman/downloadmanager/downloader/oc/eventManager/workspace/src/../inc/../../matrix/icls_event.c:124:5: warning: suggest parentheses around assignment used as truth value [-Wparentheses]
     if (r->e = MERR_NONE) {
     ^
component/appman/downloadmanager/downloader/oc/eventManager/workspace/src/../inc/../../matrix/icls_event.c: In function 'icls_event_disposeHandle':
component/appman/downloadmanager/downloader/oc/eventManager/workspace/src/../inc/../../matrix/icls_event.c:272:43: warning: unused parameter 'processId' [-Wunused-parameter]
 static void icls_event_disposeHandle(ui32 processId, ui32 handlerId)
                                           ^
component/appman/downloadmanager/downloader/oc/eventManager/workspace/src/../inc/../../matrix/icls_event.c:272:59: warning: unused parameter 'handlerId' [-Wunused-parameter]
 static void icls_event_disposeHandle(ui32 processId, ui32 handlerId)
                                                           ^
component/appman/downloadmanager/downloader/oc/eventManager/workspace/src/../inc/../../matrix/icls_event.c: In function 'icls_event_disposeProcess':
component/appman/downloadmanager/downloader/oc/eventManager/workspace/src/../inc/../../matrix/icls_event.c:277:46: warning: unused parameter 'processId' [-Wunused-parameter]
 static void   icls_event_disposeProcess(ui32 processId)
                                              ^
