platform/android/external/ppp/pppd/upap.c:64:7: warning: missing initializer for field 'addr2' of 'option_t' [-Wmissing-field-initializers]
       "Don't output passwords to log", OPT_PRIO | 1 },
       ^
In file included from platform/android/external/ppp/pppd/upap.c:52:0:
platform/android/external/ppp/pppd/pppd.h:112:8: note: 'addr2' declared here
  void *addr2;
        ^
platform/android/external/ppp/pppd/upap.c:66:7: warning: missing initializer for field 'addr2' of 'option_t' [-Wmissing-field-initializers]
       "Show password string in debug log messages", OPT_PRIOSUB | 0 },
       ^
In file included from platform/android/external/ppp/pppd/upap.c:52:0:
platform/android/external/ppp/pppd/pppd.h:112:8: note: 'addr2' declared here
  void *addr2;
        ^
platform/android/external/ppp/pppd/upap.c:69:7: warning: missing initializer for field 'addr2' of 'option_t' [-Wmissing-field-initializers]
       "Set retransmit timeout for PAP", OPT_PRIO },
       ^
In file included from platform/android/external/ppp/pppd/upap.c:52:0:
platform/android/external/ppp/pppd/pppd.h:112:8: note: 'addr2' declared here
  void *addr2;
        ^
platform/android/external/ppp/pppd/upap.c:71:7: warning: missing initializer for field 'addr2' of 'option_t' [-Wmissing-field-initializers]
       "Set max number of transmissions for auth-reqs", OPT_PRIO },
       ^
In file included from platform/android/external/ppp/pppd/upap.c:52:0:
platform/android/external/ppp/pppd/pppd.h:112:8: note: 'addr2' declared here
  void *addr2;
        ^
platform/android/external/ppp/pppd/upap.c:73:7: warning: missing initializer for field 'addr2' of 'option_t' [-Wmissing-field-initializers]
       "Set time limit for peer PAP authentication", OPT_PRIO },
       ^
In file included from platform/android/external/ppp/pppd/upap.c:52:0:
platform/android/external/ppp/pppd/pppd.h:112:8: note: 'addr2' declared here
  void *addr2;
        ^
platform/android/external/ppp/pppd/upap.c: In function 'upap_rauthack':
platform/android/external/ppp/pppd/upap.c:472:9: warning: unused parameter 'id' [-Wunused-parameter]
     int id;
         ^
platform/android/external/ppp/pppd/upap.c: In function 'upap_rauthnak':
platform/android/external/ppp/pppd/upap.c:513:9: warning: unused parameter 'id' [-Wunused-parameter]
     int id;
         ^
platform/android/external/ppp/pppd/upap.c: In function 'upap_printpkt':
platform/android/external/ppp/pppd/upap.c:633:27: warning: comparison between signed and unsigned integer expressions [-Wsign-compare]
     if (code >= 1 && code <= sizeof(upap_codenames) / sizeof(char *))
                           ^
