device/hisilicon/bigfish/frameworks/hinetshare/jni/sambaServer.cpp:227:13: warning: unused parameter 'sig' [-Wunused-parameter]
 static void alarm_func(int sig)
             ^
device/hisilicon/bigfish/frameworks/hinetshare/jni/sambaServer.cpp: In member function 'int SambaServer::set_share_property(SambaServer::Share_Parameter*)':
device/hisilicon/bigfish/frameworks/hinetshare/jni/sambaServer.cpp:485:9: warning: suggest braces around empty body in an 'if' statement [-Wempty-body]
         ;
         ^
device/hisilicon/bigfish/frameworks/hinetshare/jni/sambaServer.cpp:493:16: warning: converting to non-pointer type 'int' from NULL [-Wconversion-null]
         return NULL;
                ^
device/hisilicon/bigfish/frameworks/hinetshare/jni/sambaServer.cpp: In member function 'int SambaServer::get_share_parameter(const char*)':
device/hisilicon/bigfish/frameworks/hinetshare/jni/sambaServer.cpp:645:16: warning: converting to non-pointer type 'int' from NULL [-Wconversion-null]
         return NULL;
                ^
device/hisilicon/bigfish/frameworks/hinetshare/jni/sambaServer.cpp:655:16: warning: converting to non-pointer type 'int' from NULL [-Wconversion-null]
         return NULL;
                ^
device/hisilicon/bigfish/frameworks/hinetshare/jni/sambaServer.cpp: At global scope:
device/hisilicon/bigfish/frameworks/hinetshare/jni/sambaServer.cpp:726:5: warning: unused parameter 'head' [-Wunused-parameter]
 int SambaServer::get_config_model(const char *head)
     ^
device/hisilicon/bigfish/frameworks/hinetshare/jni/sambaServer.cpp: In member function 'int SambaServer::get_sambaStatus()':
device/hisilicon/bigfish/frameworks/hinetshare/jni/sambaServer.cpp:932:37: warning: deprecated conversion from string constant to 'char*' [-Wwrite-strings]
     smbdID = find_pid_by_name("smbd");
                                     ^
device/hisilicon/bigfish/frameworks/hinetshare/jni/sambaServer.cpp:933:37: warning: deprecated conversion from string constant to 'char*' [-Wwrite-strings]
     nmbdID = find_pid_by_name("nmbd");
                                     ^
device/hisilicon/bigfish/frameworks/hinetshare/jni/sambaServer.cpp: At global scope:
device/hisilicon/bigfish/frameworks/hinetshare/jni/sambaServer.cpp:966:24: warning: unused parameter 'env' [-Wunused-parameter]
 JNIEXPORT jint JNICALL Java_com_hisilicon_android_NativeSamba_startSambaServer
                        ^
device/hisilicon/bigfish/frameworks/hinetshare/jni/sambaServer.cpp:966:24: warning: unused parameter 'obj' [-Wunused-parameter]
device/hisilicon/bigfish/frameworks/hinetshare/jni/sambaServer.cpp:975:24: warning: unused parameter 'env' [-Wunused-parameter]
 JNIEXPORT jint JNICALL Java_com_hisilicon_android_NativeSamba_stopSambaServer
                        ^
device/hisilicon/bigfish/frameworks/hinetshare/jni/sambaServer.cpp:975:24: warning: unused parameter 'obj' [-Wunused-parameter]
device/hisilicon/bigfish/frameworks/hinetshare/jni/sambaServer.cpp:983:24: warning: unused parameter 'obj' [-Wunused-parameter]
 JNIEXPORT jint JNICALL Java_com_hisilicon_android_NativeSamba_setUser
                        ^
device/hisilicon/bigfish/frameworks/hinetshare/jni/sambaServer.cpp:993:24: warning: unused parameter 'obj' [-Wunused-parameter]
 JNIEXPORT jint JNICALL Java_com_hisilicon_android_NativeSamba_setPasswd
                        ^
device/hisilicon/bigfish/frameworks/hinetshare/jni/sambaServer.cpp:1003:24: warning: unused parameter 'obj' [-Wunused-parameter]
 JNIEXPORT jint JNICALL Java_com_hisilicon_android_NativeSamba_setGlobal
                        ^
device/hisilicon/bigfish/frameworks/hinetshare/jni/sambaServer.cpp:1016:24: warning: unused parameter 'obj' [-Wunused-parameter]
 JNIEXPORT jint JNICALL Java_com_hisilicon_android_NativeSamba_addProperty
                        ^
device/hisilicon/bigfish/frameworks/hinetshare/jni/sambaServer.cpp:1043:24: warning: unused parameter 'obj' [-Wunused-parameter]
 JNIEXPORT jint JNICALL Java_com_hisilicon_android_NativeSamba_editShare
                        ^
device/hisilicon/bigfish/frameworks/hinetshare/jni/sambaServer.cpp:1071:24: warning: unused parameter 'obl' [-Wunused-parameter]
 JNIEXPORT jint JNICALL Java_com_hisilicon_android_NativeSamba_deleteShare
                        ^
device/hisilicon/bigfish/frameworks/hinetshare/jni/sambaServer.cpp: In function '_jstring* Java_com_hisilicon_android_NativeSamba_getProperty(JNIEnv*, jobject)':
device/hisilicon/bigfish/frameworks/hinetshare/jni/sambaServer.cpp:1088:72: warning: comparison between signed and unsigned integer expressions [-Wsign-compare]
         for(int i = 0; i < SambaServer::getInstance()->share_head.size(); i++)
                                                                        ^
device/hisilicon/bigfish/frameworks/hinetshare/jni/sambaServer.cpp: At global scope:
device/hisilicon/bigfish/frameworks/hinetshare/jni/sambaServer.cpp:1082:27: warning: unused parameter 'obj' [-Wunused-parameter]
 JNIEXPORT jstring JNICALL Java_com_hisilicon_android_NativeSamba_getProperty
                           ^
device/hisilicon/bigfish/frameworks/hinetshare/jni/sambaServer.cpp: In function '_jstring* Java_com_hisilicon_android_NativeSamba_getParameter(JNIEnv*, jobject, jstring)':
device/hisilicon/bigfish/frameworks/hinetshare/jni/sambaServer.cpp:1114:69: warning: comparison between signed and unsigned integer expressions [-Wsign-compare]
         for(int i = 0; i < SambaServer::getInstance()->listStr.size(); i++)
                                                                     ^
device/hisilicon/bigfish/frameworks/hinetshare/jni/sambaServer.cpp: At global scope:
device/hisilicon/bigfish/frameworks/hinetshare/jni/sambaServer.cpp:1105:27: warning: unused parameter 'obj' [-Wunused-parameter]
 JNIEXPORT jstring JNICALL Java_com_hisilicon_android_NativeSamba_getParameter
                           ^
device/hisilicon/bigfish/frameworks/hinetshare/jni/sambaServer.cpp:1136:24: warning: unused parameter 'env' [-Wunused-parameter]
 JNIEXPORT jint JNICALL Java_com_hisilicon_android_NativeSamba_getSambaProcessState
                        ^
device/hisilicon/bigfish/frameworks/hinetshare/jni/sambaServer.cpp:1136:24: warning: unused parameter 'jobj' [-Wunused-parameter]
device/hisilicon/bigfish/frameworks/hinetshare/jni/sambaServer.cpp:1178:6: warning: unused parameter 'reserved' [-Wunused-parameter]
 jint JNI_OnLoad(JavaVM* vm, void* reserved) {
      ^
