device/hisilicon/bigfish/frameworks/hisysmanager/jni/com_hisilicon_android_hisysmanagerservice_common.cpp:32:13: warning: unused parameter 'clazz' [-Wunused-parameter]
 static jint com_hisilicon_android_hisysmanager_HiSysManager_upgrade(JNIEnv *env, jobject clazz, jstring path)
             ^
device/hisilicon/bigfish/frameworks/hisysmanager/jni/com_hisilicon_android_hisysmanagerservice_common.cpp:48:13: warning: unused parameter 'env' [-Wunused-parameter]
 static jint com_hisilicon_android_hisysmanager_HiSysManager_reset(JNIEnv *env, jobject clazz){
             ^
device/hisilicon/bigfish/frameworks/hisysmanager/jni/com_hisilicon_android_hisysmanagerservice_common.cpp:48:13: warning: unused parameter 'clazz' [-Wunused-parameter]
device/hisilicon/bigfish/frameworks/hisysmanager/jni/com_hisilicon_android_hisysmanagerservice_common.cpp:51:13: warning: unused parameter 'clazz' [-Wunused-parameter]
 static jint com_hisilicon_android_hisysmanager_HiSysManager_updateCAFile(JNIEnv *env, jobject clazz, jstring path1,jstring path2){
             ^
device/hisilicon/bigfish/frameworks/hisysmanager/jni/com_hisilicon_android_hisysmanagerservice_common.cpp:60:13: warning: unused parameter 'env' [-Wunused-parameter]
 static jint com_hisilicon_android_hisysmanager_HiSysManager_enterSmartStandby(JNIEnv *env, jobject clazz, jint mask){
             ^
device/hisilicon/bigfish/frameworks/hisysmanager/jni/com_hisilicon_android_hisysmanagerservice_common.cpp:60:13: warning: unused parameter 'clazz' [-Wunused-parameter]
device/hisilicon/bigfish/frameworks/hisysmanager/jni/com_hisilicon_android_hisysmanagerservice_common.cpp:63:13: warning: unused parameter 'env' [-Wunused-parameter]
 static jint com_hisilicon_android_hisysmanager_HiSysManager_quitSmartStandby(JNIEnv *env, jobject clazz){
             ^
device/hisilicon/bigfish/frameworks/hisysmanager/jni/com_hisilicon_android_hisysmanagerservice_common.cpp:63:13: warning: unused parameter 'clazz' [-Wunused-parameter]
device/hisilicon/bigfish/frameworks/hisysmanager/jni/com_hisilicon_android_hisysmanagerservice_common.cpp:66:13: warning: unused parameter 'clazz' [-Wunused-parameter]
 static jint com_hisilicon_android_hisysmanager_HiSysManager_setFlashInfo(JNIEnv *env, jobject clazz, jstring warpflag,jint offset,jint offlen, jstring info){
             ^
device/hisilicon/bigfish/frameworks/hisysmanager/jni/com_hisilicon_android_hisysmanagerservice_common.cpp:75:13: warning: unused parameter 'clazz' [-Wunused-parameter]
 static jint com_hisilicon_android_hisysmanager_HiSysManager_getFlashInfo(JNIEnv *env, jobject clazz, jstring warpflag,jint offset,jint offlen){
             ^
device/hisilicon/bigfish/frameworks/hisysmanager/jni/com_hisilicon_android_hisysmanagerservice_common.cpp:81:13: warning: unused parameter 'clazz' [-Wunused-parameter]
 static jint com_hisilicon_android_hisysmanager_HiSysManager_enableInterface(JNIEnv *env, jobject clazz, jstring interfacename){
             ^
device/hisilicon/bigfish/frameworks/hisysmanager/jni/com_hisilicon_android_hisysmanagerservice_common.cpp:87:13: warning: unused parameter 'clazz' [-Wunused-parameter]
 static jint com_hisilicon_android_hisysmanager_HiSysManager_disableInterface(JNIEnv *env, jobject clazz, jstring interfacename){
             ^
device/hisilicon/bigfish/frameworks/hisysmanager/jni/com_hisilicon_android_hisysmanagerservice_common.cpp:93:13: warning: unused parameter 'clazz' [-Wunused-parameter]
 static jint com_hisilicon_android_hisysmanager_HiSysManager_addRoute(JNIEnv *env, jobject clazz, jstring interfacename,jstring dst,jint lenth,jstring gw){
             ^
device/hisilicon/bigfish/frameworks/hisysmanager/jni/com_hisilicon_android_hisysmanagerservice_common.cpp:105:13: warning: unused parameter 'clazz' [-Wunused-parameter]
 static jint com_hisilicon_android_hisysmanager_HiSysManager_removeRoute(JNIEnv *env, jobject clazz, jstring interfacename,jstring dst,jint lenth,jstring gw){
             ^
device/hisilicon/bigfish/frameworks/hisysmanager/jni/com_hisilicon_android_hisysmanagerservice_common.cpp:117:13: warning: unused parameter 'clazz' [-Wunused-parameter]
 static jint com_hisilicon_android_hisysmanager_HiSysManager_setDefaultRoute(JNIEnv *env, jobject clazz, jstring interfacename, jint gw){
             ^
device/hisilicon/bigfish/frameworks/hisysmanager/jni/com_hisilicon_android_hisysmanagerservice_common.cpp:123:13: warning: unused parameter 'clazz' [-Wunused-parameter]
 static jint com_hisilicon_android_hisysmanager_HiSysManager_removeDefaultRoute(JNIEnv *env, jobject clazz,jstring interfacename){
             ^
device/hisilicon/bigfish/frameworks/hisysmanager/jni/com_hisilicon_android_hisysmanagerservice_common.cpp:130:13: warning: unused parameter 'clazz' [-Wunused-parameter]
 static jint com_hisilicon_android_hisysmanager_HiSysManager_removeNetRoute(JNIEnv *env, jobject clazz,jstring interfacename){
             ^
device/hisilicon/bigfish/frameworks/hisysmanager/jni/com_hisilicon_android_hisysmanagerservice_common.cpp:136:13: warning: unused parameter 'clazz' [-Wunused-parameter]
 static jint com_hisilicon_android_hisysmanager_HiSysManager_setHdmiHDCPKey(JNIEnv *env, jobject clazz,jstring tdname,jint offset,jstring filename,jint datasize){
             ^
device/hisilicon/bigfish/frameworks/hisysmanager/jni/com_hisilicon_android_hisysmanagerservice_common.cpp:145:13: warning: unused parameter 'clazz' [-Wunused-parameter]
 static jint com_hisilicon_android_hisysmanager_HiSysManager_getHdmiHDCPKey(JNIEnv *env, jobject clazz,jstring tdname,jint offset,jstring filename,jint datasize){
             ^
device/hisilicon/bigfish/frameworks/hisysmanager/jni/com_hisilicon_android_hisysmanagerservice_common.cpp:154:13: warning: unused parameter 'clazz' [-Wunused-parameter]
 static jint com_hisilicon_android_hisysmanager_HiSysManager_setHDCPKey(JNIEnv *env, jobject clazz,jstring tdname,jint offset,jstring filename,jint datasize){
             ^
device/hisilicon/bigfish/frameworks/hisysmanager/jni/com_hisilicon_android_hisysmanagerservice_common.cpp:163:13: warning: unused parameter 'clazz' [-Wunused-parameter]
 static jint com_hisilicon_android_hisysmanager_HiSysManager_getHDCPKey(JNIEnv *env, jobject clazz,jstring tdname,jint offset,jstring filename,jint datasize){
             ^
device/hisilicon/bigfish/frameworks/hisysmanager/jni/com_hisilicon_android_hisysmanagerservice_common.cpp:172:13: warning: unused parameter 'env' [-Wunused-parameter]
 static jint com_hisilicon_android_hisysmanager_HiSysManager_reboot(JNIEnv *env, jobject clazz){
             ^
device/hisilicon/bigfish/frameworks/hisysmanager/jni/com_hisilicon_android_hisysmanagerservice_common.cpp:172:13: warning: unused parameter 'clazz' [-Wunused-parameter]
device/hisilicon/bigfish/frameworks/hisysmanager/jni/com_hisilicon_android_hisysmanagerservice_common.cpp:176:13: warning: unused parameter 'env' [-Wunused-parameter]
 static jint com_hisilicon_android_hisysmanager_HiSysManager_syncData(JNIEnv *env, jobject clazz){
             ^
device/hisilicon/bigfish/frameworks/hisysmanager/jni/com_hisilicon_android_hisysmanagerservice_common.cpp:176:13: warning: unused parameter 'clazz' [-Wunused-parameter]
device/hisilicon/bigfish/frameworks/hisysmanager/jni/com_hisilicon_android_hisysmanagerservice_common.cpp:180:13: warning: unused parameter 'env' [-Wunused-parameter]
 static jint com_hisilicon_android_hisysmanager_HiSysManager_doQbSnap(JNIEnv *env, jobject clazz){
             ^
device/hisilicon/bigfish/frameworks/hisysmanager/jni/com_hisilicon_android_hisysmanagerservice_common.cpp:180:13: warning: unused parameter 'clazz' [-Wunused-parameter]
device/hisilicon/bigfish/frameworks/hisysmanager/jni/com_hisilicon_android_hisysmanagerservice_common.cpp:183:13: warning: unused parameter 'env' [-Wunused-parameter]
 static jint com_hisilicon_android_hisysmanager_HiSysManager_doQbPrepare(JNIEnv *env, jobject clazz){
             ^
device/hisilicon/bigfish/frameworks/hisysmanager/jni/com_hisilicon_android_hisysmanagerservice_common.cpp:183:13: warning: unused parameter 'clazz' [-Wunused-parameter]
device/hisilicon/bigfish/frameworks/hisysmanager/jni/com_hisilicon_android_hisysmanagerservice_common.cpp:186:13: warning: unused parameter 'env' [-Wunused-parameter]
 static jint com_hisilicon_android_hisysmanager_HiSysManager_cleanQbFlag(JNIEnv *env, jobject clazz){
             ^
device/hisilicon/bigfish/frameworks/hisysmanager/jni/com_hisilicon_android_hisysmanagerservice_common.cpp:186:13: warning: unused parameter 'clazz' [-Wunused-parameter]
device/hisilicon/bigfish/frameworks/hisysmanager/jni/com_hisilicon_android_hisysmanagerservice_common.cpp:189:13: warning: unused parameter 'env' [-Wunused-parameter]
 static jint com_hisilicon_android_hisysmanager_HiSysManager_doInitSh(JNIEnv *env, jobject clazz,jint type){
             ^
device/hisilicon/bigfish/frameworks/hisysmanager/jni/com_hisilicon_android_hisysmanagerservice_common.cpp:189:13: warning: unused parameter 'clazz' [-Wunused-parameter]
device/hisilicon/bigfish/frameworks/hisysmanager/jni/com_hisilicon_android_hisysmanagerservice_common.cpp:192:13: warning: unused parameter 'clazz' [-Wunused-parameter]
 static jint com_hisilicon_android_hisysmanager_HiSysManager_getNetTime(JNIEnv *env, jobject clazz,jstring t_format){
             ^
device/hisilicon/bigfish/frameworks/hisysmanager/jni/com_hisilicon_android_hisysmanagerservice_common.cpp:198:13: warning: unused parameter 'clazz' [-Wunused-parameter]
 static jint com_hisilicon_android_hisysmanager_HiSysManager_registerInfo(JNIEnv *env, jobject clazz,jstring filename){
             ^
device/hisilicon/bigfish/frameworks/hisysmanager/jni/com_hisilicon_android_hisysmanagerservice_common.cpp:204:13: warning: unused parameter 'clazz' [-Wunused-parameter]
 static jint com_hisilicon_android_hisysmanager_HiSysManager_startTSTest(JNIEnv *env, jobject clazz,jstring path,jstring resolution){
             ^
device/hisilicon/bigfish/frameworks/hisysmanager/jni/com_hisilicon_android_hisysmanagerservice_common.cpp:213:13: warning: unused parameter 'env' [-Wunused-parameter]
 static jint com_hisilicon_android_hisysmanager_HiSysManager_stopTSTest(JNIEnv *env, jobject clazz){
             ^
device/hisilicon/bigfish/frameworks/hisysmanager/jni/com_hisilicon_android_hisysmanagerservice_common.cpp:213:13: warning: unused parameter 'clazz' [-Wunused-parameter]
device/hisilicon/bigfish/frameworks/hisysmanager/jni/com_hisilicon_android_hisysmanagerservice_common.cpp:216:13: warning: unused parameter 'env' [-Wunused-parameter]
 static jint com_hisilicon_android_hisysmanager_HiSysManager_usbTest(JNIEnv *env, jobject clazz){
             ^
device/hisilicon/bigfish/frameworks/hisysmanager/jni/com_hisilicon_android_hisysmanagerservice_common.cpp:216:13: warning: unused parameter 'clazz' [-Wunused-parameter]
device/hisilicon/bigfish/frameworks/hisysmanager/jni/com_hisilicon_android_hisysmanagerservice_common.cpp:219:13: warning: unused parameter 'env' [-Wunused-parameter]
 static jint com_hisilicon_android_hisysmanager_HiSysManager_setSyncRef(JNIEnv *env, jobject clazz){
             ^
device/hisilicon/bigfish/frameworks/hisysmanager/jni/com_hisilicon_android_hisysmanagerservice_common.cpp:219:13: warning: unused parameter 'clazz' [-Wunused-parameter]
device/hisilicon/bigfish/frameworks/hisysmanager/jni/com_hisilicon_android_hisysmanagerservice_common.cpp:222:13: warning: unused parameter 'clazz' [-Wunused-parameter]
 static jint com_hisilicon_android_hisysmanager_HiSysManager_adjustDevState(JNIEnv *env, jobject clazz,jstring value,jstring device){
             ^
device/hisilicon/bigfish/frameworks/hisysmanager/jni/com_hisilicon_android_hisysmanagerservice_common.cpp:231:13: warning: unused parameter 'clazz' [-Wunused-parameter]
 static jint com_hisilicon_android_hisysmanager_HiSysManager_readDmesg(JNIEnv *env,jobject clazz,jstring path){
             ^
device/hisilicon/bigfish/frameworks/hisysmanager/jni/com_hisilicon_android_hisysmanagerservice_common.cpp:237:13: warning: unused parameter 'clazz' [-Wunused-parameter]
 static jint com_hisilicon_android_hisysmanager_HiSysManager_ddrTest(JNIEnv *env,jobject clazz,jstring cmd,jstring file){
             ^
device/hisilicon/bigfish/frameworks/hisysmanager/jni/com_hisilicon_android_hisysmanagerservice_common.cpp:246:13: warning: unused parameter 'env' [-Wunused-parameter]
 static jint com_hisilicon_android_hisysmanager_HiSysManager_sendMediaStart(JNIEnv *env, jobject clazz){
             ^
device/hisilicon/bigfish/frameworks/hisysmanager/jni/com_hisilicon_android_hisysmanagerservice_common.cpp:246:13: warning: unused parameter 'clazz' [-Wunused-parameter]
device/hisilicon/bigfish/frameworks/hisysmanager/jni/com_hisilicon_android_hisysmanagerservice_common.cpp:249:13: warning: unused parameter 'env' [-Wunused-parameter]
 static jint com_hisilicon_android_hisysmanager_HiSysManager_isSata(JNIEnv *env, jobject clazz){
             ^
device/hisilicon/bigfish/frameworks/hisysmanager/jni/com_hisilicon_android_hisysmanagerservice_common.cpp:249:13: warning: unused parameter 'clazz' [-Wunused-parameter]
device/hisilicon/bigfish/frameworks/hisysmanager/jni/com_hisilicon_android_hisysmanagerservice_common.cpp:252:13: warning: unused parameter 'env' [-Wunused-parameter]
 static jint com_hisilicon_android_hisysmanager_HiSysManager_readDebugInfo(JNIEnv *env, jobject clazz){
             ^
device/hisilicon/bigfish/frameworks/hisysmanager/jni/com_hisilicon_android_hisysmanagerservice_common.cpp:252:13: warning: unused parameter 'clazz' [-Wunused-parameter]
device/hisilicon/bigfish/frameworks/hisysmanager/jni/com_hisilicon_android_hisysmanagerservice_common.cpp:255:13: warning: unused parameter 'clazz' [-Wunused-parameter]
 static jint com_hisilicon_android_hisysmanager_HiSysManager_reloadMAC(JNIEnv *env, jobject clazz ,jstring mac){
             ^
device/hisilicon/bigfish/frameworks/hisysmanager/jni/com_hisilicon_android_hisysmanagerservice_common.cpp:261:13: warning: unused parameter 'clazz' [-Wunused-parameter]
 static jint com_hisilicon_android_hisysmanager_HiSysManager_reloadAPK(JNIEnv *env, jobject clazz,jstring path){
             ^
device/hisilicon/bigfish/frameworks/hisysmanager/jni/com_hisilicon_android_hisysmanagerservice_common.cpp:267:13: warning: unused parameter 'clazz' [-Wunused-parameter]
 static jint com_hisilicon_android_hisysmanager_HiSysManager_writeRaw(JNIEnv *env, jobject clazz,jstring flag,jstring info){
             ^
device/hisilicon/bigfish/frameworks/hisysmanager/jni/com_hisilicon_android_hisysmanagerservice_common.cpp:276:13: warning: unused parameter 'clazz' [-Wunused-parameter]
 static jint com_hisilicon_android_hisysmanager_HiSysManager_setHimm(JNIEnv *env, jobject clazz,jstring info){
             ^
device/hisilicon/bigfish/frameworks/hisysmanager/jni/com_hisilicon_android_hisysmanagerservice_common.cpp:282:13: warning: unused parameter 'env' [-Wunused-parameter]
 static jint com_hisilicon_android_hisysmanager_HiSysManager_enableCapable(JNIEnv *env, jobject clazz,jint type){
             ^
device/hisilicon/bigfish/frameworks/hisysmanager/jni/com_hisilicon_android_hisysmanagerservice_common.cpp:282:13: warning: unused parameter 'clazz' [-Wunused-parameter]
device/hisilicon/bigfish/frameworks/hisysmanager/jni/com_hisilicon_android_hisysmanagerservice_common.cpp:285:13: warning: unused parameter 'clazz' [-Wunused-parameter]
 static jint com_hisilicon_android_hisysmanager_HiSysManager_setProperty(JNIEnv *env, jobject clazz,jstring name,jstring info){
             ^
device/hisilicon/bigfish/frameworks/hisysmanager/jni/com_hisilicon_android_hisysmanagerservice_common.cpp:294:13: warning: unused parameter 'clazz' [-Wunused-parameter]
 static jint com_hisilicon_android_hisysmanager_HiSysManager_recoveryIPTV(JNIEnv *env, jobject clazz,jstring path,jstring file){
             ^
device/hisilicon/bigfish/frameworks/hisysmanager/jni/com_hisilicon_android_hisysmanagerservice_common.cpp:303:13: warning: unused parameter 'clazz' [-Wunused-parameter]
 static jint com_hisilicon_android_hisysmanager_HiSysManager_setDRMKey(JNIEnv *env, jobject clazz,jstring tdname,jint offset,jstring filename,jint datasize){
             ^
device/hisilicon/bigfish/frameworks/hisysmanager/jni/com_hisilicon_android_hisysmanagerservice_common.cpp:312:13: warning: unused parameter 'clazz' [-Wunused-parameter]
 static jint com_hisilicon_android_hisysmanager_HiSysManager_getDRMKey(JNIEnv *env, jobject clazz,jstring tdname,jint offset,jstring filename,jint datasize){
             ^
device/hisilicon/bigfish/frameworks/hisysmanager/jni/com_hisilicon_android_hisysmanagerservice_common.cpp:321:13: warning: unused parameter 'env' [-Wunused-parameter]
 static jint com_hisilicon_android_hisysmanager_hisysmanager_hiBitSet(JNIEnv *env, jobject obj ,jint maddr ,jint bit ,jint n, jint val)
             ^
device/hisilicon/bigfish/frameworks/hisysmanager/jni/com_hisilicon_android_hisysmanagerservice_common.cpp:321:13: warning: unused parameter 'obj' [-Wunused-parameter]
device/hisilicon/bigfish/frameworks/hisysmanager/jni/com_hisilicon_android_hisysmanagerservice_common.cpp:326:13: warning: unused parameter 'env' [-Wunused-parameter]
 static jint com_hisilicon_android_hisysmanager_hisysmanager_hiBitGet(JNIEnv *env, jobject obj ,jint maddr ,jint bit ,jint n)
             ^
device/hisilicon/bigfish/frameworks/hisysmanager/jni/com_hisilicon_android_hisysmanagerservice_common.cpp:326:13: warning: unused parameter 'obj' [-Wunused-parameter]
device/hisilicon/bigfish/frameworks/hisysmanager/jni/com_hisilicon_android_hisysmanagerservice_common.cpp:331:13: warning: unused parameter 'env' [-Wunused-parameter]
 static jint com_hisilicon_android_hisysmanager_hisysmanager_hiWrite(JNIEnv *env, jobject obj ,jint maddr ,jint val)
             ^
device/hisilicon/bigfish/frameworks/hisysmanager/jni/com_hisilicon_android_hisysmanagerservice_common.cpp:331:13: warning: unused parameter 'obj' [-Wunused-parameter]
device/hisilicon/bigfish/frameworks/hisysmanager/jni/com_hisilicon_android_hisysmanagerservice_common.cpp:336:13: warning: unused parameter 'env' [-Wunused-parameter]
 static jint com_hisilicon_android_hisysmanager_hisysmanager_hiRead(JNIEnv *env, jobject obj ,jint maddr )
             ^
device/hisilicon/bigfish/frameworks/hisysmanager/jni/com_hisilicon_android_hisysmanagerservice_common.cpp:336:13: warning: unused parameter 'obj' [-Wunused-parameter]
device/hisilicon/bigfish/frameworks/hisysmanager/jni/com_hisilicon_android_hisysmanagerservice_common.cpp:341:13: warning: unused parameter 'env' [-Wunused-parameter]
 static jint com_hisilicon_android_hisysmanager_hisysmanager_hiGpioBitSet(JNIEnv *env, jobject obj ,jint maddr ,jint bit ,jint val)
             ^
device/hisilicon/bigfish/frameworks/hisysmanager/jni/com_hisilicon_android_hisysmanagerservice_common.cpp:341:13: warning: unused parameter 'obj' [-Wunused-parameter]
device/hisilicon/bigfish/frameworks/hisysmanager/jni/com_hisilicon_android_hisysmanagerservice_common.cpp:346:13: warning: unused parameter 'env' [-Wunused-parameter]
 static jint com_hisilicon_android_hisysmanager_hisysmanager_hiGpioBitGet(JNIEnv *env, jobject obj ,jint maddr ,jint bit )
             ^
device/hisilicon/bigfish/frameworks/hisysmanager/jni/com_hisilicon_android_hisysmanagerservice_common.cpp:346:13: warning: unused parameter 'obj' [-Wunused-parameter]
device/hisilicon/bigfish/frameworks/hisysmanager/jni/com_hisilicon_android_hisysmanagerservice_common.cpp:351:16: warning: unused parameter 'obj' [-Wunused-parameter]
 static jstring com_hisilicon_android_hisysmanager_hisysmanager_getChipVersion(JNIEnv *env, jobject obj)
                ^
device/hisilicon/bigfish/frameworks/hisysmanager/jni/com_hisilicon_android_hisysmanagerservice_common.cpp:357:16: warning: unused parameter 'obj' [-Wunused-parameter]
 static jstring com_hisilicon_android_hisysmanager_hisysmanager_getNetfilxKey(JNIEnv *env, jobject obj)
                ^
device/hisilicon/bigfish/frameworks/hisysmanager/jni/com_hisilicon_android_hisysmanagerservice_common.cpp:429:6: warning: unused parameter 'reserved' [-Wunused-parameter]
 jint JNI_OnLoad(JavaVM* vm, void* reserved)
      ^
