device/hisilicon/bigfish/external/dhcp/common/print.c: In function 'quotify_buf':
device/hisilicon/bigfish/external/dhcp/common/print.c:79:16: warning: comparison between signed and unsigned integer expressions [-Wsign-compare]
  for (i = 0; i < len; i++) {
                ^
device/hisilicon/bigfish/external/dhcp/common/print.c:93:17: warning: comparison between signed and unsigned integer expressions [-Wsign-compare]
   for (i = 0; i < len; i++) {
                 ^
device/hisilicon/bigfish/external/dhcp/common/print.c:73:18: warning: unused parameter 'file' [-Wunused-parameter]
      const char *file, int line)
                  ^
device/hisilicon/bigfish/external/dhcp/common/print.c:73:28: warning: unused parameter 'line' [-Wunused-parameter]
      const char *file, int line)
                            ^
device/hisilicon/bigfish/external/dhcp/common/print.c: In function 'print_base64':
device/hisilicon/bigfish/external/dhcp/common/print.c:127:11: warning: comparison between signed and unsigned integer expressions [-Wsign-compare]
  while (i != len) {
           ^
device/hisilicon/bigfish/external/dhcp/common/print.c:132:9: warning: comparison between signed and unsigned integer expressions [-Wsign-compare]
   if (i == len) {
         ^
device/hisilicon/bigfish/external/dhcp/common/print.c:141:9: warning: comparison between signed and unsigned integer expressions [-Wsign-compare]
   if (i == len) {
         ^
device/hisilicon/bigfish/external/dhcp/common/print.c: In function 'print_hw_addr':
device/hisilicon/bigfish/external/dhcp/common/print.c:161:12: warning: unused parameter 'htype' [-Wunused-parameter]
  const int htype;
            ^
device/hisilicon/bigfish/external/dhcp/common/print.c: In function 'dump_raw':
device/hisilicon/bigfish/external/dhcp/common/print.c:299:16: warning: comparison between signed and unsigned integer expressions [-Wsign-compare]
  for (i = 0; i < len; i++) {
                ^
device/hisilicon/bigfish/external/dhcp/common/print.c: In function 'hash_dump':
device/hisilicon/bigfish/external/dhcp/common/print.c:342:16: warning: comparison between signed and unsigned integer expressions [-Wsign-compare]
  for (i = 0; i < table -> hash_count; i++) {
                ^
device/hisilicon/bigfish/external/dhcp/common/print.c: In function 'print_dotted_quads':
device/hisilicon/bigfish/external/dhcp/common/print.c:493:10: warning: comparison between signed and unsigned integer expressions [-Wsign-compare]
    i + 3 < len);
          ^
device/hisilicon/bigfish/external/dhcp/common/print.c:494:8: warning: comparison between signed and unsigned integer expressions [-Wsign-compare]
  if (i == len)
        ^
device/hisilicon/bigfish/external/dhcp/common/print.c: In function 'token_indent_data_string':
device/hisilicon/bigfish/external/dhcp/common/print.c:1205:16: warning: comparison between signed and unsigned integer expressions [-Wsign-compare]
  for (i = 0; i < data -> len; i++)
                ^
device/hisilicon/bigfish/external/dhcp/common/print.c:1211:8: warning: comparison between signed and unsigned integer expressions [-Wsign-compare]
  if (i == data -> len) {
        ^
device/hisilicon/bigfish/external/dhcp/common/print.c:1225:16: warning: comparison between signed and unsigned integer expressions [-Wsign-compare]
  for (i = 0; i < data -> len; i++) {
                ^
device/hisilicon/bigfish/external/dhcp/common/print.c:1229:15: warning: comparison between signed and unsigned integer expressions [-Wsign-compare]
        (i + 1 == data -> len
               ^
device/hisilicon/bigfish/external/dhcp/common/print.c:1232:13: warning: comparison between signed and unsigned integer expressions [-Wsign-compare]
   if (i + 1 != data -> len)
             ^
device/hisilicon/bigfish/external/dhcp/common/print.c: In function 'print_time':
device/hisilicon/bigfish/external/dhcp/common/print.c:1506:44: warning: comparison between signed and unsigned integer expressions [-Wsign-compare]
          (unsigned long)since_epoch, buf1) >= sizeof(buf)))
                                            ^
