component/dtv/service/src/common/rtos/ch_rtos.c:19:0: warning: "LOG_TAG" redefined [enabled by default]
 #define LOG_TAG "ch_rtos.c"
 ^
In file included from component/dtv/service/src/common/ch_common.h:8:0,
                 from component/dtv/service/src/common/rtos/ch_rtos.c:14:
component/dtv/service/src/common/jah_util.h:27:0: note: this is the location of the previous definition
 #define LOG_TAG "dtv_tag"
 ^
component/dtv/service/src/common/rtos/ch_rtos.c: In function 'CH_RTOS_CreateTask':
component/dtv/service/src/common/rtos/ch_rtos.c:147:90: warning: unused parameter 'rpv_StackPtr' [-Wunused-parameter]
 CH_RTOS_RESULT_e CH_RTOS_CreateTask(void (*rpfn_Function)(void*), void *rpv_Param, void *rpv_StackPtr, S32 ri_StackSize, S32 ri_Priority, const S8 *rpuc_Name, CH_RTOS_TaskHandle *rph_TaskHandle)
                                                                                          ^
component/dtv/service/src/common/rtos/ch_rtos.c:147:108: warning: unused parameter 'ri_StackSize' [-Wunused-parameter]
 CH_RTOS_RESULT_e CH_RTOS_CreateTask(void (*rpfn_Function)(void*), void *rpv_Param, void *rpv_StackPtr, S32 ri_StackSize, S32 ri_Priority, const S8 *rpuc_Name, CH_RTOS_TaskHandle *rph_TaskHandle)
                                                                                                            ^
component/dtv/service/src/common/rtos/ch_rtos.c:147:126: warning: unused parameter 'ri_Priority' [-Wunused-parameter]
 CH_RTOS_RESULT_e CH_RTOS_CreateTask(void (*rpfn_Function)(void*), void *rpv_Param, void *rpv_StackPtr, S32 ri_StackSize, S32 ri_Priority, const S8 *rpuc_Name, CH_RTOS_TaskHandle *rph_TaskHandle)
                                                                                                                              ^
component/dtv/service/src/common/rtos/ch_rtos.c:147:149: warning: unused parameter 'rpuc_Name' [-Wunused-parameter]
 CH_RTOS_RESULT_e CH_RTOS_CreateTask(void (*rpfn_Function)(void*), void *rpv_Param, void *rpv_StackPtr, S32 ri_StackSize, S32 ri_Priority, const S8 *rpuc_Name, CH_RTOS_TaskHandle *rph_TaskHandle)
                                                                                                                                                     ^
component/dtv/service/src/common/rtos/ch_rtos.c: In function 'CH_RTOS_TaskEnter':
component/dtv/service/src/common/rtos/ch_rtos.c:239:42: warning: unused parameter 'rpv_Param' [-Wunused-parameter]
 CH_RTOS_RESULT_e CH_RTOS_TaskEnter(void *rpv_Param)
                                          ^
component/dtv/service/src/common/rtos/ch_rtos.c: In function 'CH_RTOS_AllocateMemory':
component/dtv/service/src/common/rtos/ch_rtos.c:1098:57: warning: unused parameter 'rh_MemPartition' [-Wunused-parameter]
 void* CH_RTOS_AllocateMemory(CH_RTOS_MemPartitionHandle rh_MemPartition, S32 ri_Size)
                                                         ^
component/dtv/service/src/common/rtos/ch_rtos.c: In function 'CH_RTOS_AllocateAndClearMemory':
component/dtv/service/src/common/rtos/ch_rtos.c:1111:65: warning: unused parameter 'rh_MemPartition' [-Wunused-parameter]
 void* CH_RTOS_AllocateAndClearMemory(CH_RTOS_MemPartitionHandle rh_MemPartition, S32 ri_Size)
                                                                 ^
component/dtv/service/src/common/rtos/ch_rtos.c: In function 'CH_RTOS_ReallocMemory':
component/dtv/service/src/common/rtos/ch_rtos.c:1124:56: warning: unused parameter 'rh_MemPartition' [-Wunused-parameter]
 void* CH_RTOS_ReallocMemory(CH_RTOS_MemPartitionHandle rh_MemPartition, void *pv_MemAddr, S32 ri_Size)
                                                        ^
component/dtv/service/src/common/rtos/ch_rtos.c: In function 'CH_RTOS_FreeMemory':
component/dtv/service/src/common/rtos/ch_rtos.c:1136:64: warning: unused parameter 'rh_MemPartition' [-Wunused-parameter]
 CH_RTOS_RESULT_e CH_RTOS_FreeMemory(CH_RTOS_MemPartitionHandle rh_MemPartition, void *rpv_Memory)
                                                                ^
