platform/android/external/sonivox/arm-wt-22k/lib_src/eas_smf.c: In function 'SMF_Time':
platform/android/external/sonivox/arm-wt-22k/lib_src/eas_smf.c:219:34: warning: unused parameter 'pEASData' [-Wunused-parameter]
 EAS_RESULT SMF_Time (S_EAS_DATA *pEASData, EAS_VOID_PTR pInstData, EAS_U32 *pTime)
                                  ^
platform/android/external/sonivox/arm-wt-22k/lib_src/eas_smf.c: In function 'SMF_State':
platform/android/external/sonivox/arm-wt-22k/lib_src/eas_smf.c:381:35: warning: unused parameter 'pEASData' [-Wunused-parameter]
 EAS_RESULT SMF_State (S_EAS_DATA *pEASData, EAS_VOID_PTR pInstData, EAS_I32 *pState)
                                   ^
platform/android/external/sonivox/arm-wt-22k/lib_src/eas_smf.c: In function 'SMF_Resume':
platform/android/external/sonivox/arm-wt-22k/lib_src/eas_smf.c:574:36: warning: unused parameter 'pEASData' [-Wunused-parameter]
 EAS_RESULT SMF_Resume (S_EAS_DATA *pEASData, EAS_VOID_PTR pInstData)
                                    ^
platform/android/external/sonivox/arm-wt-22k/lib_src/eas_smf.c: In function 'SMF_SetData':
platform/android/external/sonivox/arm-wt-22k/lib_src/eas_smf.c:606:37: warning: unused parameter 'pEASData' [-Wunused-parameter]
 EAS_RESULT SMF_SetData (S_EAS_DATA *pEASData, EAS_VOID_PTR pInstData, EAS_I32 param, EAS_I32 value)
                                     ^
platform/android/external/sonivox/arm-wt-22k/lib_src/eas_smf.c: In function 'SMF_GetData':
platform/android/external/sonivox/arm-wt-22k/lib_src/eas_smf.c:693:37: warning: unused parameter 'pEASData' [-Wunused-parameter]
 EAS_RESULT SMF_GetData (S_EAS_DATA *pEASData, EAS_VOID_PTR pInstData, EAS_I32 param, EAS_I32 *pValue)
                                     ^
