device/hisilicon/bigfish/HiSTBSDKV6R2/source/tee/core/libteec/src/tee_client_api.c: In function 'TEEC_Encode':
device/hisilicon/bigfish/HiSTBSDKV6R2/source/tee/core/libteec/src/tee_client_api.c:838:5: warning: right shift count >= width of type [enabled by default]
     = ((unsigned long)tmpref->buffer) >> 32;
     ^
device/hisilicon/bigfish/HiSTBSDKV6R2/source/tee/core/libteec/src/tee_client_api.c:842:5: warning: right shift count >= width of type [enabled by default]
     = ((unsigned long)&tmpref->size) >> 32;
     ^
device/hisilicon/bigfish/HiSTBSDKV6R2/source/tee/core/libteec/src/tee_client_api.c:858:6: warning: right shift count >= width of type [enabled by default]
      = ((unsigned long)&memref->parent->size) >> 32;
      ^
device/hisilicon/bigfish/HiSTBSDKV6R2/source/tee/core/libteec/src/tee_client_api.c:865:6: warning: right shift count >= width of type [enabled by default]
      = ((unsigned long)&memref->size) >> 32;
      ^
device/hisilicon/bigfish/HiSTBSDKV6R2/source/tee/core/libteec/src/tee_client_api.c:872:6: warning: right shift count >= width of type [enabled by default]
      = ((unsigned long)memref->parent->buffer) >> 32;
      ^
device/hisilicon/bigfish/HiSTBSDKV6R2/source/tee/core/libteec/src/tee_client_api.c:880:7: warning: right shift count >= width of type [enabled by default]
       + memref->offset) >> 32;
       ^
device/hisilicon/bigfish/HiSTBSDKV6R2/source/tee/core/libteec/src/tee_client_api.c:920:5: warning: right shift count >= width of type [enabled by default]
     = ((unsigned long)&value->a) >> 32;
     ^
device/hisilicon/bigfish/HiSTBSDKV6R2/source/tee/core/libteec/src/tee_client_api.c:924:5: warning: right shift count >= width of type [enabled by default]
     = ((unsigned long)&value->b) >> 32;
     ^
device/hisilicon/bigfish/HiSTBSDKV6R2/source/tee/core/libteec/src/tee_client_api.c:930:5: warning: right shift count >= width of type [enabled by default]
     = ((unsigned long)&ionref->ion_share_fd) >> 32;
     ^
device/hisilicon/bigfish/HiSTBSDKV6R2/source/tee/core/libteec/src/tee_client_api.c:934:5: warning: right shift count >= width of type [enabled by default]
     = ((unsigned long)&ionref->ion_size) >> 32;
     ^
