In file included from device/hisilicon/bigfish/hardware/camera/capability_manager/CapabilityManager.h:22:0,
                 from device/hisilicon/bigfish/hardware/camera/camera_hal/CameraHal.h:26,
                 from device/hisilicon/bigfish/hardware/camera/camera_hal/CameraHal.cpp:27:
device/hisilicon/bigfish/hardware/camera/capability_manager/CapabilityInterface.h:46:17: warning: unused parameter 'who' [-Wunused-parameter]
     virtual int onValueChanged(CapabilityInterface* who, CameraParameters& p) {return 0;};
                 ^
device/hisilicon/bigfish/hardware/camera/capability_manager/CapabilityInterface.h:46:17: warning: unused parameter 'p' [-Wunused-parameter]
In file included from device/hisilicon/bigfish/hardware/camera/camera_common/SkJpegEncoder.h:18:0,
                 from device/hisilicon/bigfish/hardware/camera/camera_hal/CameraHal.cpp:29:
platform/android/external/skia/include/core/SkStream.h:111:18: warning: unused parameter 'position' [-Wunused-parameter]
     virtual bool seek(size_t position) { return false; }
                  ^
platform/android/external/skia/include/core/SkStream.h:117:18: warning: unused parameter 'offset' [-Wunused-parameter]
     virtual bool move(long offset) { return false; }
                  ^
In file included from platform/android/external/skia/include/core/SkShader.h:17:0,
                 from platform/android/external/skia/include/core/SkImage.h:24,
                 from platform/android/external/skia/include/core/SkImageDecoder.h:12,
                 from device/hisilicon/bigfish/hardware/camera/camera_common/SkJpegEncoder.h:20,
                 from device/hisilicon/bigfish/hardware/camera/camera_hal/CameraHal.cpp:29:
platform/android/external/skia/include/core/../gpu/GrColor.h:69:20: warning: unused parameter 'c' [-Wunused-parameter]
 static inline void GrColorIsPMAssert(GrColor c) {
                    ^
In file included from platform/android/external/skia/include/core/SkImage.h:24:0,
                 from platform/android/external/skia/include/core/SkImageDecoder.h:12,
                 from device/hisilicon/bigfish/hardware/camera/camera_common/SkJpegEncoder.h:20,
                 from device/hisilicon/bigfish/hardware/camera/camera_hal/CameraHal.cpp:29:
platform/android/external/skia/include/core/SkShader.h:376:18: warning: unused parameter 'rec' [-Wunused-parameter]
     virtual bool asACompose(ComposeRec* rec) const { return false; }
                  ^
platform/android/external/skia/include/core/SkShader.h:397:18: warning: unused parameter 'customData' [-Wunused-parameter]
     virtual bool asACustomShader(void** customData) const { return false; }
                  ^
In file included from device/hisilicon/bigfish/hardware/camera/camera_common/SkJpegEncoder.h:20:0,
                 from device/hisilicon/bigfish/hardware/camera/camera_hal/CameraHal.cpp:29:
platform/android/external/skia/include/core/SkImageDecoder.h:397:18: warning: unused parameter 'width' [-Wunused-parameter]
     virtual bool onBuildTileIndex(SkStreamRewindable*, int *width, int *height) {
                  ^
platform/android/external/skia/include/core/SkImageDecoder.h:397:18: warning: unused parameter 'height' [-Wunused-parameter]
platform/android/external/skia/include/core/SkImageDecoder.h:403:18: warning: unused parameter 'bitmap' [-Wunused-parameter]
     virtual bool onDecodeSubset(SkBitmap* bitmap, const SkIRect& rect) {
                  ^
platform/android/external/skia/include/core/SkImageDecoder.h:403:18: warning: unused parameter 'rect' [-Wunused-parameter]
device/hisilicon/bigfish/hardware/camera/camera_hal/CameraHal.cpp:1459:10: warning: unused parameter 'fd' [-Wunused-parameter]
 status_t CameraHal::dump(int fd) const
          ^
device/hisilicon/bigfish/hardware/camera/camera_hal/CameraHal.cpp:1533:10: warning: unused parameter 'command' [-Wunused-parameter]
 status_t CameraHal::sendCommand(int32_t command, int32_t arg1, int32_t arg2)
          ^
device/hisilicon/bigfish/hardware/camera/camera_hal/CameraHal.cpp:1533:10: warning: unused parameter 'arg1' [-Wunused-parameter]
device/hisilicon/bigfish/hardware/camera/camera_hal/CameraHal.cpp:1533:10: warning: unused parameter 'arg2' [-Wunused-parameter]
device/hisilicon/bigfish/hardware/camera/camera_hal/CameraHal.cpp: In member function 'void android::CameraHal::OnFrameArrivedMJPEG(char*, int)':
device/hisilicon/bigfish/hardware/camera/camera_hal/CameraHal.cpp:1591:30: warning: comparison between signed and unsigned integer expressions [-Wsign-compare]
     if (mPreviewUsedCount >= mPreviewBuffercount)
                              ^
device/hisilicon/bigfish/hardware/camera/camera_hal/CameraHal.cpp: At global scope:
device/hisilicon/bigfish/hardware/camera/camera_hal/CameraHal.cpp:1818:6: warning: unused parameter 'length' [-Wunused-parameter]
 void CameraHal::OnFrameArrivedYUYV(char *buffer, int length)
      ^
