In file included from device/hisilicon/bigfish/HiSTBSDKV6R2/source/msp/api/pdm/hi_db.c:12:0:
device/hisilicon/bigfish/HiSTBSDKV6R2/source/common/include/hi_type.h:44:23: warning: ISO C90 does not support 'long long' [-Wlong-long]
 typedef unsigned long long      HI_U64;
                       ^
device/hisilicon/bigfish/HiSTBSDKV6R2/source/common/include/hi_type.h:45:14: warning: ISO C90 does not support 'long long' [-Wlong-long]
 typedef long long               HI_S64;
              ^
device/hisilicon/bigfish/HiSTBSDKV6R2/source/msp/api/pdm/hi_db.c: In function 'HI_DB_DeleteTable':
device/hisilicon/bigfish/HiSTBSDKV6R2/source/msp/api/pdm/hi_db.c:156:35: warning: unused parameter 'pstDB' [-Wunused-parameter]
 HI_S32 HI_DB_DeleteTable(HI_DB_S *pstDB, HI_CHAR TableName[])
                                   ^
device/hisilicon/bigfish/HiSTBSDKV6R2/source/msp/api/pdm/hi_db.c:156:50: warning: unused parameter 'TableName' [-Wunused-parameter]
 HI_S32 HI_DB_DeleteTable(HI_DB_S *pstDB, HI_CHAR TableName[])
                                                  ^
device/hisilicon/bigfish/HiSTBSDKV6R2/source/msp/api/pdm/hi_db.c: In function 'HI_DB_DeleteKey':
device/hisilicon/bigfish/HiSTBSDKV6R2/source/msp/api/pdm/hi_db.c:245:39: warning: unused parameter 'pstTable' [-Wunused-parameter]
 HI_S32 HI_DB_DeleteKey(HI_DB_TABLE_S *pstTable, HI_CHAR KeyName[])
                                       ^
device/hisilicon/bigfish/HiSTBSDKV6R2/source/msp/api/pdm/hi_db.c:245:57: warning: unused parameter 'KeyName' [-Wunused-parameter]
 HI_S32 HI_DB_DeleteKey(HI_DB_TABLE_S *pstTable, HI_CHAR KeyName[])
                                                         ^
