In file included from device/hisilicon/bigfish/HiSTBSDKV6R2/source/msp/api/avplay/frame_detect.h:18:0,
                 from device/hisilicon/bigfish/HiSTBSDKV6R2/source/msp/api/avplay/bitstream.h:9,
                 from device/hisilicon/bigfish/HiSTBSDKV6R2/source/msp/api/avplay/frame_detect.c:15:
device/hisilicon/bigfish/HiSTBSDKV6R2/source/common/include/hi_type.h:44:23: warning: ISO C90 does not support 'long long' [-Wlong-long]
 typedef unsigned long long      HI_U64;
                       ^
device/hisilicon/bigfish/HiSTBSDKV6R2/source/common/include/hi_type.h:45:14: warning: ISO C90 does not support 'long long' [-Wlong-long]
 typedef long long               HI_S64;
              ^
In file included from device/hisilicon/bigfish/HiSTBSDKV6R2/source/msp/api/avplay/frame_detect.c:15:0:
device/hisilicon/bigfish/HiSTBSDKV6R2/source/msp/api/avplay/bitstream.h:11:24: warning: ISO C90 does not support 'long long' [-Wlong-long]
 typedef  unsigned long long    UINT64;
                        ^
device/hisilicon/bigfish/HiSTBSDKV6R2/source/msp/api/avplay/bitstream.h:12:22: warning: ISO C90 does not support 'long long' [-Wlong-long]
 typedef  signed long long         SINT64;
                      ^
device/hisilicon/bigfish/HiSTBSDKV6R2/source/msp/api/avplay/frame_detect.c: In function 'DetFrm_H264Slice':
device/hisilicon/bigfish/HiSTBSDKV6R2/source/msp/api/avplay/frame_detect.c:452:60: warning: comparison between signed and unsigned integer expressions [-Wsign-compare]
     DF_ASSERT_RET( (HI_S32)BITS_2_BYTES((HI_U32)BsPos(&Bs))<=DataLen, "data NOT enough for 'first_mb_in_slice'" );
                                                            ^
device/hisilicon/bigfish/HiSTBSDKV6R2/source/msp/api/avplay/frame_detect.c:84:15: note: in definition of macro 'DF_ASSERT_RET'
         if( !(cond) ) \
               ^
device/hisilicon/bigfish/HiSTBSDKV6R2/source/msp/api/avplay/frame_detect.c:460:60: warning: comparison between signed and unsigned integer expressions [-Wsign-compare]
     DF_ASSERT_RET( (HI_S32)BITS_2_BYTES((HI_U32)BsPos(&Bs))<=DataLen, "data NOT enough for 'slice_type'" );
                                                            ^
device/hisilicon/bigfish/HiSTBSDKV6R2/source/msp/api/avplay/frame_detect.c:84:15: note: in definition of macro 'DF_ASSERT_RET'
         if( !(cond) ) \
               ^
device/hisilicon/bigfish/HiSTBSDKV6R2/source/msp/api/avplay/frame_detect.c:468:60: warning: comparison between signed and unsigned integer expressions [-Wsign-compare]
     DF_ASSERT_RET( (HI_S32)BITS_2_BYTES((HI_U32)BsPos(&Bs))<=DataLen, "data NOT enough for 'pic_parameter_set_id'" );
                                                            ^
device/hisilicon/bigfish/HiSTBSDKV6R2/source/msp/api/avplay/frame_detect.c:84:15: note: in definition of macro 'DF_ASSERT_RET'
         if( !(cond) ) \
               ^
