In file included from component/appman/downloadmanager/downloader/oc/basesdk/workspace/src/basesdk_src.c:2:0:
component/appman/downloadmanager/downloader/oc/includeExport/project/project_cfg.h:4:0: warning: ignoring #pragma warning  [-Wunknown-pragmas]
 #pragma warning(disable:4996 4819 4244 4267 4311 4312 4133)
 ^
In file included from component/appman/downloadmanager/downloader/oc/basesdk/workspace/src/../inc/basesdk_src.h:21:0,
                 from component/appman/downloadmanager/downloader/oc/basesdk/workspace/src/basesdk_src.c:5:
component/appman/downloadmanager/downloader/oc/basesdk/workspace/src/../inc/../../src/sdk_util.c: In function 'URL_merge':
component/appman/downloadmanager/downloader/oc/basesdk/workspace/src/../inc/../../src/sdk_util.c:734:25: warning: format '%ld' expects argument of type 'long int', but argument 3 has type 'int' [-Wformat=]
                         sprintf(ptr, ":%ld/", me->port);
                         ^
component/appman/downloadmanager/downloader/oc/basesdk/workspace/src/../inc/../../src/sdk_util.c:736:25: warning: format '%ld' expects argument of type 'long int', but argument 3 has type 'int' [-Wformat=]
                         sprintf(ptr, ":%ld", me->port);
                         ^
component/appman/downloadmanager/downloader/oc/basesdk/workspace/src/../inc/../../src/sdk_util.c: In function 'url_init_flags':
component/appman/downloadmanager/downloader/oc/basesdk/workspace/src/../inc/../../src/sdk_util.c:769:19: warning: comparison between signed and unsigned integer expressions [-Wsign-compare]
     for (i = 0; i < sizeof(mark); i++) uri_flags[mark[i]] |= FLAG_URI_MARK;
                   ^
component/appman/downloadmanager/downloader/oc/basesdk/workspace/src/../inc/../../src/sdk_util.c:769:5: warning: array subscript has type 'char' [-Wchar-subscripts]
     for (i = 0; i < sizeof(mark); i++) uri_flags[mark[i]] |= FLAG_URI_MARK;
     ^
component/appman/downloadmanager/downloader/oc/basesdk/workspace/src/../inc/../../src/sdk_util.c:770:19: warning: comparison between signed and unsigned integer expressions [-Wsign-compare]
     for (i = 0; i < sizeof(reserved); i++) uri_flags[reserved[i]] |= FLAG_URI_RESERVED;
                   ^
component/appman/downloadmanager/downloader/oc/basesdk/workspace/src/../inc/../../src/sdk_util.c:770:5: warning: array subscript has type 'char' [-Wchar-subscripts]
     for (i = 0; i < sizeof(reserved); i++) uri_flags[reserved[i]] |= FLAG_URI_RESERVED;
     ^
component/appman/downloadmanager/downloader/oc/basesdk/workspace/src/../inc/../../src/sdk_util.c:771:19: warning: comparison between signed and unsigned integer expressions [-Wsign-compare]
     for (i = 0; i < sizeof(unwise); i++) uri_flags[unwise[i]] |= FLAG_URI_UNWISE;
                   ^
component/appman/downloadmanager/downloader/oc/basesdk/workspace/src/../inc/../../src/sdk_util.c:771:5: warning: array subscript has type 'char' [-Wchar-subscripts]
     for (i = 0; i < sizeof(unwise); i++) uri_flags[unwise[i]] |= FLAG_URI_UNWISE;
     ^
component/appman/downloadmanager/downloader/oc/basesdk/workspace/src/../inc/../../src/sdk_util.c:772:19: warning: comparison between signed and unsigned integer expressions [-Wsign-compare]
     for (i = 0; i < sizeof(delims); i++) uri_flags[delims[i]] |= FLAG_URI_DELIMS;
                   ^
component/appman/downloadmanager/downloader/oc/basesdk/workspace/src/../inc/../../src/sdk_util.c:772:5: warning: array subscript has type 'char' [-Wchar-subscripts]
     for (i = 0; i < sizeof(delims); i++) uri_flags[delims[i]] |= FLAG_URI_DELIMS;
     ^
component/appman/downloadmanager/downloader/oc/basesdk/workspace/src/../inc/../../src/sdk_util.c: In function 'URL_new':
component/appman/downloadmanager/downloader/oc/basesdk/workspace/src/../inc/../../src/sdk_util.c:977:84: warning: suggest parentheses around '&&' within '||' [-Wparentheses]
         if (base && me->protocol == NULL && me->hostname == NULL && base->protocol && base->hostname
                                                                                    ^
component/appman/downloadmanager/downloader/oc/basesdk/workspace/src/../inc/../../src/sdk_util.c:1084:40: warning: suggest parentheses around '&&' within '||' [-Wparentheses]
             if (base && base->hostname && base->protocol || protocol) {
                                        ^
In file included from component/appman/downloadmanager/downloader/oc/basesdk/workspace/src/../inc/basesdk_src.h:23:0,
                 from component/appman/downloadmanager/downloader/oc/basesdk/workspace/src/basesdk_src.c:5:
component/appman/downloadmanager/downloader/oc/basesdk/workspace/src/../inc/../../src/sdk_ini2.c: At top level:
component/appman/downloadmanager/downloader/oc/basesdk/workspace/src/../inc/../../src/sdk_ini2.c:49:1: warning: missing braces around initializer [-Wmissing-braces]
 McMutex        printMutex = { 0 };
 ^
component/appman/downloadmanager/downloader/oc/basesdk/workspace/src/../inc/../../src/sdk_ini2.c:49:1: warning: (near initialization for 'printMutex.d') [-Wmissing-braces]
In file included from component/appman/downloadmanager/downloader/oc/basesdk/workspace/src/../inc/basesdk_src.h:26:0,
                 from component/appman/downloadmanager/downloader/oc/basesdk/workspace/src/basesdk_src.c:5:
component/appman/downloadmanager/downloader/oc/basesdk/workspace/src/../inc/../../src/sdk_print.c: In function 'ipanel_mydprintf':
component/appman/downloadmanager/downloader/oc/basesdk/workspace/src/../inc/../../src/sdk_print.c:150:9: warning: format '%d' expects argument of type 'int', but argument 3 has type 'time_t' [-Wformat=]
         sprintf(tbuf, "[tm=%d]", time_ms());
         ^
component/appman/downloadmanager/downloader/oc/basesdk/workspace/src/../inc/../../src/sdk_print.c: In function 'sdk_printf2':
component/appman/downloadmanager/downloader/oc/basesdk/workspace/src/../inc/../../src/sdk_print.c:238:9: warning: format '%x' expects argument of type 'unsigned int', but argument 3 has type 'ui32' [-Wformat=]
         sprintf(ptr, "[tid:%08x] ", McThreadCur_getId());
         ^
In file included from component/appman/downloadmanager/downloader/oc/includeExport/project/project_cfg.h:36:0,
                 from component/appman/downloadmanager/downloader/oc/basesdk/workspace/src/basesdk_src.c:2:
component/appman/downloadmanager/downloader/oc/includeExport/sdk/sdk_libc.h:124:28: warning: comparison between signed and unsigned integer expressions [-Wsign-compare]
 #define MIN(a, b)    (((a) < (b)) ? (a) : (b))
                            ^
component/appman/downloadmanager/downloader/oc/basesdk/workspace/src/../inc/../../src/sdk_print.c:267:31: note: in expansion of macro 'MIN'
         strncpy(buffer, ptr2, MIN(size, sizeof(buffer) - 1));
                               ^
component/appman/downloadmanager/downloader/oc/includeExport/sdk/sdk_libc.h:124:41: warning: signed and unsigned type in conditional expression [-Wsign-compare]
 #define MIN(a, b)    (((a) < (b)) ? (a) : (b))
                                         ^
component/appman/downloadmanager/downloader/oc/basesdk/workspace/src/../inc/../../src/sdk_print.c:267:31: note: in expansion of macro 'MIN'
         strncpy(buffer, ptr2, MIN(size, sizeof(buffer) - 1));
                               ^
In file included from component/appman/downloadmanager/downloader/oc/basesdk/workspace/src/../inc/basesdk_src.h:26:0,
                 from component/appman/downloadmanager/downloader/oc/basesdk/workspace/src/basesdk_src.c:5:
component/appman/downloadmanager/downloader/oc/basesdk/workspace/src/../inc/../../src/sdk_print.c: In function 'sdk_fprintf':
component/appman/downloadmanager/downloader/oc/basesdk/workspace/src/../inc/../../src/sdk_print.c:291:31: warning: unused parameter 'fp' [-Wunused-parameter]
 SDK_API int sdk_fprintf(void* fp, const char* format, ...)
                               ^
component/appman/downloadmanager/downloader/oc/basesdk/workspace/src/../inc/../../src/sdk_print.c: In function 'hex_printout':
component/appman/downloadmanager/downloader/oc/basesdk/workspace/src/../inc/../../src/sdk_print.c:437:5: warning: format '%x' expects argument of type 'unsigned int', but argument 4 has type 'const char *' [-Wformat=]
     sprintf(msgbuf, "%s--> addr=%08x %ld bytes\n\0", msg, buf, len);
     ^
component/appman/downloadmanager/downloader/oc/basesdk/workspace/src/../inc/../../src/sdk_print.c:437:5: warning: format '%ld' expects argument of type 'long int', but argument 5 has type 'int' [-Wformat=]
component/appman/downloadmanager/downloader/oc/basesdk/workspace/src/../inc/../../src/sdk_print.c:437:5: warning: embedded '\0' in format [-Wformat-contains-nul]
component/appman/downloadmanager/downloader/oc/basesdk/workspace/src/../inc/../../src/sdk_print.c:482:9: warning: embedded '\0' in format [-Wformat-contains-nul]
         sprintf(msgbuf, "%s\n\0", msgbuf);
         ^
component/appman/downloadmanager/downloader/oc/basesdk/workspace/src/../inc/../../src/sdk_print.c: In function 'string_printout':
component/appman/downloadmanager/downloader/oc/basesdk/workspace/src/../inc/../../src/sdk_print.c:501:5: warning: format '%lx' expects argument of type 'long unsigned int', but argument 4 has type 'const char *' [-Wformat=]
     sprintf(msgbuf, "%s  start--> addr=%08lx %ld bytes\n\n", msg, buf, len);
     ^
component/appman/downloadmanager/downloader/oc/basesdk/workspace/src/../inc/../../src/sdk_print.c:501:5: warning: format '%ld' expects argument of type 'long int', but argument 5 has type 'int' [-Wformat=]
component/appman/downloadmanager/downloader/oc/basesdk/workspace/src/../inc/../../src/sdk_print.c:517:5: warning: format '%lx' expects argument of type 'long unsigned int', but argument 4 has type 'const char *' [-Wformat=]
     sprintf(msgbuf, "\n\n%s  end<-- addr=%08lx %ld bytes\n\n", msg, buf, len);
     ^
component/appman/downloadmanager/downloader/oc/basesdk/workspace/src/../inc/../../src/sdk_print.c:517:5: warning: format '%ld' expects argument of type 'long int', but argument 5 has type 'int' [-Wformat=]
In file included from component/appman/downloadmanager/downloader/oc/basesdk/workspace/src/../inc/basesdk_src.h:27:0,
                 from component/appman/downloadmanager/downloader/oc/basesdk/workspace/src/basesdk_src.c:5:
component/appman/downloadmanager/downloader/oc/basesdk/workspace/src/../inc/../../src/sdk_time.c: In function 'core_localtime':
component/appman/downloadmanager/downloader/oc/basesdk/workspace/src/../inc/../../src/sdk_time.c:298:41: warning: comparison between signed and unsigned integer expressions [-Wsign-compare]
  if ( (*ptime > 3 * DAY_SEC) && (*ptime < _LONG_MAX_ - 3 * DAY_SEC) ) {
                                         ^
component/appman/downloadmanager/downloader/oc/basesdk/workspace/src/../inc/../../src/sdk_time.c: In function 'sdk_adjust_baseTime':
component/appman/downloadmanager/downloader/oc/basesdk/workspace/src/../inc/../../src/sdk_time.c:1163:42: warning: unused parameter 'et' [-Wunused-parameter]
 SDK_API int sdk_adjust_baseTime(EisTime *et)
                                          ^
component/appman/downloadmanager/downloader/oc/basesdk/workspace/src/../inc/../../src/sdk_time.c: In function 'base_timer_thred_proc':
component/appman/downloadmanager/downloader/oc/basesdk/workspace/src/../inc/../../src/sdk_time.c:1180:41: warning: unused parameter 'handle' [-Wunused-parameter]
 static si32 base_timer_thred_proc(void *handle)
                                         ^
In file included from component/appman/downloadmanager/downloader/oc/basesdk/workspace/src/../inc/basesdk_src.h:30:0,
                 from component/appman/downloadmanager/downloader/oc/basesdk/workspace/src/basesdk_src.c:5:
component/appman/downloadmanager/downloader/oc/basesdk/workspace/src/../inc/../../src/sdk_float.c: In function 'Balloc':
component/appman/downloadmanager/downloader/oc/basesdk/workspace/src/../inc/../../src/sdk_float.c:492:2: warning: suggest parentheses around assignment used as truth value [-Wparentheses]
  if (rv = freelist[k]) {
  ^
component/appman/downloadmanager/downloader/oc/basesdk/workspace/src/../inc/../../src/sdk_float.c: In function 'mult':
component/appman/downloadmanager/downloader/oc/basesdk/workspace/src/../inc/../../src/sdk_float.c:744:3: warning: suggest parentheses around assignment used as truth value [-Wparentheses]
   if (y = *xb & 0xffff) {
   ^
component/appman/downloadmanager/downloader/oc/basesdk/workspace/src/../inc/../../src/sdk_float.c:758:3: warning: suggest parentheses around assignment used as truth value [-Wparentheses]
   if (y = *xb >> 16) {
   ^
component/appman/downloadmanager/downloader/oc/basesdk/workspace/src/../inc/../../src/sdk_float.c: In function 'pow5mult':
component/appman/downloadmanager/downloader/oc/basesdk/workspace/src/../inc/../../src/sdk_float.c:804:2: warning: suggest parentheses around assignment used as truth value [-Wparentheses]
  if (i = k & 3)
  ^
component/appman/downloadmanager/downloader/oc/basesdk/workspace/src/../inc/../../src/sdk_float.c: In function 'lshift':
component/appman/downloadmanager/downloader/oc/basesdk/workspace/src/../inc/../../src/sdk_float.c:879:3: warning: suggest parentheses around assignment used as truth value [-Wparentheses]
   if (*x1 = z)
   ^
component/appman/downloadmanager/downloader/oc/basesdk/workspace/src/../inc/../../src/sdk_float.c: In function 'd2b':
component/appman/downloadmanager/downloader/oc/basesdk/workspace/src/../inc/../../src/sdk_float.c:1151:2: warning: suggest parentheses around assignment used as truth value [-Wparentheses]
  if (de = (int)(d0 >> Exp_shift))
  ^
component/appman/downloadmanager/downloader/oc/basesdk/workspace/src/../inc/../../src/sdk_float.c:1158:2: warning: suggest parentheses around assignment used as truth value [-Wparentheses]
  if (y = d1) {
  ^
component/appman/downloadmanager/downloader/oc/basesdk/workspace/src/../inc/../../src/sdk_float.c:1159:3: warning: suggest parentheses around assignment used as truth value [-Wparentheses]
   if (k = lo0bits(&y)) {
   ^
component/appman/downloadmanager/downloader/oc/basesdk/workspace/src/../inc/../../src/sdk_float.c: In function 'eis_strtod':
component/appman/downloadmanager/downloader/oc/basesdk/workspace/src/../inc/../../src/sdk_float.c:1698:4: warning: suggest parentheses around assignment used as truth value [-Wparentheses]
    if (i = e1 & 15)
    ^
component/appman/downloadmanager/downloader/oc/basesdk/workspace/src/../inc/../../src/sdk_float.c:1758:4: warning: suggest parentheses around assignment used as truth value [-Wparentheses]
    if (i = e1 & 15)
    ^
component/appman/downloadmanager/downloader/oc/basesdk/workspace/src/../inc/../../src/sdk_float.c: In function 'nrv_alloc':
component/appman/downloadmanager/downloader/oc/basesdk/workspace/src/../inc/../../src/sdk_float.c:2423:2: warning: suggest parentheses around assignment used as truth value [-Wparentheses]
  while(*t = *s++) t++;
  ^
component/appman/downloadmanager/downloader/oc/basesdk/workspace/src/../inc/../../src/sdk_float.c: In function 'dtoa':
component/appman/downloadmanager/downloader/oc/basesdk/workspace/src/../inc/../../src/sdk_float.c:2590:2: warning: suggest parentheses around assignment used as truth value [-Wparentheses]
  if (i = ((int)(word0(d) >> Exp_shift1) & (Exp_mask>>Exp_shift1))) {
  ^
component/appman/downloadmanager/downloader/oc/basesdk/workspace/src/../inc/../../src/sdk_float.c:2753:3: warning: suggest parentheses around assignment used as truth value [-Wparentheses]
   else if (j1 = -k) {
   ^
component/appman/downloadmanager/downloader/oc/basesdk/workspace/src/../inc/../../src/sdk_float.c:2876:39: warning: suggest parentheses around '&&' within '||' [-Wparentheses]
     if (dval(d) > ds || dval(d) == ds && L & 1) {
                                       ^
component/appman/downloadmanager/downloader/oc/basesdk/workspace/src/../inc/../../src/sdk_float.c:2923:4: warning: suggest parentheses around assignment used as truth value [-Wparentheses]
    if (j = b5 - m5)
    ^
component/appman/downloadmanager/downloader/oc/basesdk/workspace/src/../inc/../../src/sdk_float.c:2974:2: warning: suggest parentheses around assignment used as truth value [-Wparentheses]
  if (i = ((s5 ? 32 - hi0bits(S->x[S->wds-1]) : 1) + s2) & 0x1f)
  ^
component/appman/downloadmanager/downloader/oc/basesdk/workspace/src/../inc/../../src/sdk_float.c:3065:5: warning: suggest parentheses around '&&' within '||' [-Wparentheses]
     && !(word1(d) & 1)
     ^
component/appman/downloadmanager/downloader/oc/basesdk/workspace/src/../inc/../../src/sdk_float.c:3084:29: warning: suggest parentheses around '&&' within '||' [-Wparentheses]
      if ((j1 > 0 || j1 == 0 && dig & 1)
                             ^
component/appman/downloadmanager/downloader/oc/basesdk/workspace/src/../inc/../../src/sdk_float.c:3144:22: warning: suggest parentheses around '&&' within '||' [-Wparentheses]
  if (j > 0 || j == 0 && dig & 1) {
                      ^
component/appman/downloadmanager/downloader/oc/basesdk/workspace/src/../inc/../../src/sdk_float.c: In function 'ipanel_double_fmt':
component/appman/downloadmanager/downloader/oc/basesdk/workspace/src/../inc/../../src/sdk_float.c:3274:3: warning: suggest parentheses around assignment used as truth value [-Wparentheses]
   while(*b++ = *s++);
   ^
