In file included from device/hisilicon/bigfish/HiSTBSDKV6R2/source/msp/include/hi_video_codec.h:28:0,
                 from device/hisilicon/bigfish/HiSTBSDKV6R2/source/msp/api/vdec/vdec_v2.0/mpi_vdec_adapter.c:29:
device/hisilicon/bigfish/HiSTBSDKV6R2/source/common/include/hi_type.h:44:23: warning: ISO C90 does not support 'long long' [-Wlong-long]
 typedef unsigned long long      HI_U64;
                       ^
device/hisilicon/bigfish/HiSTBSDKV6R2/source/common/include/hi_type.h:45:14: warning: ISO C90 does not support 'long long' [-Wlong-long]
 typedef long long               HI_S64;
              ^
In file included from device/hisilicon/bigfish/HiSTBSDKV6R2/source/msp/api/vdec/vdec_v2.0/mpi_vdec_adapter.c:38:0:
device/hisilicon/bigfish/HiSTBSDKV6R2/source/msp/drv/vfmw/vfmw_v5.0/vfmw.h:33:24: warning: ISO C90 does not support 'long long' [-Wlong-long]
 typedef  unsigned long long UINT64;
                        ^
device/hisilicon/bigfish/HiSTBSDKV6R2/source/msp/drv/vfmw/vfmw_v5.0/vfmw.h:34:15: warning: ISO C90 does not support 'long long' [-Wlong-long]
 typedef  long long          SINT64;
               ^
In file included from device/hisilicon/bigfish/HiSTBSDKV6R2/source/msp/api/vdec/vdec_v2.0/mpi_vdec_adapter.c:41:0:
device/hisilicon/bigfish/HiSTBSDKV6R2/source/msp/api/vdec/vdec_v2.0/list.h:41:23: warning: ISO C90 does not support 'long long' [-Wlong-long]
 typedef unsigned long long HPT_UPTR;
                       ^
device/hisilicon/bigfish/HiSTBSDKV6R2/source/msp/api/vdec/vdec_v2.0/mpi_vdec_adapter.c: In function 'VDEC_SetTunnelMode':
device/hisilicon/bigfish/HiSTBSDKV6R2/source/msp/api/vdec/vdec_v2.0/mpi_vdec_adapter.c:2522:37: warning: unused parameter 'hInst' [-Wunused-parameter]
 HI_S32 VDEC_SetTunnelMode(HI_HANDLE hInst, HI_U32 u32Enable)
                                     ^
