device/hisilicon/bigfish/frameworks/hiaudio/libs/HiAoService.cpp:20:0: warning: "LOG_TAG" redefined [enabled by default]
 #define  LOG_TAG "AOService"
 ^
In file included from platform/android/system/core/include/cutils/log.h:1:0,
                 from platform/android/system/core/include/utils/Vector.h:24,
                 from platform/android/frameworks/native/include/binder/IBinder.h:23,
                 from platform/android/frameworks/native/include/binder/Binder.h:22,
                 from platform/android/frameworks/native/include/binder/IInterface.h:21,
                 from platform/android/frameworks/native/include/binder/IServiceManager.h:21,
                 from device/hisilicon/bigfish/frameworks/hiaudio/libs/HiAoService.cpp:1:
platform/android/system/core/include/log/log.h:67:0: note: this is the location of the previous definition
 #define LOG_TAG NULL
 ^
device/hisilicon/bigfish/frameworks/hiaudio/libs/HiAoService.cpp:21:0: warning: "LOG_NDEBUG" redefined [enabled by default]
 #define LOG_NDEBUG 0
 ^
In file included from platform/android/system/core/include/cutils/log.h:1:0,
                 from platform/android/system/core/include/utils/Vector.h:24,
                 from platform/android/frameworks/native/include/binder/IBinder.h:23,
                 from platform/android/frameworks/native/include/binder/Binder.h:22,
                 from platform/android/frameworks/native/include/binder/IInterface.h:21,
                 from platform/android/frameworks/native/include/binder/IServiceManager.h:21,
                 from device/hisilicon/bigfish/frameworks/hiaudio/libs/HiAoService.cpp:1:
platform/android/system/core/include/log/log.h:55:0: note: this is the location of the previous definition
 #define LOG_NDEBUG 1
 ^
