platform/android/external/icu/icu4c/source/common/ucnvlat1.c: In function '_Latin1GetUnicodeSet':
platform/android/external/icu/icu4c/source/common/ucnvlat1.c:418:40: warning: unused parameter 'cnv' [-Wunused-parameter]
 _Latin1GetUnicodeSet(const UConverter *cnv,
                                        ^
platform/android/external/icu/icu4c/source/common/ucnvlat1.c:420:43: warning: unused parameter 'which' [-Wunused-parameter]
                      UConverterUnicodeSet which,
                                           ^
platform/android/external/icu/icu4c/source/common/ucnvlat1.c:421:34: warning: unused parameter 'pErrorCode' [-Wunused-parameter]
                      UErrorCode *pErrorCode) {
                                  ^
platform/android/external/icu/icu4c/source/common/ucnvlat1.c: At top level:
platform/android/external/icu/icu4c/source/common/ucnvlat1.c:465:1: warning: missing initializer for field 'mbcs' of 'UConverterSharedData' [-Wmissing-field-initializers]
 };
 ^
In file included from platform/android/external/icu/icu4c/source/common/ucnvlat1.c:22:0:
platform/android/external/icu/icu4c/source/common/ucnv_bld.h:125:25: note: 'mbcs' declared here
     UConverterMBCSTable mbcs;
                         ^
platform/android/external/icu/icu4c/source/common/ucnvlat1.c: In function '_ASCIIGetUnicodeSet':
platform/android/external/icu/icu4c/source/common/ucnvlat1.c:695:39: warning: unused parameter 'cnv' [-Wunused-parameter]
 _ASCIIGetUnicodeSet(const UConverter *cnv,
                                       ^
platform/android/external/icu/icu4c/source/common/ucnvlat1.c:697:42: warning: unused parameter 'which' [-Wunused-parameter]
                     UConverterUnicodeSet which,
                                          ^
platform/android/external/icu/icu4c/source/common/ucnvlat1.c:698:33: warning: unused parameter 'pErrorCode' [-Wunused-parameter]
                     UErrorCode *pErrorCode) {
                                 ^
platform/android/external/icu/icu4c/source/common/ucnvlat1.c: At top level:
platform/android/external/icu/icu4c/source/common/ucnvlat1.c:742:1: warning: missing initializer for field 'mbcs' of 'UConverterSharedData' [-Wmissing-field-initializers]
 };
 ^
In file included from platform/android/external/icu/icu4c/source/common/ucnvlat1.c:22:0:
platform/android/external/icu/icu4c/source/common/ucnv_bld.h:125:25: note: 'mbcs' declared here
     UConverterMBCSTable mbcs;
                         ^
