platform/android/external/ppp/pppd/main.c: In function 'main':
platform/android/external/ppp/pppd/main.c:598:29: warning: suggest braces around empty body in an 'if' statement [-Wempty-body]
       mp_bundle_terminated();
                             ^
platform/android/external/ppp/pppd/main.c: In function 'create_pidfile':
platform/android/external/ppp/pppd/main.c:859:9: warning: unused parameter 'pid' [-Wunused-parameter]
     int pid;
         ^
platform/android/external/ppp/pppd/main.c: In function 'create_linkpidfile':
platform/android/external/ppp/pppd/main.c:878:9: warning: unused parameter 'pid' [-Wunused-parameter]
     int pid;
         ^
platform/android/external/ppp/pppd/main.c: In function 'holdoff_end':
platform/android/external/ppp/pppd/main.c:920:11: warning: unused parameter 'arg' [-Wunused-parameter]
     void *arg;
           ^
platform/android/external/ppp/pppd/main.c: In function 'ppp_send_config':
platform/android/external/ppp/pppd/main.c:1106:9: warning: unused parameter 'unit' [-Wunused-parameter]
     int unit, mtu;
         ^
platform/android/external/ppp/pppd/main.c: In function 'ppp_recv_config':
platform/android/external/ppp/pppd/main.c:1127:9: warning: unused parameter 'unit' [-Wunused-parameter]
     int unit, mru;
         ^
platform/android/external/ppp/pppd/main.c: In function 'chld':
platform/android/external/ppp/pppd/main.c:1447:9: warning: unused parameter 'sig' [-Wunused-parameter]
     int sig;
         ^
platform/android/external/ppp/pppd/main.c: In function 'toggle_debug':
platform/android/external/ppp/pppd/main.c:1463:9: warning: unused parameter 'sig' [-Wunused-parameter]
     int sig;
         ^
platform/android/external/ppp/pppd/main.c: In function 'open_ccp':
platform/android/external/ppp/pppd/main.c:1482:9: warning: unused parameter 'sig' [-Wunused-parameter]
     int sig;
         ^
platform/android/external/ppp/pppd/main.c: In function 'childwait_end':
platform/android/external/ppp/pppd/main.c:1783:11: warning: unused parameter 'arg' [-Wunused-parameter]
     void *arg;
           ^
