component/dtv/service/src/mid/psi/mid_psi.c:10:0: warning: "LOG_TAG" redefined [enabled by default]
 #define LOG_TAG "mid_psi.c"
 ^
In file included from platform/android/system/core/include/cutils/log.h:1:0,
                 from platform/android/system/core/include/utils/Log.h:31,
                 from component/dtv/service/src/drv/include/com_debug.h:11,
                 from component/dtv/service/src/mid/psi/mid_psi.c:4:
platform/android/system/core/include/log/log.h:67:0: note: this is the location of the previous definition
 #define LOG_TAG NULL
 ^
component/dtv/service/src/mid/psi/mid_psi.c: In function 'DRV_PSI_FreeTable':
component/dtv/service/src/mid/psi/mid_psi.c:283:38: warning: unused parameter 'Device' [-Wunused-parameter]
 DRV_PSI_RESULT DRV_PSI_FreeTable(int Device, DRV_PSI_TABLE_CONTAINER *TableContainer)
                                      ^
component/dtv/service/src/mid/psi/mid_psi.c: In function 'DRV_PSI_FreeSectionContainer':
component/dtv/service/src/mid/psi/mid_psi.c:397:49: warning: unused parameter 'Device' [-Wunused-parameter]
 DRV_PSI_RESULT DRV_PSI_FreeSectionContainer(int Device, DRV_PSI_SECTION_CONTAINER *SectionContainer)
                                                 ^
component/dtv/service/src/mid/psi/mid_psi.c: In function 'DRV_PSI_FreeSegmentContainer':
component/dtv/service/src/mid/psi/mid_psi.c:521:49: warning: unused parameter 'Device' [-Wunused-parameter]
 DRV_PSI_RESULT DRV_PSI_FreeSegmentContainer(int Device, DRV_PSI_SEGMENT_CONTAINER *SegmentContainer)
                                                 ^
component/dtv/service/src/mid/psi/mid_psi.c: In function 'DRV_PSI_GetTableNumAndStatus':
component/dtv/service/src/mid/psi/mid_psi.c:820:49: warning: unused parameter 'Device' [-Wunused-parameter]
 DRV_PSI_RESULT DRV_PSI_GetTableNumAndStatus(int Device, U16 Pid, U8 TableId, int MaxNum, int *TableNum, DRV_PSI_TABLE_STATUS *TableStatus)
                                                 ^
component/dtv/service/src/mid/psi/mid_psi.c: In function 'DRV_PSI_ClearCache':
component/dtv/service/src/mid/psi/mid_psi.c:888:39: warning: unused parameter 'Device' [-Wunused-parameter]
 DRV_PSI_RESULT DRV_PSI_ClearCache(int Device)
                                       ^
component/dtv/service/src/mid/psi/mid_psi.c: In function 'DRV_PSI_DeleteCacheItem':
component/dtv/service/src/mid/psi/mid_psi.c:939:44: warning: unused parameter 'Device' [-Wunused-parameter]
 DRV_PSI_RESULT DRV_PSI_DeleteCacheItem(int Device, DRV_PSI_CACHE_ITEM_PARAMS *ItemParams)
                                            ^
component/dtv/service/src/mid/psi/mid_psi.c: In function 'DRV_PSI_GetCacheStatus':
component/dtv/service/src/mid/psi/mid_psi.c:1019:43: warning: unused parameter 'Device' [-Wunused-parameter]
 DRV_PSI_RESULT DRV_PSI_GetCacheStatus(int Device, DRV_PSI_CACHE_STATUS *CacheStatus)
                                           ^
component/dtv/service/src/mid/psi/mid_psi.c: In function 'CaptureID_UpdateCallback':
component/dtv/service/src/mid/psi/mid_psi.c:1109:35: warning: unused parameter 'Device' [-Wunused-parameter]
 void CaptureID_UpdateCallback(int Device, DRV_PSI_CAPTURE_HANDLE Handle, DRV_PSI_TABLE_CONTAINER *Container)
                                   ^
component/dtv/service/src/mid/psi/mid_psi.c: In function 'CaptureID_CompleteCallback':
component/dtv/service/src/mid/psi/mid_psi.c:1143:37: warning: unused parameter 'Device' [-Wunused-parameter]
 void CaptureID_CompleteCallback(int Device, DRV_PSI_CAPTURE_HANDLE Handle, DRV_PSI_TABLE_CONTAINER *Container)
                                     ^
component/dtv/service/src/mid/psi/mid_psi.c: In function 'CaptureID_SectionCallback':
component/dtv/service/src/mid/psi/mid_psi.c:1174:36: warning: unused parameter 'Device' [-Wunused-parameter]
 void CaptureID_SectionCallback(int Device, DRV_PSI_CAPTURE_HANDLE Handle, DRV_PSI_SECTION_CONTAINER *Container)
                                    ^
component/dtv/service/src/mid/psi/mid_psi.c: In function 'DRV_PSI_ReadTableData':
component/dtv/service/src/mid/psi/mid_psi.c:1364:106: warning: unused parameter 'ri_timeout' [-Wunused-parameter]
 DRV_PSI_RESULT DRV_PSI_ReadTableData(int ri_TableRequireID, DRV_PSI_TABLE_CONTAINER ** TableContent, int ri_timeout)
                                                                                                          ^
