In file included from component/appman/downloadmanager/downloader/oc/libsdk/workspace/src/sdk_src2.c:2:0:
component/appman/downloadmanager/downloader/oc/includeExport/project/project_cfg.h:4:0: warning: ignoring #pragma warning  [-Wunknown-pragmas]
 #pragma warning(disable:4996 4819 4244 4267 4311 4312 4133)
 ^
In file included from component/appman/downloadmanager/downloader/oc/libsdk/workspace/src/../inc/sdk_src.h:34:0,
                 from component/appman/downloadmanager/downloader/oc/libsdk/workspace/src/sdk_src2.c:5:
component/appman/downloadmanager/downloader/oc/libsdk/workspace/src/../inc/../../src/sdk_zip2.c: In function '_get_zip_file_list':
component/appman/downloadmanager/downloader/oc/libsdk/workspace/src/../inc/../../src/sdk_zip2.c:439:5: warning: missing braces around initializer [-Wmissing-braces]
     ZipEntry entry[1] = {0}, *ze;
     ^
component/appman/downloadmanager/downloader/oc/libsdk/workspace/src/../inc/../../src/sdk_zip2.c:439:5: warning: (near initialization for 'entry[0]') [-Wmissing-braces]
component/appman/downloadmanager/downloader/oc/libsdk/workspace/src/../inc/../../src/sdk_zip2.c: In function '_get_zip_set_root_dir':
component/appman/downloadmanager/downloader/oc/libsdk/workspace/src/../inc/../../src/sdk_zip2.c:495:5: warning: missing braces around initializer [-Wmissing-braces]
     ZipEntry entry[1] = {0};
     ^
component/appman/downloadmanager/downloader/oc/libsdk/workspace/src/../inc/../../src/sdk_zip2.c:495:5: warning: (near initialization for 'entry[0]') [-Wmissing-braces]
component/appman/downloadmanager/downloader/oc/libsdk/workspace/src/../inc/../../src/sdk_zip2.c: In function 'zip_file_save_to_flash':
component/appman/downloadmanager/downloader/oc/libsdk/workspace/src/../inc/../../src/sdk_zip2.c:714:5: warning: missing braces around initializer [-Wmissing-braces]
     ZipDest zd = {0};
     ^
component/appman/downloadmanager/downloader/oc/libsdk/workspace/src/../inc/../../src/sdk_zip2.c:714:5: warning: (near initialization for 'zd.path') [-Wmissing-braces]
component/appman/downloadmanager/downloader/oc/libsdk/workspace/src/../inc/../../src/sdk_zip2.c:714:5: warning: missing initializer for field 'f_open' of 'ZipDest' [-Wmissing-field-initializers]
In file included from component/appman/downloadmanager/downloader/oc/libsdk/workspace/src/../inc/../../src/sdk_zip2.c:9:0,
                 from component/appman/downloadmanager/downloader/oc/libsdk/workspace/src/../inc/sdk_src.h:34,
                 from component/appman/downloadmanager/downloader/oc/libsdk/workspace/src/sdk_src2.c:5:
component/appman/downloadmanager/downloader/oc/includeExport/sdk/sdk_zip.h:96:21: note: 'f_open' declared here
     ZIPFILE_OPEN    f_open;        //zip打开的目标文件，用户空间保证创建目录
                     ^
In file included from component/appman/downloadmanager/downloader/oc/libsdk/workspace/src/../inc/sdk_src.h:34:0,
                 from component/appman/downloadmanager/downloader/oc/libsdk/workspace/src/sdk_src2.c:5:
component/appman/downloadmanager/downloader/oc/libsdk/workspace/src/../inc/../../src/sdk_zip2.c:739:9: warning: missing braces around initializer [-Wmissing-braces]
         ZipName name = {0};
         ^
component/appman/downloadmanager/downloader/oc/libsdk/workspace/src/../inc/../../src/sdk_zip2.c:739:9: warning: (near initialization for 'name.name') [-Wmissing-braces]
component/appman/downloadmanager/downloader/oc/libsdk/workspace/src/../inc/../../src/sdk_zip2.c:739:9: warning: missing initializer for field 'uncompsize' of 'ZipName' [-Wmissing-field-initializers]
In file included from component/appman/downloadmanager/downloader/oc/libsdk/workspace/src/../inc/../../src/sdk_zip2.c:9:0,
                 from component/appman/downloadmanager/downloader/oc/libsdk/workspace/src/../inc/sdk_src.h:34,
                 from component/appman/downloadmanager/downloader/oc/libsdk/workspace/src/sdk_src2.c:5:
component/appman/downloadmanager/downloader/oc/includeExport/sdk/sdk_zip.h:104:21: note: 'uncompsize' declared here
     int             uncompsize;
                     ^
In file included from component/appman/downloadmanager/downloader/oc/libsdk/workspace/src/../inc/sdk_src.h:34:0,
                 from component/appman/downloadmanager/downloader/oc/libsdk/workspace/src/sdk_src2.c:5:
component/appman/downloadmanager/downloader/oc/libsdk/workspace/src/../inc/../../src/sdk_zip2.c: In function 'zip_new_stream':
component/appman/downloadmanager/downloader/oc/libsdk/workspace/src/../inc/../../src/sdk_zip2.c:806:37: warning: unused parameter 'me' [-Wunused-parameter]
 DataStream* zip_new_stream(ZipFile* me, const char* name)
                                     ^
component/appman/downloadmanager/downloader/oc/libsdk/workspace/src/../inc/../../src/sdk_zip2.c:806:53: warning: unused parameter 'name' [-Wunused-parameter]
 DataStream* zip_new_stream(ZipFile* me, const char* name)
                                                     ^
component/appman/downloadmanager/downloader/oc/libsdk/workspace/src/../inc/../../src/sdk_zip2.c: In function 'zip_unzip':
component/appman/downloadmanager/downloader/oc/libsdk/workspace/src/../inc/../../src/sdk_zip2.c:1081:5: warning: missing braces around initializer [-Wmissing-braces]
     ZipEntry ze[1] = {0};
     ^
component/appman/downloadmanager/downloader/oc/libsdk/workspace/src/../inc/../../src/sdk_zip2.c:1081:5: warning: (near initialization for 'ze[0]') [-Wmissing-braces]
component/appman/downloadmanager/downloader/oc/libsdk/workspace/src/../inc/../../src/sdk_zip2.c:1106:5: warning: comparison is always false due to limited range of data type [-Wtype-limits]
     if (namebuf[nameLen - 1] == '/' || namebuf[nameLen - 1] == '//') {
     ^
component/appman/downloadmanager/downloader/oc/libsdk/workspace/src/../inc/../../src/sdk_zip2.c:1146:36: warning: signed and unsigned type in conditional expression [-Wsign-compare]
     return ok == 1 ? ze->unco_size : -2;
                                    ^
component/appman/downloadmanager/downloader/oc/libsdk/workspace/src/../inc/../../src/sdk_zip2.c: In function 'zip_unzipNext':
component/appman/downloadmanager/downloader/oc/libsdk/workspace/src/../inc/../../src/sdk_zip2.c:1156:5: warning: missing braces around initializer [-Wmissing-braces]
     ZipEntry ze[1] = {0};
     ^
component/appman/downloadmanager/downloader/oc/libsdk/workspace/src/../inc/../../src/sdk_zip2.c:1156:5: warning: (near initialization for 'ze[0]') [-Wmissing-braces]
component/appman/downloadmanager/downloader/oc/libsdk/workspace/src/../inc/../../src/sdk_zip2.c:1188:5: warning: comparison is always false due to limited range of data type [-Wtype-limits]
     if (namebuf[nameLen - 1] == '/' || namebuf[nameLen - 1] == '//') {
     ^
component/appman/downloadmanager/downloader/oc/libsdk/workspace/src/../inc/../../src/sdk_zip2.c: In function 'zip_seek':
component/appman/downloadmanager/downloader/oc/libsdk/workspace/src/../inc/../../src/sdk_zip2.c:1276:5: warning: missing braces around initializer [-Wmissing-braces]
     ZipEntry entry[1] = {0};
     ^
component/appman/downloadmanager/downloader/oc/libsdk/workspace/src/../inc/../../src/sdk_zip2.c:1276:5: warning: (near initialization for 'entry[0]') [-Wmissing-braces]
In file included from component/appman/downloadmanager/downloader/oc/libsdk/workspace/src/../inc/sdk_src.h:37:0,
                 from component/appman/downloadmanager/downloader/oc/libsdk/workspace/src/sdk_src2.c:5:
component/appman/downloadmanager/downloader/oc/libsdk/workspace/src/../inc/../../src/url_util.c: In function 'URL_loadStream':
component/appman/downloadmanager/downloader/oc/libsdk/workspace/src/../inc/../../src/url_util.c:2:32: warning: unused parameter 'url' [-Wunused-parameter]
 int URL_loadStream(const char *url, DataStream *stream)
                                ^
component/appman/downloadmanager/downloader/oc/libsdk/workspace/src/../inc/../../src/url_util.c:2:49: warning: unused parameter 'stream' [-Wunused-parameter]
 int URL_loadStream(const char *url, DataStream *stream)
                                                 ^
component/appman/downloadmanager/downloader/oc/libsdk/workspace/src/../inc/../../src/url_util.c: In function 'URL_loadStreamEx':
component/appman/downloadmanager/downloader/oc/libsdk/workspace/src/../inc/../../src/url_util.c:7:34: warning: unused parameter 'url' [-Wunused-parameter]
 int URL_loadStreamEx(const char *url, DataStream *stream, int *flag_rdfs)
                                  ^
component/appman/downloadmanager/downloader/oc/libsdk/workspace/src/../inc/../../src/url_util.c:7:51: warning: unused parameter 'stream' [-Wunused-parameter]
 int URL_loadStreamEx(const char *url, DataStream *stream, int *flag_rdfs)
                                                   ^
component/appman/downloadmanager/downloader/oc/libsdk/workspace/src/../inc/../../src/url_util.c:7:64: warning: unused parameter 'flag_rdfs' [-Wunused-parameter]
 int URL_loadStreamEx(const char *url, DataStream *stream, int *flag_rdfs)
                                                                ^
In file included from component/appman/downloadmanager/downloader/oc/libsdk/workspace/src/../inc/sdk_src.h:41:0,
                 from component/appman/downloadmanager/downloader/oc/libsdk/workspace/src/sdk_src2.c:5:
component/appman/downloadmanager/downloader/oc/libsdk/workspace/src/../inc/../../src/sdk_os.c: In function 'sdk_os_sem_create':
component/appman/downloadmanager/downloader/oc/libsdk/workspace/src/../inc/../../src/sdk_os.c:34:80: warning: unused parameter 'wait_mode' [-Wunused-parameter]
 UINT32_T sdk_os_sem_create(CONST CHAR_T* name, INT32_T initial_count, UINT32_T wait_mode)
                                                                                ^
component/appman/downloadmanager/downloader/oc/libsdk/workspace/src/../inc/../../src/sdk_os.c: In function 'sdk_os_queue_create':
component/appman/downloadmanager/downloader/oc/libsdk/workspace/src/../inc/../../src/sdk_os.c:86:44: warning: unused parameter 'name' [-Wunused-parameter]
 UINT32_T sdk_os_queue_create(CONST CHAR_T* name, UINT32_T len, UINT32_T wait_mode)
                                            ^
component/appman/downloadmanager/downloader/oc/libsdk/workspace/src/../inc/../../src/sdk_os.c:86:73: warning: unused parameter 'wait_mode' [-Wunused-parameter]
 UINT32_T sdk_os_queue_create(CONST CHAR_T* name, UINT32_T len, UINT32_T wait_mode)
                                                                         ^
In file included from component/appman/downloadmanager/downloader/oc/libsdk/workspace/src/../inc/sdk_src.h:41:0,
                 from component/appman/downloadmanager/downloader/oc/libsdk/workspace/src/sdk_src2.c:5:
component/appman/downloadmanager/downloader/oc/libsdk/workspace/src/../inc/../../src/sdk_os.c: In function 'sdk_os_mutex_create':
component/appman/downloadmanager/downloader/oc/libsdk/workspace/src/../inc/../../src/sdk_os.c:139:44: warning: unused parameter 'name' [-Wunused-parameter]
 UINT32_T sdk_os_mutex_create(CONST CHAR_T* name, IPANEL_MUTEX_TYPE_e type)
                                            ^
component/appman/downloadmanager/downloader/oc/libsdk/workspace/src/../inc/../../src/sdk_os.c:139:70: warning: unused parameter 'type' [-Wunused-parameter]
 UINT32_T sdk_os_mutex_create(CONST CHAR_T* name, IPANEL_MUTEX_TYPE_e type)
                                                                      ^
In file included from component/appman/downloadmanager/downloader/oc/libsdk/workspace/src/../inc/sdk_src.h:42:0,
                 from component/appman/downloadmanager/downloader/oc/libsdk/workspace/src/sdk_src2.c:5:
component/appman/downloadmanager/downloader/oc/libsdk/workspace/src/../inc/../../src/base64.c: In function 'sdk_base64_decode':
component/appman/downloadmanager/downloader/oc/libsdk/workspace/src/../inc/../../src/base64.c:150:3: warning: comparison is always true due to limited range of data type [-Wtype-limits]
   if(base64_dtable[c]>=0) {
   ^
In file included from component/appman/downloadmanager/downloader/oc/libsdk/workspace/src/../inc/sdk_src.h:44:0,
                 from component/appman/downloadmanager/downloader/oc/libsdk/workspace/src/sdk_src2.c:5:
component/appman/downloadmanager/downloader/oc/libsdk/workspace/src/../inc/../../src/sdk_product.c: In function 'sdk_getProductInfo':
component/appman/downloadmanager/downloader/oc/libsdk/workspace/src/../inc/../../src/sdk_product.c:126:3: warning: suggest parentheses around assignment used as truth value [-Wparentheses]
   CHECK_PRODUCT_INFO2(IPANEL_SYSTEM_BELONGTO, "system-info-belongto");
   ^
component/appman/downloadmanager/downloader/oc/libsdk/workspace/src/../inc/../../src/sdk_product.c:127:3: warning: suggest parentheses around assignment used as truth value [-Wparentheses]
   CHECK_PRODUCT_INFO2(IPANEL_SYSTEM_CA_PROVIDER, "system-info-ca-provider");
   ^
component/appman/downloadmanager/downloader/oc/libsdk/workspace/src/../inc/../../src/sdk_product.c:128:3: warning: suggest parentheses around assignment used as truth value [-Wparentheses]
   CHECK_PRODUCT_INFO2(IPANEL_SYSTEM_COMM_MODULE, "system-info-comm-module");
   ^
component/appman/downloadmanager/downloader/oc/libsdk/workspace/src/../inc/../../src/sdk_product.c:129:3: warning: suggest parentheses around assignment used as truth value [-Wparentheses]
   CHECK_PRODUCT_INFO2(IPANEL_SYSTEM_COPYRIGHT, "system-info-copyright");
   ^
component/appman/downloadmanager/downloader/oc/libsdk/workspace/src/../inc/../../src/sdk_product.c:130:3: warning: suggest parentheses around assignment used as truth value [-Wparentheses]
   CHECK_PRODUCT_INFO2(IPANEL_SYSTEM_CPU_BASICFREQ, "system-info-cpu-basicfreq");
   ^
component/appman/downloadmanager/downloader/oc/libsdk/workspace/src/../inc/../../src/sdk_product.c:131:3: warning: suggest parentheses around assignment used as truth value [-Wparentheses]
   CHECK_PRODUCT_INFO2(IPANEL_SYSTEM_CPU_BITS, "system-info-cpu-bits");
   ^
component/appman/downloadmanager/downloader/oc/libsdk/workspace/src/../inc/../../src/sdk_product.c:132:3: warning: suggest parentheses around assignment used as truth value [-Wparentheses]
   CHECK_PRODUCT_INFO2(IPANEL_SYSTEM_CPU_ENDIAN_TYPE, "system-info-cpu-endian-type");
   ^
component/appman/downloadmanager/downloader/oc/libsdk/workspace/src/../inc/../../src/sdk_product.c:133:3: warning: suggest parentheses around assignment used as truth value [-Wparentheses]
   CHECK_PRODUCT_INFO2(IPANEL_SYSTEM_CPU_INSTRUCTION_LENGTH, "system-info-cpu-instruction-length");
   ^
component/appman/downloadmanager/downloader/oc/libsdk/workspace/src/../inc/../../src/sdk_product.c:134:3: warning: suggest parentheses around assignment used as truth value [-Wparentheses]
   CHECK_PRODUCT_INFO2(IPANEL_SYSTEM_ETHERNET, "system-info-ethernet");
   ^
component/appman/downloadmanager/downloader/oc/libsdk/workspace/src/../inc/../../src/sdk_product.c:135:3: warning: suggest parentheses around assignment used as truth value [-Wparentheses]
   CHECK_PRODUCT_INFO2(IPANEL_SYSTEM_FLASH_SIZE, "system-info-flash-size");
   ^
component/appman/downloadmanager/downloader/oc/libsdk/workspace/src/../inc/../../src/sdk_product.c:136:3: warning: suggest parentheses around assignment used as truth value [-Wparentheses]
   CHECK_PRODUCT_INFO2(IPANEL_SYSTEM_FUNCTION_TYPE, "system-info-function-type");
   ^
component/appman/downloadmanager/downloader/oc/libsdk/workspace/src/../inc/../../src/sdk_product.c:137:3: warning: suggest parentheses around assignment used as truth value [-Wparentheses]
   CHECK_PRODUCT_INFO2(IPANEL_SYSTEM_GRAPHIC_FORMAT, "system-info-graphic-format");
   ^
component/appman/downloadmanager/downloader/oc/libsdk/workspace/src/../inc/../../src/sdk_product.c:138:3: warning: suggest parentheses around assignment used as truth value [-Wparentheses]
   CHECK_PRODUCT_INFO2(IPANEL_SYSTEM_LOGO, "system-info-logo");
   ^
component/appman/downloadmanager/downloader/oc/libsdk/workspace/src/../inc/../../src/sdk_product.c:139:3: warning: suggest parentheses around assignment used as truth value [-Wparentheses]
   CHECK_PRODUCT_INFO2(IPANEL_SYSTEM_MODEM, "system-info-modem");
   ^
component/appman/downloadmanager/downloader/oc/libsdk/workspace/src/../inc/../../src/sdk_product.c:140:3: warning: suggest parentheses around assignment used as truth value [-Wparentheses]
   CHECK_PRODUCT_INFO2(IPANEL_SYSTEM_OS_NAME, "system-info-os-name");
   ^
component/appman/downloadmanager/downloader/oc/libsdk/workspace/src/../inc/../../src/sdk_product.c:141:3: warning: suggest parentheses around assignment used as truth value [-Wparentheses]
   CHECK_PRODUCT_INFO2(IPANEL_SYSTEM_OS_PROVIDER, "system-info-os-provider");
   ^
component/appman/downloadmanager/downloader/oc/libsdk/workspace/src/../inc/../../src/sdk_product.c:142:3: warning: suggest parentheses around assignment used as truth value [-Wparentheses]
   CHECK_PRODUCT_INFO2(IPANEL_SYSTEM_OS_VERSION, "system-info-os-version");
   ^
component/appman/downloadmanager/downloader/oc/libsdk/workspace/src/../inc/../../src/sdk_product.c:143:3: warning: suggest parentheses around assignment used as truth value [-Wparentheses]
   CHECK_PRODUCT_INFO2(IPANEL_SYSTEM_PROCLAMATORY, "system-info-proclamatory");
   ^
component/appman/downloadmanager/downloader/oc/libsdk/workspace/src/../inc/../../src/sdk_product.c:144:3: warning: suggest parentheses around assignment used as truth value [-Wparentheses]
   CHECK_PRODUCT_INFO2(IPANEL_SYSTEM_PROVIDERINFO, "system-info-providerinfo");
   ^
component/appman/downloadmanager/downloader/oc/libsdk/workspace/src/../inc/../../src/sdk_product.c:145:3: warning: suggest parentheses around assignment used as truth value [-Wparentheses]
   CHECK_PRODUCT_INFO2(IPANEL_SYSTEM_RAM_SIZE, "system-info-ram-size");
   ^
component/appman/downloadmanager/downloader/oc/libsdk/workspace/src/../inc/../../src/sdk_product.c:146:3: warning: suggest parentheses around assignment used as truth value [-Wparentheses]
   CHECK_PRODUCT_INFO2(IPANEL_SYSTEM_SOC_PROVIDER, "system-info-soc-provider");
   ^
component/appman/downloadmanager/downloader/oc/libsdk/workspace/src/../inc/../../src/sdk_product.c:147:3: warning: suggest parentheses around assignment used as truth value [-Wparentheses]
   CHECK_PRODUCT_INFO2(IPANEL_SYSTEM_SOC_TYPE, "system-info-soc-type");
   ^
component/appman/downloadmanager/downloader/oc/libsdk/workspace/src/../inc/../../src/sdk_product.c:148:3: warning: suggest parentheses around assignment used as truth value [-Wparentheses]
   CHECK_PRODUCT_INFO2(IPANEL_SYSTEM_STB_APPPROVIDER, "system-info-stb-appprovider");
   ^
component/appman/downloadmanager/downloader/oc/libsdk/workspace/src/../inc/../../src/sdk_product.c:149:3: warning: suggest parentheses around assignment used as truth value [-Wparentheses]
   CHECK_PRODUCT_INFO2(IPANEL_SYSTEM_STB_APPNAME, "system-info-stb-appname");
   ^
component/appman/downloadmanager/downloader/oc/libsdk/workspace/src/../inc/../../src/sdk_product.c:150:3: warning: suggest parentheses around assignment used as truth value [-Wparentheses]
   CHECK_PRODUCT_INFO2(IPANEL_SYSTEM_STB_MODEL, "system-info-stb-model");
   ^
component/appman/downloadmanager/downloader/oc/libsdk/workspace/src/../inc/../../src/sdk_product.c:151:3: warning: suggest parentheses around assignment used as truth value [-Wparentheses]
   CHECK_PRODUCT_INFO2(IPANEL_SYSTEM_STB_PROVIDER, "system-info-stb-provider");
   ^
component/appman/downloadmanager/downloader/oc/libsdk/workspace/src/../inc/../../src/sdk_product.c:152:3: warning: suggest parentheses around assignment used as truth value [-Wparentheses]
   CHECK_PRODUCT_INFO2(IPANEL_SYSTEM_SUPPORT_USB, "system-info-support-usb");
   ^
component/appman/downloadmanager/downloader/oc/libsdk/workspace/src/../inc/../../src/sdk_product.c:153:3: warning: suggest parentheses around assignment used as truth value [-Wparentheses]
   CHECK_PRODUCT_INFO2(IPANEL_SYSTEM_SUPPORTINFO, "system-info-supportinfo");
   ^
component/appman/downloadmanager/downloader/oc/libsdk/workspace/src/../inc/../../src/sdk_product.c:154:3: warning: suggest parentheses around assignment used as truth value [-Wparentheses]
   CHECK_PRODUCT_INFO2(IPANEL_SYSTEM_TUNER, "system-info-tuner");
   ^
component/appman/downloadmanager/downloader/oc/libsdk/workspace/src/../inc/../../src/sdk_product.c:155:3: warning: suggest parentheses around assignment used as truth value [-Wparentheses]
   CHECK_PRODUCT_INFO2(IPANEL_SYSTEM_VERSION, "system-info-version");
   ^
component/appman/downloadmanager/downloader/oc/libsdk/workspace/src/../inc/../../src/sdk_product.c:156:3: warning: suggest parentheses around assignment used as truth value [-Wparentheses]
   CHECK_PRODUCT_INFO2(IPANEL_SYSTEM_NAME, "system-info-name");
   ^
In file included from component/appman/downloadmanager/downloader/oc/libsdk/workspace/src/../inc/sdk_src.h:52:0,
                 from component/appman/downloadmanager/downloader/oc/libsdk/workspace/src/sdk_src2.c:5:
component/appman/downloadmanager/downloader/oc/libsdk/workspace/src/../inc/../../src/task.c: In function 'ADISEventTask_procTimer':
component/appman/downloadmanager/downloader/oc/libsdk/workspace/src/../inc/../../src/task.c:513:24: warning: suggest parentheses around '&&' within '||' [-Wparentheses]
     if (!me->numsClose && !me->numsTimer || me->countPausing) {
                        ^
component/appman/downloadmanager/downloader/oc/libsdk/workspace/src/../inc/../../src/task.c:527:28: warning: comparison between signed and unsigned integer expressions [-Wsign-compare]
         if (ptimer->repeat != (ui32)(-1) && ptimer->repeat <= 1) {
                            ^
component/appman/downloadmanager/downloader/oc/libsdk/workspace/src/../inc/../../src/task.c:531:32: warning: comparison between signed and unsigned integer expressions [-Wsign-compare]
             if (ptimer->repeat != (ui32)(-1)) {
                                ^
component/appman/downloadmanager/downloader/oc/libsdk/workspace/src/../inc/../../src/task.c:498:61: warning: unused parameter 'type' [-Wunused-parameter]
 static si32 ADISEventTask_procTimer(ADISEventTask* me, ui32 type, ui32 p1, void* p2)
                                                             ^
component/appman/downloadmanager/downloader/oc/libsdk/workspace/src/../inc/../../src/task.c:498:72: warning: unused parameter 'p1' [-Wunused-parameter]
 static si32 ADISEventTask_procTimer(ADISEventTask* me, ui32 type, ui32 p1, void* p2)
                                                                        ^
component/appman/downloadmanager/downloader/oc/libsdk/workspace/src/../inc/../../src/task.c:498:82: warning: unused parameter 'p2' [-Wunused-parameter]
 static si32 ADISEventTask_procTimer(ADISEventTask* me, ui32 type, ui32 p1, void* p2)
                                                                                  ^
component/appman/downloadmanager/downloader/oc/libsdk/workspace/src/../inc/../../src/task.c: In function 'ADISEventTask_procEvent':
component/appman/downloadmanager/downloader/oc/libsdk/workspace/src/../inc/../../src/task.c:570:61: warning: unused parameter 'type' [-Wunused-parameter]
 static si32 ADISEventTask_procEvent(ADISEventTask* me, ui32 type, ui32 p1, void* p2)
                                                             ^
component/appman/downloadmanager/downloader/oc/libsdk/workspace/src/../inc/../../src/task.c:570:72: warning: unused parameter 'p1' [-Wunused-parameter]
 static si32 ADISEventTask_procEvent(ADISEventTask* me, ui32 type, ui32 p1, void* p2)
                                                                        ^
component/appman/downloadmanager/downloader/oc/libsdk/workspace/src/../inc/../../src/task.c:570:82: warning: unused parameter 'p2' [-Wunused-parameter]
 static si32 ADISEventTask_procEvent(ADISEventTask* me, ui32 type, ui32 p1, void* p2)
                                                                                  ^
In file included from component/appman/downloadmanager/downloader/oc/libsdk/workspace/src/../inc/sdk_src.h:55:0,
                 from component/appman/downloadmanager/downloader/oc/libsdk/workspace/src/sdk_src2.c:5:
component/appman/downloadmanager/downloader/oc/libsdk/workspace/src/../inc/../../src/timer_task.c: In function 'timer_task_thread_handle_notify':
component/appman/downloadmanager/downloader/oc/libsdk/workspace/src/../inc/../../src/timer_task.c:96:51: warning: unused parameter 'handle' [-Wunused-parameter]
 static si32 timer_task_thread_handle_notify(void* handle, ui32 type, ui32 p1, void* p2)
                                                   ^
component/appman/downloadmanager/downloader/oc/libsdk/workspace/src/../inc/../../src/timer_task.c:96:85: warning: unused parameter 'p2' [-Wunused-parameter]
 static si32 timer_task_thread_handle_notify(void* handle, ui32 type, ui32 p1, void* p2)
                                                                                     ^
component/appman/downloadmanager/downloader/oc/libsdk/workspace/src/../inc/../../src/timer_task.c: In function 'timer_task_main_handle_proc':
component/appman/downloadmanager/downloader/oc/libsdk/workspace/src/../inc/../../src/timer_task.c:264:47: warning: unused parameter 'handle' [-Wunused-parameter]
 static si32 timer_task_main_handle_proc(void* handle)
                                               ^
component/appman/downloadmanager/downloader/oc/libsdk/workspace/src/../inc/../../src/timer_task.c: In function 'timer_task_init':
component/appman/downloadmanager/downloader/oc/libsdk/workspace/src/../inc/../../src/timer_task.c:304:5: warning: missing braces around initializer [-Wmissing-braces]
     McEventHandler handler[1] = { 0 };
     ^
component/appman/downloadmanager/downloader/oc/libsdk/workspace/src/../inc/../../src/timer_task.c:304:5: warning: (near initialization for 'handler[0]') [-Wmissing-braces]
In file included from component/appman/downloadmanager/downloader/oc/libsdk/workspace/src/../inc/sdk_src.h:57:0,
                 from component/appman/downloadmanager/downloader/oc/libsdk/workspace/src/sdk_src2.c:5:
component/appman/downloadmanager/downloader/oc/libsdk/workspace/src/../inc/../../src/sdk_timer.c: At top level:
component/appman/downloadmanager/downloader/oc/libsdk/workspace/src/../inc/../../src/sdk_timer.c:36:1: warning: missing braces around initializer [-Wmissing-braces]
 static SDK_timer sdk_timer[1] = { 0 };
 ^
component/appman/downloadmanager/downloader/oc/libsdk/workspace/src/../inc/../../src/sdk_timer.c:36:1: warning: (near initialization for 'sdk_timer[0]') [-Wmissing-braces]
component/appman/downloadmanager/downloader/oc/libsdk/workspace/src/../inc/../../src/sdk_timer.c: In function 'sdk_timer_init':
component/appman/downloadmanager/downloader/oc/libsdk/workspace/src/../inc/../../src/sdk_timer.c:45:5: warning: missing braces around initializer [-Wmissing-braces]
     McEventHandler event_handle[1] = { 0 };
     ^
component/appman/downloadmanager/downloader/oc/libsdk/workspace/src/../inc/../../src/sdk_timer.c:45:5: warning: (near initialization for 'event_handle[0]') [-Wmissing-braces]
component/appman/downloadmanager/downloader/oc/libsdk/workspace/src/../inc/../../src/sdk_timer.c: In function 'sdk_timer_thread_proc':
component/appman/downloadmanager/downloader/oc/libsdk/workspace/src/../inc/../../src/sdk_timer.c:215:41: warning: unused parameter 'obj' [-Wunused-parameter]
 static si32 sdk_timer_thread_proc(void* obj)
                                         ^
component/appman/downloadmanager/downloader/oc/libsdk/workspace/src/../inc/../../src/sdk_timer.c: In function 'sdk_print_mem':
component/appman/downloadmanager/downloader/oc/libsdk/workspace/src/../inc/../../src/sdk_timer.c:233:32: warning: unused parameter 'obj' [-Wunused-parameter]
 static int sdk_print_mem(void* obj)
                                ^
In file included from component/appman/downloadmanager/downloader/oc/libsdk/workspace/src/../inc/sdk_src.h:65:0,
                 from component/appman/downloadmanager/downloader/oc/libsdk/workspace/src/sdk_src2.c:5:
component/appman/downloadmanager/downloader/oc/libsdk/workspace/src/../inc/../../RSA_base64/x509parse.c: In function 'x509_hash':
component/appman/downloadmanager/downloader/oc/libsdk/workspace/src/../inc/../../RSA_base64/x509parse.c:3003:45: warning: unused parameter 'in' [-Wunused-parameter]
 static void x509_hash( const unsigned char *in, size_t len, int alg,
                                             ^
component/appman/downloadmanager/downloader/oc/libsdk/workspace/src/../inc/../../RSA_base64/x509parse.c:3003:56: warning: unused parameter 'len' [-Wunused-parameter]
 static void x509_hash( const unsigned char *in, size_t len, int alg,
                                                        ^
In file included from component/appman/downloadmanager/downloader/oc/libsdk/workspace/src/../inc/sdk_src.h:70:0,
                 from component/appman/downloadmanager/downloader/oc/libsdk/workspace/src/sdk_src2.c:5:
component/appman/downloadmanager/downloader/oc/libsdk/workspace/src/../inc/../../RSA_base64/rsa.c: In function 'rsa_pkcs1_sign':
component/appman/downloadmanager/downloader/oc/libsdk/workspace/src/../inc/../../RSA_base64/rsa.c:985:27: warning: unused parameter 'f_rng' [-Wunused-parameter]
                     int (*f_rng)(void *, unsigned char *, size_t),
                           ^
component/appman/downloadmanager/downloader/oc/libsdk/workspace/src/../inc/../../RSA_base64/rsa.c:986:27: warning: unused parameter 'p_rng' [-Wunused-parameter]
                     void *p_rng,
                           ^
In file included from component/appman/downloadmanager/downloader/oc/libsdk/workspace/src/../inc/sdk_src.h:71:0,
                 from component/appman/downloadmanager/downloader/oc/libsdk/workspace/src/sdk_src2.c:5:
component/appman/downloadmanager/downloader/oc/libsdk/workspace/src/../inc/../../RSA_base64/rsaAPI.c: In function 'ctr_drbg_random':
component/appman/downloadmanager/downloader/oc/libsdk/workspace/src/../inc/../../RSA_base64/rsaAPI.c:371:28: warning: unused parameter 'p_rng' [-Wunused-parameter]
 int ctr_drbg_random( void *p_rng, unsigned char *output, size_t output_len )
                            ^
