platform/android/external/icu/icu4c/source/common/ucnv_err.c: In function 'UCNV_FROM_U_CALLBACK_STOP_53':
platform/android/external/icu/icu4c/source/common/ucnv_err.c:56:31: warning: unused parameter 'context' [-Wunused-parameter]
                   const void *context,
                               ^
platform/android/external/icu/icu4c/source/common/ucnv_err.c:57:46: warning: unused parameter 'fromUArgs' [-Wunused-parameter]
                   UConverterFromUnicodeArgs *fromUArgs,
                                              ^
platform/android/external/icu/icu4c/source/common/ucnv_err.c:58:32: warning: unused parameter 'codeUnits' [-Wunused-parameter]
                   const UChar* codeUnits,
                                ^
platform/android/external/icu/icu4c/source/common/ucnv_err.c:59:27: warning: unused parameter 'length' [-Wunused-parameter]
                   int32_t length,
                           ^
platform/android/external/icu/icu4c/source/common/ucnv_err.c:60:27: warning: unused parameter 'codePoint' [-Wunused-parameter]
                   UChar32 codePoint,
                           ^
platform/android/external/icu/icu4c/source/common/ucnv_err.c:61:44: warning: unused parameter 'reason' [-Wunused-parameter]
                   UConverterCallbackReason reason,
                                            ^
platform/android/external/icu/icu4c/source/common/ucnv_err.c:62:32: warning: unused parameter 'err' [-Wunused-parameter]
                   UErrorCode * err)
                                ^
platform/android/external/icu/icu4c/source/common/ucnv_err.c: In function 'UCNV_TO_U_CALLBACK_STOP_53':
platform/android/external/icu/icu4c/source/common/ucnv_err.c:72:32: warning: unused parameter 'context' [-Wunused-parameter]
                    const void *context,
                                ^
platform/android/external/icu/icu4c/source/common/ucnv_err.c:73:45: warning: unused parameter 'toUArgs' [-Wunused-parameter]
                    UConverterToUnicodeArgs *toUArgs,
                                             ^
platform/android/external/icu/icu4c/source/common/ucnv_err.c:74:32: warning: unused parameter 'codePoints' [-Wunused-parameter]
                    const char* codePoints,
                                ^
platform/android/external/icu/icu4c/source/common/ucnv_err.c:75:28: warning: unused parameter 'length' [-Wunused-parameter]
                    int32_t length,
                            ^
platform/android/external/icu/icu4c/source/common/ucnv_err.c:76:45: warning: unused parameter 'reason' [-Wunused-parameter]
                    UConverterCallbackReason reason,
                                             ^
platform/android/external/icu/icu4c/source/common/ucnv_err.c:77:33: warning: unused parameter 'err' [-Wunused-parameter]
                    UErrorCode * err)
                                 ^
platform/android/external/icu/icu4c/source/common/ucnv_err.c: In function 'UCNV_FROM_U_CALLBACK_SKIP_53':
platform/android/external/icu/icu4c/source/common/ucnv_err.c:86:46: warning: unused parameter 'fromUArgs' [-Wunused-parameter]
                   UConverterFromUnicodeArgs *fromUArgs,
                                              ^
platform/android/external/icu/icu4c/source/common/ucnv_err.c:87:32: warning: unused parameter 'codeUnits' [-Wunused-parameter]
                   const UChar* codeUnits,
                                ^
platform/android/external/icu/icu4c/source/common/ucnv_err.c:88:27: warning: unused parameter 'length' [-Wunused-parameter]
                   int32_t length,
                           ^
platform/android/external/icu/icu4c/source/common/ucnv_err.c:89:27: warning: unused parameter 'codePoint' [-Wunused-parameter]
                   UChar32 codePoint,
                           ^
platform/android/external/icu/icu4c/source/common/ucnv_err.c: In function 'UCNV_FROM_U_CALLBACK_SUBSTITUTE_53':
platform/android/external/icu/icu4c/source/common/ucnv_err.c:108:32: warning: unused parameter 'codeUnits' [-Wunused-parameter]
                   const UChar* codeUnits,
                                ^
platform/android/external/icu/icu4c/source/common/ucnv_err.c:109:27: warning: unused parameter 'length' [-Wunused-parameter]
                   int32_t length,
                           ^
platform/android/external/icu/icu4c/source/common/ucnv_err.c:110:27: warning: unused parameter 'codePoint' [-Wunused-parameter]
                   UChar32 codePoint,
                           ^
platform/android/external/icu/icu4c/source/common/ucnv_err.c: In function 'UCNV_TO_U_CALLBACK_SKIP_53':
platform/android/external/icu/icu4c/source/common/ucnv_err.c:290:43: warning: unused parameter 'toArgs' [-Wunused-parameter]
                  UConverterToUnicodeArgs *toArgs,
                                           ^
platform/android/external/icu/icu4c/source/common/ucnv_err.c:291:30: warning: unused parameter 'codeUnits' [-Wunused-parameter]
                  const char* codeUnits,
                              ^
platform/android/external/icu/icu4c/source/common/ucnv_err.c:292:26: warning: unused parameter 'length' [-Wunused-parameter]
                  int32_t length,
                          ^
platform/android/external/icu/icu4c/source/common/ucnv_err.c: In function 'UCNV_TO_U_CALLBACK_SUBSTITUTE_53':
platform/android/external/icu/icu4c/source/common/ucnv_err.c:311:30: warning: unused parameter 'codeUnits' [-Wunused-parameter]
                  const char* codeUnits,
                              ^
platform/android/external/icu/icu4c/source/common/ucnv_err.c:312:26: warning: unused parameter 'length' [-Wunused-parameter]
                  int32_t length,
                          ^
