platform/android/external/neven/Embedded/common/src/b_BasicEm/UInt16Arr.c: In function 'bbs_UInt16Arr_init':
platform/android/external/neven/Embedded/common/src/b_BasicEm/UInt16Arr.c:40:46: warning: unused parameter 'cpA' [-Wunused-parameter]
 void bbs_UInt16Arr_init( struct bbs_Context* cpA,
                                              ^
platform/android/external/neven/Embedded/common/src/b_BasicEm/UInt16Arr.c: In function 'bbs_UInt16Arr_equal':
platform/android/external/neven/Embedded/common/src/b_BasicEm/UInt16Arr.c:89:47: warning: unused parameter 'cpA' [-Wunused-parameter]
 flag bbs_UInt16Arr_equal( struct bbs_Context* cpA,
                                               ^
platform/android/external/neven/Embedded/common/src/b_BasicEm/UInt16Arr.c: In function 'bbs_UInt16Arr_checkSum':
platform/android/external/neven/Embedded/common/src/b_BasicEm/UInt16Arr.c:114:52: warning: unused parameter 'cpA' [-Wunused-parameter]
 uint32 bbs_UInt16Arr_checkSum( struct bbs_Context* cpA,
                                                    ^
platform/android/external/neven/Embedded/common/src/b_BasicEm/UInt16Arr.c: In function 'bbs_UInt16Arr_heapSize':
platform/android/external/neven/Embedded/common/src/b_BasicEm/UInt16Arr.c:130:52: warning: unused parameter 'cpA' [-Wunused-parameter]
 uint32 bbs_UInt16Arr_heapSize( struct bbs_Context* cpA,
                                                    ^
platform/android/external/neven/Embedded/common/src/b_BasicEm/UInt16Arr.c:131:39: warning: unused parameter 'ptrA' [-Wunused-parameter]
           const struct bbs_UInt16Arr* ptrA, 
                                       ^
platform/android/external/neven/Embedded/common/src/b_BasicEm/UInt16Arr.c: In function 'bbs_UInt16Arr_memSize':
platform/android/external/neven/Embedded/common/src/b_BasicEm/UInt16Arr.c:194:51: warning: unused parameter 'cpA' [-Wunused-parameter]
 uint32 bbs_UInt16Arr_memSize( struct bbs_Context* cpA,
                                                   ^
platform/android/external/neven/Embedded/common/src/b_BasicEm/UInt16Arr.c: In function 'bbs_UInt16Arr_fill':
platform/android/external/neven/Embedded/common/src/b_BasicEm/UInt16Arr.c:247:46: warning: unused parameter 'cpA' [-Wunused-parameter]
 void bbs_UInt16Arr_fill( struct bbs_Context* cpA,
                                              ^
