In file included from platform/android/external/libvpx/libvpx/vp8/common/onyxc_int.h:15:0,
                 from platform/android/external/libvpx/libvpx/vp8/decoder/onyxd_if.c:12:
platform/android/external/libvpx/armv7a-neon/vpx_config.h:13:0: warning: "ARCH_ARM" redefined [enabled by default]
 #define ARCH_ARM 1
 ^
In file included from <command-line>:0:0:
./platform/android/build/core/combo/include/arch/linux-arm/AndroidConfig.h:241:0: note: this is the location of the previous definition
 #define ARCH_ARM
 ^
platform/android/external/libvpx/libvpx/vp8/decoder/onyxd_if.c: In function 'create_decompressor':
platform/android/external/libvpx/libvpx/vp8/decoder/onyxd_if.c:54:60: warning: unused parameter 'oxcf' [-Wunused-parameter]
 static struct VP8D_COMP * create_decompressor(VP8D_CONFIG *oxcf)
                                                            ^
platform/android/external/libvpx/libvpx/vp8/decoder/onyxd_if.c: In function 'vp8dx_receive_compressed_data':
platform/android/external/libvpx/libvpx/vp8/decoder/onyxd_if.c:306:58: warning: unused parameter 'size' [-Wunused-parameter]
 int vp8dx_receive_compressed_data(VP8D_COMP *pbi, size_t size,
                                                          ^
platform/android/external/libvpx/libvpx/vp8/decoder/onyxd_if.c:307:50: warning: unused parameter 'source' [-Wunused-parameter]
                                   const uint8_t *source,
                                                  ^
platform/android/external/libvpx/libvpx/vp8/decoder/onyxd_if.c: In function 'vp8dx_get_raw_frame':
platform/android/external/libvpx/libvpx/vp8/decoder/onyxd_if.c:418:126: warning: unused parameter 'flags' [-Wunused-parameter]
 int vp8dx_get_raw_frame(VP8D_COMP *pbi, YV12_BUFFER_CONFIG *sd, int64_t *time_stamp, int64_t *time_end_stamp, vp8_ppflags_t *flags)
                                                                                                                              ^
platform/android/external/libvpx/libvpx/vp8/decoder/onyxd_if.c: In function 'vp8dx_receive_compressed_data':
platform/android/external/libvpx/libvpx/vp8/decoder/onyxd_if.c:314:9: warning: variable 'retcode' might be clobbered by 'longjmp' or 'vfork' [-Wclobbered]
     int retcode = -1;
         ^
