component/dtv/client/dtv_test.cpp:15:0: warning: "LOG_NDEBUG" redefined [enabled by default]
 #define LOG_NDEBUG 0
 ^
In file included from platform/android/system/core/include/cutils/log.h:1:0,
                 from platform/android/system/core/include/utils/Vector.h:24,
                 from platform/android/frameworks/native/include/binder/Parcel.h:24,
                 from component/dtv/client/dtv_test.cpp:5:
platform/android/system/core/include/log/log.h:55:0: note: this is the location of the previous definition
 #define LOG_NDEBUG 1
 ^
component/dtv/client/dtv_test.cpp:16:0: warning: "LOG_TAG" redefined [enabled by default]
 #define LOG_TAG "dtv_test.cpp"
 ^
In file included from platform/android/system/core/include/cutils/log.h:1:0,
                 from platform/android/system/core/include/utils/Vector.h:24,
                 from platform/android/frameworks/native/include/binder/Parcel.h:24,
                 from component/dtv/client/dtv_test.cpp:5:
platform/android/system/core/include/log/log.h:67:0: note: this is the location of the previous definition
 #define LOG_TAG NULL
 ^
In file included from component/dtv/client/CHDTVClient.h:9:0,
                 from component/dtv/client/dtv_test.cpp:8:
component/dtv/client/../com/chdtvdata.h:1030:15: warning: unused parameter 'outData' [-Wunused-parameter]
  virtual void writeToParcel(Parcel* outData){};
               ^
component/dtv/client/../com/chdtvdata.h:1031:15: warning: unused parameter 'inData' [-Wunused-parameter]
  virtual void readFromParcel(const Parcel* inData){};
               ^
component/dtv/client/dtv_test.cpp:833:7: warning: unused parameter 'Device' [-Wunused-parameter]
 void  test_SectionCallback(int  Device, DTV_PSI_CAPTURE_HANDLE  Handle, SectionContainer  *pstru_Section)
       ^
component/dtv/client/dtv_test.cpp:833:7: warning: unused parameter 'Handle' [-Wunused-parameter]
component/dtv/client/dtv_test.cpp:851:6: warning: unused parameter 'Device' [-Wunused-parameter]
 void test_UpdateCallback(int  Device,  DTV_PSI_CAPTURE_HANDLE  Handle, TableContainer *pstru_Table)
      ^
component/dtv/client/dtv_test.cpp:851:6: warning: unused parameter 'Handle' [-Wunused-parameter]
component/dtv/client/dtv_test.cpp:1087:6: warning: unused parameter 'Device' [-Wunused-parameter]
 void test_FilterCallback(int Device, DTV_PSI_FILTER_HANDLE Handle, SectionContainer *pstru_Section)
      ^
component/dtv/client/dtv_test.cpp:1087:6: warning: unused parameter 'Handle' [-Wunused-parameter]
component/dtv/client/dtv_test.cpp:1267:6: warning: unused parameter 'ri_DeMux' [-Wunused-parameter]
 void test_EpgWatchCallBack(int ri_DeMux, EPGUpdateInfo *rpstru_UpdateEpgInfo)
      ^
component/dtv/client/dtv_test.cpp: In function 'int android::test_DVAL_Descriptor()':
component/dtv/client/dtv_test.cpp:1907:18: warning: format '%x' expects argument of type 'unsigned int', but argument 7 has type '_si_descriptor*' [-Wformat=]
      pDes[i].next);
                  ^
