In file included from platform/android/external/aac/libAACdec/src/aacdec_tns.cpp:94:0:
platform/android/external/aac/libAACdec/src/channelinfo.h: In function 'UCHAR GetScaleMaxFactorBandsTransmitted(const CIcsInfo*, const CIcsInfo*)':
platform/android/external/aac/libAACdec/src/channelinfo.h:435:59: warning: passing 'UCHAR {aka unsigned char}' chooses 'INT {aka int}' over 'FIXP_DBL {aka long int}' [-Wsign-promo]
   return fMax(pIcsInfo0->MaxSfBands, pIcsInfo1->MaxSfBands);
                                                           ^
platform/android/external/aac/libAACdec/src/channelinfo.h:435:59: warning:   in call to 'INT fMax(INT, INT)' [-Wsign-promo]
platform/android/external/aac/libAACdec/src/channelinfo.h:435:59: warning: passing 'UCHAR {aka unsigned char}' chooses 'INT {aka int}' over 'FIXP_DBL {aka long int}' [-Wsign-promo]
platform/android/external/aac/libAACdec/src/channelinfo.h:435:59: warning:   in call to 'INT fMax(INT, INT)' [-Wsign-promo]
platform/android/external/aac/libAACdec/src/channelinfo.h:435:59: warning: passing 'UCHAR {aka unsigned char}' chooses 'INT {aka int}' over 'FIXP_DBL {aka long int}' [-Wsign-promo]
platform/android/external/aac/libAACdec/src/channelinfo.h:435:59: warning:   in call to 'INT fMax(INT, INT)' [-Wsign-promo]
platform/android/external/aac/libAACdec/src/channelinfo.h:435:59: warning: passing 'UCHAR {aka unsigned char}' chooses 'INT {aka int}' over 'FIXP_DBL {aka long int}' [-Wsign-promo]
platform/android/external/aac/libAACdec/src/channelinfo.h:435:59: warning:   in call to 'INT fMax(INT, INT)' [-Wsign-promo]
platform/android/external/aac/libAACdec/src/channelinfo.h:435:59: warning: passing 'UCHAR {aka unsigned char}' chooses 'INT {aka int}' over 'UINT {aka unsigned int}' [-Wsign-promo]
platform/android/external/aac/libAACdec/src/channelinfo.h:435:59: warning:   in call to 'INT fMax(INT, INT)' [-Wsign-promo]
platform/android/external/aac/libAACdec/src/channelinfo.h:435:59: warning: passing 'UCHAR {aka unsigned char}' chooses 'INT {aka int}' over 'UINT {aka unsigned int}' [-Wsign-promo]
platform/android/external/aac/libAACdec/src/channelinfo.h:435:59: warning:   in call to 'INT fMax(INT, INT)' [-Wsign-promo]
platform/android/external/aac/libAACdec/src/channelinfo.h:435:59: warning: passing 'UCHAR {aka unsigned char}' chooses 'INT {aka int}' over 'UINT {aka unsigned int}' [-Wsign-promo]
platform/android/external/aac/libAACdec/src/channelinfo.h:435:59: warning:   in call to 'INT fMax(INT, INT)' [-Wsign-promo]
platform/android/external/aac/libAACdec/src/channelinfo.h:435:59: warning: passing 'UCHAR {aka unsigned char}' chooses 'INT {aka int}' over 'UINT {aka unsigned int}' [-Wsign-promo]
platform/android/external/aac/libAACdec/src/channelinfo.h:435:59: warning:   in call to 'INT fMax(INT, INT)' [-Wsign-promo]
In file included from platform/android/external/aac/libAACdec/src/aacdec_tns.h:94:0,
                 from platform/android/external/aac/libAACdec/src/aacdec_tns.cpp:91:
platform/android/external/aac/libAACdec/src/aacdec_tns.cpp: In function 'void CTns_Apply(CTnsData*, const CIcsInfo*, SPECTRAL_PTR, const SamplingRateInfo*, INT)':
platform/android/external/aac/libFDK/include/common_fix.h:254:29: warning: passing 'UCHAR {aka unsigned char}' chooses 'INT {aka int}' over 'FIXP_DBL {aka long int}' [-Wsign-promo]
 #define fixMin(a,b) fMin(a,b)
                             ^
platform/android/external/aac/libAACdec/src/aacdec_tns.cpp:387:22: note: in expansion of macro 'fixMin'
              start = fixMin( fixMin(filter->StartBand, tns_max_bands),
                      ^
platform/android/external/aac/libAACdec/src/aacdec_tns.cpp:387:30: note: in expansion of macro 'fixMin'
              start = fixMin( fixMin(filter->StartBand, tns_max_bands),
                              ^
platform/android/external/aac/libFDK/include/common_fix.h:254:29: warning:   in call to 'INT fMin(INT, INT)' [-Wsign-promo]
 #define fixMin(a,b) fMin(a,b)
                             ^
platform/android/external/aac/libAACdec/src/aacdec_tns.cpp:387:22: note: in expansion of macro 'fixMin'
              start = fixMin( fixMin(filter->StartBand, tns_max_bands),
                      ^
platform/android/external/aac/libAACdec/src/aacdec_tns.cpp:387:30: note: in expansion of macro 'fixMin'
              start = fixMin( fixMin(filter->StartBand, tns_max_bands),
                              ^
platform/android/external/aac/libFDK/include/common_fix.h:254:29: warning: passing 'UCHAR {aka unsigned char}' chooses 'INT {aka int}' over 'UINT {aka unsigned int}' [-Wsign-promo]
 #define fixMin(a,b) fMin(a,b)
                             ^
platform/android/external/aac/libAACdec/src/aacdec_tns.cpp:387:22: note: in expansion of macro 'fixMin'
              start = fixMin( fixMin(filter->StartBand, tns_max_bands),
                      ^
platform/android/external/aac/libAACdec/src/aacdec_tns.cpp:387:30: note: in expansion of macro 'fixMin'
              start = fixMin( fixMin(filter->StartBand, tns_max_bands),
                              ^
platform/android/external/aac/libFDK/include/common_fix.h:254:29: warning:   in call to 'INT fMin(INT, INT)' [-Wsign-promo]
 #define fixMin(a,b) fMin(a,b)
                             ^
platform/android/external/aac/libAACdec/src/aacdec_tns.cpp:387:22: note: in expansion of macro 'fixMin'
              start = fixMin( fixMin(filter->StartBand, tns_max_bands),
                      ^
platform/android/external/aac/libAACdec/src/aacdec_tns.cpp:387:30: note: in expansion of macro 'fixMin'
              start = fixMin( fixMin(filter->StartBand, tns_max_bands),
                              ^
platform/android/external/aac/libFDK/include/common_fix.h:254:29: warning: passing 'UCHAR {aka unsigned char}' chooses 'INT {aka int}' over 'FIXP_DBL {aka long int}' [-Wsign-promo]
 #define fixMin(a,b) fMin(a,b)
                             ^
platform/android/external/aac/libAACdec/src/aacdec_tns.cpp:387:22: note: in expansion of macro 'fixMin'
              start = fixMin( fixMin(filter->StartBand, tns_max_bands),
                      ^
platform/android/external/aac/libFDK/include/common_fix.h:254:29: warning:   in call to 'INT fMin(INT, INT)' [-Wsign-promo]
 #define fixMin(a,b) fMin(a,b)
                             ^
platform/android/external/aac/libAACdec/src/aacdec_tns.cpp:387:22: note: in expansion of macro 'fixMin'
              start = fixMin( fixMin(filter->StartBand, tns_max_bands),
                      ^
platform/android/external/aac/libFDK/include/common_fix.h:254:29: warning: passing 'UCHAR {aka unsigned char}' chooses 'INT {aka int}' over 'UINT {aka unsigned int}' [-Wsign-promo]
 #define fixMin(a,b) fMin(a,b)
                             ^
platform/android/external/aac/libAACdec/src/aacdec_tns.cpp:387:22: note: in expansion of macro 'fixMin'
              start = fixMin( fixMin(filter->StartBand, tns_max_bands),
                      ^
platform/android/external/aac/libFDK/include/common_fix.h:254:29: warning:   in call to 'INT fMin(INT, INT)' [-Wsign-promo]
 #define fixMin(a,b) fMin(a,b)
                             ^
platform/android/external/aac/libAACdec/src/aacdec_tns.cpp:387:22: note: in expansion of macro 'fixMin'
              start = fixMin( fixMin(filter->StartBand, tns_max_bands),
                      ^
platform/android/external/aac/libFDK/include/common_fix.h:254:29: warning: passing 'UCHAR {aka unsigned char}' chooses 'INT {aka int}' over 'FIXP_DBL {aka long int}' [-Wsign-promo]
 #define fixMin(a,b) fMin(a,b)
                             ^
platform/android/external/aac/libAACdec/src/aacdec_tns.cpp:392:21: note: in expansion of macro 'fixMin'
              stop = fixMin( fixMin(filter->StopBand, tns_max_bands),
                     ^
platform/android/external/aac/libAACdec/src/aacdec_tns.cpp:392:29: note: in expansion of macro 'fixMin'
              stop = fixMin( fixMin(filter->StopBand, tns_max_bands),
                             ^
platform/android/external/aac/libFDK/include/common_fix.h:254:29: warning:   in call to 'INT fMin(INT, INT)' [-Wsign-promo]
 #define fixMin(a,b) fMin(a,b)
                             ^
platform/android/external/aac/libAACdec/src/aacdec_tns.cpp:392:21: note: in expansion of macro 'fixMin'
              stop = fixMin( fixMin(filter->StopBand, tns_max_bands),
                     ^
platform/android/external/aac/libAACdec/src/aacdec_tns.cpp:392:29: note: in expansion of macro 'fixMin'
              stop = fixMin( fixMin(filter->StopBand, tns_max_bands),
                             ^
platform/android/external/aac/libFDK/include/common_fix.h:254:29: warning: passing 'UCHAR {aka unsigned char}' chooses 'INT {aka int}' over 'UINT {aka unsigned int}' [-Wsign-promo]
 #define fixMin(a,b) fMin(a,b)
                             ^
platform/android/external/aac/libAACdec/src/aacdec_tns.cpp:392:21: note: in expansion of macro 'fixMin'
              stop = fixMin( fixMin(filter->StopBand, tns_max_bands),
                     ^
platform/android/external/aac/libAACdec/src/aacdec_tns.cpp:392:29: note: in expansion of macro 'fixMin'
              stop = fixMin( fixMin(filter->StopBand, tns_max_bands),
                             ^
platform/android/external/aac/libFDK/include/common_fix.h:254:29: warning:   in call to 'INT fMin(INT, INT)' [-Wsign-promo]
 #define fixMin(a,b) fMin(a,b)
                             ^
platform/android/external/aac/libAACdec/src/aacdec_tns.cpp:392:21: note: in expansion of macro 'fixMin'
              stop = fixMin( fixMin(filter->StopBand, tns_max_bands),
                     ^
platform/android/external/aac/libAACdec/src/aacdec_tns.cpp:392:29: note: in expansion of macro 'fixMin'
              stop = fixMin( fixMin(filter->StopBand, tns_max_bands),
                             ^
platform/android/external/aac/libFDK/include/common_fix.h:254:29: warning: passing 'UCHAR {aka unsigned char}' chooses 'INT {aka int}' over 'FIXP_DBL {aka long int}' [-Wsign-promo]
 #define fixMin(a,b) fMin(a,b)
                             ^
platform/android/external/aac/libAACdec/src/aacdec_tns.cpp:392:21: note: in expansion of macro 'fixMin'
              stop = fixMin( fixMin(filter->StopBand, tns_max_bands),
                     ^
platform/android/external/aac/libFDK/include/common_fix.h:254:29: warning:   in call to 'INT fMin(INT, INT)' [-Wsign-promo]
 #define fixMin(a,b) fMin(a,b)
                             ^
platform/android/external/aac/libAACdec/src/aacdec_tns.cpp:392:21: note: in expansion of macro 'fixMin'
              stop = fixMin( fixMin(filter->StopBand, tns_max_bands),
                     ^
platform/android/external/aac/libFDK/include/common_fix.h:254:29: warning: passing 'UCHAR {aka unsigned char}' chooses 'INT {aka int}' over 'UINT {aka unsigned int}' [-Wsign-promo]
 #define fixMin(a,b) fMin(a,b)
                             ^
platform/android/external/aac/libAACdec/src/aacdec_tns.cpp:392:21: note: in expansion of macro 'fixMin'
              stop = fixMin( fixMin(filter->StopBand, tns_max_bands),
                     ^
platform/android/external/aac/libFDK/include/common_fix.h:254:29: warning:   in call to 'INT fMin(INT, INT)' [-Wsign-promo]
 #define fixMin(a,b) fMin(a,b)
                             ^
platform/android/external/aac/libAACdec/src/aacdec_tns.cpp:392:21: note: in expansion of macro 'fixMin'
              stop = fixMin( fixMin(filter->StopBand, tns_max_bands),
                     ^
