component/dtv/service/src/mid/psi/mid_psi_Filter.c:10:0: warning: "LOG_TAG" redefined [enabled by default]
 #define LOG_TAG "mid_psi.c"
 ^
In file included from platform/android/system/core/include/cutils/log.h:1:0,
                 from platform/android/system/core/include/utils/Log.h:31,
                 from component/dtv/service/src/drv/include/chdrv_platform.h:36,
                 from component/dtv/service/src/drv/include/chdrv_include.h:10,
                 from component/dtv/service/src/mid/psi/mid_psi_Filter.c:4:
platform/android/system/core/include/log/log.h:67:0: note: this is the location of the previous definition
 #define LOG_TAG NULL
 ^
component/dtv/service/src/mid/psi/mid_psi_Filter.c: In function 'DRV_PSI_FILTER_IsValidSectionFilterHandle':
component/dtv/service/src/mid/psi/mid_psi_Filter.c:135:62: warning: unused parameter 'Device' [-Wunused-parameter]
 static CH_BOOL DRV_PSI_FILTER_IsValidSectionFilterHandle(int Device, CHDRV_SECTION_FilterHandle FilterHandle)
                                                              ^
component/dtv/service/src/mid/psi/mid_psi_Filter.c:135:97: warning: unused parameter 'FilterHandle' [-Wunused-parameter]
 static CH_BOOL DRV_PSI_FILTER_IsValidSectionFilterHandle(int Device, CHDRV_SECTION_FilterHandle FilterHandle)
                                                                                                 ^
component/dtv/service/src/mid/psi/mid_psi_Filter.c: In function 'DRV_PSI_FILTER_FreeChannel':
component/dtv/service/src/mid/psi/mid_psi_Filter.c:140:47: warning: unused parameter 'Device' [-Wunused-parameter]
 DRV_PSI_RESULT DRV_PSI_FILTER_FreeChannel(int Device, CHDRV_SECTION_ChannelHandle ChannelHandle)
                                               ^
component/dtv/service/src/mid/psi/mid_psi_Filter.c: In function 'DRV_PSI_FILTER_EnableSectionFilter2':
component/dtv/service/src/mid/psi/mid_psi_Filter.c:228:56: warning: unused parameter 'Device' [-Wunused-parameter]
 DRV_PSI_RESULT DRV_PSI_FILTER_EnableSectionFilter2(int Device, CHDRV_SECTION_ChannelHandle ChannelHandle, CHDRV_SECTION_FilterHandle FilterHandle)
                                                        ^
component/dtv/service/src/mid/psi/mid_psi_Filter.c: In function 'DRV_PSI_FILTER_CheckRepeatPid':
component/dtv/service/src/mid/psi/mid_psi_Filter.c:642:47: warning: unused parameter 'Device' [-Wunused-parameter]
 static void DRV_PSI_FILTER_CheckRepeatPid(int Device, U16 rus_pid, CHDRV_SECTION_FilterHandle *rph_PidFilter)
                                               ^
component/dtv/service/src/mid/psi/mid_psi_Filter.c: In function 'DRV_PSI_FILTER_GetFilter66':
component/dtv/service/src/mid/psi/mid_psi_Filter.c:692:3: warning: format '%x' expects argument of type 'unsigned int', but argument 6 has type 'CHDRV_SECTION_FilterHandle' [-Wformat=]
   LOGE("FILTER--%s:%d--pidfilter:%x",__FUNCTION__,__LINE__,h_PidFilter);
   ^
component/dtv/service/src/mid/psi/mid_psi_Filter.c: In function 'DRV_PSI_FILTER_TaskFunction':
component/dtv/service/src/mid/psi/mid_psi_Filter.c:1219:47: warning: unused parameter 'argv' [-Wunused-parameter]
 static void DRV_PSI_FILTER_TaskFunction(void *argv)
                                               ^
component/dtv/service/src/mid/psi/mid_psi_Filter.c: In function 'DRV_PSI_FILTER_StopChannel':
component/dtv/service/src/mid/psi/mid_psi_Filter.c:1342:47: warning: unused parameter 'Device' [-Wunused-parameter]
 DRV_PSI_RESULT DRV_PSI_FILTER_StopChannel(int Device, CHDRV_SECTION_FilterHandle PidFilterHandle)
                                               ^
component/dtv/service/src/mid/psi/mid_psi_Filter.c: In function 'DRV_PSI_FILTER_StartChannel':
component/dtv/service/src/mid/psi/mid_psi_Filter.c:1354:48: warning: unused parameter 'Device' [-Wunused-parameter]
 DRV_PSI_RESULT DRV_PSI_FILTER_StartChannel(int Device, CHDRV_SECTION_ChannelHandle ChannelHandle)
                                                ^
component/dtv/service/src/mid/psi/mid_psi_Filter.c: In function 'DRV_PSI_FILTER_SectionDataTaskMain':
component/dtv/service/src/mid/psi/mid_psi_Filter.c:1499:17: warning: comparison between signed and unsigned integer expressions [-Wsign-compare]
   for (i = 0; i < DRV_PSI_FILTER_FilterArray[SectionRequireID].UseCount; i++)
                 ^
component/dtv/service/src/mid/psi/mid_psi_Filter.c:1490:54: warning: unused parameter 'argv' [-Wunused-parameter]
 static void DRV_PSI_FILTER_SectionDataTaskMain(void *argv)
                                                      ^
component/dtv/service/src/mid/psi/mid_psi_Filter.c: In function 'DRV_PSI_FILTER_CheckContainer77':
component/dtv/service/src/mid/psi/mid_psi_Filter.c:1669:77: warning: unused parameter 'TempContainer' [-Wunused-parameter]
 static CH_BOOL DRV_PSI_FILTER_CheckContainer77(DRV_PSI_TEMPORARY_CONTAINER *TempContainer)
                                                                             ^
component/dtv/service/src/mid/psi/mid_psi_Filter.c: In function 'DRV_PSI_FILTER_GetFilter128':
component/dtv/service/src/mid/psi/mid_psi_Filter.c:847:30: warning: 'SectionFilterID' may be used uninitialized in this function [-Wmaybe-uninitialized]
   (*Filter)->SectionFilterID = SectionFilterID;
                              ^
component/dtv/service/src/mid/psi/mid_psi_Filter.c:757:6: note: 'SectionFilterID' was declared here
  int SectionFilterID;
      ^
