platform/android/external/fio/smalloc.c: In function 'ptr_valid':
platform/android/external/fio/smalloc.c:92:48: warning: pointer of type 'void *' used in arithmetic [-Wpointer-arith]
  return (ptr >= pool->map) && (ptr < pool->map + pool_size);
                                                ^
platform/android/external/fio/smalloc.c: In function 'add_pool':
platform/android/external/fio/smalloc.c:208:30: warning: pointer of type 'void *' used in arithmetic [-Wpointer-arith]
  pool->bitmap = (void *) ptr + (pool->nr_blocks * SMALLOC_BPL);
                              ^
platform/android/external/fio/smalloc.c: In function 'sfree_pool':
platform/android/external/fio/smalloc.c:310:6: warning: pointer of type 'void *' used in arithmetic [-Wpointer-arith]
  ptr -= sizeof(*hdr);
      ^
platform/android/external/fio/smalloc.c:317:15: warning: pointer of type 'void *' used in subtraction [-Wpointer-arith]
  offset = ptr - pool->map;
               ^
platform/android/external/fio/smalloc.c: In function '__smalloc_pool':
platform/android/external/fio/smalloc.c:400:19: warning: pointer of type 'void *' used in arithmetic [-Wpointer-arith]
   ret = pool->map + offset;
                   ^
platform/android/external/fio/smalloc.c: In function 'smalloc_pool':
platform/android/external/fio/smalloc.c:428:7: warning: pointer of type 'void *' used in arithmetic [-Wpointer-arith]
   ptr += sizeof(*hdr);
       ^
