In file included from platform/android/external/libvpx/libvpx/vp9/encoder/vp9_mcomp.c:15:0:
platform/android/external/libvpx/armv7a-neon/./vpx_config.h:13:0: warning: "ARCH_ARM" redefined [enabled by default]
 #define ARCH_ARM 1
 ^
In file included from <command-line>:0:0:
./platform/android/build/core/combo/include/arch/linux-arm/AndroidConfig.h:241:0: note: this is the location of the previous definition
 #define ARCH_ARM
 ^
In file included from platform/android/external/libvpx/libvpx/vp9/encoder/vp9_mcomp.c:19:0:
platform/android/external/libvpx/libvpx/vp9/common/vp9_common.h: In function 'clip_pixel':
platform/android/external/libvpx/libvpx/vp9/common/vp9_common.h:52:46: warning: signed and unsigned type in conditional expression [-Wsign-compare]
   return (val > 255) ? 255u : (val < 0) ? 0u : val;
                                              ^
In file included from platform/android/external/libvpx/libvpx/vp9/common/vp9_seg_common.h:14:0,
                 from platform/android/external/libvpx/libvpx/vp9/common/vp9_blockd.h:26,
                 from platform/android/external/libvpx/libvpx/vp9/common/vp9_entropy.h:16,
                 from platform/android/external/libvpx/libvpx/vp9/encoder/vp9_onyx_int.h:22,
                 from platform/android/external/libvpx/libvpx/vp9/encoder/vp9_mcomp.c:21:
platform/android/external/libvpx/libvpx/vp9/common/vp9_prob.h: In function 'clip_prob':
platform/android/external/libvpx/libvpx/vp9/common/vp9_prob.h:47:42: warning: signed and unsigned type in conditional expression [-Wsign-compare]
   return (p > 255) ? 255u : (p < 1) ? 1u : p;
                                          ^
In file included from platform/android/external/libvpx/libvpx/vp9/encoder/vp9_onyx_int.h:22:0,
                 from platform/android/external/libvpx/libvpx/vp9/encoder/vp9_mcomp.c:21:
platform/android/external/libvpx/libvpx/vp9/common/vp9_entropy.h: At top level:
platform/android/external/libvpx/libvpx/vp9/common/vp9_entropy.h:176:1: warning: '__inline__' is not at beginning of declaration [-Wold-style-declaration]
 static const INLINE scan_order *get_scan(const MACROBLOCKD *xd, TX_SIZE tx_size,
 ^
platform/android/external/libvpx/libvpx/vp9/encoder/vp9_mcomp.c: In function 'vp9_full_range_search_c':
platform/android/external/libvpx/libvpx/vp9/encoder/vp9_mcomp.c:881:33: warning: unused parameter 'search_param' [-Wunused-parameter]
                             int search_param, int sad_per_bit, int *num00,
                                 ^
platform/android/external/libvpx/libvpx/vp9/encoder/vp9_mcomp.c:883:34: warning: unused parameter 'mvjcost' [-Wunused-parameter]
                             int *mvjcost, int *mvcost[2],
                                  ^
platform/android/external/libvpx/libvpx/vp9/encoder/vp9_mcomp.c:883:48: warning: unused parameter 'mvcost' [-Wunused-parameter]
                             int *mvjcost, int *mvcost[2],
                                                ^
platform/android/external/libvpx/libvpx/vp9/encoder/vp9_mcomp.c: In function 'vp9_diamond_search_sad_c':
platform/android/external/libvpx/libvpx/vp9/encoder/vp9_mcomp.c:982:35: warning: unused parameter 'mvjcost' [-Wunused-parameter]
                              int *mvjcost, int *mvcost[2],
                                   ^
platform/android/external/libvpx/libvpx/vp9/encoder/vp9_mcomp.c:982:49: warning: unused parameter 'mvcost' [-Wunused-parameter]
                              int *mvjcost, int *mvcost[2],
                                                 ^
platform/android/external/libvpx/libvpx/vp9/encoder/vp9_mcomp.c: In function 'vp9_diamond_search_sadx4':
platform/android/external/libvpx/libvpx/vp9/encoder/vp9_mcomp.c:1074:35: warning: unused parameter 'mvjcost' [-Wunused-parameter]
                              int *mvjcost, int *mvcost[2],
                                   ^
platform/android/external/libvpx/libvpx/vp9/encoder/vp9_mcomp.c:1074:49: warning: unused parameter 'mvcost' [-Wunused-parameter]
                              int *mvjcost, int *mvcost[2],
                                                 ^
platform/android/external/libvpx/libvpx/vp9/encoder/vp9_mcomp.c: In function 'vp9_full_search_sad_c':
platform/android/external/libvpx/libvpx/vp9/encoder/vp9_mcomp.c:1289:32: warning: unused parameter 'mvjcost' [-Wunused-parameter]
                           int *mvjcost, int *mvcost[2],
                                ^
platform/android/external/libvpx/libvpx/vp9/encoder/vp9_mcomp.c:1289:46: warning: unused parameter 'mvcost' [-Wunused-parameter]
                           int *mvjcost, int *mvcost[2],
                                              ^
platform/android/external/libvpx/libvpx/vp9/encoder/vp9_mcomp.c: In function 'vp9_full_search_sadx3':
platform/android/external/libvpx/libvpx/vp9/encoder/vp9_mcomp.c:1327:32: warning: unused parameter 'mvjcost' [-Wunused-parameter]
                           int *mvjcost, int *mvcost[2],
                                ^
platform/android/external/libvpx/libvpx/vp9/encoder/vp9_mcomp.c:1327:46: warning: unused parameter 'mvcost' [-Wunused-parameter]
                           int *mvjcost, int *mvcost[2],
                                              ^
platform/android/external/libvpx/libvpx/vp9/encoder/vp9_mcomp.c: In function 'vp9_full_search_sadx8':
platform/android/external/libvpx/libvpx/vp9/encoder/vp9_mcomp.c:1419:32: warning: unused parameter 'mvjcost' [-Wunused-parameter]
                           int *mvjcost, int *mvcost[2],
                                ^
platform/android/external/libvpx/libvpx/vp9/encoder/vp9_mcomp.c:1419:46: warning: unused parameter 'mvcost' [-Wunused-parameter]
                           int *mvjcost, int *mvcost[2],
                                              ^
platform/android/external/libvpx/libvpx/vp9/encoder/vp9_mcomp.c: In function 'vp9_refining_search_sad_c':
platform/android/external/libvpx/libvpx/vp9/encoder/vp9_mcomp.c:1539:36: warning: unused parameter 'mvjcost' [-Wunused-parameter]
                               int *mvjcost, int *mvcost[2],
                                    ^
platform/android/external/libvpx/libvpx/vp9/encoder/vp9_mcomp.c:1539:50: warning: unused parameter 'mvcost' [-Wunused-parameter]
                               int *mvjcost, int *mvcost[2],
                                                  ^
platform/android/external/libvpx/libvpx/vp9/encoder/vp9_mcomp.c: In function 'vp9_refining_search_sadx4':
platform/android/external/libvpx/libvpx/vp9/encoder/vp9_mcomp.c:1589:36: warning: unused parameter 'mvjcost' [-Wunused-parameter]
                               int *mvjcost, int *mvcost[2],
                                    ^
platform/android/external/libvpx/libvpx/vp9/encoder/vp9_mcomp.c:1589:50: warning: unused parameter 'mvcost' [-Wunused-parameter]
                               int *mvjcost, int *mvcost[2],
                                                  ^
platform/android/external/libvpx/libvpx/vp9/encoder/vp9_mcomp.c: In function 'vp9_refining_search_8p_c':
platform/android/external/libvpx/libvpx/vp9/encoder/vp9_mcomp.c:1675:35: warning: unused parameter 'mvjcost' [-Wunused-parameter]
                              int *mvjcost, int *mvcost[2],
                                   ^
platform/android/external/libvpx/libvpx/vp9/encoder/vp9_mcomp.c:1675:49: warning: unused parameter 'mvcost' [-Wunused-parameter]
                              int *mvjcost, int *mvcost[2],
                                                 ^
platform/android/external/libvpx/libvpx/vp9/encoder/vp9_mcomp.c:1677:62: warning: unused parameter 'w' [-Wunused-parameter]
                              const uint8_t *second_pred, int w, int h) {
                                                              ^
platform/android/external/libvpx/libvpx/vp9/encoder/vp9_mcomp.c:1677:69: warning: unused parameter 'h' [-Wunused-parameter]
                              const uint8_t *second_pred, int w, int h) {
                                                                     ^
