platform/android/external/libexif/libexif/exif-entry.c:569:32: warning: using floating point absolute value function 'fabs' when argument is of integer type [-Wabsolute-value]
                                int decimals = (int)(log10(fabs(v_srat.denominator))-0.08+1.0);
                                                           ^
platform/android/external/libexif/libexif/exif-entry.c:569:32: note: use function 'abs' instead
                                int decimals = (int)(log10(fabs(v_srat.denominator))-0.08+1.0);
                                                           ^~~~
                                                           abs
platform/android/external/libexif/libexif/exif-entry.c:1224:7: warning: case value not in enumerated type 'ExifTag' [-Wswitch]
        case EXIF_TAG_GPS_VERSION_ID:
             ^
platform/android/external/libexif/libexif/exif-tag.h:155:40: note: expanded from macro 'EXIF_TAG_GPS_VERSION_ID'
#define EXIF_TAG_GPS_VERSION_ID        0x0000
                                       ^
platform/android/external/libexif/libexif/exif-entry.c:1251:7: warning: case value not in enumerated type 'ExifTag' [-Wswitch]
        case EXIF_TAG_GPS_ALTITUDE_REF:
             ^
platform/android/external/libexif/libexif/exif-tag.h:160:40: note: expanded from macro 'EXIF_TAG_GPS_ALTITUDE_REF'
#define EXIF_TAG_GPS_ALTITUDE_REF      0x0005
                                       ^
platform/android/external/libexif/libexif/exif-entry.c:1264:7: warning: case value not in enumerated type 'ExifTag' [-Wswitch]
        case EXIF_TAG_GPS_TIME_STAMP:
             ^
platform/android/external/libexif/libexif/exif-tag.h:162:40: note: expanded from macro 'EXIF_TAG_GPS_TIME_STAMP'
#define EXIF_TAG_GPS_TIME_STAMP        0x0007
                                       ^
4 warnings generated.
