platform/android/external/neven/Embedded/common/src/b_TensorEm/VectorMap.c: In function 'bts_VectorMap_init':
platform/android/external/neven/Embedded/common/src/b_TensorEm/VectorMap.c:46:46: warning: unused parameter 'cpA' [-Wunused-parameter]
 void bts_VectorMap_init( struct bbs_Context* cpA,
                                              ^
platform/android/external/neven/Embedded/common/src/b_TensorEm/VectorMap.c: In function 'bts_VectorMap_exit':
platform/android/external/neven/Embedded/common/src/b_TensorEm/VectorMap.c:55:46: warning: unused parameter 'cpA' [-Wunused-parameter]
 void bts_VectorMap_exit( struct bbs_Context* cpA,
                                              ^
platform/android/external/neven/Embedded/common/src/b_TensorEm/VectorMap.c: In function 'bts_VectorMap_copy':
platform/android/external/neven/Embedded/common/src/b_TensorEm/VectorMap.c:72:46: warning: unused parameter 'cpA' [-Wunused-parameter]
 void bts_VectorMap_copy( struct bbs_Context* cpA,
                                              ^
platform/android/external/neven/Embedded/common/src/b_TensorEm/VectorMap.c: In function 'bts_VectorMap_equal':
platform/android/external/neven/Embedded/common/src/b_TensorEm/VectorMap.c:82:47: warning: unused parameter 'cpA' [-Wunused-parameter]
 flag bts_VectorMap_equal( struct bbs_Context* cpA,
                                               ^
platform/android/external/neven/Embedded/common/src/b_TensorEm/VectorMap.c: In function 'bts_VectorMap_memSize':
platform/android/external/neven/Embedded/common/src/b_TensorEm/VectorMap.c:118:51: warning: unused parameter 'cpA' [-Wunused-parameter]
 uint32 bts_VectorMap_memSize( struct bbs_Context* cpA,
                                                   ^
