platform/android/external/icu/icu4c/source/common/ucnv_lmb.c: In function '_LMBCSOpenWorker':
platform/android/external/icu/icu4c/source/common/ucnv_lmb.c:640:9: warning: missing initializer [-Wmissing-field-initializers]
platform/android/external/icu/icu4c/source/common/ucnv_lmb.c:640:9: warning: (near initialization for 'stackArgs.nestedLoads') [-Wmissing-field-initializers]
platform/android/external/icu/icu4c/source/common/ucnv_lmb.c: At top level:
platform/android/external/icu/icu4c/source/common/ucnv_lmb.c:1364:1: warning: missing initializer [-Wmissing-field-initializers]
platform/android/external/icu/icu4c/source/common/ucnv_lmb.c:1364:1: warning: (near initialization for '_LMBCSImpl1.toUTF8') [-Wmissing-field-initializers]
platform/android/external/icu/icu4c/source/common/ucnv_lmb.c:1364:1: warning: missing initializer [-Wmissing-field-initializers]
platform/android/external/icu/icu4c/source/common/ucnv_lmb.c:1364:1: warning: (near initialization for '_LMBCSData1_53.mbcs') [-Wmissing-field-initializers]
platform/android/external/icu/icu4c/source/common/ucnv_lmb.c:1365:1: warning: missing initializer [-Wmissing-field-initializers]
platform/android/external/icu/icu4c/source/common/ucnv_lmb.c:1365:1: warning: (near initialization for '_LMBCSImpl2.toUTF8') [-Wmissing-field-initializers]
platform/android/external/icu/icu4c/source/common/ucnv_lmb.c:1365:1: warning: missing initializer [-Wmissing-field-initializers]
platform/android/external/icu/icu4c/source/common/ucnv_lmb.c:1365:1: warning: (near initialization for '_LMBCSData2_53.mbcs') [-Wmissing-field-initializers]
platform/android/external/icu/icu4c/source/common/ucnv_lmb.c:1366:1: warning: missing initializer [-Wmissing-field-initializers]
platform/android/external/icu/icu4c/source/common/ucnv_lmb.c:1366:1: warning: (near initialization for '_LMBCSImpl3.toUTF8') [-Wmissing-field-initializers]
platform/android/external/icu/icu4c/source/common/ucnv_lmb.c:1366:1: warning: missing initializer [-Wmissing-field-initializers]
platform/android/external/icu/icu4c/source/common/ucnv_lmb.c:1366:1: warning: (near initialization for '_LMBCSData3_53.mbcs') [-Wmissing-field-initializers]
platform/android/external/icu/icu4c/source/common/ucnv_lmb.c:1367:1: warning: missing initializer [-Wmissing-field-initializers]
platform/android/external/icu/icu4c/source/common/ucnv_lmb.c:1367:1: warning: (near initialization for '_LMBCSImpl4.toUTF8') [-Wmissing-field-initializers]
platform/android/external/icu/icu4c/source/common/ucnv_lmb.c:1367:1: warning: missing initializer [-Wmissing-field-initializers]
platform/android/external/icu/icu4c/source/common/ucnv_lmb.c:1367:1: warning: (near initialization for '_LMBCSData4_53.mbcs') [-Wmissing-field-initializers]
platform/android/external/icu/icu4c/source/common/ucnv_lmb.c:1368:1: warning: missing initializer [-Wmissing-field-initializers]
platform/android/external/icu/icu4c/source/common/ucnv_lmb.c:1368:1: warning: (near initialization for '_LMBCSImpl5.toUTF8') [-Wmissing-field-initializers]
platform/android/external/icu/icu4c/source/common/ucnv_lmb.c:1368:1: warning: missing initializer [-Wmissing-field-initializers]
platform/android/external/icu/icu4c/source/common/ucnv_lmb.c:1368:1: warning: (near initialization for '_LMBCSData5_53.mbcs') [-Wmissing-field-initializers]
platform/android/external/icu/icu4c/source/common/ucnv_lmb.c:1369:1: warning: missing initializer [-Wmissing-field-initializers]
platform/android/external/icu/icu4c/source/common/ucnv_lmb.c:1369:1: warning: (near initialization for '_LMBCSImpl6.toUTF8') [-Wmissing-field-initializers]
platform/android/external/icu/icu4c/source/common/ucnv_lmb.c:1369:1: warning: missing initializer [-Wmissing-field-initializers]
platform/android/external/icu/icu4c/source/common/ucnv_lmb.c:1369:1: warning: (near initialization for '_LMBCSData6_53.mbcs') [-Wmissing-field-initializers]
platform/android/external/icu/icu4c/source/common/ucnv_lmb.c:1370:1: warning: missing initializer [-Wmissing-field-initializers]
platform/android/external/icu/icu4c/source/common/ucnv_lmb.c:1370:1: warning: (near initialization for '_LMBCSImpl8.toUTF8') [-Wmissing-field-initializers]
platform/android/external/icu/icu4c/source/common/ucnv_lmb.c:1370:1: warning: missing initializer [-Wmissing-field-initializers]
platform/android/external/icu/icu4c/source/common/ucnv_lmb.c:1370:1: warning: (near initialization for '_LMBCSData8_53.mbcs') [-Wmissing-field-initializers]
platform/android/external/icu/icu4c/source/common/ucnv_lmb.c:1371:1: warning: missing initializer [-Wmissing-field-initializers]
platform/android/external/icu/icu4c/source/common/ucnv_lmb.c:1371:1: warning: (near initialization for '_LMBCSImpl11.toUTF8') [-Wmissing-field-initializers]
platform/android/external/icu/icu4c/source/common/ucnv_lmb.c:1371:1: warning: missing initializer [-Wmissing-field-initializers]
platform/android/external/icu/icu4c/source/common/ucnv_lmb.c:1371:1: warning: (near initialization for '_LMBCSData11_53.mbcs') [-Wmissing-field-initializers]
platform/android/external/icu/icu4c/source/common/ucnv_lmb.c:1372:1: warning: missing initializer [-Wmissing-field-initializers]
platform/android/external/icu/icu4c/source/common/ucnv_lmb.c:1372:1: warning: (near initialization for '_LMBCSImpl16.toUTF8') [-Wmissing-field-initializers]
platform/android/external/icu/icu4c/source/common/ucnv_lmb.c:1372:1: warning: missing initializer [-Wmissing-field-initializers]
platform/android/external/icu/icu4c/source/common/ucnv_lmb.c:1372:1: warning: (near initialization for '_LMBCSData16_53.mbcs') [-Wmissing-field-initializers]
platform/android/external/icu/icu4c/source/common/ucnv_lmb.c:1373:1: warning: missing initializer [-Wmissing-field-initializers]
platform/android/external/icu/icu4c/source/common/ucnv_lmb.c:1373:1: warning: (near initialization for '_LMBCSImpl17.toUTF8') [-Wmissing-field-initializers]
platform/android/external/icu/icu4c/source/common/ucnv_lmb.c:1373:1: warning: missing initializer [-Wmissing-field-initializers]
platform/android/external/icu/icu4c/source/common/ucnv_lmb.c:1373:1: warning: (near initialization for '_LMBCSData17_53.mbcs') [-Wmissing-field-initializers]
platform/android/external/icu/icu4c/source/common/ucnv_lmb.c:1374:1: warning: missing initializer [-Wmissing-field-initializers]
platform/android/external/icu/icu4c/source/common/ucnv_lmb.c:1374:1: warning: (near initialization for '_LMBCSImpl18.toUTF8') [-Wmissing-field-initializers]
platform/android/external/icu/icu4c/source/common/ucnv_lmb.c:1374:1: warning: missing initializer [-Wmissing-field-initializers]
platform/android/external/icu/icu4c/source/common/ucnv_lmb.c:1374:1: warning: (near initialization for '_LMBCSData18_53.mbcs') [-Wmissing-field-initializers]
platform/android/external/icu/icu4c/source/common/ucnv_lmb.c:1375:1: warning: missing initializer [-Wmissing-field-initializers]
platform/android/external/icu/icu4c/source/common/ucnv_lmb.c:1375:1: warning: (near initialization for '_LMBCSImpl19.toUTF8') [-Wmissing-field-initializers]
platform/android/external/icu/icu4c/source/common/ucnv_lmb.c:1375:1: warning: missing initializer [-Wmissing-field-initializers]
platform/android/external/icu/icu4c/source/common/ucnv_lmb.c:1375:1: warning: (near initialization for '_LMBCSData19_53.mbcs') [-Wmissing-field-initializers]
