framework/ngb-j/jni/impl_davic_mpeg_dvb_SiUtils.cpp:30:17: warning: unused parameter 'clazz' [-Wunused-parameter]
  static jobject native_getCurrentTransportStream(JNIEnv* env, jclass clazz, jint tunerId)
                 ^
framework/ngb-j/jni/impl_davic_mpeg_dvb_SiUtils.cpp:64:22: warning: unused parameter 'clazz' [-Wunused-parameter]
  static jobjectArray native_getAllTransportStreams(JNIEnv* env, jclass clazz, jint tunerId)
                      ^
framework/ngb-j/jni/impl_davic_mpeg_dvb_SiUtils.cpp:105:14: warning: unused parameter 'env' [-Wunused-parameter]
  static jint native_getServiceById(JNIEnv* env, jclass clazz, jint tunerId, jint originalNetworkId,
              ^
framework/ngb-j/jni/impl_davic_mpeg_dvb_SiUtils.cpp:105:14: warning: unused parameter 'clazz' [-Wunused-parameter]
framework/ngb-j/jni/impl_davic_mpeg_dvb_SiUtils.cpp:135:19: warning: unused parameter 'clazz' [-Wunused-parameter]
  static jintArray native_getAllServices(JNIEnv* env, jclass clazz, jint tunerId, jint originalNetworkId,
                   ^
framework/ngb-j/jni/impl_davic_mpeg_dvb_SiUtils.cpp:170:17: warning: unused parameter 'clazz' [-Wunused-parameter]
  static jobject native_getElementaryStreamByTag(JNIEnv* env, jclass clazz, jint tunerId, jint originalNetworkId,
                 ^
framework/ngb-j/jni/impl_davic_mpeg_dvb_SiUtils.cpp:211:17: warning: unused parameter 'clazz' [-Wunused-parameter]
  static jobject native_getElementaryStreamByPid(JNIEnv* env, jclass clazz, jint tunerId, jint originalNetworkId,
                 ^
framework/ngb-j/jni/impl_davic_mpeg_dvb_SiUtils.cpp:252:22: warning: unused parameter 'clazz' [-Wunused-parameter]
  static jobjectArray native_getAllElementaryStreams(JNIEnv* env, jclass clazz, jint tunerId, jint originalNetworkId,
                      ^
