In file included from device/hisilicon/bigfish/frameworks/hidisplaymanager/hal/../../../HiSTBSDKV6R2/source/msp/drv/hifb/include/hifb.h:19:0,
                 from device/hisilicon/bigfish/frameworks/hidisplaymanager/hal/display.c:12:
device/hisilicon/bigfish/frameworks/hidisplaymanager/hal/../../../HiSTBSDKV6R2/source/common/include/hi_type.h:44:23: warning: ISO C90 does not support 'long long' [-Wlong-long]
 typedef unsigned long long      HI_U64;
                       ^
device/hisilicon/bigfish/frameworks/hidisplaymanager/hal/../../../HiSTBSDKV6R2/source/common/include/hi_type.h:45:14: warning: ISO C90 does not support 'long long' [-Wlong-long]
 typedef long long               HI_S64;
              ^
device/hisilicon/bigfish/frameworks/hidisplaymanager/hal/display.c: In function 'isChipSupport10bit':
device/hisilicon/bigfish/frameworks/hidisplaymanager/hal/display.c:177:23: warning: comparison between signed and unsigned integer expressions [-Wsign-compare]
         for (i = 0; i < sizeof (g_Support10bitChipMap) / sizeof(int) / 2; i++)
                       ^
device/hisilicon/bigfish/frameworks/hidisplaymanager/hal/display.c:179:46: warning: comparison between signed and unsigned integer expressions [-Wsign-compare]
             if ((g_Support10bitChipMap[i][0] == ChipType)
                                              ^
device/hisilicon/bigfish/frameworks/hidisplaymanager/hal/display.c:180:49: warning: comparison between signed and unsigned integer expressions [-Wsign-compare]
                 && (g_Support10bitChipMap[i][1] == ChipVersion))
                                                 ^
device/hisilicon/bigfish/frameworks/hidisplaymanager/hal/display.c: In function 'set_format':
device/hisilicon/bigfish/frameworks/hidisplaymanager/hal/display.c:1008:5: warning: implicit declaration of function 'match_format_colorspace_hdrtype' [-Wimplicit-function-declaration]
     match_format_colorspace_hdrtype(hdrtype,format,&matchColorSpace,&matchDeepColor);
     ^
device/hisilicon/bigfish/frameworks/hidisplaymanager/hal/display.c: In function 'set_HDRType':
device/hisilicon/bigfish/frameworks/hidisplaymanager/hal/display.c:2588:5: warning: implicit declaration of function 'is_support_hdr10_chip' [-Wimplicit-function-declaration]
     if(HDRType == HI_UNF_DISP_HDR_TYPE_HDR10 && is_support_hdr10_chip()!= HI_SUCCESS )
     ^
device/hisilicon/bigfish/frameworks/hidisplaymanager/hal/display.c:2594:5: warning: implicit declaration of function 'check_chip_dolby_capablity' [-Wimplicit-function-declaration]
     if(HDRType == HI_UNF_DISP_HDR_TYPE_DOLBY && check_chip_dolby_capablity()!= HI_SUCCESS)
     ^
device/hisilicon/bigfish/frameworks/hidisplaymanager/hal/display.c: In function 'match_format_colorspace_hdrtype':
device/hisilicon/bigfish/frameworks/hidisplaymanager/hal/display.c:2720:90: warning: comparison between 'HI_UNF_ENC_FMT_E' and 'enum display_format_e' [-Wenum-compare]
     if((userset!=-1)&&(get_color_space_mode()==HI_UNF_HDMI_VIDEO_MODE_YCBCR420)&&((format!=DISPLAY_FMT_3840X2160_50) ||(format!=DISPLAY_FMT_3840X2160_60 )))
                                                                                          ^
device/hisilicon/bigfish/frameworks/hidisplaymanager/hal/display.c:2720:127: warning: comparison between 'HI_UNF_ENC_FMT_E' and 'enum display_format_e' [-Wenum-compare]
     if((userset!=-1)&&(get_color_space_mode()==HI_UNF_HDMI_VIDEO_MODE_YCBCR420)&&((format!=DISPLAY_FMT_3840X2160_50) ||(format!=DISPLAY_FMT_3840X2160_60 )))
                                                                                                                               ^
device/hisilicon/bigfish/frameworks/hidisplaymanager/hal/display.c: In function 'open_display':
device/hisilicon/bigfish/frameworks/hidisplaymanager/hal/display.c:3314:71: warning: unused parameter 'name' [-Wunused-parameter]
 static int open_display(const struct hw_module_t* module, const char* name,
                                                                       ^
