In file included from device/hisilicon/bigfish/HiSTBSDKV6R2/source/common/include/hi_flash.h:29:0,
                 from device/hisilicon/bigfish/HiSTBSDKV6R2/source/common/api/./flash/src/spi_raw.c:12:
device/hisilicon/bigfish/HiSTBSDKV6R2/source/common/include/hi_type.h:44:23: warning: ISO C90 does not support 'long long' [-Wlong-long]
 typedef unsigned long long      HI_U64;
                       ^
device/hisilicon/bigfish/HiSTBSDKV6R2/source/common/include/hi_type.h:45:14: warning: ISO C90 does not support 'long long' [-Wlong-long]
 typedef long long               HI_S64;
              ^
In file included from device/hisilicon/bigfish/HiSTBSDKV6R2/source/common/api/./flash/src/spi_raw.c:12:0:
device/hisilicon/bigfish/HiSTBSDKV6R2/source/common/include/hi_flash.h:87:43: warning: ISO C90 does not support 'long long' [-Wlong-long]
     int (*raw_read)(int fd, unsigned long long *startaddr, unsigned char *buffer,
                                           ^
device/hisilicon/bigfish/HiSTBSDKV6R2/source/common/include/hi_flash.h:88:45: warning: ISO C90 does not support 'long long' [-Wlong-long]
         unsigned long length, unsigned long long openaddr, unsigned long long limit_leng, int read_oob, int skip_badblock);
                                             ^
device/hisilicon/bigfish/HiSTBSDKV6R2/source/common/include/hi_flash.h:88:74: warning: ISO C90 does not support 'long long' [-Wlong-long]
         unsigned long length, unsigned long long openaddr, unsigned long long limit_leng, int read_oob, int skip_badblock);
                                                                          ^
device/hisilicon/bigfish/HiSTBSDKV6R2/source/common/include/hi_flash.h:89:44: warning: ISO C90 does not support 'long long' [-Wlong-long]
     int (*raw_write)(int fd, unsigned long long *startaddr, unsigned char *buffer,
                                            ^
device/hisilicon/bigfish/HiSTBSDKV6R2/source/common/include/hi_flash.h:90:45: warning: ISO C90 does not support 'long long' [-Wlong-long]
         unsigned long length, unsigned long long openaddr, unsigned long long limit_leng, int write_oob);
                                             ^
device/hisilicon/bigfish/HiSTBSDKV6R2/source/common/include/hi_flash.h:90:74: warning: ISO C90 does not support 'long long' [-Wlong-long]
         unsigned long length, unsigned long long openaddr, unsigned long long limit_leng, int write_oob);
                                                                          ^
device/hisilicon/bigfish/HiSTBSDKV6R2/source/common/include/hi_flash.h:91:10: warning: ISO C90 does not support 'long long' [-Wlong-long]
     long long (*raw_erase)(int fd, unsigned long long startaddr,
          ^
device/hisilicon/bigfish/HiSTBSDKV6R2/source/common/include/hi_flash.h:91:50: warning: ISO C90 does not support 'long long' [-Wlong-long]
     long long (*raw_erase)(int fd, unsigned long long startaddr,
                                                  ^
device/hisilicon/bigfish/HiSTBSDKV6R2/source/common/include/hi_flash.h:92:23: warning: ISO C90 does not support 'long long' [-Wlong-long]
         unsigned long long length, unsigned long long openaddr, unsigned long long limit_leng);
                       ^
device/hisilicon/bigfish/HiSTBSDKV6R2/source/common/include/hi_flash.h:92:50: warning: ISO C90 does not support 'long long' [-Wlong-long]
         unsigned long long length, unsigned long long openaddr, unsigned long long limit_leng);
                                                  ^
device/hisilicon/bigfish/HiSTBSDKV6R2/source/common/include/hi_flash.h:92:79: warning: ISO C90 does not support 'long long' [-Wlong-long]
         unsigned long long length, unsigned long long openaddr, unsigned long long limit_leng);
                                                                               ^
In file included from device/hisilicon/bigfish/HiSTBSDKV6R2/source/common/api/./flash/src/spi_raw.c:13:0:
device/hisilicon/bigfish/HiSTBSDKV6R2/source/common/api/flash/include/nand.h:27:18: warning: ISO C90 does not support 'long long' [-Wlong-long]
     typedef long long   __kernel_loff_t;
                  ^
device/hisilicon/bigfish/HiSTBSDKV6R2/source/common/api/flash/include/nand.h:134:33: warning: ISO C90 does not support 'long long' [-Wlong-long]
 char *int_to_size(unsigned long long size);
                                 ^
device/hisilicon/bigfish/HiSTBSDKV6R2/source/common/api/flash/include/nand.h:144:15: warning: ISO C90 does not support 'long long' [-Wlong-long]
 unsigned long long get_flash_total_size(HI_FLASH_TYPE_E FlashType);
               ^
In file included from device/hisilicon/bigfish/HiSTBSDKV6R2/source/common/api/./flash/src/spi_raw.c:14:0:
device/hisilicon/bigfish/HiSTBSDKV6R2/source/common/api/flash/include/spi_raw.h:13:40: warning: ISO C90 does not support 'long long' [-Wlong-long]
 int spi_raw_read(int fd, unsigned long long *startaddr, unsigned char *buffer,
                                        ^
device/hisilicon/bigfish/HiSTBSDKV6R2/source/common/api/flash/include/spi_raw.h:14:41: warning: ISO C90 does not support 'long long' [-Wlong-long]
     unsigned long length, unsigned long long openaddr, unsigned long long limit_leng, int read_oob, int skip_badblock);
                                         ^
device/hisilicon/bigfish/HiSTBSDKV6R2/source/common/api/flash/include/spi_raw.h:14:70: warning: ISO C90 does not support 'long long' [-Wlong-long]
     unsigned long length, unsigned long long openaddr, unsigned long long limit_leng, int read_oob, int skip_badblock);
                                                                      ^
device/hisilicon/bigfish/HiSTBSDKV6R2/source/common/api/flash/include/spi_raw.h:16:41: warning: ISO C90 does not support 'long long' [-Wlong-long]
 int spi_raw_write(int fd, unsigned long long *startaddr, unsigned char *buffer,
                                         ^
device/hisilicon/bigfish/HiSTBSDKV6R2/source/common/api/flash/include/spi_raw.h:17:41: warning: ISO C90 does not support 'long long' [-Wlong-long]
     unsigned long length, unsigned long long openaddr, unsigned long long limit_leng, int write_oob);
                                         ^
device/hisilicon/bigfish/HiSTBSDKV6R2/source/common/api/flash/include/spi_raw.h:17:70: warning: ISO C90 does not support 'long long' [-Wlong-long]
     unsigned long length, unsigned long long openaddr, unsigned long long limit_leng, int write_oob);
                                                                      ^
device/hisilicon/bigfish/HiSTBSDKV6R2/source/common/api/flash/include/spi_raw.h:19:6: warning: ISO C90 does not support 'long long' [-Wlong-long]
 long long spi_raw_erase(int fd, unsigned long long startaddr,
      ^
device/hisilicon/bigfish/HiSTBSDKV6R2/source/common/api/flash/include/spi_raw.h:19:47: warning: ISO C90 does not support 'long long' [-Wlong-long]
 long long spi_raw_erase(int fd, unsigned long long startaddr,
                                               ^
device/hisilicon/bigfish/HiSTBSDKV6R2/source/common/api/flash/include/spi_raw.h:20:19: warning: ISO C90 does not support 'long long' [-Wlong-long]
     unsigned long long length, unsigned long long openaddr, unsigned long long limit_leng);
                   ^
device/hisilicon/bigfish/HiSTBSDKV6R2/source/common/api/flash/include/spi_raw.h:20:46: warning: ISO C90 does not support 'long long' [-Wlong-long]
     unsigned long long length, unsigned long long openaddr, unsigned long long limit_leng);
                                              ^
device/hisilicon/bigfish/HiSTBSDKV6R2/source/common/api/flash/include/spi_raw.h:20:75: warning: ISO C90 does not support 'long long' [-Wlong-long]
     unsigned long long length, unsigned long long openaddr, unsigned long long limit_leng);
                                                                           ^
device/hisilicon/bigfish/HiSTBSDKV6R2/source/common/api/flash/include/spi_raw.h:22:15: warning: ISO C90 does not support 'long long' [-Wlong-long]
 unsigned long long spi_raw_get_start_addr(const char *dev_name, unsigned long blocksize, int *value_valid);
               ^
device/hisilicon/bigfish/HiSTBSDKV6R2/source/common/api/flash/include/spi_raw.h:24:37: warning: ISO C90 does not support 'long long' [-Wlong-long]
 void spi_raw_get_info(unsigned long long *totalsize, unsigned int *pagesize, unsigned int *blocksize,
                                     ^
device/hisilicon/bigfish/HiSTBSDKV6R2/source/common/api/./flash/src/spi_raw.c:161:19: warning: ISO C90 does not support 'long long' [-Wlong-long]
     unsigned long long *totalsize,
                   ^
device/hisilicon/bigfish/HiSTBSDKV6R2/source/common/api/./flash/src/spi_raw.c:180:15: warning: ISO C90 does not support 'long long' [-Wlong-long]
 unsigned long long spi_raw_get_start_addr(const char *dev_name, unsigned long blocksize, int *value_valid)
               ^
device/hisilicon/bigfish/HiSTBSDKV6R2/source/common/api/./flash/src/spi_raw.c:233:19: warning: ISO C90 does not support 'long long' [-Wlong-long]
     unsigned long long *startaddr, /* this address maybe change when meet bad block */
                   ^
device/hisilicon/bigfish/HiSTBSDKV6R2/source/common/api/./flash/src/spi_raw.c:236:19: warning: ISO C90 does not support 'long long' [-Wlong-long]
     unsigned long long  openaddr,
                   ^
device/hisilicon/bigfish/HiSTBSDKV6R2/source/common/api/./flash/src/spi_raw.c:237:19: warning: ISO C90 does not support 'long long' [-Wlong-long]
     unsigned long long  limit_leng,
                   ^
device/hisilicon/bigfish/HiSTBSDKV6R2/source/common/api/./flash/src/spi_raw.c: In function 'spi_raw_read':
device/hisilicon/bigfish/HiSTBSDKV6R2/source/common/api/./flash/src/spi_raw.c:245:19: warning: ISO C90 does not support 'long long' [-Wlong-long]
     unsigned long long offset = *startaddr;
                   ^
device/hisilicon/bigfish/HiSTBSDKV6R2/source/common/api/./flash/src/spi_raw.c: At top level:
device/hisilicon/bigfish/HiSTBSDKV6R2/source/common/api/./flash/src/spi_raw.c:303:6: warning: ISO C90 does not support 'long long' [-Wlong-long]
 long long spi_raw_erase
      ^
device/hisilicon/bigfish/HiSTBSDKV6R2/source/common/api/./flash/src/spi_raw.c:306:19: warning: ISO C90 does not support 'long long' [-Wlong-long]
     unsigned long long startaddr,
                   ^
device/hisilicon/bigfish/HiSTBSDKV6R2/source/common/api/./flash/src/spi_raw.c:307:19: warning: ISO C90 does not support 'long long' [-Wlong-long]
     unsigned long long length,
                   ^
device/hisilicon/bigfish/HiSTBSDKV6R2/source/common/api/./flash/src/spi_raw.c:308:19: warning: ISO C90 does not support 'long long' [-Wlong-long]
     unsigned long long openaddr,
                   ^
device/hisilicon/bigfish/HiSTBSDKV6R2/source/common/api/./flash/src/spi_raw.c:309:19: warning: ISO C90 does not support 'long long' [-Wlong-long]
     unsigned long long limit_leng)
                   ^
device/hisilicon/bigfish/HiSTBSDKV6R2/source/common/api/./flash/src/spi_raw.c: In function 'spi_raw_erase':
device/hisilicon/bigfish/HiSTBSDKV6R2/source/common/api/./flash/src/spi_raw.c:312:10: warning: ISO C90 does not support 'long long' [-Wlong-long]
     long long totalerase = 0;
          ^
device/hisilicon/bigfish/HiSTBSDKV6R2/source/common/api/./flash/src/spi_raw.c:313:19: warning: ISO C90 does not support 'long long' [-Wlong-long]
     unsigned long long offset = startaddr;
                   ^
device/hisilicon/bigfish/HiSTBSDKV6R2/source/common/api/./flash/src/spi_raw.c:357:47: warning: ISO C90 does not support 'long long' [-Wlong-long]
             eraseinfo.start  = (unsigned long long)(offset - ptn->start);
                                               ^
device/hisilicon/bigfish/HiSTBSDKV6R2/source/common/api/./flash/src/spi_raw.c:360:51: warning: ISO C90 does not support 'long long' [-Wlong-long]
                 eraseinfo.length = (unsigned long long)((ptn->end - offset) + 1);
                                                   ^
device/hisilicon/bigfish/HiSTBSDKV6R2/source/common/api/./flash/src/spi_raw.c:364:51: warning: ISO C90 does not support 'long long' [-Wlong-long]
                 eraseinfo.length = (unsigned long long)length;
                                                   ^
device/hisilicon/bigfish/HiSTBSDKV6R2/source/common/api/./flash/src/spi_raw.c:377:33: warning: ISO C90 does not support 'long long' [-Wlong-long]
             totalerase += (long long)eraseinfo.length;
                                 ^
device/hisilicon/bigfish/HiSTBSDKV6R2/source/common/api/./flash/src/spi_raw.c: At top level:
device/hisilicon/bigfish/HiSTBSDKV6R2/source/common/api/./flash/src/spi_raw.c:392:19: warning: ISO C90 does not support 'long long' [-Wlong-long]
     unsigned long long *startaddr,
                   ^
device/hisilicon/bigfish/HiSTBSDKV6R2/source/common/api/./flash/src/spi_raw.c:395:19: warning: ISO C90 does not support 'long long' [-Wlong-long]
     unsigned long long openaddr,
                   ^
device/hisilicon/bigfish/HiSTBSDKV6R2/source/common/api/./flash/src/spi_raw.c:396:19: warning: ISO C90 does not support 'long long' [-Wlong-long]
     unsigned long long limit_leng,
                   ^
device/hisilicon/bigfish/HiSTBSDKV6R2/source/common/api/./flash/src/spi_raw.c: In function 'spi_raw_write':
device/hisilicon/bigfish/HiSTBSDKV6R2/source/common/api/./flash/src/spi_raw.c:403:19: warning: ISO C90 does not support 'long long' [-Wlong-long]
     unsigned long long offset = *startaddr;
                   ^
