platform/android/frameworks/av/drm/common/DrmEngineBase.cpp:18:0: warning: "LOG_TAG" redefined [enabled by default]
 #define LOG_TAG "DrmUnitendPlugIn"
 ^
In file included from platform/android/system/core/include/cutils/log.h:1:0,
                 from platform/android/system/core/include/utils/Vector.h:24,
                 from platform/android/frameworks/av/include/drm/drm_framework_common.h:20,
                 from platform/android/frameworks/av/drm/libdrmframework/plugins/common/include/DrmEngineBase.h:20,
                 from platform/android/frameworks/av/drm/common/DrmEngineBase.cpp:17:
platform/android/system/core/include/log/log.h:67:0: note: this is the location of the previous definition
 #define LOG_TAG NULL
 ^
In file included from platform/android/frameworks/av/drm/common/DrmEngineBase.cpp:17:0:
platform/android/frameworks/av/drm/libdrmframework/plugins/common/include/DrmEngineBase.h:400:22: warning: unused parameter 'uniqueId' [-Wunused-parameter]
     virtual status_t onOpenDecryptSession(
                      ^
platform/android/frameworks/av/drm/libdrmframework/plugins/common/include/DrmEngineBase.h:400:22: warning: unused parameter 'decryptHandle' [-Wunused-parameter]
platform/android/frameworks/av/drm/libdrmframework/plugins/common/include/DrmEngineBase.h:400:22: warning: unused parameter 'fd' [-Wunused-parameter]
platform/android/frameworks/av/drm/libdrmframework/plugins/common/include/DrmEngineBase.h:400:22: warning: unused parameter 'offset' [-Wunused-parameter]
platform/android/frameworks/av/drm/libdrmframework/plugins/common/include/DrmEngineBase.h:400:22: warning: unused parameter 'length' [-Wunused-parameter]
platform/android/frameworks/av/drm/libdrmframework/plugins/common/include/DrmEngineBase.h:400:22: warning: unused parameter 'mime' [-Wunused-parameter]
platform/android/frameworks/av/drm/libdrmframework/plugins/common/include/DrmEngineBase.h:432:22: warning: unused parameter 'uniqueId' [-Wunused-parameter]
     virtual status_t onOpenDecryptSession(
                      ^
platform/android/frameworks/av/drm/libdrmframework/plugins/common/include/DrmEngineBase.h:432:22: warning: unused parameter 'decryptHandle' [-Wunused-parameter]
platform/android/frameworks/av/drm/libdrmframework/plugins/common/include/DrmEngineBase.h:432:22: warning: unused parameter 'uri' [-Wunused-parameter]
platform/android/frameworks/av/drm/libdrmframework/plugins/common/include/DrmEngineBase.h:432:22: warning: unused parameter 'mime' [-Wunused-parameter]
platform/android/frameworks/av/drm/libdrmframework/plugins/common/include/DrmEngineBase.h:449:22: warning: unused parameter 'uniqueId' [-Wunused-parameter]
     virtual status_t onOpenDecryptSession(int uniqueId, DecryptHandle* decryptHandle,
                      ^
platform/android/frameworks/av/drm/libdrmframework/plugins/common/include/DrmEngineBase.h:449:22: warning: unused parameter 'decryptHandle' [-Wunused-parameter]
platform/android/frameworks/av/drm/libdrmframework/plugins/common/include/DrmEngineBase.h:449:22: warning: unused parameter 'buf' [-Wunused-parameter]
platform/android/frameworks/av/drm/libdrmframework/plugins/common/include/DrmEngineBase.h:449:22: warning: unused parameter 'mimeType' [-Wunused-parameter]
