platform/android/system/vold/Iso.cpp: In static member function 'static int Iso::doMount(const char*, const char*)':
platform/android/system/vold/Iso.cpp:114:25: warning: argument to 'sizeof' in 'void* memset(void*, int, size_t)' call is the same expression as the destination; did you mean to provide an explicit length? [-Wsizeof-pointer-memaccess]
     memset(buff,0,sizeof(buff));
                         ^
platform/android/system/vold/Iso.cpp:121:25: warning: argument to 'sizeof' in 'void* memset(void*, int, size_t)' call is the same expression as the destination; did you mean to provide an explicit length? [-Wsizeof-pointer-memaccess]
     memset(buff,0,sizeof(buff));
                         ^
platform/android/system/vold/Iso.cpp:127:37: warning: argument to 'sizeof' in 'void* memset(void*, int, size_t)' call is the same expression as the destination; did you mean to provide an explicit length? [-Wsizeof-pointer-memaccess]
                 memset(buff,0,sizeof(buff));
                                     ^
platform/android/system/vold/Iso.cpp:139:25: warning: argument to 'sizeof' in 'void* memset(void*, int, size_t)' call is the same expression as the destination; did you mean to provide an explicit length? [-Wsizeof-pointer-memaccess]
     memset(buff,0,sizeof(buff));
                         ^
platform/android/system/vold/Iso.cpp: In static member function 'static int Iso::doUnmount(const char*)':
platform/android/system/vold/Iso.cpp:186:25: warning: argument to 'sizeof' in 'void* memset(void*, int, size_t)' call is the same expression as the destination; did you mean to provide an explicit length? [-Wsizeof-pointer-memaccess]
     memset(buff,0,sizeof(buff));
                         ^
platform/android/system/vold/Iso.cpp:202:33: warning: argument to 'sizeof' in 'void* memset(void*, int, size_t)' call is the same expression as the destination; did you mean to provide an explicit length? [-Wsizeof-pointer-memaccess]
             memset(buff,0,sizeof(buff));
                                 ^
