platform/android/external/tremolo/Tremolo/floor1.c: In function 'mergesort':
platform/android/external/tremolo/Tremolo/floor1.c:87:2: warning: array subscript has type 'char' [-Wchar-subscripts]
  if(vals[A[k1]]<vals[A[k2]])
  ^
platform/android/external/tremolo/Tremolo/floor1.c:87:2: warning: array subscript has type 'char' [-Wchar-subscripts]
platform/android/external/tremolo/Tremolo/floor1.c: In function 'floor1_info_unpack':
platform/android/external/tremolo/Tremolo/floor1.c:145:5: warning: array subscript has type 'char' [-Wchar-subscripts]
     count+=info->klass[info->partitionclass[j]].class_dim;
     ^
platform/android/external/tremolo/Tremolo/floor1.c:157:5: warning: array subscript has type 'char' [-Wchar-subscripts]
     count+=info->klass[info->partitionclass[j]].class_dim;
     ^
platform/android/external/tremolo/Tremolo/floor1.c: In function 'floor1_inverse1':
platform/android/external/tremolo/Tremolo/floor1.c:334:7: warning: array subscript has type 'char' [-Wchar-subscripts]
       int predicted=render_point(info->postlist[info->loneighbor[i-2]],
       ^
platform/android/external/tremolo/Tremolo/floor1.c:335:6: warning: array subscript has type 'char' [-Wchar-subscripts]
      info->postlist[info->hineighbor[i-2]],
      ^
platform/android/external/tremolo/Tremolo/floor1.c:336:6: warning: array subscript has type 'char' [-Wchar-subscripts]
      fit_value[info->loneighbor[i-2]],
      ^
platform/android/external/tremolo/Tremolo/floor1.c:337:6: warning: array subscript has type 'char' [-Wchar-subscripts]
      fit_value[info->hineighbor[i-2]],
      ^
platform/android/external/tremolo/Tremolo/floor1.c:360:2: warning: array subscript has type 'char' [-Wchar-subscripts]
  fit_value[info->loneighbor[i-2]]&=0x7fff;
  ^
platform/android/external/tremolo/Tremolo/floor1.c:361:2: warning: array subscript has type 'char' [-Wchar-subscripts]
  fit_value[info->hineighbor[i-2]]&=0x7fff;
  ^
