In file included from platform/android/bionic/libc/include/stdlib.h:34:0,
                 from platform/android/hardware/libhardware/modules/usbaudio/alsa_device_profile.c:24:
In function 'strncat',
    inlined from 'profile_get_sample_rate_strs' at platform/android/hardware/libhardware/modules/usbaudio/alsa_device_profile.c:406:16:
platform/android/bionic/libc/include/string.h:173:5: warning: call to __builtin___strncat_chk might overflow destination buffer [enabled by default]
     return __builtin___strncat_chk(dest, src, n, __bos(dest));
     ^
In function 'strncat',
    inlined from 'profile_get_format_strs' at platform/android/hardware/libhardware/modules/usbaudio/alsa_device_profile.c:429:16:
platform/android/bionic/libc/include/string.h:173:5: warning: call to __builtin___strncat_chk might overflow destination buffer [enabled by default]
     return __builtin___strncat_chk(dest, src, n, __bos(dest));
     ^
In function 'strncat',
    inlined from 'profile_get_channel_count_strs' at platform/android/hardware/libhardware/modules/usbaudio/alsa_device_profile.c:482:20:
platform/android/bionic/libc/include/string.h:173:5: warning: call to __builtin___strncat_chk might overflow destination buffer [enabled by default]
     return __builtin___strncat_chk(dest, src, n, __bos(dest));
     ^
In function 'strncat',
    inlined from 'profile_get_channel_count_strs' at platform/android/hardware/libhardware/modules/usbaudio/alsa_device_profile.c:493:16:
platform/android/bionic/libc/include/string.h:173:5: warning: call to __builtin___strncat_chk might overflow destination buffer [enabled by default]
     return __builtin___strncat_chk(dest, src, n, __bos(dest));
     ^
