component/atv/til/til_channel.c: In function 'default_til_start_scan':
component/atv/til/til_channel.c:11:62: warning: unused parameter 'source' [-Wunused-parameter]
 til_error_code_t default_til_start_scan(til_channel_source_t source, til_scan_params_t* params, til_scan_callbacks_t* cbs)
                                                              ^
component/atv/til/til_channel.c:11:89: warning: unused parameter 'params' [-Wunused-parameter]
 til_error_code_t default_til_start_scan(til_channel_source_t source, til_scan_params_t* params, til_scan_callbacks_t* cbs)
                                                                                         ^
component/atv/til/til_channel.c:11:119: warning: unused parameter 'cbs' [-Wunused-parameter]
 til_error_code_t default_til_start_scan(til_channel_source_t source, til_scan_params_t* params, til_scan_callbacks_t* cbs)
                                                                                                                       ^
component/atv/til/til_channel.c: In function 'default_til_cancel_scan':
component/atv/til/til_channel.c:18:63: warning: unused parameter 'source' [-Wunused-parameter]
 til_error_code_t default_til_cancel_scan(til_channel_source_t source)
                                                               ^
component/atv/til/til_channel.c: In function 'default_til_stop_scan':
component/atv/til/til_channel.c:25:61: warning: unused parameter 'source' [-Wunused-parameter]
 til_error_code_t default_til_stop_scan(til_channel_source_t source)
                                                             ^
component/atv/til/til_channel.c: In function 'default_til_get_channelCount':
component/atv/til/til_channel.c:42:5: warning: implicit declaration of function 'get_channelCount' [-Wimplicit-function-declaration]
     return get_channelCount(source, channel_count_info);
     ^
component/atv/til/til_channel.c: In function 'default_set_dtv_audio_lang_by_index':
component/atv/til/til_channel.c:74:58: warning: unused parameter 'audioIndex' [-Wunused-parameter]
 til_error_code_t default_set_dtv_audio_lang_by_index(int audioIndex, int tunerSrc)
                                                          ^
component/atv/til/til_channel.c:74:74: warning: unused parameter 'tunerSrc' [-Wunused-parameter]
 til_error_code_t default_set_dtv_audio_lang_by_index(int audioIndex, int tunerSrc)
                                                                          ^
component/atv/til/til_channel.c: In function 'default_til_set_subtitle_lang':
component/atv/til/til_channel.c:81:68: warning: unused parameter 'subtitleLang' [-Wunused-parameter]
 til_error_code_t default_til_set_subtitle_lang(til_country_codes_t subtitleLang, int tunerSrc)
                                                                    ^
component/atv/til/til_channel.c:81:86: warning: unused parameter 'tunerSrc' [-Wunused-parameter]
 til_error_code_t default_til_set_subtitle_lang(til_country_codes_t subtitleLang, int tunerSrc)
                                                                                      ^
component/atv/til/til_channel.c: In function 'default_til_get_subtitle_info':
component/atv/til/til_channel.c:88:75: warning: unused parameter 'subtitleInfo' [-Wunused-parameter]
 til_error_code_t default_til_get_subtitle_info(til_dtv_subtitle_params_t* subtitleInfo, int tunerSrc)
                                                                           ^
component/atv/til/til_channel.c:88:93: warning: unused parameter 'tunerSrc' [-Wunused-parameter]
 til_error_code_t default_til_get_subtitle_info(til_dtv_subtitle_params_t* subtitleInfo, int tunerSrc)
                                                                                             ^
component/atv/til/til_channel.c: In function 'default_til_get_cur_dtv_audio_codec':
component/atv/til/til_channel.c:95:73: warning: unused parameter 'til_audio_codec' [-Wunused-parameter]
 til_error_code_t default_til_get_cur_dtv_audio_codec(til_audio_codec_t* til_audio_codec)
                                                                         ^
component/atv/til/til_channel.c: In function 'default_til_get_cur_dtv_video_codec':
component/atv/til/til_channel.c:102:73: warning: unused parameter 'til_video_codec' [-Wunused-parameter]
 til_error_code_t default_til_get_cur_dtv_video_codec(til_video_codec_t* til_video_codec)
                                                                         ^
component/atv/til/til_channel.c: In function 'default_get_dtv_audio_path':
component/atv/til/til_channel.c:109:63: warning: unused parameter 'audioPath' [-Wunused-parameter]
 til_error_code_t default_get_dtv_audio_path(til_audio_path_t* audioPath, int tunerSrc)
                                                               ^
component/atv/til/til_channel.c:109:78: warning: unused parameter 'tunerSrc' [-Wunused-parameter]
 til_error_code_t default_get_dtv_audio_path(til_audio_path_t* audioPath, int tunerSrc)
                                                                              ^
component/atv/til/til_channel.c: In function 'default_set_dtv_audio_path':
component/atv/til/til_channel.c:116:62: warning: unused parameter 'audioPath' [-Wunused-parameter]
 til_error_code_t default_set_dtv_audio_path(til_audio_path_t audioPath, int tunerSrc)
                                                              ^
component/atv/til/til_channel.c:116:77: warning: unused parameter 'tunerSrc' [-Wunused-parameter]
 til_error_code_t default_set_dtv_audio_path(til_audio_path_t audioPath, int tunerSrc)
                                                                             ^
component/atv/til/til_channel.c: In function 'default_get_dtv_audio_lang_info':
component/atv/til/til_channel.c:123:73: warning: unused parameter 'audioLangInfo' [-Wunused-parameter]
 til_error_code_t default_get_dtv_audio_lang_info(til_audio_lang_info_t* audioLangInfo, int tunerSrc)
                                                                         ^
component/atv/til/til_channel.c:123:92: warning: unused parameter 'tunerSrc' [-Wunused-parameter]
 til_error_code_t default_get_dtv_audio_lang_info(til_audio_lang_info_t* audioLangInfo, int tunerSrc)
                                                                                            ^
component/atv/til/til_channel.c: In function 'default_get_dtv_utc_time':
component/atv/til/til_channel.c:130:49: warning: unused parameter 'seconds' [-Wunused-parameter]
 til_error_code_t default_get_dtv_utc_time(long* seconds)
                                                 ^
component/atv/til/til_channel.c: In function 'default_til_fine_tune_channel':
component/atv/til/til_channel.c:137:69: warning: unused parameter 'source' [-Wunused-parameter]
 til_error_code_t default_til_fine_tune_channel(til_channel_source_t source, til_channel_t* channel)
                                                                     ^
component/atv/til/til_channel.c:137:92: warning: unused parameter 'channel' [-Wunused-parameter]
 til_error_code_t default_til_fine_tune_channel(til_channel_source_t source, til_channel_t* channel)
                                                                                            ^
component/atv/til/til_channel.c: In function 'default_til_fine_tune_save_channel':
component/atv/til/til_channel.c:144:74: warning: unused parameter 'source' [-Wunused-parameter]
 til_error_code_t default_til_fine_tune_save_channel(til_channel_source_t source, til_channel_t* channel)
                                                                          ^
component/atv/til/til_channel.c:144:97: warning: unused parameter 'channel' [-Wunused-parameter]
 til_error_code_t default_til_fine_tune_save_channel(til_channel_source_t source, til_channel_t* channel)
                                                                                                 ^
component/atv/til/til_channel.c: In function 'default_til_continue_manual_scan':
component/atv/til/til_channel.c:151:72: warning: unused parameter 'source' [-Wunused-parameter]
 til_error_code_t default_til_continue_manual_scan(til_channel_source_t source, int finishData)
                                                                        ^
component/atv/til/til_channel.c:151:84: warning: unused parameter 'finishData' [-Wunused-parameter]
 til_error_code_t default_til_continue_manual_scan(til_channel_source_t source, int finishData)
                                                                                    ^
component/atv/til/til_channel.c: In function 'default_til_set_epg_channel':
component/atv/til/til_channel.c:158:61: warning: unused parameter 'channel' [-Wunused-parameter]
 til_error_code_t default_til_set_epg_channel(til_channel_t* channel)
                                                             ^
component/atv/til/til_channel.c: In function 'default_til_get_pf_epg_event':
component/atv/til/til_channel.c:165:62: warning: unused parameter 'channel' [-Wunused-parameter]
 til_error_code_t default_til_get_pf_epg_event(til_channel_t* channel, til_epg_event_info_t* currentEvent, til_epg_event_info_t* nextEvent, til_epg_pf_event_rt_t* rt)
                                                              ^
component/atv/til/til_channel.c:165:93: warning: unused parameter 'currentEvent' [-Wunused-parameter]
 til_error_code_t default_til_get_pf_epg_event(til_channel_t* channel, til_epg_event_info_t* currentEvent, til_epg_event_info_t* nextEvent, til_epg_pf_event_rt_t* rt)
                                                                                             ^
component/atv/til/til_channel.c:165:129: warning: unused parameter 'nextEvent' [-Wunused-parameter]
 til_error_code_t default_til_get_pf_epg_event(til_channel_t* channel, til_epg_event_info_t* currentEvent, til_epg_event_info_t* nextEvent, til_epg_pf_event_rt_t* rt)
                                                                                                                                 ^
component/atv/til/til_channel.c:165:163: warning: unused parameter 'rt' [-Wunused-parameter]
 til_error_code_t default_til_get_pf_epg_event(til_channel_t* channel, til_epg_event_info_t* currentEvent, til_epg_event_info_t* nextEvent, til_epg_pf_event_rt_t* rt)
                                                                                                                                                                   ^
component/atv/til/til_channel.c: In function 'default_til_get_pv_epg_event':
component/atv/til/til_channel.c:172:62: warning: unused parameter 'channel' [-Wunused-parameter]
 til_error_code_t default_til_get_pv_epg_event(til_channel_t* channel, unsigned long starTime, unsigned long endTime, til_epg_event_info_t** eventList)
                                                              ^
component/atv/til/til_channel.c:172:85: warning: unused parameter 'starTime' [-Wunused-parameter]
 til_error_code_t default_til_get_pv_epg_event(til_channel_t* channel, unsigned long starTime, unsigned long endTime, til_epg_event_info_t** eventList)
                                                                                     ^
component/atv/til/til_channel.c:172:109: warning: unused parameter 'endTime' [-Wunused-parameter]
 til_error_code_t default_til_get_pv_epg_event(til_channel_t* channel, unsigned long starTime, unsigned long endTime, til_epg_event_info_t** eventList)
                                                                                                             ^
component/atv/til/til_channel.c:172:141: warning: unused parameter 'eventList' [-Wunused-parameter]
 til_error_code_t default_til_get_pv_epg_event(til_channel_t* channel, unsigned long starTime, unsigned long endTime, til_epg_event_info_t** eventList)
                                                                                                                                             ^
component/atv/til/til_channel.c: In function 'default_til_set_epg_active_window':
component/atv/til/til_channel.c:179:67: warning: unused parameter 'channelList' [-Wunused-parameter]
 til_error_code_t default_til_set_epg_active_window(til_channel_t* channelList, unsigned char numOfChannel, unsigned long startTime, unsigned long duration)
                                                                   ^
component/atv/til/til_channel.c:179:94: warning: unused parameter 'numOfChannel' [-Wunused-parameter]
 til_error_code_t default_til_set_epg_active_window(til_channel_t* channelList, unsigned char numOfChannel, unsigned long startTime, unsigned long duration)
                                                                                              ^
component/atv/til/til_channel.c:179:122: warning: unused parameter 'startTime' [-Wunused-parameter]
 til_error_code_t default_til_set_epg_active_window(til_channel_t* channelList, unsigned char numOfChannel, unsigned long startTime, unsigned long duration)
                                                                                                                          ^
component/atv/til/til_channel.c:179:147: warning: unused parameter 'duration' [-Wunused-parameter]
 til_error_code_t default_til_set_epg_active_window(til_channel_t* channelList, unsigned char numOfChannel, unsigned long startTime, unsigned long duration)
                                                                                                                                                   ^
component/atv/til/til_channel.c: In function 'default_til_get_DtvStandardType':
component/atv/til/til_channel.c:193:72: warning: unused parameter 'source' [-Wunused-parameter]
 til_error_code_t default_til_get_DtvStandardType(til_channel_source_t* source)
                                                                        ^
component/atv/til/til_channel.c: In function 'default_til_set_current_channel':
component/atv/til/til_channel.c:214:71: warning: unused parameter 'source' [-Wunused-parameter]
 til_error_code_t default_til_set_current_channel(til_channel_source_t source, til_channel_t * channel)
                                                                       ^
component/atv/til/til_channel.c:214:95: warning: unused parameter 'channel' [-Wunused-parameter]
 til_error_code_t default_til_set_current_channel(til_channel_source_t source, til_channel_t * channel)
                                                                                               ^
component/atv/til/til_channel.c: In function 'default_set_event_callback':
component/atv/til/til_channel.c:219:67: warning: unused parameter 'scbs' [-Wunused-parameter]
 til_error_code_t default_set_event_callback(til_event_callbacks_t scbs)
                                                                   ^
component/atv/til/til_channel.c: In function 'default_set_channel_callback':
component/atv/til/til_channel.c:227:69: warning: unused parameter 'scbs' [-Wunused-parameter]
 til_error_code_t default_set_channel_callback(til_event_callbacks_t scbs)
                                                                     ^
component/atv/til/til_channel.c: In function 'default_get_dtv_channels_db_stats':
component/atv/til/til_channel.c:235:69: warning: unused parameter 'stats' [-Wunused-parameter]
 til_error_code_t default_get_dtv_channels_db_stats(til_db_stats_t * stats)
                                                                     ^
component/atv/til/til_channel.c: In function 'default_set_dtv_standard_callback':
component/atv/til/til_channel.c:243:69: warning: unused parameter 'stats' [-Wunused-parameter]
 til_error_code_t default_set_dtv_standard_callback(til_db_stats_t * stats)
                                                                     ^
component/atv/til/til_channel.c: In function 'til_get_channel_ops':
component/atv/til/til_channel.c:263:29: warning: assignment from incompatible pointer type [enabled by default]
     ops->til_select_channel = default_til_select_channel;
                             ^
component/atv/til/til_channel.c:275:31: warning: assignment from incompatible pointer type [enabled by default]
     ops->til_get_dtv_utc_time = default_get_dtv_utc_time;
                               ^
component/atv/til/til_channel.c:285:35: warning: assignment from incompatible pointer type [enabled by default]
     ops->til_set_channel_callback = default_set_channel_callback;
                                   ^
component/atv/til/til_channel.c:291:40: warning: assignment from incompatible pointer type [enabled by default]
     ops->til_set_dtv_standard_callback = default_set_dtv_standard_callback;
                                        ^
