In file included from platform/android/packages/apps/Gallery2/jni/filters/fx.c:17:0:
platform/android/packages/apps/Gallery2/jni/filters/fx.c: In function 'Java_com_android_gallery3d_filtershow_filters_ImageFilterFx_nativeApplyFilter':
platform/android/packages/apps/Gallery2/jni/filters/filters.h:38:126: warning: unused parameter 'obj' [-Wunused-parameter]
 #define JNIFUNCF(cls, name, vars...) Java_com_android_gallery3d_filtershow_filters_ ## cls ## _ ## name(JNIEnv* env, jobject obj, vars)
                                                                                                                              ^
platform/android/packages/apps/Gallery2/jni/filters/fx.c:32:6: note: in expansion of macro 'JNIFUNCF'
 void JNIFUNCF(ImageFilterFx, nativeApplyFilter, jobject bitmap, jint width, jint height,
      ^
In file included from platform/android/packages/apps/Gallery2/jni/filters/fx.c:17:0:
platform/android/packages/apps/Gallery2/jni/filters/fx.c:32:70: warning: unused parameter 'width' [-Wunused-parameter]
 void JNIFUNCF(ImageFilterFx, nativeApplyFilter, jobject bitmap, jint width, jint height,
                                                                      ^
platform/android/packages/apps/Gallery2/jni/filters/filters.h:38:131: note: in definition of macro 'JNIFUNCF'
 #define JNIFUNCF(cls, name, vars...) Java_com_android_gallery3d_filtershow_filters_ ## cls ## _ ## name(JNIEnv* env, jobject obj, vars)
                                                                                                                                   ^
platform/android/packages/apps/Gallery2/jni/filters/fx.c:32:82: warning: unused parameter 'height' [-Wunused-parameter]
 void JNIFUNCF(ImageFilterFx, nativeApplyFilter, jobject bitmap, jint width, jint height,
                                                                                  ^
platform/android/packages/apps/Gallery2/jni/filters/filters.h:38:131: note: in definition of macro 'JNIFUNCF'
 #define JNIFUNCF(cls, name, vars...) Java_com_android_gallery3d_filtershow_filters_ ## cls ## _ ## name(JNIEnv* env, jobject obj, vars)
                                                                                                                                   ^
