In file included from component/appman/downloadmanager/downloader/oc/dsmcc/workspace/src/../inc/dsmcc.h:6:0,
                 from component/appman/downloadmanager/downloader/oc/dsmcc/workspace/src/dsmcc_part0.c:7:
component/appman/downloadmanager/downloader/oc/includeExport/project/project_cfg.h:4:0: warning: ignoring #pragma warning  [-Wunknown-pragmas]
 #pragma warning(disable:4996 4819 4244 4267 4311 4312 4133)
 ^
In file included from component/appman/downloadmanager/downloader/oc/dsmcc/workspace/src/../inc/dsmcc.h:15:0,
                 from component/appman/downloadmanager/downloader/oc/dsmcc/workspace/src/dsmcc_part0.c:7:
component/appman/downloadmanager/downloader/oc/dsmcc/workspace/src/../inc/../../lib_oc/dsmcc_base.c: In function 'third_party_file_open0':
component/appman/downloadmanager/downloader/oc/dsmcc/workspace/src/../inc/../../lib_oc/dsmcc_base.c:14:47: warning: unused parameter 'filename' [-Wunused-parameter]
 static int third_party_file_open0(const char *filename, const char *mode) 
                                               ^
component/appman/downloadmanager/downloader/oc/dsmcc/workspace/src/../inc/../../lib_oc/dsmcc_base.c:14:69: warning: unused parameter 'mode' [-Wunused-parameter]
 static int third_party_file_open0(const char *filename, const char *mode) 
                                                                     ^
In file included from component/appman/downloadmanager/downloader/oc/dsmcc/workspace/src/../inc/dsmcc.h:15:0,
                 from component/appman/downloadmanager/downloader/oc/dsmcc/workspace/src/dsmcc_part0.c:7:
component/appman/downloadmanager/downloader/oc/dsmcc/workspace/src/../inc/../../lib_oc/dsmcc_base.c: In function 'third_party_file_write0':
component/appman/downloadmanager/downloader/oc/dsmcc/workspace/src/../inc/../../lib_oc/dsmcc_base.c:20:40: warning: unused parameter 'handle' [-Wunused-parameter]
 static int third_party_file_write0(int handle, const uint8 *buffer, int len)  { return 0;}
                                        ^
component/appman/downloadmanager/downloader/oc/dsmcc/workspace/src/../inc/../../lib_oc/dsmcc_base.c:20:61: warning: unused parameter 'buffer' [-Wunused-parameter]
 static int third_party_file_write0(int handle, const uint8 *buffer, int len)  { return 0;}
                                                             ^
component/appman/downloadmanager/downloader/oc/dsmcc/workspace/src/../inc/../../lib_oc/dsmcc_base.c:20:73: warning: unused parameter 'len' [-Wunused-parameter]
 static int third_party_file_write0(int handle, const uint8 *buffer, int len)  { return 0;}
                                                                         ^
component/appman/downloadmanager/downloader/oc/dsmcc/workspace/src/../inc/../../lib_oc/dsmcc_base.c: In function 'third_party_file_read0':
component/appman/downloadmanager/downloader/oc/dsmcc/workspace/src/../inc/../../lib_oc/dsmcc_base.c:21:39: warning: unused parameter 'handle' [-Wunused-parameter]
 static int third_party_file_read0(int handle, uint8 *buffer, int len)   { return 0;}
                                       ^
component/appman/downloadmanager/downloader/oc/dsmcc/workspace/src/../inc/../../lib_oc/dsmcc_base.c:21:54: warning: unused parameter 'buffer' [-Wunused-parameter]
 static int third_party_file_read0(int handle, uint8 *buffer, int len)   { return 0;}
                                                      ^
component/appman/downloadmanager/downloader/oc/dsmcc/workspace/src/../inc/../../lib_oc/dsmcc_base.c:21:66: warning: unused parameter 'len' [-Wunused-parameter]
 static int third_party_file_read0(int handle, uint8 *buffer, int len)   { return 0;}
                                                                  ^
component/appman/downloadmanager/downloader/oc/dsmcc/workspace/src/../inc/../../lib_oc/dsmcc_base.c: In function 'third_party_file_close0':
component/appman/downloadmanager/downloader/oc/dsmcc/workspace/src/../inc/../../lib_oc/dsmcc_base.c:22:40: warning: unused parameter 'handle' [-Wunused-parameter]
 static int third_party_file_close0(int handle)         { return 0;}
                                        ^
component/appman/downloadmanager/downloader/oc/dsmcc/workspace/src/../inc/../../lib_oc/dsmcc_base.c: In function 'third_party_file_exists0':
component/appman/downloadmanager/downloader/oc/dsmcc/workspace/src/../inc/../../lib_oc/dsmcc_base.c:23:49: warning: unused parameter 'filename' [-Wunused-parameter]
 static int third_party_file_exists0(const char *filename)      { return 0;}
                                                 ^
component/appman/downloadmanager/downloader/oc/dsmcc/workspace/src/../inc/../../lib_oc/dsmcc_base.c: In function 'third_party_file_delete0':
component/appman/downloadmanager/downloader/oc/dsmcc/workspace/src/../inc/../../lib_oc/dsmcc_base.c:24:49: warning: unused parameter 'filename' [-Wunused-parameter]
 static int third_party_file_delete0(const char *filename)      { return 0;}
                                                 ^
component/appman/downloadmanager/downloader/oc/dsmcc/workspace/src/../inc/../../lib_oc/dsmcc_base.c: In function 'third_party_file_rename0':
component/appman/downloadmanager/downloader/oc/dsmcc/workspace/src/../inc/../../lib_oc/dsmcc_base.c:25:49: warning: unused parameter 'oldname' [-Wunused-parameter]
 static int third_party_file_rename0(const char *oldname, const char *newname) { return 0;}
                                                 ^
component/appman/downloadmanager/downloader/oc/dsmcc/workspace/src/../inc/../../lib_oc/dsmcc_base.c:25:70: warning: unused parameter 'newname' [-Wunused-parameter]
 static int third_party_file_rename0(const char *oldname, const char *newname) { return 0;}
                                                                      ^
component/appman/downloadmanager/downloader/oc/dsmcc/workspace/src/../inc/../../lib_oc/dsmcc_base.c: In function 'DSMCC_fileQueryDestination':
component/appman/downloadmanager/downloader/oc/dsmcc/workspace/src/../inc/../../lib_oc/dsmcc_base.c:38:50: warning: unused parameter 'me' [-Wunused-parameter]
 int DSMCC_fileQueryDestination(DSMCCCarouselPub *me)
                                                  ^
component/appman/downloadmanager/downloader/oc/dsmcc/workspace/src/../inc/../../lib_oc/dsmcc_base.c: In function 'DSMCC_fileOpen':
component/appman/downloadmanager/downloader/oc/dsmcc/workspace/src/../inc/../../lib_oc/dsmcc_base.c:53:38: warning: unused parameter 'me' [-Wunused-parameter]
 int DSMCC_fileOpen(DSMCCCarouselPub *me, const char *filename0, const char *mode, int *handle)
                                      ^
component/appman/downloadmanager/downloader/oc/dsmcc/workspace/src/../inc/../../lib_oc/dsmcc_base.c: In function 'DSMCC_fileExist':
component/appman/downloadmanager/downloader/oc/dsmcc/workspace/src/../inc/../../lib_oc/dsmcc_base.c:100:39: warning: unused parameter 'me' [-Wunused-parameter]
 int DSMCC_fileExist(DSMCCCarouselPub *me, const char *filename0, int which)
                                       ^
component/appman/downloadmanager/downloader/oc/dsmcc/workspace/src/../inc/../../lib_oc/dsmcc_base.c:100:70: warning: unused parameter 'which' [-Wunused-parameter]
 int DSMCC_fileExist(DSMCCCarouselPub *me, const char *filename0, int which)
                                                                      ^
component/appman/downloadmanager/downloader/oc/dsmcc/workspace/src/../inc/../../lib_oc/dsmcc_base.c: In function 'DSMCC_fileDelete':
component/appman/downloadmanager/downloader/oc/dsmcc/workspace/src/../inc/../../lib_oc/dsmcc_base.c:113:40: warning: unused parameter 'me' [-Wunused-parameter]
 int DSMCC_fileDelete(DSMCCCarouselPub *me, const char *filename0, int which)
                                        ^
component/appman/downloadmanager/downloader/oc/dsmcc/workspace/src/../inc/../../lib_oc/dsmcc_base.c: In function 'DSMCC_fileRename':
component/appman/downloadmanager/downloader/oc/dsmcc/workspace/src/../inc/../../lib_oc/dsmcc_base.c:125:40: warning: unused parameter 'me' [-Wunused-parameter]
 int DSMCC_fileRename(DSMCCCarouselPub *me, const char *oldname, const char *newname, int which)
                                        ^
component/appman/downloadmanager/downloader/oc/dsmcc/workspace/src/../inc/../../lib_oc/dsmcc_base.c: In function 'BIOPProfile_decode':
component/appman/downloadmanager/downloader/oc/dsmcc/workspace/src/../inc/../../lib_oc/dsmcc_base.c:148:62: warning: unused parameter 'end' [-Wunused-parameter]
 int BIOPProfile_decode(BIOPProfile *me, uint8 *start, uint8 *end)
                                                              ^
component/appman/downloadmanager/downloader/oc/dsmcc/workspace/src/../inc/../../lib_oc/dsmcc_base.c: In function 'OCDataStream_readB':
component/appman/downloadmanager/downloader/oc/dsmcc/workspace/src/../inc/../../lib_oc/dsmcc_base.c:488:97: warning: unused parameter 'flag_print' [-Wunused-parameter]
 int OCDataStream_readB(OCDataStream *me, void *handle, OCDataStream_writer cbf, int nbytes, int flag_print)
                                                                                                 ^
component/appman/downloadmanager/downloader/oc/dsmcc/workspace/src/../inc/../../lib_oc/dsmcc_base.c: At top level:
component/appman/downloadmanager/downloader/oc/dsmcc/workspace/src/../inc/../../lib_oc/dsmcc_base.c:550:1: warning: "/*" within comment [-Wcomment]
 /************************************************************************/
 ^
component/appman/downloadmanager/downloader/oc/dsmcc/workspace/src/../inc/../../lib_oc/dsmcc_base.c: In function 'ipanel_uint64_sub':
component/appman/downloadmanager/downloader/oc/dsmcc/workspace/src/../inc/../../lib_oc/dsmcc_base.c:577:2: warning: missing braces around initializer [-Wmissing-braces]
  IPANEL_UINT64_T tmp[1]={0};
  ^
component/appman/downloadmanager/downloader/oc/dsmcc/workspace/src/../inc/../../lib_oc/dsmcc_base.c:577:2: warning: (near initialization for 'tmp[0]') [-Wmissing-braces]
In file included from component/appman/downloadmanager/downloader/oc/dsmcc/include/dsmcc_inc.h:33:0,
                 from component/appman/downloadmanager/downloader/oc/dsmcc/workspace/src/../inc/dsmcc.h:12,
                 from component/appman/downloadmanager/downloader/oc/dsmcc/workspace/src/dsmcc_part0.c:7:
component/appman/downloadmanager/downloader/oc/dsmcc/workspace/src/../inc/../../lib_oc/dsmcc_base.c: In function 'dvbcore_memory_malloc':
component/appman/downloadmanager/downloader/oc/dsmcc/workspace/src/../inc/../../lib_oc/dsmcc_base.c:1170:59: warning: unused parameter 'filename' [-Wunused-parameter]
 void* dvbcore_memory_malloc(unsigned int bytes DECLMEMDBG(filename, line))
                                                           ^
component/appman/downloadmanager/downloader/oc/dsmcc/include/dvb_local.h:96:55: note: in definition of macro 'DECLMEMDBG'
 #   define DECLMEMDBG(filename, line)   , const char *filename, int line
                                                       ^
component/appman/downloadmanager/downloader/oc/dsmcc/workspace/src/../inc/../../lib_oc/dsmcc_base.c:1170:69: warning: unused parameter 'line' [-Wunused-parameter]
 void* dvbcore_memory_malloc(unsigned int bytes DECLMEMDBG(filename, line))
                                                                     ^
component/appman/downloadmanager/downloader/oc/dsmcc/include/dvb_local.h:96:69: note: in definition of macro 'DECLMEMDBG'
 #   define DECLMEMDBG(filename, line)   , const char *filename, int line
                                                                     ^
component/appman/downloadmanager/downloader/oc/dsmcc/workspace/src/../inc/../../lib_oc/dsmcc_base.c: In function 'dvbcore_memory_free':
component/appman/downloadmanager/downloader/oc/dsmcc/workspace/src/../inc/../../lib_oc/dsmcc_base.c:1175:49: warning: unused parameter 'filename' [-Wunused-parameter]
 void dvbcore_memory_free(void *addr  DECLMEMDBG(filename, line))
                                                 ^
component/appman/downloadmanager/downloader/oc/dsmcc/include/dvb_local.h:96:55: note: in definition of macro 'DECLMEMDBG'
 #   define DECLMEMDBG(filename, line)   , const char *filename, int line
                                                       ^
component/appman/downloadmanager/downloader/oc/dsmcc/workspace/src/../inc/../../lib_oc/dsmcc_base.c:1175:59: warning: unused parameter 'line' [-Wunused-parameter]
 void dvbcore_memory_free(void *addr  DECLMEMDBG(filename, line))
                                                           ^
component/appman/downloadmanager/downloader/oc/dsmcc/include/dvb_local.h:96:69: note: in definition of macro 'DECLMEMDBG'
 #   define DECLMEMDBG(filename, line)   , const char *filename, int line
                                                                     ^
component/appman/downloadmanager/downloader/oc/dsmcc/workspace/src/../inc/../../lib_oc/dsmcc_base.c: In function 'dvbcore_memory_calloc':
component/appman/downloadmanager/downloader/oc/dsmcc/workspace/src/../inc/../../lib_oc/dsmcc_base.c:1180:60: warning: unused parameter 'filename' [-Wunused-parameter]
 void* dvbcore_memory_calloc(int num, int size0  DECLMEMDBG(filename, line))
                                                            ^
component/appman/downloadmanager/downloader/oc/dsmcc/include/dvb_local.h:96:55: note: in definition of macro 'DECLMEMDBG'
 #   define DECLMEMDBG(filename, line)   , const char *filename, int line
                                                       ^
component/appman/downloadmanager/downloader/oc/dsmcc/workspace/src/../inc/../../lib_oc/dsmcc_base.c:1180:70: warning: unused parameter 'line' [-Wunused-parameter]
 void* dvbcore_memory_calloc(int num, int size0  DECLMEMDBG(filename, line))
                                                                      ^
component/appman/downloadmanager/downloader/oc/dsmcc/include/dvb_local.h:96:69: note: in definition of macro 'DECLMEMDBG'
 #   define DECLMEMDBG(filename, line)   , const char *filename, int line
                                                                     ^
component/appman/downloadmanager/downloader/oc/dsmcc/workspace/src/../inc/../../lib_oc/dsmcc_base.c: In function 'dvbcore_memory_realloc':
component/appman/downloadmanager/downloader/oc/dsmcc/workspace/src/../inc/../../lib_oc/dsmcc_base.c:1188:72: warning: unused parameter 'filename' [-Wunused-parameter]
 void* dvbcore_memory_realloc(void *ptr, unsigned int bytes  DECLMEMDBG(filename, line))
                                                                        ^
component/appman/downloadmanager/downloader/oc/dsmcc/include/dvb_local.h:96:55: note: in definition of macro 'DECLMEMDBG'
 #   define DECLMEMDBG(filename, line)   , const char *filename, int line
                                                       ^
component/appman/downloadmanager/downloader/oc/dsmcc/workspace/src/../inc/../../lib_oc/dsmcc_base.c:1188:82: warning: unused parameter 'line' [-Wunused-parameter]
 void* dvbcore_memory_realloc(void *ptr, unsigned int bytes  DECLMEMDBG(filename, line))
                                                                                  ^
component/appman/downloadmanager/downloader/oc/dsmcc/include/dvb_local.h:96:69: note: in definition of macro 'DECLMEMDBG'
 #   define DECLMEMDBG(filename, line)   , const char *filename, int line
                                                                     ^
component/appman/downloadmanager/downloader/oc/dsmcc/workspace/src/../inc/../../lib_oc/dsmcc_base.c: In function 'dvbcore_memory_strdup':
component/appman/downloadmanager/downloader/oc/dsmcc/workspace/src/../inc/../../lib_oc/dsmcc_base.c:1213:57: warning: unused parameter 'filename' [-Wunused-parameter]
 char *dvbcore_memory_strdup(const char *src  DECLMEMDBG(filename, line))
                                                         ^
component/appman/downloadmanager/downloader/oc/dsmcc/include/dvb_local.h:96:55: note: in definition of macro 'DECLMEMDBG'
 #   define DECLMEMDBG(filename, line)   , const char *filename, int line
                                                       ^
component/appman/downloadmanager/downloader/oc/dsmcc/workspace/src/../inc/../../lib_oc/dsmcc_base.c:1213:67: warning: unused parameter 'line' [-Wunused-parameter]
 char *dvbcore_memory_strdup(const char *src  DECLMEMDBG(filename, line))
                                                                   ^
component/appman/downloadmanager/downloader/oc/dsmcc/include/dvb_local.h:96:69: note: in definition of macro 'DECLMEMDBG'
 #   define DECLMEMDBG(filename, line)   , const char *filename, int line
                                                                     ^
component/appman/downloadmanager/downloader/oc/dsmcc/workspace/src/../inc/../../lib_oc/dsmcc_base.c: In function 'dvbcore_memory_strndup':
component/appman/downloadmanager/downloader/oc/dsmcc/workspace/src/../inc/../../lib_oc/dsmcc_base.c:1221:67: warning: unused parameter 'filename' [-Wunused-parameter]
 char *dvbcore_memory_strndup(const char *src, int len  DECLMEMDBG(filename, line))
                                                                   ^
component/appman/downloadmanager/downloader/oc/dsmcc/include/dvb_local.h:96:55: note: in definition of macro 'DECLMEMDBG'
 #   define DECLMEMDBG(filename, line)   , const char *filename, int line
                                                       ^
component/appman/downloadmanager/downloader/oc/dsmcc/workspace/src/../inc/../../lib_oc/dsmcc_base.c:1221:77: warning: unused parameter 'line' [-Wunused-parameter]
 char *dvbcore_memory_strndup(const char *src, int len  DECLMEMDBG(filename, line))
                                                                             ^
component/appman/downloadmanager/downloader/oc/dsmcc/include/dvb_local.h:96:69: note: in definition of macro 'DECLMEMDBG'
 #   define DECLMEMDBG(filename, line)   , const char *filename, int line
                                                                     ^
In file included from component/appman/downloadmanager/downloader/oc/dsmcc/workspace/src/../inc/dsmcc.h:16:0,
                 from component/appman/downloadmanager/downloader/oc/dsmcc/workspace/src/dsmcc_part0.c:7:
component/appman/downloadmanager/downloader/oc/dsmcc/workspace/src/../inc/../../lib_oc/dsmcc_oc_ctrl.c: In function 'DSMCCOCCtrl_cancelGroupFilter':
component/appman/downloadmanager/downloader/oc/dsmcc/workspace/src/../inc/../../lib_oc/dsmcc_oc_ctrl.c:341:48: warning: unused parameter 'me' [-Wunused-parameter]
 int DSMCCOCCtrl_cancelGroupFilter(DSMCCOCCtrl* me, OCGroup* group)
                                                ^
component/appman/downloadmanager/downloader/oc/dsmcc/workspace/src/../inc/../../lib_oc/dsmcc_oc_ctrl.c: In function 'DSMCCOCCtrl_cleanGroupFilter':
component/appman/downloadmanager/downloader/oc/dsmcc/workspace/src/../inc/../../lib_oc/dsmcc_oc_ctrl.c:350:47: warning: unused parameter 'me' [-Wunused-parameter]
 int DSMCCOCCtrl_cleanGroupFilter(DSMCCOCCtrl* me, OCGroup* group)
                                               ^
component/appman/downloadmanager/downloader/oc/dsmcc/workspace/src/../inc/../../lib_oc/dsmcc_oc_ctrl.c: In function 'DSMCCOCCtrl_resetDDBFilters':
component/appman/downloadmanager/downloader/oc/dsmcc/workspace/src/../inc/../../lib_oc/dsmcc_oc_ctrl.c:409:46: warning: unused parameter 'me' [-Wunused-parameter]
 int DSMCCOCCtrl_resetDDBFilters(DSMCCOCCtrl* me)
                                              ^
component/appman/downloadmanager/downloader/oc/dsmcc/workspace/src/../inc/../../lib_oc/dsmcc_oc_ctrl.c: In function 'DSMCCOCCtrl_enableDDBFiltersStatus':
component/appman/downloadmanager/downloader/oc/dsmcc/workspace/src/../inc/../../lib_oc/dsmcc_oc_ctrl.c:419:53: warning: unused parameter 'me' [-Wunused-parameter]
 int DSMCCOCCtrl_enableDDBFiltersStatus(DSMCCOCCtrl* me)
                                                     ^
In file included from component/appman/downloadmanager/downloader/oc/dsmcc/workspace/src/../inc/dsmcc.h:16:0,
                 from component/appman/downloadmanager/downloader/oc/dsmcc/workspace/src/dsmcc_part0.c:7:
component/appman/downloadmanager/downloader/oc/dsmcc/workspace/src/../inc/../../lib_oc/dsmcc_oc_ctrl.c: In function 'OCModule_stopDownloadModuleLink':
component/appman/downloadmanager/downloader/oc/dsmcc/workspace/src/../inc/../../lib_oc/dsmcc_oc_ctrl.c:1238:5: warning: "/*" within comment [-Wcomment]
     /* 关闭动作，MODULE_LINK_START
 ^
component/appman/downloadmanager/downloader/oc/dsmcc/workspace/src/../inc/../../lib_oc/dsmcc_oc_ctrl.c:1239:5: warning: "/*" within comment [-Wcomment]
     /************************************************************************/
 ^
component/appman/downloadmanager/downloader/oc/dsmcc/workspace/src/../inc/../../lib_oc/dsmcc_oc_ctrl.c: In function 'OCGroup_finalizeModules':
component/appman/downloadmanager/downloader/oc/dsmcc/workspace/src/../inc/../../lib_oc/dsmcc_oc_ctrl.c:1405:9: warning: "/*" within comment [-Wcomment]
         /* 如果N个module同时ready，那么demux会一次性同时回调给OC去解析，在空间不
 ^
component/appman/downloadmanager/downloader/oc/dsmcc/workspace/src/../inc/../../lib_oc/dsmcc_oc_ctrl.c:1406:9: warning: "/*" within comment [-Wcomment]
         /* 足的情况下，后面的module会将前面的module清理掉(oc空间整理,删除文件).
 ^
component/appman/downloadmanager/downloader/oc/dsmcc/workspace/src/../inc/../../lib_oc/dsmcc_oc_ctrl.c:1407:9: warning: "/*" within comment [-Wcomment]
         /************************************************************************/
 ^
component/appman/downloadmanager/downloader/oc/dsmcc/workspace/src/../inc/../../lib_oc/dsmcc_oc_ctrl.c: In function 'OCGroup_parseSection':
component/appman/downloadmanager/downloader/oc/dsmcc/workspace/src/../inc/../../lib_oc/dsmcc_oc_ctrl.c:1738:66: warning: unused parameter 'len' [-Wunused-parameter]
 int OCGroup_parseSection(DSMCCOCCtrl* me, const uint8* data, int len)
                                                                  ^
component/appman/downloadmanager/downloader/oc/dsmcc/workspace/src/../inc/../../lib_oc/dsmcc_oc_ctrl.c: In function 'OCGroup_parseMonitorStream':
component/appman/downloadmanager/downloader/oc/dsmcc/workspace/src/../inc/../../lib_oc/dsmcc_oc_ctrl.c:1778:45: warning: unused parameter 'me' [-Wunused-parameter]
 int OCGroup_parseMonitorStream(DSMCCOCCtrl* me, const uint8* data, int len)
                                             ^
component/appman/downloadmanager/downloader/oc/dsmcc/workspace/src/../inc/../../lib_oc/dsmcc_oc_ctrl.c:1778:72: warning: unused parameter 'len' [-Wunused-parameter]
 int OCGroup_parseMonitorStream(DSMCCOCCtrl* me, const uint8* data, int len)
                                                                        ^
component/appman/downloadmanager/downloader/oc/dsmcc/workspace/src/../inc/../../lib_oc/dsmcc_oc_ctrl.c: In function 'OCGroup_onEvent':
component/appman/downloadmanager/downloader/oc/dsmcc/workspace/src/../inc/../../lib_oc/dsmcc_oc_ctrl.c:2223:41: warning: unused parameter 'msg' [-Wunused-parameter]
 int OCGroup_onEvent(OCGroup* group, int msg, uint32 wParam, uint32 lParam)
                                         ^
component/appman/downloadmanager/downloader/oc/dsmcc/workspace/src/../inc/../../lib_oc/dsmcc_oc_ctrl.c:2223:53: warning: unused parameter 'wParam' [-Wunused-parameter]
 int OCGroup_onEvent(OCGroup* group, int msg, uint32 wParam, uint32 lParam)
                                                     ^
component/appman/downloadmanager/downloader/oc/dsmcc/workspace/src/../inc/../../lib_oc/dsmcc_oc_ctrl.c:2223:68: warning: unused parameter 'lParam' [-Wunused-parameter]
 int OCGroup_onEvent(OCGroup* group, int msg, uint32 wParam, uint32 lParam)
                                                                    ^
component/appman/downloadmanager/downloader/oc/dsmcc/workspace/src/../inc/../../lib_oc/dsmcc_oc_ctrl.c: In function 'OCTransaction_parseSection0':
component/appman/downloadmanager/downloader/oc/dsmcc/workspace/src/../inc/../../lib_oc/dsmcc_oc_ctrl.c:2919:78: warning: unused parameter 'len' [-Wunused-parameter]
 int OCTransaction_parseSection0(OCTransaction* trans, const uint8* data, int len)
                                                                              ^
component/appman/downloadmanager/downloader/oc/dsmcc/workspace/src/../inc/../../lib_oc/dsmcc_oc_ctrl.c: In function 'OCTransaction_parseSection':
component/appman/downloadmanager/downloader/oc/dsmcc/workspace/src/../inc/../../lib_oc/dsmcc_oc_ctrl.c:2954:72: warning: unused parameter 'len' [-Wunused-parameter]
 int OCTransaction_parseSection(DSMCCOCCtrl* me, const uint8* data, int len)
                                                                        ^
component/appman/downloadmanager/downloader/oc/dsmcc/workspace/src/../inc/../../lib_oc/dsmcc_oc_ctrl.c: In function 'OCTransaction_onEvent':
component/appman/downloadmanager/downloader/oc/dsmcc/workspace/src/../inc/../../lib_oc/dsmcc_oc_ctrl.c:3058:65: warning: unused parameter 'wParam' [-Wunused-parameter]
 int OCTransaction_onEvent(OCTransaction* trans, int msg, uint32 wParam, uint32 lParam)
                                                                 ^
component/appman/downloadmanager/downloader/oc/dsmcc/workspace/src/../inc/../../lib_oc/dsmcc_oc_ctrl.c:3058:80: warning: unused parameter 'lParam' [-Wunused-parameter]
 int OCTransaction_onEvent(OCTransaction* trans, int msg, uint32 wParam, uint32 lParam)
                                                                                ^
component/appman/downloadmanager/downloader/oc/dsmcc/workspace/src/../inc/../../lib_oc/dsmcc_oc_ctrl.c: In function 'DSMCCOCCtrl_parseSection0':
component/appman/downloadmanager/downloader/oc/dsmcc/workspace/src/../inc/../../lib_oc/dsmcc_oc_ctrl.c:3347:71: warning: unused parameter 'len' [-Wunused-parameter]
 int DSMCCOCCtrl_parseSection0(DSMCCOCCtrl* me, const uint8* data, int len)
                                                                       ^
component/appman/downloadmanager/downloader/oc/dsmcc/workspace/src/../inc/../../lib_oc/dsmcc_oc_ctrl.c: In function 'DSMCCOCCtrl_parseSection':
component/appman/downloadmanager/downloader/oc/dsmcc/workspace/src/../inc/../../lib_oc/dsmcc_oc_ctrl.c:3388:70: warning: unused parameter 'len' [-Wunused-parameter]
 int DSMCCOCCtrl_parseSection(DSMCCOCCtrl* me, const uint8* data, int len)
                                                                      ^
component/appman/downloadmanager/downloader/oc/dsmcc/workspace/src/../inc/../../lib_oc/dsmcc_oc_ctrl.c: In function 'DSMCCOCCtrl_proc':
component/appman/downloadmanager/downloader/oc/dsmcc/workspace/src/../inc/../../lib_oc/dsmcc_oc_ctrl.c:3562:9: warning: cast to pointer from integer of different size [-Wint-to-pointer-cast]
     if ((DSMCCCarouselPub*)(me->pub)->flag_hibernated)
         ^
component/appman/downloadmanager/downloader/oc/dsmcc/workspace/src/../inc/../../lib_oc/dsmcc_oc_ctrl.c:3556:55: warning: unused parameter 'wParam' [-Wunused-parameter]
 int DSMCCOCCtrl_proc(DSMCCOCCtrl* me, int msg, uint32 wParam, uint32 lParam)
                                                       ^
component/appman/downloadmanager/downloader/oc/dsmcc/workspace/src/../inc/../../lib_oc/dsmcc_oc_ctrl.c:3556:70: warning: unused parameter 'lParam' [-Wunused-parameter]
 int DSMCCOCCtrl_proc(DSMCCOCCtrl* me, int msg, uint32 wParam, uint32 lParam)
                                                                      ^
component/appman/downloadmanager/downloader/oc/dsmcc/workspace/src/../inc/../../lib_oc/dsmcc_oc_ctrl.c: In function 'DSMCCOCCtrl_matchTS':
component/appman/downloadmanager/downloader/oc/dsmcc/workspace/src/../inc/../../lib_oc/dsmcc_oc_ctrl.c:4005:76: warning: unused parameter 'ts' [-Wunused-parameter]
 int DSMCCOCCtrl_matchTS(DSMCCOCCtrl* me, uint16 ON_id, uint16 TS_id, void* ts)
                                                                            ^
component/appman/downloadmanager/downloader/oc/dsmcc/workspace/src/../inc/../../lib_oc/dsmcc_oc_ctrl.c: In function 'DSMCCOCCtrl_getLocalProp':
component/appman/downloadmanager/downloader/oc/dsmcc/workspace/src/../inc/../../lib_oc/dsmcc_oc_ctrl.c:4126:62: warning: unused parameter 'value' [-Wunused-parameter]
 int DSMCCOCCtrl_getLocalProp(DSMCCOCCtrl* me, int name, int* value)
                                                              ^
In file included from component/appman/downloadmanager/downloader/oc/dsmcc/workspace/src/../inc/dsmcc.h:17:0,
                 from component/appman/downloadmanager/downloader/oc/dsmcc/workspace/src/dsmcc_part0.c:7:
component/appman/downloadmanager/downloader/oc/dsmcc/workspace/src/../inc/../../lib_oc/dsmcc_oc_data.c: In function 'DSMCCOCData_resetFile':
component/appman/downloadmanager/downloader/oc/dsmcc/workspace/src/../inc/../../lib_oc/dsmcc_oc_data.c:806:5: warning: suggest parentheses around assignment used as truth value [-Wparentheses]
     if (module = (DSMCCOCCtrl_findModule(me->occtrl, pFile->moduleId))) {
     ^
component/appman/downloadmanager/downloader/oc/dsmcc/workspace/src/../inc/../../lib_oc/dsmcc_oc_data.c: In function 'DSMCCOCData_purgeOthers':
component/appman/downloadmanager/downloader/oc/dsmcc/workspace/src/../inc/../../lib_oc/dsmcc_oc_data.c:895:78: warning: unused parameter 'cacheLevel' [-Wunused-parameter]
 int DSMCCOCData_purgeOthers(DSMCCOCData* me,  uint16 moduleId, int size, int cacheLevel, const char* full_path)
                                                                              ^
component/appman/downloadmanager/downloader/oc/dsmcc/workspace/src/../inc/../../lib_oc/dsmcc_oc_data.c:895:102: warning: unused parameter 'full_path' [-Wunused-parameter]
 int DSMCCOCData_purgeOthers(DSMCCOCData* me,  uint16 moduleId, int size, int cacheLevel, const char* full_path)
                                                                                                      ^
component/appman/downloadmanager/downloader/oc/dsmcc/workspace/src/../inc/../../lib_oc/dsmcc_oc_data.c: In function 'DSMCCOCData_purgeSelf':
component/appman/downloadmanager/downloader/oc/dsmcc/workspace/src/../inc/../../lib_oc/dsmcc_oc_data.c:1018:75: warning: unused parameter 'cacheLevel' [-Wunused-parameter]
 int DSMCCOCData_purgeSelf(DSMCCOCData* me, uint16 moduleId, int size, int cacheLevel, const char* full_path)
                                                                           ^
component/appman/downloadmanager/downloader/oc/dsmcc/workspace/src/../inc/../../lib_oc/dsmcc_oc_data.c:1018:99: warning: unused parameter 'full_path' [-Wunused-parameter]
 int DSMCCOCData_purgeSelf(DSMCCOCData* me, uint16 moduleId, int size, int cacheLevel, const char* full_path)
                                                                                                   ^
component/appman/downloadmanager/downloader/oc/dsmcc/workspace/src/../inc/../../lib_oc/dsmcc_oc_data.c: In function 'DSMCCOCData_parseFileModuleIdsInfo':
component/appman/downloadmanager/downloader/oc/dsmcc/workspace/src/../inc/../../lib_oc/dsmcc_oc_data.c:1633:13: warning: "/*" within comment [-Wcomment]
             /************************************************************************/
 ^
component/appman/downloadmanager/downloader/oc/dsmcc/workspace/src/../inc/../../lib_oc/dsmcc_oc_data.c: In function 'DSMCCOCData_decodeBIOPMessage':
component/appman/downloadmanager/downloader/oc/dsmcc/workspace/src/../inc/../../lib_oc/dsmcc_oc_data.c:2593:9: warning: comparison of unsigned expression >= 0 is always true [-Wtype-limits]
         if (contentLength >= 0) { // of course
         ^
component/appman/downloadmanager/downloader/oc/dsmcc/workspace/src/../inc/../../lib_oc/dsmcc_oc_data.c: In function 'DSMCCOCData_skipBIOPMessageHeader':
component/appman/downloadmanager/downloader/oc/dsmcc/workspace/src/../inc/../../lib_oc/dsmcc_oc_data.c:2846:52: warning: unused parameter 'me' [-Wunused-parameter]
 int DSMCCOCData_skipBIOPMessageHeader(DSMCCOCData* me, OCModule* module, OCDataStream* dataStream, uint32* objectKey, int* fileDataLen)
                                                    ^
component/appman/downloadmanager/downloader/oc/dsmcc/workspace/src/../inc/../../lib_oc/dsmcc_oc_data.c:2846:66: warning: unused parameter 'module' [-Wunused-parameter]
 int DSMCCOCData_skipBIOPMessageHeader(DSMCCOCData* me, OCModule* module, OCDataStream* dataStream, uint32* objectKey, int* fileDataLen)
                                                                  ^
component/appman/downloadmanager/downloader/oc/dsmcc/workspace/src/../inc/../../lib_oc/dsmcc_oc_data.c: In function 'OCModule_finalize':
component/appman/downloadmanager/downloader/oc/dsmcc/workspace/src/../inc/../../lib_oc/dsmcc_oc_data.c:3050:17: warning: format '%x' expects argument of type 'unsigned int', but argument 4 has type 'uint32' [-Wformat=]
                 sprintf(str, "%sunknown-file_%x.dat", me->occtrl->prefixName, pFile->objectKey);
                 ^
component/appman/downloadmanager/downloader/oc/dsmcc/workspace/src/../inc/../../lib_oc/dsmcc_oc_data.c: In function 'DSMCCOCData_getDirPath':
component/appman/downloadmanager/downloader/oc/dsmcc/workspace/src/../inc/../../lib_oc/dsmcc_oc_data.c:3474:5: warning: suggest parentheses around assignment used as truth value [-Wparentheses]
     } while (dir = dir->parentDir);
     ^
In file included from component/appman/downloadmanager/downloader/oc/dsmcc/workspace/src/../inc/dsmcc.h:18:0,
                 from component/appman/downloadmanager/downloader/oc/dsmcc/workspace/src/dsmcc_part0.c:7:
component/appman/downloadmanager/downloader/oc/dsmcc/workspace/src/../inc/../../lib_oc/dsmcc_oc_app.c: In function 'DSMCCOCApp_sendMonitorMessage':
component/appman/downloadmanager/downloader/oc/dsmcc/workspace/src/../inc/../../lib_oc/dsmcc_oc_app.c:739:5: warning: missing braces around initializer [-Wmissing-braces]
     DSMCCDownloadMsg dMsg[1] = {0};
     ^
component/appman/downloadmanager/downloader/oc/dsmcc/workspace/src/../inc/../../lib_oc/dsmcc_oc_app.c:739:5: warning: (near initialization for 'dMsg[0]') [-Wmissing-braces]
component/appman/downloadmanager/downloader/oc/dsmcc/workspace/src/../inc/../../lib_oc/dsmcc_oc_app.c:773:19: warning: comparison between signed and unsigned integer expressions [-Wsign-compare]
     if (dMsg->msg == DOWNLOAD_MSG_CONNECT_SUCCESS) {
                   ^
component/appman/downloadmanager/downloader/oc/dsmcc/workspace/src/../inc/../../lib_oc/dsmcc_oc_app.c: In function 'dsmcc_download_stop':
component/appman/downloadmanager/downloader/oc/dsmcc/workspace/src/../inc/../../lib_oc/dsmcc_oc_app.c:1119:122: warning: trigraph ??! ignored, use -trigraphs to enable [-Wtrigraphs]
                     BREAKPOINT(("[DVBCORE][DSMCC][dsmcc_download_stop]Not found reference downloadId 0x%x moduleId: 0x%x ??!! \n", downloadId, moduleId));
 ^
component/appman/downloadmanager/downloader/oc/dsmcc/workspace/src/../inc/../../lib_oc/dsmcc_oc_app.c: In function 'DSMCCOCApp_open':
component/appman/downloadmanager/downloader/oc/dsmcc/workspace/src/../inc/../../lib_oc/dsmcc_oc_app.c:1143:54: warning: unused parameter 'port' [-Wunused-parameter]
 int DSMCCOCApp_open(DSMCCOCApp* me, uint32 ip, short port, int type)
                                                      ^
component/appman/downloadmanager/downloader/oc/dsmcc/workspace/src/../inc/../../lib_oc/dsmcc_oc_app.c: In function 'DSMCCOCApp_send':
component/appman/downloadmanager/downloader/oc/dsmcc/workspace/src/../inc/../../lib_oc/dsmcc_oc_app.c:1260:66: warning: unused parameter 'len' [-Wunused-parameter]
 int DSMCCOCApp_send(DSMCCOCApp* me, int fd, const char* buf, int len)
                                                                  ^
component/appman/downloadmanager/downloader/oc/dsmcc/workspace/src/../inc/../../lib_oc/dsmcc_oc_app.c: At top level:
component/appman/downloadmanager/downloader/oc/dsmcc/workspace/src/../inc/../../lib_oc/dsmcc_oc_app.c:1629:1: warning: "/*" within comment [-Wcomment]
 /********************************************************************************
 ^
component/appman/downloadmanager/downloader/oc/dsmcc/workspace/src/../inc/../../lib_oc/dsmcc_oc_app.c: In function 'dsmcc_unregister_monitor_file':
component/appman/downloadmanager/downloader/oc/dsmcc/workspace/src/../inc/../../lib_oc/dsmcc_oc_app.c:2036:41: warning: unused parameter 'handle' [-Wunused-parameter]
 int dsmcc_unregister_monitor_file(void* handle, char* url,
                                         ^
component/appman/downloadmanager/downloader/oc/dsmcc/workspace/src/../inc/../../lib_oc/dsmcc_oc_app.c:2037:41: warning: unused parameter 'notify' [-Wunused-parameter]
                                   int (*notify)(void* handle, int name, int value))
                                         ^
component/appman/downloadmanager/downloader/oc/dsmcc/workspace/src/../inc/../../lib_oc/dsmcc_oc_app.c: In function 'DSMCCOCApp_parseSpecialSection':
component/appman/downloadmanager/downloader/oc/dsmcc/workspace/src/../inc/../../lib_oc/dsmcc_oc_app.c:2292:78: warning: unused parameter 'len' [-Wunused-parameter]
 int DSMCCOCApp_parseSpecialSection(DSMCCOCApp* ocapp, const uint8* data, int len)
                                                                              ^
component/appman/downloadmanager/downloader/oc/dsmcc/workspace/src/../inc/../../lib_oc/dsmcc_oc_app.c: In function 'dsmcc_receive_ballet_data_start':
component/appman/downloadmanager/downloader/oc/dsmcc/workspace/src/../inc/../../lib_oc/dsmcc_oc_app.c:2491:38: warning: comparison between signed and unsigned integer expressions [-Wsign-compare]
     if (++ocapp->currentBalletDataId == MAX_AVAIL_DOWNLOAD_ID)
                                      ^
component/appman/downloadmanager/downloader/oc/dsmcc/workspace/src/../inc/../../lib_oc/dsmcc_oc_app.c: In function 'dsmcc_oc_getProperty':
component/appman/downloadmanager/downloader/oc/dsmcc/workspace/src/../inc/../../lib_oc/dsmcc_oc_app.c:2598:65: warning: unused parameter 'param' [-Wunused-parameter]
 int dsmcc_oc_getProperty(char* url, int name, int* value, void* param)
                                                                 ^
In file included from component/appman/downloadmanager/downloader/oc/dsmcc/workspace/src/../inc/dsmcc.h:21:0,
                 from component/appman/downloadmanager/downloader/oc/dsmcc/workspace/src/dsmcc_part0.c:7:
component/appman/downloadmanager/downloader/oc/dsmcc/workspace/src/../inc/../../lib_oc/dvb_alarm_and_timer.c: In function 'DvbAlarm_procTime':
component/appman/downloadmanager/downloader/oc/dsmcc/workspace/src/../inc/../../lib_oc/dvb_alarm_and_timer.c:318:31: warning: unused parameter 'wParam' [-Wunused-parameter]
 void DvbAlarm_procTime(uint32 wParam, uint32 lParam)
                               ^
component/appman/downloadmanager/downloader/oc/dsmcc/workspace/src/../inc/../../lib_oc/dvb_alarm_and_timer.c:318:46: warning: unused parameter 'lParam' [-Wunused-parameter]
 void DvbAlarm_procTime(uint32 wParam, uint32 lParam)
                                              ^
