In file included from platform/android/external/pdfium/core/src/fpdfapi/fpdf_font/ttgsubtable.cpp:9:0:
platform/android/external/pdfium/core/src/fpdfapi/fpdf_font/ttgsubtable.h: In constructor 'CFX_CTTGSUBTable::CFX_CTTGSUBTable()':
platform/android/external/pdfium/core/src/fpdfapi/fpdf_font/ttgsubtable.h:403:10: warning: 'CFX_CTTGSUBTable::loaded' will be initialized after [-Wreorder]
     bool loaded;
          ^
platform/android/external/pdfium/core/src/fpdfapi/fpdf_font/ttgsubtable.h:402:13: warning:   'FX_BOOL CFX_CTTGSUBTable::m_bFeautureMapLoad' [-Wreorder]
     FX_BOOL m_bFeautureMapLoad;
             ^
platform/android/external/pdfium/core/src/fpdfapi/fpdf_font/ttgsubtable.h:25:5: warning:   when initialized here [-Wreorder]
     CFX_CTTGSUBTable(void): loaded(false), m_bFeautureMapLoad(FALSE) {};
     ^
platform/android/external/pdfium/core/src/fpdfapi/fpdf_font/ttgsubtable.h: In constructor 'CFX_CTTGSUBTable::CFX_CTTGSUBTable(FT_Bytes)':
platform/android/external/pdfium/core/src/fpdfapi/fpdf_font/ttgsubtable.h:403:10: warning: 'CFX_CTTGSUBTable::loaded' will be initialized after [-Wreorder]
     bool loaded;
          ^
platform/android/external/pdfium/core/src/fpdfapi/fpdf_font/ttgsubtable.h:402:13: warning:   'FX_BOOL CFX_CTTGSUBTable::m_bFeautureMapLoad' [-Wreorder]
     FX_BOOL m_bFeautureMapLoad;
             ^
platform/android/external/pdfium/core/src/fpdfapi/fpdf_font/ttgsubtable.h:26:5: warning:   when initialized here [-Wreorder]
     CFX_CTTGSUBTable(FT_Bytes gsub): loaded(false), m_bFeautureMapLoad(FALSE)
     ^
platform/android/external/pdfium/core/src/fpdfapi/fpdf_font/ttgsubtable.h: In constructor 'CFX_CTTGSUBTable::TSingleSubstFormat1::TSingleSubstFormat1()':
platform/android/external/pdfium/core/src/fpdfapi/fpdf_font/ttgsubtable.h:276:20: warning: 'CFX_CTTGSUBTable::TSingleSubstFormat1::DeltaGlyphID' will be initialized after [-Wreorder]
         TT_int16_t DeltaGlyphID;
                    ^
platform/android/external/pdfium/core/src/fpdfapi/fpdf_font/ttgsubtable.h:275:30: warning:   'CFX_CTTGSUBTable::TCoverageFormatBase* CFX_CTTGSUBTable::TSingleSubstFormat1::Coverage' [-Wreorder]
         TCoverageFormatBase *Coverage;
                              ^
platform/android/external/pdfium/core/src/fpdfapi/fpdf_font/ttgsubtable.h:277:9: warning:   when initialized here [-Wreorder]
         TSingleSubstFormat1(): DeltaGlyphID(0), Coverage(NULL)
         ^
platform/android/external/pdfium/core/src/fpdfapi/fpdf_font/ttgsubtable.h: In member function 'virtual void CFX_GSUBTable::Release()':
platform/android/external/pdfium/core/src/fpdfapi/fpdf_font/ttgsubtable.h:414:16: warning: deleting object of polymorphic class type 'CFX_GSUBTable' which has non-virtual destructor might cause undefined behaviour [-Wdelete-non-virtual-dtor]
         delete this;
                ^
platform/android/external/pdfium/core/src/fpdfapi/fpdf_font/ttgsubtable.cpp: In function 'IFX_GSUBTable* FXGE_CreateGSUBTable(CFX_Font*)':
platform/android/external/pdfium/core/src/fpdfapi/fpdf_font/ttgsubtable.cpp:449:16: warning: deleting object of polymorphic class type 'CFX_GSUBTable' which has non-virtual destructor might cause undefined behaviour [-Wdelete-non-virtual-dtor]
         delete pGsubTable;
                ^
