In file included from component/dcas/server/./src/DataCenter.cpp:1:0:
component/dcas/server/./src/DataCenter.h:132:14: warning: unused parameter 'moduleType' [-Wunused-parameter]
  static bool Bytes2EMMParam(int moduleType, int& casId, int& emmPid, char* abyData, int aiLength)
              ^
component/dcas/server/./src/DataCenter.cpp:378:5: warning: unused parameter 'data' [-Wunused-parameter]
 int CDataCenter::SetCATData(int casId, int emmPid, string data)
     ^
component/dcas/server/./src/DataCenter.cpp:402:5: warning: unused parameter 'data' [-Wunused-parameter]
 int CDataCenter::GetCATData(int casId, int& emmPid, string& data)
     ^
component/dcas/server/./src/DataCenter.cpp:636:5: warning: unused parameter 'dataOut' [-Wunused-parameter]
 int CDataCenter::SetCAInfo(int casId, int cmdId, unsigned char* dataIn, int dataInLen,unsigned char* dataOut,int* dataOutLen)
     ^
component/dcas/server/./src/DataCenter.cpp:636:5: warning: unused parameter 'dataOutLen' [-Wunused-parameter]
component/dcas/server/./src/DataCenter.cpp: In member function 'int CDataCenter::GetCAInfo(int, int, unsigned char*, int, unsigned char*, int*)':
component/dcas/server/./src/DataCenter.cpp:647:5: warning: parameter 'dataOutLen' set but not used [-Wunused-but-set-parameter]
 int CDataCenter::GetCAInfo(int casId, int cmdId, unsigned char* dataIn, int dataInLen,unsigned char* dataOut,int* dataOutLen)
     ^
component/dcas/server/./src/DataCenter.cpp: At global scope:
component/dcas/server/./src/DataCenter.cpp:647:5: warning: unused parameter 'dataIn' [-Wunused-parameter]
component/dcas/server/./src/DataCenter.cpp:647:5: warning: unused parameter 'dataInLen' [-Wunused-parameter]
