In file included from platform/android/external/netperf/netserver.c:125:0:
platform/android/external/netperf/netlib.h:608:0: warning: "bcopy" redefined [enabled by default]
 #define bcopy(s,d,h) memcpy((d),(s),(h))
 ^
In file included from platform/android/external/netperf/netserver.c:79:0:
platform/android/bionic/libc/include/strings.h:47:0: note: this is the location of the previous definition
 #define bcopy(b1, b2, len) \
 ^
platform/android/external/netperf/netserver.c: In function 'set_up_server':
platform/android/external/netperf/netserver.c:644:7: warning: pointer targets in passing argument 3 of 'accept' differ in signedness [-Wpointer-sign]
       &peeraddr_len)) == INVALID_SOCKET)
       ^
In file included from platform/android/external/netperf/netserver.c:111:0:
platform/android/bionic/libc/include/sys/socket.h:271:18: note: expected 'socklen_t *' but argument is of type 'size_t *'
 __socketcall int accept(int, struct sockaddr*, socklen_t*);
                  ^
platform/android/external/netperf/netserver.c: In function 'main':
platform/android/external/netperf/netserver.c:993:3: warning: pointer targets in passing argument 3 of 'getsockname' differ in signedness [-Wpointer-sign]
   else if (getsockname(0, &name, &namelen) == SOCKET_ERROR) {
   ^
In file included from platform/android/external/netperf/netserver.c:111:0:
platform/android/bionic/libc/include/sys/socket.h:276:18: note: expected 'socklen_t *' but argument is of type 'size_t *'
 __socketcall int getsockname(int, struct sockaddr*, socklen_t*);
                  ^
