platform/android/external/e2fsprogs/lib/ext2fs/tdb.c: In function '_tdb_lock':
platform/android/external/e2fsprogs/lib/ext2fs/tdb.c:411:13: warning: comparison between signed and unsigned integer expressions [-Wsign-compare]
      (ltype == tdb->global_lock.ltype || ltype == F_RDLCK)) {
             ^
platform/android/external/e2fsprogs/lib/ext2fs/tdb.c: In function 'tdb_unlock':
platform/android/external/e2fsprogs/lib/ext2fs/tdb.c:506:13: warning: comparison between signed and unsigned integer expressions [-Wsign-compare]
      (ltype == tdb->global_lock.ltype || ltype == F_RDLCK)) {
             ^
platform/android/external/e2fsprogs/lib/ext2fs/tdb.c: In function '_tdb_lockall':
platform/android/external/e2fsprogs/lib/ext2fs/tdb.c:627:55: warning: comparison between signed and unsigned integer expressions [-Wsign-compare]
  if (tdb->global_lock.count && tdb->global_lock.ltype == ltype) {
                                                       ^
platform/android/external/e2fsprogs/lib/ext2fs/tdb.c: In function '_tdb_unlockall':
platform/android/external/e2fsprogs/lib/ext2fs/tdb.c:671:29: warning: comparison between signed and unsigned integer expressions [-Wsign-compare]
  if (tdb->global_lock.ltype != ltype || tdb->global_lock.count == 0) {
                             ^
platform/android/external/e2fsprogs/lib/ext2fs/tdb.c: In function 'ext2fs_tdb_dump_all':
platform/android/external/e2fsprogs/lib/ext2fs/tdb.c:3004:12: warning: comparison between signed and unsigned integer expressions [-Wsign-compare]
  for (i=0;i<tdb->header.hash_size;i++) {
            ^
