In file included from device/hisilicon/bigfish/HiSTBSDKV6R2/source/msp/api/demux/demux_v2/mpi_demux.c:27:0:
device/hisilicon/bigfish/HiSTBSDKV6R2/source/common/include/hi_type.h:44:23: warning: ISO C90 does not support 'long long' [-Wlong-long]
 typedef unsigned long long      HI_U64;
                       ^
device/hisilicon/bigfish/HiSTBSDKV6R2/source/common/include/hi_type.h:45:14: warning: ISO C90 does not support 'long long' [-Wlong-long]
 typedef long long               HI_S64;
              ^
device/hisilicon/bigfish/HiSTBSDKV6R2/source/msp/api/demux/demux_v2/mpi_demux.c: In function 'DmxReleaseBuf':
device/hisilicon/bigfish/HiSTBSDKV6R2/source/msp/api/demux/demux_v2/mpi_demux.c:502:49: warning: comparison between signed and unsigned integer expressions [-Wsign-compare]
             && ((UsrAddr - g_stPoolBuf.VirAddr) < g_stPoolBuf.Size))
                                                 ^
device/hisilicon/bigfish/HiSTBSDKV6R2/source/msp/api/demux/demux_v2/mpi_demux.c:508:103: warning: comparison between signed and unsigned integer expressions [-Wsign-compare]
                  && ((UsrAddr - g_stChanBuf.BufDesc[u32DmxId * g_stChanBuf.ChnCnt + u32ChId].VirAddr) < g_stChanBuf.BufDesc[u32DmxId * g_stChanBuf.ChnCnt + u32ChId].Size))
                                                                                                       ^
device/hisilicon/bigfish/HiSTBSDKV6R2/source/msp/api/demux/demux_v2/mpi_demux.c: In function 'DmxSharedChanCbFunc':
device/hisilicon/bigfish/HiSTBSDKV6R2/source/msp/api/demux/demux_v2/mpi_demux.c:556:43: warning: unused parameter 'args' [-Wunused-parameter]
 static HI_VOID* DmxSharedChanCbFunc(void *args)
                                           ^
device/hisilicon/bigfish/HiSTBSDKV6R2/source/msp/api/demux/demux_v2/mpi_demux.c: In function 'HI_MPI_DMX_ReleaseEs':
device/hisilicon/bigfish/HiSTBSDKV6R2/source/msp/api/demux/demux_v2/mpi_demux.c:2719:98: warning: comparison between signed and unsigned integer expressions [-Wsign-compare]
             && ((UsrAddr - g_stChanBuf.BufDesc[u32DmxId * g_stChanBuf.ChnCnt + u32ChId].VirAddr) < g_stChanBuf.BufDesc[u32DmxId * g_stChanBuf.ChnCnt + u32ChId].Size))
                                                                                                  ^
