platform/android/external/fio/crc/test.c: In function 't_md5':
platform/android/external/fio/crc/test.c:68:16: warning: comparison between signed and unsigned integer expressions [-Wsign-compare]
  for (i = 0; i < NR_CHUNKS; i++)
                ^
platform/android/external/fio/crc/test.c: In function 't_crc64':
platform/android/external/fio/crc/test.c:87:16: warning: comparison between signed and unsigned integer expressions [-Wsign-compare]
  for (i = 0; i < NR_CHUNKS; i++)
                ^
platform/android/external/fio/crc/test.c: In function 't_crc32':
platform/android/external/fio/crc/test.c:106:16: warning: comparison between signed and unsigned integer expressions [-Wsign-compare]
  for (i = 0; i < NR_CHUNKS; i++)
                ^
platform/android/external/fio/crc/test.c: In function 't_crc32c':
platform/android/external/fio/crc/test.c:125:16: warning: comparison between signed and unsigned integer expressions [-Wsign-compare]
  for (i = 0; i < NR_CHUNKS; i++)
                ^
platform/android/external/fio/crc/test.c: In function 't_crc16':
platform/android/external/fio/crc/test.c:144:16: warning: comparison between signed and unsigned integer expressions [-Wsign-compare]
  for (i = 0; i < NR_CHUNKS; i++)
                ^
platform/android/external/fio/crc/test.c: In function 't_crc7':
platform/android/external/fio/crc/test.c:163:16: warning: comparison between signed and unsigned integer expressions [-Wsign-compare]
  for (i = 0; i < NR_CHUNKS; i++)
                ^
platform/android/external/fio/crc/test.c: In function 't_sha1':
platform/android/external/fio/crc/test.c:186:16: warning: comparison between signed and unsigned integer expressions [-Wsign-compare]
  for (i = 0; i < NR_CHUNKS; i++)
                ^
platform/android/external/fio/crc/test.c: In function 't_sha256':
platform/android/external/fio/crc/test.c:209:16: warning: comparison between signed and unsigned integer expressions [-Wsign-compare]
  for (i = 0; i < NR_CHUNKS; i++)
                ^
platform/android/external/fio/crc/test.c: In function 't_sha512':
platform/android/external/fio/crc/test.c:232:16: warning: comparison between signed and unsigned integer expressions [-Wsign-compare]
  for (i = 0; i < NR_CHUNKS; i++)
                ^
platform/android/external/fio/crc/test.c: In function 't_xxhash':
platform/android/external/fio/crc/test.c:254:16: warning: comparison between signed and unsigned integer expressions [-Wsign-compare]
  for (i = 0; i < NR_CHUNKS; i++)
                ^
