component/OAM/common/timer/timerschedular.c: In function 'TimerTurnOnBackgroundReadHandling':
component/OAM/common/timer/timerschedular.c:537:58: warning: unused parameter 'pSchedular' [-Wunused-parameter]
 void TimerTurnOnBackgroundReadHandling(T_TimerSchedular *pSchedular, int socketNum , BackgroundHandlerProc *handlerProc, void *clientData)
                                                          ^
component/OAM/common/timer/timerschedular.c:537:74: warning: unused parameter 'socketNum' [-Wunused-parameter]
 void TimerTurnOnBackgroundReadHandling(T_TimerSchedular *pSchedular, int socketNum , BackgroundHandlerProc *handlerProc, void *clientData)
                                                                          ^
component/OAM/common/timer/timerschedular.c:537:109: warning: unused parameter 'handlerProc' [-Wunused-parameter]
 void TimerTurnOnBackgroundReadHandling(T_TimerSchedular *pSchedular, int socketNum , BackgroundHandlerProc *handlerProc, void *clientData)
                                                                                                             ^
component/OAM/common/timer/timerschedular.c:537:128: warning: unused parameter 'clientData' [-Wunused-parameter]
 void TimerTurnOnBackgroundReadHandling(T_TimerSchedular *pSchedular, int socketNum , BackgroundHandlerProc *handlerProc, void *clientData)
                                                                                                                                ^
component/OAM/common/timer/timerschedular.c: In function 'TimerTurnOffBackgroundReadHandling':
component/OAM/common/timer/timerschedular.c:554:59: warning: unused parameter 'pSchedular' [-Wunused-parameter]
 void TimerTurnOffBackgroundReadHandling(T_TimerSchedular *pSchedular, int socketNum)
                                                           ^
component/OAM/common/timer/timerschedular.c:554:75: warning: unused parameter 'socketNum' [-Wunused-parameter]
 void TimerTurnOffBackgroundReadHandling(T_TimerSchedular *pSchedular, int socketNum)
                                                                           ^
component/OAM/common/timer/timerschedular.c: In function 'TimerDoEventLoop':
component/OAM/common/timer/timerschedular.c:574:41: warning: unused parameter 'pSchedular' [-Wunused-parameter]
 void TimerDoEventLoop(T_TimerSchedular *pSchedular, char *watchVariable)
                                         ^
component/OAM/common/timer/timerschedular.c:574:59: warning: unused parameter 'watchVariable' [-Wunused-parameter]
 void TimerDoEventLoop(T_TimerSchedular *pSchedular, char *watchVariable)
                                                           ^
