platform/android/frameworks/base/media/jni/android_media_MediaCodecList.cpp:44:13: warning: unused parameter 'thiz' [-Wunused-parameter]
 static jint android_media_MediaCodecList_getCodecCount(
             ^
platform/android/frameworks/base/media/jni/android_media_MediaCodecList.cpp:54:16: warning: unused parameter 'thiz' [-Wunused-parameter]
 static jstring android_media_MediaCodecList_getCodecName(
                ^
platform/android/frameworks/base/media/jni/android_media_MediaCodecList.cpp:72:13: warning: unused parameter 'thiz' [-Wunused-parameter]
 static jint android_media_MediaCodecList_findCodecByName(
             ^
platform/android/frameworks/base/media/jni/android_media_MediaCodecList.cpp:97:17: warning: unused parameter 'thiz' [-Wunused-parameter]
 static jboolean android_media_MediaCodecList_isEncoder(
                 ^
platform/android/frameworks/base/media/jni/android_media_MediaCodecList.cpp:114:15: warning: unused parameter 'thiz' [-Wunused-parameter]
 static jarray android_media_MediaCodecList_getSupportedTypes(
               ^
platform/android/frameworks/base/media/jni/android_media_MediaCodecList.cpp:146:16: warning: unused parameter 'thiz' [-Wunused-parameter]
 static jobject android_media_MediaCodecList_getCodecCapabilities(
                ^
platform/android/frameworks/base/media/jni/android_media_MediaCodecList.cpp:265:13: warning: unused parameter 'env' [-Wunused-parameter]
 static void android_media_MediaCodecList_native_init(JNIEnv *env) {
             ^
