platform/android/external/neven/Embedded/common/src/b_BasicEm/UInt32Arr.c: In function 'bbs_UInt32Arr_init':
platform/android/external/neven/Embedded/common/src/b_BasicEm/UInt32Arr.c:40:46: warning: unused parameter 'cpA' [-Wunused-parameter]
 void bbs_UInt32Arr_init( struct bbs_Context* cpA,
                                              ^
platform/android/external/neven/Embedded/common/src/b_BasicEm/UInt32Arr.c: In function 'bbs_UInt32Arr_equal':
platform/android/external/neven/Embedded/common/src/b_BasicEm/UInt32Arr.c:89:47: warning: unused parameter 'cpA' [-Wunused-parameter]
 flag bbs_UInt32Arr_equal( struct bbs_Context* cpA,
                                               ^
platform/android/external/neven/Embedded/common/src/b_BasicEm/UInt32Arr.c: In function 'bbs_UInt32Arr_heapSize':
platform/android/external/neven/Embedded/common/src/b_BasicEm/UInt32Arr.c:114:52: warning: unused parameter 'cpA' [-Wunused-parameter]
 uint32 bbs_UInt32Arr_heapSize( struct bbs_Context* cpA,
                                                    ^
platform/android/external/neven/Embedded/common/src/b_BasicEm/UInt32Arr.c:115:39: warning: unused parameter 'ptrA' [-Wunused-parameter]
           const struct bbs_UInt32Arr* ptrA, 
                                       ^
platform/android/external/neven/Embedded/common/src/b_BasicEm/UInt32Arr.c: In function 'bbs_UInt32Arr_memSize':
platform/android/external/neven/Embedded/common/src/b_BasicEm/UInt32Arr.c:178:51: warning: unused parameter 'cpA' [-Wunused-parameter]
 uint32 bbs_UInt32Arr_memSize( struct bbs_Context* cpA,
                                                   ^
platform/android/external/neven/Embedded/common/src/b_BasicEm/UInt32Arr.c: In function 'bbs_UInt32Arr_fill':
platform/android/external/neven/Embedded/common/src/b_BasicEm/UInt32Arr.c:231:46: warning: unused parameter 'cpA' [-Wunused-parameter]
 void bbs_UInt32Arr_fill( struct bbs_Context* cpA,
                                              ^
