platform/android/external/libpcap/bpf_filter.c: In function 'bpf_filter':
platform/android/external/libpcap/bpf_filter.c:292:10: warning: comparison between signed and unsigned integer expressions [-Wsign-compare]
    if (k >= buflen) {
          ^
platform/android/external/libpcap/bpf_filter.c:351:10: warning: comparison between signed and unsigned integer expressions [-Wsign-compare]
    if (k >= buflen) {
          ^
platform/android/external/libpcap/bpf_filter.c:368:10: warning: comparison between signed and unsigned integer expressions [-Wsign-compare]
    if (k >= buflen) {
          ^
platform/android/external/libpcap/bpf_filter.c: In function 'bpf_validate':
platform/android/external/libpcap/bpf_filter.c:564:16: warning: comparison between signed and unsigned integer expressions [-Wsign-compare]
  for (i = 0; i < len; ++i) {
                ^
platform/android/external/libpcap/bpf_filter.c:662:21: warning: comparison between signed and unsigned integer expressions [-Wsign-compare]
     if (from + p->k >= len)
                     ^
platform/android/external/libpcap/bpf_filter.c:670:22: warning: comparison between signed and unsigned integer expressions [-Wsign-compare]
     if (from + p->jt >= len || from + p->jf >= len)
                      ^
platform/android/external/libpcap/bpf_filter.c:670:45: warning: comparison between signed and unsigned integer expressions [-Wsign-compare]
     if (from + p->jt >= len || from + p->jf >= len)
                                             ^
