In file included from platform/android/external/aac/libAACdec/src/channel.h:97:0,
                 from platform/android/external/aac/libAACdec/src/aacdecoder.h:98,
                 from platform/android/external/aac/libAACdec/src/rvlc.h:95,
                 from platform/android/external/aac/libAACdec/src/rvlcbit.h:96,
                 from platform/android/external/aac/libAACdec/src/rvlcbit.cpp:90:
platform/android/external/aac/libAACdec/src/channelinfo.h: In function 'UCHAR GetScaleMaxFactorBandsTransmitted(const CIcsInfo*, const CIcsInfo*)':
platform/android/external/aac/libAACdec/src/channelinfo.h:435:59: warning: passing 'UCHAR {aka unsigned char}' chooses 'INT {aka int}' over 'FIXP_DBL {aka long int}' [-Wsign-promo]
   return fMax(pIcsInfo0->MaxSfBands, pIcsInfo1->MaxSfBands);
                                                           ^
platform/android/external/aac/libAACdec/src/channelinfo.h:435:59: warning:   in call to 'INT fMax(INT, INT)' [-Wsign-promo]
platform/android/external/aac/libAACdec/src/channelinfo.h:435:59: warning: passing 'UCHAR {aka unsigned char}' chooses 'INT {aka int}' over 'FIXP_DBL {aka long int}' [-Wsign-promo]
platform/android/external/aac/libAACdec/src/channelinfo.h:435:59: warning:   in call to 'INT fMax(INT, INT)' [-Wsign-promo]
platform/android/external/aac/libAACdec/src/channelinfo.h:435:59: warning: passing 'UCHAR {aka unsigned char}' chooses 'INT {aka int}' over 'FIXP_DBL {aka long int}' [-Wsign-promo]
platform/android/external/aac/libAACdec/src/channelinfo.h:435:59: warning:   in call to 'INT fMax(INT, INT)' [-Wsign-promo]
platform/android/external/aac/libAACdec/src/channelinfo.h:435:59: warning: passing 'UCHAR {aka unsigned char}' chooses 'INT {aka int}' over 'FIXP_DBL {aka long int}' [-Wsign-promo]
platform/android/external/aac/libAACdec/src/channelinfo.h:435:59: warning:   in call to 'INT fMax(INT, INT)' [-Wsign-promo]
platform/android/external/aac/libAACdec/src/channelinfo.h:435:59: warning: passing 'UCHAR {aka unsigned char}' chooses 'INT {aka int}' over 'UINT {aka unsigned int}' [-Wsign-promo]
platform/android/external/aac/libAACdec/src/channelinfo.h:435:59: warning:   in call to 'INT fMax(INT, INT)' [-Wsign-promo]
platform/android/external/aac/libAACdec/src/channelinfo.h:435:59: warning: passing 'UCHAR {aka unsigned char}' chooses 'INT {aka int}' over 'UINT {aka unsigned int}' [-Wsign-promo]
platform/android/external/aac/libAACdec/src/channelinfo.h:435:59: warning:   in call to 'INT fMax(INT, INT)' [-Wsign-promo]
platform/android/external/aac/libAACdec/src/channelinfo.h:435:59: warning: passing 'UCHAR {aka unsigned char}' chooses 'INT {aka int}' over 'UINT {aka unsigned int}' [-Wsign-promo]
platform/android/external/aac/libAACdec/src/channelinfo.h:435:59: warning:   in call to 'INT fMax(INT, INT)' [-Wsign-promo]
platform/android/external/aac/libAACdec/src/channelinfo.h:435:59: warning: passing 'UCHAR {aka unsigned char}' chooses 'INT {aka int}' over 'UINT {aka unsigned int}' [-Wsign-promo]
platform/android/external/aac/libAACdec/src/channelinfo.h:435:59: warning:   in call to 'INT fMax(INT, INT)' [-Wsign-promo]
