platform/android/external/libpcap/gencode.c: In function 'gen_scode':
platform/android/external/libpcap/gencode.c:6163:21: warning: comparison between signed and unsigned integer expressions [-Wsign-compare]
    if (off_linktype == -1 && tproto == Q_DEFAULT) {
                     ^
platform/android/external/libpcap/gencode.c: In function 'gen_mcode6':
platform/android/external/libpcap/gencode.c:6515:23: warning: comparison between signed and unsigned integer expressions [-Wsign-compare]
  if (sizeof(mask) * 8 < masklen)
                       ^
platform/android/external/libpcap/gencode.c: In function 'gen_pf_ifname':
platform/android/external/libpcap/gencode.c:7678:27: warning: unused parameter 'ifname' [-Wunused-parameter]
 gen_pf_ifname(const char *ifname)
                           ^
platform/android/external/libpcap/gencode.c: In function 'gen_pf_ruleset':
platform/android/external/libpcap/gencode.c:7686:22: warning: unused parameter 'ruleset' [-Wunused-parameter]
 gen_pf_ruleset(char *ruleset)
                      ^
platform/android/external/libpcap/gencode.c: In function 'gen_pf_rnr':
platform/android/external/libpcap/gencode.c:7694:16: warning: unused parameter 'rnr' [-Wunused-parameter]
 gen_pf_rnr(int rnr)
                ^
platform/android/external/libpcap/gencode.c: In function 'gen_pf_srnr':
platform/android/external/libpcap/gencode.c:7702:17: warning: unused parameter 'srnr' [-Wunused-parameter]
 gen_pf_srnr(int srnr)
                 ^
platform/android/external/libpcap/gencode.c: In function 'gen_pf_reason':
platform/android/external/libpcap/gencode.c:7710:19: warning: unused parameter 'reason' [-Wunused-parameter]
 gen_pf_reason(int reason)
                   ^
platform/android/external/libpcap/gencode.c: In function 'gen_pf_action':
platform/android/external/libpcap/gencode.c:7718:19: warning: unused parameter 'action' [-Wunused-parameter]
 gen_pf_action(int action)
                   ^
