device/hisilicon/bigfish/external/dhcp/common/comapi.c: In function 'dhcp_group_create':
device/hisilicon/bigfish/external/dhcp/common/comapi.c:401:27: warning: unused parameter 'id' [-Wunused-parameter]
           omapi_object_t *id)
                           ^
device/hisilicon/bigfish/external/dhcp/common/comapi.c: In function 'dhcp_group_remove':
device/hisilicon/bigfish/external/dhcp/common/comapi.c:417:21: warning: unused parameter 'id' [-Wunused-parameter]
     omapi_object_t *id)
                     ^
device/hisilicon/bigfish/external/dhcp/common/comapi.c: In function 'dhcp_control_destroy':
device/hisilicon/bigfish/external/dhcp/common/comapi.c:497:20: warning: unused parameter 'file' [-Wunused-parameter]
        const char *file, int line)
                    ^
device/hisilicon/bigfish/external/dhcp/common/comapi.c:497:30: warning: unused parameter 'line' [-Wunused-parameter]
        const char *file, int line)
                              ^
device/hisilicon/bigfish/external/dhcp/common/comapi.c: In function 'dhcp_control_create':
device/hisilicon/bigfish/external/dhcp/common/comapi.c:590:52: warning: unused parameter 'lp' [-Wunused-parameter]
 isc_result_t dhcp_control_create (omapi_object_t **lp,
                                                    ^
device/hisilicon/bigfish/external/dhcp/common/comapi.c:591:23: warning: unused parameter 'id' [-Wunused-parameter]
       omapi_object_t *id)
                       ^
device/hisilicon/bigfish/external/dhcp/common/comapi.c: In function 'dhcp_control_remove':
device/hisilicon/bigfish/external/dhcp/common/comapi.c:597:51: warning: unused parameter 'lp' [-Wunused-parameter]
 isc_result_t dhcp_control_remove (omapi_object_t *lp,
                                                   ^
device/hisilicon/bigfish/external/dhcp/common/comapi.c:598:21: warning: unused parameter 'id' [-Wunused-parameter]
     omapi_object_t *id)
                     ^
device/hisilicon/bigfish/external/dhcp/common/comapi.c: In function 'dhcp_subnet_destroy':
device/hisilicon/bigfish/external/dhcp/common/comapi.c:654:66: warning: unused parameter 'file' [-Wunused-parameter]
 isc_result_t dhcp_subnet_destroy (omapi_object_t *h, const char *file, int line)
                                                                  ^
device/hisilicon/bigfish/external/dhcp/common/comapi.c:654:76: warning: unused parameter 'line' [-Wunused-parameter]
 isc_result_t dhcp_subnet_destroy (omapi_object_t *h, const char *file, int line)
                                                                            ^
device/hisilicon/bigfish/external/dhcp/common/comapi.c: In function 'dhcp_subnet_lookup':
device/hisilicon/bigfish/external/dhcp/common/comapi.c:731:22: warning: unused parameter 'id' [-Wunused-parameter]
      omapi_object_t *id,
                      ^
device/hisilicon/bigfish/external/dhcp/common/comapi.c:732:22: warning: unused parameter 'ref' [-Wunused-parameter]
      omapi_object_t *ref)
                      ^
device/hisilicon/bigfish/external/dhcp/common/comapi.c: In function 'dhcp_subnet_create':
device/hisilicon/bigfish/external/dhcp/common/comapi.c:743:51: warning: unused parameter 'lp' [-Wunused-parameter]
 isc_result_t dhcp_subnet_create (omapi_object_t **lp,
                                                   ^
device/hisilicon/bigfish/external/dhcp/common/comapi.c:744:22: warning: unused parameter 'id' [-Wunused-parameter]
      omapi_object_t *id)
                      ^
device/hisilicon/bigfish/external/dhcp/common/comapi.c: In function 'dhcp_subnet_remove':
device/hisilicon/bigfish/external/dhcp/common/comapi.c:749:50: warning: unused parameter 'lp' [-Wunused-parameter]
 isc_result_t dhcp_subnet_remove (omapi_object_t *lp,
                                                  ^
device/hisilicon/bigfish/external/dhcp/common/comapi.c:750:27: warning: unused parameter 'id' [-Wunused-parameter]
           omapi_object_t *id)
                           ^
device/hisilicon/bigfish/external/dhcp/common/comapi.c: In function 'dhcp_shared_network_destroy':
device/hisilicon/bigfish/external/dhcp/common/comapi.c:806:20: warning: unused parameter 'file' [-Wunused-parameter]
        const char *file, int line)
                    ^
device/hisilicon/bigfish/external/dhcp/common/comapi.c:806:30: warning: unused parameter 'line' [-Wunused-parameter]
        const char *file, int line)
                              ^
device/hisilicon/bigfish/external/dhcp/common/comapi.c: In function 'dhcp_shared_network_lookup':
device/hisilicon/bigfish/external/dhcp/common/comapi.c:898:23: warning: unused parameter 'id' [-Wunused-parameter]
       omapi_object_t *id,
                       ^
device/hisilicon/bigfish/external/dhcp/common/comapi.c:899:23: warning: unused parameter 'ref' [-Wunused-parameter]
       omapi_object_t *ref)
                       ^
device/hisilicon/bigfish/external/dhcp/common/comapi.c: In function 'dhcp_shared_network_create':
device/hisilicon/bigfish/external/dhcp/common/comapi.c:910:59: warning: unused parameter 'lp' [-Wunused-parameter]
 isc_result_t dhcp_shared_network_create (omapi_object_t **lp,
                                                           ^
device/hisilicon/bigfish/external/dhcp/common/comapi.c:911:23: warning: unused parameter 'id' [-Wunused-parameter]
       omapi_object_t *id)
                       ^
device/hisilicon/bigfish/external/dhcp/common/comapi.c: In function 'dhcp_shared_network_remove':
device/hisilicon/bigfish/external/dhcp/common/comapi.c:916:58: warning: unused parameter 'lp' [-Wunused-parameter]
 isc_result_t dhcp_shared_network_remove (omapi_object_t *lp,
                                                          ^
device/hisilicon/bigfish/external/dhcp/common/comapi.c:917:23: warning: unused parameter 'id' [-Wunused-parameter]
       omapi_object_t *id)
                       ^
