platform/android/external/sonivox/arm-wt-22k/lib_src/eas_pcm.c: In function 'EAS_PEState':
platform/android/external/sonivox/arm-wt-22k/lib_src/eas_pcm.c:244:37: warning: unused parameter 'pEASData' [-Wunused-parameter]
 EAS_RESULT EAS_PEState (S_EAS_DATA *pEASData, EAS_PCM_HANDLE pInstData, EAS_STATE *pState)
                                     ^
platform/android/external/sonivox/arm-wt-22k/lib_src/eas_pcm.c: In function 'EAS_PEContinueStream':
platform/android/external/sonivox/arm-wt-22k/lib_src/eas_pcm.c:412:46: warning: unused parameter 'pEASData' [-Wunused-parameter]
 EAS_RESULT EAS_PEContinueStream (S_EAS_DATA *pEASData, EAS_PCM_HANDLE pState, EAS_I32 size)
                                              ^
platform/android/external/sonivox/arm-wt-22k/lib_src/eas_pcm.c: In function 'EAS_PEGetFileHandle':
platform/android/external/sonivox/arm-wt-22k/lib_src/eas_pcm.c:439:45: warning: unused parameter 'pEASData' [-Wunused-parameter]
 EAS_RESULT EAS_PEGetFileHandle (S_EAS_DATA *pEASData, EAS_PCM_HANDLE pState, EAS_FILE_HANDLE *pFileHandle)
                                             ^
platform/android/external/sonivox/arm-wt-22k/lib_src/eas_pcm.c: In function 'EAS_PEUpdateParams':
platform/android/external/sonivox/arm-wt-22k/lib_src/eas_pcm.c:470:44: warning: unused parameter 'pEASData' [-Wunused-parameter]
 EAS_RESULT EAS_PEUpdateParams (S_EAS_DATA* pEASData, EAS_PCM_HANDLE pState, EAS_I16 pitch, EAS_I16 gainLeft, EAS_I16 gainRight)
                                            ^
platform/android/external/sonivox/arm-wt-22k/lib_src/eas_pcm.c: In function 'EAS_PEUpdateVolume':
platform/android/external/sonivox/arm-wt-22k/lib_src/eas_pcm.c:527:44: warning: unused parameter 'pEASData' [-Wunused-parameter]
 EAS_RESULT EAS_PEUpdateVolume (S_EAS_DATA* pEASData, EAS_PCM_HANDLE pState, EAS_I16 volume)
                                            ^
platform/android/external/sonivox/arm-wt-22k/lib_src/eas_pcm.c: In function 'EAS_PEUpdatePitch':
platform/android/external/sonivox/arm-wt-22k/lib_src/eas_pcm.c:546:43: warning: unused parameter 'pEASData' [-Wunused-parameter]
 EAS_RESULT EAS_PEUpdatePitch (S_EAS_DATA* pEASData, EAS_PCM_HANDLE pState, EAS_I16 pitch)
                                           ^
platform/android/external/sonivox/arm-wt-22k/lib_src/eas_pcm.c: In function 'EAS_PEPause':
platform/android/external/sonivox/arm-wt-22k/lib_src/eas_pcm.c:571:37: warning: unused parameter 'pEASData' [-Wunused-parameter]
 EAS_RESULT EAS_PEPause (S_EAS_DATA *pEASData, EAS_PCM_HANDLE pState)
                                     ^
platform/android/external/sonivox/arm-wt-22k/lib_src/eas_pcm.c: In function 'EAS_PEResume':
platform/android/external/sonivox/arm-wt-22k/lib_src/eas_pcm.c:598:38: warning: unused parameter 'pEASData' [-Wunused-parameter]
 EAS_RESULT EAS_PEResume (S_EAS_DATA *pEASData, EAS_PCM_HANDLE pState)
                                      ^
platform/android/external/sonivox/arm-wt-22k/lib_src/eas_pcm.c: In function 'EAS_PERelease':
platform/android/external/sonivox/arm-wt-22k/lib_src/eas_pcm.c:745:39: warning: unused parameter 'pEASData' [-Wunused-parameter]
 EAS_RESULT EAS_PERelease (S_EAS_DATA *pEASData, EAS_PCM_HANDLE pState)
                                       ^
