device/hisilicon/bigfish/external/dhcp/omapip/hash.c: In function 'free_hash_table':
device/hisilicon/bigfish/external/dhcp/omapip/hash.c:101:14: warning: unused parameter 'file' [-Wunused-parameter]
  const char *file;
              ^
device/hisilicon/bigfish/external/dhcp/omapip/hash.c:102:6: warning: unused parameter 'line' [-Wunused-parameter]
  int line;
      ^
device/hisilicon/bigfish/external/dhcp/omapip/hash.c: In function 'free_hash_bucket':
device/hisilicon/bigfish/external/dhcp/omapip/hash.c:196:14: warning: unused parameter 'file' [-Wunused-parameter]
  const char *file;
              ^
device/hisilicon/bigfish/external/dhcp/omapip/hash.c:197:6: warning: unused parameter 'line' [-Wunused-parameter]
  int line;
      ^
device/hisilicon/bigfish/external/dhcp/omapip/hash.c: In function 'do_number_hash':
device/hisilicon/bigfish/external/dhcp/omapip/hash.c:325:42: warning: unused parameter 'len' [-Wunused-parameter]
 do_number_hash(const void *key, unsigned len, unsigned size)
                                          ^
device/hisilicon/bigfish/external/dhcp/omapip/hash.c: In function 'do_ip4_hash':
device/hisilicon/bigfish/external/dhcp/omapip/hash.c:333:39: warning: unused parameter 'len' [-Wunused-parameter]
 do_ip4_hash(const void *key, unsigned len, unsigned size)
                                       ^
device/hisilicon/bigfish/external/dhcp/omapip/hash.c: In function 'hash_foreach':
device/hisilicon/bigfish/external/dhcp/omapip/hash.c:521:16: warning: comparison between signed and unsigned integer expressions [-Wsign-compare]
  for (i = 0; i < table -> hash_count; i++) {
                ^
