In file included from device/hisilicon/bigfish/HiSTBSDKV6R2/source/msp/api/frontend/unf_tuner.c:26:0:
device/hisilicon/bigfish/HiSTBSDKV6R2/source/common/include/hi_type.h:44:23: warning: ISO C90 does not support 'long long' [-Wlong-long]
 typedef unsigned long long      HI_U64;
                       ^
device/hisilicon/bigfish/HiSTBSDKV6R2/source/common/include/hi_type.h:45:14: warning: ISO C90 does not support 'long long' [-Wlong-long]
 typedef long long               HI_S64;
              ^
device/hisilicon/bigfish/HiSTBSDKV6R2/source/msp/api/frontend/unf_tuner.c: In function 'TUNER_DownlinkFreqToIF_C':
device/hisilicon/bigfish/HiSTBSDKV6R2/source/msp/api/frontend/unf_tuner.c:315:106: warning: unused parameter 'penLNB22K' [-Wunused-parameter]
                                       HI_U32 u32DownlinkFreq, HI_U32* pu32IF, HI_UNF_TUNER_FE_LNB_22K_E *penLNB22K)
                                                                                                          ^
device/hisilicon/bigfish/HiSTBSDKV6R2/source/msp/api/frontend/unf_tuner.c: In function 'TUNER_DISEQC_SendRecvMessage':
device/hisilicon/bigfish/HiSTBSDKV6R2/source/msp/api/frontend/unf_tuner.c:2048:76: warning: unused parameter 'pstRecvMsg' [-Wunused-parameter]
                                            HI_UNF_TUNER_DISEQC_RECVMSG_S * pstRecvMsg)
                                                                            ^
device/hisilicon/bigfish/HiSTBSDKV6R2/source/msp/api/frontend/unf_tuner.c: In function 'UNICABLE_DISEQC_SendRecvMessage':
device/hisilicon/bigfish/HiSTBSDKV6R2/source/msp/api/frontend/unf_tuner.c:2201:76: warning: unused parameter 'pstRecvMsg' [-Wunused-parameter]
                                            HI_UNF_TUNER_DISEQC_RECVMSG_S * pstRecvMsg)
                                                                            ^
device/hisilicon/bigfish/HiSTBSDKV6R2/source/msp/api/frontend/unf_tuner.c: In function 'TUNER_Connect_S':
device/hisilicon/bigfish/HiSTBSDKV6R2/source/msp/api/frontend/unf_tuner.c:4097:17: warning: comparison between signed and unsigned integer expressions [-Wsign-compare]
     for(i = 0;i < u32N;i++)
                 ^
device/hisilicon/bigfish/HiSTBSDKV6R2/source/msp/api/frontend/unf_tuner.c: In function 'TUNER_GetBER_S':
device/hisilicon/bigfish/HiSTBSDKV6R2/source/msp/api/frontend/unf_tuner.c:4732:37: warning: unused parameter 'u32tunerId' [-Wunused-parameter]
 static HI_S32 TUNER_GetBER_S(HI_U32 u32tunerId, const TUNER_DATABUF_S *pstTunerDataBuf, HI_U32 *pu32BER)
                                     ^
device/hisilicon/bigfish/HiSTBSDKV6R2/source/msp/api/frontend/unf_tuner.c: In function 'TUNER_GetSignalQuality_T_His_GetNordig':
device/hisilicon/bigfish/HiSTBSDKV6R2/source/msp/api/frontend/unf_tuner.c:6581:62: warning: unused parameter 'u32TunerId' [-Wunused-parameter]
 static HI_VOID TUNER_GetSignalQuality_T_His_GetNordig(HI_U32 u32TunerId, TUNER_SIGNALINFO_S *pstTunerSignalInfo, HI_U32 *pu32SnrNordig)
                                                              ^
device/hisilicon/bigfish/HiSTBSDKV6R2/source/msp/api/frontend/unf_tuner.c: In function 'HI_UNF_TUNER_SetPLPMode':
device/hisilicon/bigfish/HiSTBSDKV6R2/source/msp/api/frontend/unf_tuner.c:7626:39: warning: unused parameter 'u32TunerId' [-Wunused-parameter]
 HI_S32 HI_UNF_TUNER_SetPLPMode(HI_U32 u32TunerId, HI_U8 u8Mode)
                                       ^
device/hisilicon/bigfish/HiSTBSDKV6R2/source/msp/api/frontend/unf_tuner.c: In function 'HI_UNF_TUNER_GetTunerPowerSpectrumData':
device/hisilicon/bigfish/HiSTBSDKV6R2/source/msp/api/frontend/unf_tuner.c:8830:14: warning: comparison between signed and unsigned integer expressions [-Wsign-compare]
     for(i=0;i<u32numOfFreqSteps;i++)
              ^
