device/hisilicon/bigfish/external/dhcp/omapip/trace.c: In function 'trace_write_packet_iov':
device/hisilicon/bigfish/external/dhcp/omapip/trace.c:257:21: warning: comparison between signed and unsigned integer expressions [-Wsign-compare]
   } else if (status != iov [i].len) {
                     ^
device/hisilicon/bigfish/external/dhcp/omapip/trace.c:277:24: warning: comparison between signed and unsigned integer expressions [-Wsign-compare]
      } else if (status != padl) {
                        ^
device/hisilicon/bigfish/external/dhcp/omapip/trace.c: In function 'trace_type_register':
device/hisilicon/bigfish/external/dhcp/omapip/trace.c:313:14: warning: unused parameter 'baggage' [-Wunused-parameter]
        void *baggage,
              ^
device/hisilicon/bigfish/external/dhcp/omapip/trace.c: In function 'trace_index_map_input':
device/hisilicon/bigfish/external/dhcp/omapip/trace.c:384:43: warning: unused parameter 'ttype' [-Wunused-parameter]
 void trace_index_map_input (trace_type_t *ttype, unsigned length, char *buf)
                                           ^
device/hisilicon/bigfish/external/dhcp/omapip/trace.c: In function 'trace_index_stop_tracing':
device/hisilicon/bigfish/external/dhcp/omapip/trace.c:414:46: warning: unused parameter 'ttype' [-Wunused-parameter]
 void trace_index_stop_tracing (trace_type_t *ttype) { }
                                              ^
device/hisilicon/bigfish/external/dhcp/omapip/trace.c: In function 'trace_file_replay':
device/hisilicon/bigfish/external/dhcp/omapip/trace.c:443:13: warning: comparison between signed and unsigned integer expressions [-Wsign-compare]
  if (status < sizeof tracefile_header) {
             ^
device/hisilicon/bigfish/external/dhcp/omapip/trace.c:466:29: warning: comparison between signed and unsigned integer expressions [-Wsign-compare]
  if (tracefile_header.phlen < sizeof *tpkt) {
                             ^
device/hisilicon/bigfish/external/dhcp/omapip/trace.c: In function 'trace_get_next_packet':
device/hisilicon/bigfish/external/dhcp/omapip/trace.c:551:24: warning: comparison between signed and unsigned integer expressions [-Wsign-compare]
   if (tpkt->type_index < trace_type_count &&
                        ^
device/hisilicon/bigfish/external/dhcp/omapip/trace.c:573:19: warning: comparison between signed and unsigned integer expressions [-Wsign-compare]
       (tpkt->when != cur_tv.tv_sec) &&
                   ^
device/hisilicon/bigfish/external/dhcp/omapip/trace.c:624:13: warning: comparison between signed and unsigned integer expressions [-Wsign-compare]
  if (status < paylen) {
             ^
