device/hisilicon/bigfish/frameworks/hisysmanager/libs/hiRecovery.c: In function 'resume_factory':
device/hisilicon/bigfish/frameworks/hisysmanager/libs/hiRecovery.c:175:14: warning: format '%lu' expects argument of type 'long unsigned int', but argument 4 has type 'int' [-Wformat=]
              ALOGE("Can't lseek %lu: %s\n", MISC_OFFSET, strerror(errno));
              ^
device/hisilicon/bigfish/frameworks/hisysmanager/libs/hiRecovery.c: In function 'emergency_recovery':
device/hisilicon/bigfish/frameworks/hisysmanager/libs/hiRecovery.c:284:13: warning: implicit declaration of function 'property_set' [-Wimplicit-function-declaration]
             property_set(ANDROID_RB_PROPERTY, "reboot,");
             ^
device/hisilicon/bigfish/frameworks/hisysmanager/libs/hiRecovery.c:288:21: warning: pointer targets in passing argument 1 of 'strlen' differ in signedness [-Wpointer-sign]
                     buf, strlen(buf), HI_FLASH_RW_FLAG_RAW);
                     ^
In file included from platform/android/bionic/libc/include/signal.h:35:0,
                 from platform/android/bionic/libc/include/pthread.h:33,
                 from platform/android/system/core/include/log/log.h:33,
                 from platform/android/system/core/include/cutils/log.h:1,
                 from platform/android/system/core/include/utils/Log.h:31,
                 from device/hisilicon/bigfish/frameworks/hisysmanager/libs/hiRecovery.c:2:
platform/android/bionic/libc/include/string.h:223:8: note: expected 'const char *' but argument is of type 'unsigned char *'
 size_t strlen(const char *s) {
        ^
