In file included from device/hisilicon/bigfish/HiSTBSDKV6R2/source/msp/api/pq/mpi_pq.c:26:0:
device/hisilicon/bigfish/HiSTBSDKV6R2/source/common/include/hi_type.h:44:23: warning: ISO C90 does not support 'long long' [-Wlong-long]
 typedef unsigned long long      HI_U64;
                       ^
device/hisilicon/bigfish/HiSTBSDKV6R2/source/common/include/hi_type.h:45:14: warning: ISO C90 does not support 'long long' [-Wlong-long]
 typedef long long               HI_S64;
              ^
device/hisilicon/bigfish/HiSTBSDKV6R2/source/msp/api/pq/mpi_pq.c: In function 'HI_MPI_PQ_Init':
device/hisilicon/bigfish/HiSTBSDKV6R2/source/msp/api/pq/mpi_pq.c:52:32: warning: unused parameter 'pszPath' [-Wunused-parameter]
 HI_S32 HI_MPI_PQ_Init(HI_CHAR *pszPath)
                                ^
device/hisilicon/bigfish/HiSTBSDKV6R2/source/msp/api/pq/mpi_pq.c: In function 'HI_MPI_PQ_SetDemoMode':
device/hisilicon/bigfish/HiSTBSDKV6R2/source/msp/api/pq/mpi_pq.c:1206:48: warning: unused parameter 'enChan' [-Wunused-parameter]
 HI_S32 HI_MPI_PQ_SetDemoMode( HI_DRV_DISPLAY_E enChan, HI_PQ_DEMO_MODE_E enMode)
                                                ^
device/hisilicon/bigfish/HiSTBSDKV6R2/source/msp/api/pq/mpi_pq.c: In function 'HI_MPI_PQ_GetDemoMode':
device/hisilicon/bigfish/HiSTBSDKV6R2/source/msp/api/pq/mpi_pq.c:1231:48: warning: unused parameter 'enChan' [-Wunused-parameter]
 HI_S32 HI_MPI_PQ_GetDemoMode( HI_DRV_DISPLAY_E enChan, HI_PQ_DEMO_MODE_E *penMode)
                                                ^
device/hisilicon/bigfish/HiSTBSDKV6R2/source/msp/api/pq/mpi_pq.c: In function 'HI_MPI_PQ_GetAcmTable':
device/hisilicon/bigfish/HiSTBSDKV6R2/source/msp/api/pq/mpi_pq.c:1319:48: warning: unused parameter 'pstColorTable' [-Wunused-parameter]
 HI_S32 HI_MPI_PQ_GetAcmTable( MPI_ACM_PARAM_S *pstColorTable)
                                                ^
