In file included from platform/android/frameworks/av/libtvosavsetting/TvosVideoSetting.cpp:22:0:
platform/android/frameworks/av/include/media/ITvosVideoSettingService.h:62:15: warning: unused parameter 'name' [-Wunused-parameter]
  virtual bool getOutputInterfaceStatus(std::string name) {
               ^
platform/android/frameworks/av/include/media/ITvosVideoSettingService.h:65:15: warning: unused parameter 'name' [-Wunused-parameter]
  virtual bool disableOutputInterface(std::string name) {
               ^
platform/android/frameworks/av/include/media/ITvosVideoSettingService.h:68:15: warning: unused parameter 'name' [-Wunused-parameter]
  virtual bool enableOutputInterface(std::string name) {
               ^
platform/android/frameworks/av/include/media/ITvosVideoSettingService.h:80:14: warning: unused parameter 'device' [-Wunused-parameter]
  virtual int getOutputStandard(long device) {
              ^
platform/android/frameworks/av/include/media/ITvosVideoSettingService.h:83:27: warning: unused parameter 'device' [-Wunused-parameter]
  virtual std::vector<int> getOutputStandards(long device) {
                           ^
platform/android/frameworks/av/include/media/ITvosVideoSettingService.h:94:15: warning: unused parameter 'value' [-Wunused-parameter]
  virtual bool setOutputBrightness(long value) {
               ^
platform/android/frameworks/av/include/media/ITvosVideoSettingService.h:97:15: warning: unused parameter 'value' [-Wunused-parameter]
  virtual bool setOutputContrast(long value) {
               ^
platform/android/frameworks/av/include/media/ITvosVideoSettingService.h:100:15: warning: unused parameter 'value' [-Wunused-parameter]
  virtual bool setOutputSaturation(long value) {
               ^
platform/android/frameworks/av/include/media/ITvosVideoSettingService.h:103:15: warning: unused parameter 'device' [-Wunused-parameter]
  virtual bool setOutputStandard(long device, long standard) {
               ^
platform/android/frameworks/av/include/media/ITvosVideoSettingService.h:103:15: warning: unused parameter 'standard' [-Wunused-parameter]
platform/android/frameworks/av/include/media/ITvosVideoSettingService.h:106:15: warning: unused parameter 'value' [-Wunused-parameter]
  virtual bool setOutputTransparency(long value) {
               ^
platform/android/frameworks/av/include/media/ITvosVideoSettingService.h:109:15: warning: unused parameter 'mode' [-Wunused-parameter]
  virtual bool setOutputMatchMethod(long mode) {
               ^
platform/android/frameworks/av/libtvosavsetting/TvosVideoSetting.cpp: In member function 'virtual int TvosVideoSetting::getOutputStandard(long int)':
platform/android/frameworks/av/libtvosavsetting/TvosVideoSetting.cpp:26:86: warning: unknown conversion type character ')' in format [-Wformat=]
 #define LOGI(fmt, args...) __android_log_print(ANDROID_LOG_INFO, LOG_TAG, fmt, ##args)
                                                                                      ^
platform/android/frameworks/av/libtvosavsetting/TvosVideoSetting.cpp:153:2: note: in expansion of macro 'LOGI'
  LOGI("TvosVideoSetting::getOutputStandard(%l)", device);
  ^
platform/android/frameworks/av/libtvosavsetting/TvosVideoSetting.cpp:26:86: warning: too many arguments for format [-Wformat-extra-args]
 #define LOGI(fmt, args...) __android_log_print(ANDROID_LOG_INFO, LOG_TAG, fmt, ##args)
                                                                                      ^
platform/android/frameworks/av/libtvosavsetting/TvosVideoSetting.cpp:153:2: note: in expansion of macro 'LOGI'
  LOGI("TvosVideoSetting::getOutputStandard(%l)", device);
  ^
platform/android/frameworks/av/libtvosavsetting/TvosVideoSetting.cpp: In member function 'virtual std::vector<int> TvosVideoSetting::getOutputStandards(long int)':
platform/android/frameworks/av/libtvosavsetting/TvosVideoSetting.cpp:26:86: warning: format '%d' expects argument of type 'int', but argument 4 has type 'long int' [-Wformat=]
 #define LOGI(fmt, args...) __android_log_print(ANDROID_LOG_INFO, LOG_TAG, fmt, ##args)
                                                                                      ^
platform/android/frameworks/av/libtvosavsetting/TvosVideoSetting.cpp:165:2: note: in expansion of macro 'LOGI'
  LOGI("TvosVideoSetting::getOutputStandards(%d) enter",device);
  ^
platform/android/frameworks/av/libtvosavsetting/TvosVideoSetting.cpp:26:86: warning: format '%d' expects argument of type 'int', but argument 4 has type 'long int' [-Wformat=]
 #define LOGI(fmt, args...) __android_log_print(ANDROID_LOG_INFO, LOG_TAG, fmt, ##args)
                                                                                      ^
platform/android/frameworks/av/libtvosavsetting/TvosVideoSetting.cpp:173:2: note: in expansion of macro 'LOGI'
  LOGI("TvosVideoSetting::getOutputStandards(%d) out",device);
  ^
platform/android/frameworks/av/libtvosavsetting/TvosVideoSetting.cpp: In member function 'virtual bool TvosVideoSetting::setOutputBrightness(long int)':
platform/android/frameworks/av/libtvosavsetting/TvosVideoSetting.cpp:26:86: warning: unknown conversion type character ')' in format [-Wformat=]
 #define LOGI(fmt, args...) __android_log_print(ANDROID_LOG_INFO, LOG_TAG, fmt, ##args)
                                                                                      ^
platform/android/frameworks/av/libtvosavsetting/TvosVideoSetting.cpp:210:2: note: in expansion of macro 'LOGI'
  LOGI("TvosVideoSetting::setOutputBrightness(%l)", value);
  ^
platform/android/frameworks/av/libtvosavsetting/TvosVideoSetting.cpp:26:86: warning: too many arguments for format [-Wformat-extra-args]
 #define LOGI(fmt, args...) __android_log_print(ANDROID_LOG_INFO, LOG_TAG, fmt, ##args)
                                                                                      ^
platform/android/frameworks/av/libtvosavsetting/TvosVideoSetting.cpp:210:2: note: in expansion of macro 'LOGI'
  LOGI("TvosVideoSetting::setOutputBrightness(%l)", value);
  ^
platform/android/frameworks/av/libtvosavsetting/TvosVideoSetting.cpp: In member function 'virtual bool TvosVideoSetting::setOutputContrast(long int)':
platform/android/frameworks/av/libtvosavsetting/TvosVideoSetting.cpp:26:86: warning: unknown conversion type character ')' in format [-Wformat=]
 #define LOGI(fmt, args...) __android_log_print(ANDROID_LOG_INFO, LOG_TAG, fmt, ##args)
                                                                                      ^
platform/android/frameworks/av/libtvosavsetting/TvosVideoSetting.cpp:222:2: note: in expansion of macro 'LOGI'
  LOGI("TvosVideoSetting::setOutputContrast(%l)", value);
  ^
platform/android/frameworks/av/libtvosavsetting/TvosVideoSetting.cpp:26:86: warning: too many arguments for format [-Wformat-extra-args]
 #define LOGI(fmt, args...) __android_log_print(ANDROID_LOG_INFO, LOG_TAG, fmt, ##args)
                                                                                      ^
platform/android/frameworks/av/libtvosavsetting/TvosVideoSetting.cpp:222:2: note: in expansion of macro 'LOGI'
  LOGI("TvosVideoSetting::setOutputContrast(%l)", value);
  ^
platform/android/frameworks/av/libtvosavsetting/TvosVideoSetting.cpp: In member function 'virtual bool TvosVideoSetting::setOutputSaturation(long int)':
platform/android/frameworks/av/libtvosavsetting/TvosVideoSetting.cpp:26:86: warning: unknown conversion type character ')' in format [-Wformat=]
 #define LOGI(fmt, args...) __android_log_print(ANDROID_LOG_INFO, LOG_TAG, fmt, ##args)
                                                                                      ^
platform/android/frameworks/av/libtvosavsetting/TvosVideoSetting.cpp:234:2: note: in expansion of macro 'LOGI'
  LOGI("TvosVideoSetting::setOutputSaturation(%l)", value);
  ^
platform/android/frameworks/av/libtvosavsetting/TvosVideoSetting.cpp:26:86: warning: too many arguments for format [-Wformat-extra-args]
 #define LOGI(fmt, args...) __android_log_print(ANDROID_LOG_INFO, LOG_TAG, fmt, ##args)
                                                                                      ^
platform/android/frameworks/av/libtvosavsetting/TvosVideoSetting.cpp:234:2: note: in expansion of macro 'LOGI'
  LOGI("TvosVideoSetting::setOutputSaturation(%l)", value);
  ^
platform/android/frameworks/av/libtvosavsetting/TvosVideoSetting.cpp: In member function 'virtual bool TvosVideoSetting::setOutputStandard(long int, long int)':
platform/android/frameworks/av/libtvosavsetting/TvosVideoSetting.cpp:26:86: warning: unknown conversion type character ',' in format [-Wformat=]
 #define LOGI(fmt, args...) __android_log_print(ANDROID_LOG_INFO, LOG_TAG, fmt, ##args)
                                                                                      ^
platform/android/frameworks/av/libtvosavsetting/TvosVideoSetting.cpp:246:2: note: in expansion of macro 'LOGI'
  LOGI("TvosVideoSetting::setOutputStandard(%l, %l)", device, standard);
  ^
platform/android/frameworks/av/libtvosavsetting/TvosVideoSetting.cpp:26:86: warning: unknown conversion type character ')' in format [-Wformat=]
 #define LOGI(fmt, args...) __android_log_print(ANDROID_LOG_INFO, LOG_TAG, fmt, ##args)
                                                                                      ^
platform/android/frameworks/av/libtvosavsetting/TvosVideoSetting.cpp:246:2: note: in expansion of macro 'LOGI'
  LOGI("TvosVideoSetting::setOutputStandard(%l, %l)", device, standard);
  ^
platform/android/frameworks/av/libtvosavsetting/TvosVideoSetting.cpp:26:86: warning: too many arguments for format [-Wformat-extra-args]
 #define LOGI(fmt, args...) __android_log_print(ANDROID_LOG_INFO, LOG_TAG, fmt, ##args)
                                                                                      ^
platform/android/frameworks/av/libtvosavsetting/TvosVideoSetting.cpp:246:2: note: in expansion of macro 'LOGI'
  LOGI("TvosVideoSetting::setOutputStandard(%l, %l)", device, standard);
  ^
platform/android/frameworks/av/libtvosavsetting/TvosVideoSetting.cpp: In member function 'virtual bool TvosVideoSetting::setOutputTransparency(long int)':
platform/android/frameworks/av/libtvosavsetting/TvosVideoSetting.cpp:26:86: warning: unknown conversion type character ')' in format [-Wformat=]
 #define LOGI(fmt, args...) __android_log_print(ANDROID_LOG_INFO, LOG_TAG, fmt, ##args)
                                                                                      ^
platform/android/frameworks/av/libtvosavsetting/TvosVideoSetting.cpp:258:2: note: in expansion of macro 'LOGI'
  LOGI("TvosVideoSetting::setOutputTransparency(%l)", value);
  ^
platform/android/frameworks/av/libtvosavsetting/TvosVideoSetting.cpp:26:86: warning: too many arguments for format [-Wformat-extra-args]
 #define LOGI(fmt, args...) __android_log_print(ANDROID_LOG_INFO, LOG_TAG, fmt, ##args)
                                                                                      ^
platform/android/frameworks/av/libtvosavsetting/TvosVideoSetting.cpp:258:2: note: in expansion of macro 'LOGI'
  LOGI("TvosVideoSetting::setOutputTransparency(%l)", value);
  ^
platform/android/frameworks/av/libtvosavsetting/TvosVideoSetting.cpp: In member function 'virtual bool TvosVideoSetting::setOutputMatchMethod(long int)':
platform/android/frameworks/av/libtvosavsetting/TvosVideoSetting.cpp:26:86: warning: unknown conversion type character ')' in format [-Wformat=]
 #define LOGI(fmt, args...) __android_log_print(ANDROID_LOG_INFO, LOG_TAG, fmt, ##args)
                                                                                      ^
platform/android/frameworks/av/libtvosavsetting/TvosVideoSetting.cpp:273:2: note: in expansion of macro 'LOGI'
  LOGI("TvosVideoSetting::setOutputMatchMethod(%l)", mode);
  ^
platform/android/frameworks/av/libtvosavsetting/TvosVideoSetting.cpp:26:86: warning: too many arguments for format [-Wformat-extra-args]
 #define LOGI(fmt, args...) __android_log_print(ANDROID_LOG_INFO, LOG_TAG, fmt, ##args)
                                                                                      ^
platform/android/frameworks/av/libtvosavsetting/TvosVideoSetting.cpp:273:2: note: in expansion of macro 'LOGI'
  LOGI("TvosVideoSetting::setOutputMatchMethod(%l)", mode);
  ^
