component/OAM/agent/tr069_cut/comm/device_func.c:48:7: warning: no previous prototype for 'operRpcParam' [-Wmissing-prototypes]
 INT32 operRpcParam(int opr, T_RpcParamList *pRpcParamList)
       ^
component/OAM/agent/tr069_cut/comm/device_func.c:317:5: warning: no previous prototype for 'IsNeedGetIpFromWlan' [-Wmissing-prototypes]
 int IsNeedGetIpFromWlan(void)
     ^
component/OAM/agent/tr069_cut/comm/device_func.c: In function 'IsNeedGetIpFromWlan':
component/OAM/agent/tr069_cut/comm/device_func.c:329:5: warning: implicit declaration of function 'property_get' [-Wimplicit-function-declaration]
     property_get("net.zte.netmode", strValue, "");
     ^
component/OAM/agent/tr069_cut/comm/device_func.c:329:5: warning: nested extern declaration of 'property_get' [-Wnested-externs]
component/OAM/agent/tr069_cut/comm/device_func.c: In function 'getsetBufferParam':
component/OAM/agent/tr069_cut/comm/device_func.c:399:2: warning: implicit declaration of function 'TimeNow' [-Wimplicit-function-declaration]
  curTm = TimeNow(NULL);
  ^
component/OAM/agent/tr069_cut/comm/device_func.c:399:2: warning: nested extern declaration of 'TimeNow' [-Wnested-externs]
component/OAM/agent/tr069_cut/comm/device_func.c:571:21: warning: implicit declaration of function 'SetACSDiagnose' [-Wimplicit-function-declaration]
                     SetACSDiagnose(GetSubACSState());
                     ^
component/OAM/agent/tr069_cut/comm/device_func.c:571:21: warning: nested extern declaration of 'SetACSDiagnose' [-Wnested-externs]
