In file included from component/dcas/server/../../dtv/com/chdtvdata.h:8:0,
                 from component/dcas/server/../../dtv/client/CHDTVClient.h:9,
                 from component/dcas/server/src/ICATNoticeFilterServer.h:25,
                 from component/dcas/server/./main.cpp:2:
component/dcas/server/../../dtv/service/src/common/jah_util.h:24:0: warning: "LOG_DEBUG" redefined [enabled by default]
 #define LOG_DEBUG 
 ^
In file included from component/dcas/server/src/DataCenter.h:24:0,
                 from component/dcas/server/src/IDCASModuleManagerServer.h:18,
                 from component/dcas/server/./main.cpp:1:
component/dcas/server/../include/Logger.h:55:0: note: this is the location of the previous definition
  #define LOG_DEBUG  1
 ^
In file included from device/hisilicon/bigfish/HiSTBSDKV6R2/source/common/include/hi_common.h:21:0,
                 from component/dcas/server/src/IDCASUtilsManagerServer.h:22,
                 from component/dcas/server/./main.cpp:4:
device/hisilicon/bigfish/HiSTBSDKV6R2/source/common/include/hi_type.h:131:0: warning: "UNUSED" redefined [enabled by default]
 #define UNUSED(x) ((x)=(x))
 ^
In file included from component/dcas/server/src/DataCenter.h:28:0,
                 from component/dcas/server/src/IDCASModuleManagerServer.h:18,
                 from component/dcas/server/./main.cpp:1:
component/dcas/server/../include/Common.h:40:0: note: this is the location of the previous definition
 # define UNUSED(x) UNUSED_ ## x __attribute__((unused))
 ^
In file included from component/dcas/server/src/DCASUtilsManagerService.h:13:0,
                 from component/dcas/server/./main.cpp:5:
component/dcas/server/../include/tee/tee_client_api.h:21:0: warning: "LOG_NDEBUG" redefined [enabled by default]
 #define LOG_NDEBUG 0
 ^
In file included from platform/android/system/core/include/cutils/log.h:1:0,
                 from platform/android/system/core/include/utils/Vector.h:24,
                 from platform/android/frameworks/native/include/binder/IBinder.h:23,
                 from platform/android/frameworks/native/include/binder/Binder.h:22,
                 from platform/android/frameworks/native/include/binder/IInterface.h:21,
                 from component/dcas/server/src/IDCASModuleManagerServer.h:5,
                 from component/dcas/server/./main.cpp:1:
platform/android/system/core/include/log/log.h:55:0: note: this is the location of the previous definition
 #define LOG_NDEBUG 1
 ^
In file included from component/dcas/server/src/DCASUtilsManagerService.h:13:0,
                 from component/dcas/server/./main.cpp:5:
component/dcas/server/../include/tee/tee_client_api.h:22:0: warning: "LOG_TAG" redefined [enabled by default]
 #define LOG_TAG "libteec"
 ^
In file included from platform/android/system/core/include/cutils/log.h:1:0,
                 from platform/android/system/core/include/utils/Vector.h:24,
                 from platform/android/frameworks/native/include/binder/IBinder.h:23,
                 from platform/android/frameworks/native/include/binder/Binder.h:22,
                 from platform/android/frameworks/native/include/binder/IInterface.h:21,
                 from component/dcas/server/src/IDCASModuleManagerServer.h:5,
                 from component/dcas/server/./main.cpp:1:
platform/android/system/core/include/log/log.h:67:0: note: this is the location of the previous definition
 #define LOG_TAG NULL
 ^
In file included from component/dcas/server/src/IDCASModuleManagerServer.h:18:0,
                 from component/dcas/server/./main.cpp:1:
component/dcas/server/src/DataCenter.h:132:14: warning: unused parameter 'moduleType' [-Wunused-parameter]
  static bool Bytes2EMMParam(int moduleType, int& casId, int& emmPid, char* abyData, int aiLength)
              ^
In file included from component/dcas/server/../../dtv/client/CHDTVClient.h:9:0,
                 from component/dcas/server/src/ICATNoticeFilterServer.h:25,
                 from component/dcas/server/./main.cpp:2:
component/dcas/server/../../dtv/com/chdtvdata.h:1030:15: warning: unused parameter 'outData' [-Wunused-parameter]
  virtual void writeToParcel(Parcel* outData){};
               ^
component/dcas/server/../../dtv/com/chdtvdata.h:1031:15: warning: unused parameter 'inData' [-Wunused-parameter]
  virtual void readFromParcel(const Parcel* inData){};
               ^
