framework/ngb-j/jni/impl_davic_net_tuning_TuningUtils.cpp:12:19: warning: unused parameter 'clazz' [-Wunused-parameter]
  static jintArray native_getAllTuners(JNIEnv* env, jclass clazz)
                   ^
framework/ngb-j/jni/impl_davic_net_tuning_TuningUtils.cpp:33:14: warning: unused parameter 'env' [-Wunused-parameter]
  static jint native_getDeliverySystemType(JNIEnv* env, jclass clazz, jint tunerId)
              ^
framework/ngb-j/jni/impl_davic_net_tuning_TuningUtils.cpp:33:14: warning: unused parameter 'clazz' [-Wunused-parameter]
framework/ngb-j/jni/impl_davic_net_tuning_TuningUtils.cpp:41:14: warning: unused parameter 'env' [-Wunused-parameter]
  static jint native_tuneStream(JNIEnv* env, jclass clazz, jint tunerId, jint originalNetworkId,
              ^
framework/ngb-j/jni/impl_davic_net_tuning_TuningUtils.cpp:41:14: warning: unused parameter 'clazz' [-Wunused-parameter]
framework/ngb-j/jni/impl_davic_net_tuning_TuningUtils.cpp:51:14: warning: unused parameter 'env' [-Wunused-parameter]
  static jint native_tune(JNIEnv* env, jclass clazz, jint tunerId, jint frequency,
              ^
framework/ngb-j/jni/impl_davic_net_tuning_TuningUtils.cpp:51:14: warning: unused parameter 'clazz' [-Wunused-parameter]
framework/ngb-j/jni/impl_davic_net_tuning_TuningUtils.cpp:67:14: warning: unused parameter 'env' [-Wunused-parameter]
  static jint native_getSignalIntensity(JNIEnv* env, jclass clazz, jint tunerId)
              ^
framework/ngb-j/jni/impl_davic_net_tuning_TuningUtils.cpp:67:14: warning: unused parameter 'clazz' [-Wunused-parameter]
framework/ngb-j/jni/impl_davic_net_tuning_TuningUtils.cpp:79:14: warning: unused parameter 'env' [-Wunused-parameter]
  static jint native_getSignalQuality(JNIEnv* env, jclass clazz, jint tunerId)
              ^
framework/ngb-j/jni/impl_davic_net_tuning_TuningUtils.cpp:79:14: warning: unused parameter 'clazz' [-Wunused-parameter]
framework/ngb-j/jni/impl_davic_net_tuning_TuningUtils.cpp:91:14: warning: unused parameter 'env' [-Wunused-parameter]
  static jint native_getTunerStatus(JNIEnv* env, jclass clazz, jint tunerId)
              ^
framework/ngb-j/jni/impl_davic_net_tuning_TuningUtils.cpp:91:14: warning: unused parameter 'clazz' [-Wunused-parameter]
