device/hisilicon/bigfish/frameworks/hisysmanager/libs/HiSysManagerService.cpp:39:0: warning: "LOG_TAG" redefined [enabled by default]
 #define LOG_TAG "HiSysManagerService"
 ^
In file included from platform/android/system/core/include/cutils/log.h:1:0,
                 from platform/android/system/core/include/utils/Vector.h:24,
                 from platform/android/frameworks/native/include/binder/IBinder.h:23,
                 from platform/android/frameworks/native/include/binder/Binder.h:22,
                 from platform/android/frameworks/native/include/binder/IInterface.h:21,
                 from platform/android/frameworks/native/include/binder/IServiceManager.h:21,
                 from device/hisilicon/bigfish/frameworks/hisysmanager/libs/HiSysManagerService.cpp:1:
platform/android/system/core/include/log/log.h:67:0: note: this is the location of the previous definition
 #define LOG_TAG NULL
 ^
In file included from platform/android/external/skia/include/core/SkShader.h:17:0,
                 from platform/android/external/skia/include/core/SkImage.h:24,
                 from platform/android/external/skia/include/core/SkImageDecoder.h:12,
                 from device/hisilicon/bigfish/frameworks/hisysmanager/libs/HiSysManagerService.cpp:33:
platform/android/external/skia/include/core/../gpu/GrColor.h:69:20: warning: unused parameter 'c' [-Wunused-parameter]
 static inline void GrColorIsPMAssert(GrColor c) {
                    ^
In file included from platform/android/external/skia/include/core/SkImage.h:24:0,
                 from platform/android/external/skia/include/core/SkImageDecoder.h:12,
                 from device/hisilicon/bigfish/frameworks/hisysmanager/libs/HiSysManagerService.cpp:33:
platform/android/external/skia/include/core/SkShader.h:376:18: warning: unused parameter 'rec' [-Wunused-parameter]
     virtual bool asACompose(ComposeRec* rec) const { return false; }
                  ^
platform/android/external/skia/include/core/SkShader.h:397:18: warning: unused parameter 'customData' [-Wunused-parameter]
     virtual bool asACustomShader(void** customData) const { return false; }
                  ^
In file included from device/hisilicon/bigfish/frameworks/hisysmanager/libs/HiSysManagerService.cpp:33:0:
platform/android/external/skia/include/core/SkImageDecoder.h:397:18: warning: unused parameter 'width' [-Wunused-parameter]
     virtual bool onBuildTileIndex(SkStreamRewindable*, int *width, int *height) {
                  ^
platform/android/external/skia/include/core/SkImageDecoder.h:397:18: warning: unused parameter 'height' [-Wunused-parameter]
platform/android/external/skia/include/core/SkImageDecoder.h:403:18: warning: unused parameter 'bitmap' [-Wunused-parameter]
     virtual bool onDecodeSubset(SkBitmap* bitmap, const SkIRect& rect) {
                  ^
platform/android/external/skia/include/core/SkImageDecoder.h:403:18: warning: unused parameter 'rect' [-Wunused-parameter]
device/hisilicon/bigfish/frameworks/hisysmanager/libs/HiSysManagerService.cpp: In member function 'virtual int android::HiSysManagerService::getNetTime(android::String8)':
device/hisilicon/bigfish/frameworks/hisysmanager/libs/HiSysManagerService.cpp:314:18: warning: deprecated conversion from string constant to 'char*' [-Wwrite-strings]
     char* head = "busybox date -s \"";
                  ^
device/hisilicon/bigfish/frameworks/hisysmanager/libs/HiSysManagerService.cpp:315:18: warning: deprecated conversion from string constant to 'char*' [-Wwrite-strings]
     char* tail = "\"";
                  ^
device/hisilicon/bigfish/frameworks/hisysmanager/libs/HiSysManagerService.cpp: In member function 'virtual int android::HiSysManagerService::writeRaw(android::String8, android::String8)':
device/hisilicon/bigfish/frameworks/hisysmanager/libs/HiSysManagerService.cpp:546:23: warning: comparison between signed and unsigned integer expressions [-Wsign-compare]
     if (INVALID_FD == fd) {
                       ^
