In file included from platform/android/external/ppp/pppd/ccp.c:42:0:
platform/android/external/ppp/pppd/chap_ms.h:70:1: warning: '__packed__' attribute ignored [-Wattributes]
 } MS_ChapResponse PACKED;
 ^
platform/android/external/ppp/pppd/chap_ms.h:81:1: warning: '__packed__' attribute ignored [-Wattributes]
 } MS_Chap2Response PACKED;
 ^
platform/android/external/ppp/pppd/ccp.c:74:7: warning: missing initializer for field 'flags' of 'option_t' [-Wmissing-field-initializers]
       "Disable CCP negotiation" },
       ^
In file included from platform/android/external/ppp/pppd/ccp.c:36:0:
platform/android/external/ppp/pppd/pppd.h:111:15: note: 'flags' declared here
  unsigned int flags;
               ^
platform/android/external/ppp/pppd/ccp.c:76:7: warning: missing initializer for field 'addr2' of 'option_t' [-Wmissing-field-initializers]
       "Disable CCP negotiation", OPT_ALIAS },
       ^
In file included from platform/android/external/ppp/pppd/ccp.c:36:0:
platform/android/external/ppp/pppd/pppd.h:112:8: note: 'addr2' declared here
  void *addr2;
        ^
platform/android/external/ppp/pppd/ccp.c:80:7: warning: missing initializer for field 'upper_limit' of 'option_t' [-Wmissing-field-initializers]
       OPT_PRIO | OPT_A2STRVAL | OPT_STATIC, bsd_value },
       ^
In file included from platform/android/external/ppp/pppd/ccp.c:36:0:
platform/android/external/ppp/pppd/pppd.h:113:6: note: 'upper_limit' declared here
  int upper_limit;
      ^
platform/android/external/ppp/pppd/ccp.c:83:7: warning: missing initializer for field 'upper_limit' of 'option_t' [-Wmissing-field-initializers]
       &ccp_allowoptions[0].bsd_compress },
       ^
In file included from platform/android/external/ppp/pppd/ccp.c:36:0:
platform/android/external/ppp/pppd/pppd.h:113:6: note: 'upper_limit' declared here
  int upper_limit;
      ^
platform/android/external/ppp/pppd/ccp.c:86:7: warning: missing initializer for field 'upper_limit' of 'option_t' [-Wmissing-field-initializers]
       &ccp_allowoptions[0].bsd_compress },
       ^
In file included from platform/android/external/ppp/pppd/ccp.c:36:0:
platform/android/external/ppp/pppd/pppd.h:113:6: note: 'upper_limit' declared here
  int upper_limit;
      ^
platform/android/external/ppp/pppd/ccp.c:90:7: warning: missing initializer for field 'upper_limit' of 'option_t' [-Wmissing-field-initializers]
       OPT_PRIO | OPT_A2STRVAL | OPT_STATIC, deflate_value },
       ^
In file included from platform/android/external/ppp/pppd/ccp.c:36:0:
platform/android/external/ppp/pppd/pppd.h:113:6: note: 'upper_limit' declared here
  int upper_limit;
      ^
platform/android/external/ppp/pppd/ccp.c:93:7: warning: missing initializer for field 'upper_limit' of 'option_t' [-Wmissing-field-initializers]
       &ccp_allowoptions[0].deflate },
       ^
In file included from platform/android/external/ppp/pppd/ccp.c:36:0:
platform/android/external/ppp/pppd/pppd.h:113:6: note: 'upper_limit' declared here
  int upper_limit;
      ^
platform/android/external/ppp/pppd/ccp.c:96:7: warning: missing initializer for field 'upper_limit' of 'option_t' [-Wmissing-field-initializers]
       &ccp_allowoptions[0].deflate },
       ^
In file included from platform/android/external/ppp/pppd/ccp.c:36:0:
platform/android/external/ppp/pppd/pppd.h:113:6: note: 'upper_limit' declared here
  int upper_limit;
      ^
platform/android/external/ppp/pppd/ccp.c:100:7: warning: missing initializer for field 'upper_limit' of 'option_t' [-Wmissing-field-initializers]
       &ccp_allowoptions[0].deflate_draft },
       ^
In file included from platform/android/external/ppp/pppd/ccp.c:36:0:
platform/android/external/ppp/pppd/pppd.h:113:6: note: 'upper_limit' declared here
  int upper_limit;
      ^
platform/android/external/ppp/pppd/ccp.c:103:7: warning: missing initializer for field 'addr2' of 'option_t' [-Wmissing-field-initializers]
       "request Predictor-1", OPT_PRIO | 1 },
       ^
In file included from platform/android/external/ppp/pppd/ccp.c:36:0:
platform/android/external/ppp/pppd/pppd.h:112:8: note: 'addr2' declared here
  void *addr2;
        ^
platform/android/external/ppp/pppd/ccp.c:106:7: warning: missing initializer for field 'upper_limit' of 'option_t' [-Wmissing-field-initializers]
       &ccp_allowoptions[0].predictor_1 },
       ^
In file included from platform/android/external/ppp/pppd/ccp.c:36:0:
platform/android/external/ppp/pppd/pppd.h:113:6: note: 'upper_limit' declared here
  int upper_limit;
      ^
platform/android/external/ppp/pppd/ccp.c:109:7: warning: missing initializer for field 'upper_limit' of 'option_t' [-Wmissing-field-initializers]
       &ccp_allowoptions[0].predictor_1 },
       ^
In file included from platform/android/external/ppp/pppd/ccp.c:36:0:
platform/android/external/ppp/pppd/pppd.h:113:6: note: 'upper_limit' declared here
  int upper_limit;
      ^
platform/android/external/ppp/pppd/ccp.c:115:7: warning: missing initializer for field 'addr2' of 'option_t' [-Wmissing-field-initializers]
       OPT_PRIO | MPPE_OPT_40 | MPPE_OPT_128 },
       ^
In file included from platform/android/external/ppp/pppd/ccp.c:36:0:
platform/android/external/ppp/pppd/pppd.h:112:8: note: 'addr2' declared here
  void *addr2;
        ^
platform/android/external/ppp/pppd/ccp.c:118:7: warning: missing initializer for field 'addr2' of 'option_t' [-Wmissing-field-initializers]
       OPT_ALIAS | OPT_PRIO | MPPE_OPT_40 | MPPE_OPT_128 },
       ^
In file included from platform/android/external/ppp/pppd/ccp.c:36:0:
platform/android/external/ppp/pppd/pppd.h:112:8: note: 'addr2' declared here
  void *addr2;
        ^
platform/android/external/ppp/pppd/ccp.c:120:7: warning: missing initializer for field 'addr2' of 'option_t' [-Wmissing-field-initializers]
       "don't allow MPPE encryption", OPT_PRIO },
       ^
In file included from platform/android/external/ppp/pppd/ccp.c:36:0:
platform/android/external/ppp/pppd/pppd.h:112:8: note: 'addr2' declared here
  void *addr2;
        ^
platform/android/external/ppp/pppd/ccp.c:122:7: warning: missing initializer for field 'addr2' of 'option_t' [-Wmissing-field-initializers]
       "don't allow MPPE encryption", OPT_ALIAS | OPT_PRIO },
       ^
In file included from platform/android/external/ppp/pppd/ccp.c:36:0:
platform/android/external/ppp/pppd/pppd.h:112:8: note: 'addr2' declared here
  void *addr2;
        ^
platform/android/external/ppp/pppd/ccp.c:127:7: warning: missing initializer for field 'upper_limit' of 'option_t' [-Wmissing-field-initializers]
       &ccp_wantoptions[0].mppe },
       ^
In file included from platform/android/external/ppp/pppd/ccp.c:36:0:
platform/android/external/ppp/pppd/pppd.h:113:6: note: 'upper_limit' declared here
  int upper_limit;
      ^
platform/android/external/ppp/pppd/ccp.c:130:7: warning: missing initializer for field 'upper_limit' of 'option_t' [-Wmissing-field-initializers]
       &ccp_wantoptions[0].mppe },
       ^
In file included from platform/android/external/ppp/pppd/ccp.c:36:0:
platform/android/external/ppp/pppd/pppd.h:113:6: note: 'upper_limit' declared here
  int upper_limit;
      ^
platform/android/external/ppp/pppd/ccp.c:133:7: warning: missing initializer for field 'upper_limit' of 'option_t' [-Wmissing-field-initializers]
       OPT_PRIOSUB | OPT_A2CLRB | MPPE_OPT_40, &ccp_wantoptions[0].mppe },
       ^
In file included from platform/android/external/ppp/pppd/ccp.c:36:0:
platform/android/external/ppp/pppd/pppd.h:113:6: note: 'upper_limit' declared here
  int upper_limit;
      ^
platform/android/external/ppp/pppd/ccp.c:137:7: warning: missing initializer for field 'upper_limit' of 'option_t' [-Wmissing-field-initializers]
       &ccp_wantoptions[0].mppe },
       ^
In file included from platform/android/external/ppp/pppd/ccp.c:36:0:
platform/android/external/ppp/pppd/pppd.h:113:6: note: 'upper_limit' declared here
  int upper_limit;
      ^
platform/android/external/ppp/pppd/ccp.c:141:7: warning: missing initializer for field 'upper_limit' of 'option_t' [-Wmissing-field-initializers]
       &ccp_wantoptions[0].mppe },
       ^
In file included from platform/android/external/ppp/pppd/ccp.c:36:0:
platform/android/external/ppp/pppd/pppd.h:113:6: note: 'upper_limit' declared here
  int upper_limit;
      ^
platform/android/external/ppp/pppd/ccp.c:145:7: warning: missing initializer for field 'upper_limit' of 'option_t' [-Wmissing-field-initializers]
       &ccp_wantoptions[0].mppe },
       ^
In file included from platform/android/external/ppp/pppd/ccp.c:36:0:
platform/android/external/ppp/pppd/pppd.h:113:6: note: 'upper_limit' declared here
  int upper_limit;
      ^
platform/android/external/ppp/pppd/ccp.c:148:7: warning: missing initializer for field 'upper_limit' of 'option_t' [-Wmissing-field-initializers]
       OPT_PRIOSUB | OPT_A2CLRB | MPPE_OPT_128, &ccp_wantoptions[0].mppe },
       ^
In file included from platform/android/external/ppp/pppd/ccp.c:36:0:
platform/android/external/ppp/pppd/pppd.h:113:6: note: 'upper_limit' declared here
  int upper_limit;
      ^
platform/android/external/ppp/pppd/ccp.c:152:7: warning: missing initializer for field 'upper_limit' of 'option_t' [-Wmissing-field-initializers]
       &ccp_wantoptions[0].mppe },
       ^
In file included from platform/android/external/ppp/pppd/ccp.c:36:0:
platform/android/external/ppp/pppd/pppd.h:113:6: note: 'upper_limit' declared here
  int upper_limit;
      ^
platform/android/external/ppp/pppd/ccp.c:156:7: warning: missing initializer for field 'addr2' of 'option_t' [-Wmissing-field-initializers]
       "allow MPPE stateful mode", OPT_PRIO },
       ^
In file included from platform/android/external/ppp/pppd/ccp.c:36:0:
platform/android/external/ppp/pppd/pppd.h:112:8: note: 'addr2' declared here
  void *addr2;
        ^
platform/android/external/ppp/pppd/ccp.c:158:7: warning: missing initializer for field 'addr2' of 'option_t' [-Wmissing-field-initializers]
       "disallow MPPE stateful mode", OPT_PRIO | 1 },
       ^
In file included from platform/android/external/ppp/pppd/ccp.c:36:0:
platform/android/external/ppp/pppd/pppd.h:112:8: note: 'addr2' declared here
  void *addr2;
        ^
platform/android/external/ppp/pppd/ccp.c: In function 'ccp_extcode':
platform/android/external/ppp/pppd/ccp.c:481:13: warning: unused parameter 'p' [-Wunused-parameter]
     u_char *p;
             ^
platform/android/external/ppp/pppd/ccp.c:482:9: warning: unused parameter 'len' [-Wunused-parameter]
     int len;
         ^
platform/android/external/ppp/pppd/ccp.c: In function 'ccp_nakci':
platform/android/external/ppp/pppd/ccp.c:897:1: warning: type of 'treat_as_reject' defaults to 'int' [-Wmissing-parameter-type]
 ccp_nakci(f, p, len, treat_as_reject)
 ^
platform/android/external/ppp/pppd/ccp.c:897:1: warning: unused parameter 'treat_as_reject' [-Wunused-parameter]
platform/android/external/ppp/pppd/ccp.c: In function 'ccp_printpkt':
platform/android/external/ppp/pppd/ccp.c:1504:27: warning: comparison between signed and unsigned integer expressions [-Wsign-compare]
     if (code >= 1 && code <= sizeof(ccp_codenames) / sizeof(char *)
                           ^
platform/android/external/ppp/pppd/ccp.c: In function 'ccp_datainput':
platform/android/external/ppp/pppd/ccp.c:1620:13: warning: unused parameter 'pkt' [-Wunused-parameter]
     u_char *pkt;
             ^
platform/android/external/ppp/pppd/ccp.c:1621:9: warning: unused parameter 'len' [-Wunused-parameter]
     int len;
         ^
