platform/android/external/fio/options.c: In function 'set_name_idx':
platform/android/external/fio/options.c:837:28: warning: comparison between signed and unsigned integer expressions [-Wsign-compare]
  for (cur_idx = 0; cur_idx <= index; cur_idx++)
                            ^
platform/android/external/fio/options.c: In function 'pattern_cb':
platform/android/external/fio/options.c:954:15: warning: comparison between signed and unsigned integer expressions [-Wsign-compare]
   if (len - j < max_size * 2) {
               ^
platform/android/external/fio/options.c:970:24: warning: comparison between signed and unsigned integer expressions [-Wsign-compare]
  while (i > 1 && i * 2 <= max_size) {
                        ^
platform/android/external/fio/options.c:979:20: warning: comparison between signed and unsigned integer expressions [-Wsign-compare]
  while (i > 1 && i < max_size) {
                    ^
platform/android/external/fio/options.c: In function 'fio_options_set_ioengine_opts':
platform/android/external/fio/options.c:3561:27: warning: comparison between signed and unsigned integer expressions [-Wsign-compare]
   if (long_options[i].val == FIO_GETOPT_IOENGINE) {
                           ^
platform/android/external/fio/options.c: In function 'option_dup_subs':
platform/android/external/fio/options.c:3722:17: warning: comparison between signed and unsigned integer expressions [-Wsign-compare]
      if (envlen <= nchr) {
                 ^
