platform/android/external/ltrace/sysdeps/linux-gnu/arm/trace.c: In function 'arm_branch_dest':
platform/android/external/ltrace/sysdeps/linux-gnu/arm/trace.c:116:12: warning: pointer of type 'void *' used in arithmetic [-Wpointer-arith]
  return pc + ((((insn & 0xffffff) ^ 0x800000) - 0x800000) << 2) + 8;
            ^
platform/android/external/ltrace/sysdeps/linux-gnu/arm/trace.c:116:65: warning: pointer of type 'void *' used in arithmetic [-Wpointer-arith]
  return pc + ((((insn & 0xffffff) ^ 0x800000) - 0x800000) << 2) + 8;
                                                                 ^
platform/android/external/ltrace/sysdeps/linux-gnu/arm/trace.c: In function 'arm_get_next_pcs':
platform/android/external/ltrace/sysdeps/linux-gnu/arm/trace.c:377:23: warning: pointer of type 'void *' used in arithmetic [-Wpointer-arith]
   next_pcs[nr++] = pc + 4;
                       ^
platform/android/external/ltrace/sysdeps/linux-gnu/arm/trace.c: In function 'thumb_get_next_pcs':
platform/android/external/ltrace/sysdeps/linux-gnu/arm/trace.c:426:24: warning: pointer of type 'void *' used in arithmetic [-Wpointer-arith]
    next_pcs[nr++] = pc + (SBITS(inst1, 0, 7) << 1);
                        ^
platform/android/external/ltrace/sysdeps/linux-gnu/arm/trace.c:431:23: warning: pointer of type 'void *' used in arithmetic [-Wpointer-arith]
   next_pcs[nr++] = pc + (SBITS(inst1, 0, 10) << 1);
                       ^
platform/android/external/ltrace/sysdeps/linux-gnu/arm/trace.c:434:29: warning: pointer of type 'void *' used in arithmetic [-Wpointer-arith]
   if (proc_read_16(proc, pc + 2, &inst2) < 0)
                             ^
platform/android/external/ltrace/sysdeps/linux-gnu/arm/trace.c:454:35: warning: pointer of type 'void *' used in arithmetic [-Wpointer-arith]
     uint32_t next = (uint32_t)(pc + offset);
                                   ^
platform/android/external/ltrace/sysdeps/linux-gnu/arm/trace.c:484:25: warning: pointer of type 'void *' used in arithmetic [-Wpointer-arith]
     next_pcs[nr++] = pc + offset;
                         ^
platform/android/external/ltrace/sysdeps/linux-gnu/arm/trace.c:601:24: warning: pointer of type 'void *' used in arithmetic [-Wpointer-arith]
    next_pcs[nr++] = pc + 2 * length;
                        ^
platform/android/external/ltrace/sysdeps/linux-gnu/arm/trace.c:627:24: warning: pointer of type 'void *' used in arithmetic [-Wpointer-arith]
    next_pcs[nr++] = pc + 2 * length;
                        ^
platform/android/external/ltrace/sysdeps/linux-gnu/arm/trace.c:634:23: warning: pointer of type 'void *' used in arithmetic [-Wpointer-arith]
   next_pcs[nr++] = pc + thumb_insn_size(inst1);
                       ^
