framework/ngb-j/jni/impl_davic_mpeg_sections_SectionUtils.cpp:130:14: warning: unused parameter 'extra' [-Wunused-parameter]
  static void reportFilteredSection(void* extra, int filterId, char* buffer, int length)
              ^
framework/ngb-j/jni/impl_davic_mpeg_sections_SectionUtils.cpp:142:14: warning: unused parameter 'extra' [-Wunused-parameter]
  static void reportFilterForceDisconnected(void* extra, int filterId)
              ^
framework/ngb-j/jni/impl_davic_mpeg_sections_SectionUtils.cpp:149:14: warning: unused parameter 'env' [-Wunused-parameter]
  static jint native_getUnusedFilterNumber(JNIEnv *env, jclass clazz)
              ^
framework/ngb-j/jni/impl_davic_mpeg_sections_SectionUtils.cpp:149:14: warning: unused parameter 'clazz' [-Wunused-parameter]
framework/ngb-j/jni/impl_davic_mpeg_sections_SectionUtils.cpp:157:14: warning: unused parameter 'env' [-Wunused-parameter]
  static jint native_requestFilter(JNIEnv* env, jclass clazz)
              ^
framework/ngb-j/jni/impl_davic_mpeg_sections_SectionUtils.cpp:157:14: warning: unused parameter 'clazz' [-Wunused-parameter]
framework/ngb-j/jni/impl_davic_mpeg_sections_SectionUtils.cpp:165:14: warning: unused parameter 'env' [-Wunused-parameter]
  static void native_releaseFilter(JNIEnv* env, jclass clazz, jint filterId)
              ^
framework/ngb-j/jni/impl_davic_mpeg_sections_SectionUtils.cpp:165:14: warning: unused parameter 'clazz' [-Wunused-parameter]
framework/ngb-j/jni/impl_davic_mpeg_sections_SectionUtils.cpp:175:13: warning: unused parameter 'env' [-Wunused-parameter]
  static int native_attachStream(JNIEnv* env, jclass clazz, jint filterId, jint tunerId,
             ^
framework/ngb-j/jni/impl_davic_mpeg_sections_SectionUtils.cpp:175:13: warning: unused parameter 'clazz' [-Wunused-parameter]
framework/ngb-j/jni/impl_davic_mpeg_sections_SectionUtils.cpp:185:14: warning: unused parameter 'env' [-Wunused-parameter]
  static void native_detachStream(JNIEnv* env, jclass clazz, jint filterId)
              ^
framework/ngb-j/jni/impl_davic_mpeg_sections_SectionUtils.cpp:185:14: warning: unused parameter 'clazz' [-Wunused-parameter]
framework/ngb-j/jni/impl_davic_mpeg_sections_SectionUtils.cpp:195:13: warning: unused parameter 'cls' [-Wunused-parameter]
  static int native_startFiltering(JNIEnv *env, jclass cls, jint filterId, jint pid,
             ^
framework/ngb-j/jni/impl_davic_mpeg_sections_SectionUtils.cpp:245:14: warning: unused parameter 'env' [-Wunused-parameter]
  static void native_stopFiltering(JNIEnv* env, jclass clazz, jint filterId)
              ^
framework/ngb-j/jni/impl_davic_mpeg_sections_SectionUtils.cpp:245:14: warning: unused parameter 'clazz' [-Wunused-parameter]
