component/OAM/agent/tr069_cut/alarmmanager/alarmserver.c:65:5: warning: no previous prototype for 'InitAlarmMnt' [-Wmissing-prototypes]
 int InitAlarmMnt()
     ^
component/OAM/agent/tr069_cut/alarmmanager/alarmserver.c: In function 'InitAlarmMnt':
component/OAM/agent/tr069_cut/alarmmanager/alarmserver.c:109:9: warning: implicit declaration of function 'GetDevicexmlItemModelName' [-Wimplicit-function-declaration]
         nRet = GetDevicexmlItemModelName(palarm->thrpath, strModelName[index]);
         ^
component/OAM/agent/tr069_cut/alarmmanager/alarmserver.c:109:9: warning: nested extern declaration of 'GetDevicexmlItemModelName' [-Wnested-externs]
component/OAM/agent/tr069_cut/alarmmanager/alarmserver.c:139:6: warning: implicit declaration of function 'Dynamic_reg' [-Wimplicit-function-declaration]
      nRet = Dynamic_reg(pModel, index);
      ^
component/OAM/agent/tr069_cut/alarmmanager/alarmserver.c:139:6: warning: nested extern declaration of 'Dynamic_reg' [-Wnested-externs]
component/OAM/agent/tr069_cut/alarmmanager/alarmserver.c: At top level:
component/OAM/agent/tr069_cut/alarmmanager/alarmserver.c:162:5: warning: no previous prototype for 'GetAlarmItem' [-Wmissing-prototypes]
 int GetAlarmItem(IN const T_CCMessage *ptMsg, OUT void *pReply, INOUT int *pReplyLen)
     ^
component/OAM/agent/tr069_cut/alarmmanager/alarmserver.c: In function 'GetAlarmItem':
component/OAM/agent/tr069_cut/alarmmanager/alarmserver.c:248:9: warning: implicit declaration of function 'GetDevicexmlItem' [-Wimplicit-function-declaration]
         nRet = GetDevicexmlItem(g_alarmtable->onoffpath, strbuffer);
         ^
component/OAM/agent/tr069_cut/alarmmanager/alarmserver.c:248:9: warning: nested extern declaration of 'GetDevicexmlItem' [-Wnested-externs]
component/OAM/agent/tr069_cut/alarmmanager/alarmserver.c: At top level:
component/OAM/agent/tr069_cut/alarmmanager/alarmserver.c:526:5: warning: no previous prototype for 'AlarmInform' [-Wmissing-prototypes]
 int AlarmInform(IN const T_CCMessage *ptMsg)
     ^
component/OAM/agent/tr069_cut/alarmmanager/alarmserver.c: In function 'AlarmInform':
component/OAM/agent/tr069_cut/alarmmanager/alarmserver.c:681:17: warning: implicit declaration of function 'GetTimeNow' [-Wimplicit-function-declaration]
                 nRet = GetTimeNow(talarm.tParam[index].paramValue);
                 ^
component/OAM/agent/tr069_cut/alarmmanager/alarmserver.c:681:17: warning: nested extern declaration of 'GetTimeNow' [-Wnested-externs]
component/OAM/agent/tr069_cut/alarmmanager/alarmserver.c:774:16: warning: format '%d' expects argument of type 'int', but argument 4 has type 'unsigned char *' [-Wformat=]
                snprintf(talarm.tParam[index].paramValue, sizeof(talarm.tParam[index].paramValue), "%d", pCfgInfo->value);
                ^
