platform/android/external/mdnsresponder/mDNSShared/uds_daemon.c: In function 'handle_sethost_request':
platform/android/external/mdnsresponder/mDNSShared/uds_daemon.c:2138:2: warning: pointer targets in passing argument 1 of 'strncpy' differ in signedness [-Wpointer-sign]
  strncpy(&(mDNSStorage.nicelabel.c[1]), hostName, len);
  ^
In file included from platform/android/bionic/libc/include/signal.h:35:0,
                 from platform/android/bionic/libc/include/sys/select.h:35,
                 from platform/android/bionic/libc/include/unistd.h:34,
                 from platform/android/bionic/libc/include/fcntl.h:37,
                 from platform/android/external/mdnsresponder/mDNSShared/uds_daemon.c:22:
platform/android/bionic/libc/include/string.h:146:7: note: expected 'char * __restrict__' but argument is of type 'mDNSu8 *'
 char* strncpy(char* __restrict dest, const char* __restrict src, size_t n) {
       ^
platform/android/external/mdnsresponder/mDNSShared/uds_daemon.c:2140:2: warning: pointer targets in passing argument 1 of 'strncpy' differ in signedness [-Wpointer-sign]
  strncpy(&(mDNSStorage.hostlabel.c[1]), hostName, len);
  ^
In file included from platform/android/bionic/libc/include/signal.h:35:0,
                 from platform/android/bionic/libc/include/sys/select.h:35,
                 from platform/android/bionic/libc/include/unistd.h:34,
                 from platform/android/bionic/libc/include/fcntl.h:37,
                 from platform/android/external/mdnsresponder/mDNSShared/uds_daemon.c:22:
platform/android/bionic/libc/include/string.h:146:7: note: expected 'char * __restrict__' but argument is of type 'mDNSu8 *'
 char* strncpy(char* __restrict dest, const char* __restrict src, size_t n) {
       ^
platform/android/external/mdnsresponder/mDNSShared/uds_daemon.c: In function 'connect_callback':
platform/android/external/mdnsresponder/mDNSShared/uds_daemon.c:3885:39: warning: pointer targets in passing argument 3 of 'accept' differ in signedness [-Wpointer-sign]
  dnssd_sock_t sd = accept(fd, (struct sockaddr*) &cliaddr, &len);
                                       ^
In file included from platform/android/system/core/include/cutils/sockets.h:29:0,
                 from platform/android/external/mdnsresponder/mDNSShared/uds_daemon.c:31:
platform/android/bionic/libc/include/sys/socket.h:271:18: note: expected 'socklen_t *' but argument is of type 'unsigned int *'
 __socketcall int accept(int, struct sockaddr*, socklen_t*);
                  ^
