platform/android/external/neven/Embedded/common/src/b_TensorEm/Normalizer.c: In function 'bts_Normalizer_copy':
platform/android/external/neven/Embedded/common/src/b_TensorEm/Normalizer.c:67:47: warning: unused parameter 'cpA' [-Wunused-parameter]
 void bts_Normalizer_copy( struct bbs_Context* cpA,
                                               ^
platform/android/external/neven/Embedded/common/src/b_TensorEm/Normalizer.c:68:32: warning: unused parameter 'ptrA' [-Wunused-parameter]
         struct bts_Normalizer* ptrA, 
                                ^
platform/android/external/neven/Embedded/common/src/b_TensorEm/Normalizer.c:69:41: warning: unused parameter 'srcPtrA' [-Wunused-parameter]
            const struct bts_Normalizer* srcPtrA )
                                         ^
platform/android/external/neven/Embedded/common/src/b_TensorEm/Normalizer.c: In function 'bts_Normalizer_equal':
platform/android/external/neven/Embedded/common/src/b_TensorEm/Normalizer.c:75:48: warning: unused parameter 'cpA' [-Wunused-parameter]
 flag bts_Normalizer_equal( struct bbs_Context* cpA,
                                                ^
platform/android/external/neven/Embedded/common/src/b_TensorEm/Normalizer.c:76:39: warning: unused parameter 'ptrA' [-Wunused-parameter]
          const struct bts_Normalizer* ptrA, 
                                       ^
platform/android/external/neven/Embedded/common/src/b_TensorEm/Normalizer.c:77:39: warning: unused parameter 'srcPtrA' [-Wunused-parameter]
          const struct bts_Normalizer* srcPtrA )
                                       ^
platform/android/external/neven/Embedded/common/src/b_TensorEm/Normalizer.c: In function 'bts_Normalizer_memRead':
platform/android/external/neven/Embedded/common/src/b_TensorEm/Normalizer.c:135:30: warning: unused parameter 'mtpA' [-Wunused-parameter]
           struct bbs_MemTbl* mtpA )
                              ^
platform/android/external/neven/Embedded/common/src/b_TensorEm/Normalizer.c: In function 'bts_Normalizer_map':
platform/android/external/neven/Embedded/common/src/b_TensorEm/Normalizer.c:164:36: warning: unused parameter 'ptrA' [-Wunused-parameter]
        const struct bts_VectorMap* ptrA, 
                                    ^
