device/hisilicon/bigfish/external/dhcp/common/icmp.c: In function 'icmp_startup':
device/hisilicon/bigfish/external/dhcp/common/icmp.c:49:6: warning: unused parameter 'routep' [-Wunused-parameter]
  int routep;
      ^
device/hisilicon/bigfish/external/dhcp/common/icmp.c: In function 'icmp_echoreply':
device/hisilicon/bigfish/external/dhcp/common/icmp.c:236:13: warning: comparison between signed and unsigned integer expressions [-Wsign-compare]
  if (status < hlen + (sizeof *icfrom)) {
             ^
device/hisilicon/bigfish/external/dhcp/common/icmp.c: In function 'trace_icmp_input_input':
device/hisilicon/bigfish/external/dhcp/common/icmp.c:270:44: warning: unused parameter 'ttype' [-Wunused-parameter]
 void trace_icmp_input_input (trace_type_t *ttype, unsigned length, char *buf)
                                            ^
device/hisilicon/bigfish/external/dhcp/common/icmp.c: In function 'trace_icmp_input_stop':
device/hisilicon/bigfish/external/dhcp/common/icmp.c:282:43: warning: unused parameter 'ttype' [-Wunused-parameter]
 void trace_icmp_input_stop (trace_type_t *ttype) { }
                                           ^
device/hisilicon/bigfish/external/dhcp/common/icmp.c: In function 'trace_icmp_output_input':
device/hisilicon/bigfish/external/dhcp/common/icmp.c:284:45: warning: unused parameter 'ttype' [-Wunused-parameter]
 void trace_icmp_output_input (trace_type_t *ttype, unsigned length, char *buf)
                                             ^
device/hisilicon/bigfish/external/dhcp/common/icmp.c: In function 'trace_icmp_output_stop':
device/hisilicon/bigfish/external/dhcp/common/icmp.c:299:44: warning: unused parameter 'ttype' [-Wunused-parameter]
 void trace_icmp_output_stop (trace_type_t *ttype) { }
                                            ^
