framework/ngb-j/jni/org_ngb_util_setting_VideoSetting.cpp:34:1: warning: unused parameter 'clazz' [-Wunused-parameter]
 native_getOutputInterfaceList(JNIEnv *env, jclass clazz)
 ^
framework/ngb-j/jni/org_ngb_util_setting_VideoSetting.cpp:57:1: warning: unused parameter 'clazz' [-Wunused-parameter]
 native_getOutputInterfaceStatus(JNIEnv *env, jclass clazz, jstring _port)
 ^
framework/ngb-j/jni/org_ngb_util_setting_VideoSetting.cpp:63:1: warning: unused parameter 'clazz' [-Wunused-parameter]
 native_enableOutputInterface(JNIEnv *env, jclass clazz, jstring _port)
 ^
framework/ngb-j/jni/org_ngb_util_setting_VideoSetting.cpp:69:1: warning: unused parameter 'clazz' [-Wunused-parameter]
 native_disableOutputInterface(JNIEnv *env, jclass clazz, jstring _port)
 ^
framework/ngb-j/jni/org_ngb_util_setting_VideoSetting.cpp:75:1: warning: unused parameter 'env' [-Wunused-parameter]
 native_setOutputMatchMethod(JNIEnv *env, jclass clazz, jint _matchMethod)
 ^
framework/ngb-j/jni/org_ngb_util_setting_VideoSetting.cpp:75:1: warning: unused parameter 'clazz' [-Wunused-parameter]
framework/ngb-j/jni/org_ngb_util_setting_VideoSetting.cpp:81:1: warning: unused parameter 'env' [-Wunused-parameter]
 native_getOutputMatchMethod(JNIEnv *env, jclass clazz)
 ^
framework/ngb-j/jni/org_ngb_util_setting_VideoSetting.cpp:81:1: warning: unused parameter 'clazz' [-Wunused-parameter]
framework/ngb-j/jni/org_ngb_util_setting_VideoSetting.cpp:87:1: warning: unused parameter 'env' [-Wunused-parameter]
 native_setOutputBrightness(JNIEnv *env, jclass clazz, jint _value)
 ^
framework/ngb-j/jni/org_ngb_util_setting_VideoSetting.cpp:87:1: warning: unused parameter 'clazz' [-Wunused-parameter]
framework/ngb-j/jni/org_ngb_util_setting_VideoSetting.cpp:93:1: warning: unused parameter 'env' [-Wunused-parameter]
 native_getOutputBrightness(JNIEnv *env, jclass clazz)
 ^
framework/ngb-j/jni/org_ngb_util_setting_VideoSetting.cpp:93:1: warning: unused parameter 'clazz' [-Wunused-parameter]
framework/ngb-j/jni/org_ngb_util_setting_VideoSetting.cpp:99:1: warning: unused parameter 'env' [-Wunused-parameter]
 native_setOutputContrast(JNIEnv *env, jclass clazz, jint _value)
 ^
framework/ngb-j/jni/org_ngb_util_setting_VideoSetting.cpp:99:1: warning: unused parameter 'clazz' [-Wunused-parameter]
framework/ngb-j/jni/org_ngb_util_setting_VideoSetting.cpp:105:1: warning: unused parameter 'env' [-Wunused-parameter]
 native_getOutputContrast(JNIEnv *env, jclass clazz)
 ^
framework/ngb-j/jni/org_ngb_util_setting_VideoSetting.cpp:105:1: warning: unused parameter 'clazz' [-Wunused-parameter]
framework/ngb-j/jni/org_ngb_util_setting_VideoSetting.cpp:111:1: warning: unused parameter 'env' [-Wunused-parameter]
 native_setOutputSaturation(JNIEnv *env, jclass clazz, jint _value)
 ^
framework/ngb-j/jni/org_ngb_util_setting_VideoSetting.cpp:111:1: warning: unused parameter 'clazz' [-Wunused-parameter]
framework/ngb-j/jni/org_ngb_util_setting_VideoSetting.cpp:117:1: warning: unused parameter 'env' [-Wunused-parameter]
 native_getOutputSaturation(JNIEnv *env, jclass clazz)
 ^
framework/ngb-j/jni/org_ngb_util_setting_VideoSetting.cpp:117:1: warning: unused parameter 'clazz' [-Wunused-parameter]
framework/ngb-j/jni/org_ngb_util_setting_VideoSetting.cpp:123:1: warning: unused parameter 'env' [-Wunused-parameter]
 native_setOutputStandard(JNIEnv *env, jclass clazz, jint _device, jint _standard)
 ^
framework/ngb-j/jni/org_ngb_util_setting_VideoSetting.cpp:123:1: warning: unused parameter 'clazz' [-Wunused-parameter]
framework/ngb-j/jni/org_ngb_util_setting_VideoSetting.cpp:129:1: warning: unused parameter 'env' [-Wunused-parameter]
 native_getOutputStandard(JNIEnv *env, jclass clazz, jint _device)
 ^
framework/ngb-j/jni/org_ngb_util_setting_VideoSetting.cpp:129:1: warning: unused parameter 'clazz' [-Wunused-parameter]
framework/ngb-j/jni/org_ngb_util_setting_VideoSetting.cpp:135:1: warning: unused parameter 'env' [-Wunused-parameter]
 native_setOutputTransparency(JNIEnv *env, jclass clazz, jint _value)
 ^
framework/ngb-j/jni/org_ngb_util_setting_VideoSetting.cpp:135:1: warning: unused parameter 'clazz' [-Wunused-parameter]
framework/ngb-j/jni/org_ngb_util_setting_VideoSetting.cpp:141:1: warning: unused parameter 'env' [-Wunused-parameter]
 native_getOutputTransparency(JNIEnv *env, jclass clazz)
 ^
framework/ngb-j/jni/org_ngb_util_setting_VideoSetting.cpp:141:1: warning: unused parameter 'clazz' [-Wunused-parameter]
