In file included from platform/android/external/libvpx/libvpx/vp9/common/vp9_blockd.h:15:0,
                 from platform/android/external/libvpx/libvpx/vp9/common/vp9_seg_common.c:13:
platform/android/external/libvpx/armv7a-neon/./vpx_config.h:13:0: warning: "ARCH_ARM" redefined [enabled by default]
 #define ARCH_ARM 1
 ^
In file included from <command-line>:0:0:
./platform/android/build/core/combo/include/arch/linux-arm/AndroidConfig.h:241:0: note: this is the location of the previous definition
 #define ARCH_ARM
 ^
In file included from platform/android/external/libvpx/libvpx/vp9/common/vp9_blockd.h:20:0,
                 from platform/android/external/libvpx/libvpx/vp9/common/vp9_seg_common.c:13:
platform/android/external/libvpx/libvpx/vp9/common/vp9_common.h: In function 'clip_pixel':
platform/android/external/libvpx/libvpx/vp9/common/vp9_common.h:52:46: warning: signed and unsigned type in conditional expression [-Wsign-compare]
   return (val > 255) ? 255u : (val < 0) ? 0u : val;
                                              ^
In file included from platform/android/external/libvpx/libvpx/vp9/common/vp9_seg_common.h:14:0,
                 from platform/android/external/libvpx/libvpx/vp9/common/vp9_blockd.h:26,
                 from platform/android/external/libvpx/libvpx/vp9/common/vp9_seg_common.c:13:
platform/android/external/libvpx/libvpx/vp9/common/vp9_prob.h: In function 'clip_prob':
platform/android/external/libvpx/libvpx/vp9/common/vp9_prob.h:47:42: warning: signed and unsigned type in conditional expression [-Wsign-compare]
   return (p > 255) ? 255u : (p < 1) ? 1u : p;
                                          ^
