platform/android/frameworks/minikin/libs/minikin/Layout.cpp: In constructor 'android::LayoutCacheKey::LayoutCacheKey(const android::FontCollection*, const android::MinikinPaint&, android::FontStyle, const uint16_t*, size_t, size_t, size_t, bool)':
platform/android/frameworks/minikin/libs/minikin/Layout.cpp:116:10: warning: 'android::LayoutCacheKey::mIsRtl' will be initialized after [-Wreorder]
     bool mIsRtl;
          ^
platform/android/frameworks/minikin/libs/minikin/Layout.cpp:105:21: warning:   'const uint16_t* android::LayoutCacheKey::mChars' [-Wreorder]
     const uint16_t* mChars;
                     ^
platform/android/frameworks/minikin/libs/minikin/Layout.cpp:76:5: warning:   when initialized here [-Wreorder]
     LayoutCacheKey(const FontCollection* collection, const MinikinPaint& paint, FontStyle style,
     ^
platform/android/frameworks/minikin/libs/minikin/Layout.cpp: At global scope:
platform/android/frameworks/minikin/libs/minikin/Layout.cpp:165:10: warning: unused parameter 'key' [-Wunused-parameter]
     void operator()(int32_t& key, hb_face_t*& value) {
          ^
platform/android/frameworks/minikin/libs/minikin/Layout.cpp:286:12: warning: unused parameter 'face' [-Wunused-parameter]
 hb_blob_t* referenceTable(hb_face_t* face, hb_tag_t tag, void* userData)  {
            ^
platform/android/frameworks/minikin/libs/minikin/Layout.cpp:308:18: warning: unused parameter 'hbFont' [-Wunused-parameter]
 static hb_bool_t harfbuzzGetGlyph(hb_font_t* hbFont, void* fontData, hb_codepoint_t unicode, hb_codepoint_t variationSelector, hb_codepoint_t* glyph, void* userData)
                  ^
platform/android/frameworks/minikin/libs/minikin/Layout.cpp:308:18: warning: unused parameter 'variationSelector' [-Wunused-parameter]
platform/android/frameworks/minikin/libs/minikin/Layout.cpp:308:18: warning: unused parameter 'userData' [-Wunused-parameter]
platform/android/frameworks/minikin/libs/minikin/Layout.cpp:326:22: warning: unused parameter 'hbFont' [-Wunused-parameter]
 static hb_position_t harfbuzzGetGlyphHorizontalAdvance(hb_font_t* hbFont, void* fontData, hb_codepoint_t glyph, void* userData)
                      ^
platform/android/frameworks/minikin/libs/minikin/Layout.cpp:326:22: warning: unused parameter 'userData' [-Wunused-parameter]
platform/android/frameworks/minikin/libs/minikin/Layout.cpp:334:18: warning: unused parameter 'hbFont' [-Wunused-parameter]
 static hb_bool_t harfbuzzGetGlyphHorizontalOrigin(hb_font_t* hbFont, void* fontData, hb_codepoint_t glyph, hb_position_t* x, hb_position_t* y, void* userData)
                  ^
platform/android/frameworks/minikin/libs/minikin/Layout.cpp:334:18: warning: unused parameter 'fontData' [-Wunused-parameter]
platform/android/frameworks/minikin/libs/minikin/Layout.cpp:334:18: warning: unused parameter 'glyph' [-Wunused-parameter]
platform/android/frameworks/minikin/libs/minikin/Layout.cpp:334:18: warning: unused parameter 'x' [-Wunused-parameter]
platform/android/frameworks/minikin/libs/minikin/Layout.cpp:334:18: warning: unused parameter 'y' [-Wunused-parameter]
platform/android/frameworks/minikin/libs/minikin/Layout.cpp:334:18: warning: unused parameter 'userData' [-Wunused-parameter]
