In file included from platform/android/frameworks/av/include/media/mediaplayer.h:24:0,
                 from platform/android/frameworks/av/include/media/TvosMediaPlayer.h:39,
                 from framework/ngb-j/jni/org_ngb_media_MediaManager.cpp:6:
platform/android/frameworks/av/include/media/IMediaPlayer.h:101:29: warning: unused parameter 'msec' [-Wunused-parameter]
     virtual status_t        getAbsoluteTimePosition(long *msec){return 0;};
                             ^
platform/android/frameworks/av/include/media/IMediaPlayer.h:102:29: warning: unused parameter 'eMode' [-Wunused-parameter]
     virtual status_t        setDisplayMode(int eMode){return 0;};
                             ^
platform/android/frameworks/av/include/media/IMediaPlayer.h:103:29: warning: unused parameter 'eRatio' [-Wunused-parameter]
     virtual status_t        setDisplayRatio(int eRatio){return 0;};
                             ^
framework/ngb-j/jni/org_ngb_media_MediaManager.cpp: In function '_jobjectArray* Java_org_ngb_media_MediaManager_listAvailableLanguages(JNIEnv*, jclass, jint, jint)':
framework/ngb-j/jni/org_ngb_media_MediaManager.cpp:807:34: warning: comparison between signed and unsigned integer expressions [-Wsign-compare]
   for (i = 0; i < pLangCode.size(); ++i) {
                                  ^
framework/ngb-j/jni/org_ngb_media_MediaManager.cpp: At global scope:
framework/ngb-j/jni/org_ngb_media_MediaManager.cpp:774:32: warning: unused parameter 'cls' [-Wunused-parameter]
 JNIEXPORT jobjectArray JNICALL Java_org_ngb_media_MediaManager_listAvailableLanguages(
                                ^
framework/ngb-j/jni/org_ngb_media_MediaManager.cpp:842:27: warning: unused parameter 'cls' [-Wunused-parameter]
 JNIEXPORT jstring JNICALL Java_org_ngb_media_MediaManager_selectDefaultLanguage(
                           ^
framework/ngb-j/jni/org_ngb_media_MediaManager.cpp:842:27: warning: unused parameter 'langTypeAudio' [-Wunused-parameter]
framework/ngb-j/jni/org_ngb_media_MediaManager.cpp:867:24: warning: unused parameter 'cls' [-Wunused-parameter]
 JNIEXPORT jint JNICALL Java_org_ngb_media_MediaManager_selectLanguage(
                        ^
framework/ngb-j/jni/org_ngb_media_MediaManager.cpp:867:24: warning: unused parameter 'langTypeAudio' [-Wunused-parameter]
framework/ngb-j/jni/org_ngb_media_MediaManager.cpp:892:27: warning: unused parameter 'cls' [-Wunused-parameter]
 JNIEXPORT jstring JNICALL Java_org_ngb_media_MediaManager_getCurrentLanguage(
                           ^
framework/ngb-j/jni/org_ngb_media_MediaManager.cpp:916:24: warning: unused parameter 'env' [-Wunused-parameter]
 JNIEXPORT jint JNICALL Java_org_ngb_media_MediaManager_registPlayerListener(
                        ^
framework/ngb-j/jni/org_ngb_media_MediaManager.cpp:916:24: warning: unused parameter 'cls' [-Wunused-parameter]
framework/ngb-j/jni/org_ngb_media_MediaManager.cpp:938:24: warning: unused parameter 'env' [-Wunused-parameter]
 JNIEXPORT void JNICALL Java_org_ngb_media_MediaManager_unregistPlayerListener(
                        ^
framework/ngb-j/jni/org_ngb_media_MediaManager.cpp:938:24: warning: unused parameter 'cls' [-Wunused-parameter]
framework/ngb-j/jni/org_ngb_media_MediaManager.cpp:938:24: warning: unused parameter 'regHandle' [-Wunused-parameter]
framework/ngb-j/jni/org_ngb_media_MediaManager.cpp:954:26: warning: unused parameter 'env' [-Wunused-parameter]
 JNIEXPORT jfloat JNICALL Java_org_ngb_media_MediaManager_getRate(JNIEnv *env,
                          ^
framework/ngb-j/jni/org_ngb_media_MediaManager.cpp:954:26: warning: unused parameter 'cls' [-Wunused-parameter]
framework/ngb-j/jni/org_ngb_media_MediaManager.cpp:1050:25: warning: unused parameter 'env' [-Wunused-parameter]
 JNIEXPORT jlong JNICALL Java_org_ngb_media_MediaManager_getDuration(
                         ^
framework/ngb-j/jni/org_ngb_media_MediaManager.cpp:1050:25: warning: unused parameter 'cls' [-Wunused-parameter]
framework/ngb-j/jni/org_ngb_media_MediaManager.cpp:1066:25: warning: unused parameter 'env' [-Wunused-parameter]
 JNIEXPORT jlong JNICALL Java_org_ngb_media_MediaManager_getAbsoluteTimePosition(
                         ^
framework/ngb-j/jni/org_ngb_media_MediaManager.cpp:1066:25: warning: unused parameter 'cls' [-Wunused-parameter]
framework/ngb-j/jni/org_ngb_media_MediaManager.cpp:1082:25: warning: unused parameter 'env' [-Wunused-parameter]
 JNIEXPORT jlong JNICALL Java_org_ngb_media_MediaManager_getRelativeTimePosition(
                         ^
framework/ngb-j/jni/org_ngb_media_MediaManager.cpp:1082:25: warning: unused parameter 'cls' [-Wunused-parameter]
framework/ngb-j/jni/org_ngb_media_MediaManager.cpp:1102:24: warning: unused parameter 'env' [-Wunused-parameter]
 JNIEXPORT void JNICALL Java_org_ngb_media_MediaManager_pause(JNIEnv *env,
                        ^
framework/ngb-j/jni/org_ngb_media_MediaManager.cpp:1102:24: warning: unused parameter 'cls' [-Wunused-parameter]
framework/ngb-j/jni/org_ngb_media_MediaManager.cpp:1119:24: warning: unused parameter 'env' [-Wunused-parameter]
 JNIEXPORT void JNICALL Java_org_ngb_media_MediaManager_resume(JNIEnv *env,
                        ^
framework/ngb-j/jni/org_ngb_media_MediaManager.cpp:1119:24: warning: unused parameter 'cls' [-Wunused-parameter]
framework/ngb-j/jni/org_ngb_media_MediaManager.cpp:1136:24: warning: unused parameter 'env' [-Wunused-parameter]
 JNIEXPORT void JNICALL Java_org_ngb_media_MediaManager_seek(JNIEnv *env,
                        ^
framework/ngb-j/jni/org_ngb_media_MediaManager.cpp:1136:24: warning: unused parameter 'cls' [-Wunused-parameter]
framework/ngb-j/jni/org_ngb_media_MediaManager.cpp:1214:24: warning: unused parameter 'env' [-Wunused-parameter]
 JNIEXPORT void JNICALL Java_org_ngb_media_MediaManager_setRate(JNIEnv *env,
                        ^
framework/ngb-j/jni/org_ngb_media_MediaManager.cpp:1214:24: warning: unused parameter 'cls' [-Wunused-parameter]
framework/ngb-j/jni/org_ngb_media_MediaManager.cpp:1233:24: warning: unused parameter 'env' [-Wunused-parameter]
 JNIEXPORT void JNICALL Java_org_ngb_media_MediaManager_start(JNIEnv *env,
                        ^
framework/ngb-j/jni/org_ngb_media_MediaManager.cpp:1233:24: warning: unused parameter 'cls' [-Wunused-parameter]
framework/ngb-j/jni/org_ngb_media_MediaManager.cpp:1254:24: warning: unused parameter 'env' [-Wunused-parameter]
 JNIEXPORT void JNICALL Java_org_ngb_media_MediaManager_stop(JNIEnv *env,
                        ^
framework/ngb-j/jni/org_ngb_media_MediaManager.cpp:1254:24: warning: unused parameter 'cls' [-Wunused-parameter]
framework/ngb-j/jni/org_ngb_media_MediaManager.cpp:1254:24: warning: unused parameter 'mode' [-Wunused-parameter]
framework/ngb-j/jni/org_ngb_media_MediaManager.cpp:1271:24: warning: unused parameter 'env' [-Wunused-parameter]
 JNIEXPORT jint JNICALL Java_org_ngb_media_MediaManager_deallocate(JNIEnv *env,
                        ^
framework/ngb-j/jni/org_ngb_media_MediaManager.cpp:1271:24: warning: unused parameter 'cls' [-Wunused-parameter]
framework/ngb-j/jni/org_ngb_media_MediaManager.cpp:1290:24: warning: unused parameter 'env' [-Wunused-parameter]
 JNIEXPORT void JNICALL Java_org_ngb_media_MediaManager_setAbsoluteTimePosition(
                        ^
framework/ngb-j/jni/org_ngb_media_MediaManager.cpp:1290:24: warning: unused parameter 'cls' [-Wunused-parameter]
framework/ngb-j/jni/org_ngb_media_MediaManager.cpp:1308:24: warning: unused parameter 'env' [-Wunused-parameter]
 JNIEXPORT void JNICALL Java_org_ngb_media_MediaManager_setRelativeTimePosition(
                        ^
framework/ngb-j/jni/org_ngb_media_MediaManager.cpp:1308:24: warning: unused parameter 'cls' [-Wunused-parameter]
framework/ngb-j/jni/org_ngb_media_MediaManager.cpp: In function 'jint Java_org_ngb_media_MediaManager_preparePlayer(JNIEnv*, jclass, jbyteArray)':
framework/ngb-j/jni/org_ngb_media_MediaManager.cpp:1377:26: warning: comparison between signed and unsigned integer expressions [-Wsign-compare]
  if (len >= sizeof(urlStr)) {
                          ^
framework/ngb-j/jni/org_ngb_media_MediaManager.cpp: In function 'jint Java_org_ngb_media_MediaManager_setPlayerUrl(JNIEnv*, jclass, jint, jbyteArray)':
framework/ngb-j/jni/org_ngb_media_MediaManager.cpp:1430:26: warning: comparison between signed and unsigned integer expressions [-Wsign-compare]
  if (len >= sizeof(urlStr)) {
                          ^
framework/ngb-j/jni/org_ngb_media_MediaManager.cpp: At global scope:
framework/ngb-j/jni/org_ngb_media_MediaManager.cpp:1471:24: warning: unused parameter 'env' [-Wunused-parameter]
 JNIEXPORT jint JNICALL Java_org_ngb_media_MediaManager_getVolume(JNIEnv *env,
                        ^
framework/ngb-j/jni/org_ngb_media_MediaManager.cpp:1471:24: warning: unused parameter 'cls' [-Wunused-parameter]
framework/ngb-j/jni/org_ngb_media_MediaManager.cpp:1489:28: warning: unused parameter 'env' [-Wunused-parameter]
 JNIEXPORT jboolean JNICALL Java_org_ngb_media_MediaManager_setVolume(
                            ^
framework/ngb-j/jni/org_ngb_media_MediaManager.cpp:1489:28: warning: unused parameter 'cls' [-Wunused-parameter]
framework/ngb-j/jni/org_ngb_media_MediaManager.cpp:1511:24: warning: unused parameter 'env' [-Wunused-parameter]
 JNIEXPORT jint JNICALL Java_org_ngb_media_MediaManager_closeVideo(JNIEnv *env,
                        ^
framework/ngb-j/jni/org_ngb_media_MediaManager.cpp:1511:24: warning: unused parameter 'cls' [-Wunused-parameter]
framework/ngb-j/jni/org_ngb_media_MediaManager.cpp:1533:24: warning: unused parameter 'env' [-Wunused-parameter]
 JNIEXPORT jint JNICALL Java_org_ngb_media_MediaManager_openVideo(JNIEnv *env,
                        ^
framework/ngb-j/jni/org_ngb_media_MediaManager.cpp:1533:24: warning: unused parameter 'cls' [-Wunused-parameter]
framework/ngb-j/jni/org_ngb_media_MediaManager.cpp:1553:28: warning: unused parameter 'env' [-Wunused-parameter]
 JNIEXPORT jboolean JNICALL Java_org_ngb_media_MediaManager_isVideoOpen(
                            ^
framework/ngb-j/jni/org_ngb_media_MediaManager.cpp:1553:28: warning: unused parameter 'cls' [-Wunused-parameter]
framework/ngb-j/jni/org_ngb_media_MediaManager.cpp:1575:24: warning: unused parameter 'env' [-Wunused-parameter]
 JNIEXPORT void JNICALL Java_org_ngb_media_MediaManager_resetBounds(JNIEnv *env,
                        ^
framework/ngb-j/jni/org_ngb_media_MediaManager.cpp:1575:24: warning: unused parameter 'cls' [-Wunused-parameter]
framework/ngb-j/jni/org_ngb_media_MediaManager.cpp:1607:24: warning: unused parameter 'env' [-Wunused-parameter]
 JNIEXPORT jint JNICALL Java_org_ngb_media_MediaManager_setBounds(JNIEnv *env,
                        ^
framework/ngb-j/jni/org_ngb_media_MediaManager.cpp:1607:24: warning: unused parameter 'cls' [-Wunused-parameter]
framework/ngb-j/jni/org_ngb_media_MediaManager.cpp:1633:29: warning: unused parameter 'cls' [-Wunused-parameter]
 JNIEXPORT jintArray JNICALL Java_org_ngb_media_MediaManager_getBounds(
                             ^
framework/ngb-j/jni/org_ngb_media_MediaManager.cpp:1665:24: warning: unused parameter 'env' [-Wunused-parameter]
 JNIEXPORT jint JNICALL Java_org_ngb_media_MediaManager_setClip(JNIEnv *env,
                        ^
framework/ngb-j/jni/org_ngb_media_MediaManager.cpp:1665:24: warning: unused parameter 'cls' [-Wunused-parameter]
framework/ngb-j/jni/org_ngb_media_MediaManager.cpp:1696:29: warning: unused parameter 'cls' [-Wunused-parameter]
 JNIEXPORT jintArray JNICALL Java_org_ngb_media_MediaManager_getClip(
                             ^
framework/ngb-j/jni/org_ngb_media_MediaManager.cpp:1729:24: warning: unused parameter 'env' [-Wunused-parameter]
 JNIEXPORT jint JNICALL Java_org_ngb_media_MediaManager_getStopMode(JNIEnv *env, jclass cls, jint player) {
                        ^
framework/ngb-j/jni/org_ngb_media_MediaManager.cpp:1729:24: warning: unused parameter 'cls' [-Wunused-parameter]
framework/ngb-j/jni/org_ngb_media_MediaManager.cpp:1750:28: warning: unused parameter 'env' [-Wunused-parameter]
 JNIEXPORT jboolean JNICALL Java_org_ngb_media_MediaManager_setStopMode(JNIEnv *env, jclass cls, jint player, jint javaMode) {
                            ^
framework/ngb-j/jni/org_ngb_media_MediaManager.cpp:1750:28: warning: unused parameter 'cls' [-Wunused-parameter]
framework/ngb-j/jni/org_ngb_media_MediaManager.cpp:1770:24: warning: unused parameter 'env' [-Wunused-parameter]
 JNIEXPORT jint JNICALL Java_org_ngb_media_MediaManager_selectStream(
                        ^
framework/ngb-j/jni/org_ngb_media_MediaManager.cpp:1770:24: warning: unused parameter 'cls' [-Wunused-parameter]
framework/ngb-j/jni/org_ngb_media_MediaManager.cpp:1789:27: warning: unused parameter 'cls' [-Wunused-parameter]
 JNIEXPORT jobject JNICALL Java_org_ngb_media_MediaManager_getCurrentStream(
                           ^
framework/ngb-j/jni/org_ngb_media_MediaManager.cpp: In function '_jobjectArray* Java_org_ngb_media_MediaManager_listAvailableStreams(JNIEnv*, jclass, jint, jint)':
framework/ngb-j/jni/org_ngb_media_MediaManager.cpp:1954:24: warning: comparison between signed and unsigned integer expressions [-Wsign-compare]
   for(i=0;i<audio.size();i++){
                        ^
framework/ngb-j/jni/org_ngb_media_MediaManager.cpp: At global scope:
framework/ngb-j/jni/org_ngb_media_MediaManager.cpp:1867:32: warning: unused parameter 'cls' [-Wunused-parameter]
 JNIEXPORT jobjectArray JNICALL Java_org_ngb_media_MediaManager_listAvailableStreams(
                                ^
framework/ngb-j/jni/org_ngb_media_MediaManager.cpp:2013:28: warning: unused parameter 'env' [-Wunused-parameter]
 JNIEXPORT jboolean JNICALL Java_org_ngb_media_MediaManager_isSupportTrickMode(
                            ^
framework/ngb-j/jni/org_ngb_media_MediaManager.cpp:2013:28: warning: unused parameter 'cls' [-Wunused-parameter]
framework/ngb-j/jni/org_ngb_media_MediaManager.cpp:2029:24: warning: unused parameter 'cls' [-Wunused-parameter]
 JNIEXPORT void JNICALL Java_org_ngb_media_MediaManager_setSurface(
                        ^
framework/ngb-j/jni/org_ngb_media_MediaManager.cpp:2058:11: warning: unused parameter 'mp' [-Wunused-parameter]
      void MyTvosMediaPlayerListener::onPrepared(TvosMediaPlayer* mp){
           ^
framework/ngb-j/jni/org_ngb_media_MediaManager.cpp:2102:11: warning: unused parameter 'mp' [-Wunused-parameter]
      void MyTvosMediaPlayerListener::onBufferingUpdate(TvosMediaPlayer* mp, int percent){
           ^
framework/ngb-j/jni/org_ngb_media_MediaManager.cpp:2102:11: warning: unused parameter 'percent' [-Wunused-parameter]
framework/ngb-j/jni/org_ngb_media_MediaManager.cpp:2145:11: warning: unused parameter 'mp' [-Wunused-parameter]
      void MyTvosMediaPlayerListener::onVideoSizeChanged(TvosMediaPlayer* mp, int width, int height){
           ^
framework/ngb-j/jni/org_ngb_media_MediaManager.cpp:2145:11: warning: unused parameter 'width' [-Wunused-parameter]
framework/ngb-j/jni/org_ngb_media_MediaManager.cpp:2145:11: warning: unused parameter 'height' [-Wunused-parameter]
framework/ngb-j/jni/org_ngb_media_MediaManager.cpp:2193:11: warning: unused parameter 'mp' [-Wunused-parameter]
      bool MyTvosMediaPlayerListener::onInfo(TvosMediaPlayer* mp, int what, int extra){
           ^
framework/ngb-j/jni/org_ngb_media_MediaManager.cpp:2193:11: warning: unused parameter 'what' [-Wunused-parameter]
framework/ngb-j/jni/org_ngb_media_MediaManager.cpp:2193:11: warning: unused parameter 'extra' [-Wunused-parameter]
framework/ngb-j/jni/org_ngb_media_MediaManager.cpp:2264:9: warning: unused parameter 'mp' [-Wunused-parameter]
    void MyTvosMediaPlayerListener::onTvosSetPaceSuccess(TvosMediaPlayer* mp){
         ^
framework/ngb-j/jni/org_ngb_media_MediaManager.cpp:2296:8: warning: unused parameter 'mp' [-Wunused-parameter]
   void MyTvosMediaPlayerListener::onTvosSetPaceFailed(TvosMediaPlayer* mp){
        ^
framework/ngb-j/jni/org_ngb_media_MediaManager.cpp:2367:7: warning: unused parameter 'mp' [-Wunused-parameter]
  void MyTvosMediaPlayerListener::onTvosPauseSuccess(TvosMediaPlayer* mp){
       ^
framework/ngb-j/jni/org_ngb_media_MediaManager.cpp:2379:7: warning: unused parameter 'mp' [-Wunused-parameter]
  void MyTvosMediaPlayerListener::onTvosPauseFailed(TvosMediaPlayer* mp){
       ^
framework/ngb-j/jni/org_ngb_media_MediaManager.cpp:2391:7: warning: unused parameter 'mp' [-Wunused-parameter]
  void MyTvosMediaPlayerListener::onTvosResumeSuccess(TvosMediaPlayer* mp){
       ^
framework/ngb-j/jni/org_ngb_media_MediaManager.cpp:2403:7: warning: unused parameter 'mp' [-Wunused-parameter]
  void MyTvosMediaPlayerListener::onTvosResumeFailed(TvosMediaPlayer* mp){
       ^
framework/ngb-j/jni/org_ngb_media_MediaManager.cpp:2444:7: warning: unused parameter 'mp' [-Wunused-parameter]
  void MyTvosMediaPlayerListener::onTvosStopFailed(TvosMediaPlayer* mp){
       ^
framework/ngb-j/jni/org_ngb_media_MediaManager.cpp:2514:8: warning: unused parameter 'mp' [-Wunused-parameter]
   void MyTvosMediaPlayerListener::onTvosAudioDecodeSuccess(TvosMediaPlayer* mp){
        ^
framework/ngb-j/jni/org_ngb_media_MediaManager.cpp:2526:7: warning: unused parameter 'mp' [-Wunused-parameter]
  void MyTvosMediaPlayerListener::onTvosAudioDecodeFailed(TvosMediaPlayer* mp){
       ^
framework/ngb-j/jni/org_ngb_media_MediaManager.cpp:2546:7: warning: unused parameter 'mp' [-Wunused-parameter]
  void MyTvosMediaPlayerListener::onTvosVideoDecodeSuccess(TvosMediaPlayer* mp){
       ^
framework/ngb-j/jni/org_ngb_media_MediaManager.cpp:2558:7: warning: unused parameter 'mp' [-Wunused-parameter]
  void MyTvosMediaPlayerListener::onTvosVideoDecodeFailed(TvosMediaPlayer* mp){
       ^
framework/ngb-j/jni/org_ngb_media_MediaManager.cpp: In function 'void Java_org_ngb_media_MediaManager_unregistPlayerListener(JNIEnv*, jclass, jint, jint)':
framework/ngb-j/jni/org_ngb_media_MediaManager.cpp:946:56: warning: 'retcode' is used uninitialized in this function [-Wuninitialized]
  ALOGD("^^^^unregister mediaplayer code=%d\n", retcode);
                                                        ^
framework/ngb-j/jni/org_ngb_media_MediaManager.cpp: In function 'jint Java_org_ngb_media_MediaManager_getStopMode(JNIEnv*, jclass, jint)':
framework/ngb-j/jni/org_ngb_media_MediaManager.cpp:1739:57: warning: 'retcode' may be used uninitialized in this function [-Wmaybe-uninitialized]
   ALOGD("^^^^mplayer getstopMode failed: %d\n", retcode);
                                                         ^
