In file included from platform/android/external/netperf/nettest_bsd.c:137:0:
platform/android/external/netperf/netlib.h:608:0: warning: "bcopy" redefined [enabled by default]
 #define bcopy(s,d,h) memcpy((d),(s),(h))
 ^
In file included from platform/android/bionic/libc/include/stdlib.h:36:0,
                 from platform/android/external/netperf/nettest_bsd.c:50:
platform/android/bionic/libc/include/strings.h:47:0: note: this is the location of the previous definition
 #define bcopy(b1, b2, len) \
 ^
platform/android/external/netperf/nettest_bsd.c: In function 'get_tcp_info':
platform/android/external/netperf/nettest_bsd.c:517:4: warning: pointer targets in passing argument 5 of 'getsockopt' differ in signedness [-Wpointer-sign]
    &sock_opt_len) == SOCKET_ERROR) {
    ^
In file included from platform/android/external/netperf/nettest_bsd.c:102:0:
platform/android/bionic/libc/include/sys/socket.h:277:18: note: expected 'socklen_t *' but argument is of type 'size_t *'
 __socketcall int getsockopt(int, int, int, void*, socklen_t*);
                  ^
platform/android/external/netperf/nettest_bsd.c: In function 'recv_tcp_stream':
platform/android/external/netperf/nettest_bsd.c:4393:5: warning: pointer targets in passing argument 3 of 'getsockname' differ in signedness [-Wpointer-sign]
     &addrlen) == SOCKET_ERROR){
     ^
In file included from platform/android/external/netperf/nettest_bsd.c:102:0:
platform/android/bionic/libc/include/sys/socket.h:276:18: note: expected 'socklen_t *' but argument is of type 'size_t *'
 __socketcall int getsockname(int, struct sockaddr*, socklen_t*);
                  ^
platform/android/external/netperf/nettest_bsd.c:4440:8: warning: pointer targets in passing argument 3 of 'accept' differ in signedness [-Wpointer-sign]
        &addrlen)) == INVALID_SOCKET) {
        ^
In file included from platform/android/external/netperf/nettest_bsd.c:102:0:
platform/android/bionic/libc/include/sys/socket.h:271:18: note: expected 'socklen_t *' but argument is of type 'size_t *'
 __socketcall int accept(int, struct sockaddr*, socklen_t*);
                  ^
platform/android/external/netperf/nettest_bsd.c: In function 'recv_tcp_maerts':
platform/android/external/netperf/nettest_bsd.c:4727:5: warning: pointer targets in passing argument 3 of 'getsockname' differ in signedness [-Wpointer-sign]
     &addrlen) == SOCKET_ERROR){
     ^
In file included from platform/android/external/netperf/nettest_bsd.c:102:0:
platform/android/bionic/libc/include/sys/socket.h:276:18: note: expected 'socklen_t *' but argument is of type 'size_t *'
 __socketcall int getsockname(int, struct sockaddr*, socklen_t*);
                  ^
platform/android/external/netperf/nettest_bsd.c:4786:8: warning: pointer targets in passing argument 3 of 'accept' differ in signedness [-Wpointer-sign]
        &addrlen)) == INVALID_SOCKET) {
        ^
In file included from platform/android/external/netperf/nettest_bsd.c:102:0:
platform/android/bionic/libc/include/sys/socket.h:271:18: note: expected 'socklen_t *' but argument is of type 'size_t *'
 __socketcall int accept(int, struct sockaddr*, socklen_t*);
                  ^
platform/android/external/netperf/nettest_bsd.c: In function 'recv_udp_stream':
platform/android/external/netperf/nettest_bsd.c:6399:5: warning: pointer targets in passing argument 3 of 'getsockname' differ in signedness [-Wpointer-sign]
     &addrlen) == SOCKET_ERROR){
     ^
In file included from platform/android/external/netperf/nettest_bsd.c:102:0:
platform/android/bionic/libc/include/sys/socket.h:276:18: note: expected 'socklen_t *' but argument is of type 'size_t *'
 __socketcall int getsockname(int, struct sockaddr*, socklen_t*);
                  ^
platform/android/external/netperf/nettest_bsd.c:6482:28: warning: pointer targets in passing argument 6 of 'recvfrom' differ in signedness [-Wpointer-sign]
                    (struct sockaddr*)&remote_addr, &remote_addrlen);
                            ^
In file included from platform/android/external/netperf/nettest_bsd.c:102:0:
platform/android/bionic/libc/include/sys/socket.h:301:9: note: expected 'socklen_t *' but argument is of type 'size_t *'
 ssize_t recvfrom(int fd, void* buf, size_t len, int flags, const struct sockaddr* src_addr, socklen_t* addr_len) {
         ^
platform/android/external/netperf/nettest_bsd.c: In function 'recv_udp_rr':
platform/android/external/netperf/nettest_bsd.c:7359:5: warning: pointer targets in passing argument 3 of 'getsockname' differ in signedness [-Wpointer-sign]
     &addrlen) == SOCKET_ERROR){
     ^
In file included from platform/android/external/netperf/nettest_bsd.c:102:0:
platform/android/bionic/libc/include/sys/socket.h:276:18: note: expected 'socklen_t *' but argument is of type 'size_t *'
 __socketcall int getsockname(int, struct sockaddr*, socklen_t*);
                  ^
platform/android/external/netperf/nettest_bsd.c:7443:4: warning: pointer targets in passing argument 6 of 'recvfrom' differ in signedness [-Wpointer-sign]
    &addrlen)) != udp_rr_request->request_size) {
    ^
In file included from platform/android/external/netperf/nettest_bsd.c:102:0:
platform/android/bionic/libc/include/sys/socket.h:301:9: note: expected 'socklen_t *' but argument is of type 'size_t *'
 ssize_t recvfrom(int fd, void* buf, size_t len, int flags, const struct sockaddr* src_addr, socklen_t* addr_len) {
         ^
platform/android/external/netperf/nettest_bsd.c: In function 'recv_tcp_rr':
platform/android/external/netperf/nettest_bsd.c:7691:5: warning: pointer targets in passing argument 3 of 'getsockname' differ in signedness [-Wpointer-sign]
     &addrlen) == SOCKET_ERROR) {
     ^
In file included from platform/android/external/netperf/nettest_bsd.c:102:0:
platform/android/bionic/libc/include/sys/socket.h:276:18: note: expected 'socklen_t *' but argument is of type 'size_t *'
 __socketcall int getsockname(int, struct sockaddr*, socklen_t*);
                  ^
platform/android/external/netperf/nettest_bsd.c:7736:10: warning: pointer targets in passing argument 3 of 'accept' differ in signedness [-Wpointer-sign]
          &addrlen)) == INVALID_SOCKET) {
          ^
In file included from platform/android/external/netperf/nettest_bsd.c:102:0:
platform/android/bionic/libc/include/sys/socket.h:271:18: note: expected 'socklen_t *' but argument is of type 'size_t *'
 __socketcall int accept(int, struct sockaddr*, socklen_t*);
                  ^
platform/android/external/netperf/nettest_bsd.c: In function 'recv_tcp_conn_rr':
platform/android/external/netperf/nettest_bsd.c:8798:5: warning: pointer targets in passing argument 3 of 'getsockname' differ in signedness [-Wpointer-sign]
     &addrlen) == SOCKET_ERROR){
     ^
In file included from platform/android/external/netperf/nettest_bsd.c:102:0:
platform/android/bionic/libc/include/sys/socket.h:276:18: note: expected 'socklen_t *' but argument is of type 'size_t *'
 __socketcall int getsockname(int, struct sockaddr*, socklen_t*);
                  ^
platform/android/external/netperf/nettest_bsd.c:8880:10: warning: pointer targets in passing argument 3 of 'accept' differ in signedness [-Wpointer-sign]
          &addrlen)) == INVALID_SOCKET) {
          ^
In file included from platform/android/external/netperf/nettest_bsd.c:102:0:
platform/android/bionic/libc/include/sys/socket.h:271:18: note: expected 'socklen_t *' but argument is of type 'size_t *'
 __socketcall int accept(int, struct sockaddr*, socklen_t*);
                  ^
platform/android/external/netperf/nettest_bsd.c: In function 'recv_tcp_cc':
platform/android/external/netperf/nettest_bsd.c:11878:5: warning: pointer targets in passing argument 3 of 'getsockname' differ in signedness [-Wpointer-sign]
     &addrlen) == SOCKET_ERROR){
     ^
In file included from platform/android/external/netperf/nettest_bsd.c:102:0:
platform/android/bionic/libc/include/sys/socket.h:276:18: note: expected 'socklen_t *' but argument is of type 'size_t *'
 __socketcall int getsockname(int, struct sockaddr*, socklen_t*);
                  ^
platform/android/external/netperf/nettest_bsd.c:11959:10: warning: pointer targets in passing argument 3 of 'accept' differ in signedness [-Wpointer-sign]
          &addrlen)) == INVALID_SOCKET) {
          ^
In file included from platform/android/external/netperf/nettest_bsd.c:102:0:
platform/android/bionic/libc/include/sys/socket.h:271:18: note: expected 'socklen_t *' but argument is of type 'size_t *'
 __socketcall int accept(int, struct sockaddr*, socklen_t*);
                  ^
platform/android/external/netperf/nettest_bsd.c: In function 'send_tcp_maerts':
platform/android/external/netperf/nettest_bsd.c:2348:8: warning: 'len' may be used uninitialized in this function [-Wmaybe-uninitialized]
     if (((len < 0) || SOCKET_EINTR(len)) && (!no_control)) {
        ^
