platform/android/external/libexif/libexif/fuji/mnote-fuji-entry.c:61:5: warning: implicit conversion from enumeration type 'enum _MnoteFujiTag' to different enumeration type 'ExifTag' [-Wenum-conversion]
  { MNOTE_FUJI_TAG_SHARPNESS,
  ~ ^~~~~~~~~~~~~~~~~~~~~~~~
platform/android/external/libexif/libexif/fuji/mnote-fuji-entry.c:72:5: warning: implicit conversion from enumeration type 'enum _MnoteFujiTag' to different enumeration type 'ExifTag' [-Wenum-conversion]
  { MNOTE_FUJI_TAG_WHITE_BALANCE,
  ~ ^~~~~~~~~~~~~~~~~~~~~~~~~~~~
platform/android/external/libexif/libexif/fuji/mnote-fuji-entry.c:83:5: warning: implicit conversion from enumeration type 'enum _MnoteFujiTag' to different enumeration type 'ExifTag' [-Wenum-conversion]
  { MNOTE_FUJI_TAG_COLOR,
  ~ ^~~~~~~~~~~~~~~~~~~~
platform/android/external/libexif/libexif/fuji/mnote-fuji-entry.c:92:5: warning: implicit conversion from enumeration type 'enum _MnoteFujiTag' to different enumeration type 'ExifTag' [-Wenum-conversion]
  { MNOTE_FUJI_TAG_TONE,
  ~ ^~~~~~~~~~~~~~~~~~~
platform/android/external/libexif/libexif/fuji/mnote-fuji-entry.c:100:5: warning: implicit conversion from enumeration type 'enum _MnoteFujiTag' to different enumeration type 'ExifTag' [-Wenum-conversion]
  { MNOTE_FUJI_TAG_FLASH_MODE,
  ~ ^~~~~~~~~~~~~~~~~~~~~~~~~
platform/android/external/libexif/libexif/fuji/mnote-fuji-entry.c:106:5: warning: implicit conversion from enumeration type 'enum _MnoteFujiTag' to different enumeration type 'ExifTag' [-Wenum-conversion]
  { MNOTE_FUJI_TAG_MACRO,
  ~ ^~~~~~~~~~~~~~~~~~~~
platform/android/external/libexif/libexif/fuji/mnote-fuji-entry.c:110:5: warning: implicit conversion from enumeration type 'enum _MnoteFujiTag' to different enumeration type 'ExifTag' [-Wenum-conversion]
  { MNOTE_FUJI_TAG_FOCUS_MODE,
  ~ ^~~~~~~~~~~~~~~~~~~~~~~~~
platform/android/external/libexif/libexif/fuji/mnote-fuji-entry.c:114:5: warning: implicit conversion from enumeration type 'enum _MnoteFujiTag' to different enumeration type 'ExifTag' [-Wenum-conversion]
  { MNOTE_FUJI_TAG_SLOW_SYNC,
  ~ ^~~~~~~~~~~~~~~~~~~~~~~~
platform/android/external/libexif/libexif/fuji/mnote-fuji-entry.c:118:5: warning: implicit conversion from enumeration type 'enum _MnoteFujiTag' to different enumeration type 'ExifTag' [-Wenum-conversion]
  { MNOTE_FUJI_TAG_PICTURE_MODE,
  ~ ^~~~~~~~~~~~~~~~~~~~~~~~~~~
platform/android/external/libexif/libexif/fuji/mnote-fuji-entry.c:141:5: warning: implicit conversion from enumeration type 'enum _MnoteFujiTag' to different enumeration type 'ExifTag' [-Wenum-conversion]
  { MNOTE_FUJI_TAG_CONT_TAKING,
  ~ ^~~~~~~~~~~~~~~~~~~~~~~~~~
platform/android/external/libexif/libexif/fuji/mnote-fuji-entry.c:145:5: warning: implicit conversion from enumeration type 'enum _MnoteFujiTag' to different enumeration type 'ExifTag' [-Wenum-conversion]
  { MNOTE_FUJI_TAG_FINEPIX_COLOR,
  ~ ^~~~~~~~~~~~~~~~~~~~~~~~~~~~
platform/android/external/libexif/libexif/fuji/mnote-fuji-entry.c:150:5: warning: implicit conversion from enumeration type 'enum _MnoteFujiTag' to different enumeration type 'ExifTag' [-Wenum-conversion]
  { MNOTE_FUJI_TAG_BLUR_CHECK,
  ~ ^~~~~~~~~~~~~~~~~~~~~~~~~
platform/android/external/libexif/libexif/fuji/mnote-fuji-entry.c:154:5: warning: implicit conversion from enumeration type 'enum _MnoteFujiTag' to different enumeration type 'ExifTag' [-Wenum-conversion]
  { MNOTE_FUJI_TAG_FOCUS_CHECK,
  ~ ^~~~~~~~~~~~~~~~~~~~~~~~~~
platform/android/external/libexif/libexif/fuji/mnote-fuji-entry.c:158:5: warning: implicit conversion from enumeration type 'enum _MnoteFujiTag' to different enumeration type 'ExifTag' [-Wenum-conversion]
  { MNOTE_FUJI_TAG_AUTO_EXPOSURE_CHECK,
  ~ ^~~~~~~~~~~~~~~~~~~~~~~~~~~~~~~~~~
platform/android/external/libexif/libexif/fuji/mnote-fuji-entry.c:162:5: warning: implicit conversion from enumeration type 'enum _MnoteFujiTag' to different enumeration type 'ExifTag' [-Wenum-conversion]
  { MNOTE_FUJI_TAG_DYNAMIC_RANGE,
  ~ ^~~~~~~~~~~~~~~~~~~~~~~~~~~~
platform/android/external/libexif/libexif/fuji/mnote-fuji-entry.c:166:5: warning: implicit conversion from enumeration type 'enum _MnoteFujiTag' to different enumeration type 'ExifTag' [-Wenum-conversion]
  { MNOTE_FUJI_TAG_FILM_MODE,
  ~ ^~~~~~~~~~~~~~~~~~~~~~~~
platform/android/external/libexif/libexif/fuji/mnote-fuji-entry.c:176:5: warning: implicit conversion from enumeration type 'enum _MnoteFujiTag' to different enumeration type 'ExifTag' [-Wenum-conversion]
  { MNOTE_FUJI_TAG_DYNAMIC_RANGE_SETTING,
  ~ ^~~~~~~~~~~~~~~~~~~~~~~~~~~~~~~~~~~~
17 warnings generated.
