platform/android/external/neven/Embedded/common/src/b_BitFeatureEm/LocalScanner.c: In function 'bbf_LocalScanner_downscale1':
platform/android/external/neven/Embedded/common/src/b_BitFeatureEm/LocalScanner.c:107:55: warning: unused parameter 'cpA' [-Wunused-parameter]
 void bbf_LocalScanner_downscale1( struct bbs_Context* cpA, struct bbf_LocalScanner* ptrA )
                                                       ^
platform/android/external/neven/Embedded/common/src/b_BitFeatureEm/LocalScanner.c: In function 'bbf_LocalScanner_setWorkScanRegion':
platform/android/external/neven/Embedded/common/src/b_BitFeatureEm/LocalScanner.c:325:93: warning: signed and unsigned type in conditional expression [-Wsign-compare]
  ptrA->workScanRegionE.x2E = ( xMaxL > ( int32 )ptrA->currentWidthE ) ? ptrA->currentWidthE : xMaxL;
                                                                                             ^
platform/android/external/neven/Embedded/common/src/b_BitFeatureEm/LocalScanner.c:326:95: warning: signed and unsigned type in conditional expression [-Wsign-compare]
  ptrA->workScanRegionE.y2E = ( yMaxL > ( int32 )ptrA->currentHeightE ) ? ptrA->currentHeightE : yMaxL;
                                                                                               ^
platform/android/external/neven/Embedded/common/src/b_BitFeatureEm/LocalScanner.c:317:62: warning: unused parameter 'cpA' [-Wunused-parameter]
 void bbf_LocalScanner_setWorkScanRegion( struct bbs_Context* cpA, struct bbf_LocalScanner* ptrA )
                                                              ^
platform/android/external/neven/Embedded/common/src/b_BitFeatureEm/LocalScanner.c: In function 'bbf_LocalScanner_copy':
platform/android/external/neven/Embedded/common/src/b_BitFeatureEm/LocalScanner.c:416:42: warning: unused parameter 'ptrA' [-Wunused-parameter]
                 struct bbf_LocalScanner* ptrA, 
                                          ^
platform/android/external/neven/Embedded/common/src/b_BitFeatureEm/LocalScanner.c:417:45: warning: unused parameter 'srcPtrA' [-Wunused-parameter]
              const struct bbf_LocalScanner* srcPtrA )
                                             ^
platform/android/external/neven/Embedded/common/src/b_BitFeatureEm/LocalScanner.c: In function 'bbf_LocalScanner_equal':
platform/android/external/neven/Embedded/common/src/b_BitFeatureEm/LocalScanner.c:425:40: warning: unused parameter 'ptrA' [-Wunused-parameter]
         const struct bbf_LocalScanner* ptrA, 
                                        ^
platform/android/external/neven/Embedded/common/src/b_BitFeatureEm/LocalScanner.c:426:40: warning: unused parameter 'srcPtrA' [-Wunused-parameter]
         const struct bbf_LocalScanner* srcPtrA )
                                        ^
platform/android/external/neven/Embedded/common/src/b_BitFeatureEm/LocalScanner.c: In function 'bbf_LocalScanner_memSize':
platform/android/external/neven/Embedded/common/src/b_BitFeatureEm/LocalScanner.c:543:54: warning: unused parameter 'cpA' [-Wunused-parameter]
 uint32 bbf_LocalScanner_memSize( struct bbs_Context* cpA,
                                                      ^
platform/android/external/neven/Embedded/common/src/b_BitFeatureEm/LocalScanner.c: In function 'bbf_LocalScanner_next':
platform/android/external/neven/Embedded/common/src/b_BitFeatureEm/LocalScanner.c:676:49: warning: unused parameter 'cpA' [-Wunused-parameter]
 flag bbf_LocalScanner_next( struct bbs_Context* cpA, struct bbf_LocalScanner* ptrA )
                                                 ^
