device/hisilicon/bigfish/HiSTBSDKV6R2/sample/tuner/sample_tuner_dvbs.c: In function 'set_pin_mux':
device/hisilicon/bigfish/HiSTBSDKV6R2/sample/tuner/sample_tuner_dvbs.c:249:41: warning: unused parameter 'stTunerAttr' [-Wunused-parameter]
 HI_VOID set_pin_mux(HI_UNF_TUNER_ATTR_S stTunerAttr)
                                         ^
device/hisilicon/bigfish/HiSTBSDKV6R2/sample/tuner/sample_tuner_dvbs.c: In function 'hi_tuner_getvcm':
device/hisilicon/bigfish/HiSTBSDKV6R2/sample/tuner/sample_tuner_dvbs.c:1110:31: warning: unused parameter 'nouse' [-Wunused-parameter]
 HI_VOID hi_tuner_getvcm(char *nouse)
                               ^
device/hisilicon/bigfish/HiSTBSDKV6R2/sample/tuner/sample_tuner_dvbs.c: In function 'hi_tuner_getsignalinfo':
device/hisilicon/bigfish/HiSTBSDKV6R2/sample/tuner/sample_tuner_dvbs.c:1424:39: warning: unused parameter 'para' [-Wunused-parameter]
 HI_VOID hi_tuner_getsignalinfo(char * para)
                                       ^
device/hisilicon/bigfish/HiSTBSDKV6R2/sample/tuner/sample_tuner_dvbs.c: In function 'hi_tuner_diseqc_set':
device/hisilicon/bigfish/HiSTBSDKV6R2/sample/tuner/sample_tuner_dvbs.c:1888:36: warning: unused parameter 'u32TunerId' [-Wunused-parameter]
 HI_VOID hi_tuner_diseqc_set(HI_U32 u32TunerId, HI_UNF_TUNER_FE_POLARIZATION_E enPolar,
                                    ^
device/hisilicon/bigfish/HiSTBSDKV6R2/sample/tuner/sample_tuner_dvbs.c:1888:79: warning: unused parameter 'enPolar' [-Wunused-parameter]
 HI_VOID hi_tuner_diseqc_set(HI_U32 u32TunerId, HI_UNF_TUNER_FE_POLARIZATION_E enPolar,
                                                                               ^
device/hisilicon/bigfish/HiSTBSDKV6R2/sample/tuner/sample_tuner_dvbs.c:1889:87: warning: unused parameter 'enLNB22K' [-Wunused-parameter]
                                                             HI_UNF_TUNER_FE_LNB_22K_E enLNB22K)
                                                                                       ^
device/hisilicon/bigfish/HiSTBSDKV6R2/sample/tuner/sample_tuner_dvbs.c: In function 'hi_tuner_blindscan_notify':
device/hisilicon/bigfish/HiSTBSDKV6R2/sample/tuner/sample_tuner_dvbs.c:1933:27: warning: comparison between signed and unsigned integer expressions [-Wsign-compare]
             if(s_s32TPNum < sizeof(s_astTP) / sizeof(HI_UNF_TUNER_SAT_TPINFO_S))
                           ^
device/hisilicon/bigfish/HiSTBSDKV6R2/sample/tuner/sample_tuner_dvbs.c:1897:42: warning: unused parameter 'u32TunerId' [-Wunused-parameter]
 HI_VOID hi_tuner_blindscan_notify(HI_U32 u32TunerId, HI_UNF_TUNER_BLINDSCAN_EVT_E enEVT, HI_UNF_TUNER_BLINDSCAN_NOTIFY_U* punNotify)
                                          ^
device/hisilicon/bigfish/HiSTBSDKV6R2/sample/tuner/sample_tuner_dvbs.c: In function 'hi_tuner_blindscan_stop':
device/hisilicon/bigfish/HiSTBSDKV6R2/sample/tuner/sample_tuner_dvbs.c:2007:40: warning: unused parameter 'arg' [-Wunused-parameter]
 HI_VOID hi_tuner_blindscan_stop(char * arg)
                                        ^
device/hisilicon/bigfish/HiSTBSDKV6R2/sample/tuner/sample_tuner_dvbs.c: In function 'hi_tuner_sample_data':
device/hisilicon/bigfish/HiSTBSDKV6R2/sample/tuner/sample_tuner_dvbs.c:2141:27: warning: comparison between signed and unsigned integer expressions [-Wsign-compare]
             for (i = 0; i < u32Len; i++)
                           ^
device/hisilicon/bigfish/HiSTBSDKV6R2/sample/tuner/sample_tuner_dvbs.c:2185:27: warning: comparison between signed and unsigned integer expressions [-Wsign-compare]
             for (i = 0; i < u32Len; i++)
                           ^
device/hisilicon/bigfish/HiSTBSDKV6R2/sample/tuner/sample_tuner_dvbs.c: In function 'unicable_check_status':
device/hisilicon/bigfish/HiSTBSDKV6R2/sample/tuner/sample_tuner_dvbs.c:2402:38: warning: unused parameter 'u32TunerId' [-Wunused-parameter]
 HI_VOID unicable_check_status(HI_U32 u32TunerId, HI_UNF_TUNER_UNICABLE_SCAN_USER_BAND_EVT_E enEvent,HI_UNF_TUNER_UNICABLE_SCAN_USER_BAND_NOTIFY_S *pstNotify)
                                      ^
device/hisilicon/bigfish/HiSTBSDKV6R2/sample/tuner/sample_tuner_dvbs.c: In function 'tcprcv':
device/hisilicon/bigfish/HiSTBSDKV6R2/sample/tuner/sample_tuner_dvbs.c:2883:21: warning: unused parameter 'arg' [-Wunused-parameter]
 void * tcprcv(void *arg)
                     ^
device/hisilicon/bigfish/HiSTBSDKV6R2/sample/tuner/sample_tuner_dvbs.c: In function 'main':
device/hisilicon/bigfish/HiSTBSDKV6R2/sample/tuner/sample_tuner_dvbs.c:2929:20: warning: unused parameter 'argc' [-Wunused-parameter]
 HI_S32 main(HI_S32 argc, char *argv[])
                    ^
device/hisilicon/bigfish/HiSTBSDKV6R2/sample/tuner/sample_tuner_dvbs.c:2929:32: warning: unused parameter 'argv' [-Wunused-parameter]
 HI_S32 main(HI_S32 argc, char *argv[])
                                ^
