In file included from platform/android/external/ppp/pppd/chap_ms.c:96:0:
platform/android/external/ppp/pppd/chap_ms.h:70:1: warning: '__packed__' attribute ignored [-Wattributes]
 } MS_ChapResponse PACKED;
 ^
platform/android/external/ppp/pppd/chap_ms.h:81:1: warning: '__packed__' attribute ignored [-Wattributes]
 } MS_Chap2Response PACKED;
 ^
platform/android/external/ppp/pppd/chap_ms.c: In function 'chapms_verify_response':
platform/android/external/ppp/pppd/chap_ms.c:198:28: warning: unused parameter 'id' [-Wunused-parameter]
 chapms_verify_response(int id, char *name,
                            ^
platform/android/external/ppp/pppd/chap_ms.c:198:38: warning: unused parameter 'name' [-Wunused-parameter]
 chapms_verify_response(int id, char *name,
                                      ^
platform/android/external/ppp/pppd/chap_ms.c: In function 'chapms2_verify_response':
platform/android/external/ppp/pppd/chap_ms.c:248:29: warning: unused parameter 'id' [-Wunused-parameter]
 chapms2_verify_response(int id, char *name,
                             ^
platform/android/external/ppp/pppd/chap_ms.c: In function 'chapms_make_response':
platform/android/external/ppp/pppd/chap_ms.c:327:51: warning: unused parameter 'id' [-Wunused-parameter]
 chapms_make_response(unsigned char *response, int id, char *our_name,
                                                   ^
platform/android/external/ppp/pppd/chap_ms.c:327:61: warning: unused parameter 'our_name' [-Wunused-parameter]
 chapms_make_response(unsigned char *response, int id, char *our_name,
                                                             ^
platform/android/external/ppp/pppd/chap_ms.c:329:23: warning: unused parameter 'private' [-Wunused-parameter]
        unsigned char *private)
                       ^
platform/android/external/ppp/pppd/chap_ms.c: In function 'chapms2_make_response':
platform/android/external/ppp/pppd/chap_ms.c:337:52: warning: unused parameter 'id' [-Wunused-parameter]
 chapms2_make_response(unsigned char *response, int id, char *our_name,
                                                    ^
platform/android/external/ppp/pppd/chap_ms.c: In function 'chapms_handle_failure':
platform/android/external/ppp/pppd/chap_ms.c:419:29: warning: argument to 'sizeof' in 'snprintf' call is the same expression as the destination; did you mean to provide an explicit length? [-Wsizeof-pointer-memaccess]
         snprintf(msg, sizeof(msg), "MS-CHAP authentication failed: %v", p);
                             ^
platform/android/external/ppp/pppd/chap_ms.c:419:9: warning: unknown conversion type character 'v' in format [-Wformat=]
         snprintf(msg, sizeof(msg), "MS-CHAP authentication failed: %v", p);
         ^
platform/android/external/ppp/pppd/chap_ms.c:419:9: warning: too many arguments for format [-Wformat-extra-args]
platform/android/external/ppp/pppd/chap_ms.c:460:33: warning: argument to 'sizeof' in 'snprintf' call is the same expression as the destination; did you mean to provide an explicit length? [-Wsizeof-pointer-memaccess]
             snprintf(msg, sizeof(msg), "Unknown MS-CHAP authentication failure: %.*v", len, inp);
                                 ^
platform/android/external/ppp/pppd/chap_ms.c:460:13: warning: unknown conversion type character 'v' in format [-Wformat=]
             snprintf(msg, sizeof(msg), "Unknown MS-CHAP authentication failure: %.*v", len, inp);
             ^
platform/android/external/ppp/pppd/chap_ms.c:460:13: warning: too many arguments for format [-Wformat-extra-args]
platform/android/external/ppp/pppd/chap_ms.c: In function 'ChallengeHash':
platform/android/external/ppp/pppd/chap_ms.c:530:5: warning: pointer targets in passing argument 3 of 'EVP_DigestFinal_ex' differ in signedness [-Wpointer-sign]
     SHA1_Final(sha1Hash, &sha1Context);
     ^
In file included from platform/android/external/ppp/pppd/openssl-hash.h:20:0,
                 from platform/android/external/ppp/pppd/chap_ms.c:98:
platform/android/external/openssl/include/openssl/evp.h:559:5: note: expected 'unsigned int *' but argument is of type 'int *'
 int EVP_DigestFinal_ex(EVP_MD_CTX *ctx,unsigned char *md,unsigned int *s);
     ^
platform/android/external/ppp/pppd/chap_ms.c: In function 'NTPasswordHash':
platform/android/external/ppp/pppd/chap_ms.c:570:5: warning: pointer targets in passing argument 3 of 'EVP_DigestFinal_ex' differ in signedness [-Wpointer-sign]
     MD4Final(hash, &md4Context);
     ^
In file included from platform/android/external/ppp/pppd/openssl-hash.h:20:0,
                 from platform/android/external/ppp/pppd/chap_ms.c:98:
platform/android/external/openssl/include/openssl/evp.h:559:5: note: expected 'unsigned int *' but argument is of type 'int *'
 int EVP_DigestFinal_ex(EVP_MD_CTX *ctx,unsigned char *md,unsigned int *s);
     ^
platform/android/external/ppp/pppd/chap_ms.c: In function 'GenerateAuthenticatorResponse':
platform/android/external/ppp/pppd/chap_ms.c:660:5: warning: pointer targets in passing argument 3 of 'EVP_DigestFinal_ex' differ in signedness [-Wpointer-sign]
     SHA1_Final(Digest, &sha1Context);
     ^
In file included from platform/android/external/ppp/pppd/openssl-hash.h:20:0,
                 from platform/android/external/ppp/pppd/chap_ms.c:98:
platform/android/external/openssl/include/openssl/evp.h:559:5: note: expected 'unsigned int *' but argument is of type 'int *'
 int EVP_DigestFinal_ex(EVP_MD_CTX *ctx,unsigned char *md,unsigned int *s);
     ^
platform/android/external/ppp/pppd/chap_ms.c:668:5: warning: pointer targets in passing argument 3 of 'EVP_DigestFinal_ex' differ in signedness [-Wpointer-sign]
     SHA1_Final(Digest, &sha1Context);
     ^
In file included from platform/android/external/ppp/pppd/openssl-hash.h:20:0,
                 from platform/android/external/ppp/pppd/chap_ms.c:98:
platform/android/external/openssl/include/openssl/evp.h:559:5: note: expected 'unsigned int *' but argument is of type 'int *'
 int EVP_DigestFinal_ex(EVP_MD_CTX *ctx,unsigned char *md,unsigned int *s);
     ^
platform/android/external/ppp/pppd/chap_ms.c:671:19: warning: comparison between signed and unsigned integer expressions [-Wsign-compare]
     for (i = 0; i < MAX((MS_AUTH_RESPONSE_LENGTH / 2), sizeof(Digest)); i++)
                   ^
platform/android/external/ppp/pppd/chap_ms.c: In function 'mppe_set_keys':
platform/android/external/ppp/pppd/chap_ms.c:713:5: warning: pointer targets in passing argument 3 of 'EVP_DigestFinal_ex' differ in signedness [-Wpointer-sign]
     SHA1_Final(Digest, &sha1Context);
     ^
In file included from platform/android/external/ppp/pppd/openssl-hash.h:20:0,
                 from platform/android/external/ppp/pppd/chap_ms.c:98:
platform/android/external/openssl/include/openssl/evp.h:559:5: note: expected 'unsigned int *' but argument is of type 'int *'
 int EVP_DigestFinal_ex(EVP_MD_CTX *ctx,unsigned char *md,unsigned int *s);
     ^
platform/android/external/ppp/pppd/chap_ms.c: In function 'Set_Start_Key':
platform/android/external/ppp/pppd/chap_ms.c:734:5: warning: pointer targets in passing argument 1 of 'NTPasswordHash' differ in signedness [-Wpointer-sign]
     NTPasswordHash(unicodePassword, secret_len * 2, PasswordHash);
     ^
platform/android/external/ppp/pppd/chap_ms.c:553:1: note: expected 'char *' but argument is of type 'u_char *'
 NTPasswordHash(char *secret, int secret_len, u_char hash[MD4_SIGNATURE_SIZE])
 ^
platform/android/external/ppp/pppd/chap_ms.c:735:5: warning: pointer targets in passing argument 1 of 'NTPasswordHash' differ in signedness [-Wpointer-sign]
     NTPasswordHash(PasswordHash, sizeof(PasswordHash), PasswordHashHash);
     ^
platform/android/external/ppp/pppd/chap_ms.c:553:1: note: expected 'char *' but argument is of type 'u_char *'
 NTPasswordHash(char *secret, int secret_len, u_char hash[MD4_SIGNATURE_SIZE])
 ^
platform/android/external/ppp/pppd/chap_ms.c: In function 'mppe_set_keys2':
platform/android/external/ppp/pppd/chap_ms.c:800:5: warning: pointer targets in passing argument 3 of 'EVP_DigestFinal_ex' differ in signedness [-Wpointer-sign]
     SHA1_Final(MasterKey, &sha1Context);
     ^
In file included from platform/android/external/ppp/pppd/openssl-hash.h:20:0,
                 from platform/android/external/ppp/pppd/chap_ms.c:98:
platform/android/external/openssl/include/openssl/evp.h:559:5: note: expected 'unsigned int *' but argument is of type 'int *'
 int EVP_DigestFinal_ex(EVP_MD_CTX *ctx,unsigned char *md,unsigned int *s);
     ^
platform/android/external/ppp/pppd/chap_ms.c:814:5: warning: pointer targets in passing argument 3 of 'EVP_DigestFinal_ex' differ in signedness [-Wpointer-sign]
     SHA1_Final(Digest, &sha1Context);
     ^
In file included from platform/android/external/ppp/pppd/openssl-hash.h:20:0,
                 from platform/android/external/ppp/pppd/chap_ms.c:98:
platform/android/external/openssl/include/openssl/evp.h:559:5: note: expected 'unsigned int *' but argument is of type 'int *'
 int EVP_DigestFinal_ex(EVP_MD_CTX *ctx,unsigned char *md,unsigned int *s);
     ^
platform/android/external/ppp/pppd/chap_ms.c:830:5: warning: pointer targets in passing argument 3 of 'EVP_DigestFinal_ex' differ in signedness [-Wpointer-sign]
     SHA1_Final(Digest, &sha1Context);
     ^
In file included from platform/android/external/ppp/pppd/openssl-hash.h:20:0,
                 from platform/android/external/ppp/pppd/chap_ms.c:98:
platform/android/external/openssl/include/openssl/evp.h:559:5: note: expected 'unsigned int *' but argument is of type 'int *'
 int EVP_DigestFinal_ex(EVP_MD_CTX *ctx,unsigned char *md,unsigned int *s);
     ^
platform/android/external/ppp/pppd/chap_ms.c: In function 'SetMasterKeys':
platform/android/external/ppp/pppd/chap_ms.c:848:5: warning: pointer targets in passing argument 1 of 'NTPasswordHash' differ in signedness [-Wpointer-sign]
     NTPasswordHash(unicodePassword, secret_len * 2, PasswordHash);
     ^
platform/android/external/ppp/pppd/chap_ms.c:553:1: note: expected 'char *' but argument is of type 'u_char *'
 NTPasswordHash(char *secret, int secret_len, u_char hash[MD4_SIGNATURE_SIZE])
 ^
platform/android/external/ppp/pppd/chap_ms.c:849:5: warning: pointer targets in passing argument 1 of 'NTPasswordHash' differ in signedness [-Wpointer-sign]
     NTPasswordHash(PasswordHash, sizeof(PasswordHash), PasswordHashHash);
     ^
platform/android/external/ppp/pppd/chap_ms.c:553:1: note: expected 'char *' but argument is of type 'u_char *'
 NTPasswordHash(char *secret, int secret_len, u_char hash[MD4_SIGNATURE_SIZE])
 ^
platform/android/external/ppp/pppd/chap_ms.c: In function 'ChapMS2':
platform/android/external/ppp/pppd/chap_ms.c:902:16: warning: comparison between signed and unsigned integer expressions [-Wsign-compare]
  for (i = 0; i < sizeof(response->PeerChallenge); i++)
                ^
platform/android/external/ppp/pppd/chap_ms.c: At top level:
platform/android/external/ppp/pppd/chap_ms.c:962:1: warning: missing initializer for field 'next' of 'struct chap_digest_type' [-Wmissing-field-initializers]
 };
 ^
In file included from platform/android/external/ppp/pppd/chap_ms.c:95:0:
platform/android/external/ppp/pppd/chap-new.h:111:27: note: 'next' declared here
  struct chap_digest_type *next;
                           ^
platform/android/external/ppp/pppd/chap_ms.c:971:1: warning: missing initializer for field 'next' of 'struct chap_digest_type' [-Wmissing-field-initializers]
 };
 ^
In file included from platform/android/external/ppp/pppd/chap_ms.c:95:0:
platform/android/external/ppp/pppd/chap-new.h:111:27: note: 'next' declared here
  struct chap_digest_type *next;
                           ^
