device/hisilicon/bigfish/HiSTBSDKV6R2/hal/src/dmx/tvos_hal_dmx.c: In function 'dmx_init':
device/hisilicon/bigfish/HiSTBSDKV6R2/hal/src/dmx/tvos_hal_dmx.c:859:9: warning: format '%x' expects argument of type 'unsigned int', but argument 4 has type 'S32' [-Wformat=]
         DMX_LOG_ERROR("HI_UNF_DMX_Init fail s32Ret=%#x \n", s32Ret);
         ^
device/hisilicon/bigfish/HiSTBSDKV6R2/hal/src/dmx/tvos_hal_dmx.c:878:9: warning: format '%x' expects argument of type 'unsigned int', but argument 4 has type 'S32' [-Wformat=]
         DMX_LOG_ERROR("pthread_create s32Ret=%#x \n", s32Ret);
         ^
device/hisilicon/bigfish/HiSTBSDKV6R2/hal/src/dmx/tvos_hal_dmx.c: In function 'dmx_channel_open':
device/hisilicon/bigfish/HiSTBSDKV6R2/hal/src/dmx/tvos_hal_dmx.c:1129:9: warning: format '%x' expects argument of type 'unsigned int', but argument 4 has type 'S32' [-Wformat=]
         DMX_LOG_ERROR("HI_UNF_DMX_CreateChannel error ret = %#x \n ", s32Ret);
         ^
device/hisilicon/bigfish/HiSTBSDKV6R2/hal/src/dmx/tvos_hal_dmx.c:1135:9: warning: format '%x' expects argument of type 'unsigned int', but argument 4 has type 'S32' [-Wformat=]
         DMX_LOG_ERROR("HI_UNF_DMX_CreateChannel error ret = %#x \n ", s32Ret);
         ^
device/hisilicon/bigfish/HiSTBSDKV6R2/hal/src/dmx/tvos_hal_dmx.c:1141:9: warning: format '%x' expects argument of type 'unsigned int', but argument 4 has type 'S32' [-Wformat=]
         DMX_LOG_ERROR("HI_UNF_DMX_CreateChannel error ret = %#x \n ", s32Ret);
         ^
device/hisilicon/bigfish/HiSTBSDKV6R2/hal/src/dmx/tvos_hal_dmx.c:1151:13: warning: format '%x' expects argument of type 'unsigned int', but argument 4 has type 'S32' [-Wformat=]
             DMX_LOG_ERROR("HI_UNF_DMX_SetChannelPID error ret = %#x \n ", s32Ret);
             ^
device/hisilicon/bigfish/HiSTBSDKV6R2/hal/src/dmx/tvos_hal_dmx.c:1155:18: warning: format '%x' expects argument of type 'unsigned int', but argument 4 has type 'S32' [-Wformat=]
                  DMX_LOG_ERROR("HI_UNF_DMX_DestroyChannel error ret = %#x \n ", s32Ret);
                  ^
device/hisilicon/bigfish/HiSTBSDKV6R2/hal/src/dmx/tvos_hal_dmx.c: In function 'dmx_channel_close_ex':
device/hisilicon/bigfish/HiSTBSDKV6R2/hal/src/dmx/tvos_hal_dmx.c:1186:17: warning: format '%x' expects argument of type 'unsigned int', but argument 5 has type 'S32' [-Wformat=]
                 DMX_LOG_ERROR("HI_UNF_DMX_DestroyFilter error, handle = %#x, ret = %#x \n ", pstDmxInfo->ahAttachedFilter[i], s32Ret);
                 ^
device/hisilicon/bigfish/HiSTBSDKV6R2/hal/src/dmx/tvos_hal_dmx.c:1197:9: warning: format '%x' expects argument of type 'unsigned int', but argument 4 has type 'S32' [-Wformat=]
         DMX_LOG_ERROR("HI_UNF_DMX_DestroyChannel error ret = %#x \n ", s32Ret);
         ^
device/hisilicon/bigfish/HiSTBSDKV6R2/hal/src/dmx/tvos_hal_dmx.c: In function 'dmx_channel_set_pid':
device/hisilicon/bigfish/HiSTBSDKV6R2/hal/src/dmx/tvos_hal_dmx.c:1257:9: warning: format '%x' expects argument of type 'unsigned int', but argument 4 has type 'S32' [-Wformat=]
         DMX_LOG_ERROR("HI_UNF_DMX_SetChannelPID error ret = %#x \n ", s32Ret);
         ^
device/hisilicon/bigfish/HiSTBSDKV6R2/hal/src/dmx/tvos_hal_dmx.c: In function 'dmx_channel_query':
device/hisilicon/bigfish/HiSTBSDKV6R2/hal/src/dmx/tvos_hal_dmx.c:1283:9: warning: format '%x' expects argument of type 'unsigned int', but argument 4 has type 'S32' [-Wformat=]
         DMX_LOG_ERROR("HI_UNF_DMX_GetChannelHandle error ret = %#x \n ", s32Ret);
         ^
device/hisilicon/bigfish/HiSTBSDKV6R2/hal/src/dmx/tvos_hal_dmx.c: In function 'dmx_channel_enable':
device/hisilicon/bigfish/HiSTBSDKV6R2/hal/src/dmx/tvos_hal_dmx.c:1304:9: warning: format '%x' expects argument of type 'unsigned int', but argument 4 has type 'S32' [-Wformat=]
         DMX_LOG_ERROR("HI_UNF_DMX_OpenChannel error ret = %#x \n ", s32Ret);
         ^
device/hisilicon/bigfish/HiSTBSDKV6R2/hal/src/dmx/tvos_hal_dmx.c: In function 'dmx_channel_disable':
device/hisilicon/bigfish/HiSTBSDKV6R2/hal/src/dmx/tvos_hal_dmx.c:1326:9: warning: format '%x' expects argument of type 'unsigned int', but argument 4 has type 'S32' [-Wformat=]
         DMX_LOG_ERROR("HI_UNF_DMX_CloseChannel error ret = %#x \n ", s32Ret);
         ^
device/hisilicon/bigfish/HiSTBSDKV6R2/hal/src/dmx/tvos_hal_dmx.c: In function 'dmx_channel_get_info':
device/hisilicon/bigfish/HiSTBSDKV6R2/hal/src/dmx/tvos_hal_dmx.c:1378:9: warning: format '%x' expects argument of type 'unsigned int', but argument 4 has type 'S32' [-Wformat=]
         DMX_LOG_ERROR("HI_UNF_DMX_GetChannelAttr error ret = %#x \n ", s32Ret);
         ^
device/hisilicon/bigfish/HiSTBSDKV6R2/hal/src/dmx/tvos_hal_dmx.c:1390:9: warning: format '%x' expects argument of type 'unsigned int', but argument 4 has type 'S32' [-Wformat=]
         DMX_LOG_ERROR("HI_UNF_DMX_GetChannelAttr error ret = %#x \n ", s32Ret);
         ^
device/hisilicon/bigfish/HiSTBSDKV6R2/hal/src/dmx/tvos_hal_dmx.c:1401:9: warning: format '%x' expects argument of type 'unsigned int', but argument 4 has type 'S32' [-Wformat=]
         DMX_LOG_ERROR("HI_UNF_DMX_GetChannelAttr error ret = %#x \n ", s32Ret);
         ^
device/hisilicon/bigfish/HiSTBSDKV6R2/hal/src/dmx/tvos_hal_dmx.c:1414:9: warning: format '%x' expects argument of type 'unsigned int', but argument 4 has type 'S32' [-Wformat=]
         DMX_LOG_ERROR("HI_UNF_DMX_GetTSPortPacketNum error ret = %#x \n ", s32Ret);
         ^
device/hisilicon/bigfish/HiSTBSDKV6R2/hal/src/dmx/tvos_hal_dmx.c: In function 'dmx_channel_set':
device/hisilicon/bigfish/HiSTBSDKV6R2/hal/src/dmx/tvos_hal_dmx.c:1454:9: warning: format '%x' expects argument of type 'unsigned int', but argument 4 has type 'S32' [-Wformat=]
         DMX_LOG_ERROR("HI_UNF_DMX_GetChannelAttr error ret = %#x \n ", s32Ret);
         ^
device/hisilicon/bigfish/HiSTBSDKV6R2/hal/src/dmx/tvos_hal_dmx.c:1466:9: warning: format '%x' expects argument of type 'unsigned int', but argument 4 has type 'S32' [-Wformat=]
         DMX_LOG_ERROR("HI_UNF_DMX_SetChannelAttr error ret = %#x \n ", s32Ret);
         ^
device/hisilicon/bigfish/HiSTBSDKV6R2/hal/src/dmx/tvos_hal_dmx.c: In function 'dmx_channel_get':
device/hisilicon/bigfish/HiSTBSDKV6R2/hal/src/dmx/tvos_hal_dmx.c:1495:9: warning: format '%x' expects argument of type 'unsigned int', but argument 4 has type 'S32' [-Wformat=]
         DMX_LOG_ERROR("HI_UNF_DMX_GetChannelAttr error ret = %#x \n ", s32Ret);
         ^
device/hisilicon/bigfish/HiSTBSDKV6R2/hal/src/dmx/tvos_hal_dmx.c: In function 'dmx_channel_get_buf':
device/hisilicon/bigfish/HiSTBSDKV6R2/hal/src/dmx/tvos_hal_dmx.c:1560:9: warning: format '%x' expects argument of type 'unsigned int', but argument 4 has type 'S32' [-Wformat=]
         DMX_LOG_ERROR("HI_UNF_DMX_AcquireBuf error ret = %#x \n ", s32Ret);
         ^
device/hisilicon/bigfish/HiSTBSDKV6R2/hal/src/dmx/tvos_hal_dmx.c: In function 'dmx_channel_release_buf':
device/hisilicon/bigfish/HiSTBSDKV6R2/hal/src/dmx/tvos_hal_dmx.c:1596:9: warning: format '%x' expects argument of type 'unsigned int', but argument 4 has type 'S32' [-Wformat=]
         DMX_LOG_ERROR("HI_UNF_DMX_AcquireBuf param error ret = %#x \n ", s32Ret);
         ^
device/hisilicon/bigfish/HiSTBSDKV6R2/hal/src/dmx/tvos_hal_dmx.c:1602:9: warning: format '%x' expects argument of type 'unsigned int', but argument 4 has type 'S32' [-Wformat=]
         DMX_LOG_ERROR("HI_UNF_DMX_ReleaseBuf error ret = %#x \n ", s32Ret);
         ^
device/hisilicon/bigfish/HiSTBSDKV6R2/hal/src/dmx/tvos_hal_dmx.c: In function 'dmx_channel_add_filter':
device/hisilicon/bigfish/HiSTBSDKV6R2/hal/src/dmx/tvos_hal_dmx.c:1716:9: warning: format '%x' expects argument of type 'unsigned int', but argument 4 has type 'S32' [-Wformat=]
         DMX_LOG_ERROR("HI_UNF_DMX_CreateFilter error ret = %#x \n ", s32Ret);
         ^
device/hisilicon/bigfish/HiSTBSDKV6R2/hal/src/dmx/tvos_hal_dmx.c:1723:9: warning: format '%x' expects argument of type 'unsigned int', but argument 4 has type 'S32' [-Wformat=]
         DMX_LOG_ERROR("HI_UNF_DMX_CreateFilter error ret = %#x \n ", s32Ret);
         ^
device/hisilicon/bigfish/HiSTBSDKV6R2/hal/src/dmx/tvos_hal_dmx.c: In function 'dmx_channel_set_filter':
device/hisilicon/bigfish/HiSTBSDKV6R2/hal/src/dmx/tvos_hal_dmx.c:1756:9: warning: format '%x' expects argument of type 'unsigned int', but argument 4 has type 'S32' [-Wformat=]
         DMX_LOG_ERROR("HI_UNF_DMX_SetFilterAttr param invalid ret = %#x \n ", s32Ret);
         ^
device/hisilicon/bigfish/HiSTBSDKV6R2/hal/src/dmx/tvos_hal_dmx.c:1761:9: warning: format '%x' expects argument of type 'unsigned int', but argument 4 has type 'S32' [-Wformat=]
         DMX_LOG_ERROR("HI_UNF_DMX_SetFilterAttr error ret = %#x \n ", s32Ret);
         ^
device/hisilicon/bigfish/HiSTBSDKV6R2/hal/src/dmx/tvos_hal_dmx.c: In function 'dmx_channel_get_filter':
device/hisilicon/bigfish/HiSTBSDKV6R2/hal/src/dmx/tvos_hal_dmx.c:1780:9: warning: format '%x' expects argument of type 'unsigned int', but argument 4 has type 'S32' [-Wformat=]
         DMX_LOG_ERROR("HI_UNF_DMX_GetFilterAttr param invalid ret = %#x \n ", s32Ret);
         ^
device/hisilicon/bigfish/HiSTBSDKV6R2/hal/src/dmx/tvos_hal_dmx.c:1786:9: warning: format '%x' expects argument of type 'unsigned int', but argument 4 has type 'S32' [-Wformat=]
         DMX_LOG_ERROR("HI_UNF_DMX_GetFilterAttr error ret = %#x \n ", s32Ret);
         ^
device/hisilicon/bigfish/HiSTBSDKV6R2/hal/src/dmx/tvos_hal_dmx.c: In function 'dmx_channel_destroy_filter':
device/hisilicon/bigfish/HiSTBSDKV6R2/hal/src/dmx/tvos_hal_dmx.c:1827:9: warning: format '%x' expects argument of type 'unsigned int', but argument 4 has type 'S32' [-Wformat=]
         DMX_LOG_ERROR("HI_UNF_DMX_DestroyFilter error ret = %#x \n ", s32Ret);
         ^
device/hisilicon/bigfish/HiSTBSDKV6R2/hal/src/dmx/tvos_hal_dmx.c: In function 'dmx_channel_destroy_all_filter':
device/hisilicon/bigfish/HiSTBSDKV6R2/hal/src/dmx/tvos_hal_dmx.c:1853:17: warning: format '%x' expects argument of type 'unsigned int', but argument 5 has type 'S32' [-Wformat=]
                 DMX_LOG_ERROR("HI_UNF_DMX_DestroyFilter error, handle = %#x, ret = %#x \n ", pstDmxInfo->ahAttachedFilter[i], s32Ret);
                 ^
device/hisilicon/bigfish/HiSTBSDKV6R2/hal/src/dmx/tvos_hal_dmx.c: In function 'dmx_channel_enable_filter':
device/hisilicon/bigfish/HiSTBSDKV6R2/hal/src/dmx/tvos_hal_dmx.c:1885:9: warning: format '%x' expects argument of type 'unsigned int', but argument 4 has type 'S32' [-Wformat=]
         DMX_LOG_ERROR("HI_UNF_DMX_AttachFilter error ret = %#x \n ", s32Ret);
         ^
device/hisilicon/bigfish/HiSTBSDKV6R2/hal/src/dmx/tvos_hal_dmx.c: In function 'dmx_channel_disable_filter':
device/hisilicon/bigfish/HiSTBSDKV6R2/hal/src/dmx/tvos_hal_dmx.c:1915:9: warning: format '%x' expects argument of type 'unsigned int', but argument 4 has type 'S32' [-Wformat=]
         DMX_LOG_ERROR("HI_UNF_DMX_DetachFilter error ret = %#x \n ", s32Ret);
         ^
device/hisilicon/bigfish/HiSTBSDKV6R2/hal/src/dmx/tvos_hal_dmx.c: In function 'dmx_descrambler_open':
device/hisilicon/bigfish/HiSTBSDKV6R2/hal/src/dmx/tvos_hal_dmx.c:1983:9: warning: format '%x' expects argument of type 'unsigned int', but argument 4 has type 'S32' [-Wformat=]
         DMX_LOG_ERROR("HI_UNF_DMX_CreateDescrambler error ret = %#x \n ", s32Ret);
         ^
device/hisilicon/bigfish/HiSTBSDKV6R2/hal/src/dmx/tvos_hal_dmx.c: In function 'dmx_descrambler_open_ex':
device/hisilicon/bigfish/HiSTBSDKV6R2/hal/src/dmx/tvos_hal_dmx.c:2013:9: warning: format '%x' expects argument of type 'unsigned int', but argument 4 has type 'S32' [-Wformat=]
         DMX_LOG_ERROR("HI_UNF_DMX_CreateDescramblerExt error ret = %#x \n ", s32Ret);
         ^
device/hisilicon/bigfish/HiSTBSDKV6R2/hal/src/dmx/tvos_hal_dmx.c: In function 'dmx_descrambler_enable':
device/hisilicon/bigfish/HiSTBSDKV6R2/hal/src/dmx/tvos_hal_dmx.c:2036:9: warning: format '%x' expects argument of type 'unsigned int', but argument 4 has type 'S32' [-Wformat=]
         DMX_LOG_ERROR("HI_UNF_DMX_AttachDescrambler error ret = %#x \n ", s32Ret);
         ^
device/hisilicon/bigfish/HiSTBSDKV6R2/hal/src/dmx/tvos_hal_dmx.c: In function 'dmx_descrambler_disable':
device/hisilicon/bigfish/HiSTBSDKV6R2/hal/src/dmx/tvos_hal_dmx.c:2056:9: warning: format '%x' expects argument of type 'unsigned int', but argument 4 has type 'S32' [-Wformat=]
         DMX_LOG_ERROR("HI_UNF_DMX_DetachDescrambler error ret = %#x \n ", s32Ret);
         ^
device/hisilicon/bigfish/HiSTBSDKV6R2/hal/src/dmx/tvos_hal_dmx.c: In function 'dmx_descrambler_close':
device/hisilicon/bigfish/HiSTBSDKV6R2/hal/src/dmx/tvos_hal_dmx.c:2075:9: warning: format '%x' expects argument of type 'unsigned int', but argument 4 has type 'S32' [-Wformat=]
         DMX_LOG_ERROR("HI_UNF_DMX_DestroyDescrambler error ret = %#x \n ", s32Ret);
         ^
device/hisilicon/bigfish/HiSTBSDKV6R2/hal/src/dmx/tvos_hal_dmx.c: In function 'dmx_descrambler_associate':
device/hisilicon/bigfish/HiSTBSDKV6R2/hal/src/dmx/tvos_hal_dmx.c:2104:17: warning: format '%x' expects argument of type 'unsigned int', but argument 4 has type 'S32' [-Wformat=]
                 DMX_LOG_ERROR("HI_UNF_DMX_GetChannelHandle error ret = %#x \n ", s32Ret);
                 ^
device/hisilicon/bigfish/HiSTBSDKV6R2/hal/src/dmx/tvos_hal_dmx.c: In function 'dmx_descrambler_dissociate':
device/hisilicon/bigfish/HiSTBSDKV6R2/hal/src/dmx/tvos_hal_dmx.c:2147:17: warning: format '%x' expects argument of type 'unsigned int', but argument 4 has type 'S32' [-Wformat=]
                 DMX_LOG_ERROR("HI_UNF_DMX_GetChannelHandle error ret = %#x \n ", s32Ret);
                 ^
device/hisilicon/bigfish/HiSTBSDKV6R2/hal/src/dmx/tvos_hal_dmx.c: In function 'dmx_descrambler_set_even_key':
device/hisilicon/bigfish/HiSTBSDKV6R2/hal/src/dmx/tvos_hal_dmx.c:2195:9: warning: too many arguments for format [-Wformat-extra-args]
         DMX_LOG_ERROR("Invalid u32Len\n ", s32Ret);
         ^
device/hisilicon/bigfish/HiSTBSDKV6R2/hal/src/dmx/tvos_hal_dmx.c:2203:9: warning: format '%x' expects argument of type 'unsigned int', but argument 4 has type 'S32' [-Wformat=]
         DMX_LOG_ERROR("HI_UNF_DMX_SetDescramblerEvenKey error ret = %#x \n ", s32Ret);
         ^
device/hisilicon/bigfish/HiSTBSDKV6R2/hal/src/dmx/tvos_hal_dmx.c: In function 'dmx_descrambler_set_odd_key':
device/hisilicon/bigfish/HiSTBSDKV6R2/hal/src/dmx/tvos_hal_dmx.c:2218:9: warning: too many arguments for format [-Wformat-extra-args]
         DMX_LOG_ERROR("Invalid u32Len\n ", s32Ret);
         ^
device/hisilicon/bigfish/HiSTBSDKV6R2/hal/src/dmx/tvos_hal_dmx.c:2227:9: warning: format '%x' expects argument of type 'unsigned int', but argument 4 has type 'S32' [-Wformat=]
         DMX_LOG_ERROR("HI_UNF_DMX_SetDescramblerOddKey error ret = %#x \n ", s32Ret);
         ^
device/hisilicon/bigfish/HiSTBSDKV6R2/hal/src/dmx/tvos_hal_dmx.c: In function 'dmx_set_descrambler_attribute':
device/hisilicon/bigfish/HiSTBSDKV6R2/hal/src/dmx/tvos_hal_dmx.c:2251:9: warning: format '%x' expects argument of type 'unsigned int', but argument 4 has type 'S32' [-Wformat=]
         DMX_LOG_ERROR("set descrambler attr error ret = 0x%x", s32Ret);
         ^
device/hisilicon/bigfish/HiSTBSDKV6R2/hal/src/dmx/tvos_hal_dmx.c: In function 'dmx_get_descrambler_attribute':
device/hisilicon/bigfish/HiSTBSDKV6R2/hal/src/dmx/tvos_hal_dmx.c:2271:9: warning: format '%x' expects argument of type 'unsigned int', but argument 4 has type 'S32' [-Wformat=]
         DMX_LOG_ERROR("set descrambler attr error ret = 0x%x", s32Ret);
         ^
device/hisilicon/bigfish/HiSTBSDKV6R2/hal/src/dmx/tvos_hal_dmx.c: In function 'dmx_dcas_keyladder_config':
device/hisilicon/bigfish/HiSTBSDKV6R2/hal/src/dmx/tvos_hal_dmx.c:2314:9: warning: format '%x' expects argument of type 'unsigned int', but argument 4 has type 'S32' [-Wformat=]
         DMX_LOG_ERROR("HI_UNF_ADVCA_DCASOpen error ret = %#x \n ", s32Ret);
         ^
device/hisilicon/bigfish/HiSTBSDKV6R2/hal/src/dmx/tvos_hal_dmx.c:2327:9: warning: format '%x' expects argument of type 'unsigned int', but argument 4 has type 'S32' [-Wformat=]
         DMX_LOG_ERROR("HI_UNF_ADVCA_SetDCASSessionKey set vendor id error ret = %#x \n ", s32Ret);
         ^
device/hisilicon/bigfish/HiSTBSDKV6R2/hal/src/dmx/tvos_hal_dmx.c:2338:9: warning: format '%x' expects argument of type 'unsigned int', but argument 4 has type 'S32' [-Wformat=]
         DMX_LOG_ERROR("HI_UNF_ADVCA_SetDCASSessionKey set EK2 error ret = %#x \n ", s32Ret);
         ^
device/hisilicon/bigfish/HiSTBSDKV6R2/hal/src/dmx/tvos_hal_dmx.c:2349:9: warning: format '%x' expects argument of type 'unsigned int', but argument 4 has type 'S32' [-Wformat=]
         DMX_LOG_ERROR("HI_UNF_ADVCA_SetDCASSessionKey set EK1 error ret = %#x \n ", s32Ret);
         ^
device/hisilicon/bigfish/HiSTBSDKV6R2/hal/src/dmx/tvos_hal_dmx.c:2360:13: warning: format '%x' expects argument of type 'unsigned int', but argument 4 has type 'S32' [-Wformat=]
             DMX_LOG_ERROR("HI_UNF_DMX_SetDescramblerEvenKey error ret = %#x \n ", s32Ret);
             ^
device/hisilicon/bigfish/HiSTBSDKV6R2/hal/src/dmx/tvos_hal_dmx.c:2372:13: warning: format '%x' expects argument of type 'unsigned int', but argument 4 has type 'S32' [-Wformat=]
             DMX_LOG_ERROR("HI_UNF_DMX_SetDescramblerOddKey error ret = %#x \n ", s32Ret);
             ^
device/hisilicon/bigfish/HiSTBSDKV6R2/hal/src/dmx/tvos_hal_dmx.c:2383:9: warning: format '%x' expects argument of type 'unsigned int', but argument 4 has type 'S32' [-Wformat=]
         DMX_LOG_ERROR("HI_UNF_ADVCA_DCASClose error ret = %#x \n ", s32Ret);
         ^
device/hisilicon/bigfish/HiSTBSDKV6R2/hal/src/dmx/tvos_hal_dmx.c: In function 'dmx_dcas_get_nonce':
device/hisilicon/bigfish/HiSTBSDKV6R2/hal/src/dmx/tvos_hal_dmx.c:2422:9: warning: format '%x' expects argument of type 'unsigned int', but argument 4 has type 'S32' [-Wformat=]
         DMX_LOG_ERROR("HI_UNF_ADVCA_DCASOpen error ret = %#x \n ", s32Ret);
         ^
device/hisilicon/bigfish/HiSTBSDKV6R2/hal/src/dmx/tvos_hal_dmx.c:2433:9: warning: format '%x' expects argument of type 'unsigned int', but argument 4 has type 'S32' [-Wformat=]
         DMX_LOG_ERROR("HI_UNF_ADVCA_SetDCASSessionKey set vendor id error ret = %#x \n ", s32Ret);
         ^
device/hisilicon/bigfish/HiSTBSDKV6R2/hal/src/dmx/tvos_hal_dmx.c:2442:9: warning: format '%x' expects argument of type 'unsigned int', but argument 4 has type 'S32' [-Wformat=]
         DMX_LOG_ERROR("HI_UNF_ADVCA_SetDCASSessionKey set EK2 error ret = %#x \n ", s32Ret);
         ^
device/hisilicon/bigfish/HiSTBSDKV6R2/hal/src/dmx/tvos_hal_dmx.c:2451:9: warning: format '%x' expects argument of type 'unsigned int', but argument 4 has type 'S32' [-Wformat=]
         DMX_LOG_ERROR("HI_UNF_ADVCA_SetDCASSessionKey set EK1 error ret = %#x \n ", s32Ret);
         ^
device/hisilicon/bigfish/HiSTBSDKV6R2/hal/src/dmx/tvos_hal_dmx.c:2459:9: warning: format '%x' expects argument of type 'unsigned int', but argument 4 has type 'S32' [-Wformat=]
         DMX_LOG_ERROR("HI_UNF_ADVCA_DCASClose error ret = %#x \n ", s32Ret);
         ^
device/hisilicon/bigfish/HiSTBSDKV6R2/hal/src/dmx/tvos_hal_dmx.c: In function 'dmx_descrambler_set_even_iv':
device/hisilicon/bigfish/HiSTBSDKV6R2/hal/src/dmx/tvos_hal_dmx.c:2475:9: warning: too many arguments for format [-Wformat-extra-args]
         DMX_LOG_ERROR("Invalid u32Len\n ", s32Ret);
         ^
device/hisilicon/bigfish/HiSTBSDKV6R2/hal/src/dmx/tvos_hal_dmx.c:2482:9: warning: format '%x' expects argument of type 'unsigned int', but argument 4 has type 'S32' [-Wformat=]
         DMX_LOG_ERROR("HI_UNF_DMX_SetDescramblerEvenIVKey error ret = %#x \n ", s32Ret);
         ^
device/hisilicon/bigfish/HiSTBSDKV6R2/hal/src/dmx/tvos_hal_dmx.c: In function 'dmx_descrambler_set_odd_iv':
device/hisilicon/bigfish/HiSTBSDKV6R2/hal/src/dmx/tvos_hal_dmx.c:2497:9: warning: too many arguments for format [-Wformat-extra-args]
         DMX_LOG_ERROR("Invalid u32Len\n ", s32Ret);
         ^
device/hisilicon/bigfish/HiSTBSDKV6R2/hal/src/dmx/tvos_hal_dmx.c:2505:9: warning: format '%x' expects argument of type 'unsigned int', but argument 4 has type 'S32' [-Wformat=]
         DMX_LOG_ERROR("HI_UNF_DMX_SetDescramblerOddIVKey error ret = %#x \n ", s32Ret);
         ^
device/hisilicon/bigfish/HiSTBSDKV6R2/hal/src/dmx/tvos_hal_dmx.c: In function 'dmx_avfilter_open':
device/hisilicon/bigfish/HiSTBSDKV6R2/hal/src/dmx/tvos_hal_dmx.c:2531:9: warning: format '%x' expects argument of type 'unsigned int', but argument 4 has type 'S32' [-Wformat=]
         DMX_LOG_ERROR("HI_UNF_DMX_GetChannelDefaultAttr error ret = %#x \n ", s32Ret);
         ^
device/hisilicon/bigfish/HiSTBSDKV6R2/hal/src/dmx/tvos_hal_dmx.c:2562:9: warning: format '%x' expects argument of type 'unsigned int', but argument 4 has type 'S32' [-Wformat=]
         DMX_LOG_ERROR("HI_UNF_DMX_CreateChannel error ret = %#x \n ", s32Ret);
         ^
device/hisilicon/bigfish/HiSTBSDKV6R2/hal/src/dmx/tvos_hal_dmx.c:2570:9: warning: format '%x' expects argument of type 'unsigned int', but argument 4 has type 'S32' [-Wformat=]
         DMX_LOG_ERROR("HI_UNF_DMX_SetChannelPID error ret = %#x \n ", s32Ret);
         ^
device/hisilicon/bigfish/HiSTBSDKV6R2/hal/src/dmx/tvos_hal_dmx.c:2574:14: warning: format '%x' expects argument of type 'unsigned int', but argument 4 has type 'S32' [-Wformat=]
              DMX_LOG_ERROR("HI_UNF_DMX_DestroyChannel error ret = %#x \n ", s32Ret);
              ^
device/hisilicon/bigfish/HiSTBSDKV6R2/hal/src/dmx/tvos_hal_dmx.c: In function 'dmx_avfilter_enable':
device/hisilicon/bigfish/HiSTBSDKV6R2/hal/src/dmx/tvos_hal_dmx.c:2608:9: warning: format '%x' expects argument of type 'unsigned int', but argument 4 has type 'S32' [-Wformat=]
         DMX_LOG_ERROR("HI_UNF_DMX_OpenChannel error ret = %#x \n ", s32Ret);
         ^
device/hisilicon/bigfish/HiSTBSDKV6R2/hal/src/dmx/tvos_hal_dmx.c: In function 'dmx_avfilter_get_esframe':
device/hisilicon/bigfish/HiSTBSDKV6R2/hal/src/dmx/tvos_hal_dmx.c:2642:9: warning: format '%x' expects argument of type 'unsigned int', but argument 4 has type 'S32' [-Wformat=]
         DMX_LOG_ERROR("not support = %#x \n", s32Ret);
         ^
device/hisilicon/bigfish/HiSTBSDKV6R2/hal/src/dmx/tvos_hal_dmx.c: In function 'dmx_avfilter_release_esframe':
device/hisilicon/bigfish/HiSTBSDKV6R2/hal/src/dmx/tvos_hal_dmx.c:2693:9: warning: format '%x' expects argument of type 'unsigned int', but argument 4 has type 'S32' [-Wformat=]
         DMX_LOG_ERROR("not support = %#x \n", s32Ret);
         ^
device/hisilicon/bigfish/HiSTBSDKV6R2/hal/src/dmx/tvos_hal_dmx.c:2700:9: warning: format '%x' expects argument of type 'unsigned int', but argument 4 has type 'S32' [-Wformat=]
         DMX_LOG_ERROR("HI_UNF_DMX_ReleaseEs error ret = %#x \n ", s32Ret);
         ^
device/hisilicon/bigfish/HiSTBSDKV6R2/hal/src/dmx/tvos_hal_dmx.c: In function 'dmx_avfilter_disable':
device/hisilicon/bigfish/HiSTBSDKV6R2/hal/src/dmx/tvos_hal_dmx.c:2729:9: warning: format '%x' expects argument of type 'unsigned int', but argument 4 has type 'S32' [-Wformat=]
         DMX_LOG_ERROR("HI_UNF_DMX_CloseChannel error ret = %#x \n ", s32Ret);
         ^
device/hisilicon/bigfish/HiSTBSDKV6R2/hal/src/dmx/tvos_hal_dmx.c: In function 'dmx_avfilter_close':
device/hisilicon/bigfish/HiSTBSDKV6R2/hal/src/dmx/tvos_hal_dmx.c:2757:9: warning: format '%x' expects argument of type 'unsigned int', but argument 4 has type 'S32' [-Wformat=]
         DMX_LOG_ERROR("HI_UNF_DMX_DestroyChannel error ret = %#x \n ", s32Ret);
         ^
device/hisilicon/bigfish/HiSTBSDKV6R2/hal/src/dmx/tvos_hal_dmx.c: In function 'dmx_pcr_open':
device/hisilicon/bigfish/HiSTBSDKV6R2/hal/src/dmx/tvos_hal_dmx.c:2794:9: warning: format '%x' expects argument of type 'unsigned int', but argument 4 has type 'S32' [-Wformat=]
         DMX_LOG_ERROR("HI_MPI_DMX_CreatePcrChannel error ret = %#x \n ", s32Ret);
         ^
device/hisilicon/bigfish/HiSTBSDKV6R2/hal/src/dmx/tvos_hal_dmx.c:2803:9: warning: format '%x' expects argument of type 'unsigned int', but argument 4 has type 'S32' [-Wformat=]
         DMX_LOG_ERROR("HI_MPI_DMX_PcrPidSet error ret = %#x \n ", s32Ret);
         ^
device/hisilicon/bigfish/HiSTBSDKV6R2/hal/src/dmx/tvos_hal_dmx.c: In function 'dmx_pcr_close':
device/hisilicon/bigfish/HiSTBSDKV6R2/hal/src/dmx/tvos_hal_dmx.c:2836:9: warning: format '%x' expects argument of type 'unsigned int', but argument 4 has type 'S32' [-Wformat=]
         DMX_LOG_ERROR("HI_MPI_DMX_DestroyPcrChannel error ret = %#x \n ", s32Ret);
         ^
device/hisilicon/bigfish/HiSTBSDKV6R2/hal/src/dmx/tvos_hal_dmx.c: In function 'dmx_pcr_get':
device/hisilicon/bigfish/HiSTBSDKV6R2/hal/src/dmx/tvos_hal_dmx.c:2871:9: warning: format '%x' expects argument of type 'unsigned int', but argument 4 has type 'S32' [-Wformat=]
         DMX_LOG_ERROR("HI_MPI_DMX_PcrScrGet error ret = %#x \n ", s32Ret);
         ^
device/hisilicon/bigfish/HiSTBSDKV6R2/hal/src/dmx/tvos_hal_dmx.c: In function 'dmx_tsbuffer_create':
device/hisilicon/bigfish/HiSTBSDKV6R2/hal/src/dmx/tvos_hal_dmx.c:2892:9: warning: format '%x' expects argument of type 'unsigned int', but argument 4 has type 'S32' [-Wformat=]
         DMX_LOG_ERROR("HI_UNF_DMX_GetTSPortId error ret = %#x \n ", s32Ret);
         ^
device/hisilicon/bigfish/HiSTBSDKV6R2/hal/src/dmx/tvos_hal_dmx.c:2900:9: warning: format '%x' expects argument of type 'unsigned int', but argument 4 has type 'S32' [-Wformat=]
         DMX_LOG_ERROR("HI_UNF_DMX_CreateTSBuffer error ret = %#x \n ", s32Ret);
         ^
device/hisilicon/bigfish/HiSTBSDKV6R2/hal/src/dmx/tvos_hal_dmx.c: In function 'dmx_tsbuffer_get':
device/hisilicon/bigfish/HiSTBSDKV6R2/hal/src/dmx/tvos_hal_dmx.c:2925:9: warning: format '%x' expects argument of type 'unsigned int', but argument 4 has type 'S32' [-Wformat=]
         DMX_LOG_ERROR("HI_UNF_DMX_GetTSBuffer error ret = %#x \n ", s32Ret);
         ^
device/hisilicon/bigfish/HiSTBSDKV6R2/hal/src/dmx/tvos_hal_dmx.c: In function 'dmx_tsbuffer_put':
device/hisilicon/bigfish/HiSTBSDKV6R2/hal/src/dmx/tvos_hal_dmx.c:2951:9: warning: format '%x' expects argument of type 'unsigned int', but argument 4 has type 'S32' [-Wformat=]
         DMX_LOG_ERROR("HI_UNF_DMX_PutTSBuffer error ret = %#x \n ", s32Ret);
         ^
device/hisilicon/bigfish/HiSTBSDKV6R2/hal/src/dmx/tvos_hal_dmx.c: In function 'dmx_tsbuffer_destroy':
device/hisilicon/bigfish/HiSTBSDKV6R2/hal/src/dmx/tvos_hal_dmx.c:2974:9: warning: format '%x' expects argument of type 'unsigned int', but argument 4 has type 'S32' [-Wformat=]
         DMX_LOG_ERROR("HI_UNF_DMX_DestroyTSBuffer error ret = %#x \n ", s32Ret);
         ^
device/hisilicon/bigfish/HiSTBSDKV6R2/hal/src/dmx/tvos_hal_dmx.c: In function 'dmx_device_open':
device/hisilicon/bigfish/HiSTBSDKV6R2/hal/src/dmx/tvos_hal_dmx.c:3020:9: warning: format '%x' expects argument of type 'unsigned int', but argument 4 has type 'S32' [-Wformat=]
         DMX_LOG_ERROR("HI_UNF_ADVCA_Init error ret = %#x \n ", s32Ret);
         ^
