In file included from platform/android/external/ppp/pppd/chap-new.c:43:0:
platform/android/external/ppp/pppd/chap_ms.h:70:1: warning: '__packed__' attribute ignored [-Wattributes]
 } MS_ChapResponse PACKED;
 ^
platform/android/external/ppp/pppd/chap_ms.h:81:1: warning: '__packed__' attribute ignored [-Wattributes]
 } MS_Chap2Response PACKED;
 ^
platform/android/external/ppp/pppd/chap-new.c:69:4: warning: missing initializer for field 'addr2' of 'option_t' [-Wmissing-field-initializers]
    "Set timeout for CHAP", OPT_PRIO },
    ^
In file included from platform/android/external/ppp/pppd/chap-new.c:35:0:
platform/android/external/ppp/pppd/pppd.h:112:8: note: 'addr2' declared here
  void *addr2;
        ^
platform/android/external/ppp/pppd/chap-new.c:71:4: warning: missing initializer for field 'addr2' of 'option_t' [-Wmissing-field-initializers]
    "Set max #xmits for challenge", OPT_PRIO },
    ^
In file included from platform/android/external/ppp/pppd/chap-new.c:35:0:
platform/android/external/ppp/pppd/pppd.h:112:8: note: 'addr2' declared here
  void *addr2;
        ^
platform/android/external/ppp/pppd/chap-new.c:73:4: warning: missing initializer for field 'addr2' of 'option_t' [-Wmissing-field-initializers]
    "Set interval for rechallenge", OPT_PRIO },
    ^
In file included from platform/android/external/ppp/pppd/chap-new.c:35:0:
platform/android/external/ppp/pppd/pppd.h:112:8: note: 'addr2' declared here
  void *addr2;
        ^
platform/android/external/ppp/pppd/chap-new.c: In function 'chap_init':
platform/android/external/ppp/pppd/chap-new.c:142:15: warning: unused parameter 'unit' [-Wunused-parameter]
 chap_init(int unit)
               ^
platform/android/external/ppp/pppd/chap-new.c: In function 'chap_lowerup':
platform/android/external/ppp/pppd/chap-new.c:170:18: warning: unused parameter 'unit' [-Wunused-parameter]
 chap_lowerup(int unit)
                  ^
platform/android/external/ppp/pppd/chap-new.c: In function 'chap_lowerdown':
platform/android/external/ppp/pppd/chap-new.c:182:20: warning: unused parameter 'unit' [-Wunused-parameter]
 chap_lowerdown(int unit)
                    ^
platform/android/external/ppp/pppd/chap-new.c: In function 'chap_auth_peer':
platform/android/external/ppp/pppd/chap-new.c:199:20: warning: unused parameter 'unit' [-Wunused-parameter]
 chap_auth_peer(int unit, char *our_name, int digest_code)
                    ^
platform/android/external/ppp/pppd/chap-new.c: In function 'chap_auth_with_peer':
platform/android/external/ppp/pppd/chap-new.c:229:25: warning: unused parameter 'unit' [-Wunused-parameter]
 chap_auth_with_peer(int unit, char *our_name, int digest_code)
                         ^
platform/android/external/ppp/pppd/chap-new.c: In function 'chap_handle_status':
platform/android/external/ppp/pppd/chap-new.c:476:64: warning: unused parameter 'id' [-Wunused-parameter]
 chap_handle_status(struct chap_client_state *cs, int code, int id,
                                                                ^
platform/android/external/ppp/pppd/chap-new.c: In function 'chap_input':
platform/android/external/ppp/pppd/chap-new.c:514:16: warning: unused parameter 'unit' [-Wunused-parameter]
 chap_input(int unit, unsigned char *pkt, int pktlen)
                ^
platform/android/external/ppp/pppd/chap-new.c: In function 'chap_protrej':
platform/android/external/ppp/pppd/chap-new.c:545:18: warning: unused parameter 'unit' [-Wunused-parameter]
 chap_protrej(int unit)
                  ^
platform/android/external/ppp/pppd/chap-new.c: In function 'chap_print_pkt':
platform/android/external/ppp/pppd/chap-new.c:587:24: warning: comparison between signed and unsigned integer expressions [-Wsign-compare]
  if (code >= 1 && code <= sizeof(chap_code_names) / sizeof(char *))
                        ^
platform/android/external/ppp/pppd/chap-new.c: At top level:
platform/android/external/ppp/pppd/chap-new.c:642:1: warning: missing initializer for field 'demand_conf' of 'struct protent' [-Wmissing-field-initializers]
 };
 ^
In file included from platform/android/external/ppp/pppd/chap-new.c:35:0:
platform/android/external/ppp/pppd/pppd.h:426:12: note: 'demand_conf' declared here
     int  (*demand_conf) __P((int unit));
            ^
