component/OAM/agent/tr069_cut/session/project_if.c: In function 'GetManagementServer':
component/OAM/agent/tr069_cut/session/project_if.c:434:5: warning: implicit declaration of function 'GetSubACSState' [-Wimplicit-function-declaration]
     subAcsStatus = GetSubACSState();
     ^
component/OAM/agent/tr069_cut/session/project_if.c:434:5: warning: nested extern declaration of 'GetSubACSState' [-Wnested-externs]
component/OAM/agent/tr069_cut/session/project_if.c:435:5: warning: implicit declaration of function 'SetSubACSState' [-Wimplicit-function-declaration]
     SetSubACSState(STB_MAIN_ACS);
     ^
component/OAM/agent/tr069_cut/session/project_if.c:435:5: warning: nested extern declaration of 'SetSubACSState' [-Wnested-externs]
component/OAM/agent/tr069_cut/session/project_if.c: In function 'GetRequestParamlist':
component/OAM/agent/tr069_cut/session/project_if.c:777:17: warning: assignment from incompatible pointer type [enabled by default]
         pNow[i] = &chArray[i];
                 ^
component/OAM/agent/tr069_cut/session/project_if.c:780:2: warning: implicit declaration of function 'GetInformMsgState' [-Wimplicit-function-declaration]
  if(GetInformMsgState(STB_ACS_ALLAVAIL, INFORM_QOS_PM) != 0)
  ^
component/OAM/agent/tr069_cut/session/project_if.c:780:2: warning: nested extern declaration of 'GetInformMsgState' [-Wnested-externs]
component/OAM/agent/tr069_cut/session/project_if.c: In function 'DevGetDeviceIP':
component/OAM/agent/tr069_cut/session/project_if.c:1312:5: warning: implicit declaration of function 'property_get' [-Wimplicit-function-declaration]
     property_get("net.zte.netmode", strValue, "");
     ^
component/OAM/agent/tr069_cut/session/project_if.c:1312:5: warning: nested extern declaration of 'property_get' [-Wnested-externs]
