platform/android/hardware/ril/libril/ril.cpp:169:33: warning: 'rild' initialized and declared 'extern' [enabled by default]
 char rild[MAX_SOCKET_NAME_LENGTH] = SOCKET_NAME_RIL;
                                 ^
platform/android/hardware/ril/libril/ril.cpp:424:8: warning: unused parameter 'data' [-Wunused-parameter]
 void   nullParcelReleaseFunction (const uint8_t* data, size_t dataSize,
        ^
platform/android/hardware/ril/libril/ril.cpp:424:8: warning: unused parameter 'dataSize' [-Wunused-parameter]
platform/android/hardware/ril/libril/ril.cpp:424:8: warning: unused parameter 'objects' [-Wunused-parameter]
platform/android/hardware/ril/libril/ril.cpp:424:8: warning: unused parameter 'objectsSize' [-Wunused-parameter]
platform/android/hardware/ril/libril/ril.cpp:424:8: warning: unused parameter 'cookie' [-Wunused-parameter]
platform/android/hardware/ril/libril/ril.cpp:562:1: warning: unused parameter 'p' [-Wunused-parameter]
 dispatchVoid (Parcel& p, RequestInfo *pRI) {
 ^
platform/android/hardware/ril/libril/ril.cpp:1106:1: warning: unused parameter 'pRI' [-Wunused-parameter]
 constructCdmaSms(Parcel &p, RequestInfo *pRI, RIL_CDMA_SMS_Message& rcsm) {
 ^
platform/android/hardware/ril/libril/ril.cpp:2211:12: warning: unused parameter 'responselen' [-Wunused-parameter]
 static int responseString(Parcel &p, void *response, size_t responselen) {
            ^
platform/android/hardware/ril/libril/ril.cpp:2222:12: warning: unused parameter 'p' [-Wunused-parameter]
 static int responseVoid(Parcel &p, void *response, size_t responselen) {
            ^
platform/android/hardware/ril/libril/ril.cpp:2222:12: warning: unused parameter 'response' [-Wunused-parameter]
platform/android/hardware/ril/libril/ril.cpp:2222:12: warning: unused parameter 'responselen' [-Wunused-parameter]
platform/android/hardware/ril/libril/ril.cpp:3585:13: warning: unused parameter 'fd' [-Wunused-parameter]
 static void processWakeupCallback(int fd, short flags, void *param) {
             ^
platform/android/hardware/ril/libril/ril.cpp:3585:13: warning: unused parameter 'flags' [-Wunused-parameter]
platform/android/hardware/ril/libril/ril.cpp:3585:13: warning: unused parameter 'param' [-Wunused-parameter]
platform/android/hardware/ril/libril/ril.cpp:3597:13: warning: unused parameter 'socket_id' [-Wunused-parameter]
 static void onCommandsSocketClosed(RIL_SOCKET_ID socket_id) {
             ^
platform/android/hardware/ril/libril/ril.cpp:3641:13: warning: unused parameter 'flags' [-Wunused-parameter]
 static void processCommandsCallback(int fd, short flags, void *param) {
             ^
platform/android/hardware/ril/libril/ril.cpp:3721:13: warning: unused parameter 'flags' [-Wunused-parameter]
 static void listenCallback (int fd, short flags, void *param) {
             ^
platform/android/hardware/ril/libril/ril.cpp:3818:13: warning: unused parameter 'flags' [-Wunused-parameter]
 static void debugCallback (int fd, short flags, void *param) {
             ^
platform/android/hardware/ril/libril/ril.cpp:3818:13: warning: unused parameter 'param' [-Wunused-parameter]
platform/android/hardware/ril/libril/ril.cpp:3984:13: warning: unused parameter 'fd' [-Wunused-parameter]
 static void userTimerCallback (int fd, short flags, void *param) {
             ^
platform/android/hardware/ril/libril/ril.cpp:3984:13: warning: unused parameter 'flags' [-Wunused-parameter]
platform/android/hardware/ril/libril/ril.cpp:4002:1: warning: unused parameter 'param' [-Wunused-parameter]
 eventLoop(void *param) {
 ^
platform/android/hardware/ril/libril/ril.cpp: In function 'void android::RIL_register(const RIL_RadioFunctions*)':
platform/android/hardware/ril/libril/ril.cpp:4166:25: warning: extended initializer lists only available with -std=c++11 or -std=gnu++11 [enabled by default]
                         };
                         ^
platform/android/hardware/ril/libril/ril.cpp:4157:24: warning: extended initializer lists only available with -std=c++11 or -std=gnu++11 [enabled by default]
     s_ril_param_socket = {
                        ^
platform/android/hardware/ril/libril/ril.cpp:4157:24: warning: deprecated conversion from string constant to 'char*' [-Wwrite-strings]
platform/android/hardware/ril/libril/ril.cpp: At global scope:
platform/android/hardware/ril/libril/ril.cpp:4520:1: warning: unused parameter 'socket_id' [-Wunused-parameter]
 processRadioState(RIL_RadioState newRadioState, RIL_SOCKET_ID socket_id) {
 ^
In file included from platform/android/bionic/libc/include/stdlib.h:34:0,
                 from platform/android/hardware/ril/include/telephony/ril.h:20,
                 from platform/android/hardware/ril/libril/ril.cpp:22:
In function 'char* strncat(char*, const char*, size_t)',
    inlined from 'void android::RIL_register(const RIL_RadioFunctions*)' at platform/android/hardware/ril/libril/ril.cpp:4258:62:
platform/android/bionic/libc/include/string.h:173:61: warning: call to char* __builtin___strncat_chk(char*, const char*, unsigned int, unsigned int) might overflow destination buffer [enabled by default]
     return __builtin___strncat_chk(dest, src, n, __bos(dest));
                                                             ^
