In file included from platform/android/external/libvpx/libvpx/vp8/encoder/pickinter.c:13:0:
platform/android/external/libvpx/armv7a-neon/vpx_config.h:13:0: warning: "ARCH_ARM" redefined [enabled by default]
 #define ARCH_ARM 1
 ^
In file included from <command-line>:0:0:
./platform/android/build/core/combo/include/arch/linux-arm/AndroidConfig.h:241:0: note: this is the location of the previous definition
 #define ARCH_ARM
 ^
platform/android/external/libvpx/libvpx/vp8/encoder/pickinter.c: In function 'vp8_skip_fractional_mv_step':
platform/android/external/libvpx/libvpx/vp8/encoder/pickinter.c:43:45: warning: unused parameter 'mb' [-Wunused-parameter]
 int vp8_skip_fractional_mv_step(MACROBLOCK *mb, BLOCK *b, BLOCKD *d,
                                             ^
platform/android/external/libvpx/libvpx/vp8/encoder/pickinter.c: In function 'vp8_pick_inter_mode':
platform/android/external/libvpx/libvpx/vp8/encoder/pickinter.c:568:71: warning: unused parameter 'mb_row' [-Wunused-parameter]
                          int *returndistortion, int *returnintra, int mb_row,
                                                                       ^
platform/android/external/libvpx/libvpx/vp8/encoder/pickinter.c:569:30: warning: unused parameter 'mb_col' [-Wunused-parameter]
                          int mb_col)
                              ^
platform/android/external/libvpx/libvpx/vp8/encoder/pickinter.c: In function 'pick_intra_mbuv_mode':
platform/android/external/libvpx/libvpx/vp8/encoder/pickinter.c:265:46: warning: 'best_mode' is used uninitialized in this function [-Wuninitialized]
     MB_PREDICTION_MODE UNINITIALIZED_IS_SAFE(best_mode);
                                              ^
platform/android/external/libvpx/libvpx/vp8/encoder/pickinter.c: In function 'pick_intra4x4mby_modes':
platform/android/external/libvpx/libvpx/vp8/encoder/pickinter.c:218:20: warning: 'd' may be used uninitialized in this function [-Wmaybe-uninitialized]
         distortion += d;
                    ^
platform/android/external/libvpx/libvpx/vp8/encoder/pickinter.c:174:20: warning: 'best_mode' may be used uninitialized in this function [-Wmaybe-uninitialized]
     b->bmi.as_mode = *best_mode;
                    ^
In file included from platform/android/external/libvpx/libvpx/vp8/encoder/onyx_int.h:26:0,
                 from platform/android/external/libvpx/libvpx/vp8/encoder/pickinter.c:14:
platform/android/external/libvpx/libvpx/vp8/encoder/pickinter.c:203:49: note: 'best_mode' was declared here
         B_PREDICTION_MODE UNINITIALIZED_IS_SAFE(best_mode);
                                                 ^
platform/android/external/libvpx/libvpx/vpx_ports/mem.h:44:34: note: in definition of macro 'UNINITIALIZED_IS_SAFE'
 #define UNINITIALIZED_IS_SAFE(x) x=x
                                  ^
platform/android/external/libvpx/libvpx/vp8/encoder/pickinter.c:217:14: warning: 'r' may be used uninitialized in this function [-Wmaybe-uninitialized]
         cost += r;
              ^
