In file included from platform/android/external/libvpx/libvpx/vp9/common/vp9_enums.h:14:0,
                 from platform/android/external/libvpx/armv7a-neon/./vp9_rtcd.h:19,
                 from platform/android/external/libvpx/libvpx/vp9/encoder/vp9_sad.c:13:
platform/android/external/libvpx/armv7a-neon/./vpx_config.h:13:0: warning: "ARCH_ARM" redefined [enabled by default]
 #define ARCH_ARM 1
 ^
In file included from <command-line>:0:0:
./platform/android/build/core/combo/include/arch/linux-arm/AndroidConfig.h:241:0: note: this is the location of the previous definition
 #define ARCH_ARM
 ^
platform/android/external/libvpx/libvpx/vp9/encoder/vp9_sad.c: In function 'vp9_sad64x64_c':
platform/android/external/libvpx/libvpx/vp9/encoder/vp9_sad.c:39:48: warning: unused parameter 'max_sad' [-Wunused-parameter]
                                   unsigned int max_sad) { \
                                                ^
platform/android/external/libvpx/libvpx/vp9/encoder/vp9_sad.c:51:1: note: in expansion of macro 'sad_mxn_func'
 sad_mxn_func(64, 64)
 ^
platform/android/external/libvpx/libvpx/vp9/encoder/vp9_sad.c: In function 'vp9_sad64x64_avg_c':
platform/android/external/libvpx/libvpx/vp9/encoder/vp9_sad.c:45:52: warning: unused parameter 'max_sad' [-Wunused-parameter]
                                       unsigned int max_sad) { \
                                                    ^
platform/android/external/libvpx/libvpx/vp9/encoder/vp9_sad.c:51:1: note: in expansion of macro 'sad_mxn_func'
 sad_mxn_func(64, 64)
 ^
platform/android/external/libvpx/libvpx/vp9/encoder/vp9_sad.c: In function 'vp9_sad64x32_c':
platform/android/external/libvpx/libvpx/vp9/encoder/vp9_sad.c:39:48: warning: unused parameter 'max_sad' [-Wunused-parameter]
                                   unsigned int max_sad) { \
                                                ^
platform/android/external/libvpx/libvpx/vp9/encoder/vp9_sad.c:52:1: note: in expansion of macro 'sad_mxn_func'
 sad_mxn_func(64, 32)
 ^
platform/android/external/libvpx/libvpx/vp9/encoder/vp9_sad.c: In function 'vp9_sad64x32_avg_c':
platform/android/external/libvpx/libvpx/vp9/encoder/vp9_sad.c:45:52: warning: unused parameter 'max_sad' [-Wunused-parameter]
                                       unsigned int max_sad) { \
                                                    ^
platform/android/external/libvpx/libvpx/vp9/encoder/vp9_sad.c:52:1: note: in expansion of macro 'sad_mxn_func'
 sad_mxn_func(64, 32)
 ^
platform/android/external/libvpx/libvpx/vp9/encoder/vp9_sad.c: In function 'vp9_sad32x64_c':
platform/android/external/libvpx/libvpx/vp9/encoder/vp9_sad.c:39:48: warning: unused parameter 'max_sad' [-Wunused-parameter]
                                   unsigned int max_sad) { \
                                                ^
platform/android/external/libvpx/libvpx/vp9/encoder/vp9_sad.c:53:1: note: in expansion of macro 'sad_mxn_func'
 sad_mxn_func(32, 64)
 ^
platform/android/external/libvpx/libvpx/vp9/encoder/vp9_sad.c: In function 'vp9_sad32x64_avg_c':
platform/android/external/libvpx/libvpx/vp9/encoder/vp9_sad.c:45:52: warning: unused parameter 'max_sad' [-Wunused-parameter]
                                       unsigned int max_sad) { \
                                                    ^
platform/android/external/libvpx/libvpx/vp9/encoder/vp9_sad.c:53:1: note: in expansion of macro 'sad_mxn_func'
 sad_mxn_func(32, 64)
 ^
platform/android/external/libvpx/libvpx/vp9/encoder/vp9_sad.c: In function 'vp9_sad32x32_c':
platform/android/external/libvpx/libvpx/vp9/encoder/vp9_sad.c:39:48: warning: unused parameter 'max_sad' [-Wunused-parameter]
                                   unsigned int max_sad) { \
                                                ^
platform/android/external/libvpx/libvpx/vp9/encoder/vp9_sad.c:54:1: note: in expansion of macro 'sad_mxn_func'
 sad_mxn_func(32, 32)
 ^
platform/android/external/libvpx/libvpx/vp9/encoder/vp9_sad.c: In function 'vp9_sad32x32_avg_c':
platform/android/external/libvpx/libvpx/vp9/encoder/vp9_sad.c:45:52: warning: unused parameter 'max_sad' [-Wunused-parameter]
                                       unsigned int max_sad) { \
                                                    ^
platform/android/external/libvpx/libvpx/vp9/encoder/vp9_sad.c:54:1: note: in expansion of macro 'sad_mxn_func'
 sad_mxn_func(32, 32)
 ^
platform/android/external/libvpx/libvpx/vp9/encoder/vp9_sad.c: In function 'vp9_sad32x16_c':
platform/android/external/libvpx/libvpx/vp9/encoder/vp9_sad.c:39:48: warning: unused parameter 'max_sad' [-Wunused-parameter]
                                   unsigned int max_sad) { \
                                                ^
platform/android/external/libvpx/libvpx/vp9/encoder/vp9_sad.c:55:1: note: in expansion of macro 'sad_mxn_func'
 sad_mxn_func(32, 16)
 ^
platform/android/external/libvpx/libvpx/vp9/encoder/vp9_sad.c: In function 'vp9_sad32x16_avg_c':
platform/android/external/libvpx/libvpx/vp9/encoder/vp9_sad.c:45:52: warning: unused parameter 'max_sad' [-Wunused-parameter]
                                       unsigned int max_sad) { \
                                                    ^
platform/android/external/libvpx/libvpx/vp9/encoder/vp9_sad.c:55:1: note: in expansion of macro 'sad_mxn_func'
 sad_mxn_func(32, 16)
 ^
platform/android/external/libvpx/libvpx/vp9/encoder/vp9_sad.c: In function 'vp9_sad16x32_c':
platform/android/external/libvpx/libvpx/vp9/encoder/vp9_sad.c:39:48: warning: unused parameter 'max_sad' [-Wunused-parameter]
                                   unsigned int max_sad) { \
                                                ^
platform/android/external/libvpx/libvpx/vp9/encoder/vp9_sad.c:56:1: note: in expansion of macro 'sad_mxn_func'
 sad_mxn_func(16, 32)
 ^
platform/android/external/libvpx/libvpx/vp9/encoder/vp9_sad.c: In function 'vp9_sad16x32_avg_c':
platform/android/external/libvpx/libvpx/vp9/encoder/vp9_sad.c:45:52: warning: unused parameter 'max_sad' [-Wunused-parameter]
                                       unsigned int max_sad) { \
                                                    ^
platform/android/external/libvpx/libvpx/vp9/encoder/vp9_sad.c:56:1: note: in expansion of macro 'sad_mxn_func'
 sad_mxn_func(16, 32)
 ^
platform/android/external/libvpx/libvpx/vp9/encoder/vp9_sad.c: In function 'vp9_sad16x16_c':
platform/android/external/libvpx/libvpx/vp9/encoder/vp9_sad.c:39:48: warning: unused parameter 'max_sad' [-Wunused-parameter]
                                   unsigned int max_sad) { \
                                                ^
platform/android/external/libvpx/libvpx/vp9/encoder/vp9_sad.c:57:1: note: in expansion of macro 'sad_mxn_func'
 sad_mxn_func(16, 16)
 ^
platform/android/external/libvpx/libvpx/vp9/encoder/vp9_sad.c: In function 'vp9_sad16x16_avg_c':
platform/android/external/libvpx/libvpx/vp9/encoder/vp9_sad.c:45:52: warning: unused parameter 'max_sad' [-Wunused-parameter]
                                       unsigned int max_sad) { \
                                                    ^
platform/android/external/libvpx/libvpx/vp9/encoder/vp9_sad.c:57:1: note: in expansion of macro 'sad_mxn_func'
 sad_mxn_func(16, 16)
 ^
platform/android/external/libvpx/libvpx/vp9/encoder/vp9_sad.c: In function 'vp9_sad16x8_c':
platform/android/external/libvpx/libvpx/vp9/encoder/vp9_sad.c:39:48: warning: unused parameter 'max_sad' [-Wunused-parameter]
                                   unsigned int max_sad) { \
                                                ^
platform/android/external/libvpx/libvpx/vp9/encoder/vp9_sad.c:58:1: note: in expansion of macro 'sad_mxn_func'
 sad_mxn_func(16, 8)
 ^
platform/android/external/libvpx/libvpx/vp9/encoder/vp9_sad.c: In function 'vp9_sad16x8_avg_c':
platform/android/external/libvpx/libvpx/vp9/encoder/vp9_sad.c:45:52: warning: unused parameter 'max_sad' [-Wunused-parameter]
                                       unsigned int max_sad) { \
                                                    ^
platform/android/external/libvpx/libvpx/vp9/encoder/vp9_sad.c:58:1: note: in expansion of macro 'sad_mxn_func'
 sad_mxn_func(16, 8)
 ^
platform/android/external/libvpx/libvpx/vp9/encoder/vp9_sad.c: In function 'vp9_sad8x16_c':
platform/android/external/libvpx/libvpx/vp9/encoder/vp9_sad.c:39:48: warning: unused parameter 'max_sad' [-Wunused-parameter]
                                   unsigned int max_sad) { \
                                                ^
platform/android/external/libvpx/libvpx/vp9/encoder/vp9_sad.c:59:1: note: in expansion of macro 'sad_mxn_func'
 sad_mxn_func(8, 16)
 ^
platform/android/external/libvpx/libvpx/vp9/encoder/vp9_sad.c: In function 'vp9_sad8x16_avg_c':
platform/android/external/libvpx/libvpx/vp9/encoder/vp9_sad.c:45:52: warning: unused parameter 'max_sad' [-Wunused-parameter]
                                       unsigned int max_sad) { \
                                                    ^
platform/android/external/libvpx/libvpx/vp9/encoder/vp9_sad.c:59:1: note: in expansion of macro 'sad_mxn_func'
 sad_mxn_func(8, 16)
 ^
platform/android/external/libvpx/libvpx/vp9/encoder/vp9_sad.c: In function 'vp9_sad8x8_c':
platform/android/external/libvpx/libvpx/vp9/encoder/vp9_sad.c:39:48: warning: unused parameter 'max_sad' [-Wunused-parameter]
                                   unsigned int max_sad) { \
                                                ^
platform/android/external/libvpx/libvpx/vp9/encoder/vp9_sad.c:60:1: note: in expansion of macro 'sad_mxn_func'
 sad_mxn_func(8, 8)
 ^
platform/android/external/libvpx/libvpx/vp9/encoder/vp9_sad.c: In function 'vp9_sad8x8_avg_c':
platform/android/external/libvpx/libvpx/vp9/encoder/vp9_sad.c:45:52: warning: unused parameter 'max_sad' [-Wunused-parameter]
                                       unsigned int max_sad) { \
                                                    ^
platform/android/external/libvpx/libvpx/vp9/encoder/vp9_sad.c:60:1: note: in expansion of macro 'sad_mxn_func'
 sad_mxn_func(8, 8)
 ^
platform/android/external/libvpx/libvpx/vp9/encoder/vp9_sad.c: In function 'vp9_sad8x4_c':
platform/android/external/libvpx/libvpx/vp9/encoder/vp9_sad.c:39:48: warning: unused parameter 'max_sad' [-Wunused-parameter]
                                   unsigned int max_sad) { \
                                                ^
platform/android/external/libvpx/libvpx/vp9/encoder/vp9_sad.c:61:1: note: in expansion of macro 'sad_mxn_func'
 sad_mxn_func(8, 4)
 ^
platform/android/external/libvpx/libvpx/vp9/encoder/vp9_sad.c: In function 'vp9_sad8x4_avg_c':
platform/android/external/libvpx/libvpx/vp9/encoder/vp9_sad.c:45:52: warning: unused parameter 'max_sad' [-Wunused-parameter]
                                       unsigned int max_sad) { \
                                                    ^
platform/android/external/libvpx/libvpx/vp9/encoder/vp9_sad.c:61:1: note: in expansion of macro 'sad_mxn_func'
 sad_mxn_func(8, 4)
 ^
platform/android/external/libvpx/libvpx/vp9/encoder/vp9_sad.c: In function 'vp9_sad4x8_c':
platform/android/external/libvpx/libvpx/vp9/encoder/vp9_sad.c:39:48: warning: unused parameter 'max_sad' [-Wunused-parameter]
                                   unsigned int max_sad) { \
                                                ^
platform/android/external/libvpx/libvpx/vp9/encoder/vp9_sad.c:62:1: note: in expansion of macro 'sad_mxn_func'
 sad_mxn_func(4, 8)
 ^
platform/android/external/libvpx/libvpx/vp9/encoder/vp9_sad.c: In function 'vp9_sad4x8_avg_c':
platform/android/external/libvpx/libvpx/vp9/encoder/vp9_sad.c:45:52: warning: unused parameter 'max_sad' [-Wunused-parameter]
                                       unsigned int max_sad) { \
                                                    ^
platform/android/external/libvpx/libvpx/vp9/encoder/vp9_sad.c:62:1: note: in expansion of macro 'sad_mxn_func'
 sad_mxn_func(4, 8)
 ^
platform/android/external/libvpx/libvpx/vp9/encoder/vp9_sad.c: In function 'vp9_sad4x4_c':
platform/android/external/libvpx/libvpx/vp9/encoder/vp9_sad.c:39:48: warning: unused parameter 'max_sad' [-Wunused-parameter]
                                   unsigned int max_sad) { \
                                                ^
platform/android/external/libvpx/libvpx/vp9/encoder/vp9_sad.c:63:1: note: in expansion of macro 'sad_mxn_func'
 sad_mxn_func(4, 4)
 ^
platform/android/external/libvpx/libvpx/vp9/encoder/vp9_sad.c: In function 'vp9_sad4x4_avg_c':
platform/android/external/libvpx/libvpx/vp9/encoder/vp9_sad.c:45:52: warning: unused parameter 'max_sad' [-Wunused-parameter]
                                       unsigned int max_sad) { \
                                                    ^
platform/android/external/libvpx/libvpx/vp9/encoder/vp9_sad.c:63:1: note: in expansion of macro 'sad_mxn_func'
 sad_mxn_func(4, 4)
 ^
