platform/android/external/neven/Embedded/common/src/b_BitFeatureEm/Feature.c: In function 'bbf_Feature_init':
platform/android/external/neven/Embedded/common/src/b_BitFeatureEm/Feature.c:55:44: warning: unused parameter 'cpA' [-Wunused-parameter]
 void bbf_Feature_init( struct bbs_Context* cpA,
                                            ^
platform/android/external/neven/Embedded/common/src/b_BitFeatureEm/Feature.c: In function 'bbf_Feature_exit':
platform/android/external/neven/Embedded/common/src/b_BitFeatureEm/Feature.c:66:44: warning: unused parameter 'cpA' [-Wunused-parameter]
 void bbf_Feature_exit( struct bbs_Context* cpA,
                                            ^
platform/android/external/neven/Embedded/common/src/b_BitFeatureEm/Feature.c: In function 'bbf_Feature_copy':
platform/android/external/neven/Embedded/common/src/b_BitFeatureEm/Feature.c:85:44: warning: unused parameter 'cpA' [-Wunused-parameter]
 void bbf_Feature_copy( struct bbs_Context* cpA,
                                            ^
platform/android/external/neven/Embedded/common/src/b_BitFeatureEm/Feature.c: In function 'bbf_Feature_equal':
platform/android/external/neven/Embedded/common/src/b_BitFeatureEm/Feature.c:97:45: warning: unused parameter 'cpA' [-Wunused-parameter]
 flag bbf_Feature_equal( struct bbs_Context* cpA,
                                             ^
platform/android/external/neven/Embedded/common/src/b_BitFeatureEm/Feature.c: In function 'bbf_Feature_memSize':
platform/android/external/neven/Embedded/common/src/b_BitFeatureEm/Feature.c:135:49: warning: unused parameter 'cpA' [-Wunused-parameter]
 uint32 bbf_Feature_memSize( struct bbs_Context* cpA,
                                                 ^
