cc1: warning: command line option '-Wno-non-virtual-dtor' is valid for C++/ObjC++ but not for C [enabled by default]
platform/android/external/pdfium/core/src/fxcodec/libjpeg/fpdfapi_jdmainct.c: In function 'alloc_funny_pointers':
platform/android/external/pdfium/core/src/fxcodec/libjpeg/fpdfapi_jdmainct.c:163:15: warning: 'main' is usually a function [-Wmain]
   my_main_ptr main = (my_main_ptr) cinfo->main;
               ^
platform/android/external/pdfium/core/src/fxcodec/libjpeg/fpdfapi_jdmainct.c: In function 'make_funny_pointers':
platform/android/external/pdfium/core/src/fxcodec/libjpeg/fpdfapi_jdmainct.c:204:15: warning: 'main' is usually a function [-Wmain]
   my_main_ptr main = (my_main_ptr) cinfo->main;
               ^
platform/android/external/pdfium/core/src/fxcodec/libjpeg/fpdfapi_jdmainct.c: In function 'set_wraparound_pointers':
platform/android/external/pdfium/core/src/fxcodec/libjpeg/fpdfapi_jdmainct.c:244:15: warning: 'main' is usually a function [-Wmain]
   my_main_ptr main = (my_main_ptr) cinfo->main;
               ^
platform/android/external/pdfium/core/src/fxcodec/libjpeg/fpdfapi_jdmainct.c: In function 'set_bottom_pointers':
platform/android/external/pdfium/core/src/fxcodec/libjpeg/fpdfapi_jdmainct.c:273:15: warning: 'main' is usually a function [-Wmain]
   my_main_ptr main = (my_main_ptr) cinfo->main;
               ^
platform/android/external/pdfium/core/src/fxcodec/libjpeg/fpdfapi_jdmainct.c: In function 'start_pass_main':
platform/android/external/pdfium/core/src/fxcodec/libjpeg/fpdfapi_jdmainct.c:310:15: warning: 'main' is usually a function [-Wmain]
   my_main_ptr main = (my_main_ptr) cinfo->main;
               ^
platform/android/external/pdfium/core/src/fxcodec/libjpeg/fpdfapi_jdmainct.c: In function 'process_data_simple_main':
platform/android/external/pdfium/core/src/fxcodec/libjpeg/fpdfapi_jdmainct.c:350:15: warning: 'main' is usually a function [-Wmain]
   my_main_ptr main = (my_main_ptr) cinfo->main;
               ^
platform/android/external/pdfium/core/src/fxcodec/libjpeg/fpdfapi_jdmainct.c: In function 'process_data_context_main':
platform/android/external/pdfium/core/src/fxcodec/libjpeg/fpdfapi_jdmainct.c:390:15: warning: 'main' is usually a function [-Wmain]
   my_main_ptr main = (my_main_ptr) cinfo->main;
               ^
platform/android/external/pdfium/core/src/fxcodec/libjpeg/fpdfapi_jdmainct.c: In function 'FPDFAPIJPEG_jinit_d_main_controller':
platform/android/external/pdfium/core/src/fxcodec/libjpeg/fpdfapi_jdmainct.c:479:15: warning: 'main' is usually a function [-Wmain]
   my_main_ptr main;
               ^
