platform/android/hardware/ril/reference-ril/reference-ril.c: In function 'requestRadioPower':
platform/android/hardware/ril/reference-ril/reference-ril.c:367:50: warning: unused parameter 'datalen' [-Wunused-parameter]
 static void requestRadioPower(void *data, size_t datalen, RIL_Token t)
                                                  ^
platform/android/hardware/ril/reference-ril/reference-ril.c: In function 'requestGetCellInfoList':
platform/android/hardware/ril/reference-ril/reference-ril.c:1936:13: warning: braces around scalar initializer [enabled by default]
             { // union CellInfo
             ^
platform/android/hardware/ril/reference-ril/reference-ril.c:1936:13: warning: (near initialization for 'ci[0].timeStamp') [enabled by default]
platform/android/hardware/ril/reference-ril/reference-ril.c:1937:17: warning: braces around scalar initializer [enabled by default]
                 {  // RIL_CellInfoGsm gsm
                 ^
platform/android/hardware/ril/reference-ril/reference-ril.c:1937:17: warning: (near initialization for 'ci[0].timeStamp') [enabled by default]
platform/android/hardware/ril/reference-ril/reference-ril.c:1938:21: warning: braces around scalar initializer [enabled by default]
                     {  // gsm.cellIdneityGsm
                     ^
platform/android/hardware/ril/reference-ril/reference-ril.c:1938:21: warning: (near initialization for 'ci[0].timeStamp') [enabled by default]
platform/android/hardware/ril/reference-ril/reference-ril.c:1940:25: warning: excess elements in scalar initializer [enabled by default]
                         s_mnc, // mnc
                         ^
platform/android/hardware/ril/reference-ril/reference-ril.c:1940:25: warning: (near initialization for 'ci[0].timeStamp') [enabled by default]
platform/android/hardware/ril/reference-ril/reference-ril.c:1941:25: warning: excess elements in scalar initializer [enabled by default]
                         s_lac, // lac
                         ^
platform/android/hardware/ril/reference-ril/reference-ril.c:1941:25: warning: (near initialization for 'ci[0].timeStamp') [enabled by default]
platform/android/hardware/ril/reference-ril/reference-ril.c:1942:25: warning: excess elements in scalar initializer [enabled by default]
                         s_cid, // cid
                         ^
platform/android/hardware/ril/reference-ril/reference-ril.c:1942:25: warning: (near initialization for 'ci[0].timeStamp') [enabled by default]
platform/android/hardware/ril/reference-ril/reference-ril.c:1944:21: warning: excess elements in scalar initializer [enabled by default]
                     },
                     ^
platform/android/hardware/ril/reference-ril/reference-ril.c:1944:21: warning: (near initialization for 'ci[0].timeStamp') [enabled by default]
platform/android/hardware/ril/reference-ril/reference-ril.c:1945:21: warning: braces around scalar initializer [enabled by default]
                     {  // gsm.signalStrengthGsm
                     ^
platform/android/hardware/ril/reference-ril/reference-ril.c:1945:21: warning: (near initialization for 'ci[0].timeStamp') [enabled by default]
platform/android/hardware/ril/reference-ril/reference-ril.c:1948:21: warning: excess elements in scalar initializer [enabled by default]
                     }
                     ^
platform/android/hardware/ril/reference-ril/reference-ril.c:1948:21: warning: (near initialization for 'ci[0].timeStamp') [enabled by default]
platform/android/hardware/ril/reference-ril/reference-ril.c:1948:21: warning: excess elements in scalar initializer [enabled by default]
platform/android/hardware/ril/reference-ril/reference-ril.c:1948:21: warning: (near initialization for 'ci[0].timeStamp') [enabled by default]
platform/android/hardware/ril/reference-ril/reference-ril.c:1951:9: warning: missing initializer for field 'CellInfo' of 'RIL_CellInfo' [-Wmissing-field-initializers]
         }
         ^
In file included from platform/android/hardware/ril/reference-ril/reference-ril.c:40:0:
platform/android/hardware/ril/reference-ril/ril.h:1095:5: note: 'CellInfo' declared here
   } CellInfo;
     ^
platform/android/hardware/ril/reference-ril/reference-ril.c: In function 'requestSetCellInfoListRate':
platform/android/hardware/ril/reference-ril/reference-ril.c:1958:59: warning: unused parameter 'datalen' [-Wunused-parameter]
 static void requestSetCellInfoListRate(void *data, size_t datalen, RIL_Token t)
                                                           ^
platform/android/hardware/ril/reference-ril/reference-ril.c: In function 'usage':
platform/android/hardware/ril/reference-ril/reference-ril.c:3276:25: warning: unused parameter 's' [-Wunused-parameter]
 static void usage(char *s)
                         ^
