device/hisilicon/bigfish/HiSTBSDKV6R2/sample/userproc/sample_userproc.c: In function 'Proc_Test_Show1':
device/hisilicon/bigfish/HiSTBSDKV6R2/sample/userproc/sample_userproc.c:18:65: warning: unused parameter 'pPrivData' [-Wunused-parameter]
 HI_S32 Proc_Test_Show1(HI_PROC_SHOW_BUFFER_S * pstBuf, HI_VOID *pPrivData)
                                                                 ^
device/hisilicon/bigfish/HiSTBSDKV6R2/sample/userproc/sample_userproc.c: In function 'Proc_Test_Show2':
device/hisilicon/bigfish/HiSTBSDKV6R2/sample/userproc/sample_userproc.c:31:65: warning: unused parameter 'pPrivData' [-Wunused-parameter]
 HI_S32 Proc_Test_Show2(HI_PROC_SHOW_BUFFER_S * pstBuf, HI_VOID *pPrivData)
                                                                 ^
device/hisilicon/bigfish/HiSTBSDKV6R2/sample/userproc/sample_userproc.c: In function 'Proc_Test_Cmd1':
device/hisilicon/bigfish/HiSTBSDKV6R2/sample/userproc/sample_userproc.c:44:16: warning: comparison between signed and unsigned integer expressions [-Wsign-compare]
     for (i=0; i<u32Argc; i++)
                ^
device/hisilicon/bigfish/HiSTBSDKV6R2/sample/userproc/sample_userproc.c:38:98: warning: unused parameter 'pPrivData' [-Wunused-parameter]
 HI_S32 Proc_Test_Cmd1(HI_PROC_SHOW_BUFFER_S * pstBuf, HI_U32 u32Argc, HI_U8 *pu8Argv[], HI_VOID *pPrivData)
                                                                                                  ^
device/hisilicon/bigfish/HiSTBSDKV6R2/sample/userproc/sample_userproc.c: In function 'Proc_Test_Cmd2':
device/hisilicon/bigfish/HiSTBSDKV6R2/sample/userproc/sample_userproc.c:60:16: warning: comparison between signed and unsigned integer expressions [-Wsign-compare]
     for (i=0; i<u32Argc; i++)
                ^
device/hisilicon/bigfish/HiSTBSDKV6R2/sample/userproc/sample_userproc.c:54:47: warning: unused parameter 'pstBuf' [-Wunused-parameter]
 HI_S32 Proc_Test_Cmd2(HI_PROC_SHOW_BUFFER_S * pstBuf, HI_U32 u32Argc, HI_U8 *pu8Argv[], HI_VOID *pPrivData)
                                               ^
device/hisilicon/bigfish/HiSTBSDKV6R2/sample/userproc/sample_userproc.c:54:98: warning: unused parameter 'pPrivData' [-Wunused-parameter]
 HI_S32 Proc_Test_Cmd2(HI_PROC_SHOW_BUFFER_S * pstBuf, HI_U32 u32Argc, HI_U8 *pu8Argv[], HI_VOID *pPrivData)
                                                                                                  ^
