platform/android/frameworks/base/media/tests/players/invoke_mock_media_player.cpp:60:25: warning: unused parameter 'httpService' [-Wunused-parameter]
     virtual status_t    setDataSource(
                         ^
platform/android/frameworks/base/media/tests/players/invoke_mock_media_player.cpp:72:25: warning: unused parameter 'fd' [-Wunused-parameter]
     virtual status_t    setDataSource(int fd, int64_t offset, int64_t length) {return OK;}
                         ^
platform/android/frameworks/base/media/tests/players/invoke_mock_media_player.cpp:72:25: warning: unused parameter 'offset' [-Wunused-parameter]
platform/android/frameworks/base/media/tests/players/invoke_mock_media_player.cpp:72:25: warning: unused parameter 'length' [-Wunused-parameter]
platform/android/frameworks/base/media/tests/players/invoke_mock_media_player.cpp:73:25: warning: unused parameter 'bufferProducer' [-Wunused-parameter]
     virtual status_t    setVideoSurfaceTexture(
                         ^
platform/android/frameworks/base/media/tests/players/invoke_mock_media_player.cpp:81:25: warning: unused parameter 'msec' [-Wunused-parameter]
     virtual status_t    seekTo(int msec) {return OK;}
                         ^
platform/android/frameworks/base/media/tests/players/invoke_mock_media_player.cpp:82:25: warning: unused parameter 'msec' [-Wunused-parameter]
     virtual status_t    getCurrentPosition(int *msec) {return OK;}
                         ^
platform/android/frameworks/base/media/tests/players/invoke_mock_media_player.cpp:83:25: warning: unused parameter 'msec' [-Wunused-parameter]
     virtual status_t    getDuration(int *msec) {return OK;}
                         ^
platform/android/frameworks/base/media/tests/players/invoke_mock_media_player.cpp:85:25: warning: unused parameter 'loop' [-Wunused-parameter]
     virtual status_t    setLooping(int loop) {return OK;}
                         ^
platform/android/frameworks/base/media/tests/players/invoke_mock_media_player.cpp:88:25: warning: unused parameter 'key' [-Wunused-parameter]
     virtual status_t    setParameter(int key, const Parcel &request) {return OK;}
                         ^
platform/android/frameworks/base/media/tests/players/invoke_mock_media_player.cpp:88:25: warning: unused parameter 'request' [-Wunused-parameter]
platform/android/frameworks/base/media/tests/players/invoke_mock_media_player.cpp:89:25: warning: unused parameter 'key' [-Wunused-parameter]
     virtual status_t    getParameter(int key, Parcel *reply) {return OK;}
                         ^
platform/android/frameworks/base/media/tests/players/invoke_mock_media_player.cpp:89:25: warning: unused parameter 'reply' [-Wunused-parameter]
