device/hisilicon/bigfish/external/rp-pppoe/pppoe.c: In function 'sessionDiscoveryPacket':
device/hisilicon/bigfish/external/rp-pppoe/pppoe.c:175:41: warning: comparison between signed and unsigned integer expressions [-Wsign-compare]
     if (ntohs(packet.length) + HDR_SIZE > len) {
                                         ^
device/hisilicon/bigfish/external/rp-pppoe/pppoe.c: In function 'usage':
device/hisilicon/bigfish/external/rp-pppoe/pppoe.c:386:6: warning: format '%s' expects argument of type 'char *', but argument 3 has type 'double' [-Wformat=]
      "http://www.roaringpenguin.com\n", VERSION);
      ^
device/hisilicon/bigfish/external/rp-pppoe/pppoe.c: In function 'main':
device/hisilicon/bigfish/external/rp-pppoe/pppoe.c:537:6: warning: format '%s' expects argument of type 'char *', but argument 3 has type 'double' [-Wformat=]
      fprintf(conn.debugFile, "rp-pppoe-%s\n", VERSION);
      ^
device/hisilicon/bigfish/external/rp-pppoe/pppoe.c:562:6: warning: format '%s' expects argument of type 'char *', but argument 2 has type 'double' [-Wformat=]
      printf("Roaring Penguin PPPoE Version %s\n", VERSION);
      ^
device/hisilicon/bigfish/external/rp-pppoe/pppoe.c: In function 'asyncReadFromEth':
device/hisilicon/bigfish/external/rp-pppoe/pppoe.c:751:41: warning: comparison between signed and unsigned integer expressions [-Wsign-compare]
     if (ntohs(packet.length) + HDR_SIZE > len) {
                                         ^
device/hisilicon/bigfish/external/rp-pppoe/pppoe.c:802:25: warning: comparison between signed and unsigned integer expressions [-Wsign-compare]
     if (plen + HDR_SIZE > len) {
                         ^
device/hisilicon/bigfish/external/rp-pppoe/pppoe.c: In function 'syncReadFromEth':
device/hisilicon/bigfish/external/rp-pppoe/pppoe.c:880:41: warning: comparison between signed and unsigned integer expressions [-Wsign-compare]
     if (ntohs(packet.length) + HDR_SIZE > len) {
                                         ^
device/hisilicon/bigfish/external/rp-pppoe/pppoe.c:932:25: warning: comparison between signed and unsigned integer expressions [-Wsign-compare]
     if (plen + HDR_SIZE > len) {
                         ^
