platform/android/external/sonivox/arm-wt-22k/lib_src/eas_ota.c: In function 'OTA_Time':
platform/android/external/sonivox/arm-wt-22k/lib_src/eas_ota.c:288:41: warning: unused parameter 'pEASData' [-Wunused-parameter]
 static EAS_RESULT OTA_Time (S_EAS_DATA *pEASData, EAS_VOID_PTR pInstData, EAS_U32 *pTime)
                                         ^
platform/android/external/sonivox/arm-wt-22k/lib_src/eas_ota.c: In function 'OTA_State':
platform/android/external/sonivox/arm-wt-22k/lib_src/eas_ota.c:572:42: warning: unused parameter 'pEASData' [-Wunused-parameter]
 static EAS_RESULT OTA_State (S_EAS_DATA *pEASData, EAS_VOID_PTR pInstData, EAS_I32 *pState)
                                          ^
platform/android/external/sonivox/arm-wt-22k/lib_src/eas_ota.c: In function 'OTA_Resume':
platform/android/external/sonivox/arm-wt-22k/lib_src/eas_ota.c:723:43: warning: unused parameter 'pEASData' [-Wunused-parameter]
 static EAS_RESULT OTA_Resume (S_EAS_DATA *pEASData, EAS_VOID_PTR pInstData)
                                           ^
platform/android/external/sonivox/arm-wt-22k/lib_src/eas_ota.c: In function 'OTA_SetData':
platform/android/external/sonivox/arm-wt-22k/lib_src/eas_ota.c:755:44: warning: unused parameter 'pEASData' [-Wunused-parameter]
 static EAS_RESULT OTA_SetData (S_EAS_DATA *pEASData, EAS_VOID_PTR pInstData, EAS_I32 param, EAS_I32 value)
                                            ^
platform/android/external/sonivox/arm-wt-22k/lib_src/eas_ota.c: In function 'OTA_GetData':
platform/android/external/sonivox/arm-wt-22k/lib_src/eas_ota.c:793:44: warning: unused parameter 'pEASData' [-Wunused-parameter]
 static EAS_RESULT OTA_GetData (S_EAS_DATA *pEASData, EAS_VOID_PTR pInstData, EAS_I32 param, EAS_I32 *pValue)
                                            ^
