In file included from device/hisilicon/bigfish/HiSTBSDKV6R2/source/common/include/hi_common.h:21:0,
                 from device/hisilicon/bigfish/HiSTBSDKV6R2/source/msp/include/hi_unf_common.h:28,
                 from device/hisilicon/bigfish/HiSTBSDKV6R2/source/msp/include/hi_unf_sound.h:24,
                 from device/hisilicon/bigfish/HiSTBSDKV6R2/source/msp/api/ao/unf_sound.c:8:
device/hisilicon/bigfish/HiSTBSDKV6R2/source/common/include/hi_type.h:44:23: warning: ISO C90 does not support 'long long' [-Wlong-long]
 typedef unsigned long long      HI_U64;
                       ^
device/hisilicon/bigfish/HiSTBSDKV6R2/source/common/include/hi_type.h:45:14: warning: ISO C90 does not support 'long long' [-Wlong-long]
 typedef long long               HI_S64;
              ^
device/hisilicon/bigfish/HiSTBSDKV6R2/source/msp/api/ao/unf_sound.c: In function 'HI_UNF_SND_SetSmartVolume':
device/hisilicon/bigfish/HiSTBSDKV6R2/source/msp/api/ao/unf_sound.c:217:80: warning: unused parameter 'enOutPort' [-Wunused-parameter]
 HI_S32 HI_UNF_SND_SetSmartVolume(HI_UNF_SND_E enSound, HI_UNF_SND_OUTPUTPORT_E enOutPort, HI_BOOL bSmartVolume)
                                                                                ^
device/hisilicon/bigfish/HiSTBSDKV6R2/source/msp/api/ao/unf_sound.c:217:99: warning: unused parameter 'bSmartVolume' [-Wunused-parameter]
 HI_S32 HI_UNF_SND_SetSmartVolume(HI_UNF_SND_E enSound, HI_UNF_SND_OUTPUTPORT_E enOutPort, HI_BOOL bSmartVolume)
                                                                                                   ^
device/hisilicon/bigfish/HiSTBSDKV6R2/source/msp/api/ao/unf_sound.c: In function 'HI_UNF_SND_GetSmartVolume':
device/hisilicon/bigfish/HiSTBSDKV6R2/source/msp/api/ao/unf_sound.c:223:80: warning: unused parameter 'enOutPort' [-Wunused-parameter]
 HI_S32 HI_UNF_SND_GetSmartVolume(HI_UNF_SND_E enSound, HI_UNF_SND_OUTPUTPORT_E enOutPort, HI_BOOL* pbSmartVolume)
                                                                                ^
device/hisilicon/bigfish/HiSTBSDKV6R2/source/msp/api/ao/unf_sound.c:223:100: warning: unused parameter 'pbSmartVolume' [-Wunused-parameter]
 HI_S32 HI_UNF_SND_GetSmartVolume(HI_UNF_SND_E enSound, HI_UNF_SND_OUTPUTPORT_E enOutPort, HI_BOOL* pbSmartVolume)
                                                                                                    ^
device/hisilicon/bigfish/HiSTBSDKV6R2/source/msp/api/ao/unf_sound.c: In function 'HI_UNF_SND_SetTrackSmartVolume':
device/hisilicon/bigfish/HiSTBSDKV6R2/source/msp/api/ao/unf_sound.c:229:49: warning: unused parameter 'hTrack' [-Wunused-parameter]
 HI_S32 HI_UNF_SND_SetTrackSmartVolume(HI_HANDLE hTrack, HI_BOOL bEnable)
                                                 ^
device/hisilicon/bigfish/HiSTBSDKV6R2/source/msp/api/ao/unf_sound.c:229:65: warning: unused parameter 'bEnable' [-Wunused-parameter]
 HI_S32 HI_UNF_SND_SetTrackSmartVolume(HI_HANDLE hTrack, HI_BOOL bEnable)
                                                                 ^
device/hisilicon/bigfish/HiSTBSDKV6R2/source/msp/api/ao/unf_sound.c: In function 'HI_UNF_SND_GetTrackSmartVolume':
device/hisilicon/bigfish/HiSTBSDKV6R2/source/msp/api/ao/unf_sound.c:246:49: warning: unused parameter 'hTrack' [-Wunused-parameter]
 HI_S32 HI_UNF_SND_GetTrackSmartVolume(HI_HANDLE hTrack, HI_BOOL* pbEnable)
                                                 ^
device/hisilicon/bigfish/HiSTBSDKV6R2/source/msp/api/ao/unf_sound.c:246:66: warning: unused parameter 'pbEnable' [-Wunused-parameter]
 HI_S32 HI_UNF_SND_GetTrackSmartVolume(HI_HANDLE hTrack, HI_BOOL* pbEnable)
                                                                  ^
device/hisilicon/bigfish/HiSTBSDKV6R2/source/msp/api/ao/unf_sound.c: In function 'HI_UNF_SND_SetPrecisionVolume':
device/hisilicon/bigfish/HiSTBSDKV6R2/source/msp/api/ao/unf_sound.c:330:51: warning: unused parameter 'enSound' [-Wunused-parameter]
 HI_S32 HI_UNF_SND_SetPrecisionVolume(HI_UNF_SND_E enSound, HI_UNF_SND_OUTPUTPORT_E enOutPort, const HI_UNF_SND_PRECIGAIN_ATTR_S* pstPreciGain)
                                                   ^
device/hisilicon/bigfish/HiSTBSDKV6R2/source/msp/api/ao/unf_sound.c:330:84: warning: unused parameter 'enOutPort' [-Wunused-parameter]
 HI_S32 HI_UNF_SND_SetPrecisionVolume(HI_UNF_SND_E enSound, HI_UNF_SND_OUTPUTPORT_E enOutPort, const HI_UNF_SND_PRECIGAIN_ATTR_S* pstPreciGain)
                                                                                    ^
device/hisilicon/bigfish/HiSTBSDKV6R2/source/msp/api/ao/unf_sound.c:330:130: warning: unused parameter 'pstPreciGain' [-Wunused-parameter]
 HI_S32 HI_UNF_SND_SetPrecisionVolume(HI_UNF_SND_E enSound, HI_UNF_SND_OUTPUTPORT_E enOutPort, const HI_UNF_SND_PRECIGAIN_ATTR_S* pstPreciGain)
                                                                                                                                  ^
device/hisilicon/bigfish/HiSTBSDKV6R2/source/msp/api/ao/unf_sound.c: In function 'HI_UNF_SND_GetPrecisionVolume':
device/hisilicon/bigfish/HiSTBSDKV6R2/source/msp/api/ao/unf_sound.c:335:51: warning: unused parameter 'enSound' [-Wunused-parameter]
 HI_S32 HI_UNF_SND_GetPrecisionVolume(HI_UNF_SND_E enSound, HI_UNF_SND_OUTPUTPORT_E enOutPort, HI_UNF_SND_PRECIGAIN_ATTR_S* pstPreciGain)
                                                   ^
device/hisilicon/bigfish/HiSTBSDKV6R2/source/msp/api/ao/unf_sound.c:335:84: warning: unused parameter 'enOutPort' [-Wunused-parameter]
 HI_S32 HI_UNF_SND_GetPrecisionVolume(HI_UNF_SND_E enSound, HI_UNF_SND_OUTPUTPORT_E enOutPort, HI_UNF_SND_PRECIGAIN_ATTR_S* pstPreciGain)
                                                                                    ^
device/hisilicon/bigfish/HiSTBSDKV6R2/source/msp/api/ao/unf_sound.c:335:124: warning: unused parameter 'pstPreciGain' [-Wunused-parameter]
 HI_S32 HI_UNF_SND_GetPrecisionVolume(HI_UNF_SND_E enSound, HI_UNF_SND_OUTPUTPORT_E enOutPort, HI_UNF_SND_PRECIGAIN_ATTR_S* pstPreciGain)
                                                                                                                            ^
device/hisilicon/bigfish/HiSTBSDKV6R2/source/msp/api/ao/unf_sound.c: In function 'HI_UNF_SND_SetBalance':
device/hisilicon/bigfish/HiSTBSDKV6R2/source/msp/api/ao/unf_sound.c:340:43: warning: unused parameter 'enSound' [-Wunused-parameter]
 HI_S32 HI_UNF_SND_SetBalance(HI_UNF_SND_E enSound, HI_UNF_SND_OUTPUTPORT_E enOutPort, HI_S32 s32Balance)
                                           ^
device/hisilicon/bigfish/HiSTBSDKV6R2/source/msp/api/ao/unf_sound.c:340:76: warning: unused parameter 'enOutPort' [-Wunused-parameter]
 HI_S32 HI_UNF_SND_SetBalance(HI_UNF_SND_E enSound, HI_UNF_SND_OUTPUTPORT_E enOutPort, HI_S32 s32Balance)
                                                                            ^
device/hisilicon/bigfish/HiSTBSDKV6R2/source/msp/api/ao/unf_sound.c:340:94: warning: unused parameter 's32Balance' [-Wunused-parameter]
 HI_S32 HI_UNF_SND_SetBalance(HI_UNF_SND_E enSound, HI_UNF_SND_OUTPUTPORT_E enOutPort, HI_S32 s32Balance)
                                                                                              ^
device/hisilicon/bigfish/HiSTBSDKV6R2/source/msp/api/ao/unf_sound.c: In function 'HI_UNF_SND_GetBalance':
device/hisilicon/bigfish/HiSTBSDKV6R2/source/msp/api/ao/unf_sound.c:345:43: warning: unused parameter 'enSound' [-Wunused-parameter]
 HI_S32 HI_UNF_SND_GetBalance(HI_UNF_SND_E enSound, HI_UNF_SND_OUTPUTPORT_E enOutPort, HI_S32* ps32Balance)
                                           ^
device/hisilicon/bigfish/HiSTBSDKV6R2/source/msp/api/ao/unf_sound.c:345:76: warning: unused parameter 'enOutPort' [-Wunused-parameter]
 HI_S32 HI_UNF_SND_GetBalance(HI_UNF_SND_E enSound, HI_UNF_SND_OUTPUTPORT_E enOutPort, HI_S32* ps32Balance)
                                                                            ^
device/hisilicon/bigfish/HiSTBSDKV6R2/source/msp/api/ao/unf_sound.c:345:95: warning: unused parameter 'ps32Balance' [-Wunused-parameter]
 HI_S32 HI_UNF_SND_GetBalance(HI_UNF_SND_E enSound, HI_UNF_SND_OUTPUTPORT_E enOutPort, HI_S32* ps32Balance)
                                                                                               ^
device/hisilicon/bigfish/HiSTBSDKV6R2/source/msp/api/ao/unf_sound.c: In function 'HI_UNF_SND_SetAefBypass':
device/hisilicon/bigfish/HiSTBSDKV6R2/source/msp/api/ao/unf_sound.c:787:45: warning: unused parameter 'enSound' [-Wunused-parameter]
 HI_S32 HI_UNF_SND_SetAefBypass(HI_UNF_SND_E enSound, HI_UNF_SND_OUTPUTPORT_E enOutPort, HI_BOOL bBypass)
                                             ^
device/hisilicon/bigfish/HiSTBSDKV6R2/source/msp/api/ao/unf_sound.c:787:78: warning: unused parameter 'enOutPort' [-Wunused-parameter]
 HI_S32 HI_UNF_SND_SetAefBypass(HI_UNF_SND_E enSound, HI_UNF_SND_OUTPUTPORT_E enOutPort, HI_BOOL bBypass)
                                                                              ^
device/hisilicon/bigfish/HiSTBSDKV6R2/source/msp/api/ao/unf_sound.c:787:97: warning: unused parameter 'bBypass' [-Wunused-parameter]
 HI_S32 HI_UNF_SND_SetAefBypass(HI_UNF_SND_E enSound, HI_UNF_SND_OUTPUTPORT_E enOutPort, HI_BOOL bBypass)
                                                                                                 ^
device/hisilicon/bigfish/HiSTBSDKV6R2/source/msp/api/ao/unf_sound.c: In function 'HI_UNF_SND_GetAefBypass':
device/hisilicon/bigfish/HiSTBSDKV6R2/source/msp/api/ao/unf_sound.c:791:45: warning: unused parameter 'enSound' [-Wunused-parameter]
 HI_S32 HI_UNF_SND_GetAefBypass(HI_UNF_SND_E enSound, HI_UNF_SND_OUTPUTPORT_E enOutPort, HI_BOOL* pbBypass)
                                             ^
device/hisilicon/bigfish/HiSTBSDKV6R2/source/msp/api/ao/unf_sound.c:791:78: warning: unused parameter 'enOutPort' [-Wunused-parameter]
 HI_S32 HI_UNF_SND_GetAefBypass(HI_UNF_SND_E enSound, HI_UNF_SND_OUTPUTPORT_E enOutPort, HI_BOOL* pbBypass)
                                                                              ^
device/hisilicon/bigfish/HiSTBSDKV6R2/source/msp/api/ao/unf_sound.c:791:98: warning: unused parameter 'pbBypass' [-Wunused-parameter]
 HI_S32 HI_UNF_SND_GetAefBypass(HI_UNF_SND_E enSound, HI_UNF_SND_OUTPUTPORT_E enOutPort, HI_BOOL* pbBypass)
                                                                                                  ^
device/hisilicon/bigfish/HiSTBSDKV6R2/source/msp/api/ao/unf_sound.c: In function 'HI_UNF_SND_RegisterAefAuthLib':
device/hisilicon/bigfish/HiSTBSDKV6R2/source/msp/api/ao/unf_sound.c:796:53: warning: unused parameter 'pAefLibFileName' [-Wunused-parameter]
 HI_S32 HI_UNF_SND_RegisterAefAuthLib(const HI_CHAR* pAefLibFileName)
                                                     ^
device/hisilicon/bigfish/HiSTBSDKV6R2/source/msp/api/ao/unf_sound.c: In function 'HI_UNF_SND_CreateAef':
device/hisilicon/bigfish/HiSTBSDKV6R2/source/msp/api/ao/unf_sound.c:801:42: warning: unused parameter 'enSound' [-Wunused-parameter]
 HI_S32 HI_UNF_SND_CreateAef(HI_UNF_SND_E enSound, HI_UNF_SND_AEF_TYPE_E enAefType, HI_VOID* pstAdvAttr, HI_HANDLE* phAef)
                                          ^
device/hisilicon/bigfish/HiSTBSDKV6R2/source/msp/api/ao/unf_sound.c:801:73: warning: unused parameter 'enAefType' [-Wunused-parameter]
 HI_S32 HI_UNF_SND_CreateAef(HI_UNF_SND_E enSound, HI_UNF_SND_AEF_TYPE_E enAefType, HI_VOID* pstAdvAttr, HI_HANDLE* phAef)
                                                                         ^
device/hisilicon/bigfish/HiSTBSDKV6R2/source/msp/api/ao/unf_sound.c:801:93: warning: unused parameter 'pstAdvAttr' [-Wunused-parameter]
 HI_S32 HI_UNF_SND_CreateAef(HI_UNF_SND_E enSound, HI_UNF_SND_AEF_TYPE_E enAefType, HI_VOID* pstAdvAttr, HI_HANDLE* phAef)
                                                                                             ^
device/hisilicon/bigfish/HiSTBSDKV6R2/source/msp/api/ao/unf_sound.c:801:116: warning: unused parameter 'phAef' [-Wunused-parameter]
 HI_S32 HI_UNF_SND_CreateAef(HI_UNF_SND_E enSound, HI_UNF_SND_AEF_TYPE_E enAefType, HI_VOID* pstAdvAttr, HI_HANDLE* phAef)
                                                                                                                    ^
device/hisilicon/bigfish/HiSTBSDKV6R2/source/msp/api/ao/unf_sound.c: In function 'HI_UNF_SND_DestroyAef':
device/hisilicon/bigfish/HiSTBSDKV6R2/source/msp/api/ao/unf_sound.c:806:40: warning: unused parameter 'hAef' [-Wunused-parameter]
 HI_S32 HI_UNF_SND_DestroyAef(HI_HANDLE hAef)
                                        ^
device/hisilicon/bigfish/HiSTBSDKV6R2/source/msp/api/ao/unf_sound.c: In function 'HI_UNF_SND_SetAefEnable':
device/hisilicon/bigfish/HiSTBSDKV6R2/source/msp/api/ao/unf_sound.c:811:42: warning: unused parameter 'hAef' [-Wunused-parameter]
 HI_S32 HI_UNF_SND_SetAefEnable(HI_HANDLE hAef, HI_BOOL bEnable)
                                          ^
device/hisilicon/bigfish/HiSTBSDKV6R2/source/msp/api/ao/unf_sound.c:811:56: warning: unused parameter 'bEnable' [-Wunused-parameter]
 HI_S32 HI_UNF_SND_SetAefEnable(HI_HANDLE hAef, HI_BOOL bEnable)
                                                        ^
device/hisilicon/bigfish/HiSTBSDKV6R2/source/msp/api/ao/unf_sound.c: In function 'HI_UNF_SND_SetAefParams':
device/hisilicon/bigfish/HiSTBSDKV6R2/source/msp/api/ao/unf_sound.c:816:42: warning: unused parameter 'hAef' [-Wunused-parameter]
 HI_S32 HI_UNF_SND_SetAefParams(HI_HANDLE hAef, HI_U32 u32ParamType, const HI_VOID* pstParms)
                                          ^
device/hisilicon/bigfish/HiSTBSDKV6R2/source/msp/api/ao/unf_sound.c:816:55: warning: unused parameter 'u32ParamType' [-Wunused-parameter]
 HI_S32 HI_UNF_SND_SetAefParams(HI_HANDLE hAef, HI_U32 u32ParamType, const HI_VOID* pstParms)
                                                       ^
device/hisilicon/bigfish/HiSTBSDKV6R2/source/msp/api/ao/unf_sound.c:816:84: warning: unused parameter 'pstParms' [-Wunused-parameter]
 HI_S32 HI_UNF_SND_SetAefParams(HI_HANDLE hAef, HI_U32 u32ParamType, const HI_VOID* pstParms)
                                                                                    ^
device/hisilicon/bigfish/HiSTBSDKV6R2/source/msp/api/ao/unf_sound.c: In function 'HI_UNF_SND_GetAefParams':
device/hisilicon/bigfish/HiSTBSDKV6R2/source/msp/api/ao/unf_sound.c:821:42: warning: unused parameter 'hAef' [-Wunused-parameter]
 HI_S32 HI_UNF_SND_GetAefParams(HI_HANDLE hAef, HI_U32 u32ParamType, HI_VOID* pstParms)
                                          ^
device/hisilicon/bigfish/HiSTBSDKV6R2/source/msp/api/ao/unf_sound.c:821:55: warning: unused parameter 'u32ParamType' [-Wunused-parameter]
 HI_S32 HI_UNF_SND_GetAefParams(HI_HANDLE hAef, HI_U32 u32ParamType, HI_VOID* pstParms)
                                                       ^
device/hisilicon/bigfish/HiSTBSDKV6R2/source/msp/api/ao/unf_sound.c:821:78: warning: unused parameter 'pstParms' [-Wunused-parameter]
 HI_S32 HI_UNF_SND_GetAefParams(HI_HANDLE hAef, HI_U32 u32ParamType, HI_VOID* pstParms)
                                                                              ^
device/hisilicon/bigfish/HiSTBSDKV6R2/source/msp/api/ao/unf_sound.c: In function 'HI_UNF_SND_SetAefConfig':
device/hisilicon/bigfish/HiSTBSDKV6R2/source/msp/api/ao/unf_sound.c:826:42: warning: unused parameter 'hAef' [-Wunused-parameter]
 HI_S32 HI_UNF_SND_SetAefConfig(HI_HANDLE hAef, HI_U32 u32CfgType, const HI_VOID* pstConfig)
                                          ^
device/hisilicon/bigfish/HiSTBSDKV6R2/source/msp/api/ao/unf_sound.c:826:55: warning: unused parameter 'u32CfgType' [-Wunused-parameter]
 HI_S32 HI_UNF_SND_SetAefConfig(HI_HANDLE hAef, HI_U32 u32CfgType, const HI_VOID* pstConfig)
                                                       ^
device/hisilicon/bigfish/HiSTBSDKV6R2/source/msp/api/ao/unf_sound.c:826:82: warning: unused parameter 'pstConfig' [-Wunused-parameter]
 HI_S32 HI_UNF_SND_SetAefConfig(HI_HANDLE hAef, HI_U32 u32CfgType, const HI_VOID* pstConfig)
                                                                                  ^
device/hisilicon/bigfish/HiSTBSDKV6R2/source/msp/api/ao/unf_sound.c: In function 'HI_UNF_SND_GetAefConfig':
device/hisilicon/bigfish/HiSTBSDKV6R2/source/msp/api/ao/unf_sound.c:831:42: warning: unused parameter 'hAef' [-Wunused-parameter]
 HI_S32 HI_UNF_SND_GetAefConfig(HI_HANDLE hAef, HI_U32 u32CfgType, HI_VOID* pstConfig)
                                          ^
device/hisilicon/bigfish/HiSTBSDKV6R2/source/msp/api/ao/unf_sound.c:831:55: warning: unused parameter 'u32CfgType' [-Wunused-parameter]
 HI_S32 HI_UNF_SND_GetAefConfig(HI_HANDLE hAef, HI_U32 u32CfgType, HI_VOID* pstConfig)
                                                       ^
device/hisilicon/bigfish/HiSTBSDKV6R2/source/msp/api/ao/unf_sound.c:831:76: warning: unused parameter 'pstConfig' [-Wunused-parameter]
 HI_S32 HI_UNF_SND_GetAefConfig(HI_HANDLE hAef, HI_U32 u32CfgType, HI_VOID* pstConfig)
                                                                            ^
device/hisilicon/bigfish/HiSTBSDKV6R2/source/msp/api/ao/unf_sound.c: In function 'HI_UNF_SND_SetDelayCompensationMs':
device/hisilicon/bigfish/HiSTBSDKV6R2/source/msp/api/ao/unf_sound.c:848:55: warning: unused parameter 'enSound' [-Wunused-parameter]
 HI_S32 HI_UNF_SND_SetDelayCompensationMs(HI_UNF_SND_E enSound, HI_UNF_SND_OUTPUTPORT_E enOutPort, HI_U32 u32DelayMs)
                                                       ^
device/hisilicon/bigfish/HiSTBSDKV6R2/source/msp/api/ao/unf_sound.c:848:88: warning: unused parameter 'enOutPort' [-Wunused-parameter]
 HI_S32 HI_UNF_SND_SetDelayCompensationMs(HI_UNF_SND_E enSound, HI_UNF_SND_OUTPUTPORT_E enOutPort, HI_U32 u32DelayMs)
                                                                                        ^
device/hisilicon/bigfish/HiSTBSDKV6R2/source/msp/api/ao/unf_sound.c:848:106: warning: unused parameter 'u32DelayMs' [-Wunused-parameter]
 HI_S32 HI_UNF_SND_SetDelayCompensationMs(HI_UNF_SND_E enSound, HI_UNF_SND_OUTPUTPORT_E enOutPort, HI_U32 u32DelayMs)
                                                                                                          ^
device/hisilicon/bigfish/HiSTBSDKV6R2/source/msp/api/ao/unf_sound.c: In function 'HI_UNF_SND_GetDelayCompensationMs':
device/hisilicon/bigfish/HiSTBSDKV6R2/source/msp/api/ao/unf_sound.c:874:55: warning: unused parameter 'enSound' [-Wunused-parameter]
 HI_S32 HI_UNF_SND_GetDelayCompensationMs(HI_UNF_SND_E enSound, HI_UNF_SND_OUTPUTPORT_E enOutPort, HI_U32* pu32DelayMs)
                                                       ^
device/hisilicon/bigfish/HiSTBSDKV6R2/source/msp/api/ao/unf_sound.c:874:88: warning: unused parameter 'enOutPort' [-Wunused-parameter]
 HI_S32 HI_UNF_SND_GetDelayCompensationMs(HI_UNF_SND_E enSound, HI_UNF_SND_OUTPUTPORT_E enOutPort, HI_U32* pu32DelayMs)
                                                                                        ^
device/hisilicon/bigfish/HiSTBSDKV6R2/source/msp/api/ao/unf_sound.c:874:107: warning: unused parameter 'pu32DelayMs' [-Wunused-parameter]
 HI_S32 HI_UNF_SND_GetDelayCompensationMs(HI_UNF_SND_E enSound, HI_UNF_SND_OUTPUTPORT_E enOutPort, HI_U32* pu32DelayMs)
                                                                                                           ^
