component/dtv/client/main.cpp:16:0: warning: "LOG_NDEBUG" redefined [enabled by default]
 #define LOG_NDEBUG 0
 ^
In file included from platform/android/system/core/include/cutils/log.h:1:0,
                 from platform/android/system/core/include/utils/Vector.h:24,
                 from platform/android/frameworks/native/include/binder/Parcel.h:24,
                 from component/dtv/client/../include/CHDTV.h:6,
                 from component/dtv/client/main.cpp:2:
platform/android/system/core/include/log/log.h:55:0: note: this is the location of the previous definition
 #define LOG_NDEBUG 1
 ^
component/dtv/client/main.cpp:17:0: warning: "LOG_TAG" redefined [enabled by default]
 #define LOG_TAG "client.main.cpp"
 ^
In file included from platform/android/system/core/include/cutils/log.h:1:0,
                 from platform/android/system/core/include/utils/Vector.h:24,
                 from platform/android/frameworks/native/include/binder/Parcel.h:24,
                 from component/dtv/client/../include/CHDTV.h:6,
                 from component/dtv/client/main.cpp:2:
platform/android/system/core/include/log/log.h:67:0: note: this is the location of the previous definition
 #define LOG_TAG NULL
 ^
In file included from component/dtv/client/../include/CHDTV.h:7:0,
                 from component/dtv/client/main.cpp:2:
component/dtv/client/../include/../com/chdtvdata.h:1030:15: warning: unused parameter 'outData' [-Wunused-parameter]
  virtual void writeToParcel(Parcel* outData){};
               ^
component/dtv/client/../include/../com/chdtvdata.h:1031:15: warning: unused parameter 'inData' [-Wunused-parameter]
  virtual void readFromParcel(const Parcel* inData){};
               ^
component/dtv/client/main.cpp:159:13: warning: unused parameter 'a' [-Wunused-parameter]
 static void scancall(void* a, int StatusCode, unsigned int CarrierID, int priv, void* data, int num)
             ^
component/dtv/client/main.cpp:159:13: warning: unused parameter 'priv' [-Wunused-parameter]
component/dtv/client/main.cpp:159:13: warning: unused parameter 'data' [-Wunused-parameter]
component/dtv/client/main.cpp:159:13: warning: unused parameter 'num' [-Wunused-parameter]
