In file included from platform/android/external/libvpx/libvpx/vp9/common/vp9_enums.h:14:0,
                 from platform/android/external/libvpx/armv7a-neon/./vp9_rtcd.h:19,
                 from platform/android/external/libvpx/libvpx/vp9/encoder/vp9_encodeframe.c:15:
platform/android/external/libvpx/armv7a-neon/./vpx_config.h:13:0: warning: "ARCH_ARM" redefined [enabled by default]
 #define ARCH_ARM 1
 ^
In file included from <command-line>:0:0:
./platform/android/build/core/combo/include/arch/linux-arm/AndroidConfig.h:241:0: note: this is the location of the previous definition
 #define ARCH_ARM
 ^
In file included from platform/android/external/libvpx/libvpx/vp9/encoder/vp9_encodeframe.c:20:0:
platform/android/external/libvpx/libvpx/vp9/common/vp9_common.h: In function 'clip_pixel':
platform/android/external/libvpx/libvpx/vp9/common/vp9_common.h:52:46: warning: signed and unsigned type in conditional expression [-Wsign-compare]
   return (val > 255) ? 255u : (val < 0) ? 0u : val;
                                              ^
In file included from platform/android/external/libvpx/libvpx/vp9/common/vp9_seg_common.h:14:0,
                 from platform/android/external/libvpx/libvpx/vp9/common/vp9_blockd.h:26,
                 from platform/android/external/libvpx/libvpx/vp9/common/vp9_entropy.h:16,
                 from platform/android/external/libvpx/libvpx/vp9/encoder/vp9_encodeframe.c:21:
platform/android/external/libvpx/libvpx/vp9/common/vp9_prob.h: In function 'clip_prob':
platform/android/external/libvpx/libvpx/vp9/common/vp9_prob.h:47:42: warning: signed and unsigned type in conditional expression [-Wsign-compare]
   return (p > 255) ? 255u : (p < 1) ? 1u : p;
                                          ^
In file included from platform/android/external/libvpx/libvpx/vp9/encoder/vp9_encodeframe.c:21:0:
platform/android/external/libvpx/libvpx/vp9/common/vp9_entropy.h: At top level:
platform/android/external/libvpx/libvpx/vp9/common/vp9_entropy.h:176:1: warning: '__inline__' is not at beginning of declaration [-Wold-style-declaration]
 static const INLINE scan_order *get_scan(const MACROBLOCKD *xd, TX_SIZE tx_size,
 ^
platform/android/external/libvpx/libvpx/vp9/encoder/vp9_encodeframe.c: In function 'set_block_size':
platform/android/external/libvpx/libvpx/vp9/encoder/vp9_encodeframe.c:284:50: warning: unused parameter 'tile' [-Wunused-parameter]
                            const TileInfo *const tile,
                                                  ^
platform/android/external/libvpx/libvpx/vp9/encoder/vp9_encodeframe.c: In function 'set_vt_partitioning':
platform/android/external/libvpx/libvpx/vp9/encoder/vp9_encodeframe.c:411:36: warning: unused parameter 'mi_size' [-Wunused-parameter]
                                int mi_size) {
                                    ^
platform/android/external/libvpx/libvpx/vp9/encoder/vp9_encodeframe.c: In function 'rd_pick_sb_modes':
platform/android/external/libvpx/libvpx/vp9/encoder/vp9_encodeframe.c:1020:45: warning: signed and unsigned type in conditional expression [-Wsign-compare]
                                             : vp9_block_energy(cpi, x, bsize);
                                             ^
platform/android/external/libvpx/libvpx/vp9/encoder/vp9_encodeframe.c: In function 'set_source_var_based_partition':
platform/android/external/libvpx/libvpx/vp9/encoder/vp9_encodeframe.c:1518:22: warning: comparison between signed and unsigned integer expressions [-Wsign-compare]
       if (d16[0].var < thr_32x32 && d16[1].var < thr_32x32 &&
                      ^
platform/android/external/libvpx/libvpx/vp9/encoder/vp9_encodeframe.c:1518:48: warning: comparison between signed and unsigned integer expressions [-Wsign-compare]
       if (d16[0].var < thr_32x32 && d16[1].var < thr_32x32 &&
                                                ^
platform/android/external/libvpx/libvpx/vp9/encoder/vp9_encodeframe.c:1519:22: warning: comparison between signed and unsigned integer expressions [-Wsign-compare]
           d16[2].var < thr_32x32 && d16[3].var < thr_32x32) {
                      ^
platform/android/external/libvpx/libvpx/vp9/encoder/vp9_encodeframe.c:1519:48: warning: comparison between signed and unsigned integer expressions [-Wsign-compare]
           d16[2].var < thr_32x32 && d16[3].var < thr_32x32) {
                                                ^
platform/android/external/libvpx/libvpx/vp9/encoder/vp9_encodeframe.c:1543:22: warning: comparison between signed and unsigned integer expressions [-Wsign-compare]
       if (d32[0].var < thr_64x64 && d32[1].var < thr_64x64 &&
                      ^
platform/android/external/libvpx/libvpx/vp9/encoder/vp9_encodeframe.c:1543:48: warning: comparison between signed and unsigned integer expressions [-Wsign-compare]
       if (d32[0].var < thr_64x64 && d32[1].var < thr_64x64 &&
                                                ^
platform/android/external/libvpx/libvpx/vp9/encoder/vp9_encodeframe.c:1544:22: warning: comparison between signed and unsigned integer expressions [-Wsign-compare]
           d32[2].var < thr_64x64 && d32[3].var < thr_64x64)  {
                      ^
platform/android/external/libvpx/libvpx/vp9/encoder/vp9_encodeframe.c:1544:48: warning: comparison between signed and unsigned integer expressions [-Wsign-compare]
           d32[2].var < thr_64x64 && d32[3].var < thr_64x64)  {
                                                ^
platform/android/external/libvpx/libvpx/vp9/encoder/vp9_encodeframe.c: In function 'set_vt_partitioning.isra.16':
platform/android/external/libvpx/libvpx/vp9/encoder/vp9_encodeframe.c:434:33: warning: 'vt.part_variances' may be used uninitialized in this function [-Wmaybe-uninitialized]
       vt.part_variances->vert[0].variance < threshold &&
                                 ^
