In file included from device/hisilicon/bigfish/hardware/camera/capability_manager/CapabilityManager.h:22:0,
                 from device/hisilicon/bigfish/hardware/camera/capability_manager/CapabilityManager.cpp:19:
device/hisilicon/bigfish/hardware/camera/capability_manager/CapabilityInterface.h:46:17: warning: unused parameter 'who' [-Wunused-parameter]
     virtual int onValueChanged(CapabilityInterface* who, CameraParameters& p) {return 0;};
                 ^
device/hisilicon/bigfish/hardware/camera/capability_manager/CapabilityInterface.h:46:17: warning: unused parameter 'p' [-Wunused-parameter]
device/hisilicon/bigfish/hardware/camera/capability_manager/CapabilityManager.cpp:292:5: warning: unused parameter 'p' [-Wunused-parameter]
 int CameraParameterProductId::queryCapability ( CameraParameters& p )
     ^
device/hisilicon/bigfish/hardware/camera/capability_manager/CapabilityManager.cpp:328:5: warning: unused parameter 'p' [-Wunused-parameter]
 int CameraParameterProductId::setParameter (CameraParameters& p )
     ^
device/hisilicon/bigfish/hardware/camera/capability_manager/CapabilityManager.cpp:1348:5: warning: unused parameter 'who' [-Wunused-parameter]
 int CameraParameterFps::onValueChanged(CapabilityInterface* who, CameraParameters& p)
     ^
device/hisilicon/bigfish/hardware/camera/capability_manager/CapabilityManager.cpp:1735:5: warning: unused parameter 'p' [-Wunused-parameter]
 int CameraParameterBrightness::queryCapability(CameraParameters& p)
     ^
device/hisilicon/bigfish/hardware/camera/capability_manager/CapabilityManager.cpp:1742:5: warning: unused parameter 'p' [-Wunused-parameter]
 int CameraParameterBrightness::setParameter(CameraParameters& p)
     ^
device/hisilicon/bigfish/hardware/camera/capability_manager/CapabilityManager.cpp:1780:5: warning: unused parameter 'p' [-Wunused-parameter]
 int CameraParameterSaturation::queryCapability(CameraParameters& p)
     ^
device/hisilicon/bigfish/hardware/camera/capability_manager/CapabilityManager.cpp:1787:5: warning: unused parameter 'p' [-Wunused-parameter]
 int CameraParameterSaturation::setParameter(CameraParameters& p)
     ^
device/hisilicon/bigfish/hardware/camera/capability_manager/CapabilityManager.cpp:1825:5: warning: unused parameter 'p' [-Wunused-parameter]
 int CameraParameterContrast::queryCapability ( CameraParameters& p )
     ^
device/hisilicon/bigfish/hardware/camera/capability_manager/CapabilityManager.cpp:1832:5: warning: unused parameter 'p' [-Wunused-parameter]
 int CameraParameterContrast::setParameter(CameraParameters& p)
     ^
device/hisilicon/bigfish/hardware/camera/capability_manager/CapabilityManager.cpp:1870:5: warning: unused parameter 'p' [-Wunused-parameter]
 int CameraParameterISO::queryCapability(CameraParameters& p)
     ^
device/hisilicon/bigfish/hardware/camera/capability_manager/CapabilityManager.cpp:1877:5: warning: unused parameter 'p' [-Wunused-parameter]
 int CameraParameterISO::setParameter(CameraParameters& p)
     ^
device/hisilicon/bigfish/hardware/camera/capability_manager/CapabilityManager.cpp:1915:5: warning: unused parameter 'p' [-Wunused-parameter]
 int CameraParameterMetering::queryCapability(CameraParameters& p)
     ^
device/hisilicon/bigfish/hardware/camera/capability_manager/CapabilityManager.cpp:1922:5: warning: unused parameter 'p' [-Wunused-parameter]
 int CameraParameterMetering::setParameter(CameraParameters& p)
     ^
device/hisilicon/bigfish/hardware/camera/capability_manager/CapabilityManager.cpp:1960:5: warning: unused parameter 'p' [-Wunused-parameter]
 int CameraParameterSharpness::queryCapability(CameraParameters& p)
     ^
device/hisilicon/bigfish/hardware/camera/capability_manager/CapabilityManager.cpp:1967:5: warning: unused parameter 'p' [-Wunused-parameter]
 int CameraParameterSharpness::setParameter(CameraParameters& p)
     ^
