In file included from platform/android/frameworks/wilhelm/src/sles_allinclusive.h:96:0,
                 from platform/android/frameworks/wilhelm/src/itf/IEngine.c:19:
platform/android/frameworks/wilhelm/src/android/android_sles_conversions.h:98:36: warning: unused parameter 'channelMask' [-Wunused-parameter]
 static inline audio_channel_mask_t sles_to_android_channelMaskIn(SLuint32 nbChannels,
                                    ^
platform/android/frameworks/wilhelm/src/android/android_sles_conversions.h:105:36: warning: unused parameter 'channelMask' [-Wunused-parameter]
 static inline audio_channel_mask_t sles_to_android_channelMaskOut(SLuint32 nbChannels,
                                    ^
In file included from platform/android/frameworks/wilhelm/src/classes.h:20:0,
                 from platform/android/frameworks/wilhelm/src/sles_allinclusive.h:283,
                 from platform/android/frameworks/wilhelm/src/itf/IEngine.c:19:
platform/android/frameworks/wilhelm/src/android/android_GenericPlayer.h:81:18: warning: unused parameter 'bufferProducer' [-Wunused-parameter]
     virtual void setVideoSurfaceTexture(const sp<IGraphicBufferProducer> &bufferProducer) {}
                  ^
platform/android/frameworks/wilhelm/src/itf/IEngine.c:94:17: warning: unused parameter 'self' [-Wunused-parameter]
 static SLresult IEngine_CreateLEDDevice(SLEngineItf self, SLObjectItf *pDevice, SLuint32 deviceID,
                 ^
platform/android/frameworks/wilhelm/src/itf/IEngine.c:94:17: warning: unused parameter 'pDevice' [-Wunused-parameter]
platform/android/frameworks/wilhelm/src/itf/IEngine.c:94:17: warning: unused parameter 'deviceID' [-Wunused-parameter]
platform/android/frameworks/wilhelm/src/itf/IEngine.c:94:17: warning: unused parameter 'numInterfaces' [-Wunused-parameter]
platform/android/frameworks/wilhelm/src/itf/IEngine.c:94:17: warning: unused parameter 'pInterfaceIds' [-Wunused-parameter]
platform/android/frameworks/wilhelm/src/itf/IEngine.c:94:17: warning: unused parameter 'pInterfaceRequired' [-Wunused-parameter]
platform/android/frameworks/wilhelm/src/itf/IEngine.c:132:17: warning: unused parameter 'self' [-Wunused-parameter]
 static SLresult IEngine_CreateVibraDevice(SLEngineItf self, SLObjectItf *pDevice, SLuint32 deviceID,
                 ^
platform/android/frameworks/wilhelm/src/itf/IEngine.c:132:17: warning: unused parameter 'pDevice' [-Wunused-parameter]
platform/android/frameworks/wilhelm/src/itf/IEngine.c:132:17: warning: unused parameter 'deviceID' [-Wunused-parameter]
platform/android/frameworks/wilhelm/src/itf/IEngine.c:132:17: warning: unused parameter 'numInterfaces' [-Wunused-parameter]
platform/android/frameworks/wilhelm/src/itf/IEngine.c:132:17: warning: unused parameter 'pInterfaceIds' [-Wunused-parameter]
platform/android/frameworks/wilhelm/src/itf/IEngine.c:132:17: warning: unused parameter 'pInterfaceRequired' [-Wunused-parameter]
platform/android/frameworks/wilhelm/src/itf/IEngine.c:551:17: warning: unused parameter 'self' [-Wunused-parameter]
 static SLresult IEngine_CreateMidiPlayer(SLEngineItf self, SLObjectItf *pPlayer,
                 ^
platform/android/frameworks/wilhelm/src/itf/IEngine.c:551:17: warning: unused parameter 'pPlayer' [-Wunused-parameter]
platform/android/frameworks/wilhelm/src/itf/IEngine.c:551:17: warning: unused parameter 'pMIDISrc' [-Wunused-parameter]
platform/android/frameworks/wilhelm/src/itf/IEngine.c:551:17: warning: unused parameter 'pBankSrc' [-Wunused-parameter]
platform/android/frameworks/wilhelm/src/itf/IEngine.c:551:17: warning: unused parameter 'pAudioOutput' [-Wunused-parameter]
platform/android/frameworks/wilhelm/src/itf/IEngine.c:551:17: warning: unused parameter 'pVibra' [-Wunused-parameter]
platform/android/frameworks/wilhelm/src/itf/IEngine.c:551:17: warning: unused parameter 'pLEDArray' [-Wunused-parameter]
platform/android/frameworks/wilhelm/src/itf/IEngine.c:551:17: warning: unused parameter 'numInterfaces' [-Wunused-parameter]
platform/android/frameworks/wilhelm/src/itf/IEngine.c:551:17: warning: unused parameter 'pInterfaceIds' [-Wunused-parameter]
platform/android/frameworks/wilhelm/src/itf/IEngine.c:551:17: warning: unused parameter 'pInterfaceRequired' [-Wunused-parameter]
platform/android/frameworks/wilhelm/src/itf/IEngine.c:599:17: warning: unused parameter 'self' [-Wunused-parameter]
 static SLresult IEngine_CreateListener(SLEngineItf self, SLObjectItf *pListener,
                 ^
platform/android/frameworks/wilhelm/src/itf/IEngine.c:599:17: warning: unused parameter 'pListener' [-Wunused-parameter]
platform/android/frameworks/wilhelm/src/itf/IEngine.c:599:17: warning: unused parameter 'numInterfaces' [-Wunused-parameter]
platform/android/frameworks/wilhelm/src/itf/IEngine.c:599:17: warning: unused parameter 'pInterfaceIds' [-Wunused-parameter]
platform/android/frameworks/wilhelm/src/itf/IEngine.c:599:17: warning: unused parameter 'pInterfaceRequired' [-Wunused-parameter]
platform/android/frameworks/wilhelm/src/itf/IEngine.c:636:17: warning: unused parameter 'self' [-Wunused-parameter]
 static SLresult IEngine_Create3DGroup(SLEngineItf self, SLObjectItf *pGroup, SLuint32 numInterfaces,
                 ^
platform/android/frameworks/wilhelm/src/itf/IEngine.c:636:17: warning: unused parameter 'pGroup' [-Wunused-parameter]
platform/android/frameworks/wilhelm/src/itf/IEngine.c:636:17: warning: unused parameter 'numInterfaces' [-Wunused-parameter]
platform/android/frameworks/wilhelm/src/itf/IEngine.c:636:17: warning: unused parameter 'pInterfaceIds' [-Wunused-parameter]
platform/android/frameworks/wilhelm/src/itf/IEngine.c:636:17: warning: unused parameter 'pInterfaceRequired' [-Wunused-parameter]
platform/android/frameworks/wilhelm/src/itf/IEngine.c:723:17: warning: unused parameter 'self' [-Wunused-parameter]
 static SLresult IEngine_CreateMetadataExtractor(SLEngineItf self, SLObjectItf *pMetadataExtractor,
                 ^
platform/android/frameworks/wilhelm/src/itf/IEngine.c:723:17: warning: unused parameter 'pMetadataExtractor' [-Wunused-parameter]
platform/android/frameworks/wilhelm/src/itf/IEngine.c:723:17: warning: unused parameter 'pDataSource' [-Wunused-parameter]
platform/android/frameworks/wilhelm/src/itf/IEngine.c:723:17: warning: unused parameter 'numInterfaces' [-Wunused-parameter]
platform/android/frameworks/wilhelm/src/itf/IEngine.c:723:17: warning: unused parameter 'pInterfaceIds' [-Wunused-parameter]
platform/android/frameworks/wilhelm/src/itf/IEngine.c:723:17: warning: unused parameter 'pInterfaceRequired' [-Wunused-parameter]
platform/android/frameworks/wilhelm/src/itf/IEngine.c:767:17: warning: unused parameter 'self' [-Wunused-parameter]
 static SLresult IEngine_CreateExtensionObject(SLEngineItf self, SLObjectItf *pObject,
                 ^
platform/android/frameworks/wilhelm/src/itf/IEngine.c:767:17: warning: unused parameter 'pParameters' [-Wunused-parameter]
platform/android/frameworks/wilhelm/src/itf/IEngine.c:767:17: warning: unused parameter 'objectID' [-Wunused-parameter]
platform/android/frameworks/wilhelm/src/itf/IEngine.c:767:17: warning: unused parameter 'numInterfaces' [-Wunused-parameter]
platform/android/frameworks/wilhelm/src/itf/IEngine.c:767:17: warning: unused parameter 'pInterfaceIds' [-Wunused-parameter]
platform/android/frameworks/wilhelm/src/itf/IEngine.c:767:17: warning: unused parameter 'pInterfaceRequired' [-Wunused-parameter]
platform/android/frameworks/wilhelm/src/itf/IEngine.c:784:17: warning: unused parameter 'self' [-Wunused-parameter]
 static SLresult IEngine_QueryNumSupportedInterfaces(SLEngineItf self,
                 ^
platform/android/frameworks/wilhelm/src/itf/IEngine.c:823:17: warning: unused parameter 'self' [-Wunused-parameter]
 static SLresult IEngine_QuerySupportedInterfaces(SLEngineItf self,
                 ^
platform/android/frameworks/wilhelm/src/itf/IEngine.c:879:17: warning: unused parameter 'self' [-Wunused-parameter]
 static SLresult IEngine_QueryNumSupportedExtensions(SLEngineItf self, SLuint32 *pNumExtensions)
                 ^
platform/android/frameworks/wilhelm/src/itf/IEngine.c:894:17: warning: unused parameter 'self' [-Wunused-parameter]
 static SLresult IEngine_QuerySupportedExtension(SLEngineItf self,
                 ^
platform/android/frameworks/wilhelm/src/itf/IEngine.c:936:17: warning: unused parameter 'self' [-Wunused-parameter]
 static SLresult IEngine_IsExtensionSupported(SLEngineItf self,
                 ^
platform/android/frameworks/wilhelm/src/itf/IEngine.c:1002:6: warning: unused parameter 'self' [-Wunused-parameter]
 void IEngine_deinit(void *self)
      ^
platform/android/frameworks/wilhelm/src/itf/IEngine.c:1010:17: warning: unused parameter 'self' [-Wunused-parameter]
 static XAresult IEngine_CreateCameraDevice(XAEngineItf self, XAObjectItf *pDevice,
                 ^
platform/android/frameworks/wilhelm/src/itf/IEngine.c:1010:17: warning: unused parameter 'pDevice' [-Wunused-parameter]
platform/android/frameworks/wilhelm/src/itf/IEngine.c:1010:17: warning: unused parameter 'deviceID' [-Wunused-parameter]
platform/android/frameworks/wilhelm/src/itf/IEngine.c:1010:17: warning: unused parameter 'numInterfaces' [-Wunused-parameter]
platform/android/frameworks/wilhelm/src/itf/IEngine.c:1010:17: warning: unused parameter 'pInterfaceIds' [-Wunused-parameter]
platform/android/frameworks/wilhelm/src/itf/IEngine.c:1010:17: warning: unused parameter 'pInterfaceRequired' [-Wunused-parameter]
platform/android/frameworks/wilhelm/src/itf/IEngine.c:1023:17: warning: unused parameter 'self' [-Wunused-parameter]
 static XAresult IEngine_CreateRadioDevice(XAEngineItf self, XAObjectItf *pDevice,
                 ^
platform/android/frameworks/wilhelm/src/itf/IEngine.c:1023:17: warning: unused parameter 'pDevice' [-Wunused-parameter]
platform/android/frameworks/wilhelm/src/itf/IEngine.c:1023:17: warning: unused parameter 'numInterfaces' [-Wunused-parameter]
platform/android/frameworks/wilhelm/src/itf/IEngine.c:1023:17: warning: unused parameter 'pInterfaceIds' [-Wunused-parameter]
platform/android/frameworks/wilhelm/src/itf/IEngine.c:1023:17: warning: unused parameter 'pInterfaceRequired' [-Wunused-parameter]
platform/android/frameworks/wilhelm/src/itf/IEngine.c:1261:17: warning: unused parameter 'self' [-Wunused-parameter]
 static XAresult IEngine_CreateMediaRecorder(XAEngineItf self, XAObjectItf *pRecorder,
                 ^
platform/android/frameworks/wilhelm/src/itf/IEngine.c:1261:17: warning: unused parameter 'pRecorder' [-Wunused-parameter]
platform/android/frameworks/wilhelm/src/itf/IEngine.c:1261:17: warning: unused parameter 'pAudioSrc' [-Wunused-parameter]
platform/android/frameworks/wilhelm/src/itf/IEngine.c:1261:17: warning: unused parameter 'pImageVideoSrc' [-Wunused-parameter]
platform/android/frameworks/wilhelm/src/itf/IEngine.c:1261:17: warning: unused parameter 'pDataSnk' [-Wunused-parameter]
platform/android/frameworks/wilhelm/src/itf/IEngine.c:1261:17: warning: unused parameter 'numInterfaces' [-Wunused-parameter]
platform/android/frameworks/wilhelm/src/itf/IEngine.c:1261:17: warning: unused parameter 'pInterfaceIds' [-Wunused-parameter]
platform/android/frameworks/wilhelm/src/itf/IEngine.c:1261:17: warning: unused parameter 'pInterfaceRequired' [-Wunused-parameter]
platform/android/frameworks/wilhelm/src/itf/IEngine.c:1314:17: warning: unused parameter 'self' [-Wunused-parameter]
 static XAresult IEngine_GetImplementationInfo(XAEngineItf self, XAuint32 *pMajor, XAuint32 *pMinor,
                 ^
platform/android/frameworks/wilhelm/src/itf/IEngine.c:1314:17: warning: unused parameter 'pMajor' [-Wunused-parameter]
platform/android/frameworks/wilhelm/src/itf/IEngine.c:1314:17: warning: unused parameter 'pMinor' [-Wunused-parameter]
platform/android/frameworks/wilhelm/src/itf/IEngine.c:1314:17: warning: unused parameter 'pStep' [-Wunused-parameter]
platform/android/frameworks/wilhelm/src/itf/IEngine.c:1314:17: warning: unused parameter 'pImplementationText' [-Wunused-parameter]
platform/android/frameworks/wilhelm/src/itf/IEngine.c:1326:17: warning: unused parameter 'self' [-Wunused-parameter]
 static XAresult IXAEngine_QuerySupportedProfiles(XAEngineItf self, XAint16 *pProfilesSupported)
                 ^
platform/android/frameworks/wilhelm/src/itf/IEngine.c:1446:6: warning: unused parameter 'self' [-Wunused-parameter]
 void IXAEngine_deinit(void *self)
      ^
