In file included from device/hisilicon/bigfish/HiSTBSDKV6R2/source/msp/drv/include/hi_drv_disp.h:20:0,
                 from device/hisilicon/bigfish/HiSTBSDKV6R2/source/msp/api/include/hi_mpi_disp.h:22,
                 from device/hisilicon/bigfish/HiSTBSDKV6R2/source/msp/api/vo/mpi_disp.c:30:
device/hisilicon/bigfish/HiSTBSDKV6R2/source/common/include/hi_type.h:44:23: warning: ISO C90 does not support 'long long' [-Wlong-long]
 typedef unsigned long long      HI_U64;
                       ^
device/hisilicon/bigfish/HiSTBSDKV6R2/source/common/include/hi_type.h:45:14: warning: ISO C90 does not support 'long long' [-Wlong-long]
 typedef long long               HI_S64;
              ^
device/hisilicon/bigfish/HiSTBSDKV6R2/source/msp/api/vo/mpi_disp.c: In function 'HI_MPI_DISP_SetColor':
device/hisilicon/bigfish/HiSTBSDKV6R2/source/msp/api/vo/mpi_disp.c:1774:46: warning: unused parameter 'enDisp' [-Wunused-parameter]
 HI_S32 HI_MPI_DISP_SetColor(HI_DRV_DISPLAY_E enDisp, HI_DRV_DISP_COLOR_SETTING_S *pstCS)
                                              ^
device/hisilicon/bigfish/HiSTBSDKV6R2/source/msp/api/vo/mpi_disp.c:1774:83: warning: unused parameter 'pstCS' [-Wunused-parameter]
 HI_S32 HI_MPI_DISP_SetColor(HI_DRV_DISPLAY_E enDisp, HI_DRV_DISP_COLOR_SETTING_S *pstCS)
                                                                                   ^
device/hisilicon/bigfish/HiSTBSDKV6R2/source/msp/api/vo/mpi_disp.c: In function 'HI_MPI_DISP_GetColor':
device/hisilicon/bigfish/HiSTBSDKV6R2/source/msp/api/vo/mpi_disp.c:1780:46: warning: unused parameter 'enDisp' [-Wunused-parameter]
 HI_S32 HI_MPI_DISP_GetColor(HI_DRV_DISPLAY_E enDisp, HI_DRV_DISP_COLOR_SETTING_S *pstCS)
                                              ^
device/hisilicon/bigfish/HiSTBSDKV6R2/source/msp/api/vo/mpi_disp.c:1780:83: warning: unused parameter 'pstCS' [-Wunused-parameter]
 HI_S32 HI_MPI_DISP_GetColor(HI_DRV_DISPLAY_E enDisp, HI_DRV_DISP_COLOR_SETTING_S *pstCS)
                                                                                   ^
