platform/android/external/fsck_msdos/boot.c: In function 'readboot':
platform/android/external/fsck_msdos/boot.c:60:39: warning: comparison between signed and unsigned integer expressions [-Wsign-compare]
  if (read(dosfs, block, sizeof block) < sizeof block) {
                                       ^
platform/android/external/fsck_msdos/boot.c:129:7: warning: comparison between signed and unsigned integer expressions [-Wsign-compare]
       != boot->FSInfo * boot->BytesPerSec
       ^
platform/android/external/fsck_msdos/boot.c:156:9: warning: comparison between signed and unsigned integer expressions [-Wsign-compare]
         != boot->FSInfo * boot->BytesPerSec
         ^
platform/android/external/fsck_msdos/boot.c:176:7: warning: comparison between signed and unsigned integer expressions [-Wsign-compare]
       != boot->Backup * boot->BytesPerSec
       ^
platform/android/external/fsck_msdos/boot.c: In function 'writefsinfo':
platform/android/external/fsck_msdos/boot.c:290:6: warning: comparison between signed and unsigned integer expressions [-Wsign-compare]
      != boot->FSInfo * boot->BytesPerSec
      ^
platform/android/external/fsck_msdos/boot.c:304:6: warning: comparison between signed and unsigned integer expressions [-Wsign-compare]
      != boot->FSInfo * boot->BytesPerSec
      ^
