platform/android/external/neven/Embedded/common/src/b_APIEm/FaceFinder.c: In function 'bpi_FaceFinder_init':
platform/android/external/neven/Embedded/common/src/b_APIEm/FaceFinder.c:41:47: warning: unused parameter 'cpA' [-Wunused-parameter]
 void bpi_FaceFinder_init( struct bbs_Context* cpA,
                                               ^
platform/android/external/neven/Embedded/common/src/b_APIEm/FaceFinder.c: In function 'bpi_FaceFinder_exit':
platform/android/external/neven/Embedded/common/src/b_APIEm/FaceFinder.c:54:47: warning: unused parameter 'cpA' [-Wunused-parameter]
 void bpi_FaceFinder_exit( struct bbs_Context* cpA,
                                               ^
platform/android/external/neven/Embedded/common/src/b_APIEm/FaceFinder.c: In function 'bpi_FaceFinder_copy':
platform/android/external/neven/Embedded/common/src/b_APIEm/FaceFinder.c:75:47: warning: unused parameter 'cpA' [-Wunused-parameter]
 void bpi_FaceFinder_copy( struct bbs_Context* cpA,
                                               ^
platform/android/external/neven/Embedded/common/src/b_APIEm/FaceFinder.c: In function 'bpi_FaceFinder_equal':
platform/android/external/neven/Embedded/common/src/b_APIEm/FaceFinder.c:89:48: warning: unused parameter 'cpA' [-Wunused-parameter]
 flag bpi_FaceFinder_equal( struct bbs_Context* cpA,
                                                ^
platform/android/external/neven/Embedded/common/src/b_APIEm/FaceFinder.c: In function 'bpi_FaceFinder_memSize':
platform/android/external/neven/Embedded/common/src/b_APIEm/FaceFinder.c:129:52: warning: unused parameter 'cpA' [-Wunused-parameter]
 uint32 bpi_FaceFinder_memSize( struct bbs_Context* cpA,
                                                    ^
