In file included from component/appman/downloadmanager/downloader/oc/eventManager/workspace/src/../inc/matrix_inc.h:2:0,
                 from component/appman/downloadmanager/downloader/oc/eventManager/workspace/src/matrix_part02.c:3:
component/appman/downloadmanager/downloader/oc/includeExport/project/project_cfg.h:4:0: warning: ignoring #pragma warning  [-Wunknown-pragmas]
 #pragma warning(disable:4996 4819 4244 4267 4311 4312 4133)
 ^
In file included from component/appman/downloadmanager/downloader/oc/eventManager/workspace/src/../inc/../../matrix/mass_event.c:5:0,
                 from component/appman/downloadmanager/downloader/oc/eventManager/workspace/src/../inc/matrix_inc.h:12,
                 from component/appman/downloadmanager/downloader/oc/eventManager/workspace/src/matrix_part02.c:3:
component/appman/downloadmanager/downloader/oc/eventManager/workspace/src/../inc/../../matrix/../share/ktx_timer.h:19:1: warning: useless storage class specifier in empty declaration [enabled by default]
 };
 ^
In file included from component/appman/downloadmanager/downloader/oc/eventManager/workspace/src/../inc/matrix_inc.h:12:0,
                 from component/appman/downloadmanager/downloader/oc/eventManager/workspace/src/matrix_part02.c:3:
component/appman/downloadmanager/downloader/oc/eventManager/workspace/src/../inc/../../matrix/mass_event.c: In function 'mass_event_initialize':
component/appman/downloadmanager/downloader/oc/eventManager/workspace/src/../inc/../../matrix/mass_event.c:127:5: warning: missing braces around initializer [-Wmissing-braces]
     ShareTimerTaskClient client[1] = {0};
     ^
component/appman/downloadmanager/downloader/oc/eventManager/workspace/src/../inc/../../matrix/mass_event.c:127:5: warning: (near initialization for 'client[0]') [-Wmissing-braces]
component/appman/downloadmanager/downloader/oc/eventManager/workspace/src/../inc/../../matrix/mass_event.c: In function 'mass_event_addKeyFilter':
component/appman/downloadmanager/downloader/oc/eventManager/workspace/src/../inc/../../matrix/mass_event.c:236:52: warning: unused parameter 'filterId' [-Wunused-parameter]
 erro32 mass_event_addKeyFilter(MassEventFilterId** filterId, ui32 processId, ui32 tableId, McEventFilter* filter)
                                                    ^
component/appman/downloadmanager/downloader/oc/eventManager/workspace/src/../inc/../../matrix/mass_event.c:236:67: warning: unused parameter 'processId' [-Wunused-parameter]
 erro32 mass_event_addKeyFilter(MassEventFilterId** filterId, ui32 processId, ui32 tableId, McEventFilter* filter)
                                                                   ^
component/appman/downloadmanager/downloader/oc/eventManager/workspace/src/../inc/../../matrix/mass_event.c:236:83: warning: unused parameter 'tableId' [-Wunused-parameter]
 erro32 mass_event_addKeyFilter(MassEventFilterId** filterId, ui32 processId, ui32 tableId, McEventFilter* filter)
                                                                                   ^
component/appman/downloadmanager/downloader/oc/eventManager/workspace/src/../inc/../../matrix/mass_event.c:236:107: warning: unused parameter 'filter' [-Wunused-parameter]
 erro32 mass_event_addKeyFilter(MassEventFilterId** filterId, ui32 processId, ui32 tableId, McEventFilter* filter)
                                                                                                           ^
component/appman/downloadmanager/downloader/oc/eventManager/workspace/src/../inc/../../matrix/mass_event.c: In function 'mass_event_removeKeyFilter':
component/appman/downloadmanager/downloader/oc/eventManager/workspace/src/../inc/../../matrix/mass_event.c:241:40: warning: unused parameter 'processId' [-Wunused-parameter]
 bool32 mass_event_removeKeyFilter(ui32 processId, MassEventFilterId* filterId)
                                        ^
component/appman/downloadmanager/downloader/oc/eventManager/workspace/src/../inc/../../matrix/mass_event.c:241:70: warning: unused parameter 'filterId' [-Wunused-parameter]
 bool32 mass_event_removeKeyFilter(ui32 processId, MassEventFilterId* filterId)
                                                                      ^
component/appman/downloadmanager/downloader/oc/eventManager/workspace/src/../inc/../../matrix/mass_event.c: In function 'mass_event_getKeySource':
component/appman/downloadmanager/downloader/oc/eventManager/workspace/src/../inc/../../matrix/mass_event.c:246:37: warning: unused parameter 'key' [-Wunused-parameter]
 erro32 mass_event_getKeySource(ui32 key, si32* source)
                                     ^
component/appman/downloadmanager/downloader/oc/eventManager/workspace/src/../inc/../../matrix/mass_event.c:246:48: warning: unused parameter 'source' [-Wunused-parameter]
 erro32 mass_event_getKeySource(ui32 key, si32* source)
                                                ^
component/appman/downloadmanager/downloader/oc/eventManager/workspace/src/../inc/../../matrix/mass_event.c: In function 'mass_event_restrictKeyInput':
component/appman/downloadmanager/downloader/oc/eventManager/workspace/src/../inc/../../matrix/mass_event.c:251:43: warning: unused parameter 'flag' [-Wunused-parameter]
 erro32 mass_event_restrictKeyInput(bool32 flag)
                                           ^
component/appman/downloadmanager/downloader/oc/eventManager/workspace/src/../inc/../../matrix/mass_event.c: In function 'mass_event_timer_runTask':
component/appman/downloadmanager/downloader/oc/eventManager/workspace/src/../inc/../../matrix/mass_event.c:299:44: warning: unused parameter 'me' [-Wunused-parameter]
 static void mass_event_timer_runTask(void* me, ShareTimerTask* ktt)
                                            ^
In file included from component/appman/downloadmanager/downloader/oc/eventManager/workspace/src/../inc/matrix_inc.h:12:0,
                 from component/appman/downloadmanager/downloader/oc/eventManager/workspace/src/matrix_part02.c:3:
component/appman/downloadmanager/downloader/oc/eventManager/workspace/src/../inc/../../matrix/mass_event.c: In function 'mass_event_timer_freeTask':
component/appman/downloadmanager/downloader/oc/eventManager/workspace/src/../inc/../../matrix/mass_event.c:315:45: warning: unused parameter 'me' [-Wunused-parameter]
 static void mass_event_timer_freeTask(void* me, ShareTimerTask* ktt)
                                             ^
component/appman/downloadmanager/downloader/oc/eventManager/workspace/src/../inc/../../matrix/mass_event.c: In function 'mass_event_reply':
component/appman/downloadmanager/downloader/oc/eventManager/workspace/src/../inc/../../matrix/mass_event.c:335:29: warning: unused parameter 'f' [-Wunused-parameter]
 void mass_event_reply(void* f, ui32 value, ui16 rcode)
                             ^
component/appman/downloadmanager/downloader/oc/eventManager/workspace/src/../inc/../../matrix/mass_event.c:335:37: warning: unused parameter 'value' [-Wunused-parameter]
 void mass_event_reply(void* f, ui32 value, ui16 rcode)
                                     ^
component/appman/downloadmanager/downloader/oc/eventManager/workspace/src/../inc/../../matrix/mass_event.c:335:49: warning: unused parameter 'rcode' [-Wunused-parameter]
 void mass_event_reply(void* f, ui32 value, ui16 rcode)
                                                 ^
component/appman/downloadmanager/downloader/oc/eventManager/workspace/src/../inc/../../matrix/mass_event.c: In function 'mass_event_waitNotifyFilter':
component/appman/downloadmanager/downloader/oc/eventManager/workspace/src/../inc/../../matrix/mass_event.c:339:63: warning: unused parameter 'filterNode' [-Wunused-parameter]
 static bool32 mass_event_waitNotifyFilter(MassUserFilterNode* filterNode)
                                                               ^
component/appman/downloadmanager/downloader/oc/eventManager/workspace/src/../inc/../../matrix/mass_event.c: In function 'mass_event_notifyFilterEvent':
component/appman/downloadmanager/downloader/oc/eventManager/workspace/src/../inc/../../matrix/mass_event.c:344:75: warning: unused parameter 'filterNode' [-Wunused-parameter]
 static CCE_INLINE erro32 mass_event_notifyFilterEvent(MassUserFilterNode* filterNode, ui32 source, ui32 p1, ui32 p2)
                                                                           ^
component/appman/downloadmanager/downloader/oc/eventManager/workspace/src/../inc/../../matrix/mass_event.c:344:92: warning: unused parameter 'source' [-Wunused-parameter]
 static CCE_INLINE erro32 mass_event_notifyFilterEvent(MassUserFilterNode* filterNode, ui32 source, ui32 p1, ui32 p2)
                                                                                            ^
component/appman/downloadmanager/downloader/oc/eventManager/workspace/src/../inc/../../matrix/mass_event.c:344:105: warning: unused parameter 'p1' [-Wunused-parameter]
 static CCE_INLINE erro32 mass_event_notifyFilterEvent(MassUserFilterNode* filterNode, ui32 source, ui32 p1, ui32 p2)
                                                                                                         ^
component/appman/downloadmanager/downloader/oc/eventManager/workspace/src/../inc/../../matrix/mass_event.c:344:114: warning: unused parameter 'p2' [-Wunused-parameter]
 static CCE_INLINE erro32 mass_event_notifyFilterEvent(MassUserFilterNode* filterNode, ui32 source, ui32 p1, ui32 p2)
                                                                                                                  ^
In file included from component/appman/downloadmanager/downloader/oc/eventManager/workspace/src/../inc/../../matrix/../share/ktx_timer.h:5:0,
                 from component/appman/downloadmanager/downloader/oc/eventManager/workspace/src/../inc/../../matrix/mass_event.c:5,
                 from component/appman/downloadmanager/downloader/oc/eventManager/workspace/src/../inc/matrix_inc.h:12,
                 from component/appman/downloadmanager/downloader/oc/eventManager/workspace/src/matrix_part02.c:3:
component/appman/downloadmanager/downloader/oc/eventManager/workspace/src/../inc/../../matrix/mass_event.c: In function 'mass_event_listene_port_clear':
component/appman/downloadmanager/downloader/oc/includeExport/mc/mc_thread.h:212:25: warning: suggest braces around empty body in an 'if' statement [-Wempty-body]
             CCEAssert(0);                                               \
                         ^
component/appman/downloadmanager/downloader/oc/eventManager/workspace/src/../inc/../../matrix/mass_event.c:444:5: note: in expansion of macro 'McSpinlock_release'
     McSpinlock_release(&port->lock);
     ^
component/appman/downloadmanager/downloader/oc/eventManager/workspace/src/../inc/../../matrix/mass_event.c: In function 'mass_event_listene_port_post':
component/appman/downloadmanager/downloader/oc/includeExport/mc/mc_thread.h:212:25: warning: suggest braces around empty body in an 'if' statement [-Wempty-body]
             CCEAssert(0);                                               \
                         ^
component/appman/downloadmanager/downloader/oc/eventManager/workspace/src/../inc/../../matrix/mass_event.c:460:5: note: in expansion of macro 'McSpinlock_release'
     McSpinlock_release(&port->lock);
     ^
In file included from component/appman/downloadmanager/downloader/oc/eventManager/workspace/src/../inc/matrix_inc.h:13:0,
                 from component/appman/downloadmanager/downloader/oc/eventManager/workspace/src/matrix_part02.c:3:
component/appman/downloadmanager/downloader/oc/eventManager/workspace/src/../inc/../../matrix/mass_process.c: In function 'mass_process_instance_replyByMatrix':
component/appman/downloadmanager/downloader/oc/eventManager/workspace/src/../inc/../../matrix/mass_process.c:166:56: warning: unused parameter 'a' [-Wunused-parameter]
 static si32  mass_process_instance_replyByMatrix(void* a)
                                                        ^
In file included from component/appman/downloadmanager/downloader/oc/eventManager/workspace/src/../inc/matrix_inc.h:13:0,
                 from component/appman/downloadmanager/downloader/oc/eventManager/workspace/src/matrix_part02.c:3:
component/appman/downloadmanager/downloader/oc/eventManager/workspace/src/../inc/../../matrix/mass_process.c: In function 'mass_process_destroyInstance':
component/appman/downloadmanager/downloader/oc/eventManager/workspace/src/../inc/../../matrix/mass_process.c:263:42: warning: unused parameter 'processId' [-Wunused-parameter]
 bool32 mass_process_destroyInstance(ui32 processId)
                                          ^
component/appman/downloadmanager/downloader/oc/eventManager/workspace/src/../inc/../../matrix/mass_process.c: In function 'mass_process_postInstance':
component/appman/downloadmanager/downloader/oc/eventManager/workspace/src/../inc/../../matrix/mass_process.c:269:39: warning: unused parameter 'processId' [-Wunused-parameter]
 erro32 mass_process_postInstance(ui32 processId, ui32 loopId, ui32 handlerId, ui32 type, ui32 p1, void* p2)
                                       ^
component/appman/downloadmanager/downloader/oc/eventManager/workspace/src/../inc/../../matrix/mass_process.c: In function 'mass_process_instance_sendMsg':
component/appman/downloadmanager/downloader/oc/eventManager/workspace/src/../inc/../../matrix/mass_process.c:383:50: warning: unused parameter 'processId' [-Wunused-parameter]
 static erro32 mass_process_instance_sendMsg(ui32 processId, ui8** bufs, ui32* lens, ui32 size, ui32 timeout)
                                                  ^
component/appman/downloadmanager/downloader/oc/eventManager/workspace/src/../inc/../../matrix/mass_process.c: In function 'mass_process_addIHandle':
component/appman/downloadmanager/downloader/oc/eventManager/workspace/src/../inc/../../matrix/mass_process.c:392:37: warning: unused parameter 'processId' [-Wunused-parameter]
 erro32 mass_process_addIHandle(ui32 processId, ui32* tableId, MassIHandle* h)
                                     ^
component/appman/downloadmanager/downloader/oc/eventManager/workspace/src/../inc/../../matrix/mass_process.c: In function 'mass_process_removeIHandle':
component/appman/downloadmanager/downloader/oc/eventManager/workspace/src/../inc/../../matrix/mass_process.c:399:40: warning: unused parameter 'processId' [-Wunused-parameter]
 erro32 mass_process_removeIHandle(ui32 processId, ui32 tableId, MassIHandle** h)
                                        ^
component/appman/downloadmanager/downloader/oc/eventManager/workspace/src/../inc/../../matrix/mass_process.c: In function 'mass_process_openIHandle':
component/appman/downloadmanager/downloader/oc/eventManager/workspace/src/../inc/../../matrix/mass_process.c:406:38: warning: unused parameter 'processId' [-Wunused-parameter]
 erro32 mass_process_openIHandle(ui32 processId, ui32 tableId, ui16 classId)
                                      ^
component/appman/downloadmanager/downloader/oc/eventManager/workspace/src/../inc/../../matrix/mass_process.c: In function 'mass_process_closeIHandle':
component/appman/downloadmanager/downloader/oc/eventManager/workspace/src/../inc/../../matrix/mass_process.c:413:39: warning: unused parameter 'processId' [-Wunused-parameter]
 erro32 mass_process_closeIHandle(ui32 processId, ui32 tableId, MassIHandle** h, ui16 classId)
                                       ^
component/appman/downloadmanager/downloader/oc/eventManager/workspace/src/../inc/../../matrix/mass_process.c: In function 'mass_process_referIHandle':
component/appman/downloadmanager/downloader/oc/eventManager/workspace/src/../inc/../../matrix/mass_process.c:420:39: warning: unused parameter 'processId' [-Wunused-parameter]
 erro32 mass_process_referIHandle(ui32 processId, ui32 tableId, MassIHandle** h, ui16 classId, ui16 assertRun)
                                       ^
component/appman/downloadmanager/downloader/oc/eventManager/workspace/src/../inc/../../matrix/mass_process.c: In function 'mass_process_unreferIHandle':
component/appman/downloadmanager/downloader/oc/eventManager/workspace/src/../inc/../../matrix/mass_process.c:427:41: warning: unused parameter 'processId' [-Wunused-parameter]
 erro32 mass_process_unreferIHandle(ui32 processId, ui32 tableId, ui16 classId, ui16 assertRun)
                                         ^
