component/OAM/agent/tr069_cut/session/session.c:194:6: warning: no previous prototype for 'SetACSDiagnose' [-Wmissing-prototypes]
 void SetACSDiagnose(int iValue)
      ^
component/OAM/agent/tr069_cut/session/session.c:199:5: warning: no previous prototype for 'GetACSDiagnose' [-Wmissing-prototypes]
 int GetACSDiagnose(void)
     ^
component/OAM/agent/tr069_cut/session/session.c: In function 'TimeoutCheck':
component/OAM/agent/tr069_cut/session/session.c:265:5: warning: format '%u' expects argument of type 'unsigned int', but argument 4 has type 'long int' [-Wformat=]
     DebugOutString(TR069_ERROR_OUT,"g_LastPacketTime:%u , g_MaxTimeout:%u, now:%u\n", g_LastPacketTime, g_MaxTimeout, iTm);
     ^
component/OAM/agent/tr069_cut/session/session.c: In function 'IsSessionCanClose':
component/OAM/agent/tr069_cut/session/session.c:1439:9: warning: format '%u' expects argument of type 'unsigned int', but argument 2 has type 'struct SoapEvent *' [-Wformat=]
         DEBUG_TR069(DebugOutString(TR069_DEBUG_OUT,"IsSessionCanClose() g_RecvReq=0x%u g_SendReq=0x%u g_SendRes=0x%u\n", g_RecvReq, g_SendReq, g_SendRes);)
         ^
component/OAM/agent/tr069_cut/session/session.c:1439:9: warning: format '%u' expects argument of type 'unsigned int', but argument 3 has type 'struct SoapEvent *' [-Wformat=]
component/OAM/agent/tr069_cut/session/session.c:1439:9: warning: format '%u' expects argument of type 'unsigned int', but argument 4 has type 'struct SoapEvent *' [-Wformat=]
component/OAM/agent/tr069_cut/session/session.c: In function 'SessionConnect':
component/OAM/agent/tr069_cut/session/session.c:1510:3: warning: implicit declaration of function 'set_sec_tunnle_mode' [-Wimplicit-function-declaration]
   set_sec_tunnle_mode(*SessClient);
   ^
component/OAM/agent/tr069_cut/session/session.c:1510:3: warning: nested extern declaration of 'set_sec_tunnle_mode' [-Wnested-externs]
component/OAM/agent/tr069_cut/session/session.c:1512:3: warning: implicit declaration of function 'set_ssl_attr' [-Wimplicit-function-declaration]
   set_ssl_attr(*SessClient, CA_CERT_FILE, CA_CLIENT_FILE, "");
   ^
component/OAM/agent/tr069_cut/session/session.c:1512:3: warning: nested extern declaration of 'set_ssl_attr' [-Wnested-externs]
component/OAM/agent/tr069_cut/session/session.c: In function 'SessionCreate':
component/OAM/agent/tr069_cut/session/session.c:1566:2: warning: implicit declaration of function 'pthread_self' [-Wimplicit-function-declaration]
  DebugOutString(TR069_DEBUG_OUT, "Main ACS enter SessionCreate, [pid=%d]\n", (int)pthread_self());
  ^
component/OAM/agent/tr069_cut/session/session.c:1566:2: warning: nested extern declaration of 'pthread_self' [-Wnested-externs]
component/OAM/agent/tr069_cut/session/session.c: In function 'Tr069Initialize':
component/OAM/agent/tr069_cut/session/session.c:2809:5: warning: implicit declaration of function 'InitInformParam' [-Wimplicit-function-declaration]
     flag = InitInformParam();
     ^
component/OAM/agent/tr069_cut/session/session.c:2809:5: warning: nested extern declaration of 'InitInformParam' [-Wnested-externs]
component/OAM/agent/tr069_cut/session/session.c:2817:2: warning: implicit declaration of function 'BuildxmlFiles' [-Wimplicit-function-declaration]
  flag = BuildxmlFiles(ALARM);
  ^
component/OAM/agent/tr069_cut/session/session.c:2817:2: warning: nested extern declaration of 'BuildxmlFiles' [-Wnested-externs]
component/OAM/agent/tr069_cut/session/session.c: At top level:
component/OAM/agent/tr069_cut/session/session.c:3180:5: warning: no previous prototype for 'IsNeedToProcMsg' [-Wmissing-prototypes]
 int IsNeedToProcMsg()
     ^
component/OAM/agent/tr069_cut/session/session.c:3191:5: warning: no previous prototype for 'QueryRegisterState' [-Wmissing-prototypes]
 int QueryRegisterState(void)
     ^
component/OAM/agent/tr069_cut/session/session.c:3201:5: warning: no previous prototype for 'QuerySubRegisterState' [-Wmissing-prototypes]
 int QuerySubRegisterState(void)
     ^
