cc1: warning: command line option '-Wno-non-virtual-dtor' is valid for C++/ObjC++ but not for C [enabled by default]
In file included from platform/android/external/pdfium/core/src/fxge/fx_freetype/src/../fxft2.5.01/src/base/fxft_ftinit.c:77:0,
                 from platform/android/external/pdfium/core/src/fxge/fx_freetype/src/fxft_ftinit.c:7:
platform/android/external/pdfium/core/src/fxge/fx_freetype/src/../fxft2.5.01/src/base/../../include/freetype/config/ftmodule.h:14:1: warning: dereferencing type-punned pointer might break strict-aliasing rules [-Wstrict-aliasing]
 FT_USE_MODULE( FT_Driver_ClassRec, tt_driver_class )
 ^
platform/android/external/pdfium/core/src/fxge/fx_freetype/src/../fxft2.5.01/src/base/../../include/freetype/config/ftmodule.h:15:1: warning: dereferencing type-punned pointer might break strict-aliasing rules [-Wstrict-aliasing]
 FT_USE_MODULE( FT_Driver_ClassRec, t1_driver_class )
 ^
platform/android/external/pdfium/core/src/fxge/fx_freetype/src/../fxft2.5.01/src/base/../../include/freetype/config/ftmodule.h:16:1: warning: dereferencing type-punned pointer might break strict-aliasing rules [-Wstrict-aliasing]
 FT_USE_MODULE( FT_Driver_ClassRec, cff_driver_class )
 ^
platform/android/external/pdfium/core/src/fxge/fx_freetype/src/../fxft2.5.01/src/base/../../include/freetype/config/ftmodule.h:17:1: warning: dereferencing type-punned pointer might break strict-aliasing rules [-Wstrict-aliasing]
 FT_USE_MODULE( FT_Driver_ClassRec, t1cid_driver_class )
 ^
platform/android/external/pdfium/core/src/fxge/fx_freetype/src/../fxft2.5.01/src/base/../../include/freetype/config/ftmodule.h:25:1: warning: dereferencing type-punned pointer might break strict-aliasing rules [-Wstrict-aliasing]
 FT_USE_MODULE( FT_Renderer_Class, ft_raster1_renderer_class )
 ^
platform/android/external/pdfium/core/src/fxge/fx_freetype/src/../fxft2.5.01/src/base/../../include/freetype/config/ftmodule.h:27:1: warning: dereferencing type-punned pointer might break strict-aliasing rules [-Wstrict-aliasing]
 FT_USE_MODULE( FT_Renderer_Class, ft_smooth_renderer_class )
 ^
platform/android/external/pdfium/core/src/fxge/fx_freetype/src/../fxft2.5.01/src/base/../../include/freetype/config/ftmodule.h:28:1: warning: dereferencing type-punned pointer might break strict-aliasing rules [-Wstrict-aliasing]
 FT_USE_MODULE( FT_Renderer_Class, ft_smooth_lcd_renderer_class )
 ^
platform/android/external/pdfium/core/src/fxge/fx_freetype/src/../fxft2.5.01/src/base/../../include/freetype/config/ftmodule.h:29:1: warning: dereferencing type-punned pointer might break strict-aliasing rules [-Wstrict-aliasing]
 FT_USE_MODULE( FT_Renderer_Class, ft_smooth_lcdv_renderer_class )
 ^
