component/dtv/service/src/mid/psi/mid_decapture.c: In function 'CHMID_PSI_DECAPTURE_PAT_UpdateCallback':
component/dtv/service/src/mid/psi/mid_decapture.c:603:87: warning: unused parameter 'handle' [-Wunused-parameter]
 static void CHMID_PSI_DECAPTURE_PAT_UpdateCallback(int Device, DRV_PSI_CAPTURE_HANDLE handle, DRV_PSI_TABLE_CONTAINER * pTableContainer)
                                                                                       ^
component/dtv/service/src/mid/psi/mid_decapture.c:603:121: warning: unused parameter 'pTableContainer' [-Wunused-parameter]
 static void CHMID_PSI_DECAPTURE_PAT_UpdateCallback(int Device, DRV_PSI_CAPTURE_HANDLE handle, DRV_PSI_TABLE_CONTAINER * pTableContainer)
                                                                                                                         ^
component/dtv/service/src/mid/psi/mid_decapture.c: In function 'CHMID_PSI_DECAPTURE_PAT_CompleteCallback':
component/dtv/service/src/mid/psi/mid_decapture.c:608:89: warning: unused parameter 'handle' [-Wunused-parameter]
 static void CHMID_PSI_DECAPTURE_PAT_CompleteCallback(int Device, DRV_PSI_CAPTURE_HANDLE handle, DRV_PSI_TABLE_CONTAINER * pTableContainer)
                                                                                         ^
component/dtv/service/src/mid/psi/mid_decapture.c:608:123: warning: unused parameter 'pTableContainer' [-Wunused-parameter]
 static void CHMID_PSI_DECAPTURE_PAT_CompleteCallback(int Device, DRV_PSI_CAPTURE_HANDLE handle, DRV_PSI_TABLE_CONTAINER * pTableContainer)
                                                                                                                           ^
component/dtv/service/src/mid/psi/mid_decapture.c: In function 'CHMID_PSI_DECAPTURE_PMT_UpdateCallback':
component/dtv/service/src/mid/psi/mid_decapture.c:614:87: warning: unused parameter 'handle' [-Wunused-parameter]
 static void CHMID_PSI_DECAPTURE_PMT_UpdateCallback(int Device, DRV_PSI_CAPTURE_HANDLE handle, DRV_PSI_TABLE_CONTAINER * pTableContainer)
                                                                                       ^
component/dtv/service/src/mid/psi/mid_decapture.c: In function 'CHMID_PSI_DECAPTURE_PMT_CompleteCallback':
component/dtv/service/src/mid/psi/mid_decapture.c:624:89: warning: unused parameter 'handle' [-Wunused-parameter]
 static void CHMID_PSI_DECAPTURE_PMT_CompleteCallback(int Device, DRV_PSI_CAPTURE_HANDLE handle, DRV_PSI_TABLE_CONTAINER * pTableContainer)
                                                                                         ^
component/dtv/service/src/mid/psi/mid_decapture.c: In function 'CHMID_PSI_DECAPTURE_SDT_UpdateCallback':
component/dtv/service/src/mid/psi/mid_decapture.c:634:87: warning: unused parameter 'handle' [-Wunused-parameter]
 static void CHMID_PSI_DECAPTURE_SDT_UpdateCallback(int Device, DRV_PSI_CAPTURE_HANDLE handle, DRV_PSI_TABLE_CONTAINER * pTableContainer)
                                                                                       ^
component/dtv/service/src/mid/psi/mid_decapture.c:634:121: warning: unused parameter 'pTableContainer' [-Wunused-parameter]
 static void CHMID_PSI_DECAPTURE_SDT_UpdateCallback(int Device, DRV_PSI_CAPTURE_HANDLE handle, DRV_PSI_TABLE_CONTAINER * pTableContainer)
                                                                                                                         ^
component/dtv/service/src/mid/psi/mid_decapture.c: In function 'CHMID_PSI_DECAPTURE_SDT_CompleteCallback':
component/dtv/service/src/mid/psi/mid_decapture.c:640:89: warning: unused parameter 'handle' [-Wunused-parameter]
 static void CHMID_PSI_DECAPTURE_SDT_CompleteCallback(int Device, DRV_PSI_CAPTURE_HANDLE handle, DRV_PSI_TABLE_CONTAINER * pTableContainer)
                                                                                         ^
component/dtv/service/src/mid/psi/mid_decapture.c:640:123: warning: unused parameter 'pTableContainer' [-Wunused-parameter]
 static void CHMID_PSI_DECAPTURE_SDT_CompleteCallback(int Device, DRV_PSI_CAPTURE_HANDLE handle, DRV_PSI_TABLE_CONTAINER * pTableContainer)
                                                                                                                           ^
component/dtv/service/src/mid/psi/mid_decapture.c: In function 'CHMID_PSI_DECAPTURE_OtherSDT_UpdateCallback':
component/dtv/service/src/mid/psi/mid_decapture.c:646:92: warning: unused parameter 'handle' [-Wunused-parameter]
 static void CHMID_PSI_DECAPTURE_OtherSDT_UpdateCallback(int Device, DRV_PSI_CAPTURE_HANDLE handle, DRV_PSI_TABLE_CONTAINER * pTableContainer)
                                                                                            ^
component/dtv/service/src/mid/psi/mid_decapture.c:646:126: warning: unused parameter 'pTableContainer' [-Wunused-parameter]
 static void CHMID_PSI_DECAPTURE_OtherSDT_UpdateCallback(int Device, DRV_PSI_CAPTURE_HANDLE handle, DRV_PSI_TABLE_CONTAINER * pTableContainer)
                                                                                                                              ^
component/dtv/service/src/mid/psi/mid_decapture.c: In function 'CHMID_PSI_DECAPTURE_OtherSDT_CompleteCallback':
component/dtv/service/src/mid/psi/mid_decapture.c:651:94: warning: unused parameter 'handle' [-Wunused-parameter]
 static void CHMID_PSI_DECAPTURE_OtherSDT_CompleteCallback(int Device, DRV_PSI_CAPTURE_HANDLE handle, DRV_PSI_TABLE_CONTAINER * pTableContainer)
                                                                                              ^
component/dtv/service/src/mid/psi/mid_decapture.c:651:128: warning: unused parameter 'pTableContainer' [-Wunused-parameter]
 static void CHMID_PSI_DECAPTURE_OtherSDT_CompleteCallback(int Device, DRV_PSI_CAPTURE_HANDLE handle, DRV_PSI_TABLE_CONTAINER * pTableContainer)
                                                                                                                                ^
component/dtv/service/src/mid/psi/mid_decapture.c: In function 'CHMID_PSI_DECAPTURE_NIT_UpdateCallback':
component/dtv/service/src/mid/psi/mid_decapture.c:657:87: warning: unused parameter 'handle' [-Wunused-parameter]
 static void CHMID_PSI_DECAPTURE_NIT_UpdateCallback(int Device, DRV_PSI_CAPTURE_HANDLE handle, DRV_PSI_TABLE_CONTAINER * pTableContainer)
                                                                                       ^
component/dtv/service/src/mid/psi/mid_decapture.c:657:121: warning: unused parameter 'pTableContainer' [-Wunused-parameter]
 static void CHMID_PSI_DECAPTURE_NIT_UpdateCallback(int Device, DRV_PSI_CAPTURE_HANDLE handle, DRV_PSI_TABLE_CONTAINER * pTableContainer)
                                                                                                                         ^
component/dtv/service/src/mid/psi/mid_decapture.c: In function 'CHMID_PSI_DECAPTURE_NIT_CompleteCallback':
component/dtv/service/src/mid/psi/mid_decapture.c:663:89: warning: unused parameter 'handle' [-Wunused-parameter]
 static void CHMID_PSI_DECAPTURE_NIT_CompleteCallback(int Device, DRV_PSI_CAPTURE_HANDLE handle, DRV_PSI_TABLE_CONTAINER * pTableContainer)
                                                                                         ^
component/dtv/service/src/mid/psi/mid_decapture.c:663:123: warning: unused parameter 'pTableContainer' [-Wunused-parameter]
 static void CHMID_PSI_DECAPTURE_NIT_CompleteCallback(int Device, DRV_PSI_CAPTURE_HANDLE handle, DRV_PSI_TABLE_CONTAINER * pTableContainer)
                                                                                                                           ^
component/dtv/service/src/mid/psi/mid_decapture.c: In function 'CHMID_PSI_DECAPTURE_OtherNIT_UpdateCallback':
component/dtv/service/src/mid/psi/mid_decapture.c:669:92: warning: unused parameter 'handle' [-Wunused-parameter]
 static void CHMID_PSI_DECAPTURE_OtherNIT_UpdateCallback(int Device, DRV_PSI_CAPTURE_HANDLE handle, DRV_PSI_TABLE_CONTAINER * pTableContainer)
                                                                                            ^
component/dtv/service/src/mid/psi/mid_decapture.c: In function 'CHMID_PSI_DECAPTURE_OtherNIT_CompleteCallback':
component/dtv/service/src/mid/psi/mid_decapture.c:680:94: warning: unused parameter 'handle' [-Wunused-parameter]
 static void CHMID_PSI_DECAPTURE_OtherNIT_CompleteCallback(int Device, DRV_PSI_CAPTURE_HANDLE handle, DRV_PSI_TABLE_CONTAINER * pTableContainer)
                                                                                              ^
component/dtv/service/src/mid/psi/mid_decapture.c: In function 'CHMID_PSI_DECAPTURE_BAT_UpdateCallback':
component/dtv/service/src/mid/psi/mid_decapture.c:694:87: warning: unused parameter 'handle' [-Wunused-parameter]
 static void CHMID_PSI_DECAPTURE_BAT_UpdateCallback(int Device, DRV_PSI_CAPTURE_HANDLE handle, DRV_PSI_TABLE_CONTAINER * pTableContainer)
                                                                                       ^
component/dtv/service/src/mid/psi/mid_decapture.c: In function 'CHMID_PSI_DECAPTURE_BAT_CompleteCallback':
component/dtv/service/src/mid/psi/mid_decapture.c:706:89: warning: unused parameter 'handle' [-Wunused-parameter]
 static void CHMID_PSI_DECAPTURE_BAT_CompleteCallback(int Device, DRV_PSI_CAPTURE_HANDLE handle, DRV_PSI_TABLE_CONTAINER * pTableContainer)
                                                                                         ^
component/dtv/service/src/mid/psi/mid_decapture.c: In function 'CHMID_PSI_DECAPTURE_CAT_UpdateCallback':
component/dtv/service/src/mid/psi/mid_decapture.c:717:87: warning: unused parameter 'handle' [-Wunused-parameter]
 static void CHMID_PSI_DECAPTURE_CAT_UpdateCallback(int Device, DRV_PSI_CAPTURE_HANDLE handle, DRV_PSI_TABLE_CONTAINER * pTableContainer)
                                                                                       ^
component/dtv/service/src/mid/psi/mid_decapture.c:717:121: warning: unused parameter 'pTableContainer' [-Wunused-parameter]
 static void CHMID_PSI_DECAPTURE_CAT_UpdateCallback(int Device, DRV_PSI_CAPTURE_HANDLE handle, DRV_PSI_TABLE_CONTAINER * pTableContainer)
                                                                                                                         ^
component/dtv/service/src/mid/psi/mid_decapture.c: In function 'CHMID_PSI_DECAPTURE_CAT_CompleteCallback':
component/dtv/service/src/mid/psi/mid_decapture.c:723:89: warning: unused parameter 'handle' [-Wunused-parameter]
 static void CHMID_PSI_DECAPTURE_CAT_CompleteCallback(int Device, DRV_PSI_CAPTURE_HANDLE handle, DRV_PSI_TABLE_CONTAINER * pTableContainer)
                                                                                         ^
component/dtv/service/src/mid/psi/mid_decapture.c:723:123: warning: unused parameter 'pTableContainer' [-Wunused-parameter]
 static void CHMID_PSI_DECAPTURE_CAT_CompleteCallback(int Device, DRV_PSI_CAPTURE_HANDLE handle, DRV_PSI_TABLE_CONTAINER * pTableContainer)
                                                                                                                           ^
component/dtv/service/src/mid/psi/mid_decapture.c: In function 'CHMID_PSI_DECAPTURE_TDT_UpdateCallback':
component/dtv/service/src/mid/psi/mid_decapture.c:729:87: warning: unused parameter 'handle' [-Wunused-parameter]
 static void CHMID_PSI_DECAPTURE_TDT_UpdateCallback(int Device, DRV_PSI_CAPTURE_HANDLE handle, DRV_PSI_TABLE_CONTAINER * pTableContainer)
                                                                                       ^
component/dtv/service/src/mid/psi/mid_decapture.c:729:121: warning: unused parameter 'pTableContainer' [-Wunused-parameter]
 static void CHMID_PSI_DECAPTURE_TDT_UpdateCallback(int Device, DRV_PSI_CAPTURE_HANDLE handle, DRV_PSI_TABLE_CONTAINER * pTableContainer)
                                                                                                                         ^
component/dtv/service/src/mid/psi/mid_decapture.c: In function 'CHMID_PSI_DECAPTURE_TDT_CompleteCallback':
component/dtv/service/src/mid/psi/mid_decapture.c:735:89: warning: unused parameter 'handle' [-Wunused-parameter]
 static void CHMID_PSI_DECAPTURE_TDT_CompleteCallback(int Device, DRV_PSI_CAPTURE_HANDLE handle, DRV_PSI_TABLE_CONTAINER * pTableContainer)
                                                                                         ^
component/dtv/service/src/mid/psi/mid_decapture.c:735:123: warning: unused parameter 'pTableContainer' [-Wunused-parameter]
 static void CHMID_PSI_DECAPTURE_TDT_CompleteCallback(int Device, DRV_PSI_CAPTURE_HANDLE handle, DRV_PSI_TABLE_CONTAINER * pTableContainer)
                                                                                                                           ^
component/dtv/service/src/mid/psi/mid_decapture.c: In function 'CHMID_PSI_DECAPTURE_TOT_UpdateCallback':
component/dtv/service/src/mid/psi/mid_decapture.c:741:87: warning: unused parameter 'handle' [-Wunused-parameter]
 static void CHMID_PSI_DECAPTURE_TOT_UpdateCallback(int Device, DRV_PSI_CAPTURE_HANDLE handle, DRV_PSI_TABLE_CONTAINER * pTableContainer)
                                                                                       ^
component/dtv/service/src/mid/psi/mid_decapture.c:741:121: warning: unused parameter 'pTableContainer' [-Wunused-parameter]
 static void CHMID_PSI_DECAPTURE_TOT_UpdateCallback(int Device, DRV_PSI_CAPTURE_HANDLE handle, DRV_PSI_TABLE_CONTAINER * pTableContainer)
                                                                                                                         ^
component/dtv/service/src/mid/psi/mid_decapture.c: In function 'CHMID_PSI_DECAPTURE_TOT_CompleteCallback':
component/dtv/service/src/mid/psi/mid_decapture.c:746:89: warning: unused parameter 'handle' [-Wunused-parameter]
 static void CHMID_PSI_DECAPTURE_TOT_CompleteCallback(int Device, DRV_PSI_CAPTURE_HANDLE handle, DRV_PSI_TABLE_CONTAINER * pTableContainer)
                                                                                         ^
component/dtv/service/src/mid/psi/mid_decapture.c:746:123: warning: unused parameter 'pTableContainer' [-Wunused-parameter]
 static void CHMID_PSI_DECAPTURE_TOT_CompleteCallback(int Device, DRV_PSI_CAPTURE_HANDLE handle, DRV_PSI_TABLE_CONTAINER * pTableContainer)
                                                                                                                           ^
component/dtv/service/src/mid/psi/mid_decapture.c: In function 'CHMID_PSI_DECAPTURE_Start':
component/dtv/service/src/mid/psi/mid_decapture.c:786:21: warning: 'Result' may be used uninitialized in this function [-Wmaybe-uninitialized]
  CHMID_PSI_RESULT_e Result;
                     ^
component/dtv/service/src/mid/psi/mid_decapture.c: In function 'CHMID_PSI_DECAPTURE_Stop':
component/dtv/service/src/mid/psi/mid_decapture.c:865:21: warning: 'Result' may be used uninitialized in this function [-Wmaybe-uninitialized]
  CHMID_PSI_RESULT_e Result;
                     ^
