In file included from device/hisilicon/bigfish/HiSTBSDKV6R2/source/common/include/hi_debug.h:22:0,
                 from device/hisilicon/bigfish/HiSTBSDKV6R2/source/rootfs/pq_debug/../../common/api/flash/src/hi_flash.c:9:
device/hisilicon/bigfish/HiSTBSDKV6R2/source/common/include/hi_type.h:44:23: warning: ISO C90 does not support 'long long' [-Wlong-long]
 typedef unsigned long long      HI_U64;
                       ^
device/hisilicon/bigfish/HiSTBSDKV6R2/source/common/include/hi_type.h:45:14: warning: ISO C90 does not support 'long long' [-Wlong-long]
 typedef long long               HI_S64;
              ^
In file included from device/hisilicon/bigfish/HiSTBSDKV6R2/source/rootfs/pq_debug/../../common/api/flash/src/hi_flash.c:10:0:
device/hisilicon/bigfish/HiSTBSDKV6R2/source/common/include/hi_flash.h:87:43: warning: ISO C90 does not support 'long long' [-Wlong-long]
     int (*raw_read)(int fd, unsigned long long *startaddr, unsigned char *buffer,
                                           ^
device/hisilicon/bigfish/HiSTBSDKV6R2/source/common/include/hi_flash.h:88:45: warning: ISO C90 does not support 'long long' [-Wlong-long]
         unsigned long length, unsigned long long openaddr, unsigned long long limit_leng, int read_oob, int skip_badblock);
                                             ^
device/hisilicon/bigfish/HiSTBSDKV6R2/source/common/include/hi_flash.h:88:74: warning: ISO C90 does not support 'long long' [-Wlong-long]
         unsigned long length, unsigned long long openaddr, unsigned long long limit_leng, int read_oob, int skip_badblock);
                                                                          ^
device/hisilicon/bigfish/HiSTBSDKV6R2/source/common/include/hi_flash.h:89:44: warning: ISO C90 does not support 'long long' [-Wlong-long]
     int (*raw_write)(int fd, unsigned long long *startaddr, unsigned char *buffer,
                                            ^
device/hisilicon/bigfish/HiSTBSDKV6R2/source/common/include/hi_flash.h:90:45: warning: ISO C90 does not support 'long long' [-Wlong-long]
         unsigned long length, unsigned long long openaddr, unsigned long long limit_leng, int write_oob);
                                             ^
device/hisilicon/bigfish/HiSTBSDKV6R2/source/common/include/hi_flash.h:90:74: warning: ISO C90 does not support 'long long' [-Wlong-long]
         unsigned long length, unsigned long long openaddr, unsigned long long limit_leng, int write_oob);
                                                                          ^
device/hisilicon/bigfish/HiSTBSDKV6R2/source/common/include/hi_flash.h:91:10: warning: ISO C90 does not support 'long long' [-Wlong-long]
     long long (*raw_erase)(int fd, unsigned long long startaddr,
          ^
device/hisilicon/bigfish/HiSTBSDKV6R2/source/common/include/hi_flash.h:91:50: warning: ISO C90 does not support 'long long' [-Wlong-long]
     long long (*raw_erase)(int fd, unsigned long long startaddr,
                                                  ^
device/hisilicon/bigfish/HiSTBSDKV6R2/source/common/include/hi_flash.h:92:23: warning: ISO C90 does not support 'long long' [-Wlong-long]
         unsigned long long length, unsigned long long openaddr, unsigned long long limit_leng);
                       ^
device/hisilicon/bigfish/HiSTBSDKV6R2/source/common/include/hi_flash.h:92:50: warning: ISO C90 does not support 'long long' [-Wlong-long]
         unsigned long long length, unsigned long long openaddr, unsigned long long limit_leng);
                                                  ^
device/hisilicon/bigfish/HiSTBSDKV6R2/source/common/include/hi_flash.h:92:79: warning: ISO C90 does not support 'long long' [-Wlong-long]
         unsigned long long length, unsigned long long openaddr, unsigned long long limit_leng);
                                                                               ^
In file included from device/hisilicon/bigfish/HiSTBSDKV6R2/source/rootfs/pq_debug/../../common/api/flash/src/hi_flash.c:11:0:
device/hisilicon/bigfish/HiSTBSDKV6R2/source/common/api/flash/include/nand.h:27:18: warning: ISO C90 does not support 'long long' [-Wlong-long]
     typedef long long   __kernel_loff_t;
                  ^
device/hisilicon/bigfish/HiSTBSDKV6R2/source/common/api/flash/include/nand.h:134:33: warning: ISO C90 does not support 'long long' [-Wlong-long]
 char *int_to_size(unsigned long long size);
                                 ^
device/hisilicon/bigfish/HiSTBSDKV6R2/source/common/api/flash/include/nand.h:144:15: warning: ISO C90 does not support 'long long' [-Wlong-long]
 unsigned long long get_flash_total_size(HI_FLASH_TYPE_E FlashType);
               ^
In file included from device/hisilicon/bigfish/HiSTBSDKV6R2/source/rootfs/pq_debug/../../common/api/flash/src/hi_flash.c:12:0:
device/hisilicon/bigfish/HiSTBSDKV6R2/source/common/api/flash/include/spi_raw.h:13:40: warning: ISO C90 does not support 'long long' [-Wlong-long]
 int spi_raw_read(int fd, unsigned long long *startaddr, unsigned char *buffer,
                                        ^
device/hisilicon/bigfish/HiSTBSDKV6R2/source/common/api/flash/include/spi_raw.h:14:41: warning: ISO C90 does not support 'long long' [-Wlong-long]
     unsigned long length, unsigned long long openaddr, unsigned long long limit_leng, int read_oob, int skip_badblock);
                                         ^
device/hisilicon/bigfish/HiSTBSDKV6R2/source/common/api/flash/include/spi_raw.h:14:70: warning: ISO C90 does not support 'long long' [-Wlong-long]
     unsigned long length, unsigned long long openaddr, unsigned long long limit_leng, int read_oob, int skip_badblock);
                                                                      ^
device/hisilicon/bigfish/HiSTBSDKV6R2/source/common/api/flash/include/spi_raw.h:16:41: warning: ISO C90 does not support 'long long' [-Wlong-long]
 int spi_raw_write(int fd, unsigned long long *startaddr, unsigned char *buffer,
                                         ^
device/hisilicon/bigfish/HiSTBSDKV6R2/source/common/api/flash/include/spi_raw.h:17:41: warning: ISO C90 does not support 'long long' [-Wlong-long]
     unsigned long length, unsigned long long openaddr, unsigned long long limit_leng, int write_oob);
                                         ^
device/hisilicon/bigfish/HiSTBSDKV6R2/source/common/api/flash/include/spi_raw.h:17:70: warning: ISO C90 does not support 'long long' [-Wlong-long]
     unsigned long length, unsigned long long openaddr, unsigned long long limit_leng, int write_oob);
                                                                      ^
device/hisilicon/bigfish/HiSTBSDKV6R2/source/common/api/flash/include/spi_raw.h:19:6: warning: ISO C90 does not support 'long long' [-Wlong-long]
 long long spi_raw_erase(int fd, unsigned long long startaddr,
      ^
device/hisilicon/bigfish/HiSTBSDKV6R2/source/common/api/flash/include/spi_raw.h:19:47: warning: ISO C90 does not support 'long long' [-Wlong-long]
 long long spi_raw_erase(int fd, unsigned long long startaddr,
                                               ^
device/hisilicon/bigfish/HiSTBSDKV6R2/source/common/api/flash/include/spi_raw.h:20:19: warning: ISO C90 does not support 'long long' [-Wlong-long]
     unsigned long long length, unsigned long long openaddr, unsigned long long limit_leng);
                   ^
device/hisilicon/bigfish/HiSTBSDKV6R2/source/common/api/flash/include/spi_raw.h:20:46: warning: ISO C90 does not support 'long long' [-Wlong-long]
     unsigned long long length, unsigned long long openaddr, unsigned long long limit_leng);
                                              ^
device/hisilicon/bigfish/HiSTBSDKV6R2/source/common/api/flash/include/spi_raw.h:20:75: warning: ISO C90 does not support 'long long' [-Wlong-long]
     unsigned long long length, unsigned long long openaddr, unsigned long long limit_leng);
                                                                           ^
device/hisilicon/bigfish/HiSTBSDKV6R2/source/common/api/flash/include/spi_raw.h:22:15: warning: ISO C90 does not support 'long long' [-Wlong-long]
 unsigned long long spi_raw_get_start_addr(const char *dev_name, unsigned long blocksize, int *value_valid);
               ^
device/hisilicon/bigfish/HiSTBSDKV6R2/source/common/api/flash/include/spi_raw.h:24:37: warning: ISO C90 does not support 'long long' [-Wlong-long]
 void spi_raw_get_info(unsigned long long *totalsize, unsigned int *pagesize, unsigned int *blocksize,
                                     ^
In file included from device/hisilicon/bigfish/HiSTBSDKV6R2/source/rootfs/pq_debug/../../common/api/flash/src/hi_flash.c:13:0:
device/hisilicon/bigfish/HiSTBSDKV6R2/source/common/api/flash/include/nand_raw.h:30:41: warning: ISO C90 does not support 'long long' [-Wlong-long]
 int nand_raw_read(int fd, unsigned long long *startaddr, unsigned char *buffer,
                                         ^
device/hisilicon/bigfish/HiSTBSDKV6R2/source/common/api/flash/include/nand_raw.h:31:41: warning: ISO C90 does not support 'long long' [-Wlong-long]
     unsigned long length, unsigned long long openaddr, unsigned long long limit_leng, int read_oob, int skip_badblock);
                                         ^
device/hisilicon/bigfish/HiSTBSDKV6R2/source/common/api/flash/include/nand_raw.h:31:70: warning: ISO C90 does not support 'long long' [-Wlong-long]
     unsigned long length, unsigned long long openaddr, unsigned long long limit_leng, int read_oob, int skip_badblock);
                                                                      ^
device/hisilicon/bigfish/HiSTBSDKV6R2/source/common/api/flash/include/nand_raw.h:33:42: warning: ISO C90 does not support 'long long' [-Wlong-long]
 int nand_raw_write(int fd, unsigned long long *startaddr, unsigned char *buffer,
                                          ^
device/hisilicon/bigfish/HiSTBSDKV6R2/source/common/api/flash/include/nand_raw.h:34:41: warning: ISO C90 does not support 'long long' [-Wlong-long]
     unsigned long length, unsigned long long openaddr, unsigned long long limit_leng, int write_oob);
                                         ^
device/hisilicon/bigfish/HiSTBSDKV6R2/source/common/api/flash/include/nand_raw.h:34:70: warning: ISO C90 does not support 'long long' [-Wlong-long]
     unsigned long length, unsigned long long openaddr, unsigned long long limit_leng, int write_oob);
                                                                      ^
device/hisilicon/bigfish/HiSTBSDKV6R2/source/common/api/flash/include/nand_raw.h:36:6: warning: ISO C90 does not support 'long long' [-Wlong-long]
 long long nand_raw_erase(int fd, unsigned long long startaddr,
      ^
device/hisilicon/bigfish/HiSTBSDKV6R2/source/common/api/flash/include/nand_raw.h:36:48: warning: ISO C90 does not support 'long long' [-Wlong-long]
 long long nand_raw_erase(int fd, unsigned long long startaddr,
                                                ^
device/hisilicon/bigfish/HiSTBSDKV6R2/source/common/api/flash/include/nand_raw.h:37:19: warning: ISO C90 does not support 'long long' [-Wlong-long]
     unsigned long long length, unsigned long long openaddr, unsigned long long limit_leng);
                   ^
device/hisilicon/bigfish/HiSTBSDKV6R2/source/common/api/flash/include/nand_raw.h:37:46: warning: ISO C90 does not support 'long long' [-Wlong-long]
     unsigned long long length, unsigned long long openaddr, unsigned long long limit_leng);
                                              ^
device/hisilicon/bigfish/HiSTBSDKV6R2/source/common/api/flash/include/nand_raw.h:37:75: warning: ISO C90 does not support 'long long' [-Wlong-long]
     unsigned long long length, unsigned long long openaddr, unsigned long long limit_leng);
                                                                           ^
device/hisilicon/bigfish/HiSTBSDKV6R2/source/common/api/flash/include/nand_raw.h:39:40: warning: ISO C90 does not support 'long long' [-Wlong-long]
 int nand_raw_force_erase(unsigned long long offset);
                                        ^
device/hisilicon/bigfish/HiSTBSDKV6R2/source/common/api/flash/include/nand_raw.h:41:38: warning: ISO C90 does not support 'long long' [-Wlong-long]
 int nand_mark_badblock(unsigned long long offset, unsigned long long length);
                                      ^
device/hisilicon/bigfish/HiSTBSDKV6R2/source/common/api/flash/include/nand_raw.h:41:65: warning: ISO C90 does not support 'long long' [-Wlong-long]
 int nand_mark_badblock(unsigned long long offset, unsigned long long length);
                                                                 ^
device/hisilicon/bigfish/HiSTBSDKV6R2/source/common/api/flash/include/nand_raw.h:43:38: warning: ISO C90 does not support 'long long' [-Wlong-long]
 int nand_show_badblock(unsigned long long offset, unsigned long long length);
                                      ^
device/hisilicon/bigfish/HiSTBSDKV6R2/source/common/api/flash/include/nand_raw.h:43:65: warning: ISO C90 does not support 'long long' [-Wlong-long]
 int nand_show_badblock(unsigned long long offset, unsigned long long length);
                                                                 ^
device/hisilicon/bigfish/HiSTBSDKV6R2/source/common/api/flash/include/nand_raw.h:51:15: warning: ISO C90 does not support 'long long' [-Wlong-long]
 unsigned long long nand_raw_get_start_addr(const char *dev_name, unsigned long blocksize, int *value_valid);
               ^
device/hisilicon/bigfish/HiSTBSDKV6R2/source/common/api/flash/include/nand_raw.h:53:38: warning: ISO C90 does not support 'long long' [-Wlong-long]
 void nand_raw_get_info(unsigned long long *totalsize, unsigned int *pagesize, unsigned int *blocksize,
                                      ^
device/hisilicon/bigfish/HiSTBSDKV6R2/source/common/api/flash/include/nand_raw.h:56:48: warning: ISO C90 does not support 'long long' [-Wlong-long]
 int  nand_raw_get_physical_index(unsigned long long startaddr, int *blockindex, int blocksize);
                                                ^
device/hisilicon/bigfish/HiSTBSDKV6R2/source/rootfs/pq_debug/../../common/api/flash/src/hi_flash.c: In function 'Compensate_Nand_Address':
device/hisilicon/bigfish/HiSTBSDKV6R2/source/rootfs/pq_debug/../../common/api/flash/src/hi_flash.c:1050:34: warning: ISO C90 does not support 'long long' [-Wlong-long]
     *StartAddr += (unsigned long long)((HI_U32)idx << BlockShift);
                                  ^
device/hisilicon/bigfish/HiSTBSDKV6R2/source/rootfs/pq_debug/../../common/api/flash/src/hi_flash.c: In function 'HI_Flash_Erase':
device/hisilicon/bigfish/HiSTBSDKV6R2/source/rootfs/pq_debug/../../common/api/flash/src/hi_flash.c:1116:108: warning: ISO C90 does not support 'long long' [-Wlong-long]
     ret = (HI_S32)gFlashInfo[hFlash].pFlashopt->raw_erase((int)(long)gFlashInfo[hFlash].fd, (unsigned long long)StartAddr, u64Len, gFlashInfo[hFlash].OpenAddr, LimitLeng);
                                                                                                            ^
device/hisilicon/bigfish/HiSTBSDKV6R2/source/rootfs/pq_debug/../../common/api/flash/src/hi_flash.c: In function 'HI_Flash_Erase64':
device/hisilicon/bigfish/HiSTBSDKV6R2/source/rootfs/pq_debug/../../common/api/flash/src/hi_flash.c:1172:108: warning: ISO C90 does not support 'long long' [-Wlong-long]
     ret = (HI_S64)gFlashInfo[hFlash].pFlashopt->raw_erase((int)(long)gFlashInfo[hFlash].fd, (unsigned long long)StartAddr, u64Len, gFlashInfo[hFlash].OpenAddr, LimitLeng);
                                                                                                            ^
device/hisilicon/bigfish/HiSTBSDKV6R2/source/rootfs/pq_debug/../../common/api/flash/src/hi_flash.c: In function 'HI_Flash_Read':
device/hisilicon/bigfish/HiSTBSDKV6R2/source/rootfs/pq_debug/../../common/api/flash/src/hi_flash.c:1264:99: warning: ISO C90 does not support 'long long' [-Wlong-long]
     ret = gFlashInfo[hFlash].pFlashopt->raw_read((int)(long)gFlashInfo[hFlash].fd, (unsigned long long *)&StartAddr, pBuf, u32Len, gFlashInfo[hFlash].OpenAddr, LimitLeng, wtihoob, 1);
                                                                                                   ^
device/hisilicon/bigfish/HiSTBSDKV6R2/source/rootfs/pq_debug/../../common/api/flash/src/hi_flash.c: In function 'HI_Flash_Write':
device/hisilicon/bigfish/HiSTBSDKV6R2/source/rootfs/pq_debug/../../common/api/flash/src/hi_flash.c:1402:99: warning: ISO C90 does not support 'long long' [-Wlong-long]
         ret = gFlashInfo[hFlash].pFlashopt->raw_erase((long)gFlashInfo[hFlash].fd, (unsigned long long)StartAddr, (unsigned long long)u32EraseLen, gFlashInfo[hFlash].OpenAddr, LimitLeng);
                                                                                                   ^
device/hisilicon/bigfish/HiSTBSDKV6R2/source/rootfs/pq_debug/../../common/api/flash/src/hi_flash.c:1402:130: warning: ISO C90 does not support 'long long' [-Wlong-long]
         ret = gFlashInfo[hFlash].pFlashopt->raw_erase((long)gFlashInfo[hFlash].fd, (unsigned long long)StartAddr, (unsigned long long)u32EraseLen, gFlashInfo[hFlash].OpenAddr, LimitLeng);
                                                                                                                                  ^
