platform/android/external/fio/client.c: In function 'send_client_cmd_line':
platform/android/external/fio/client.c:528:14: warning: pointer of type 'void *' used in arithmetic [-Wpointer-arith]
   cslp = pdu + offset;
              ^
platform/android/external/fio/client.c: In function 'fio_clients_send_ini':
platform/android/external/fio/client.c:693:18: warning: comparison between signed and unsigned integer expressions [-Wsign-compare]
    for (i = 0; i < client->nr_ini_file; i++) {
                  ^
platform/android/external/fio/client.c: In function 'convert_iolog_gz':
platform/android/external/fio/client.c:1160:19: warning: pointer of type 'void *' used in arithmetic [-Wpointer-arith]
  p = (void *) ret + sizeof(*pdu);
                   ^
platform/android/external/fio/client.c:1163:32: warning: pointer of type 'void *' used in arithmetic [-Wpointer-arith]
  stream.next_in = (void *) pdu + sizeof(*pdu);
                                ^
platform/android/external/fio/client.c:1184:5: warning: pointer of type 'void *' used in arithmetic [-Wpointer-arith]
   p += this_len;
     ^
platform/android/external/fio/client.c: In function 'convert_iolog':
platform/android/external/fio/client.c:1228:16: warning: comparison between signed and unsigned integer expressions [-Wsign-compare]
  for (i = 0; i < ret->nr_samples; i++) {
                ^
